Problem:                                baa99_m
First Stage Rows:                       1
First Stage Columns:                    2
First Stage Non-zeros:                  0
Number of replications:                 30
Status:                                 COMPROMISE SOLUTION
Total Objective Function Upper Bound:   -286.176,[-291.610076,-280.741883],half-width:5.434, stdev:2.772
Total Objective Function Lower Bound:   -291.194,[-296.819639,-285.568063],half-width:5.626, stdev:2.870

First Stage Solutions:
   No.   Row name   Activity      Lower bound   Upper bound   Dual          Dual STDEV
------ ------------ ------------- ------------- ------------- ------------- -------------
     0 obj          -2.861760e+02 

   No. Column name  Activity      Lower bound   Upper bound   Reduced Cost  RC STDEV
------ ------------ ------------- ------------- ------------- ------------- -------------
     1 x1            1.226712e+02  0.000000e+00  2.170000e+02  0.000000e+00  0.000000e+00 
     2 x2            1.550037e+02  0.000000e+00  2.170000e+02  0.000000e+00  0.000000e+00 


Problem:                                baa99_m
First Stage Rows:                       1
First Stage Columns:                    2
First Stage Non-zeros:                  0
Number of replications:                 30
Status:                                 MEAN SOLUTION
Total Objective Function Upper Bound:   -286.175,[-291.608709,-280.740852],half-width:5.434, stdev:2.772
Total Objective Function Lower Bound:   -291.194,[-296.819639,-285.568063],half-width:5.626, stdev:2.870

First Stage Solutions:
   No.   Row name   Activity      Lower bound   Upper bound   Dual          Dual STDEV
------ ------------ ------------- ------------- ------------- ------------- -------------
     0 obj          -2.861748e+02 

   No. Column name  Activity      Lower bound   Upper bound   Reduced Cost  RC STDEV
------ ------------ ------------- ------------- ------------- ------------- -------------
     1 x1            1.226752e+02  0.000000e+00  2.170000e+02  0.000000e+00  0.000000e+00 
     2 x2            1.549730e+02  0.000000e+00  2.170000e+02  0.000000e+00  0.000000e+00 


