124.790525
150.916259

124.722598
151.799186

124.781678
157.808676

119.056579
158.881543

118.994451
148.148355

114.067113
158.636106

119.321065
157.488684

124.878600
147.821776

119.574390
161.713287

124.589527
147.737064

124.859727
143.712980

119.140427
165.360346

119.867702
159.723970

122.991551
140.144336

124.727515
151.605031

124.747636
160.084588

124.664774
159.570769

124.790525
150.916259

130.611658
156.262161

109.121872
161.445522

130.106149
160.125177

119.661948
160.545284

124.774340
158.674473

130.502934
154.340211

124.792547
151.148264

121.777848
163.930508

124.762696
151.460626

114.072260
155.808818

119.228461
147.595425

130.277088
155.783881

