Iter 	incumb_est 	candid_est 	error
1 	-0.000000 	-2.350000 	-10870097072.880251
2 	0.325000 	0.075000 	0.769231
3 	0.233333 	0.233333 	0.000000
4 	0.387319 	-0.237500 	1.613190
5 	0.309638 	0.068514 	0.778727
6 	0.533152 	0.475000 	0.109073
7 	0.543064 	0.542857 	0.000381
8 	0.562319 	0.492500 	0.124162
9 	0.499718 	0.467094 	0.065285
10 	0.486154 	0.429091 	0.117376
11 	0.412397 	0.359091 	0.129259
12 	0.349621 	0.300306 	0.141054
13 	0.424126 	0.415385 	0.020610
14 	0.454545 	0.387500 	0.147500
15 	0.486061 	0.470208 	0.032614
16 	0.440625 	0.434375 	0.014184
17 	0.436898 	0.431618 	0.012087
18 	0.413131 	0.396032 	0.041390
19 	0.427512 	0.427193 	0.000746
20 	0.406667 	0.397500 	0.022541
21 	0.370635 	0.362815 	0.021099
22 	0.421212 	0.420817 	0.000938
23 	0.486232 	0.460870 	0.052161
24 	0.479167 	0.462500 	0.034783
25 	0.446000 	0.442890 	0.006972
26 	0.512821 	0.512821 	-0.000000
27 	0.551852 	0.551852 	-0.000000
28 	0.536310 	0.524643 	0.021754
29 	0.514943 	0.513103 	0.003571
30 	0.517333 	0.495945 	0.041342
31 	0.571505 	0.570753 	0.001317
32 	0.594792 	0.548477 	0.077867
33 	0.616667 	0.606061 	0.017199
34 	0.616667 	0.588235 	0.046105
35 	0.633810 	0.624857 	0.014125
36 	0.606481 	0.605139 	0.002214
37 	0.619932 	0.618919 	0.001635
38 	0.598289 	0.597895 	0.000660
39 	0.593462 	0.553037 	0.068117
40 	0.571687 	0.534176 	0.065616
41 	0.589756 	0.582176 	0.012852
42 	0.569107 	0.567100 	0.003528
43 	0.603837 	0.603488 	0.000578
44 	0.626136 	0.621060 	0.008108
45 	0.605556 	0.600857 	0.007758
46 	0.642391 	0.640217 	0.003384
47 	0.622340 	0.621789 	0.000886
48 	0.613542 	0.613542 	0.000000
49 	0.610204 	0.603247 	0.011402
50 	0.592000 	0.590846 	0.001949
51 	0.592157 	0.592157 	0.000000
52 	0.589423 	0.583560 	0.009946
53 	0.580283 	0.574558 	0.009866
54 	0.584259 	0.581714 	0.004357
55 	0.590909 	0.572581 	0.031017
56 	0.584821 	0.583310 	0.002584
57 	0.595614 	0.582861 	0.021412
58 	0.585345 	0.584052 	0.002209
59 	0.596610 	0.586199 	0.017451
60 	0.610000 	0.603929 	0.009953
61 	0.595082 	0.591488 	0.006039
62 	0.612097 	0.611413 	0.001118
63 	0.605556 	0.600144 	0.008936
64 	0.609375 	0.606875 	0.004103
65 	0.595385 	0.594082 	0.002188
66 	0.592424 	0.592172 	0.000426
67 	0.581343 	0.579811 	0.002635
68 	0.581618 	0.578409 	0.005517
69 	0.583406 	0.571531 	0.020355
70 	0.584286 	0.583383 	0.001545
71 	0.585211 	0.575870 	0.015963
72 	0.585417 	0.583974 	0.002464
73 	0.573288 	0.573177 	0.000194
74 	0.595946 	0.595946 	-0.000000
75 	0.586667 	0.585725 	0.001604
76 	0.578947 	0.578947 	0.000000
77 	0.571429 	0.569137 	0.004011
78 	0.562821 	0.561237 	0.002814
79 	0.577215 	0.567612 	0.016636
80 	0.566250 	0.564700 	0.002737
81 	0.577160 	0.577160 	0.000000
82 	0.576829 	0.572118 	0.008168
83 	0.581928 	0.574096 	0.013458
84 	0.573869 	0.571843 	0.003531
85 	0.587059 	0.583575 	0.005934
86 	0.576744 	0.575703 	0.001805
87 	0.582184 	0.582184 	0.000000
88 	0.590909 	0.582386 	0.014423
89 	0.591573 	0.586236 	0.009022
90 	0.581667 	0.580958 	0.001219
91 	0.595604 	0.595604 	-0.000000
92 	0.603261 	0.599649 	0.005987
93 	0.596237 	0.594441 	0.003012
94 	0.590426 	0.587608 	0.004772
95 	0.596316 	0.592977 	0.005599
96 	0.586979 	0.586737 	0.000413
97 	0.592268 	0.592268 	-0.000000
98 	0.587755 	0.585459 	0.003906
99 	0.583838 	0.583081 	0.001298
100 	0.583000 	0.579364 	0.006237
101 	0.576238 	0.575073 	0.002021
102 	0.569608 	0.568989 	0.001087
103 	0.563107 	0.561508 	0.002840
104 	0.558654 	0.557780 	0.001565
105 	0.551905 	0.550619 	0.002330
106 	0.555660 	0.554300 	0.002448
107 	0.550935 	0.547856 	0.005588
108 	0.543056 	0.542836 	0.000405
109 	0.552294 	0.552294 	-0.000000
110 	0.557273 	0.554968 	0.004136
111 	0.552703 	0.549921 	0.005034
112 	0.553571 	0.548640 	0.008908
113 	0.560177 	0.554918 	0.009388
114 	0.553509 	0.552937 	0.001034
115 	0.563913 	0.557826 	0.010794
116 	0.556466 	0.556147 	0.000573
117 	0.571795 	0.571795 	-0.000000
118 	0.573729 	0.571125 	0.004539
119 	0.568908 	0.566891 	0.003545
120 	0.576250 	0.574580 	0.002898
121 	0.580579 	0.572084 	0.014631
122 	0.573361 	0.572616 	0.001299
123 	0.586585 	0.586585 	-0.000000
124 	0.584677 	0.582581 	0.003586
125 	0.591200 	0.587892 	0.005595
126 	0.584127 	0.584015 	0.000192
127 	0.596063 	0.596063 	0.000000
128 	0.595312 	0.592563 	0.004619
129 	0.600000 	0.597951 	0.003415
130 	0.594615 	0.593538 	0.001811
131 	0.593130 	0.591302 	0.003082
132 	0.598864 	0.591015 	0.013106
133 	0.603759 	0.601414 	0.003885
134 	0.598134 	0.597379 	0.001262
135 	0.598889 	0.596550 	0.003906
136 	0.599265 	0.594557 	0.007855
137 	0.602920 	0.601432 	0.002468
138 	0.607246 	0.600644 	0.010873
139 	0.610791 	0.609957 	0.001367
140 	0.608929 	0.606755 	0.003570
141 	0.613121 	0.612709 	0.000672
142 	0.612324 	0.609581 	0.004480
143 	0.611538 	0.611047 	0.000804
144 	0.615972 	0.612925 	0.004947
145 	0.619655 	0.619435 	0.000356
146 	0.614726 	0.613795 	0.001515
147 	0.611565 	0.611286 	0.000455
148 	0.617905 	0.615287 	0.004237
149 	0.620470 	0.620361 	0.000175
150 	0.616000 	0.614750 	0.002029
151 	0.615232 	0.615082 	0.000243
152 	0.619408 	0.616446 	0.004783
153 	0.621895 	0.621848 	0.000076
154 	0.618831 	0.616475 	0.003808
155 	0.614839 	0.614765 	0.000120
156 	0.616346 	0.613852 	0.004047
157 	0.611783 	0.611682 	0.000166
158 	0.613608 	0.611592 	0.003284
159 	0.610063 	0.609934 	0.000211
160 	0.608437 	0.606342 	0.003444
161 	0.610559 	0.610509 	0.000082
162 	0.614506 	0.612354 	0.003502
163 	0.615951 	0.615940 	0.000018
164 	0.612805 	0.610725 	0.003395
165 	0.616061 	0.616061 	-0.000000
166 	0.618976 	0.618973 	0.000004
167 	0.622750 	0.622740 	0.000015
168 	0.626169 	0.626148 	0.000034
169 	0.625092 	0.625054 	0.000060
170 	0.620542 	0.620533 	0.000015
171 	0.623016 	0.622996 	0.000033
172 	0.620793 	0.620757 	0.000058
173 	0.623195 	0.623140 	0.000089
174 	0.619091 	0.619072 	0.000032
175 	0.622045 	0.622011 	0.000056
176 	0.620602 	0.620593 	0.000014
177 	0.620970 	0.620951 	0.000031
178 	0.623283 	0.623249 	0.000054
179 	0.620498 	0.620490 	0.000013
180 	0.616389 	0.616389 	0.000000
181 	0.612325 	0.612317 	0.000013
182 	0.613817 	0.613815 	0.000003
183 	0.616940 	0.616940 	0.000000
184 	0.623561 	0.623560 	0.000003
185 	0.620620 	0.620618 	0.000003
186 	0.620161 	0.620161 	0.000000
187 	0.622916 	0.622915 	0.000002
188 	0.619759 	0.619758 	0.000002
189 	0.621693 	0.621693 	0.000000
190 	0.626765 	0.626764 	0.000002
191 	0.624684 	0.624683 	0.000002
192 	0.628906 	0.628906 	0.000000
193 	0.633862 	0.633861 	0.000002
194 	0.632578 	0.632575 	0.000006
195 	0.634637 	0.634629 	0.000013
196 	0.637177 	0.637162 	0.000023
197 	0.633335 	0.633331 	0.000006
198 	0.630539 	0.629905 	0.001005
199 	0.628309 	0.628308 	0.000001
200 	0.630066 	0.629463 	0.000957
201 	0.629604 	0.629597 	0.000010
202 	0.632822 	0.632362 	0.000727
203 	0.632597 	0.632581 	0.000025
204 	0.631358 	0.631011 	0.000549
205 	0.629677 	0.629668 	0.000014
206 	0.630406 	0.630073 	0.000528
207 	0.634303 	0.634285 	0.000028
208 	0.640051 	0.639801 	0.000390
209 	0.638123 	0.638094 	0.000045
210 	0.639273 	0.639089 	0.000288
211 	0.641396 	0.641357 	0.000061
212 	0.643464 	0.643330 	0.000208
213 	0.641320 	0.641292 	0.000044
214 	0.645939 	0.645808 	0.000203
215 	0.644268 	0.644248 	0.000031
216 	0.641190 	0.641023 	0.000261
217 	0.638406 	0.638393 	0.000021
218 	0.636073 	0.635949 	0.000196
219 	0.641101 	0.641081 	0.000031
220 	0.637639 	0.637518 	0.000189
221 	0.638541 	0.638528 	0.000022
222 	0.635572 	0.635456 	0.000183
223 	0.633786 	0.633776 	0.000015
224 	0.637339 	0.637252 	0.000136
225 	0.635783 	0.635769 	0.000021
226 	0.639296 	0.639232 	0.000099
227 	0.635981 	0.635971 	0.000015
228 	0.633540 	0.633459 	0.000128
229 	0.634210 	0.634204 	0.000010
230 	0.636148 	0.636087 	0.000095
231 	0.634202 	0.634198 	0.000007
232 	0.638925 	0.638866 	0.000092
233 	0.642780 	0.642773 	0.000010
234 	0.640372 	0.640315 	0.000088
235 	0.638867 	0.638866 	0.000002
236 	0.641173 	0.641171 	0.000004
237 	0.642401 	0.642352 	0.000078
238 	0.641107 	0.641106 	0.000002
239 	0.643581 	0.643533 	0.000074
240 	0.641459 	0.641457 	0.000004
241 	0.640591 	0.640555 	0.000056
242 	0.638913 	0.638909 	0.000006
243 	0.638063 	0.638036 	0.000042
244 	0.641122 	0.641116 	0.000009
245 	0.642106 	0.642087 	0.000030
246 	0.644717 	0.644710 	0.000011
247 	0.644464 	0.644451 	0.000021
248 	0.646239 	0.646230 	0.000014
249 	0.644174 	0.644160 	0.000021
250 	0.642935 	0.642931 	0.000006
251 	0.641298 	0.641280 	0.000028
252 	0.639485 	0.639483 	0.000004
253 	0.641236 	0.641222 	0.000021
254 	0.646721 	0.646717 	0.000006
255 	0.647645 	0.647635 	0.000015
256 	0.647593 	0.647588 	0.000007
257 	0.647728 	0.647721 	0.000010
258 	0.650583 	0.650578 	0.000009
259 	0.649741 	0.649736 	0.000007
260 	0.648720 	0.648714 	0.000010
261 	0.647316 	0.647313 	0.000005
