Iter	 Iter_time	 Master	 Subprob	 Full_Test	 argmax	Iter_acc	 Master_acc	 Subprob_acc	 Full_Test_acc	 argmax_acc
1	 0.000869	 0.000638	 0.000114	 0.000000	 0.000067	0.000869	 0.000638	 0.000114	 0.000000	 0.000067
2	 0.004239	 0.003820	 0.000257	 0.000000	 0.000077	0.005108	 0.004458	 0.000371	 0.000000	 0.000144
3	 0.003490	 0.003397	 0.000044	 0.000000	 0.000019	0.008598	 0.007855	 0.000415	 0.000000	 0.000163
4	 0.003783	 0.003690	 0.000052	 0.000000	 0.000016	0.012381	 0.011545	 0.000467	 0.000000	 0.000179
5	 0.003241	 0.003083	 0.000080	 0.000000	 0.000039	0.015622	 0.014628	 0.000547	 0.000000	 0.000218
6	 0.003412	 0.003251	 0.000070	 0.000000	 0.000052	0.019034	 0.017879	 0.000617	 0.000000	 0.000270
7	 0.003940	 0.003736	 0.000109	 0.000000	 0.000050	0.022974	 0.021615	 0.000726	 0.000000	 0.000320
8	 0.003648	 0.003539	 0.000057	 0.000000	 0.000023	0.026622	 0.025154	 0.000783	 0.000000	 0.000343
9	 0.003916	 0.003749	 0.000092	 0.000000	 0.000038	0.030538	 0.028903	 0.000875	 0.000000	 0.000381
10	 0.003717	 0.003583	 0.000070	 0.000000	 0.000027	0.034255	 0.032486	 0.000945	 0.000000	 0.000408
11	 0.004079	 0.003913	 0.000090	 0.000000	 0.000041	0.038334	 0.036399	 0.001035	 0.000000	 0.000449
12	 0.004395	 0.004234	 0.000066	 0.000000	 0.000054	0.042729	 0.040633	 0.001101	 0.000000	 0.000503
13	 0.004017	 0.003822	 0.000102	 0.000000	 0.000044	0.046746	 0.044455	 0.001203	 0.000000	 0.000547
14	 0.004207	 0.004102	 0.000044	 0.000000	 0.000025	0.050953	 0.048557	 0.001247	 0.000000	 0.000572
15	 0.004148	 0.003958	 0.000104	 0.000000	 0.000044	0.055101	 0.052515	 0.001351	 0.000000	 0.000616
16	 0.004130	 0.003968	 0.000091	 0.000000	 0.000031	0.059231	 0.056483	 0.001442	 0.000000	 0.000647
17	 0.004203	 0.004030	 0.000079	 0.000000	 0.000055	0.063434	 0.060513	 0.001521	 0.000000	 0.000702
18	 0.005441	 0.005310	 0.000070	 0.000000	 0.000030	0.068875	 0.065823	 0.001591	 0.000000	 0.000732
19	 0.004385	 0.004209	 0.000092	 0.000000	 0.000047	0.073260	 0.070032	 0.001683	 0.000000	 0.000779
20	 0.003656	 0.003530	 0.000061	 0.000000	 0.000032	0.076916	 0.073562	 0.001744	 0.000000	 0.000811
21	 0.004681	 0.004487	 0.000107	 0.000000	 0.000047	0.081597	 0.078049	 0.001851	 0.000000	 0.000858
22	 0.004512	 0.004385	 0.000066	 0.000000	 0.000027	0.086109	 0.082434	 0.001917	 0.000000	 0.000885
23	 0.004169	 0.004004	 0.000085	 0.000000	 0.000041	0.090278	 0.086438	 0.002002	 0.000000	 0.000926
24	 0.003777	 0.003633	 0.000078	 0.000000	 0.000028	0.094055	 0.090071	 0.002080	 0.000000	 0.000954
25	 0.004311	 0.004102	 0.000117	 0.000000	 0.000047	0.098366	 0.094173	 0.002197	 0.000000	 0.001001
26	 0.004825	 0.004687	 0.000075	 0.000000	 0.000029	0.103191	 0.098860	 0.002272	 0.000000	 0.001030
27	 0.003686	 0.003470	 0.000116	 0.000000	 0.000059	0.106877	 0.102330	 0.002388	 0.000000	 0.001089
28	 0.004252	 0.004121	 0.000051	 0.000000	 0.000038	0.111129	 0.106451	 0.002439	 0.000000	 0.001127
29	 0.004169	 0.003979	 0.000108	 0.000000	 0.000046	0.115298	 0.110430	 0.002547	 0.000000	 0.001173
30	 0.004507	 0.004367	 0.000061	 0.000000	 0.000045	0.119805	 0.114797	 0.002608	 0.000000	 0.001218
31	 0.004313	 0.004129	 0.000097	 0.000000	 0.000048	0.124118	 0.118926	 0.002705	 0.000000	 0.001266
32	 0.004241	 0.004136	 0.000040	 0.000000	 0.000031	0.128359	 0.123062	 0.002745	 0.000000	 0.001297
33	 0.004423	 0.004217	 0.000109	 0.000000	 0.000052	0.132782	 0.127279	 0.002854	 0.000000	 0.001349
34	 0.004053	 0.003910	 0.000061	 0.000000	 0.000040	0.136835	 0.131189	 0.002915	 0.000000	 0.001389
35	 0.004964	 0.004724	 0.000103	 0.000000	 0.000078	0.141799	 0.135913	 0.003018	 0.000000	 0.001467
36	 0.003599	 0.003476	 0.000049	 0.000000	 0.000034	0.145398	 0.139389	 0.003067	 0.000000	 0.001501
37	 0.004336	 0.004065	 0.000149	 0.000000	 0.000075	0.149734	 0.143454	 0.003216	 0.000000	 0.001576
38	 0.003593	 0.003473	 0.000055	 0.000000	 0.000030	0.153327	 0.146927	 0.003271	 0.000000	 0.001606
39	 0.003781	 0.003609	 0.000091	 0.000000	 0.000050	0.157108	 0.150536	 0.003362	 0.000000	 0.001656
40	 0.003994	 0.003887	 0.000053	 0.000000	 0.000026	0.161102	 0.154423	 0.003415	 0.000000	 0.001682
41	 0.003341	 0.003173	 0.000089	 0.000000	 0.000050	0.164443	 0.157596	 0.003504	 0.000000	 0.001732
42	 0.003631	 0.003528	 0.000050	 0.000000	 0.000027	0.168074	 0.161124	 0.003554	 0.000000	 0.001759
43	 0.003466	 0.003311	 0.000076	 0.000000	 0.000048	0.171540	 0.164435	 0.003630	 0.000000	 0.001807
44	 0.003457	 0.003355	 0.000047	 0.000000	 0.000029	0.174997	 0.167790	 0.003677	 0.000000	 0.001836
45	 0.003660	 0.003523	 0.000061	 0.000000	 0.000047	0.178657	 0.171313	 0.003738	 0.000000	 0.001883
46	 0.003515	 0.003416	 0.000047	 0.000000	 0.000026	0.182172	 0.174729	 0.003785	 0.000000	 0.001909
47	 0.004136	 0.003986	 0.000074	 0.000000	 0.000048	0.186308	 0.178715	 0.003859	 0.000000	 0.001957
48	 0.003235	 0.003132	 0.000047	 0.000000	 0.000027	0.189543	 0.181847	 0.003906	 0.000000	 0.001984
49	 0.003850	 0.003697	 0.000074	 0.000000	 0.000049	0.193393	 0.185544	 0.003980	 0.000000	 0.002033
50	 0.003731	 0.003626	 0.000051	 0.000000	 0.000029	0.197124	 0.189170	 0.004031	 0.000000	 0.002062
51	 0.003862	 0.003697	 0.000076	 0.000000	 0.000049	0.200986	 0.192867	 0.004107	 0.000000	 0.002111
52	 0.003752	 0.003668	 0.000032	 0.000000	 0.000026	0.204738	 0.196535	 0.004139	 0.000000	 0.002137
53	 0.003574	 0.003439	 0.000058	 0.000000	 0.000049	0.208312	 0.199974	 0.004197	 0.000000	 0.002186
54	 0.004022	 0.003918	 0.000051	 0.000000	 0.000029	0.212334	 0.203892	 0.004248	 0.000000	 0.002215
55	 0.003486	 0.003323	 0.000081	 0.000000	 0.000052	0.215820	 0.207215	 0.004329	 0.000000	 0.002267
56	 0.003109	 0.003022	 0.000034	 0.000000	 0.000029	0.218929	 0.210237	 0.004363	 0.000000	 0.002296
57	 0.004284	 0.004120	 0.000082	 0.000000	 0.000051	0.223213	 0.214357	 0.004445	 0.000000	 0.002347
58	 0.003969	 0.003870	 0.000042	 0.000000	 0.000028	0.227182	 0.218227	 0.004487	 0.000000	 0.002375
59	 0.003316	 0.003158	 0.000073	 0.000000	 0.000049	0.230498	 0.221385	 0.004560	 0.000000	 0.002424
60	 0.003618	 0.003509	 0.000053	 0.000000	 0.000029	0.234116	 0.224894	 0.004613	 0.000000	 0.002453
61	 0.004261	 0.004098	 0.000081	 0.000000	 0.000054	0.238377	 0.228992	 0.004694	 0.000000	 0.002507
62	 0.004158	 0.004057	 0.000047	 0.000000	 0.000028	0.242535	 0.233049	 0.004741	 0.000000	 0.002535
63	 0.003641	 0.003497	 0.000060	 0.000000	 0.000053	0.246176	 0.236546	 0.004801	 0.000000	 0.002588
64	 0.004079	 0.003993	 0.000033	 0.000000	 0.000029	0.250255	 0.240539	 0.004834	 0.000000	 0.002617
65	 0.003842	 0.003701	 0.000056	 0.000000	 0.000053	0.254097	 0.244240	 0.004890	 0.000000	 0.002670
66	 0.003172	 0.003088	 0.000032	 0.000000	 0.000029	0.257269	 0.247328	 0.004922	 0.000000	 0.002699
67	 0.003678	 0.003537	 0.000057	 0.000000	 0.000055	0.260947	 0.250865	 0.004979	 0.000000	 0.002754
68	 0.003551	 0.003465	 0.000032	 0.000000	 0.000031	0.264498	 0.254330	 0.005011	 0.000000	 0.002785
69	 0.003575	 0.003435	 0.000054	 0.000000	 0.000055	0.268073	 0.257765	 0.005065	 0.000000	 0.002840
70	 0.003739	 0.003652	 0.000032	 0.000000	 0.000031	0.271812	 0.261417	 0.005097	 0.000000	 0.002871
71	 0.003560	 0.003419	 0.000057	 0.000000	 0.000055	0.275372	 0.264836	 0.005154	 0.000000	 0.002926
72	 0.003420	 0.003313	 0.000050	 0.000000	 0.000031	0.278792	 0.268149	 0.005204	 0.000000	 0.002957
73	 0.003494	 0.003328	 0.000081	 0.000000	 0.000055	0.282286	 0.271477	 0.005285	 0.000000	 0.003012
74	 0.003441	 0.003330	 0.000054	 0.000000	 0.000032	0.285727	 0.274807	 0.005339	 0.000000	 0.003044
75	 0.003438	 0.003278	 0.000072	 0.000000	 0.000056	0.289165	 0.278085	 0.005411	 0.000000	 0.003100
76	 0.003823	 0.003719	 0.000047	 0.000000	 0.000032	0.292988	 0.281804	 0.005458	 0.000000	 0.003132
77	 0.003935	 0.003765	 0.000075	 0.000000	 0.000058	0.296923	 0.285569	 0.005533	 0.000000	 0.003190
78	 0.003720	 0.003602	 0.000051	 0.000000	 0.000043	0.300643	 0.289171	 0.005584	 0.000000	 0.003233
79	 0.003908	 0.003720	 0.000082	 0.000000	 0.000069	0.304551	 0.292891	 0.005666	 0.000000	 0.003302
80	 0.003878	 0.003771	 0.000047	 0.000000	 0.000033	0.308429	 0.296662	 0.005713	 0.000000	 0.003335
81	 0.004032	 0.003860	 0.000079	 0.000000	 0.000060	0.312461	 0.300522	 0.005792	 0.000000	 0.003395
82	 0.003611	 0.003505	 0.000047	 0.000000	 0.000032	0.316072	 0.304027	 0.005839	 0.000000	 0.003427
83	 0.003394	 0.003252	 0.000060	 0.000000	 0.000054	0.319466	 0.307279	 0.005899	 0.000000	 0.003481
84	 0.003655	 0.003566	 0.000032	 0.000000	 0.000031	0.323121	 0.310845	 0.005931	 0.000000	 0.003512
85	 0.003300	 0.003153	 0.000057	 0.000000	 0.000061	0.326421	 0.313998	 0.005988	 0.000000	 0.003573
86	 0.003532	 0.003421	 0.000052	 0.000000	 0.000033	0.329953	 0.317419	 0.006040	 0.000000	 0.003606
87	 0.004031	 0.003861	 0.000077	 0.000000	 0.000062	0.333984	 0.321280	 0.006117	 0.000000	 0.003668
88	 0.004141	 0.004030	 0.000053	 0.000000	 0.000033	0.338125	 0.325310	 0.006170	 0.000000	 0.003701
89	 0.004169	 0.003999	 0.000077	 0.000000	 0.000061	0.342294	 0.329309	 0.006247	 0.000000	 0.003762
90	 0.003788	 0.003699	 0.000032	 0.000000	 0.000030	0.346082	 0.333008	 0.006279	 0.000000	 0.003792
91	 0.003853	 0.003678	 0.000085	 0.000000	 0.000062	0.349935	 0.336686	 0.006364	 0.000000	 0.003854
92	 0.004139	 0.004038	 0.000041	 0.000000	 0.000032	0.354074	 0.340724	 0.006405	 0.000000	 0.003886
93	 0.004497	 0.004352	 0.000060	 0.000000	 0.000058	0.358571	 0.345076	 0.006465	 0.000000	 0.003944
94	 0.003396	 0.003289	 0.000046	 0.000000	 0.000032	0.361967	 0.348365	 0.006511	 0.000000	 0.003976
95	 0.004091	 0.003938	 0.000062	 0.000000	 0.000063	0.366058	 0.352303	 0.006573	 0.000000	 0.004039
96	 0.003441	 0.003349	 0.000031	 0.000000	 0.000033	0.369499	 0.355652	 0.006604	 0.000000	 0.004072
97	 0.003482	 0.003322	 0.000057	 0.000000	 0.000065	0.372981	 0.358974	 0.006661	 0.000000	 0.004137
98	 0.003445	 0.003334	 0.000054	 0.000000	 0.000031	0.376426	 0.362308	 0.006715	 0.000000	 0.004168
99	 0.003383	 0.003210	 0.000079	 0.000000	 0.000063	0.379809	 0.365518	 0.006794	 0.000000	 0.004231
100	 0.003601	 0.003508	 0.000032	 0.000000	 0.000033	0.383410	 0.369026	 0.006826	 0.000000	 0.004264
101	 0.003460	 0.003290	 0.000076	 0.000000	 0.000063	0.386870	 0.372316	 0.006902	 0.000000	 0.004327
102	 0.003661	 0.003526	 0.000046	 0.000000	 0.000033	0.390531	 0.375842	 0.006948	 0.000000	 0.004360
103	 0.003823	 0.003665	 0.000061	 0.000000	 0.000065	0.394354	 0.379507	 0.007009	 0.000000	 0.004425
104	 0.003442	 0.003350	 0.000031	 0.000000	 0.000033	0.397796	 0.382857	 0.007040	 0.000000	 0.004458
105	 0.003561	 0.003386	 0.000079	 0.000000	 0.000067	0.401357	 0.386243	 0.007119	 0.000000	 0.004525
106	 0.003353	 0.003246	 0.000046	 0.000000	 0.000032	0.404710	 0.389489	 0.007165	 0.000000	 0.004557
107	 0.003764	 0.003607	 0.000061	 0.000000	 0.000065	0.408474	 0.393096	 0.007226	 0.000000	 0.004622
108	 0.003660	 0.003566	 0.000032	 0.000000	 0.000035	0.412134	 0.396662	 0.007258	 0.000000	 0.004657
109	 0.003550	 0.003395	 0.000056	 0.000000	 0.000065	0.415684	 0.400057	 0.007314	 0.000000	 0.004722
110	 0.003778	 0.003685	 0.000032	 0.000000	 0.000035	0.419462	 0.403742	 0.007346	 0.000000	 0.004757
111	 0.003221	 0.003046	 0.000076	 0.000000	 0.000068	0.422683	 0.406788	 0.007422	 0.000000	 0.004825
112	 0.003523	 0.003411	 0.000048	 0.000000	 0.000036	0.426206	 0.410199	 0.007470	 0.000000	 0.004861
113	 0.003446	 0.003279	 0.000073	 0.000000	 0.000064	0.429652	 0.413478	 0.007543	 0.000000	 0.004925
114	 0.003209	 0.003097	 0.000047	 0.000000	 0.000036	0.432861	 0.416575	 0.007590	 0.000000	 0.004961
115	 0.003705	 0.003534	 0.000070	 0.000000	 0.000067	0.436566	 0.420109	 0.007660	 0.000000	 0.005028
116	 0.003393	 0.003279	 0.000054	 0.000000	 0.000034	0.439959	 0.423388	 0.007714	 0.000000	 0.005062
117	 0.003538	 0.003383	 0.000059	 0.000000	 0.000065	0.443497	 0.426771	 0.007773	 0.000000	 0.005127
118	 0.003523	 0.003432	 0.000031	 0.000000	 0.000032	0.447020	 0.430203	 0.007804	 0.000000	 0.005159
119	 0.003766	 0.003615	 0.000058	 0.000000	 0.000065	0.450786	 0.433818	 0.007862	 0.000000	 0.005224
120	 0.003403	 0.003309	 0.000033	 0.000000	 0.000035	0.454189	 0.437127	 0.007895	 0.000000	 0.005259
121	 0.003752	 0.003591	 0.000060	 0.000000	 0.000068	0.457941	 0.440718	 0.007955	 0.000000	 0.005327
122	 0.003581	 0.003469	 0.000040	 0.000000	 0.000042	0.461522	 0.444187	 0.007995	 0.000000	 0.005369
123	 0.003197	 0.003038	 0.000058	 0.000000	 0.000068	0.464719	 0.447225	 0.008053	 0.000000	 0.005437
124	 0.003547	 0.003429	 0.000057	 0.000000	 0.000033	0.468266	 0.450654	 0.008110	 0.000000	 0.005470
125	 0.003372	 0.003191	 0.000081	 0.000000	 0.000071	0.471638	 0.453845	 0.008191	 0.000000	 0.005541
126	 0.003427	 0.003311	 0.000053	 0.000000	 0.000039	0.475065	 0.457156	 0.008244	 0.000000	 0.005580
127	 0.004025	 0.003851	 0.000073	 0.000000	 0.000071	0.479090	 0.461007	 0.008317	 0.000000	 0.005651
128	 0.003585	 0.003468	 0.000051	 0.000000	 0.000036	0.482675	 0.464475	 0.008368	 0.000000	 0.005687
129	 0.003592	 0.003410	 0.000081	 0.000000	 0.000073	0.486267	 0.467885	 0.008449	 0.000000	 0.005760
130	 0.003434	 0.003319	 0.000050	 0.000000	 0.000038	0.489701	 0.471204	 0.008499	 0.000000	 0.005798
131	 0.003751	 0.003578	 0.000075	 0.000000	 0.000068	0.493452	 0.474782	 0.008574	 0.000000	 0.005866
132	 0.003118	 0.003007	 0.000047	 0.000000	 0.000038	0.496570	 0.477789	 0.008621	 0.000000	 0.005904
133	 0.004003	 0.003828	 0.000072	 0.000000	 0.000072	0.500573	 0.481617	 0.008693	 0.000000	 0.005976
134	 0.003377	 0.003282	 0.000033	 0.000000	 0.000038	0.503950	 0.484899	 0.008726	 0.000000	 0.006014
135	 0.003663	 0.003505	 0.000055	 0.000000	 0.000071	0.507613	 0.488404	 0.008781	 0.000000	 0.006085
136	 0.003211	 0.003115	 0.000031	 0.000000	 0.000037	0.510824	 0.491519	 0.008812	 0.000000	 0.006122
137	 0.003971	 0.003813	 0.000055	 0.000000	 0.000071	0.514795	 0.495332	 0.008867	 0.000000	 0.006193
138	 0.003312	 0.003215	 0.000032	 0.000000	 0.000037	0.518107	 0.498547	 0.008899	 0.000000	 0.006230
139	 0.004080	 0.003890	 0.000080	 0.000000	 0.000068	0.522187	 0.502437	 0.008979	 0.000000	 0.006298
140	 0.003646	 0.003525	 0.000051	 0.000000	 0.000046	0.525833	 0.505962	 0.009030	 0.000000	 0.006344
141	 0.003572	 0.003398	 0.000061	 0.000000	 0.000081	0.529405	 0.509360	 0.009091	 0.000000	 0.006425
142	 0.003919	 0.003810	 0.000048	 0.000000	 0.000034	0.533324	 0.513170	 0.009139	 0.000000	 0.006459
143	 0.003567	 0.003390	 0.000072	 0.000000	 0.000075	0.536891	 0.516560	 0.009211	 0.000000	 0.006534
144	 0.003447	 0.003331	 0.000051	 0.000000	 0.000039	0.540338	 0.519891	 0.009262	 0.000000	 0.006573
145	 0.003576	 0.003394	 0.000076	 0.000000	 0.000075	0.543914	 0.523285	 0.009338	 0.000000	 0.006648
146	 0.003447	 0.003332	 0.000047	 0.000000	 0.000039	0.547361	 0.526617	 0.009385	 0.000000	 0.006687
147	 0.004022	 0.003838	 0.000076	 0.000000	 0.000076	0.551383	 0.530455	 0.009461	 0.000000	 0.006763
148	 0.003549	 0.003433	 0.000048	 0.000000	 0.000041	0.554932	 0.533888	 0.009509	 0.000000	 0.006804
149	 0.004112	 0.003946	 0.000061	 0.000000	 0.000075	0.559044	 0.537834	 0.009570	 0.000000	 0.006879
150	 0.003844	 0.003720	 0.000047	 0.000000	 0.000049	0.562888	 0.541554	 0.009617	 0.000000	 0.006928
151	 0.003961	 0.003762	 0.000080	 0.000000	 0.000086	0.566849	 0.545316	 0.009697	 0.000000	 0.007014
152	 0.003699	 0.003575	 0.000050	 0.000000	 0.000046	0.570548	 0.548891	 0.009747	 0.000000	 0.007060
153	 0.003658	 0.003450	 0.000083	 0.000000	 0.000086	0.574206	 0.552341	 0.009830	 0.000000	 0.007146
154	 0.004144	 0.004017	 0.000051	 0.000000	 0.000050	0.578350	 0.556358	 0.009881	 0.000000	 0.007196
155	 0.003913	 0.003722	 0.000076	 0.000000	 0.000086	0.582263	 0.560080	 0.009957	 0.000000	 0.007282
156	 0.003593	 0.003483	 0.000047	 0.000000	 0.000036	0.585856	 0.563563	 0.010004	 0.000000	 0.007318
157	 0.004041	 0.003866	 0.000073	 0.000000	 0.000073	0.589897	 0.567429	 0.010077	 0.000000	 0.007391
158	 0.003758	 0.003637	 0.000046	 0.000000	 0.000050	0.593655	 0.571066	 0.010123	 0.000000	 0.007441
159	 0.003764	 0.003559	 0.000076	 0.000000	 0.000087	0.597419	 0.574625	 0.010199	 0.000000	 0.007528
160	 0.003773	 0.003633	 0.000054	 0.000000	 0.000047	0.601192	 0.578258	 0.010253	 0.000000	 0.007575
161	 0.003537	 0.003407	 0.000050	 0.000000	 0.000051	0.604729	 0.581665	 0.010303	 0.000000	 0.007626
162	 0.003569	 0.003370	 0.000080	 0.000000	 0.000090	0.608298	 0.585035	 0.010383	 0.000000	 0.007716
163	 0.003535	 0.003426	 0.000031	 0.000000	 0.000049	0.611833	 0.588461	 0.010414	 0.000000	 0.007765
164	 0.003767	 0.003576	 0.000080	 0.000000	 0.000080	0.615600	 0.592037	 0.010494	 0.000000	 0.007845
165	 0.003489	 0.003360	 0.000051	 0.000000	 0.000041	0.619089	 0.595397	 0.010545	 0.000000	 0.007886
166	 0.003432	 0.003326	 0.000036	 0.000000	 0.000042	0.622521	 0.598723	 0.010581	 0.000000	 0.007928
167	 0.003888	 0.003700	 0.000080	 0.000000	 0.000077	0.626409	 0.602423	 0.010661	 0.000000	 0.008005
168	 0.003470	 0.003343	 0.000053	 0.000000	 0.000038	0.629879	 0.605766	 0.010714	 0.000000	 0.008043
169	 0.003537	 0.003425	 0.000044	 0.000000	 0.000042	0.633416	 0.609191	 0.010758	 0.000000	 0.008085
170	 0.003663	 0.003477	 0.000076	 0.000000	 0.000078	0.637079	 0.612668	 0.010834	 0.000000	 0.008163
171	 0.003506	 0.003399	 0.000031	 0.000000	 0.000040	0.640585	 0.616067	 0.010865	 0.000000	 0.008203
172	 0.003873	 0.003762	 0.000047	 0.000000	 0.000040	0.644458	 0.619829	 0.010912	 0.000000	 0.008243
173	 0.004167	 0.003995	 0.000060	 0.000000	 0.000080	0.648625	 0.623824	 0.010972	 0.000000	 0.008323
174	 0.003587	 0.003462	 0.000047	 0.000000	 0.000050	0.652212	 0.627286	 0.011019	 0.000000	 0.008373
175	 0.003462	 0.003269	 0.000074	 0.000000	 0.000090	0.655674	 0.630555	 0.011093	 0.000000	 0.008463
176	 0.004020	 0.003921	 0.000031	 0.000000	 0.000041	0.659694	 0.634476	 0.011124	 0.000000	 0.008504
177	 0.003563	 0.003395	 0.000059	 0.000000	 0.000078	0.663257	 0.637871	 0.011183	 0.000000	 0.008582
178	 0.003603	 0.003477	 0.000047	 0.000000	 0.000051	0.666860	 0.641348	 0.011230	 0.000000	 0.008633
179	 0.004651	 0.004469	 0.000062	 0.000000	 0.000091	0.671511	 0.645817	 0.011292	 0.000000	 0.008724
180	 0.003810	 0.003691	 0.000047	 0.000000	 0.000044	0.675321	 0.649508	 0.011339	 0.000000	 0.008768
181	 0.004480	 0.004292	 0.000071	 0.000000	 0.000082	0.679801	 0.653800	 0.011410	 0.000000	 0.008850
182	 0.003616	 0.003503	 0.000032	 0.000000	 0.000043	0.683417	 0.657303	 0.011442	 0.000000	 0.008893
183	 0.003671	 0.003565	 0.000032	 0.000000	 0.000040	0.687088	 0.660868	 0.011474	 0.000000	 0.008933
184	 0.004080	 0.003966	 0.000032	 0.000000	 0.000042	0.691168	 0.664834	 0.011506	 0.000000	 0.008975
185	 0.003546	 0.003426	 0.000048	 0.000000	 0.000044	0.694714	 0.668260	 0.011554	 0.000000	 0.009019
186	 0.004021	 0.003849	 0.000059	 0.000000	 0.000082	0.698735	 0.672109	 0.011613	 0.000000	 0.009101
187	 0.004027	 0.003906	 0.000050	 0.000000	 0.000043	0.702762	 0.676015	 0.011663	 0.000000	 0.009144
188	 0.003742	 0.003547	 0.000077	 0.000000	 0.000084	0.706504	 0.679562	 0.011740	 0.000000	 0.009228
189	 0.003706	 0.003591	 0.000032	 0.000000	 0.000044	0.710210	 0.683153	 0.011772	 0.000000	 0.009272
190	 0.003618	 0.003506	 0.000031	 0.000000	 0.000043	0.713828	 0.686659	 0.011803	 0.000000	 0.009315
191	 0.004087	 0.003984	 0.000031	 0.000000	 0.000044	0.717915	 0.690643	 0.011834	 0.000000	 0.009359
192	 0.003542	 0.003377	 0.000055	 0.000000	 0.000080	0.721457	 0.694020	 0.011889	 0.000000	 0.009439
193	 0.004038	 0.003940	 0.000032	 0.000000	 0.000041	0.725495	 0.697960	 0.011921	 0.000000	 0.009480
194	 0.004073	 0.003898	 0.000059	 0.000000	 0.000087	0.729568	 0.701858	 0.011980	 0.000000	 0.009567
195	 0.003766	 0.003653	 0.000033	 0.000000	 0.000055	0.733334	 0.705511	 0.012013	 0.000000	 0.009622
196	 0.003692	 0.003483	 0.000084	 0.000000	 0.000094	0.737026	 0.708994	 0.012097	 0.000000	 0.009716
197	 0.003678	 0.003544	 0.000050	 0.000000	 0.000054	0.740704	 0.712538	 0.012147	 0.000000	 0.009770
198	 0.004096	 0.003910	 0.000063	 0.000000	 0.000093	0.744800	 0.716448	 0.012210	 0.000000	 0.009863
199	 0.003829	 0.003717	 0.000032	 0.000000	 0.000053	0.748629	 0.720165	 0.012242	 0.000000	 0.009916
200	 0.004233	 0.004045	 0.000060	 0.000000	 0.000097	0.752862	 0.724210	 0.012302	 0.000000	 0.010013
201	 0.003685	 0.003551	 0.000052	 0.000000	 0.000055	0.756547	 0.727761	 0.012354	 0.000000	 0.010068
202	 0.003556	 0.003330	 0.000075	 0.000000	 0.000099	0.760103	 0.731091	 0.012429	 0.000000	 0.010167
203	 0.003403	 0.003285	 0.000034	 0.000000	 0.000055	0.763506	 0.734376	 0.012463	 0.000000	 0.010222
204	 0.004411	 0.004194	 0.000079	 0.000000	 0.000096	0.767917	 0.738570	 0.012542	 0.000000	 0.010318
205	 0.003584	 0.003447	 0.000054	 0.000000	 0.000055	0.771501	 0.742017	 0.012596	 0.000000	 0.010373
206	 0.003724	 0.003513	 0.000076	 0.000000	 0.000100	0.775225	 0.745530	 0.012672	 0.000000	 0.010473
207	 0.003395	 0.003207	 0.000076	 0.000000	 0.000072	0.778620	 0.748737	 0.012748	 0.000000	 0.010545
208	 0.004136	 0.003888	 0.000097	 0.000000	 0.000112	0.782756	 0.752625	 0.012845	 0.000000	 0.010657
209	 0.003946	 0.003814	 0.000046	 0.000000	 0.000054	0.786702	 0.756439	 0.012891	 0.000000	 0.010711
210	 0.003915	 0.003699	 0.000076	 0.000000	 0.000097	0.790617	 0.760138	 0.012967	 0.000000	 0.010808
211	 0.003186	 0.003040	 0.000046	 0.000000	 0.000054	0.793803	 0.763178	 0.013013	 0.000000	 0.010862
212	 0.004017	 0.003889	 0.000038	 0.000000	 0.000059	0.797820	 0.767067	 0.013051	 0.000000	 0.010921
213	 0.004005	 0.003789	 0.000081	 0.000000	 0.000101	0.801825	 0.770856	 0.013132	 0.000000	 0.011022
214	 0.003639	 0.003506	 0.000050	 0.000000	 0.000056	0.805464	 0.774362	 0.013182	 0.000000	 0.011078
215	 0.003466	 0.003276	 0.000062	 0.000000	 0.000093	0.808930	 0.777638	 0.013244	 0.000000	 0.011171
216	 0.003263	 0.003134	 0.000054	 0.000000	 0.000048	0.812193	 0.780772	 0.013298	 0.000000	 0.011219
217	 0.004303	 0.004112	 0.000073	 0.000000	 0.000088	0.816496	 0.784884	 0.013371	 0.000000	 0.011307
218	 0.003957	 0.003833	 0.000050	 0.000000	 0.000046	0.820453	 0.788717	 0.013421	 0.000000	 0.011353
219	 0.003914	 0.003711	 0.000075	 0.000000	 0.000093	0.824367	 0.792428	 0.013496	 0.000000	 0.011446
220	 0.003312	 0.003208	 0.000035	 0.000000	 0.000045	0.827679	 0.795636	 0.013531	 0.000000	 0.011491
221	 0.004325	 0.004144	 0.000056	 0.000000	 0.000090	0.832004	 0.799780	 0.013587	 0.000000	 0.011581
222	 0.003719	 0.003593	 0.000053	 0.000000	 0.000047	0.835723	 0.803373	 0.013640	 0.000000	 0.011628
223	 0.004050	 0.003848	 0.000076	 0.000000	 0.000094	0.839773	 0.807221	 0.013716	 0.000000	 0.011722
224	 0.003789	 0.003683	 0.000033	 0.000000	 0.000048	0.843562	 0.810904	 0.013749	 0.000000	 0.011770
225	 0.003298	 0.003117	 0.000055	 0.000000	 0.000094	0.846860	 0.814021	 0.013804	 0.000000	 0.011864
226	 0.003854	 0.003749	 0.000033	 0.000000	 0.000045	0.850714	 0.817770	 0.013837	 0.000000	 0.011909
227	 0.003984	 0.003802	 0.000057	 0.000000	 0.000094	0.854698	 0.821572	 0.013894	 0.000000	 0.012003
228	 0.003569	 0.003453	 0.000047	 0.000000	 0.000043	0.858267	 0.825025	 0.013941	 0.000000	 0.012046
229	 0.003754	 0.003557	 0.000071	 0.000000	 0.000094	0.862021	 0.828582	 0.014012	 0.000000	 0.012140
230	 0.003632	 0.003509	 0.000046	 0.000000	 0.000048	0.865653	 0.832091	 0.014058	 0.000000	 0.012188
231	 0.004144	 0.003945	 0.000076	 0.000000	 0.000092	0.869797	 0.836036	 0.014134	 0.000000	 0.012280
232	 0.003647	 0.003512	 0.000047	 0.000000	 0.000059	0.873444	 0.839548	 0.014181	 0.000000	 0.012339
233	 0.004158	 0.003952	 0.000075	 0.000000	 0.000101	0.877602	 0.843500	 0.014256	 0.000000	 0.012440
234	 0.003775	 0.003652	 0.000048	 0.000000	 0.000047	0.881377	 0.847152	 0.014304	 0.000000	 0.012487
235	 0.004008	 0.003821	 0.000061	 0.000000	 0.000097	0.885385	 0.850973	 0.014365	 0.000000	 0.012584
236	 0.003574	 0.003469	 0.000031	 0.000000	 0.000047	0.888959	 0.854442	 0.014396	 0.000000	 0.012631
237	 0.004140	 0.003958	 0.000056	 0.000000	 0.000096	0.893099	 0.858400	 0.014452	 0.000000	 0.012727
238	 0.003608	 0.003482	 0.000048	 0.000000	 0.000048	0.896707	 0.861882	 0.014500	 0.000000	 0.012775
239	 0.004191	 0.003984	 0.000081	 0.000000	 0.000097	0.900898	 0.865866	 0.014581	 0.000000	 0.012872
240	 0.003932	 0.003816	 0.000035	 0.000000	 0.000048	0.904830	 0.869682	 0.014616	 0.000000	 0.012920
241	 0.004349	 0.004137	 0.000085	 0.000000	 0.000095	0.909179	 0.873819	 0.014701	 0.000000	 0.013015
242	 0.004254	 0.004124	 0.000053	 0.000000	 0.000048	0.913433	 0.877943	 0.014754	 0.000000	 0.013063
243	 0.003957	 0.003774	 0.000060	 0.000000	 0.000092	0.917390	 0.881717	 0.014814	 0.000000	 0.013155
244	 0.004013	 0.003891	 0.000048	 0.000000	 0.000045	0.921403	 0.885608	 0.014862	 0.000000	 0.013200
245	 0.004220	 0.004017	 0.000071	 0.000000	 0.000099	0.925623	 0.889625	 0.014933	 0.000000	 0.013299
246	 0.003452	 0.003345	 0.000031	 0.000000	 0.000048	0.929075	 0.892970	 0.014964	 0.000000	 0.013347
247	 0.003489	 0.003281	 0.000076	 0.000000	 0.000098	0.932564	 0.896251	 0.015040	 0.000000	 0.013445
248	 0.003327	 0.003188	 0.000048	 0.000000	 0.000046	0.935891	 0.899439	 0.015088	 0.000000	 0.013491
249	 0.003416	 0.003288	 0.000049	 0.000000	 0.000049	0.939307	 0.902727	 0.015137	 0.000000	 0.013540
250	 0.003733	 0.003529	 0.000079	 0.000000	 0.000095	0.943040	 0.906256	 0.015216	 0.000000	 0.013635
251	 0.003815	 0.003704	 0.000031	 0.000000	 0.000048	0.946855	 0.909960	 0.015247	 0.000000	 0.013683
252	 0.004278	 0.004065	 0.000084	 0.000000	 0.000102	0.951133	 0.914025	 0.015331	 0.000000	 0.013785
253	 0.003784	 0.003660	 0.000050	 0.000000	 0.000048	0.954917	 0.917685	 0.015381	 0.000000	 0.013833
254	 0.003791	 0.003603	 0.000062	 0.000000	 0.000094	0.958708	 0.921288	 0.015443	 0.000000	 0.013927
255	 0.003512	 0.003386	 0.000048	 0.000000	 0.000049	0.962220	 0.924674	 0.015491	 0.000000	 0.013976
256	 0.003646	 0.003443	 0.000071	 0.000000	 0.000100	0.965866	 0.928117	 0.015562	 0.000000	 0.014076
257	 0.003779	 0.003647	 0.000052	 0.000000	 0.000051	0.969645	 0.931764	 0.015614	 0.000000	 0.014127
258	 0.003549	 0.003328	 0.000079	 0.000000	 0.000109	0.973194	 0.935092	 0.015693	 0.000000	 0.014236
259	 0.004060	 0.003928	 0.000047	 0.000000	 0.000055	0.977254	 0.939020	 0.015740	 0.000000	 0.014291
260	 0.003587	 0.003374	 0.000074	 0.000000	 0.000109	0.980841	 0.942394	 0.015814	 0.000000	 0.014400
261	 0.003502	 0.003371	 0.000049	 0.000000	 0.000054	0.984343	 0.945765	 0.015863	 0.000000	 0.014454
262	 0.003903	 0.003689	 0.000073	 0.000000	 0.000108	0.988246	 0.949454	 0.015936	 0.000000	 0.014562
263	 0.003908	 0.003776	 0.000050	 0.000000	 0.000054	0.992154	 0.953230	 0.015986	 0.000000	 0.014616
264	 0.004297	 0.003797	 0.000063	 0.000287	 0.000116	0.996451	 0.957027	 0.016049	 0.000287	 0.014732
265	 0.003719	 0.003305	 0.000037	 0.000283	 0.000062	1.000170	 0.960332	 0.016086	 0.000570	 0.014794
266	 0.003753	 0.003253	 0.000059	 0.000283	 0.000120	1.003923	 0.963585	 0.016145	 0.000853	 0.014914
267	 0.004245	 0.003859	 0.000036	 0.000253	 0.000059	1.008168	 0.967444	 0.016181	 0.001106	 0.014973
268	 0.004639	 0.004111	 0.000085	 0.000293	 0.000112	1.012807	 0.971555	 0.016266	 0.001399	 0.015085
269	 0.004288	 0.003854	 0.000038	 0.000293	 0.000052	1.017095	 0.975409	 0.016304	 0.001692	 0.015137
270	 0.003870	 0.003471	 0.000047	 0.000253	 0.000060	1.020965	 0.978880	 0.016351	 0.001945	 0.015197
271	 0.004162	 0.003632	 0.000085	 0.000290	 0.000113	1.025127	 0.982512	 0.016436	 0.002235	 0.015310
272	 0.004282	 0.003842	 0.000052	 0.000301	 0.000055	1.029409	 0.986354	 0.016488	 0.002536	 0.015365
273	 0.004409	 0.003892	 0.000064	 0.000296	 0.000117	1.033818	 0.990246	 0.016552	 0.002832	 0.015482
274	 0.004075	 0.003631	 0.000032	 0.000296	 0.000063	1.037893	 0.993877	 0.016584	 0.003128	 0.015545
275	 0.004120	 0.003666	 0.000064	 0.000297	 0.000058	1.042013	 0.997543	 0.016648	 0.003425	 0.015603
276	 0.004235	 0.003661	 0.000080	 0.000331	 0.000122	1.046248	 1.001204	 0.016728	 0.003756	 0.015725
277	 0.004271	 0.003818	 0.000059	 0.000305	 0.000055	1.050519	 1.005022	 0.016787	 0.004061	 0.015780
278	 0.004244	 0.003706	 0.000080	 0.000302	 0.000119	1.054763	 1.008728	 0.016867	 0.004363	 0.015899
279	 0.003772	 0.003283	 0.000049	 0.000348	 0.000057	1.058535	 1.012011	 0.016916	 0.004711	 0.015956
280	 0.004239	 0.003658	 0.000081	 0.000343	 0.000120	1.062774	 1.015669	 0.016997	 0.005054	 0.016076
281	 0.003796	 0.003302	 0.000056	 0.000343	 0.000056	1.066570	 1.018971	 0.017053	 0.005397	 0.016132
282	 0.004029	 0.003454	 0.000069	 0.000340	 0.000123	1.070599	 1.022425	 0.017122	 0.005737	 0.016255
283	 0.004487	 0.004006	 0.000035	 0.000350	 0.000056	1.075086	 1.026431	 0.017157	 0.006087	 0.016311
284	 0.004108	 0.003498	 0.000089	 0.000356	 0.000121	1.079194	 1.029929	 0.017246	 0.006443	 0.016432
285	 0.003922	 0.003424	 0.000053	 0.000352	 0.000054	1.083116	 1.033353	 0.017299	 0.006795	 0.016486
286	 0.003881	 0.003290	 0.000065	 0.000360	 0.000124	1.086997	 1.036643	 0.017364	 0.007155	 0.016610
287	 0.004190	 0.003719	 0.000059	 0.000318	 0.000059	1.091187	 1.040362	 0.017423	 0.007473	 0.016669
288	 0.004501	 0.003908	 0.000078	 0.000356	 0.000117	1.095688	 1.044270	 0.017501	 0.007829	 0.016786
289	 0.003985	 0.003524	 0.000042	 0.000328	 0.000055	1.099673	 1.047794	 0.017543	 0.008157	 0.016841
290	 0.003862	 0.003259	 0.000078	 0.000366	 0.000122	1.103535	 1.051053	 0.017621	 0.008523	 0.016963
291	 0.004255	 0.003784	 0.000056	 0.000328	 0.000052	1.107790	 1.054837	 0.017677	 0.008851	 0.017015
292	 0.004809	 0.004190	 0.000086	 0.000376	 0.000117	1.112599	 1.059027	 0.017763	 0.009227	 0.017132
293	 0.004025	 0.003561	 0.000041	 0.000333	 0.000057	1.116624	 1.062588	 0.017804	 0.009560	 0.017189
294	 0.004150	 0.003542	 0.000079	 0.000368	 0.000121	1.120774	 1.066130	 0.017883	 0.009928	 0.017310
295	 0.003575	 0.003095	 0.000054	 0.000334	 0.000058	1.124349	 1.069225	 0.017937	 0.010262	 0.017368
296	 0.004567	 0.003997	 0.000064	 0.000342	 0.000123	1.128916	 1.073222	 0.018001	 0.010604	 0.017491
297	 0.004544	 0.004050	 0.000056	 0.000347	 0.000055	1.133460	 1.077272	 0.018057	 0.010951	 0.017546
298	 0.005564	 0.004973	 0.000081	 0.000344	 0.000124	1.139024	 1.082245	 0.018138	 0.011295	 0.017670
299	 0.004783	 0.004336	 0.000037	 0.000316	 0.000061	1.143807	 1.086581	 0.018175	 0.011611	 0.017731
300	 0.004715	 0.004080	 0.000092	 0.000393	 0.000109	1.148522	 1.090661	 0.018267	 0.012004	 0.017840
301	 0.004302	 0.003796	 0.000059	 0.000354	 0.000056	1.152824	 1.094457	 0.018326	 0.012358	 0.017896
302	 0.004372	 0.003746	 0.000087	 0.000357	 0.000116	1.157196	 1.098203	 0.018413	 0.012715	 0.018012
303	 0.003827	 0.003339	 0.000049	 0.000351	 0.000055	1.161023	 1.101542	 0.018462	 0.013066	 0.018067
304	 0.004604	 0.004002	 0.000085	 0.000347	 0.000126	1.165627	 1.105544	 0.018547	 0.013413	 0.018193
305	 0.004534	 0.004026	 0.000053	 0.000359	 0.000056	1.170161	 1.109570	 0.018600	 0.013772	 0.018249
306	 0.004380	 0.003762	 0.000065	 0.000393	 0.000125	1.174541	 1.113332	 0.018665	 0.014165	 0.018374
307	 0.004019	 0.003548	 0.000033	 0.000348	 0.000055	1.178560	 1.116880	 0.018698	 0.014513	 0.018429
308	 0.004391	 0.003780	 0.000086	 0.000357	 0.000126	1.182951	 1.120660	 0.018784	 0.014870	 0.018555
309	 0.004715	 0.004231	 0.000053	 0.000318	 0.000072	1.187666	 1.124891	 0.018837	 0.015188	 0.018627
310	 0.004997	 0.004380	 0.000080	 0.000369	 0.000125	1.192663	 1.129271	 0.018917	 0.015557	 0.018752
311	 0.003990	 0.003508	 0.000058	 0.000328	 0.000060	1.196653	 1.132779	 0.018975	 0.015885	 0.018812
312	 0.004769	 0.004025	 0.000057	 0.000536	 0.000106	1.201422	 1.136804	 0.019032	 0.016421	 0.018918
313	 0.004442	 0.003935	 0.000055	 0.000360	 0.000056	1.205864	 1.140739	 0.019087	 0.016781	 0.018974
314	 0.004551	 0.003917	 0.000097	 0.000380	 0.000117	1.210415	 1.144656	 0.019184	 0.017161	 0.019091
315	 0.004912	 0.004399	 0.000053	 0.000372	 0.000056	1.215327	 1.149055	 0.019237	 0.017533	 0.019147
316	 0.004885	 0.004261	 0.000102	 0.000371	 0.000112	1.220212	 1.153316	 0.019339	 0.017904	 0.019259
317	 0.004094	 0.003564	 0.000051	 0.000383	 0.000060	1.224306	 1.156880	 0.019390	 0.018287	 0.019319
318	 0.005124	 0.004481	 0.000087	 0.000408	 0.000112	1.229430	 1.161361	 0.019477	 0.018695	 0.019431
319	 0.003971	 0.003432	 0.000037	 0.000410	 0.000059	1.233401	 1.164793	 0.019514	 0.019105	 0.019490
320	 0.004181	 0.003543	 0.000061	 0.000419	 0.000121	1.237582	 1.168336	 0.019575	 0.019524	 0.019611
321	 0.004507	 0.003986	 0.000052	 0.000379	 0.000056	1.242089	 1.172322	 0.019627	 0.019903	 0.019667
322	 0.005236	 0.004571	 0.000083	 0.000414	 0.000124	1.247325	 1.176893	 0.019710	 0.020317	 0.019791
323	 0.004887	 0.004314	 0.000061	 0.000413	 0.000066	1.252212	 1.181207	 0.019771	 0.020730	 0.019857
324	 0.004111	 0.003501	 0.000063	 0.000382	 0.000126	1.256323	 1.184708	 0.019834	 0.021112	 0.019983
325	 0.004389	 0.003873	 0.000034	 0.000386	 0.000059	1.260712	 1.188581	 0.019868	 0.021498	 0.020042
326	 0.004672	 0.004074	 0.000058	 0.000381	 0.000115	1.265384	 1.192655	 0.019926	 0.021879	 0.020157
327	 0.003952	 0.003430	 0.000037	 0.000386	 0.000061	1.269336	 1.196085	 0.019963	 0.022265	 0.020218
328	 0.004584	 0.003943	 0.000069	 0.000422	 0.000111	1.273920	 1.200028	 0.020032	 0.022687	 0.020329
329	 0.003922	 0.003380	 0.000061	 0.000384	 0.000058	1.277842	 1.203408	 0.020093	 0.023071	 0.020387
330	 0.004697	 0.004030	 0.000082	 0.000425	 0.000124	1.282539	 1.207438	 0.020175	 0.023496	 0.020511
331	 0.005080	 0.004518	 0.000061	 0.000392	 0.000062	1.287619	 1.211956	 0.020236	 0.023888	 0.020573
332	 0.005248	 0.004560	 0.000089	 0.000432	 0.000129	1.292867	 1.216516	 0.020325	 0.024320	 0.020702
333	 0.004265	 0.003706	 0.000052	 0.000398	 0.000061	1.297132	 1.220222	 0.020377	 0.024718	 0.020763
334	 0.004273	 0.003631	 0.000084	 0.000400	 0.000118	1.301405	 1.223853	 0.020461	 0.025118	 0.020881
335	 0.004639	 0.004072	 0.000059	 0.000407	 0.000068	1.306044	 1.227925	 0.020520	 0.025525	 0.020949
336	 0.005054	 0.004374	 0.000074	 0.000438	 0.000128	1.311098	 1.232299	 0.020594	 0.025963	 0.021077
337	 0.004147	 0.003581	 0.000052	 0.000407	 0.000070	1.315245	 1.235880	 0.020646	 0.026370	 0.021147
338	 0.004212	 0.003535	 0.000074	 0.000439	 0.000125	1.319457	 1.239415	 0.020720	 0.026809	 0.021272
339	 0.004945	 0.004369	 0.000054	 0.000408	 0.000080	1.324402	 1.243784	 0.020774	 0.027217	 0.021352
340	 0.003598	 0.003360	 0.000068	 0.000408	 0.000136	1.328000	 1.247144	 0.020842	 0.027217	 0.021488
341	 0.003636	 0.003070	 0.000054	 0.000405	 0.000060	1.331636	 1.250214	 0.020896	 0.027622	 0.021548
342	 0.005107	 0.004431	 0.000061	 0.000450	 0.000125	1.336743	 1.254645	 0.020957	 0.028072	 0.021673
343	 0.004296	 0.003713	 0.000058	 0.000417	 0.000071	1.341039	 1.258358	 0.021015	 0.028489	 0.021744
344	 0.004245	 0.003589	 0.000086	 0.000411	 0.000121	1.345284	 1.261947	 0.021101	 0.028900	 0.021865
345	 0.004592	 0.003883	 0.000050	 0.000567	 0.000060	1.349876	 1.265830	 0.021151	 0.029467	 0.021925
346	 0.004637	 0.003954	 0.000060	 0.000457	 0.000128	1.354513	 1.269784	 0.021211	 0.029924	 0.022053
347	 0.004077	 0.003533	 0.000059	 0.000389	 0.000060	1.358590	 1.273317	 0.021270	 0.030313	 0.022113
348	 0.004724	 0.004043	 0.000065	 0.000452	 0.000122	1.363314	 1.277360	 0.021335	 0.030765	 0.022235
349	 0.004248	 0.003665	 0.000059	 0.000416	 0.000072	1.367562	 1.281025	 0.021394	 0.031181	 0.022307
350	 0.004857	 0.004169	 0.000061	 0.000465	 0.000122	1.372419	 1.285194	 0.021455	 0.031646	 0.022429
351	 0.004533	 0.003826	 0.000034	 0.000577	 0.000058	1.376952	 1.289020	 0.021489	 0.032223	 0.022487
352	 0.005227	 0.004538	 0.000081	 0.000428	 0.000131	1.382179	 1.293558	 0.021570	 0.032651	 0.022618
353	 0.004830	 0.004271	 0.000055	 0.000393	 0.000065	1.387009	 1.297829	 0.021625	 0.033044	 0.022683
354	 0.004525	 0.003840	 0.000075	 0.000441	 0.000129	1.391534	 1.301669	 0.021700	 0.033485	 0.022812
355	 0.004361	 0.003681	 0.000049	 0.000534	 0.000055	1.395895	 1.305350	 0.021749	 0.034019	 0.022867
356	 0.004530	 0.003722	 0.000062	 0.000594	 0.000114	1.400425	 1.309072	 0.021811	 0.034613	 0.022981
357	 0.004139	 0.003578	 0.000050	 0.000405	 0.000061	1.404564	 1.312650	 0.021861	 0.035018	 0.023042
358	 0.004874	 0.003939	 0.000057	 0.000723	 0.000116	1.409438	 1.316589	 0.021918	 0.035741	 0.023158
359	 0.004484	 0.003424	 0.000050	 0.000913	 0.000059	1.413922	 1.320013	 0.021968	 0.036654	 0.023217
360	 0.005502	 0.004133	 0.000070	 0.001145	 0.000115	1.419424	 1.324146	 0.022038	 0.037799	 0.023332
361	 0.004110	 0.003421	 0.000045	 0.000550	 0.000058	1.423534	 1.327567	 0.022083	 0.038349	 0.023390
362	 0.004572	 0.003671	 0.000062	 0.000684	 0.000119	1.428106	 1.331238	 0.022145	 0.039033	 0.023509
363	 0.004742	 0.004168	 0.000034	 0.000421	 0.000060	1.432848	 1.335406	 0.022179	 0.039454	 0.023569
364	 0.004433	 0.003840	 0.000055	 0.000428	 0.000072	1.437281	 1.339246	 0.022234	 0.039882	 0.023641
365	 0.004915	 0.004231	 0.000062	 0.000463	 0.000126	1.442196	 1.343477	 0.022296	 0.040345	 0.023767
366	 0.004610	 0.003915	 0.000036	 0.000561	 0.000062	1.446806	 1.347392	 0.022332	 0.040906	 0.023829
367	 0.004885	 0.004173	 0.000082	 0.000466	 0.000131	1.451691	 1.351565	 0.022414	 0.041372	 0.023960
368	 0.004076	 0.003382	 0.000032	 0.000575	 0.000058	1.455767	 1.354947	 0.022446	 0.041947	 0.024018
369	 0.004537	 0.003722	 0.000054	 0.000611	 0.000115	1.460304	 1.358669	 0.022500	 0.042558	 0.024133
370	 0.004108	 0.003380	 0.000045	 0.000582	 0.000065	1.464412	 1.362049	 0.022545	 0.043140	 0.024198
371	 0.004969	 0.004247	 0.000094	 0.000465	 0.000120	1.469381	 1.366296	 0.022639	 0.043605	 0.024318
372	 0.004187	 0.003358	 0.000050	 0.000687	 0.000057	1.473568	 1.369654	 0.022689	 0.044292	 0.024375
373	 0.005359	 0.004522	 0.000060	 0.000623	 0.000119	1.478927	 1.374176	 0.022749	 0.044915	 0.024494
374	 0.004867	 0.004174	 0.000034	 0.000563	 0.000061	1.483794	 1.378350	 0.022783	 0.045478	 0.024555
375	 0.005058	 0.004073	 0.000076	 0.000749	 0.000120	1.488852	 1.382423	 0.022859	 0.046227	 0.024675
376	 0.004740	 0.003326	 0.000053	 0.001264	 0.000061	1.493592	 1.385749	 0.022912	 0.047491	 0.024736
377	 0.005095	 0.003957	 0.000074	 0.000908	 0.000118	1.498687	 1.389706	 0.022986	 0.048399	 0.024854
378	 0.004584	 0.003605	 0.000054	 0.000834	 0.000058	1.503271	 1.393311	 0.023040	 0.049233	 0.024912
379	 0.004401	 0.003379	 0.000079	 0.000785	 0.000122	1.507672	 1.396690	 0.023119	 0.050018	 0.025034
380	 0.004235	 0.003543	 0.000032	 0.000573	 0.000057	1.511907	 1.400233	 0.023151	 0.050591	 0.025091
381	 0.004949	 0.003491	 0.000074	 0.001232	 0.000117	1.516856	 1.403724	 0.023225	 0.051823	 0.025208
382	 0.004751	 0.003765	 0.000045	 0.000848	 0.000058	1.521607	 1.407489	 0.023270	 0.052671	 0.025266
383	 0.004427	 0.003735	 0.000084	 0.000432	 0.000134	1.526034	 1.411224	 0.023354	 0.053103	 0.025400
384	 0.004832	 0.003964	 0.000045	 0.000733	 0.000056	1.530866	 1.415188	 0.023399	 0.053836	 0.025456
385	 0.004729	 0.003772	 0.000076	 0.000726	 0.000121	1.535595	 1.418960	 0.023475	 0.054562	 0.025577
386	 0.004962	 0.004369	 0.000036	 0.000449	 0.000071	1.540557	 1.423329	 0.023511	 0.055011	 0.025648
387	 0.005043	 0.003546	 0.000078	 0.001261	 0.000121	1.545600	 1.426875	 0.023589	 0.056272	 0.025769
388	 0.004954	 0.003804	 0.000046	 0.001012	 0.000059	1.550554	 1.430679	 0.023635	 0.057284	 0.025828
389	 0.004801	 0.003623	 0.000082	 0.000918	 0.000132	1.555355	 1.434302	 0.023717	 0.058202	 0.025960
390	 0.005151	 0.004174	 0.000055	 0.000761	 0.000107	1.560506	 1.438476	 0.023772	 0.058963	 0.026067
391	 0.005553	 0.003985	 0.000172	 0.001082	 0.000219	1.566059	 1.442461	 0.023944	 0.060045	 0.026286
392	 0.005392	 0.004032	 0.000100	 0.001059	 0.000118	1.571451	 1.446493	 0.024044	 0.061104	 0.026404
393	 0.005065	 0.003695	 0.000160	 0.000892	 0.000227	1.576516	 1.450188	 0.024204	 0.061996	 0.026631
394	 0.006236	 0.004051	 0.000117	 0.001826	 0.000130	1.582752	 1.454239	 0.024321	 0.063822	 0.026761
395	 0.006022	 0.004605	 0.000116	 0.001074	 0.000126	1.588774	 1.458844	 0.024437	 0.064896	 0.026887
396	 0.006235	 0.004512	 0.000161	 0.001278	 0.000212	1.595009	 1.463356	 0.024598	 0.066174	 0.027099
397	 0.006376	 0.004724	 0.000088	 0.001410	 0.000092	1.601385	 1.468080	 0.024686	 0.067584	 0.027191
398	 0.006184	 0.004136	 0.000099	 0.001701	 0.000192	1.607569	 1.472216	 0.024785	 0.069285	 0.027383
399	 0.007146	 0.004152	 0.000050	 0.002813	 0.000078	1.614715	 1.476368	 0.024835	 0.072098	 0.027461
400	 0.007026	 0.004001	 0.000097	 0.002759	 0.000131	1.621741	 1.480369	 0.024932	 0.074857	 0.027592
401	 0.004782	 0.003582	 0.000048	 0.001054	 0.000067	1.626523	 1.483951	 0.024980	 0.075911	 0.027659
402	 0.006467	 0.004156	 0.000075	 0.002033	 0.000130	1.632990	 1.488107	 0.025055	 0.077944	 0.027789
403	 0.008726	 0.003936	 0.000054	 0.004625	 0.000073	1.641716	 1.492043	 0.025109	 0.082569	 0.027862
404	 0.005834	 0.003979	 0.000079	 0.001614	 0.000129	1.647550	 1.496022	 0.025188	 0.084183	 0.027991
405	 0.009135	 0.004101	 0.000046	 0.004890	 0.000068	1.656685	 1.500123	 0.025234	 0.089073	 0.028059
406	 0.006323	 0.003783	 0.000059	 0.002317	 0.000130	1.663008	 1.503906	 0.025293	 0.091390	 0.028189
407	 0.007647	 0.004256	 0.000054	 0.003227	 0.000072	1.670655	 1.508162	 0.025347	 0.094617	 0.028261
408	 0.005081	 0.003897	 0.000076	 0.000933	 0.000134	1.675736	 1.512059	 0.025423	 0.095550	 0.028395
409	 0.010844	 0.004293	 0.000053	 0.006395	 0.000069	1.686580	 1.516352	 0.025476	 0.101945	 0.028464
410	 0.007437	 0.003831	 0.000080	 0.003354	 0.000134	1.694017	 1.520183	 0.025556	 0.105299	 0.028598
411	 0.006861	 0.004013	 0.000054	 0.002686	 0.000072	1.700878	 1.524196	 0.025610	 0.107985	 0.028670
412	 0.006390	 0.004036	 0.000077	 0.002103	 0.000135	1.707268	 1.528232	 0.025687	 0.110088	 0.028805
