Iter 	incumb_est 	candid_est 	error
1 	-1302.000006 	-3335.567279 	-1.561880
2 	-457.718372 	-768.706171 	-0.679430
3 	-506.096975 	-849.714534 	-0.678956
4 	-467.563405 	-512.774658 	-0.096695
5 	-300.074227 	-590.749795 	-0.968679
6 	-362.701773 	-501.042595 	-0.381418
7 	-430.712188 	-488.523659 	-0.134223
8 	-504.327368 	-553.285172 	-0.097075
9 	-295.719093 	-516.558668 	-0.746788
10 	-347.477802 	-350.785340 	-0.009519
11 	-273.223757 	-395.287763 	-0.446755
12 	-335.424579 	-424.069821 	-0.264278
13 	-275.467357 	-315.044504 	-0.143673
14 	-326.122215 	-375.654547 	-0.151883
15 	-303.275505 	-315.953524 	-0.041804
16 	-345.860497 	-352.012624 	-0.017788
17 	-305.714172 	-327.173386 	-0.070194
18 	-343.432017 	-358.884861 	-0.044995
19 	-349.623554 	-365.794245 	-0.046252
20 	-381.374145 	-390.247914 	-0.023268
21 	-340.205996 	-340.898559 	-0.002036
22 	-364.027452 	-370.347272 	-0.017361
23 	-361.668811 	-375.876352 	-0.039283
24 	-387.625751 	-389.746567 	-0.005471
25 	-384.332072 	-394.097665 	-0.025409
26 	-380.870608 	-404.101432 	-0.060994
27 	-364.422784 	-370.426983 	-0.016476
28 	-375.255256 	-391.754934 	-0.043969
29 	-355.751924 	-373.707141 	-0.050471
30 	-375.535432 	-389.437072 	-0.037018
31 	-349.416704 	-371.614992 	-0.063530
32 	-363.886518 	-384.778439 	-0.057413
33 	-320.824910 	-351.574609 	-0.095846
34 	-339.308211 	-355.906326 	-0.048918
35 	-328.568683 	-347.128015 	-0.056485
36 	-347.721387 	-360.936556 	-0.038005
37 	-316.997523 	-337.577448 	-0.064921
38 	-333.190980 	-335.520696 	-0.006992
39 	-315.799978 	-332.940840 	-0.054278
40 	-306.969995 	-317.041787 	-0.032810
41 	-283.038365 	-309.020745 	-0.091798
42 	-300.539024 	-327.398905 	-0.089372
43 	-300.154086 	-318.568748 	-0.061351
44 	-302.365406 	-314.840902 	-0.041260
45 	-279.419909 	-297.096284 	-0.063261
46 	-283.078545 	-289.745127 	-0.023550
47 	-267.967054 	-289.793329 	-0.081451
48 	-283.594116 	-287.473912 	-0.013681
49 	-267.876372 	-286.317988 	-0.068844
50 	-280.708429 	-287.960069 	-0.025833
51 	-270.349167 	-279.425500 	-0.033573
52 	-285.222061 	-286.931771 	-0.005994
53 	-259.784841 	-271.180380 	-0.043865
54 	-274.302522 	-277.893209 	-0.013090
55 	-255.544014 	-259.115327 	-0.013975
56 	-260.075132 	-269.890022 	-0.037739
57 	-259.794976 	-271.814176 	-0.046264
58 	-273.311263 	-277.356752 	-0.014802
59 	-266.735499 	-268.344435 	-0.006032
60 	-274.073874 	-280.031364 	-0.021737
61 	-275.876455 	-279.829834 	-0.014330
62 	-284.718887 	-287.008541 	-0.008042
63 	-285.680516 	-290.775940 	-0.017836
64 	-289.778012 	-295.677248 	-0.020358
65 	-282.781610 	-286.611419 	-0.013543
66 	-286.152476 	-292.928621 	-0.023680
67 	-270.241087 	-271.759342 	-0.005618
68 	-271.095602 	-280.851182 	-0.035986
69 	-263.555255 	-265.105049 	-0.005880
70 	-269.825781 	-274.094001 	-0.015818
71 	-264.653742 	-269.094701 	-0.016780
72 	-275.773287 	-278.485412 	-0.009835
73 	-269.298571 	-269.729742 	-0.001601
74 	-277.905555 	-279.715488 	-0.006513
75 	-279.654889 	-280.805474 	-0.004114
76 	-289.991811 	-290.078009 	-0.000297
77 	-276.655071 	-278.939963 	-0.008259
78 	-286.767886 	-287.292326 	-0.001829
79 	-289.636523 	-291.444890 	-0.006244
80 	-288.440529 	-296.568411 	-0.028179
81 	-290.616539 	-293.861863 	-0.011167
82 	-284.983969 	-294.244040 	-0.032493
83 	-281.341992 	-286.090838 	-0.016879
84 	-288.296704 	-290.602511 	-0.007998
85 	-280.451403 	-285.798919 	-0.019068
86 	-288.082090 	-289.564369 	-0.005145
87 	-276.531260 	-281.744501 	-0.018852
88 	-285.548919 	-287.038864 	-0.005218
89 	-286.473649 	-288.260734 	-0.006238
90 	-285.795779 	-289.145532 	-0.011721
91 	-283.952891 	-288.423456 	-0.015744
92 	-289.977174 	-291.113272 	-0.003918
93 	-292.627530 	-295.881698 	-0.011121
94 	-292.616628 	-296.122457 	-0.011981
95 	-286.286705 	-295.287713 	-0.031441
96 	-294.451274 	-296.029999 	-0.005362
97 	-285.458123 	-287.413253 	-0.006849
98 	-293.559557 	-293.878077 	-0.001085
99 	-290.138821 	-290.164392 	-0.000088
100 	-294.506442 	-294.651085 	-0.000491
101 	-298.266153 	-298.723427 	-0.001533
102 	-296.070618 	-299.876058 	-0.012853
103 	-291.577192 	-292.721391 	-0.003924
104 	-295.067644 	-297.745560 	-0.009076
105 	-290.860430 	-292.887034 	-0.006968
106 	-288.588794 	-292.666304 	-0.014129
107 	-282.573185 	-285.565766 	-0.010590
108 	-280.939176 	-285.052813 	-0.014642
109 	-279.573839 	-283.095952 	-0.012598
110 	-279.663487 	-282.724159 	-0.010944
111 	-277.460965 	-281.364568 	-0.014069
112 	-279.129003 	-281.502164 	-0.008502
113 	-278.935952 	-282.623660 	-0.013221
114 	-285.637644 	-285.818898 	-0.000635
115 	-283.132976 	-284.027748 	-0.003160
116 	-285.007869 	-286.973535 	-0.006897
117 	-288.304671 	-289.678756 	-0.004766
118 	-287.167556 	-288.335289 	-0.004066
119 	-283.195776 	-285.058453 	-0.006577
120 	-282.739186 	-284.420076 	-0.005945
121 	-278.850792 	-281.183494 	-0.008365
122 	-277.896108 	-278.842953 	-0.003407
123 	-277.452827 	-280.218565 	-0.009968
124 	-281.531633 	-282.220200 	-0.002446
125 	-280.998265 	-283.615316 	-0.009313
126 	-283.375297 	-284.446164 	-0.003779
127 	-283.125477 	-284.379018 	-0.004428
128 	-283.016287 	-283.861895 	-0.002988
129 	-281.115556 	-281.712721 	-0.002124
130 	-281.721258 	-282.361927 	-0.002274
131 	-279.650611 	-279.947889 	-0.001063
132 	-279.697130 	-280.070791 	-0.001336
133 	-272.518854 	-272.977507 	-0.001683
134 	-271.002413 	-271.219002 	-0.000799
135 	-266.911888 	-267.537253 	-0.002343
136 	-262.102975 	-262.242450 	-0.000532
137 	-262.692696 	-263.480365 	-0.002998
138 	-260.684273 	-260.803343 	-0.000457
139 	-261.699018 	-262.164608 	-0.001779
140 	-260.649691 	-260.776323 	-0.000486
141 	-259.106966 	-259.701725 	-0.002295
142 	-262.819929 	-262.896540 	-0.000291
143 	-262.467116 	-263.035986 	-0.002167
144 	-265.426124 	-265.538408 	-0.000423
145 	-265.609050 	-266.155665 	-0.002058
146 	-267.124350 	-267.192435 	-0.000255
147 	-268.716151 	-269.242930 	-0.001960
148 	-266.929004 	-266.967639 	-0.000145
149 	-269.146383 	-269.758554 	-0.002274
150 	-270.571270 	-270.591557 	-0.000075
151 	-272.843691 	-273.162935 	-0.001170
152 	-273.346743 	-273.369466 	-0.000083
153 	-274.417071 	-274.588508 	-0.000625
154 	-275.634002 	-275.676326 	-0.000154
155 	-274.245530 	-274.471058 	-0.000822
156 	-277.532197 	-277.555929 	-0.000086
157 	-279.294402 	-279.513907 	-0.000786
158 	-279.604122 	-279.621225 	-0.000061
159 	-276.025290 	-276.142053 	-0.000423
160 	-277.090028 	-277.280188 	-0.000686
161 	-278.558775 	-279.096937 	-0.001932
162 	-278.830066 	-278.896710 	-0.000239
163 	-275.884534 	-276.035149 	-0.000546
164 	-276.238969 	-276.258804 	-0.000072
165 	-276.677702 	-276.708355 	-0.000111
166 	-273.170021 	-273.357945 	-0.000688
167 	-272.968187 	-273.007502 	-0.000144
168 	-275.085681 	-275.132983 	-0.000172
169 	-274.715428 	-275.310840 	-0.002167
170 	-275.828802 	-275.838315 	-0.000034
171 	-272.384556 	-272.421107 	-0.000134
172 	-274.358033 	-274.366284 	-0.000030
173 	-276.484930 	-276.513158 	-0.000102
174 	-273.817342 	-273.828718 	-0.000042
175 	-273.733744 	-273.748273 	-0.000053
176 	-275.360936 	-275.370057 	-0.000033
177 	-275.269562 	-275.295203 	-0.000093
178 	-273.831096 	-273.848537 	-0.000064
179 	-274.381116 	-274.386395 	-0.000019
180 	-276.194769 	-276.221618 	-0.000097
181 	-273.373113 	-273.379574 	-0.000024
182 	-272.902536 	-272.908223 	-0.000021
183 	-271.598112 	-271.606338 	-0.000030
184 	-269.244545 	-269.258515 	-0.000052
185 	-271.967390 	-272.026947 	-0.000219
186 	-273.171409 	-273.190262 	-0.000069
187 	-273.332329 	-273.480489 	-0.000542
188 	-272.636961 	-272.647073 	-0.000037
189 	-271.580685 	-271.588480 	-0.000029
190 	-269.758470 	-269.766487 	-0.000030
191 	-269.341459 	-269.390370 	-0.000182
192 	-269.641818 	-269.656044 	-0.000053
193 	-267.582848 	-267.603467 	-0.000077
194 	-265.162317 	-265.188987 	-0.000101
195 	-265.205023 	-265.210578 	-0.000021
196 	-266.380546 	-266.389156 	-0.000032
197 	-268.463866 	-268.483270 	-0.000072
198 	-269.831777 	-269.849110 	-0.000064
199 	-271.309462 	-271.315487 	-0.000022
200 	-270.144913 	-270.174224 	-0.000109
201 	-268.900371 	-268.900913 	-0.000002
202 	-269.089690 	-269.132753 	-0.000160
203 	-269.786991 	-269.787713 	-0.000003
204 	-271.625752 	-271.673359 	-0.000175
205 	-274.051504 	-274.054740 	-0.000012
206 	-274.804391 	-274.828042 	-0.000086
207 	-275.850784 	-275.851113 	-0.000001
208 	-276.617627 	-276.643380 	-0.000093
209 	-275.755621 	-275.755635 	-0.000000
210 	-277.032793 	-277.070196 	-0.000135
211 	-276.322201 	-278.921819 	-0.009408
212 	-280.131985 	-282.132605 	-0.007142
213 	-274.009487 	-274.053319 	-0.000160
214 	-277.072894 	-278.036904 	-0.003479
215 	-273.208674 	-273.482341 	-0.001002
216 	-274.667424 	-276.926812 	-0.008226
217 	-272.940759 	-275.002260 	-0.007553
218 	-276.661199 	-277.163685 	-0.001816
219 	-271.695544 	-272.054752 	-0.001322
220 	-272.066630 	-275.253407 	-0.011713
221 	-272.245752 	-273.747706 	-0.005517
222 	-275.902287 	-276.372765 	-0.001705
223 	-272.643784 	-273.438558 	-0.002915
224 	-276.265895 	-276.651329 	-0.001395
225 	-271.290005 	-271.864348 	-0.002117
226 	-271.376832 	-274.613681 	-0.011928
227 	-269.585613 	-270.306099 	-0.002673
228 	-273.157590 	-273.268802 	-0.000407
229 	-270.503983 	-270.918789 	-0.001533
230 	-273.929327 	-274.031275 	-0.000372
231 	-271.928109 	-273.275567 	-0.004955
232 	-275.428404 	-276.022811 	-0.002158
233 	-273.275798 	-273.953179 	-0.002479
234 	-273.984327 	-277.271266 	-0.011997
235 	-271.741024 	-274.528887 	-0.010259
236 	-275.182785 	-275.920707 	-0.002682
237 	-269.536371 	-269.963741 	-0.001586
238 	-269.153354 	-272.501814 	-0.012441
239 	-268.614003 	-270.226741 	-0.006004
240 	-272.011430 	-272.474486 	-0.001702
241 	-266.395499 	-266.911021 	-0.001935
242 	-266.422912 	-269.489676 	-0.011511
243 	-266.107475 	-267.524126 	-0.005324
244 	-269.459480 	-269.930354 	-0.001747
245 	-266.701898 	-267.023966 	-0.001208
246 	-269.878332 	-270.015226 	-0.000507
247 	-269.245583 	-269.285485 	-0.000148
248 	-267.205397 	-267.460941 	-0.000956
249 	-270.469292 	-270.476702 	-0.000027
250 	-264.382645 	-264.431804 	-0.000186
251 	-263.552287 	-267.509958 	-0.015017
252 	-264.267922 	-265.260656 	-0.003757
253 	-267.491824 	-267.715837 	-0.000837
254 	-264.551184 	-264.971283 	-0.001588
255 	-267.748690 	-267.801895 	-0.000199
256 	-265.149770 	-265.272225 	-0.000462
257 	-266.741928 	-268.235818 	-0.005601
258 	-266.813585 	-267.951325 	-0.004264
259 	-269.952973 	-270.410889 	-0.001696
260 	-266.617289 	-266.984491 	-0.001377
261 	-267.440990 	-269.625766 	-0.008169
262 	-266.664104 	-267.599077 	-0.003506
263 	-269.756314 	-270.007708 	-0.000932
264 	-264.519623 	-264.691014 	-0.000648
265 	-265.316408 	-267.397726 	-0.007845
266 	-264.519222 	-264.676337 	-0.000594
267 	-266.930250 	-267.578853 	-0.002430
268 	-263.726339 	-263.736492 	-0.000038
269 	-263.292101 	-263.443780 	-0.000576
270 	-265.655768 	-266.278869 	-0.002346
271 	-264.999427 	-265.434221 	-0.001641
272 	-267.999633 	-268.033061 	-0.000125
273 	-265.012727 	-265.084847 	-0.000272
274 	-265.935057 	-267.311553 	-0.005176
275 	-268.916383 	-269.746748 	-0.003088
276 	-267.844719 	-269.756201 	-0.007137
277 	-270.797626 	-271.384630 	-0.002168
278 	-266.640225 	-267.264913 	-0.002343
279 	-269.576280 	-269.746884 	-0.000633
280 	-267.349380 	-268.331139 	-0.003672
281 	-270.262014 	-270.535057 	-0.001010
282 	-264.240085 	-264.934480 	-0.002628
283 	-267.143123 	-267.368040 	-0.000842
284 	-264.585025 	-265.591301 	-0.003803
285 	-267.466480 	-267.801691 	-0.001253
286 	-263.265566 	-263.632212 	-0.001393
287 	-266.131539 	-266.262014 	-0.000490
288 	-262.310393 	-262.680612 	-0.001411
289 	-265.159837 	-265.243877 	-0.000317
290 	-262.547031 	-262.613599 	-0.000254
291 	-263.265802 	-265.245240 	-0.007519
292 	-261.907033 	-262.336742 	-0.001641
293 	-264.549051 	-264.742579 	-0.000732
294 	-262.603564 	-262.685415 	-0.000312
295 	-264.341935 	-265.320411 	-0.003702
296 	-263.427805 	-263.684863 	-0.000976
297 	-266.196734 	-266.291028 	-0.000354
298 	-265.563184 	-266.100314 	-0.002023
299 	-268.306450 	-268.404490 	-0.000365
300 	-264.329223 	-264.340374 	-0.000042
301 	-266.175954 	-267.067287 	-0.003349
302 	-266.799537 	-267.195286 	-0.001483
303 	-269.502508 	-269.601314 	-0.000367
304 	-265.204706 	-265.563232 	-0.001352
305 	-267.895181 	-268.006071 	-0.000414
306 	-267.558575 	-267.611901 	-0.000199
307 	-269.395509 	-270.151887 	-0.002808
308 	-267.721260 	-267.994451 	-0.001020
309 	-270.368763 	-270.507166 	-0.000512
310 	-269.995989 	-270.139452 	-0.000531
311 	-269.913641 	-272.608499 	-0.009984
312 	-266.509534 	-266.613292 	-0.000389
313 	-268.406691 	-269.034654 	-0.002340
314 	-268.686802 	-268.785407 	-0.000367
315 	-270.412663 	-271.037880 	-0.002312
316 	-270.156244 	-271.179585 	-0.003788
317 	-272.357487 	-272.772243 	-0.001523
318 	-270.198111 	-270.807370 	-0.002255
319 	-269.838371 	-272.466055 	-0.009738
320 	-269.302568 	-269.806189 	-0.001870
321 	-271.274746 	-271.786255 	-0.001886
322 	-269.134460 	-270.302619 	-0.004340
323 	-271.662835 	-272.015805 	-0.001299
324 	-266.240328 	-266.498902 	-0.000971
325 	-266.781794 	-268.627488 	-0.006918
326 	-265.169512 	-265.909032 	-0.002789
327 	-267.598394 	-267.860983 	-0.000981
328 	-263.818830 	-264.289044 	-0.001782
329 	-265.494030 	-266.378316 	-0.003331
330 	-261.416447 	-262.283531 	-0.003317
331 	-261.652655 	-263.736385 	-0.007964
332 	-258.887261 	-259.766224 	-0.003395
333 	-260.849555 	-261.511144 	-0.002536
334 	-258.339954 	-259.163576 	-0.003188
335 	-260.165955 	-260.857454 	-0.002658
336 	-258.507035 	-259.393583 	-0.003429
337 	-260.556844 	-261.017269 	-0.001767
338 	-260.254431 	-261.004314 	-0.002881
339 	-259.182105 	-262.575730 	-0.013094
340 	-258.340115 	-259.097407 	-0.002931
341 	-259.443210 	-260.804812 	-0.005248
342 	-258.387379 	-259.214366 	-0.003201
343 	-258.656593 	-260.132616 	-0.005706
344 	-257.831192 	-258.673746 	-0.003268
345 	-258.926394 	-260.076311 	-0.004441
346 	-255.744799 	-256.672995 	-0.003629
347 	-257.596157 	-258.180465 	-0.002268
348 	-255.962336 	-256.951962 	-0.003866
349 	-257.277800 	-258.033919 	-0.002939
350 	-255.909943 	-257.047329 	-0.004444
351 	-258.274302 	-258.357960 	-0.000324
352 	-257.429963 	-257.795817 	-0.001421
353 	-258.648725 	-259.524079 	-0.003384
354 	-257.637464 	-257.843292 	-0.000799
355 	-257.297361 	-258.784332 	-0.005779
356 	-256.235561 	-256.356113 	-0.000470
357 	-257.556243 	-258.315733 	-0.002949
358 	-257.791849 	-257.866502 	-0.000290
359 	-256.775685 	-258.740708 	-0.007653
360 	-255.749697 	-255.785954 	-0.000142
361 	-255.266316 	-256.131350 	-0.003389
362 	-253.257903 	-253.294813 	-0.000146
363 	-252.591346 	-252.646265 	-0.000217
364 	-253.285760 	-254.606508 	-0.005214
365 	-253.214510 	-253.251145 	-0.000145
366 	-254.105608 	-255.057185 	-0.003745
367 	-255.272781 	-255.325420 	-0.000206
368 	-254.785675 	-256.180555 	-0.005475
369 	-253.680308 	-253.776794 	-0.000380
370 	-253.681061 	-254.761794 	-0.004260
371 	-254.752944 	-254.865001 	-0.000440
372 	-255.095065 	-256.023259 	-0.003639
373 	-254.824855 	-254.987220 	-0.000637
374 	-255.842167 	-256.562932 	-0.002817
375 	-256.424018 	-256.640576 	-0.000845
376 	-256.441404 	-257.449122 	-0.003930
377 	-256.814047 	-257.037003 	-0.000868
378 	-257.526405 	-258.343055 	-0.003171
379 	-257.156785 	-257.265564 	-0.000423
380 	-256.810770 	-257.317603 	-0.001974
381 	-256.717510 	-256.834442 	-0.000455
382 	-256.316718 	-256.760967 	-0.001733
383 	-257.153954 	-257.213069 	-0.000230
384 	-257.831993 	-258.407974 	-0.002234
385 	-257.123730 	-257.190917 	-0.000261
386 	-256.156847 	-256.590045 	-0.001691
387 	-256.840764 	-256.915412 	-0.000291
388 	-256.901320 	-257.282791 	-0.001485
389 	-257.877041 	-257.958391 	-0.000315
390 	-259.152258 	-259.546843 	-0.001523
391 	-259.164979 	-259.252176 	-0.000336
392 	-259.814722 	-260.114436 	-0.001154
393 	-260.553807 	-260.645955 	-0.000354
394 	-261.045566 	-261.054089 	-0.000033
395 	-261.315708 	-261.561157 	-0.000939
396 	-262.543685 	-262.556004 	-0.000047
397 	-262.024800 	-262.245583 	-0.000843
398 	-260.539634 	-260.559402 	-0.000076
399 	-259.102695 	-259.271433 	-0.000651
400 	-260.431713 	-260.437909 	-0.000024
401 	-261.402942 	-261.564943 	-0.000620
402 	-260.871050 	-260.883504 	-0.000048
403 	-261.425435 	-261.547343 	-0.000466
404 	-262.254965 	-262.269933 	-0.000057
405 	-261.124053 	-261.234737 	-0.000424
406 	-261.100334 	-261.122972 	-0.000087
407 	-260.916731 	-261.000931 	-0.000323
408 	-260.733304 	-260.764420 	-0.000119
409 	-261.243385 	-261.333560 	-0.000345
410 	-261.886877 	-261.902888 	-0.000061
411 	-262.062553 	-262.144671 	-0.000313
412 	-262.771696 	-262.794255 	-0.000086
