136.952651
137.403689

130.780436
141.047906

136.970800
135.949220

135.699105
140.225643

124.793349
134.419323

124.430456
140.795392

136.902409
140.015968

136.906501
134.757749

130.640646
140.374080

136.905190
143.368358

136.940603
128.244865

130.546645
146.459081

124.823022
151.651451

130.635718
132.209471

131.343023
143.677007

131.207469
149.830055

130.662645
154.464311

136.952651
137.403689

136.942370
147.561186

124.913958
142.165144

137.039493
148.098642

130.632672
147.666539

136.982608
133.858844

136.951438
148.023683

136.625561
135.819930

141.212722
141.414143

130.753555
145.093754

124.817204
145.655214

135.369326
135.668813

136.947452
147.397264

