Problem:                                gscrc
First Stage Rows:                       19
First Stage Columns:                    30
First Stage Non-zeros:                  37
Replication No. 0
Status:                                 REPLICATION SOLUTION
Total Objective Function Upper Bound:   
Total Objective Function Lower Bound:   555747.501257

First Stage Solutions:
   No.   Row name   Activity      Lower bound   Upper bound   Dual          Dual STDEV
------ ------------ ------------- ------------- ------------- ------------- -------------
     0 totalCost     0.000000e+00 
     1 massBalanceP1[Pr1,P1,1]
                     5.000000e+01  5.000000e+01  5.000000e+01 -3.070886e+00 
     2 massBalanceP1[Pr1,P2,1]
                     5.000000e+01  5.000000e+01  5.000000e+01 -4.666297e+01 
     3 massBalanceDC1[Pr1,DC1,1]
                     1.500000e+02  1.500000e+02  1.500000e+02 -4.980000e+02 
     4 massBalanceDC1[Pr1,DC2,1]
                     1.000000e+02  1.000000e+02  1.000000e+02 -4.980000e+02 
     5 massBalanceDC1[Pr1,DC3,1]
                     5.000000e+01  5.000000e+01  5.000000e+01 -4.980000e+02 
     6 capacity1[P1,Pr1,1]
                     7.441856e+02                1.000000e+03  0.000000e+00 
     7 capacity1[P2,Pr1,1]
                     1.098207e+02                8.000000e+02  0.000000e+00 
     8 minimumInv1[P1,Pr1,1]
                     3.333068e+01  2.000000e+01                0.000000e+00 
     9 minimumInv1[P2,Pr1,1]
                     1.000162e+01  1.000000e+01                4.809820e+01 
    10 minimumInv1[DC1,Pr1,1]
                     1.500000e+02  1.500000e+02                4.991157e+02 
    11 minimumInv1[DC2,Pr1,1]
                     1.000000e+02  1.000000e+02                4.764146e+02 
    12 minimumInv1[DC3,Pr1,1]
                     5.000000e+01  5.000000e+01                4.036068e+02 
    13 massBalanceC2[R1,Pr1,1]
                     1.000000e+02  1.000000e+02  1.000000e+02  5.000000e+02 
    14 massBalanceC2[R2,Pr1,1]
                     1.000000e+02  1.000000e+02  1.000000e+02  5.000000e+02 
    15 massBalanceC2[R3,Pr1,1]
                     1.000000e+02  1.000000e+02  1.000000e+02  5.000000e+02 
    16 massBalanceC2[R4,Pr1,1]
                     1.000000e+02  1.000000e+02  1.000000e+02  5.000000e+02 
    17 massBalanceC2[R5,Pr1,1]
                     1.000000e+02  1.000000e+02  1.000000e+02  5.000000e+02 
    18 massBalanceC2[R6,Pr1,1]
                     1.000000e+02  1.000000e+02  1.000000e+02  5.000000e+02 

   No. Column name  Activity      Lower bound   Upper bound   Reduced Cost  RC STDEV
------ ------------ ------------- ------------- ------------- ------------- -------------
     1 F[P1,P2,Pr1,Truck,1]
                     0.000000e+00  0.000000e+00               5.571223e+00 
     2 F[P1,DC1,Pr1,Truck,1]
                     3.024070e+02  0.000000e+00               0.000000e+00 
     3 F[P1,DC2,Pr1,Truck,1]
                     2.998433e+02  0.000000e+00               0.000000e+00 
     4 F[P2,P1,Pr1,Truck,1]
                     6.388800e-05  0.000000e+00               4.877609e+01 
     5 F[P2,DC3,Pr1,Truck,1]
                     1.498190e+02  0.000000e+00               0.000000e+00 
     6 F[DC1,P1,Pr1,Truck,1]
                     0.000000e+00  0.000000e+00               5.001157e+02 
     7 F[DC2,P1,Pr1,Truck,1]
                     0.000000e+00  0.000000e+00               5.001157e+02 
     8 F[DC2,DC3,Pr1,Truck,1]
                     0.000000e+00  0.000000e+00               4.046068e+02 
     9 F[DC3,P2,Pr1,Truck,1]
                     0.000000e+00  0.000000e+00               5.005000e+02 
    10 F[DC3,DC2,Pr1,Truck,1]
                     0.000000e+00  0.000000e+00               4.774146e+02 
    11 I[P1,Pr1,1]   3.333068e+01  0.000000e+00               0.000000e+00 
    12 I[P2,Pr1,1]   1.000162e+01  0.000000e+00               0.000000e+00 
    13 I[DC1,Pr1,1]  1.500000e+02  0.000000e+00               0.000000e+00 
    14 I[DC2,Pr1,1]  1.000000e+02  0.000000e+00               0.000000e+00 
    15 I[DC3,Pr1,1]  5.000000e+01  0.000000e+00               0.000000e+00 
    16 S[P1,R1,Pr1,Truck,1]
                     1.586045e+02  0.000000e+00               0.000000e+00 
    17 S[DC1,R1,Pr1,Truck,1]
                     0.000000e+00  0.000000e+00               5.000000e+02 
    18 S[DC1,R2,Pr1,Truck,1]
                     0.000000e+00  0.000000e+00               0.000000e+00 
    19 S[DC1,R3,Pr1,Truck,1]
                     0.000000e+00  0.000000e+00               0.000000e+00 
    20 S[DC2,R4,Pr1,Truck,1]
                     0.000000e+00  0.000000e+00               0.000000e+00 
    21 S[DC2,R5,Pr1,Truck,1]
                     0.000000e+00  0.000000e+00               0.000000e+00 
    22 S[DC3,R6,Pr1,Truck,1]
                     0.000000e+00  0.000000e+00               0.000000e+00 
    23 W[P1,Pr1,1]   7.441856e+02  0.000000e+00               0.000000e+00 
    24 W[P2,Pr1,1]   1.098207e+02  0.000000e+00               0.000000e+00 
    25 SF[R1,Pr1,1]  1.000000e+02  0.000000e+00               0.000000e+00 
    26 SF[R2,Pr1,1]  1.000000e+02  0.000000e+00               0.000000e+00 
    27 SF[R3,Pr1,1]  1.000000e+02  0.000000e+00               0.000000e+00 
    28 SF[R4,Pr1,1]  1.000000e+02  0.000000e+00               0.000000e+00 
    29 SF[R5,Pr1,1]  1.000000e+02  0.000000e+00               0.000000e+00 
    30 SF[R6,Pr1,1]  1.000000e+02  0.000000e+00               0.000000e+00 


