Here are the duals for batch0
-3.070886
-46.662966
-497.999999
-497.999999
-497.999999
-0.000000
0.000000
0.000002
48.098198
499.115658
476.414591
403.606767
500.000000
500.000000
500.000000
500.000000
500.000000
500.000000
0.000000
0.000000
0.000000
0.000000
0.000000
0.000000
0.000000
0.000000
0.000000
0.000000
0.000000
0.000000
0.000000
0.000000
0.000000
0.000000
0.000000
0.000000
0.000000
0.000000
0.000000
0.000000
0.000000
0.000000
0.000000
0.000000
0.000000
0.000000
0.000000
0.000000
0.000000
0.000000
1.000000
Here are the dual slacks for batch0
5.571223
0.000000
0.000000
48.776093
0.000000
500.115658
500.115658
404.606767
500.499999
477.414591
0.000000
-0.000000
0.000000
0.000000
0.000000
0.000000
499.999999
0.000000
0.000000
0.000000
0.000000
0.000000
0.000000
0.000000
0.000000
0.000000
0.000000
0.000000
0.000000
0.000000
