Problem:                                baa99_m
First Stage Rows:                       1
First Stage Columns:                    2
First Stage Non-zeros:                  0
Number of replications:                 30
Status:                                 COMPROMISE SOLUTION
Total Objective Function Upper Bound:   -327.270,[-332.593801,-321.946879],half-width:5.323, stdev:2.716
Total Objective Function Lower Bound:   -331.385,[-336.969331,-325.800595],half-width:5.584, stdev:2.849

First Stage Solutions:
   No.   Row name   Activity      Lower bound   Upper bound   Dual          Dual STDEV
------ ------------ ------------- ------------- ------------- ------------- -------------
     0 obj          -3.272703e+02 

   No. Column name  Activity      Lower bound   Upper bound   Reduced Cost  RC STDEV
------ ------------ ------------- ------------- ------------- ------------- -------------
     1 x1            8.729465e+01  0.000000e+00  2.170000e+02  0.000000e+00  0.000000e+00 
     2 x2            1.941537e+02  0.000000e+00  2.170000e+02  0.000000e+00  0.000000e+00 


Problem:                                baa99_m
First Stage Rows:                       1
First Stage Columns:                    2
First Stage Non-zeros:                  0
Number of replications:                 30
Status:                                 MEAN SOLUTION
Total Objective Function Upper Bound:   -327.270,[-332.593447,-321.945602],half-width:5.324, stdev:2.716
Total Objective Function Lower Bound:   -331.385,[-336.969331,-325.800595],half-width:5.584, stdev:2.849

First Stage Solutions:
   No.   Row name   Activity      Lower bound   Upper bound   Dual          Dual STDEV
------ ------------ ------------- ------------- ------------- ------------- -------------
     0 obj          -3.272695e+02 

   No. Column name  Activity      Lower bound   Upper bound   Reduced Cost  RC STDEV
------ ------------ ------------- ------------- ------------- ------------- -------------
     1 x1            8.730682e+01  0.000000e+00  2.170000e+02  0.000000e+00  0.000000e+00 
     2 x2            1.941664e+02  0.000000e+00  2.170000e+02  0.000000e+00  0.000000e+00 


