Problem:                                baa99_m
First Stage Rows:                       1
First Stage Columns:                    2
First Stage Non-zeros:                  0
Replication No. 0
Status:                                 REPLICATION SOLUTION
Total Objective Function Upper Bound:   
Total Objective Function Lower Bound:   -329.109860

First Stage Solutions:
   No.   Row name   Activity      Lower bound   Upper bound   Dual          Dual STDEV
------ ------------ ------------- ------------- ------------- ------------- -------------
     0 obj           0.000000e+00 

   No. Column name  Activity      Lower bound   Upper bound   Reduced Cost  RC STDEV
------ ------------ ------------- ------------- ------------- ------------- -------------
     1 x1            8.861649e+01  0.000000e+00  2.170000e+02  0.000000e+00 
     2 x2            1.972946e+02  0.000000e+00  2.170000e+02  0.000000e+00 


Problem:                                baa99_m
First Stage Rows:                       1
First Stage Columns:                    2
First Stage Non-zeros:                  0
Replication No. 1
Status:                                 REPLICATION SOLUTION
Total Objective Function Upper Bound:   
Total Objective Function Lower Bound:   -342.830635

First Stage Solutions:
   No.   Row name   Activity      Lower bound   Upper bound   Dual          Dual STDEV
------ ------------ ------------- ------------- ------------- ------------- -------------
     0 obj           0.000000e+00 

   No. Column name  Activity      Lower bound   Upper bound   Reduced Cost  RC STDEV
------ ------------ ------------- ------------- ------------- ------------- -------------
     1 x1            8.870926e+01  0.000000e+00  2.170000e+02  0.000000e+00 
     2 x2            1.912268e+02  0.000000e+00  2.170000e+02  0.000000e+00 


Problem:                                baa99_m
First Stage Rows:                       1
First Stage Columns:                    2
First Stage Non-zeros:                  0
Replication No. 2
Status:                                 REPLICATION SOLUTION
Total Objective Function Upper Bound:   
Total Objective Function Lower Bound:   -318.975043

First Stage Solutions:
   No.   Row name   Activity      Lower bound   Upper bound   Dual          Dual STDEV
------ ------------ ------------- ------------- ------------- ------------- -------------
     0 obj           0.000000e+00 

   No. Column name  Activity      Lower bound   Upper bound   Reduced Cost  RC STDEV
------ ------------ ------------- ------------- ------------- ------------- -------------
     1 x1            8.365130e+01  0.000000e+00  2.170000e+02  0.000000e+00 
     2 x2            2.024699e+02  0.000000e+00  2.170000e+02  0.000000e+00 


Problem:                                baa99_m
First Stage Rows:                       1
First Stage Columns:                    2
First Stage Non-zeros:                  0
Replication No. 3
Status:                                 REPLICATION SOLUTION
Total Objective Function Upper Bound:   
Total Objective Function Lower Bound:   -310.145095

First Stage Solutions:
   No.   Row name   Activity      Lower bound   Upper bound   Dual          Dual STDEV
------ ------------ ------------- ------------- ------------- ------------- -------------
     0 obj           0.000000e+00 

   No. Column name  Activity      Lower bound   Upper bound   Reduced Cost  RC STDEV
------ ------------ ------------- ------------- ------------- ------------- -------------
     1 x1            8.332483e+01  0.000000e+00  2.170000e+02  0.000000e+00 
     2 x2            2.002274e+02  0.000000e+00  2.170000e+02  0.000000e+00 


Problem:                                baa99_m
First Stage Rows:                       1
First Stage Columns:                    2
First Stage Non-zeros:                  0
Replication No. 4
Status:                                 REPLICATION SOLUTION
Total Objective Function Upper Bound:   
Total Objective Function Lower Bound:   -309.760079

First Stage Solutions:
   No.   Row name   Activity      Lower bound   Upper bound   Dual          Dual STDEV
------ ------------ ------------- ------------- ------------- ------------- -------------
     0 obj           0.000000e+00 

   No. Column name  Activity      Lower bound   Upper bound   Reduced Cost  RC STDEV
------ ------------ ------------- ------------- ------------- ------------- -------------
     1 x1            8.340392e+01  0.000000e+00  2.170000e+02  0.000000e+00 
     2 x2            1.825043e+02  0.000000e+00  2.170000e+02  0.000000e+00 


Problem:                                baa99_m
First Stage Rows:                       1
First Stage Columns:                    2
First Stage Non-zeros:                  0
Replication No. 5
Status:                                 REPLICATION SOLUTION
Total Objective Function Upper Bound:   
Total Objective Function Lower Bound:   -311.583104

First Stage Solutions:
   No.   Row name   Activity      Lower bound   Upper bound   Dual          Dual STDEV
------ ------------ ------------- ------------- ------------- ------------- -------------
     0 obj           1.000000e+01 

   No. Column name  Activity      Lower bound   Upper bound   Reduced Cost  RC STDEV
------ ------------ ------------- ------------- ------------- ------------- -------------
     1 x1            8.347814e+01  0.000000e+00  2.170000e+02  0.000000e+00 
     2 x2            1.902629e+02  0.000000e+00  2.170000e+02  0.000000e+00 


Problem:                                baa99_m
First Stage Rows:                       1
First Stage Columns:                    2
First Stage Non-zeros:                  0
Replication No. 6
Status:                                 REPLICATION SOLUTION
Total Objective Function Upper Bound:   
Total Objective Function Lower Bound:   -357.627690

First Stage Solutions:
   No.   Row name   Activity      Lower bound   Upper bound   Dual          Dual STDEV
------ ------------ ------------- ------------- ------------- ------------- -------------
     0 obj           0.000000e+00 

   No. Column name  Activity      Lower bound   Upper bound   Reduced Cost  RC STDEV
------ ------------ ------------- ------------- ------------- ------------- -------------
     1 x1            9.381728e+01  0.000000e+00  2.170000e+02  0.000000e+00 
     2 x2            1.871267e+02  0.000000e+00  2.170000e+02  0.000000e+00 


Problem:                                baa99_m
First Stage Rows:                       1
First Stage Columns:                    2
First Stage Non-zeros:                  0
Replication No. 7
Status:                                 REPLICATION SOLUTION
Total Objective Function Upper Bound:   
Total Objective Function Lower Bound:   -345.884680

First Stage Solutions:
   No.   Row name   Activity      Lower bound   Upper bound   Dual          Dual STDEV
------ ------------ ------------- ------------- ------------- ------------- -------------
     0 obj           0.000000e+00 

   No. Column name  Activity      Lower bound   Upper bound   Reduced Cost  RC STDEV
------ ------------ ------------- ------------- ------------- ------------- -------------
     1 x1            8.867439e+01  0.000000e+00  2.170000e+02  0.000000e+00 
     2 x2            1.883980e+02  0.000000e+00  2.170000e+02  0.000000e+00 


Problem:                                baa99_m
First Stage Rows:                       1
First Stage Columns:                    2
First Stage Non-zeros:                  0
Replication No. 8
Status:                                 REPLICATION SOLUTION
Total Objective Function Upper Bound:   
Total Objective Function Lower Bound:   -310.997511

First Stage Solutions:
   No.   Row name   Activity      Lower bound   Upper bound   Dual          Dual STDEV
------ ------------ ------------- ------------- ------------- ------------- -------------
     0 obj           0.000000e+00 

   No. Column name  Activity      Lower bound   Upper bound   Reduced Cost  RC STDEV
------ ------------ ------------- ------------- ------------- ------------- -------------
     1 x1            8.895622e+01  0.000000e+00  2.170000e+02  0.000000e+00 
     2 x2            1.969840e+02  0.000000e+00  2.170000e+02  0.000000e+00 


Problem:                                baa99_m
First Stage Rows:                       1
First Stage Columns:                    2
First Stage Non-zeros:                  0
Replication No. 9
Status:                                 REPLICATION SOLUTION
Total Objective Function Upper Bound:   
Total Objective Function Lower Bound:   -339.364010

First Stage Solutions:
   No.   Row name   Activity      Lower bound   Upper bound   Dual          Dual STDEV
------ ------------ ------------- ------------- ------------- ------------- -------------
     0 obj           0.000000e+00 

   No. Column name  Activity      Lower bound   Upper bound   Reduced Cost  RC STDEV
------ ------------ ------------- ------------- ------------- ------------- -------------
     1 x1            8.572846e+01  0.000000e+00  2.170000e+02  0.000000e+00 
     2 x2            1.954905e+02  0.000000e+00  2.170000e+02  0.000000e+00 


Problem:                                baa99_m
First Stage Rows:                       1
First Stage Columns:                    2
First Stage Non-zeros:                  0
Replication No. 10
Status:                                 REPLICATION SOLUTION
Total Objective Function Upper Bound:   
Total Objective Function Lower Bound:   -358.487687

First Stage Solutions:
   No.   Row name   Activity      Lower bound   Upper bound   Dual          Dual STDEV
------ ------------ ------------- ------------- ------------- ------------- -------------
     0 obj           0.000000e+00 

   No. Column name  Activity      Lower bound   Upper bound   Reduced Cost  RC STDEV
------ ------------ ------------- ------------- ------------- ------------- -------------
     1 x1            8.872283e+01  0.000000e+00  2.170000e+02  0.000000e+00 
     2 x2            1.839058e+02  0.000000e+00  2.170000e+02  0.000000e+00 


Problem:                                baa99_m
First Stage Rows:                       1
First Stage Columns:                    2
First Stage Non-zeros:                  0
Replication No. 11
Status:                                 REPLICATION SOLUTION
Total Objective Function Upper Bound:   
Total Objective Function Lower Bound:   -298.759035

First Stage Solutions:
   No.   Row name   Activity      Lower bound   Upper bound   Dual          Dual STDEV
------ ------------ ------------- ------------- ------------- ------------- -------------
     0 obj           0.000000e+00 

   No. Column name  Activity      Lower bound   Upper bound   Reduced Cost  RC STDEV
------ ------------ ------------- ------------- ------------- ------------- -------------
     1 x1            8.312226e+01  0.000000e+00  2.170000e+02  0.000000e+00 
     2 x2            2.067776e+02  0.000000e+00  2.170000e+02  0.000000e+00 


Problem:                                baa99_m
First Stage Rows:                       1
First Stage Columns:                    2
First Stage Non-zeros:                  0
Replication No. 12
Status:                                 REPLICATION SOLUTION
Total Objective Function Upper Bound:   
Total Objective Function Lower Bound:   -314.360455

First Stage Solutions:
   No.   Row name   Activity      Lower bound   Upper bound   Dual          Dual STDEV
------ ------------ ------------- ------------- ------------- ------------- -------------
     0 obj           0.000000e+00 

   No. Column name  Activity      Lower bound   Upper bound   Reduced Cost  RC STDEV
------ ------------ ------------- ------------- ------------- ------------- -------------
     1 x1            8.375822e+01  0.000000e+00  2.170000e+02  0.000000e+00 
     2 x2            1.962690e+02  0.000000e+00  2.170000e+02  0.000000e+00 


Problem:                                baa99_m
First Stage Rows:                       1
First Stage Columns:                    2
First Stage Non-zeros:                  0
Replication No. 13
Status:                                 REPLICATION SOLUTION
Total Objective Function Upper Bound:   
Total Objective Function Lower Bound:   -351.502887

First Stage Solutions:
   No.   Row name   Activity      Lower bound   Upper bound   Dual          Dual STDEV
------ ------------ ------------- ------------- ------------- ------------- -------------
     0 obj           0.000000e+00 

   No. Column name  Activity      Lower bound   Upper bound   Reduced Cost  RC STDEV
------ ------------ ------------- ------------- ------------- ------------- -------------
     1 x1            8.863955e+01  0.000000e+00  2.170000e+02  0.000000e+00 
     2 x2            1.783012e+02  0.000000e+00  2.170000e+02  0.000000e+00 


Problem:                                baa99_m
First Stage Rows:                       1
First Stage Columns:                    2
First Stage Non-zeros:                  0
Replication No. 14
Status:                                 REPLICATION SOLUTION
Total Objective Function Upper Bound:   
Total Objective Function Lower Bound:   -333.818232

First Stage Solutions:
   No.   Row name   Activity      Lower bound   Upper bound   Dual          Dual STDEV
------ ------------ ------------- ------------- ------------- ------------- -------------
     0 obj           0.000000e+00 

   No. Column name  Activity      Lower bound   Upper bound   Reduced Cost  RC STDEV
------ ------------ ------------- ------------- ------------- ------------- -------------
     1 x1            8.854949e+01  0.000000e+00  2.170000e+02  0.000000e+00 
     2 x2            1.915150e+02  0.000000e+00  2.170000e+02  0.000000e+00 


Problem:                                baa99_m
First Stage Rows:                       1
First Stage Columns:                    2
First Stage Non-zeros:                  0
Replication No. 15
Status:                                 REPLICATION SOLUTION
Total Objective Function Upper Bound:   
Total Objective Function Lower Bound:   -329.947161

First Stage Solutions:
   No.   Row name   Activity      Lower bound   Upper bound   Dual          Dual STDEV
------ ------------ ------------- ------------- ------------- ------------- -------------
     0 obj           0.000000e+00 

   No. Column name  Activity      Lower bound   Upper bound   Reduced Cost  RC STDEV
------ ------------ ------------- ------------- ------------- ------------- -------------
     1 x1            8.339731e+01  0.000000e+00  2.170000e+02  0.000000e+00 
     2 x2            2.020578e+02  0.000000e+00  2.170000e+02  0.000000e+00 


Problem:                                baa99_m
First Stage Rows:                       1
First Stage Columns:                    2
First Stage Non-zeros:                  0
Replication No. 16
Status:                                 REPLICATION SOLUTION
Total Objective Function Upper Bound:   
Total Objective Function Lower Bound:   -325.830757

First Stage Solutions:
   No.   Row name   Activity      Lower bound   Upper bound   Dual          Dual STDEV
------ ------------ ------------- ------------- ------------- ------------- -------------
     0 obj           0.000000e+00 

   No. Column name  Activity      Lower bound   Upper bound   Reduced Cost  RC STDEV
------ ------------ ------------- ------------- ------------- ------------- -------------
     1 x1            8.864671e+01  0.000000e+00  2.170000e+02  0.000000e+00 
     2 x2            2.019618e+02  0.000000e+00  2.170000e+02  0.000000e+00 


Problem:                                baa99_m
First Stage Rows:                       1
First Stage Columns:                    2
First Stage Non-zeros:                  0
Replication No. 17
Status:                                 REPLICATION SOLUTION
Total Objective Function Upper Bound:   
Total Objective Function Lower Bound:   -329.109860

First Stage Solutions:
   No.   Row name   Activity      Lower bound   Upper bound   Dual          Dual STDEV
------ ------------ ------------- ------------- ------------- ------------- -------------
     0 obj           0.000000e+00 

   No. Column name  Activity      Lower bound   Upper bound   Reduced Cost  RC STDEV
------ ------------ ------------- ------------- ------------- ------------- -------------
     1 x1            8.861649e+01  0.000000e+00  2.170000e+02  0.000000e+00 
     2 x2            1.972946e+02  0.000000e+00  2.170000e+02  0.000000e+00 


Problem:                                baa99_m
First Stage Rows:                       1
First Stage Columns:                    2
First Stage Non-zeros:                  0
Replication No. 18
Status:                                 REPLICATION SOLUTION
Total Objective Function Upper Bound:   
Total Objective Function Lower Bound:   -335.322890

First Stage Solutions:
   No.   Row name   Activity      Lower bound   Upper bound   Dual          Dual STDEV
------ ------------ ------------- ------------- ------------- ------------- -------------
     0 obj           0.000000e+00 

   No. Column name  Activity      Lower bound   Upper bound   Reduced Cost  RC STDEV
------ ------------ ------------- ------------- ------------- ------------- -------------
     1 x1            8.853642e+01  0.000000e+00  2.170000e+02  0.000000e+00 
     2 x2            1.986683e+02  0.000000e+00  2.170000e+02  0.000000e+00 


Problem:                                baa99_m
First Stage Rows:                       1
First Stage Columns:                    2
First Stage Non-zeros:                  0
Replication No. 19
Status:                                 REPLICATION SOLUTION
Total Objective Function Upper Bound:   
Total Objective Function Lower Bound:   -333.628392

First Stage Solutions:
   No.   Row name   Activity      Lower bound   Upper bound   Dual          Dual STDEV
------ ------------ ------------- ------------- ------------- ------------- -------------
     0 obj           2.003894e+00 

   No. Column name  Activity      Lower bound   Upper bound   Reduced Cost  RC STDEV
------ ------------ ------------- ------------- ------------- ------------- -------------
     1 x1            8.399364e+01  0.000000e+00  2.170000e+02  0.000000e+00 
     2 x2            1.908687e+02  0.000000e+00  2.170000e+02  0.000000e+00 


Problem:                                baa99_m
First Stage Rows:                       1
First Stage Columns:                    2
First Stage Non-zeros:                  0
Replication No. 20
Status:                                 REPLICATION SOLUTION
Total Objective Function Upper Bound:   
Total Objective Function Lower Bound:   -339.148409

First Stage Solutions:
   No.   Row name   Activity      Lower bound   Upper bound   Dual          Dual STDEV
------ ------------ ------------- ------------- ------------- ------------- -------------
     0 obj           0.000000e+00 

   No. Column name  Activity      Lower bound   Upper bound   Reduced Cost  RC STDEV
------ ------------ ------------- ------------- ------------- ------------- -------------
     1 x1            9.036715e+01  0.000000e+00  2.170000e+02  0.000000e+00 
     2 x2            2.039547e+02  0.000000e+00  2.170000e+02  0.000000e+00 


Problem:                                baa99_m
First Stage Rows:                       1
First Stage Columns:                    2
First Stage Non-zeros:                  0
Replication No. 21
Status:                                 REPLICATION SOLUTION
Total Objective Function Upper Bound:   
Total Objective Function Lower Bound:   -344.375959

First Stage Solutions:
   No.   Row name   Activity      Lower bound   Upper bound   Dual          Dual STDEV
------ ------------ ------------- ------------- ------------- ------------- -------------
     0 obj           0.000000e+00 

   No. Column name  Activity      Lower bound   Upper bound   Reduced Cost  RC STDEV
------ ------------ ------------- ------------- ------------- ------------- -------------
     1 x1            8.868305e+01  0.000000e+00  2.170000e+02  0.000000e+00 
     2 x2            1.965847e+02  0.000000e+00  2.170000e+02  0.000000e+00 


Problem:                                baa99_m
First Stage Rows:                       1
First Stage Columns:                    2
First Stage Non-zeros:                  0
Replication No. 22
Status:                                 REPLICATION SOLUTION
Total Objective Function Upper Bound:   
Total Objective Function Lower Bound:   -340.384316

First Stage Solutions:
   No.   Row name   Activity      Lower bound   Upper bound   Dual          Dual STDEV
------ ------------ ------------- ------------- ------------- ------------- -------------
     0 obj           0.000000e+00 

   No. Column name  Activity      Lower bound   Upper bound   Reduced Cost  RC STDEV
------ ------------ ------------- ------------- ------------- ------------- -------------
     1 x1            8.825790e+01  0.000000e+00  2.170000e+02  0.000000e+00 
     2 x2            1.969067e+02  0.000000e+00  2.170000e+02  0.000000e+00 


Problem:                                baa99_m
First Stage Rows:                       1
First Stage Columns:                    2
First Stage Non-zeros:                  0
Replication No. 23
Status:                                 REPLICATION SOLUTION
Total Objective Function Upper Bound:   
Total Objective Function Lower Bound:   -349.646824

First Stage Solutions:
   No.   Row name   Activity      Lower bound   Upper bound   Dual          Dual STDEV
------ ------------ ------------- ------------- ------------- ------------- -------------
     0 obj           0.000000e+00 

   No. Column name  Activity      Lower bound   Upper bound   Reduced Cost  RC STDEV
------ ------------ ------------- ------------- ------------- ------------- -------------
     1 x1            9.357524e+01  0.000000e+00  2.170000e+02  0.000000e+00 
     2 x2            1.927288e+02  0.000000e+00  2.170000e+02  0.000000e+00 


Problem:                                baa99_m
First Stage Rows:                       1
First Stage Columns:                    2
First Stage Non-zeros:                  0
Replication No. 24
Status:                                 REPLICATION SOLUTION
Total Objective Function Upper Bound:   
Total Objective Function Lower Bound:   -322.048740

First Stage Solutions:
   No.   Row name   Activity      Lower bound   Upper bound   Dual          Dual STDEV
------ ------------ ------------- ------------- ------------- ------------- -------------
     0 obj           0.000000e+00 

   No. Column name  Activity      Lower bound   Upper bound   Reduced Cost  RC STDEV
------ ------------ ------------- ------------- ------------- ------------- -------------
     1 x1            8.864850e+01  0.000000e+00  2.170000e+02  0.000000e+00 
     2 x2            1.906361e+02  0.000000e+00  2.170000e+02  0.000000e+00 


Problem:                                baa99_m
First Stage Rows:                       1
First Stage Columns:                    2
First Stage Non-zeros:                  0
Replication No. 25
Status:                                 REPLICATION SOLUTION
Total Objective Function Upper Bound:   
Total Objective Function Lower Bound:   -314.088589

First Stage Solutions:
   No.   Row name   Activity      Lower bound   Upper bound   Dual          Dual STDEV
------ ------------ ------------- ------------- ------------- ------------- -------------
     0 obj           0.000000e+00 

   No. Column name  Activity      Lower bound   Upper bound   Reduced Cost  RC STDEV
------ ------------ ------------- ------------- ------------- ------------- -------------
     1 x1            8.416068e+01  0.000000e+00  2.170000e+02  0.000000e+00 
     2 x2            2.008946e+02  0.000000e+00  2.170000e+02  0.000000e+00 


Problem:                                baa99_m
First Stage Rows:                       1
First Stage Columns:                    2
First Stage Non-zeros:                  0
Replication No. 26
Status:                                 REPLICATION SOLUTION
Total Objective Function Upper Bound:   
Total Objective Function Lower Bound:   -335.394536

First Stage Solutions:
   No.   Row name   Activity      Lower bound   Upper bound   Dual          Dual STDEV
------ ------------ ------------- ------------- ------------- ------------- -------------
     0 obj           0.000000e+00 

   No. Column name  Activity      Lower bound   Upper bound   Reduced Cost  RC STDEV
------ ------------ ------------- ------------- ------------- ------------- -------------
     1 x1            8.414924e+01  0.000000e+00  2.170000e+02  0.000000e+00 
     2 x2            1.952063e+02  0.000000e+00  2.170000e+02  0.000000e+00 


Problem:                                baa99_m
First Stage Rows:                       1
First Stage Columns:                    2
First Stage Non-zeros:                  0
Replication No. 27
Status:                                 REPLICATION SOLUTION
Total Objective Function Upper Bound:   
Total Objective Function Lower Bound:   -332.970491

First Stage Solutions:
   No.   Row name   Activity      Lower bound   Upper bound   Dual          Dual STDEV
------ ------------ ------------- ------------- ------------- ------------- -------------
     0 obj           0.000000e+00 

   No. Column name  Activity      Lower bound   Upper bound   Reduced Cost  RC STDEV
------ ------------ ------------- ------------- ------------- ------------- -------------
     1 x1            8.177006e+01  0.000000e+00  2.170000e+02  0.000000e+00 
     2 x2            1.906925e+02  0.000000e+00  2.170000e+02  0.000000e+00 


Problem:                                baa99_m
First Stage Rows:                       1
First Stage Columns:                    2
First Stage Non-zeros:                  0
Replication No. 28
Status:                                 REPLICATION SOLUTION
Total Objective Function Upper Bound:   
Total Objective Function Lower Bound:   -352.062386

First Stage Solutions:
   No.   Row name   Activity      Lower bound   Upper bound   Dual          Dual STDEV
------ ------------ ------------- ------------- ------------- ------------- -------------
     0 obj           0.000000e+00 

   No. Column name  Activity      Lower bound   Upper bound   Reduced Cost  RC STDEV
------ ------------ ------------- ------------- ------------- ------------- -------------
     1 x1            9.153331e+01  0.000000e+00  2.170000e+02  0.000000e+00 
     2 x2            1.811240e+02  0.000000e+00  2.170000e+02  0.000000e+00 


Problem:                                baa99_m
First Stage Rows:                       1
First Stage Columns:                    2
First Stage Non-zeros:                  0
Replication No. 29
Status:                                 REPLICATION SOLUTION
Total Objective Function Upper Bound:   
Total Objective Function Lower Bound:   -324.383564

First Stage Solutions:
   No.   Row name   Activity      Lower bound   Upper bound   Dual          Dual STDEV
------ ------------ ------------- ------------- ------------- ------------- -------------
     0 obj           0.000000e+00 

   No. Column name  Activity      Lower bound   Upper bound   Reduced Cost  RC STDEV
------ ------------ ------------- ------------- ------------- ------------- -------------
     1 x1            9.371635e+01  0.000000e+00  2.170000e+02  0.000000e+00 
     2 x2            1.966578e+02  0.000000e+00  2.170000e+02  0.000000e+00 


