88.616490
197.294572

88.709259
191.226809

83.651296
202.469902

83.324833
200.227394

83.403917
182.504291

83.478139
190.262940

93.817284
187.126692

88.674390
188.398047

88.956216
196.983969

85.728458
195.490459

88.722826
183.905847

83.122259
206.777581

83.758225
196.268979

88.639551
178.301222

88.549491
191.515036

83.397311
202.057799

88.646711
201.961849

88.616490
197.294572

88.536418
198.668344

83.993641
190.868680

90.367147
203.954663

88.683049
196.584684

88.257905
196.906698

93.575237
192.728813

88.648496
190.636058

84.160682
200.894560

84.149239
195.206343

81.770065
190.692484

91.533314
181.124001

93.716354
196.657823

