Iter 	incumb_est 	candid_est 	error
1 	-1301.999999 	-3335.567279 	-1.561880
2 	-467.676699 	-786.839919 	-0.682444
3 	-564.558807 	-876.818483 	-0.553104
4 	-484.256392 	-529.547006 	-0.093526
5 	-341.252217 	-615.530921 	-0.803742
6 	-418.046142 	-579.892701 	-0.387150
7 	-457.254636 	-495.418621 	-0.083463
8 	-481.429927 	-527.262425 	-0.095201
9 	-278.851549 	-544.510680 	-0.952690
10 	-360.499366 	-416.856585 	-0.156331
11 	-288.498759 	-408.003310 	-0.414229
12 	-301.935832 	-338.121432 	-0.119845
13 	-250.722051 	-406.850163 	-0.622714
14 	-303.234635 	-395.256168 	-0.303466
15 	-314.163216 	-340.837224 	-0.084905
16 	-358.030250 	-362.880509 	-0.013547
17 	-319.023482 	-342.037914 	-0.072140
18 	-357.746387 	-371.614991 	-0.038767
19 	-361.422766 	-384.481409 	-0.063800
20 	-394.153416 	-402.724863 	-0.021746
21 	-349.702845 	-367.481309 	-0.050839
22 	-379.990705 	-387.271871 	-0.019161
23 	-370.154705 	-384.227493 	-0.038019
24 	-376.412913 	-383.636802 	-0.019191
25 	-387.453591 	-399.479927 	-0.031039
26 	-411.629829 	-419.751242 	-0.019730
27 	-372.391706 	-379.176601 	-0.018220
28 	-395.378994 	-398.163891 	-0.007044
29 	-367.899642 	-376.066213 	-0.022198
30 	-389.504179 	-390.771990 	-0.003255
31 	-367.920558 	-370.578564 	-0.007224
32 	-349.980821 	-384.564797 	-0.098817
33 	-342.362558 	-346.433877 	-0.011892
34 	-362.176476 	-364.494271 	-0.006400
35 	-337.944211 	-340.198883 	-0.006672
36 	-318.235193 	-336.287367 	-0.056726
37 	-325.653688 	-348.150035 	-0.069081
38 	-343.821637 	-360.589449 	-0.048769
39 	-323.810561 	-336.536326 	-0.039300
40 	-313.733138 	-325.947570 	-0.038933
41 	-292.931821 	-317.829728 	-0.084996
42 	-310.148582 	-322.349710 	-0.039340
43 	-309.156579 	-315.882018 	-0.021754
44 	-297.706228 	-309.736625 	-0.040410
45 	-287.847505 	-306.796622 	-0.065830
46 	-303.677685 	-315.744562 	-0.039736
47 	-275.868682 	-295.277309 	-0.070355
48 	-291.288829 	-298.873295 	-0.026038
49 	-277.790234 	-295.323729 	-0.063118
50 	-293.378986 	-295.955877 	-0.008783
51 	-276.212615 	-288.123803 	-0.043123
52 	-290.943196 	-295.100484 	-0.014289
53 	-265.417766 	-280.212157 	-0.055740
54 	-279.802674 	-285.578704 	-0.020643
55 	-264.682307 	-275.164010 	-0.039601
56 	-277.530744 	-278.956906 	-0.005139
57 	-269.489056 	-274.349750 	-0.018037
58 	-283.242859 	-284.380142 	-0.004015
59 	-275.203898 	-275.629356 	-0.001546
60 	-277.317459 	-286.690667 	-0.033800
61 	-284.499003 	-290.351299 	-0.020571
62 	-294.622143 	-296.245400 	-0.005510
63 	-293.655634 	-299.571206 	-0.020145
64 	-305.742416 	-307.019169 	-0.004176
65 	-290.551473 	-291.501191 	-0.003269
66 	-291.412127 	-302.453833 	-0.037890
67 	-277.817951 	-278.966476 	-0.004134
68 	-275.503296 	-279.143950 	-0.013215
69 	-270.950306 	-273.611781 	-0.009823
70 	-278.098146 	-281.146795 	-0.010962
71 	-271.877224 	-278.301466 	-0.023629
72 	-282.923508 	-286.346562 	-0.012099
73 	-276.986593 	-279.803332 	-0.010169
74 	-287.665283 	-288.003405 	-0.001175
75 	-287.102895 	-290.801528 	-0.012883
76 	-297.367458 	-298.814907 	-0.004868
77 	-284.041190 	-284.721967 	-0.002397
78 	-294.239257 	-294.467143 	-0.000774
79 	-296.291948 	-297.489979 	-0.004043
80 	-297.805204 	-305.067319 	-0.024385
81 	-297.638225 	-299.411165 	-0.005957
82 	-294.512316 	-304.305632 	-0.033253
83 	-288.545639 	-291.787268 	-0.011234
84 	-298.032544 	-298.353653 	-0.001077
85 	-288.125047 	-290.387081 	-0.007851
86 	-297.414994 	-297.771485 	-0.001199
87 	-284.826034 	-288.468259 	-0.012788
88 	-294.011219 	-294.712745 	-0.002386
89 	-294.460655 	-294.718965 	-0.000877
90 	-294.470653 	-300.499589 	-0.020474
91 	-292.267399 	-294.861427 	-0.008876
92 	-300.972344 	-301.369121 	-0.001318
93 	-300.214626 	-301.139989 	-0.003082
94 	-300.061813 	-306.696194 	-0.022110
95 	-294.315245 	-297.068495 	-0.009355
96 	-297.359387 	-299.181921 	-0.006129
97 	-293.452460 	-295.765143 	-0.007881
98 	-299.062422 	-300.762846 	-0.005686
99 	-297.803783 	-299.170871 	-0.004591
100 	-302.146478 	-303.744374 	-0.005288
101 	-305.341285 	-307.722276 	-0.007798
102 	-303.123858 	-304.713475 	-0.005244
103 	-298.885161 	-300.878855 	-0.006670
104 	-300.797563 	-301.448497 	-0.002164
105 	-298.392366 	-300.190857 	-0.006027
106 	-294.131818 	-295.275195 	-0.003887
107 	-290.320716 	-292.208381 	-0.006502
108 	-285.345337 	-285.871811 	-0.001845
109 	-287.529052 	-289.684693 	-0.007497
110 	-284.320294 	-286.447485 	-0.007482
111 	-285.840154 	-288.171943 	-0.008158
112 	-284.264900 	-285.850305 	-0.005577
113 	-287.504293 	-290.168908 	-0.009268
114 	-292.467997 	-293.649915 	-0.004041
115 	-291.475088 	-292.115655 	-0.002198
116 	-293.371454 	-296.142518 	-0.009446
117 	-296.477748 	-297.237871 	-0.002564
118 	-295.377997 	-295.902155 	-0.001775
119 	-291.551931 	-292.414099 	-0.002957
120 	-290.143132 	-291.653062 	-0.005204
121 	-287.383974 	-288.411870 	-0.003577
122 	-285.491239 	-286.357472 	-0.003034
123 	-286.157278 	-287.384187 	-0.004288
124 	-289.335699 	-290.601929 	-0.004376
125 	-289.539305 	-290.827256 	-0.004448
126 	-291.358197 	-293.039121 	-0.005769
127 	-291.626084 	-292.313048 	-0.002356
128 	-291.278936 	-292.899541 	-0.005564
129 	-289.522424 	-289.924057 	-0.001387
130 	-290.483630 	-291.130296 	-0.002226
131 	-288.279300 	-288.462253 	-0.000635
132 	-288.368617 	-288.625190 	-0.000890
133 	-281.304498 	-281.522839 	-0.000776
134 	-279.829047 	-279.942161 	-0.000404
135 	-275.849838 	-276.117866 	-0.000972
136 	-271.307068 	-271.806835 	-0.001842
137 	-271.776575 	-272.079705 	-0.001115
138 	-270.029380 	-270.401554 	-0.001378
139 	-270.858143 	-271.020489 	-0.000599
140 	-269.793976 	-269.834802 	-0.000151
141 	-268.524115 	-268.689443 	-0.000616
142 	-271.852358 	-271.904369 	-0.000191
143 	-271.480653 	-271.592550 	-0.000412
144 	-274.229584 	-274.308430 	-0.000288
145 	-274.785579 	-274.906048 	-0.000438
146 	-275.745566 	-275.831222 	-0.000311
147 	-277.706600 	-277.836798 	-0.000469
148 	-275.705569 	-275.780134 	-0.000270
149 	-278.031675 	-278.179147 	-0.000530
150 	-278.919246 	-279.124029 	-0.000734
151 	-281.443954 	-281.490834 	-0.000167
152 	-281.901190 	-282.146085 	-0.000869
153 	-282.854628 	-282.864482 	-0.000035
154 	-284.016363 	-284.341484 	-0.001145
155 	-282.835495 	-282.862867 	-0.000097
156 	-285.835485 	-286.093592 	-0.000903
157 	-287.803153 	-287.835210 	-0.000111
158 	-288.058623 	-288.224227 	-0.000575
159 	-284.382478 	-284.389849 	-0.000026
160 	-285.421195 	-285.475265 	-0.000189
161 	-286.969912 	-286.973317 	-0.000012
162 	-287.391326 	-287.394831 	-0.000012
163 	-284.488485 	-284.553196 	-0.000227
164 	-284.853039 	-284.860723 	-0.000027
165 	-285.331122 	-285.336125 	-0.000018
166 	-281.858466 	-281.872784 	-0.000051
167 	-281.734803 	-281.751007 	-0.000058
168 	-283.629486 	-283.631692 	-0.000008
169 	-283.053885 	-283.092207 	-0.000135
170 	-284.292792 	-284.332597 	-0.000140
171 	-280.923592 	-280.986254 	-0.000223
172 	-282.829869 	-282.843395 	-0.000048
173 	-284.792548 	-284.801781 	-0.000032
174 	-282.168137 	-282.241808 	-0.000261
175 	-281.847100 	-281.847750 	-0.000002
176 	-283.359563 	-283.362702 	-0.000011
177 	-283.044746 	-283.114453 	-0.000246
178 	-281.640780 	-281.646881 	-0.000022
179 	-282.240449 	-282.251856 	-0.000040
180 	-283.895596 	-283.912655 	-0.000060
181 	-281.139234 	-281.155902 	-0.000059
182 	-280.690369 	-280.732220 	-0.000149
183 	-279.521177 	-279.744182 	-0.000798
184 	-277.104408 	-277.188934 	-0.000305
185 	-279.767805 	-280.578570 	-0.002898
186 	-280.918939 	-280.999628 	-0.000287
187 	-281.139062 	-282.221089 	-0.003849
188 	-280.327459 	-280.346685 	-0.000069
189 	-279.320432 	-279.326256 	-0.000021
190 	-277.517254 	-277.556991 	-0.000143
191 	-277.162931 	-277.173539 	-0.000038
192 	-277.521786 	-277.802172 	-0.001010
193 	-275.503391 	-275.555003 	-0.000187
194 	-273.205665 	-274.896355 	-0.006188
195 	-273.222606 	-273.349064 	-0.000463
196 	-274.634103 	-276.346263 	-0.006234
197 	-276.690853 	-276.715259 	-0.000088
198 	-278.132372 	-279.258342 	-0.004048
199 	-279.628459 	-279.703985 	-0.000270
200 	-278.583213 	-279.724682 	-0.004097
201 	-277.309546 	-277.454167 	-0.000522
202 	-277.616541 	-278.404139 	-0.002837
203 	-278.284568 	-278.507996 	-0.000803
204 	-280.325983 	-281.271737 	-0.003374
205 	-282.559012 	-282.610549 	-0.000182
206 	-283.376074 	-283.902680 	-0.001858
207 	-284.442818 	-284.542318 	-0.000350
208 	-285.537194 	-286.455371 	-0.003216
209 	-284.603935 	-284.717815 	-0.000400
210 	-286.031047 	-286.685398 	-0.002288
211 	-285.241866 	-285.407712 	-0.000581
212 	-282.194772 	-282.649179 	-0.001610
213 	-283.095262 	-283.170210 	-0.000265
214 	-284.312784 	-284.545651 	-0.000819
215 	-282.362965 	-282.476853 	-0.000403
216 	-281.779493 	-282.419886 	-0.002273
217 	-281.815641 	-281.817931 	-0.000008
218 	-278.538386 	-278.908212 	-0.001328
219 	-280.412785 	-280.417131 	-0.000015
220 	-280.196374 	-280.549829 	-0.001261
221 	-280.626469 	-280.630427 	-0.000014
222 	-281.649331 	-281.755008 	-0.000375
223 	-281.113147 	-281.113520 	-0.000001
224 	-281.329098 	-281.329238 	-0.000000
225 	-279.830318 	-279.830813 	-0.000002
226 	-277.835706 	-277.840653 	-0.000018
227 	-278.208062 	-278.403074 	-0.000701
228 	-278.518961 	-278.526988 	-0.000029
229 	-279.179895 	-279.368959 	-0.000677
230 	-280.372589 	-280.380125 	-0.000027
231 	-280.282200 	-280.535694 	-0.000904
232 	-280.622630 	-280.634770 	-0.000043
233 	-281.701527 	-281.715767 	-0.000051
234 	-282.041001 	-282.046099 	-0.000018
235 	-280.232666 	-280.237969 	-0.000019
236 	-279.847971 	-279.850936 	-0.000011
237 	-278.095719 	-278.097487 	-0.000006
238 	-277.611333 	-277.613017 	-0.000006
239 	-277.233977 	-277.236665 	-0.000010
240 	-275.543454 	-275.548204 	-0.000017
241 	-274.961004 	-274.962278 	-0.000005
242 	-274.622262 	-274.622668 	-0.000001
243 	-274.731087 	-274.731637 	-0.000002
244 	-275.432281 	-275.433962 	-0.000006
245 	-275.384507 	-275.390572 	-0.000022
246 	-276.613926 	-276.638493 	-0.000089
247 	-277.829682 	-277.839431 	-0.000035
248 	-275.801843 	-275.811385 	-0.000035
249 	-274.741586 	-274.742061 	-0.000002
250 	-272.906751 	-272.908632 	-0.000007
251 	-271.083252 	-271.102637 	-0.000072
252 	-272.761277 	-272.761742 	-0.000002
253 	-271.905264 	-271.905287 	-0.000000
254 	-273.134484 	-273.135119 	-0.000002
255 	-274.820020 	-274.846457 	-0.000096
256 	-273.663469 	-273.665391 	-0.000007
257 	-274.130763 	-274.176426 	-0.000167
258 	-275.105003 	-275.106961 	-0.000007
259 	-274.153016 	-274.153659 	-0.000002
260 	-274.998590 	-274.998733 	-0.000001
261 	-274.528061 	-274.528503 	-0.000002
262 	-274.935455 	-274.936215 	-0.000003
263 	-275.349987 	-275.351647 	-0.000006
264 	-272.882718 	-272.894120 	-0.000042
