130.612202
145.233359

125.408116
147.295430

130.697056
151.441794

124.839319
155.233092

124.847353
140.581546

118.097818
152.713784

124.814059
156.091414

130.568871
144.646228

119.288874
152.923526

124.773229
155.004547

130.620771
137.342052

122.233113
157.762440

124.687055
149.822737

128.363995
134.963237

124.866056
150.013899

124.792620
158.571525

124.897302
161.780902

130.612202
145.233359

136.933143
148.678316

119.439129
151.878190

130.371212
155.347211

124.835396
155.040194

130.275665
142.043142

131.879560
154.101958

130.640644
144.715732

130.640691
154.480151

129.607327
149.905548

120.780613
145.322794

124.893786
146.569999

131.108632
154.936521

