Iter	 Iter_time	 Master	 Subprob	 Full_Test	 argmax	Iter_acc	 Master_acc	 Subprob_acc	 Full_Test_acc	 argmax_acc
1	 0.000684	 0.000472	 0.000139	 0.000000	 0.000037	0.000684	 0.000472	 0.000139	 0.000000	 0.000037
2	 0.003643	 0.003441	 0.000107	 0.000000	 0.000049	0.004327	 0.003913	 0.000246	 0.000000	 0.000086
3	 0.003594	 0.003497	 0.000043	 0.000000	 0.000018	0.007921	 0.007410	 0.000289	 0.000000	 0.000104
4	 0.003722	 0.003625	 0.000054	 0.000000	 0.000016	0.011643	 0.011035	 0.000343	 0.000000	 0.000120
5	 0.003558	 0.003398	 0.000088	 0.000000	 0.000040	0.015201	 0.014433	 0.000431	 0.000000	 0.000160
6	 0.003688	 0.003557	 0.000050	 0.000000	 0.000039	0.018889	 0.017990	 0.000481	 0.000000	 0.000199
7	 0.003403	 0.003274	 0.000071	 0.000000	 0.000023	0.022292	 0.021264	 0.000552	 0.000000	 0.000222
8	 0.004137	 0.004020	 0.000052	 0.000000	 0.000034	0.026429	 0.025284	 0.000604	 0.000000	 0.000256
9	 0.004016	 0.003847	 0.000086	 0.000000	 0.000038	0.030445	 0.029131	 0.000690	 0.000000	 0.000294
10	 0.004181	 0.004068	 0.000046	 0.000000	 0.000028	0.034626	 0.033199	 0.000736	 0.000000	 0.000322
11	 0.003773	 0.003556	 0.000110	 0.000000	 0.000057	0.038399	 0.036755	 0.000846	 0.000000	 0.000379
12	 0.003993	 0.003872	 0.000056	 0.000000	 0.000029	0.042392	 0.040627	 0.000902	 0.000000	 0.000408
13	 0.003590	 0.003400	 0.000100	 0.000000	 0.000057	0.045982	 0.044027	 0.001002	 0.000000	 0.000465
14	 0.003921	 0.003795	 0.000058	 0.000000	 0.000038	0.049903	 0.047822	 0.001060	 0.000000	 0.000503
15	 0.003643	 0.003453	 0.000098	 0.000000	 0.000040	0.053546	 0.051275	 0.001158	 0.000000	 0.000543
16	 0.005783	 0.005542	 0.000103	 0.000000	 0.000098	0.059329	 0.056817	 0.001261	 0.000000	 0.000641
17	 0.004189	 0.004016	 0.000094	 0.000000	 0.000043	0.063518	 0.060833	 0.001355	 0.000000	 0.000684
18	 0.004166	 0.004060	 0.000055	 0.000000	 0.000025	0.067684	 0.064893	 0.001410	 0.000000	 0.000709
19	 0.004506	 0.004370	 0.000064	 0.000000	 0.000040	0.072190	 0.069263	 0.001474	 0.000000	 0.000749
20	 0.003973	 0.003866	 0.000054	 0.000000	 0.000023	0.076163	 0.073129	 0.001528	 0.000000	 0.000772
21	 0.004144	 0.003943	 0.000103	 0.000000	 0.000058	0.080307	 0.077072	 0.001631	 0.000000	 0.000830
22	 0.004529	 0.004404	 0.000063	 0.000000	 0.000032	0.084836	 0.081476	 0.001694	 0.000000	 0.000862
23	 0.004628	 0.004425	 0.000108	 0.000000	 0.000060	0.089464	 0.085901	 0.001802	 0.000000	 0.000922
24	 0.004232	 0.004132	 0.000048	 0.000000	 0.000023	0.093696	 0.090033	 0.001850	 0.000000	 0.000945
25	 0.003870	 0.003652	 0.000127	 0.000000	 0.000053	0.097566	 0.093685	 0.001977	 0.000000	 0.000998
26	 0.004389	 0.004259	 0.000061	 0.000000	 0.000032	0.101955	 0.097944	 0.002038	 0.000000	 0.001030
27	 0.004553	 0.004371	 0.000089	 0.000000	 0.000059	0.106508	 0.102315	 0.002127	 0.000000	 0.001089
28	 0.004368	 0.004256	 0.000045	 0.000000	 0.000035	0.110876	 0.106571	 0.002172	 0.000000	 0.001124
29	 0.004496	 0.004311	 0.000086	 0.000000	 0.000060	0.115372	 0.110882	 0.002258	 0.000000	 0.001184
30	 0.003997	 0.003886	 0.000044	 0.000000	 0.000034	0.119369	 0.114768	 0.002302	 0.000000	 0.001218
31	 0.003772	 0.003592	 0.000080	 0.000000	 0.000061	0.123141	 0.118360	 0.002382	 0.000000	 0.001279
32	 0.004065	 0.003955	 0.000044	 0.000000	 0.000033	0.127206	 0.122315	 0.002426	 0.000000	 0.001312
33	 0.004209	 0.003995	 0.000108	 0.000000	 0.000065	0.131415	 0.126310	 0.002534	 0.000000	 0.001377
34	 0.005045	 0.004919	 0.000057	 0.000000	 0.000033	0.136460	 0.131229	 0.002591	 0.000000	 0.001410
35	 0.004542	 0.004335	 0.000089	 0.000000	 0.000066	0.141002	 0.135564	 0.002680	 0.000000	 0.001476
36	 0.004906	 0.004794	 0.000042	 0.000000	 0.000035	0.145908	 0.140358	 0.002722	 0.000000	 0.001511
37	 0.003987	 0.003803	 0.000080	 0.000000	 0.000065	0.149895	 0.144161	 0.002802	 0.000000	 0.001576
38	 0.004174	 0.004058	 0.000045	 0.000000	 0.000035	0.154069	 0.148219	 0.002847	 0.000000	 0.001611
39	 0.003448	 0.003309	 0.000061	 0.000000	 0.000049	0.157517	 0.151528	 0.002908	 0.000000	 0.001660
40	 0.003757	 0.003645	 0.000060	 0.000000	 0.000027	0.161274	 0.155173	 0.002968	 0.000000	 0.001687
41	 0.003596	 0.003438	 0.000081	 0.000000	 0.000048	0.164870	 0.158611	 0.003049	 0.000000	 0.001735
42	 0.003428	 0.003346	 0.000032	 0.000000	 0.000026	0.168298	 0.161957	 0.003081	 0.000000	 0.001761
43	 0.004274	 0.004118	 0.000078	 0.000000	 0.000051	0.172572	 0.166075	 0.003159	 0.000000	 0.001812
44	 0.003870	 0.003772	 0.000047	 0.000000	 0.000026	0.176442	 0.169847	 0.003206	 0.000000	 0.001838
45	 0.003337	 0.003203	 0.000060	 0.000000	 0.000046	0.179779	 0.173050	 0.003266	 0.000000	 0.001884
46	 0.003205	 0.003106	 0.000046	 0.000000	 0.000026	0.182984	 0.176156	 0.003312	 0.000000	 0.001910
47	 0.043354	 0.043202	 0.000072	 0.000000	 0.000049	0.226338	 0.219358	 0.003384	 0.000000	 0.001959
48	 0.003948	 0.003843	 0.000050	 0.000000	 0.000028	0.230286	 0.223201	 0.003434	 0.000000	 0.001987
49	 0.004236	 0.004086	 0.000071	 0.000000	 0.000049	0.234522	 0.227287	 0.003505	 0.000000	 0.002036
50	 0.003530	 0.003425	 0.000051	 0.000000	 0.000028	0.238052	 0.230712	 0.003556	 0.000000	 0.002064
51	 0.004600	 0.004443	 0.000078	 0.000000	 0.000051	0.242652	 0.235155	 0.003634	 0.000000	 0.002115
52	 0.003887	 0.003801	 0.000032	 0.000000	 0.000028	0.246539	 0.238956	 0.003666	 0.000000	 0.002143
53	 0.003794	 0.003658	 0.000057	 0.000000	 0.000050	0.250333	 0.242614	 0.003723	 0.000000	 0.002193
54	 0.003364	 0.003258	 0.000052	 0.000000	 0.000029	0.253697	 0.245872	 0.003775	 0.000000	 0.002222
55	 0.004022	 0.003864	 0.000076	 0.000000	 0.000053	0.257719	 0.249736	 0.003851	 0.000000	 0.002275
56	 0.003885	 0.003799	 0.000033	 0.000000	 0.000028	0.261604	 0.253535	 0.003884	 0.000000	 0.002303
57	 0.004023	 0.003886	 0.000058	 0.000000	 0.000051	0.265627	 0.257421	 0.003942	 0.000000	 0.002354
58	 0.004054	 0.003952	 0.000048	 0.000000	 0.000031	0.269681	 0.261373	 0.003990	 0.000000	 0.002385
59	 0.004417	 0.004264	 0.000073	 0.000000	 0.000050	0.274098	 0.265637	 0.004063	 0.000000	 0.002435
60	 0.003999	 0.003891	 0.000053	 0.000000	 0.000029	0.278097	 0.269528	 0.004116	 0.000000	 0.002464
61	 0.003658	 0.003500	 0.000075	 0.000000	 0.000053	0.281755	 0.273028	 0.004191	 0.000000	 0.002517
62	 0.003919	 0.003832	 0.000033	 0.000000	 0.000028	0.285674	 0.276860	 0.004224	 0.000000	 0.002545
63	 0.003700	 0.003541	 0.000075	 0.000000	 0.000051	0.289374	 0.280401	 0.004299	 0.000000	 0.002596
64	 0.003380	 0.003293	 0.000033	 0.000000	 0.000030	0.292754	 0.283694	 0.004332	 0.000000	 0.002626
65	 0.004097	 0.003959	 0.000057	 0.000000	 0.000054	0.296851	 0.287653	 0.004389	 0.000000	 0.002680
66	 0.003377	 0.003292	 0.000031	 0.000000	 0.000029	0.300228	 0.290945	 0.004420	 0.000000	 0.002709
67	 0.003656	 0.003518	 0.000056	 0.000000	 0.000054	0.303884	 0.294463	 0.004476	 0.000000	 0.002763
68	 0.003709	 0.003622	 0.000030	 0.000000	 0.000029	0.307593	 0.298085	 0.004506	 0.000000	 0.002792
69	 0.003756	 0.003607	 0.000058	 0.000000	 0.000055	0.311349	 0.301692	 0.004564	 0.000000	 0.002847
70	 0.003949	 0.003861	 0.000031	 0.000000	 0.000030	0.315298	 0.305553	 0.004595	 0.000000	 0.002877
71	 0.003510	 0.003364	 0.000054	 0.000000	 0.000053	0.318808	 0.308917	 0.004649	 0.000000	 0.002930
72	 0.003396	 0.003310	 0.000031	 0.000000	 0.000029	0.322204	 0.312227	 0.004680	 0.000000	 0.002959
73	 0.003643	 0.003471	 0.000083	 0.000000	 0.000057	0.325847	 0.315698	 0.004763	 0.000000	 0.003016
74	 0.003726	 0.003618	 0.000053	 0.000000	 0.000029	0.329573	 0.319316	 0.004816	 0.000000	 0.003045
75	 0.003751	 0.003593	 0.000073	 0.000000	 0.000057	0.333324	 0.322909	 0.004889	 0.000000	 0.003102
76	 0.003322	 0.003220	 0.000045	 0.000000	 0.000031	0.336646	 0.326129	 0.004934	 0.000000	 0.003133
77	 0.003732	 0.003572	 0.000072	 0.000000	 0.000058	0.340378	 0.329701	 0.005006	 0.000000	 0.003191
78	 0.004656	 0.004554	 0.000046	 0.000000	 0.000029	0.345034	 0.334255	 0.005052	 0.000000	 0.003220
79	 0.004527	 0.004359	 0.000077	 0.000000	 0.000059	0.349561	 0.338614	 0.005129	 0.000000	 0.003279
80	 0.003740	 0.003635	 0.000046	 0.000000	 0.000031	0.353301	 0.342249	 0.005175	 0.000000	 0.003310
81	 0.004065	 0.003898	 0.000078	 0.000000	 0.000060	0.357366	 0.346147	 0.005253	 0.000000	 0.003370
82	 0.004083	 0.003976	 0.000049	 0.000000	 0.000031	0.361449	 0.350123	 0.005302	 0.000000	 0.003401
83	 0.003636	 0.003490	 0.000061	 0.000000	 0.000056	0.365085	 0.353613	 0.005363	 0.000000	 0.003457
84	 0.003722	 0.003633	 0.000031	 0.000000	 0.000032	0.368807	 0.357246	 0.005394	 0.000000	 0.003489
85	 0.004029	 0.003882	 0.000058	 0.000000	 0.000059	0.372836	 0.361128	 0.005452	 0.000000	 0.003548
86	 0.003974	 0.003866	 0.000049	 0.000000	 0.000033	0.376810	 0.364994	 0.005501	 0.000000	 0.003581
87	 0.003702	 0.003540	 0.000072	 0.000000	 0.000061	0.380512	 0.368534	 0.005573	 0.000000	 0.003642
88	 0.003386	 0.003274	 0.000052	 0.000000	 0.000032	0.383898	 0.371808	 0.005625	 0.000000	 0.003674
89	 0.003698	 0.003526	 0.000079	 0.000000	 0.000063	0.387596	 0.375334	 0.005704	 0.000000	 0.003737
90	 0.003739	 0.003645	 0.000031	 0.000000	 0.000028	0.391335	 0.378979	 0.005735	 0.000000	 0.003765
91	 0.003566	 0.003477	 0.000030	 0.000000	 0.000031	0.394901	 0.382456	 0.005765	 0.000000	 0.003796
92	 0.004117	 0.003948	 0.000076	 0.000000	 0.000061	0.399018	 0.386404	 0.005841	 0.000000	 0.003857
93	 0.003897	 0.003808	 0.000032	 0.000000	 0.000028	0.402915	 0.390212	 0.005873	 0.000000	 0.003885
94	 0.003756	 0.003564	 0.000090	 0.000000	 0.000065	0.406671	 0.393776	 0.005963	 0.000000	 0.003950
95	 0.003309	 0.003182	 0.000045	 0.000000	 0.000041	0.409980	 0.396958	 0.006008	 0.000000	 0.003991
96	 0.003949	 0.003774	 0.000071	 0.000000	 0.000071	0.413929	 0.400732	 0.006079	 0.000000	 0.004062
97	 0.003625	 0.003528	 0.000034	 0.000000	 0.000035	0.417554	 0.404260	 0.006113	 0.000000	 0.004097
98	 0.003822	 0.003633	 0.000097	 0.000000	 0.000061	0.421376	 0.407893	 0.006210	 0.000000	 0.004158
99	 0.003397	 0.003288	 0.000050	 0.000000	 0.000033	0.424773	 0.411181	 0.006260	 0.000000	 0.004191
100	 0.004088	 0.003930	 0.000062	 0.000000	 0.000064	0.428861	 0.415111	 0.006322	 0.000000	 0.004255
101	 0.003541	 0.003432	 0.000047	 0.000000	 0.000036	0.432402	 0.418543	 0.006369	 0.000000	 0.004291
102	 0.003787	 0.003584	 0.000073	 0.000000	 0.000064	0.436189	 0.422127	 0.006442	 0.000000	 0.004355
103	 0.003646	 0.003549	 0.000035	 0.000000	 0.000034	0.439835	 0.425676	 0.006477	 0.000000	 0.004389
104	 0.003684	 0.003532	 0.000056	 0.000000	 0.000064	0.443519	 0.429208	 0.006533	 0.000000	 0.004453
105	 0.003782	 0.003672	 0.000048	 0.000000	 0.000036	0.447301	 0.432880	 0.006581	 0.000000	 0.004489
106	 0.003987	 0.003820	 0.000074	 0.000000	 0.000063	0.451288	 0.436700	 0.006655	 0.000000	 0.004552
107	 0.003599	 0.003507	 0.000032	 0.000000	 0.000034	0.454887	 0.440207	 0.006687	 0.000000	 0.004586
108	 0.003610	 0.003459	 0.000055	 0.000000	 0.000064	0.458497	 0.443666	 0.006742	 0.000000	 0.004650
109	 0.003601	 0.003508	 0.000032	 0.000000	 0.000036	0.462098	 0.447174	 0.006774	 0.000000	 0.004686
110	 0.003377	 0.003224	 0.000056	 0.000000	 0.000065	0.465475	 0.450398	 0.006830	 0.000000	 0.004751
111	 0.003352	 0.003244	 0.000046	 0.000000	 0.000035	0.468827	 0.453642	 0.006876	 0.000000	 0.004786
112	 0.003868	 0.003698	 0.000073	 0.000000	 0.000067	0.472695	 0.457340	 0.006949	 0.000000	 0.004853
113	 0.003598	 0.003487	 0.000051	 0.000000	 0.000035	0.476293	 0.460827	 0.007000	 0.000000	 0.004888
114	 0.003461	 0.003304	 0.000059	 0.000000	 0.000068	0.479754	 0.464131	 0.007059	 0.000000	 0.004956
115	 0.003715	 0.003603	 0.000047	 0.000000	 0.000037	0.483469	 0.467734	 0.007106	 0.000000	 0.004993
116	 0.003530	 0.003355	 0.000079	 0.000000	 0.000065	0.486999	 0.471089	 0.007185	 0.000000	 0.005058
117	 0.003682	 0.003590	 0.000032	 0.000000	 0.000032	0.490681	 0.474679	 0.007217	 0.000000	 0.005090
118	 0.003613	 0.003463	 0.000058	 0.000000	 0.000064	0.494294	 0.478142	 0.007275	 0.000000	 0.005154
119	 0.003427	 0.003336	 0.000033	 0.000000	 0.000032	0.497721	 0.481478	 0.007308	 0.000000	 0.005186
120	 0.003461	 0.003307	 0.000059	 0.000000	 0.000068	0.501182	 0.484785	 0.007367	 0.000000	 0.005254
121	 0.002934	 0.002839	 0.000033	 0.000000	 0.000036	0.504116	 0.487624	 0.007400	 0.000000	 0.005290
122	 0.003486	 0.003331	 0.000060	 0.000000	 0.000068	0.507602	 0.490955	 0.007460	 0.000000	 0.005358
123	 0.003587	 0.003492	 0.000031	 0.000000	 0.000036	0.511189	 0.494447	 0.007491	 0.000000	 0.005394
124	 0.003514	 0.003343	 0.000078	 0.000000	 0.000066	0.514703	 0.497790	 0.007569	 0.000000	 0.005460
125	 0.003393	 0.003279	 0.000050	 0.000000	 0.000036	0.518096	 0.501069	 0.007619	 0.000000	 0.005496
126	 0.003706	 0.003533	 0.000077	 0.000000	 0.000067	0.521802	 0.504602	 0.007696	 0.000000	 0.005563
127	 0.003486	 0.003378	 0.000045	 0.000000	 0.000037	0.525288	 0.507980	 0.007741	 0.000000	 0.005600
128	 0.004003	 0.003826	 0.000076	 0.000000	 0.000070	0.529291	 0.511806	 0.007817	 0.000000	 0.005670
129	 0.003503	 0.003385	 0.000052	 0.000000	 0.000038	0.532794	 0.515191	 0.007869	 0.000000	 0.005708
130	 0.003913	 0.003735	 0.000075	 0.000000	 0.000071	0.536707	 0.518926	 0.007944	 0.000000	 0.005779
131	 0.003258	 0.003147	 0.000050	 0.000000	 0.000034	0.539965	 0.522073	 0.007994	 0.000000	 0.005813
132	 0.003726	 0.003550	 0.000074	 0.000000	 0.000073	0.543691	 0.525623	 0.008068	 0.000000	 0.005886
133	 0.003642	 0.003532	 0.000046	 0.000000	 0.000038	0.547333	 0.529155	 0.008114	 0.000000	 0.005924
134	 0.003498	 0.003338	 0.000060	 0.000000	 0.000069	0.550831	 0.532493	 0.008174	 0.000000	 0.005993
135	 0.003521	 0.003426	 0.000031	 0.000000	 0.000036	0.554352	 0.535919	 0.008205	 0.000000	 0.006029
136	 0.004175	 0.004018	 0.000055	 0.000000	 0.000070	0.558527	 0.539937	 0.008260	 0.000000	 0.006099
137	 0.003907	 0.003812	 0.000030	 0.000000	 0.000037	0.562434	 0.543749	 0.008290	 0.000000	 0.006136
138	 0.003952	 0.003780	 0.000059	 0.000000	 0.000072	0.566386	 0.547529	 0.008349	 0.000000	 0.006208
139	 0.003545	 0.003433	 0.000052	 0.000000	 0.000034	0.569931	 0.550962	 0.008401	 0.000000	 0.006242
140	 0.003889	 0.003713	 0.000076	 0.000000	 0.000068	0.573820	 0.554675	 0.008477	 0.000000	 0.006310
141	 0.003688	 0.003580	 0.000032	 0.000000	 0.000048	0.577508	 0.558255	 0.008509	 0.000000	 0.006358
142	 0.004378	 0.004192	 0.000077	 0.000000	 0.000079	0.581886	 0.562447	 0.008586	 0.000000	 0.006437
143	 0.003788	 0.003665	 0.000046	 0.000000	 0.000048	0.585674	 0.566112	 0.008632	 0.000000	 0.006485
144	 0.003813	 0.003613	 0.000074	 0.000000	 0.000085	0.589487	 0.569725	 0.008706	 0.000000	 0.006570
145	 0.004173	 0.004050	 0.000048	 0.000000	 0.000046	0.593660	 0.573775	 0.008754	 0.000000	 0.006616
146	 0.004173	 0.003975	 0.000075	 0.000000	 0.000084	0.597833	 0.577750	 0.008829	 0.000000	 0.006700
147	 0.003728	 0.003603	 0.000050	 0.000000	 0.000048	0.601561	 0.581353	 0.008879	 0.000000	 0.006748
148	 0.004201	 0.004003	 0.000073	 0.000000	 0.000081	0.605762	 0.585356	 0.008952	 0.000000	 0.006829
149	 0.003839	 0.003729	 0.000032	 0.000000	 0.000048	0.609601	 0.589085	 0.008984	 0.000000	 0.006877
150	 0.003947	 0.003741	 0.000080	 0.000000	 0.000086	0.613548	 0.592826	 0.009064	 0.000000	 0.006963
151	 0.003823	 0.003703	 0.000054	 0.000000	 0.000040	0.617371	 0.596529	 0.009118	 0.000000	 0.007003
152	 0.003695	 0.003503	 0.000079	 0.000000	 0.000077	0.621066	 0.600032	 0.009197	 0.000000	 0.007080
153	 0.003803	 0.003684	 0.000052	 0.000000	 0.000039	0.624869	 0.603716	 0.009249	 0.000000	 0.007119
154	 0.004332	 0.004146	 0.000076	 0.000000	 0.000076	0.629201	 0.607862	 0.009325	 0.000000	 0.007195
155	 0.003838	 0.003715	 0.000047	 0.000000	 0.000048	0.633039	 0.611577	 0.009372	 0.000000	 0.007243
156	 0.004175	 0.003986	 0.000075	 0.000000	 0.000083	0.637214	 0.615563	 0.009447	 0.000000	 0.007326
157	 0.003810	 0.003690	 0.000045	 0.000000	 0.000046	0.641024	 0.619253	 0.009492	 0.000000	 0.007372
158	 0.004184	 0.003978	 0.000075	 0.000000	 0.000088	0.645208	 0.623231	 0.009567	 0.000000	 0.007460
159	 0.003443	 0.003303	 0.000051	 0.000000	 0.000048	0.648651	 0.626534	 0.009618	 0.000000	 0.007508
160	 0.003491	 0.003369	 0.000049	 0.000000	 0.000046	0.652142	 0.629903	 0.009667	 0.000000	 0.007554
161	 0.003553	 0.003352	 0.000081	 0.000000	 0.000087	0.655695	 0.633255	 0.009748	 0.000000	 0.007641
162	 0.003461	 0.003330	 0.000050	 0.000000	 0.000053	0.659156	 0.636585	 0.009798	 0.000000	 0.007694
163	 0.004114	 0.003947	 0.000062	 0.000000	 0.000077	0.663270	 0.640532	 0.009860	 0.000000	 0.007771
164	 0.003685	 0.003567	 0.000049	 0.000000	 0.000040	0.666955	 0.644099	 0.009909	 0.000000	 0.007811
165	 0.003706	 0.003520	 0.000076	 0.000000	 0.000078	0.670661	 0.647619	 0.009985	 0.000000	 0.007889
166	 0.003567	 0.003460	 0.000032	 0.000000	 0.000039	0.674228	 0.651079	 0.010017	 0.000000	 0.007928
167	 0.004054	 0.003938	 0.000050	 0.000000	 0.000039	0.678282	 0.655017	 0.010067	 0.000000	 0.007967
168	 0.003609	 0.003424	 0.000080	 0.000000	 0.000077	0.681891	 0.658441	 0.010147	 0.000000	 0.008044
169	 0.003963	 0.003850	 0.000045	 0.000000	 0.000041	0.685854	 0.662291	 0.010192	 0.000000	 0.008085
170	 0.003353	 0.003171	 0.000075	 0.000000	 0.000076	0.689207	 0.665462	 0.010267	 0.000000	 0.008161
171	 0.003482	 0.003383	 0.000032	 0.000000	 0.000041	0.692689	 0.668845	 0.010299	 0.000000	 0.008202
172	 0.003488	 0.003300	 0.000079	 0.000000	 0.000080	0.696177	 0.672145	 0.010378	 0.000000	 0.008282
173	 0.003510	 0.003410	 0.000031	 0.000000	 0.000040	0.699687	 0.675555	 0.010409	 0.000000	 0.008322
174	 0.003587	 0.003398	 0.000078	 0.000000	 0.000081	0.703274	 0.678953	 0.010487	 0.000000	 0.008403
175	 0.003479	 0.003365	 0.000045	 0.000000	 0.000040	0.706753	 0.682318	 0.010532	 0.000000	 0.008443
176	 0.003876	 0.003704	 0.000060	 0.000000	 0.000081	0.710629	 0.686022	 0.010592	 0.000000	 0.008524
177	 0.003751	 0.003654	 0.000032	 0.000000	 0.000037	0.714380	 0.689676	 0.010624	 0.000000	 0.008561
178	 0.003654	 0.003463	 0.000078	 0.000000	 0.000083	0.718034	 0.693139	 0.010702	 0.000000	 0.008644
179	 0.003829	 0.003726	 0.000033	 0.000000	 0.000042	0.721863	 0.696865	 0.010735	 0.000000	 0.008686
180	 0.003388	 0.003196	 0.000077	 0.000000	 0.000085	0.725251	 0.700061	 0.010812	 0.000000	 0.008771
181	 0.003934	 0.003820	 0.000045	 0.000000	 0.000041	0.729185	 0.703881	 0.010857	 0.000000	 0.008812
182	 0.003663	 0.003492	 0.000059	 0.000000	 0.000082	0.732848	 0.707373	 0.010916	 0.000000	 0.008894
183	 0.003730	 0.003634	 0.000031	 0.000000	 0.000037	0.736578	 0.711007	 0.010947	 0.000000	 0.008931
184	 0.003564	 0.003393	 0.000056	 0.000000	 0.000081	0.740142	 0.714400	 0.011003	 0.000000	 0.009012
185	 0.003786	 0.003669	 0.000047	 0.000000	 0.000043	0.743928	 0.718069	 0.011050	 0.000000	 0.009055
186	 0.003816	 0.003646	 0.000058	 0.000000	 0.000082	0.747744	 0.721715	 0.011108	 0.000000	 0.009137
187	 0.003684	 0.003566	 0.000049	 0.000000	 0.000044	0.751428	 0.725281	 0.011157	 0.000000	 0.009181
188	 0.003996	 0.003785	 0.000081	 0.000000	 0.000086	0.755424	 0.729066	 0.011238	 0.000000	 0.009267
189	 0.003696	 0.003583	 0.000033	 0.000000	 0.000054	0.759120	 0.732649	 0.011271	 0.000000	 0.009321
190	 0.004364	 0.004181	 0.000056	 0.000000	 0.000095	0.763484	 0.736830	 0.011327	 0.000000	 0.009416
191	 0.003568	 0.003463	 0.000034	 0.000000	 0.000044	0.767052	 0.740293	 0.011361	 0.000000	 0.009460
192	 0.003641	 0.003474	 0.000058	 0.000000	 0.000082	0.770693	 0.743767	 0.011419	 0.000000	 0.009542
193	 0.003971	 0.003854	 0.000032	 0.000000	 0.000050	0.774664	 0.747621	 0.011451	 0.000000	 0.009592
194	 0.003618	 0.003505	 0.000032	 0.000000	 0.000053	0.778282	 0.751126	 0.011483	 0.000000	 0.009645
195	 0.003845	 0.003662	 0.000058	 0.000000	 0.000093	0.782127	 0.754788	 0.011541	 0.000000	 0.009738
196	 0.004044	 0.003900	 0.000053	 0.000000	 0.000052	0.786171	 0.758688	 0.011594	 0.000000	 0.009790
197	 0.003541	 0.003412	 0.000047	 0.000000	 0.000053	0.789712	 0.762100	 0.011641	 0.000000	 0.009843
198	 0.003750	 0.003567	 0.000060	 0.000000	 0.000091	0.793462	 0.765667	 0.011701	 0.000000	 0.009934
199	 0.003635	 0.003523	 0.000032	 0.000000	 0.000054	0.797097	 0.769190	 0.011733	 0.000000	 0.009988
200	 0.004103	 0.003909	 0.000064	 0.000000	 0.000097	0.801200	 0.773099	 0.011797	 0.000000	 0.010085
201	 0.003880	 0.003747	 0.000051	 0.000000	 0.000054	0.805080	 0.776846	 0.011848	 0.000000	 0.010139
202	 0.003840	 0.003610	 0.000074	 0.000000	 0.000099	0.808920	 0.780456	 0.011922	 0.000000	 0.010238
203	 0.003861	 0.003734	 0.000033	 0.000000	 0.000053	0.812781	 0.784190	 0.011955	 0.000000	 0.010291
204	 0.003868	 0.003728	 0.000049	 0.000000	 0.000052	0.816649	 0.787918	 0.012004	 0.000000	 0.010343
205	 0.004028	 0.003896	 0.000049	 0.000000	 0.000055	0.820677	 0.791814	 0.012053	 0.000000	 0.010398
206	 0.003640	 0.003433	 0.000076	 0.000000	 0.000098	0.824317	 0.795247	 0.012129	 0.000000	 0.010496
207	 0.003792	 0.003653	 0.000047	 0.000000	 0.000053	0.828109	 0.798900	 0.012176	 0.000000	 0.010549
208	 0.003922	 0.003779	 0.000043	 0.000000	 0.000056	0.832031	 0.802679	 0.012219	 0.000000	 0.010605
209	 0.004175	 0.004039	 0.000042	 0.000000	 0.000053	0.836206	 0.806718	 0.012261	 0.000000	 0.010658
210	 0.003765	 0.003626	 0.000042	 0.000000	 0.000053	0.839971	 0.810344	 0.012303	 0.000000	 0.010711
211	 0.003921	 0.003787	 0.000043	 0.000000	 0.000046	0.843892	 0.814131	 0.012346	 0.000000	 0.010757
212	 0.004062	 0.003952	 0.000035	 0.000000	 0.000046	0.847954	 0.818083	 0.012381	 0.000000	 0.010803
213	 0.003982	 0.003775	 0.000083	 0.000000	 0.000091	0.851936	 0.821858	 0.012464	 0.000000	 0.010894
214	 0.003770	 0.003622	 0.000053	 0.000000	 0.000054	0.855706	 0.825480	 0.012517	 0.000000	 0.010948
215	 0.003702	 0.003578	 0.000043	 0.000000	 0.000055	0.859408	 0.829058	 0.012560	 0.000000	 0.011003
216	 0.003843	 0.003619	 0.000080	 0.000000	 0.000101	0.863251	 0.832677	 0.012640	 0.000000	 0.011104
217	 0.003901	 0.003778	 0.000046	 0.000000	 0.000052	0.867152	 0.836455	 0.012686	 0.000000	 0.011156
218	 0.004109	 0.003891	 0.000076	 0.000000	 0.000091	0.871261	 0.840346	 0.012762	 0.000000	 0.011247
219	 0.003883	 0.003751	 0.000047	 0.000000	 0.000056	0.875144	 0.844097	 0.012809	 0.000000	 0.011303
220	 0.003858	 0.003663	 0.000060	 0.000000	 0.000101	0.879002	 0.847760	 0.012869	 0.000000	 0.011404
221	 0.003568	 0.003460	 0.000033	 0.000000	 0.000048	0.882570	 0.851220	 0.012902	 0.000000	 0.011452
222	 0.004332	 0.004125	 0.000084	 0.000000	 0.000093	0.886902	 0.855345	 0.012986	 0.000000	 0.011545
223	 0.003737	 0.003610	 0.000050	 0.000000	 0.000047	0.890639	 0.858955	 0.013036	 0.000000	 0.011592
224	 0.003893	 0.003709	 0.000062	 0.000000	 0.000093	0.894532	 0.862664	 0.013098	 0.000000	 0.011685
225	 0.003646	 0.003537	 0.000032	 0.000000	 0.000048	0.898178	 0.866201	 0.013130	 0.000000	 0.011733
226	 0.004125	 0.003945	 0.000057	 0.000000	 0.000091	0.902303	 0.870146	 0.013187	 0.000000	 0.011824
227	 0.003765	 0.003659	 0.000031	 0.000000	 0.000047	0.906068	 0.873805	 0.013218	 0.000000	 0.011871
228	 0.003459	 0.003263	 0.000074	 0.000000	 0.000092	0.909527	 0.877068	 0.013292	 0.000000	 0.011963
229	 0.003673	 0.003537	 0.000048	 0.000000	 0.000048	0.913200	 0.880605	 0.013340	 0.000000	 0.012011
230	 0.003705	 0.003574	 0.000042	 0.000000	 0.000047	0.916905	 0.884179	 0.013382	 0.000000	 0.012058
231	 0.004342	 0.004225	 0.000044	 0.000000	 0.000045	0.921247	 0.888404	 0.013426	 0.000000	 0.012103
232	 0.004050	 0.003865	 0.000062	 0.000000	 0.000096	0.925297	 0.892269	 0.013488	 0.000000	 0.012199
233	 0.003167	 0.003046	 0.000046	 0.000000	 0.000045	0.928464	 0.895315	 0.013534	 0.000000	 0.012244
234	 0.003870	 0.003671	 0.000074	 0.000000	 0.000091	0.932334	 0.898986	 0.013608	 0.000000	 0.012335
235	 0.004082	 0.003972	 0.000033	 0.000000	 0.000050	0.936416	 0.902958	 0.013641	 0.000000	 0.012385
236	 0.003753	 0.003571	 0.000057	 0.000000	 0.000095	0.940169	 0.906529	 0.013698	 0.000000	 0.012480
237	 0.003710	 0.003601	 0.000032	 0.000000	 0.000050	0.943879	 0.910130	 0.013730	 0.000000	 0.012530
238	 0.003964	 0.003756	 0.000079	 0.000000	 0.000098	0.947843	 0.913886	 0.013809	 0.000000	 0.012628
239	 0.003779	 0.003657	 0.000047	 0.000000	 0.000044	0.951622	 0.917543	 0.013856	 0.000000	 0.012672
240	 0.003684	 0.003492	 0.000062	 0.000000	 0.000097	0.955306	 0.921035	 0.013918	 0.000000	 0.012769
241	 0.004105	 0.003965	 0.000053	 0.000000	 0.000046	0.959411	 0.925000	 0.013971	 0.000000	 0.012815
242	 0.003926	 0.003797	 0.000050	 0.000000	 0.000048	0.963337	 0.928797	 0.014021	 0.000000	 0.012863
243	 0.003885	 0.003703	 0.000063	 0.000000	 0.000091	0.967222	 0.932500	 0.014084	 0.000000	 0.012954
244	 0.003996	 0.003876	 0.000046	 0.000000	 0.000044	0.971218	 0.936376	 0.014130	 0.000000	 0.012998
245	 0.003564	 0.003361	 0.000072	 0.000000	 0.000097	0.974782	 0.939737	 0.014202	 0.000000	 0.013095
246	 0.003400	 0.003290	 0.000032	 0.000000	 0.000050	0.978182	 0.943027	 0.014234	 0.000000	 0.013145
247	 0.003463	 0.003255	 0.000075	 0.000000	 0.000095	0.981645	 0.946282	 0.014309	 0.000000	 0.013240
248	 0.003573	 0.003442	 0.000045	 0.000000	 0.000048	0.985218	 0.949724	 0.014354	 0.000000	 0.013288
249	 0.003636	 0.003508	 0.000049	 0.000000	 0.000049	0.988854	 0.953232	 0.014403	 0.000000	 0.013337
250	 0.004056	 0.003850	 0.000078	 0.000000	 0.000095	0.992910	 0.957082	 0.014481	 0.000000	 0.013432
251	 0.003531	 0.003421	 0.000032	 0.000000	 0.000048	0.996441	 0.960503	 0.014513	 0.000000	 0.013480
252	 0.004071	 0.003858	 0.000082	 0.000000	 0.000099	1.000512	 0.964361	 0.014595	 0.000000	 0.013579
253	 0.003784	 0.003652	 0.000050	 0.000000	 0.000057	1.004296	 0.968013	 0.014645	 0.000000	 0.013636
254	 0.003930	 0.003731	 0.000065	 0.000000	 0.000108	1.008226	 0.971744	 0.014710	 0.000000	 0.013744
255	 0.004289	 0.004138	 0.000047	 0.000000	 0.000060	1.012515	 0.975882	 0.014757	 0.000000	 0.013804
256	 0.004193	 0.004059	 0.000044	 0.000000	 0.000063	1.016708	 0.979941	 0.014801	 0.000000	 0.013867
257	 0.003616	 0.003394	 0.000081	 0.000000	 0.000110	1.020324	 0.983335	 0.014882	 0.000000	 0.013977
258	 0.003913	 0.003768	 0.000052	 0.000000	 0.000065	1.024237	 0.987103	 0.014934	 0.000000	 0.014042
259	 0.003749	 0.003526	 0.000075	 0.000000	 0.000118	1.027986	 0.990629	 0.015009	 0.000000	 0.014160
260	 0.004086	 0.003948	 0.000045	 0.000000	 0.000063	1.032072	 0.994577	 0.015054	 0.000000	 0.014223
261	 0.003759	 0.003533	 0.000073	 0.000000	 0.000119	1.035831	 0.998110	 0.015127	 0.000000	 0.014342
262	 0.004087	 0.003948	 0.000047	 0.000000	 0.000062	1.039918	 1.002058	 0.015174	 0.000000	 0.014404
263	 0.003768	 0.003543	 0.000072	 0.000000	 0.000117	1.043686	 1.005601	 0.015246	 0.000000	 0.014521
264	 0.003837	 0.003718	 0.000032	 0.000000	 0.000059	1.047523	 1.009319	 0.015278	 0.000000	 0.014580
265	 0.003575	 0.003373	 0.000060	 0.000000	 0.000114	1.051098	 1.012692	 0.015338	 0.000000	 0.014694
266	 0.003621	 0.003482	 0.000033	 0.000000	 0.000064	1.054719	 1.016174	 0.015371	 0.000000	 0.014758
267	 0.003761	 0.003619	 0.000032	 0.000000	 0.000066	1.058480	 1.019793	 0.015403	 0.000000	 0.014824
268	 0.004020	 0.003865	 0.000048	 0.000000	 0.000061	1.062500	 1.023658	 0.015451	 0.000000	 0.014885
269	 0.003531	 0.003401	 0.000035	 0.000000	 0.000063	1.066031	 1.027059	 0.015486	 0.000000	 0.014948
270	 0.003666	 0.003445	 0.000080	 0.000000	 0.000111	1.069697	 1.030504	 0.015566	 0.000000	 0.015059
271	 0.003981	 0.003857	 0.000045	 0.000000	 0.000051	1.073678	 1.034361	 0.015611	 0.000000	 0.015110
272	 0.003867	 0.003656	 0.000073	 0.000000	 0.000105	1.077545	 1.038017	 0.015684	 0.000000	 0.015215
273	 0.004593	 0.003557	 0.000031	 0.000920	 0.000051	1.082138	 1.041574	 0.015715	 0.000920	 0.015266
274	 0.004559	 0.003808	 0.000053	 0.000540	 0.000100	1.086697	 1.045382	 0.015768	 0.001460	 0.015366
275	 0.004988	 0.003826	 0.000049	 0.001021	 0.000060	1.091685	 1.049208	 0.015817	 0.002481	 0.015426
276	 0.003873	 0.003196	 0.000073	 0.000447	 0.000120	1.095558	 1.052404	 0.015890	 0.002928	 0.015546
277	 0.004526	 0.003939	 0.000045	 0.000447	 0.000059	1.100084	 1.056343	 0.015935	 0.003375	 0.015605
278	 0.005163	 0.003675	 0.000081	 0.001241	 0.000112	1.105247	 1.060018	 0.016016	 0.004616	 0.015717
279	 0.004604	 0.003931	 0.000033	 0.000549	 0.000060	1.109851	 1.063949	 0.016049	 0.005165	 0.015777
280	 0.004539	 0.003832	 0.000090	 0.000458	 0.000112	1.114390	 1.067781	 0.016139	 0.005623	 0.015889
281	 0.004189	 0.003735	 0.000053	 0.000277	 0.000072	1.118579	 1.071516	 0.016192	 0.005900	 0.015961
282	 0.004690	 0.004261	 0.000038	 0.000276	 0.000077	1.123269	 1.075777	 0.016230	 0.006176	 0.016038
283	 0.003761	 0.003548	 0.000059	 0.000276	 0.000119	1.127030	 1.079325	 0.016289	 0.006176	 0.016157
284	 0.004577	 0.004139	 0.000053	 0.000278	 0.000074	1.131607	 1.083464	 0.016342	 0.006454	 0.016231
285	 0.004730	 0.004171	 0.000084	 0.000318	 0.000108	1.136337	 1.087635	 0.016426	 0.006772	 0.016339
286	 0.004338	 0.003925	 0.000033	 0.000281	 0.000064	1.140675	 1.091560	 0.016459	 0.007053	 0.016403
287	 0.004476	 0.003834	 0.000067	 0.000424	 0.000112	1.145151	 1.095394	 0.016526	 0.007477	 0.016515
288	 0.004939	 0.004366	 0.000036	 0.000435	 0.000065	1.150090	 1.099760	 0.016562	 0.007912	 0.016580
289	 0.004006	 0.003807	 0.000058	 0.000435	 0.000110	1.154096	 1.103567	 0.016620	 0.007912	 0.016690
290	 0.004368	 0.003669	 0.000048	 0.000564	 0.000052	1.158464	 1.107236	 0.016668	 0.008476	 0.016742
291	 0.004693	 0.004107	 0.000089	 0.000336	 0.000122	1.163157	 1.111343	 0.016757	 0.008812	 0.016864
292	 0.003916	 0.003358	 0.000059	 0.000398	 0.000057	1.167073	 1.114701	 0.016816	 0.009210	 0.016921
293	 0.004921	 0.004350	 0.000065	 0.000340	 0.000123	1.171994	 1.119051	 0.016881	 0.009550	 0.017044
294	 0.003806	 0.003357	 0.000052	 0.000300	 0.000059	1.175800	 1.122408	 0.016933	 0.009850	 0.017103
295	 0.004324	 0.003730	 0.000083	 0.000342	 0.000124	1.180124	 1.126138	 0.017016	 0.010192	 0.017227
296	 0.004259	 0.003772	 0.000039	 0.000345	 0.000060	1.184383	 1.129910	 0.017055	 0.010537	 0.017287
297	 0.004164	 0.003567	 0.000091	 0.000345	 0.000119	1.188547	 1.133477	 0.017146	 0.010882	 0.017406
298	 0.004327	 0.003758	 0.000052	 0.000414	 0.000067	1.192874	 1.137235	 0.017198	 0.011296	 0.017473
299	 0.004612	 0.003932	 0.000065	 0.000453	 0.000120	1.197486	 1.141167	 0.017263	 0.011749	 0.017593
300	 0.004090	 0.003634	 0.000059	 0.000308	 0.000056	1.201576	 1.144801	 0.017322	 0.012057	 0.017649
301	 0.004648	 0.004053	 0.000086	 0.000355	 0.000120	1.206224	 1.148854	 0.017408	 0.012412	 0.017769
302	 0.004353	 0.003758	 0.000054	 0.000407	 0.000058	1.210577	 1.152612	 0.017462	 0.012819	 0.017827
303	 0.004551	 0.003856	 0.000084	 0.000466	 0.000106	1.215128	 1.156468	 0.017546	 0.013285	 0.017933
304	 0.004039	 0.003464	 0.000056	 0.000416	 0.000060	1.219167	 1.159932	 0.017602	 0.013701	 0.017993
305	 0.004863	 0.004188	 0.000091	 0.000398	 0.000135	1.224030	 1.164120	 0.017693	 0.014099	 0.018128
306	 0.004931	 0.004247	 0.000042	 0.000541	 0.000062	1.228961	 1.168367	 0.017735	 0.014640	 0.018190
307	 0.004969	 0.004345	 0.000067	 0.000373	 0.000134	1.233930	 1.172712	 0.017802	 0.015013	 0.018324
308	 0.004682	 0.004049	 0.000070	 0.000452	 0.000066	1.238612	 1.176761	 0.017872	 0.015465	 0.018390
309	 0.004494	 0.003835	 0.000080	 0.000379	 0.000147	1.243106	 1.180596	 0.017952	 0.015844	 0.018537
310	 0.004880	 0.004236	 0.000080	 0.000442	 0.000067	1.247986	 1.184832	 0.018032	 0.016286	 0.018604
311	 0.004095	 0.003431	 0.000106	 0.000378	 0.000129	1.252081	 1.188263	 0.018138	 0.016664	 0.018733
312	 0.004237	 0.003565	 0.000034	 0.000552	 0.000051	1.256318	 1.191828	 0.018172	 0.017216	 0.018784
313	 0.004661	 0.004081	 0.000096	 0.000328	 0.000121	1.260979	 1.195909	 0.018268	 0.017544	 0.018905
314	 0.004802	 0.003428	 0.000044	 0.001239	 0.000055	1.265781	 1.199337	 0.018312	 0.018783	 0.018960
315	 0.004838	 0.003901	 0.000078	 0.000716	 0.000107	1.270619	 1.203238	 0.018390	 0.019499	 0.019067
316	 0.004161	 0.003470	 0.000045	 0.000547	 0.000052	1.274780	 1.206708	 0.018435	 0.020046	 0.019119
317	 0.004972	 0.003991	 0.000041	 0.000850	 0.000055	1.279752	 1.210699	 0.018476	 0.020896	 0.019174
318	 0.004556	 0.003674	 0.000076	 0.000661	 0.000110	1.284308	 1.214373	 0.018552	 0.021557	 0.019284
319	 0.004876	 0.004302	 0.000035	 0.000444	 0.000065	1.289184	 1.218675	 0.018587	 0.022001	 0.019349
320	 0.005232	 0.003974	 0.000134	 0.000842	 0.000213	1.294416	 1.222649	 0.018721	 0.022843	 0.019562
321	 0.004786	 0.004048	 0.000088	 0.000505	 0.000090	1.299202	 1.226697	 0.018809	 0.023348	 0.019652
322	 0.005337	 0.004130	 0.000107	 0.000876	 0.000166	1.304539	 1.230827	 0.018916	 0.024224	 0.019818
323	 0.005250	 0.004405	 0.000073	 0.000626	 0.000081	1.309789	 1.235232	 0.018989	 0.024850	 0.019899
324	 0.004843	 0.004008	 0.000052	 0.000640	 0.000089	1.314632	 1.239240	 0.019041	 0.025490	 0.019988
325	 0.005586	 0.004458	 0.000066	 0.000898	 0.000121	1.320218	 1.243698	 0.019107	 0.026388	 0.020109
326	 0.005652	 0.004380	 0.000044	 0.001120	 0.000062	1.325870	 1.248078	 0.019151	 0.027508	 0.020171
327	 0.005628	 0.004879	 0.000079	 0.000471	 0.000140	1.331498	 1.252957	 0.019230	 0.027979	 0.020311
328	 0.004985	 0.004052	 0.000050	 0.000770	 0.000064	1.336483	 1.257009	 0.019280	 0.028749	 0.020375
329	 0.005779	 0.004300	 0.000124	 0.001169	 0.000130	1.342262	 1.261309	 0.019404	 0.029918	 0.020505
330	 0.004948	 0.004045	 0.000086	 0.000695	 0.000066	1.347210	 1.265354	 0.019490	 0.030613	 0.020571
331	 0.005606	 0.004215	 0.000085	 0.001153	 0.000113	1.352816	 1.269569	 0.019575	 0.031766	 0.020684
332	 0.005309	 0.003695	 0.000056	 0.001452	 0.000057	1.358125	 1.273264	 0.019631	 0.033218	 0.020741
333	 0.005134	 0.004210	 0.000067	 0.000746	 0.000065	1.363259	 1.277474	 0.019698	 0.033964	 0.020806
334	 0.004647	 0.003814	 0.000075	 0.000605	 0.000113	1.367906	 1.281288	 0.019773	 0.034569	 0.020919
335	 0.005128	 0.003823	 0.000053	 0.001166	 0.000056	1.373034	 1.285111	 0.019826	 0.035735	 0.020975
336	 0.004941	 0.003888	 0.000072	 0.000830	 0.000115	1.377975	 1.288999	 0.019898	 0.036565	 0.021090
337	 0.004666	 0.003804	 0.000043	 0.000730	 0.000057	1.382641	 1.292803	 0.019941	 0.037295	 0.021147
338	 0.005985	 0.003841	 0.000071	 0.001923	 0.000112	1.388626	 1.296644	 0.020012	 0.039218	 0.021259
339	 0.004305	 0.003663	 0.000062	 0.000489	 0.000055	1.392931	 1.300307	 0.020074	 0.039707	 0.021314
340	 0.005232	 0.003704	 0.000064	 0.001301	 0.000122	1.398163	 1.304011	 0.020138	 0.041008	 0.021436
341	 0.006491	 0.004198	 0.000052	 0.002148	 0.000058	1.404654	 1.308209	 0.020190	 0.043156	 0.021494
342	 0.004695	 0.003746	 0.000057	 0.000742	 0.000113	1.409349	 1.311955	 0.020247	 0.043898	 0.021607
343	 0.005552	 0.003661	 0.000053	 0.001733	 0.000058	1.414901	 1.315616	 0.020300	 0.045631	 0.021665
344	 0.004695	 0.003562	 0.000044	 0.000999	 0.000056	1.419596	 1.319178	 0.020344	 0.046630	 0.021721
345	 0.007304	 0.003941	 0.000071	 0.003139	 0.000116	1.426900	 1.323119	 0.020415	 0.049769	 0.021837
346	 0.007374	 0.003800	 0.000035	 0.003435	 0.000070	1.434274	 1.326919	 0.020450	 0.053204	 0.021907
347	 0.006377	 0.003790	 0.000082	 0.002348	 0.000123	1.440651	 1.330709	 0.020532	 0.055552	 0.022030
348	 0.005996	 0.004171	 0.000034	 0.001699	 0.000056	1.446647	 1.334880	 0.020566	 0.057251	 0.022086
349	 0.006735	 0.004477	 0.000081	 0.002022	 0.000118	1.453382	 1.339357	 0.020647	 0.059273	 0.022204
350	 0.005420	 0.004079	 0.000035	 0.001219	 0.000054	1.458802	 1.343436	 0.020682	 0.060492	 0.022258
351	 0.007374	 0.003983	 0.000056	 0.003185	 0.000116	1.466176	 1.347419	 0.020738	 0.063677	 0.022374
352	 0.005880	 0.003486	 0.000047	 0.002254	 0.000058	1.472056	 1.350905	 0.020785	 0.065931	 0.022432
353	 0.007382	 0.003899	 0.000076	 0.003250	 0.000119	1.479438	 1.354804	 0.020861	 0.069181	 0.022551
