Problem:                                baa99_m
First Stage Rows:                       1
First Stage Columns:                    2
First Stage Non-zeros:                  0
Number of replications:                 30
Status:                                 COMPROMISE SOLUTION
Total Objective Function Upper Bound:   -304.187,[-309.584332,-298.788957],half-width:5.398, stdev:2.754
Total Objective Function Lower Bound:   -307.838,[-313.279821,-302.397171],half-width:5.441, stdev:2.776

First Stage Solutions:
   No.   Row name   Activity      Lower bound   Upper bound   Dual          Dual STDEV
------ ------------ ------------- ------------- ------------- ------------- -------------
     0 obj          -3.041866e+02 

   No. Column name  Activity      Lower bound   Upper bound   Reduced Cost  RC STDEV
------ ------------ ------------- ------------- ------------- ------------- -------------
     1 x1            1.065689e+02  0.000000e+00  2.170000e+02  0.000000e+00  0.000000e+00 
     2 x2            1.745451e+02  0.000000e+00  2.170000e+02  0.000000e+00  0.000000e+00 


Problem:                                baa99_m
First Stage Rows:                       1
First Stage Columns:                    2
First Stage Non-zeros:                  0
Number of replications:                 30
Status:                                 MEAN SOLUTION
Total Objective Function Upper Bound:   -304.265,[-309.664433,-298.864853],half-width:5.400, stdev:2.755
Total Objective Function Lower Bound:   -307.838,[-313.279821,-302.397171],half-width:5.441, stdev:2.776

First Stage Solutions:
   No.   Row name   Activity      Lower bound   Upper bound   Dual          Dual STDEV
------ ------------ ------------- ------------- ------------- ------------- -------------
     0 obj          -3.042646e+02 

   No. Column name  Activity      Lower bound   Upper bound   Reduced Cost  RC STDEV
------ ------------ ------------- ------------- ------------- ------------- -------------
     1 x1            1.066471e+02  0.000000e+00  2.170000e+02  0.000000e+00  0.000000e+00 
     2 x2            1.745866e+02  0.000000e+00  2.170000e+02  0.000000e+00  0.000000e+00 


