Iter 	incumb_est 	candid_est 	error
1 	-0.000000 	-2.332500 	-10789149541.479015
2 	0.355625 	0.104063 	0.707381
3 	0.246250 	0.246250 	-0.000000
4 	0.391562 	-0.217812 	1.556265
5 	0.313250 	0.071715 	0.771062
6 	0.536042 	0.478681 	0.107009
7 	0.539464 	0.539464 	0.000000
8 	0.559531 	0.491281 	0.121977
9 	0.497361 	0.469092 	0.056838
10 	0.495561 	0.434534 	0.123148
11 	0.422283 	0.366813 	0.131358
12 	0.358684 	0.308934 	0.138700
13 	0.434318 	0.425577 	0.020126
14 	0.462516 	0.396301 	0.143164
15 	0.492606 	0.476685 	0.032320
16 	0.449844 	0.440554 	0.020652
17 	0.445468 	0.440086 	0.012082
18 	0.425076 	0.404748 	0.047822
19 	0.442871 	0.442544 	0.000738
20 	0.420896 	0.411565 	0.022169
21 	0.384187 	0.376651 	0.019615
22 	0.440436 	0.439996 	0.000999
23 	0.502264 	0.477283 	0.049738
24 	0.497413 	0.478441 	0.038143
25 	0.463517 	0.460334 	0.006866
26 	0.528446 	0.528446 	-0.000000
27 	0.565849 	0.565640 	0.000369
28 	0.533140 	0.530826 	0.004340
29 	0.529583 	0.529373 	0.000398
30 	0.552292 	0.529542 	0.041192
31 	0.587056 	0.585950 	0.001884
32 	0.602760 	0.491139 	0.185184
33 	0.633232 	0.624229 	0.014218
34 	0.632745 	0.603738 	0.045843
35 	0.650202 	0.641360 	0.013600
36 	0.622419 	0.621219 	0.001928
37 	0.635867 	0.634932 	0.001469
38 	0.615017 	0.614437 	0.000943
39 	0.609455 	0.557860 	0.084658
40 	0.587220 	0.543652 	0.074193
41 	0.604700 	0.596919 	0.012869
42 	0.583637 	0.581880 	0.003010
43 	0.618034 	0.617703 	0.000534
44 	0.638949 	0.633576 	0.008408
45 	0.618083 	0.613338 	0.007678
46 	0.654293 	0.652228 	0.003156
47 	0.633989 	0.633420 	0.000899
48 	0.624948 	0.624948 	0.000000
49 	0.622908 	0.615137 	0.012475
50 	0.604450 	0.603386 	0.001760
51 	0.605270 	0.605270 	0.000000
52 	0.602861 	0.596656 	0.010292
53 	0.593137 	0.587693 	0.009177
54 	0.598171 	0.595317 	0.004771
55 	0.604182 	0.586287 	0.029617
56 	0.598192 	0.596563 	0.002724
57 	0.608048 	0.595637 	0.020412
58 	0.597392 	0.596116 	0.002137
59 	0.609068 	0.598570 	0.017236
60 	0.622250 	0.615926 	0.010164
61 	0.607131 	0.603456 	0.006053
62 	0.623952 	0.623246 	0.001131
63 	0.617063 	0.611802 	0.008527
64 	0.621250 	0.618561 	0.004329
65 	0.607077 	0.605733 	0.002214
66 	0.604621 	0.604358 	0.000435
67 	0.593619 	0.591926 	0.002852
68 	0.594154 	0.590681 	0.005846
69 	0.595217 	0.583843 	0.019109
70 	0.595786 	0.594848 	0.001573
71 	0.597676 	0.587784 	0.016551
72 	0.598785 	0.597117 	0.002785
73 	0.586575 	0.586490 	0.000146
74 	0.609088 	0.604554 	0.007444
75 	0.596967 	0.595043 	0.003223
76 	0.592368 	0.591546 	0.001388
77 	0.585292 	0.583458 	0.003133
78 	0.580513 	0.575754 	0.008198
79 	0.587848 	0.579066 	0.014939
80 	0.590234 	0.585438 	0.008127
81 	0.585170 	0.581078 	0.006992
82 	0.590107 	0.586404 	0.006274
83 	0.589232 	0.581951 	0.012357
84 	0.604449 	0.599927 	0.007481
85 	0.593809 	0.593629 	0.000304
86 	0.590669 	0.590669 	0.000000
87 	0.594612 	0.588917 	0.009578
88 	0.603196 	0.592247 	0.018151
89 	0.593048 	0.588553 	0.007579
90 	0.606847 	0.606027 	0.001351
91 	0.607596 	0.601352 	0.010276
92 	0.615584 	0.611420 	0.006764
93 	0.605739 	0.603723 	0.003329
94 	0.606449 	0.605720 	0.001202
95 	0.609829 	0.603516 	0.010353
96 	0.605065 	0.602487 	0.004261
97 	0.602951 	0.597958 	0.008281
98 	0.601390 	0.599638 	0.002913
99 	0.594937 	0.593026 	0.003211
100 	0.596813 	0.593986 	0.004737
101 	0.587933 	0.587201 	0.001245
102 	0.583542 	0.583542 	-0.000000
103 	0.577100 	0.576697 	0.000697
104 	0.572512 	0.568796 	0.006491
105 	0.564202 	0.563705 	0.000882
106 	0.569658 	0.569658 	0.000000
107 	0.564743 	0.564159 	0.001034
108 	0.559491 	0.556949 	0.004543
109 	0.566284 	0.565134 	0.002031
110 	0.570943 	0.558778 	0.021307
111 	0.563097 	0.559370 	0.006618
112 	0.569397 	0.568407 	0.001740
113 	0.574027 	0.570310 	0.006475
114 	0.572215 	0.567681 	0.007923
115 	0.575815 	0.569626 	0.010748
116 	0.574795 	0.571946 	0.004956
117 	0.583600 	0.576361 	0.012404
118 	0.587828 	0.582963 	0.008277
119 	0.580368 	0.579879 	0.000842
120 	0.590510 	0.590510 	-0.000000
121 	0.594514 	0.592802 	0.002881
122 	0.600102 	0.593065 	0.011728
123 	0.592785 	0.592528 	0.000432
124 	0.598196 	0.598196 	0.000000
125 	0.604270 	0.600773 	0.005788
126 	0.601121 	0.598610 	0.004177
127 	0.606781 	0.600007 	0.011164
128 	0.608516 	0.605872 	0.004344
129 	0.611473 	0.605618 	0.009575
130 	0.611115 	0.609087 	0.003319
131 	0.605115 	0.604509 	0.001001
132 	0.615104 	0.611980 	0.005079
133 	0.615160 	0.610737 	0.007189
134 	0.614496 	0.612295 	0.003582
135 	0.610130 	0.608590 	0.002523
136 	0.615423 	0.613400 	0.003287
137 	0.614097 	0.610439 	0.005957
138 	0.623207 	0.621993 	0.001947
139 	0.621601 	0.617941 	0.005887
140 	0.622089 	0.621428 	0.001063
141 	0.626188 	0.623918 	0.003624
142 	0.625863 	0.625110 	0.001203
143 	0.624860 	0.622287 	0.004117
144 	0.628958 	0.628578 	0.000605
145 	0.632379 	0.629506 	0.004543
146 	0.627491 	0.627050 	0.000703
147 	0.624243 	0.622330 	0.003065
148 	0.630329 	0.630123 	0.000328
149 	0.632810 	0.630349 	0.003890
150 	0.628200 	0.628128 	0.000115
151 	0.627881 	0.625258 	0.004178
152 	0.632237 	0.632128 	0.000172
153 	0.634477 	0.631717 	0.004351
154 	0.631331 	0.631303 	0.000045
155 	0.627613 	0.625771 	0.002934
156 	0.629038 	0.628987 	0.000081
157 	0.624666 	0.623482 	0.001895
158 	0.626408 	0.626332 	0.000121
159 	0.622783 	0.621120 	0.002671
160 	0.621047 	0.620950 	0.000157
161 	0.623587 	0.621655 	0.003098
162 	0.627323 	0.627287 	0.000056
163 	0.628689 	0.626706 	0.003154
164 	0.625389 	0.625383 	0.000009
165 	0.628803 	0.626793 	0.003197
166 	0.632214 	0.632214 	0.000001
167 	0.635912 	0.635908 	0.000007
168 	0.639083 	0.639070 	0.000020
169 	0.638342 	0.638318 	0.000038
170 	0.633713 	0.633709 	0.000006
171 	0.635992 	0.635980 	0.000019
172 	0.633713 	0.633689 	0.000038
173 	0.635934 	0.635894 	0.000062
174 	0.632033 	0.632021 	0.000018
175 	0.634822 	0.634799 	0.000036
176 	0.633695 	0.633692 	0.000006
177 	0.634014 	0.634003 	0.000017
178 	0.636792 	0.636771 	0.000033
179 	0.634025 	0.634022 	0.000005
180 	0.629794 	0.629793 	0.000001
181 	0.625606 	0.625593 	0.000020
182 	0.626919 	0.626914 	0.000007
183 	0.629848 	0.629848 	0.000001
184 	0.636153 	0.636153 	0.000000
185 	0.633402 	0.633398 	0.000006
186 	0.632804 	0.632803 	0.000001
187 	0.635392 	0.635392 	0.000000
188 	0.632110 	0.632107 	0.000005
189 	0.633880 	0.633880 	0.000001
190 	0.638667 	0.638666 	0.000001
191 	0.636607 	0.636604 	0.000004
192 	0.640586 	0.640586 	0.000000
193 	0.645350 	0.645350 	0.000001
194 	0.643956 	0.643954 	0.000004
195 	0.646165 	0.646158 	0.000011
196 	0.648577 	0.648564 	0.000021
197 	0.644844 	0.644842 	0.000004
198 	0.641991 	0.641985 	0.000010
199 	0.639750 	0.639749 	0.000000
200 	0.641368 	0.641365 	0.000004
201 	0.641205 	0.641198 	0.000010
202 	0.644200 	0.644187 	0.000020
203 	0.643907 	0.643887 	0.000032
204 	0.642544 	0.642514 	0.000047
205 	0.641038 	0.641026 	0.000019
206 	0.642151 	0.642132 	0.000030
207 	0.645957 	0.645929 	0.000044
208 	0.651390 	0.650911 	0.000736
209 	0.649461 	0.649414 	0.000073
210 	0.650509 	0.650154 	0.000546
211 	0.652822 	0.652756 	0.000102
212 	0.654787 	0.654528 	0.000396
213 	0.652756 	0.652709 	0.000072
214 	0.657131 	0.656877 	0.000386
215 	0.655749 	0.655717 	0.000049
216 	0.652665 	0.652342 	0.000495
217 	0.649849 	0.649828 	0.000033
218 	0.647378 	0.647138 	0.000371
219 	0.652184 	0.652151 	0.000051
220 	0.648578 	0.648347 	0.000355
221 	0.649398 	0.649375 	0.000036
222 	0.646329 	0.646108 	0.000342
223 	0.644495 	0.644479 	0.000025
224 	0.647954 	0.647790 	0.000254
225 	0.646330 	0.646306 	0.000037
226 	0.649644 	0.649524 	0.000185
227 	0.646400 	0.646384 	0.000026
228 	0.643953 	0.643800 	0.000238
229 	0.644532 	0.644521 	0.000017
230 	0.646813 	0.646799 	0.000022
231 	0.644898 	0.644762 	0.000210
232 	0.649466 	0.649456 	0.000015
233 	0.653093 	0.652993 	0.000154
234 	0.650887 	0.650881 	0.000010
235 	0.649434 	0.649309 	0.000192
236 	0.651612 	0.651608 	0.000006
237 	0.653130 	0.653035 	0.000145
238 	0.652064 	0.652062 	0.000003
239 	0.654484 	0.654392 	0.000140
240 	0.652325 	0.652321 	0.000006
241 	0.651531 	0.651462 	0.000106
242 	0.649802 	0.649795 	0.000011
243 	0.648851 	0.648800 	0.000078
244 	0.652039 	0.652030 	0.000015
245 	0.653312 	0.653274 	0.000057
246 	0.655885 	0.655873 	0.000019
247 	0.655580 	0.655553 	0.000041
248 	0.657173 	0.657157 	0.000024
249 	0.655301 	0.655274 	0.000040
250 	0.654145 	0.654139 	0.000010
251 	0.652689 	0.652653 	0.000054
252 	0.650838 	0.650834 	0.000007
253 	0.652424 	0.652399 	0.000040
254 	0.657683 	0.657676 	0.000010
255 	0.658481 	0.658463 	0.000028
256 	0.658524 	0.658516 	0.000013
257 	0.658914 	0.658901 	0.000020
258 	0.661621 	0.661611 	0.000015
259 	0.660669 	0.660660 	0.000014
260 	0.659543 	0.659532 	0.000017
261 	0.658030 	0.658024 	0.000009
