Iter	 Iter_time	 Master	 Subprob	 Full_Test	 argmax	Iter_acc	 Master_acc	 Subprob_acc	 Full_Test_acc	 argmax_acc
1	 0.004641	 0.004275	 0.000233	 0.000000	 0.000071	0.004641	 0.004275	 0.000233	 0.000000	 0.000071
2	 0.005443	 0.005164	 0.000092	 0.000000	 0.000092	0.010084	 0.009439	 0.000325	 0.000000	 0.000163
3	 0.005933	 0.005763	 0.000047	 0.000000	 0.000059	0.016017	 0.015202	 0.000372	 0.000000	 0.000222
4	 0.004598	 0.004369	 0.000102	 0.000000	 0.000064	0.020615	 0.019571	 0.000474	 0.000000	 0.000286
5	 0.004746	 0.004566	 0.000065	 0.000000	 0.000053	0.025361	 0.024137	 0.000539	 0.000000	 0.000339
6	 0.004985	 0.004746	 0.000091	 0.000000	 0.000078	0.030346	 0.028883	 0.000630	 0.000000	 0.000417
7	 0.004979	 0.004813	 0.000054	 0.000000	 0.000058	0.035325	 0.033696	 0.000684	 0.000000	 0.000475
8	 0.003961	 0.003767	 0.000064	 0.000000	 0.000073	0.039286	 0.037463	 0.000748	 0.000000	 0.000548
9	 0.004135	 0.004060	 0.000031	 0.000000	 0.000024	0.043421	 0.041523	 0.000779	 0.000000	 0.000572
10	 0.004412	 0.004280	 0.000071	 0.000000	 0.000038	0.047833	 0.045803	 0.000850	 0.000000	 0.000610
11	 0.004961	 0.004796	 0.000037	 0.000000	 0.000074	0.052794	 0.050599	 0.000887	 0.000000	 0.000684
12	 0.004611	 0.004489	 0.000066	 0.000000	 0.000031	0.057405	 0.055088	 0.000953	 0.000000	 0.000715
13	 0.007158	 0.006998	 0.000039	 0.000000	 0.000063	0.064563	 0.062086	 0.000992	 0.000000	 0.000778
14	 0.008092	 0.007774	 0.000147	 0.000000	 0.000090	0.072655	 0.069860	 0.001139	 0.000000	 0.000868
15	 0.006951	 0.006852	 0.000045	 0.000000	 0.000028	0.079606	 0.076712	 0.001184	 0.000000	 0.000896
16	 0.007479	 0.007156	 0.000078	 0.000000	 0.000137	0.087085	 0.083868	 0.001262	 0.000000	 0.001033
17	 0.006301	 0.006079	 0.000061	 0.000000	 0.000086	0.093386	 0.089947	 0.001323	 0.000000	 0.001119
18	 0.004769	 0.004603	 0.000062	 0.000000	 0.000039	0.098155	 0.094550	 0.001385	 0.000000	 0.001158
19	 0.007517	 0.007425	 0.000039	 0.000000	 0.000016	0.105672	 0.101975	 0.001424	 0.000000	 0.001174
20	 0.007175	 0.006976	 0.000054	 0.000000	 0.000079	0.112847	 0.108951	 0.001478	 0.000000	 0.001253
21	 0.007839	 0.007700	 0.000076	 0.000000	 0.000033	0.120686	 0.116651	 0.001554	 0.000000	 0.001286
22	 0.005131	 0.004925	 0.000055	 0.000000	 0.000086	0.125817	 0.121576	 0.001609	 0.000000	 0.001372
23	 0.004566	 0.004339	 0.000073	 0.000000	 0.000092	0.130383	 0.125915	 0.001682	 0.000000	 0.001464
24	 0.004919	 0.004850	 0.000033	 0.000000	 0.000016	0.135302	 0.130765	 0.001715	 0.000000	 0.001480
25	 0.004350	 0.004070	 0.000108	 0.000000	 0.000109	0.139652	 0.134835	 0.001823	 0.000000	 0.001589
26	 0.004192	 0.004103	 0.000036	 0.000000	 0.000032	0.143844	 0.138938	 0.001859	 0.000000	 0.001621
27	 0.004971	 0.004852	 0.000063	 0.000000	 0.000031	0.148815	 0.143790	 0.001922	 0.000000	 0.001652
28	 0.004237	 0.004170	 0.000032	 0.000000	 0.000015	0.153052	 0.147960	 0.001954	 0.000000	 0.001667
29	 0.004531	 0.004407	 0.000068	 0.000000	 0.000031	0.157583	 0.152367	 0.002022	 0.000000	 0.001698
30	 0.003782	 0.003701	 0.000031	 0.000000	 0.000031	0.161365	 0.156068	 0.002053	 0.000000	 0.001729
31	 0.004445	 0.004335	 0.000053	 0.000000	 0.000032	0.165810	 0.160403	 0.002106	 0.000000	 0.001761
32	 0.004113	 0.004041	 0.000035	 0.000000	 0.000017	0.169923	 0.164444	 0.002141	 0.000000	 0.001778
33	 0.003973	 0.003843	 0.000060	 0.000000	 0.000047	0.173896	 0.168287	 0.002201	 0.000000	 0.001825
34	 0.004179	 0.004113	 0.000030	 0.000000	 0.000016	0.178075	 0.172400	 0.002231	 0.000000	 0.001841
35	 0.003710	 0.003594	 0.000061	 0.000000	 0.000030	0.181785	 0.175994	 0.002292	 0.000000	 0.001871
36	 0.004300	 0.004229	 0.000035	 0.000000	 0.000017	0.186085	 0.180223	 0.002327	 0.000000	 0.001888
37	 0.004139	 0.003939	 0.000061	 0.000000	 0.000079	0.190224	 0.184162	 0.002388	 0.000000	 0.001967
38	 0.003787	 0.003695	 0.000038	 0.000000	 0.000033	0.194011	 0.187857	 0.002426	 0.000000	 0.002000
39	 0.003963	 0.003838	 0.000057	 0.000000	 0.000032	0.197974	 0.191695	 0.002483	 0.000000	 0.002032
40	 0.006329	 0.006242	 0.000035	 0.000000	 0.000018	0.204303	 0.197937	 0.002518	 0.000000	 0.002050
41	 0.005013	 0.004828	 0.000089	 0.000000	 0.000057	0.209316	 0.202765	 0.002607	 0.000000	 0.002107
42	 0.004748	 0.004646	 0.000047	 0.000000	 0.000029	0.214064	 0.207411	 0.002654	 0.000000	 0.002136
43	 0.004591	 0.004448	 0.000073	 0.000000	 0.000041	0.218655	 0.211859	 0.002727	 0.000000	 0.002177
44	 0.003882	 0.003805	 0.000035	 0.000000	 0.000021	0.222537	 0.215664	 0.002762	 0.000000	 0.002198
45	 0.003915	 0.003779	 0.000059	 0.000000	 0.000053	0.226452	 0.219443	 0.002821	 0.000000	 0.002251
46	 0.003792	 0.003717	 0.000035	 0.000000	 0.000018	0.230244	 0.223160	 0.002856	 0.000000	 0.002269
47	 0.003651	 0.003512	 0.000064	 0.000000	 0.000051	0.233895	 0.226672	 0.002920	 0.000000	 0.002320
48	 0.004218	 0.004143	 0.000037	 0.000000	 0.000018	0.238113	 0.230815	 0.002957	 0.000000	 0.002338
49	 0.004168	 0.004036	 0.000065	 0.000000	 0.000037	0.242281	 0.234851	 0.003022	 0.000000	 0.002375
50	 0.004718	 0.004629	 0.000042	 0.000000	 0.000021	0.246999	 0.239480	 0.003064	 0.000000	 0.002396
51	 0.003767	 0.003631	 0.000068	 0.000000	 0.000039	0.250766	 0.243111	 0.003132	 0.000000	 0.002435
52	 0.004253	 0.004129	 0.000049	 0.000000	 0.000045	0.255019	 0.247240	 0.003181	 0.000000	 0.002480
53	 0.004414	 0.004275	 0.000068	 0.000000	 0.000041	0.259433	 0.251515	 0.003249	 0.000000	 0.002521
54	 0.003626	 0.003537	 0.000046	 0.000000	 0.000021	0.263059	 0.255052	 0.003295	 0.000000	 0.002542
55	 0.005454	 0.005223	 0.000063	 0.000000	 0.000104	0.268513	 0.260275	 0.003358	 0.000000	 0.002646
56	 0.004914	 0.004794	 0.000059	 0.000000	 0.000030	0.273427	 0.265069	 0.003417	 0.000000	 0.002676
57	 0.003781	 0.003629	 0.000063	 0.000000	 0.000061	0.277208	 0.268698	 0.003480	 0.000000	 0.002737
58	 0.003843	 0.003768	 0.000035	 0.000000	 0.000020	0.281051	 0.272466	 0.003515	 0.000000	 0.002757
59	 0.003801	 0.003684	 0.000056	 0.000000	 0.000037	0.284852	 0.276150	 0.003571	 0.000000	 0.002794
60	 0.003817	 0.003722	 0.000035	 0.000000	 0.000038	0.288669	 0.279872	 0.003606	 0.000000	 0.002832
61	 0.004204	 0.004085	 0.000059	 0.000000	 0.000038	0.292873	 0.283957	 0.003665	 0.000000	 0.002870
62	 0.003944	 0.003846	 0.000042	 0.000000	 0.000035	0.296817	 0.287803	 0.003707	 0.000000	 0.002905
63	 0.003643	 0.003520	 0.000058	 0.000000	 0.000038	0.300460	 0.291323	 0.003765	 0.000000	 0.002943
64	 0.005866	 0.005791	 0.000033	 0.000000	 0.000020	0.306326	 0.297114	 0.003798	 0.000000	 0.002963
65	 0.006099	 0.005924	 0.000085	 0.000000	 0.000056	0.312425	 0.303038	 0.003883	 0.000000	 0.003019
66	 0.005073	 0.004973	 0.000048	 0.000000	 0.000028	0.317498	 0.308011	 0.003931	 0.000000	 0.003047
67	 0.004984	 0.004841	 0.000066	 0.000000	 0.000047	0.322482	 0.312852	 0.003997	 0.000000	 0.003094
68	 0.004841	 0.004738	 0.000045	 0.000000	 0.000030	0.327323	 0.317590	 0.004042	 0.000000	 0.003124
69	 0.004692	 0.004506	 0.000077	 0.000000	 0.000076	0.332015	 0.322096	 0.004119	 0.000000	 0.003200
70	 0.004909	 0.004804	 0.000039	 0.000000	 0.000043	0.336924	 0.326900	 0.004158	 0.000000	 0.003243
71	 0.004110	 0.003971	 0.000068	 0.000000	 0.000044	0.341034	 0.330871	 0.004226	 0.000000	 0.003287
72	 0.003557	 0.003488	 0.000028	 0.000000	 0.000020	0.344591	 0.334359	 0.004254	 0.000000	 0.003307
73	 0.003608	 0.003480	 0.000064	 0.000000	 0.000040	0.348199	 0.337839	 0.004318	 0.000000	 0.003347
74	 0.003886	 0.003812	 0.000031	 0.000000	 0.000022	0.352085	 0.341651	 0.004349	 0.000000	 0.003369
75	 0.005397	 0.005268	 0.000056	 0.000000	 0.000042	0.357482	 0.346919	 0.004405	 0.000000	 0.003411
76	 0.004329	 0.004200	 0.000061	 0.000000	 0.000036	0.361811	 0.351119	 0.004466	 0.000000	 0.003447
77	 0.004481	 0.004343	 0.000064	 0.000000	 0.000045	0.366292	 0.355462	 0.004530	 0.000000	 0.003492
78	 0.004748	 0.004624	 0.000044	 0.000000	 0.000056	0.371040	 0.360086	 0.004574	 0.000000	 0.003548
79	 0.004586	 0.004453	 0.000063	 0.000000	 0.000045	0.375626	 0.364539	 0.004637	 0.000000	 0.003593
80	 0.004488	 0.004408	 0.000035	 0.000000	 0.000023	0.380114	 0.368947	 0.004672	 0.000000	 0.003616
81	 0.004191	 0.004064	 0.000061	 0.000000	 0.000042	0.384305	 0.373011	 0.004733	 0.000000	 0.003658
82	 0.003723	 0.003640	 0.000035	 0.000000	 0.000029	0.388028	 0.376651	 0.004768	 0.000000	 0.003687
83	 0.004399	 0.004263	 0.000059	 0.000000	 0.000050	0.392427	 0.380914	 0.004827	 0.000000	 0.003737
84	 0.004106	 0.003990	 0.000053	 0.000000	 0.000032	0.396533	 0.384904	 0.004880	 0.000000	 0.003769
85	 0.003759	 0.003621	 0.000065	 0.000000	 0.000045	0.400292	 0.388525	 0.004945	 0.000000	 0.003814
86	 0.004111	 0.004038	 0.000031	 0.000000	 0.000021	0.404403	 0.392563	 0.004976	 0.000000	 0.003835
87	 0.004817	 0.004686	 0.000062	 0.000000	 0.000041	0.409220	 0.397249	 0.005038	 0.000000	 0.003876
88	 0.004095	 0.004013	 0.000038	 0.000000	 0.000023	0.413315	 0.401262	 0.005076	 0.000000	 0.003899
89	 0.003946	 0.003683	 0.000064	 0.000000	 0.000137	0.417261	 0.404945	 0.005140	 0.000000	 0.004036
90	 0.003673	 0.003596	 0.000036	 0.000000	 0.000021	0.420934	 0.408541	 0.005176	 0.000000	 0.004057
91	 0.003747	 0.003626	 0.000055	 0.000000	 0.000041	0.424681	 0.412167	 0.005231	 0.000000	 0.004098
92	 0.003729	 0.003653	 0.000034	 0.000000	 0.000021	0.428410	 0.415820	 0.005265	 0.000000	 0.004119
93	 0.003854	 0.003732	 0.000057	 0.000000	 0.000040	0.432264	 0.419552	 0.005322	 0.000000	 0.004159
94	 0.004302	 0.004216	 0.000040	 0.000000	 0.000024	0.436566	 0.423768	 0.005362	 0.000000	 0.004183
95	 0.004377	 0.004241	 0.000069	 0.000000	 0.000042	0.440943	 0.428009	 0.005431	 0.000000	 0.004225
96	 0.004460	 0.004388	 0.000030	 0.000000	 0.000023	0.445403	 0.432397	 0.005461	 0.000000	 0.004248
97	 0.003671	 0.003511	 0.000060	 0.000000	 0.000063	0.449074	 0.435908	 0.005521	 0.000000	 0.004311
98	 0.003821	 0.003745	 0.000034	 0.000000	 0.000022	0.452895	 0.439653	 0.005555	 0.000000	 0.004333
99	 0.003876	 0.003755	 0.000057	 0.000000	 0.000042	0.456771	 0.443408	 0.005612	 0.000000	 0.004375
100	 0.003779	 0.003700	 0.000034	 0.000000	 0.000022	0.460550	 0.447108	 0.005646	 0.000000	 0.004397
101	 0.003954	 0.003749	 0.000062	 0.000000	 0.000077	0.464504	 0.450857	 0.005708	 0.000000	 0.004474
102	 0.003656	 0.003578	 0.000034	 0.000000	 0.000023	0.468160	 0.454435	 0.005742	 0.000000	 0.004497
103	 0.003877	 0.003732	 0.000059	 0.000000	 0.000061	0.472037	 0.458167	 0.005801	 0.000000	 0.004558
104	 0.003528	 0.003363	 0.000032	 0.000000	 0.000080	0.475565	 0.461530	 0.005833	 0.000000	 0.004638
105	 0.004454	 0.004330	 0.000057	 0.000000	 0.000042	0.480019	 0.465860	 0.005890	 0.000000	 0.004680
106	 0.003633	 0.003559	 0.000032	 0.000000	 0.000022	0.483652	 0.469419	 0.005922	 0.000000	 0.004702
107	 0.003684	 0.003559	 0.000055	 0.000000	 0.000047	0.487336	 0.472978	 0.005977	 0.000000	 0.004749
108	 0.003552	 0.003476	 0.000033	 0.000000	 0.000024	0.490888	 0.476454	 0.006010	 0.000000	 0.004773
109	 0.003537	 0.003411	 0.000052	 0.000000	 0.000044	0.494425	 0.479865	 0.006062	 0.000000	 0.004817
110	 0.004234	 0.004118	 0.000044	 0.000000	 0.000023	0.498659	 0.483983	 0.006106	 0.000000	 0.004840
111	 0.003668	 0.003394	 0.000064	 0.000000	 0.000156	0.502327	 0.487377	 0.006170	 0.000000	 0.004996
112	 0.004202	 0.004119	 0.000040	 0.000000	 0.000023	0.506529	 0.491496	 0.006210	 0.000000	 0.005019
113	 0.004085	 0.003961	 0.000056	 0.000000	 0.000043	0.510614	 0.495457	 0.006266	 0.000000	 0.005062
114	 0.005383	 0.005283	 0.000034	 0.000000	 0.000042	0.515997	 0.500740	 0.006300	 0.000000	 0.005104
115	 0.005738	 0.005551	 0.000086	 0.000000	 0.000068	0.521735	 0.506291	 0.006386	 0.000000	 0.005172
116	 0.005154	 0.005026	 0.000044	 0.000000	 0.000056	0.526889	 0.511317	 0.006430	 0.000000	 0.005228
117	 0.005658	 0.005479	 0.000076	 0.000000	 0.000060	0.532547	 0.516796	 0.006506	 0.000000	 0.005288
118	 0.006586	 0.006397	 0.000086	 0.000000	 0.000059	0.539133	 0.523193	 0.006592	 0.000000	 0.005347
119	 0.005727	 0.005555	 0.000078	 0.000000	 0.000052	0.544860	 0.528748	 0.006670	 0.000000	 0.005399
120	 0.004424	 0.004295	 0.000049	 0.000000	 0.000055	0.549284	 0.533043	 0.006719	 0.000000	 0.005454
121	 0.003958	 0.003796	 0.000069	 0.000000	 0.000052	0.553242	 0.536839	 0.006788	 0.000000	 0.005506
122	 0.004736	 0.004647	 0.000040	 0.000000	 0.000026	0.557978	 0.541486	 0.006828	 0.000000	 0.005532
123	 0.004560	 0.004389	 0.000070	 0.000000	 0.000061	0.562538	 0.545875	 0.006898	 0.000000	 0.005593
124	 0.005231	 0.005092	 0.000057	 0.000000	 0.000045	0.567769	 0.550967	 0.006955	 0.000000	 0.005638
125	 0.004370	 0.004183	 0.000080	 0.000000	 0.000071	0.572139	 0.555150	 0.007035	 0.000000	 0.005709
126	 0.005010	 0.004927	 0.000033	 0.000000	 0.000027	0.577149	 0.560077	 0.007068	 0.000000	 0.005736
127	 0.004201	 0.004053	 0.000068	 0.000000	 0.000050	0.581350	 0.564130	 0.007136	 0.000000	 0.005786
128	 0.004493	 0.004414	 0.000033	 0.000000	 0.000025	0.585843	 0.568544	 0.007169	 0.000000	 0.005811
129	 0.004837	 0.004686	 0.000067	 0.000000	 0.000055	0.590680	 0.573230	 0.007236	 0.000000	 0.005866
130	 0.003551	 0.003480	 0.000026	 0.000000	 0.000024	0.594231	 0.576710	 0.007262	 0.000000	 0.005890
131	 0.004072	 0.003947	 0.000056	 0.000000	 0.000047	0.598303	 0.580657	 0.007318	 0.000000	 0.005937
132	 0.004626	 0.004549	 0.000032	 0.000000	 0.000024	0.602929	 0.585206	 0.007350	 0.000000	 0.005961
133	 0.004327	 0.004197	 0.000057	 0.000000	 0.000048	0.607256	 0.589403	 0.007407	 0.000000	 0.006009
134	 0.003660	 0.003584	 0.000033	 0.000000	 0.000024	0.610916	 0.592987	 0.007440	 0.000000	 0.006033
135	 0.003602	 0.003477	 0.000054	 0.000000	 0.000046	0.614518	 0.596464	 0.007494	 0.000000	 0.006079
136	 0.003907	 0.003831	 0.000032	 0.000000	 0.000025	0.618425	 0.600295	 0.007526	 0.000000	 0.006104
137	 0.004053	 0.003930	 0.000055	 0.000000	 0.000047	0.622478	 0.604225	 0.007581	 0.000000	 0.006151
138	 0.003923	 0.003853	 0.000027	 0.000000	 0.000024	0.626401	 0.608078	 0.007608	 0.000000	 0.006175
139	 0.004174	 0.004047	 0.000056	 0.000000	 0.000048	0.630575	 0.612125	 0.007664	 0.000000	 0.006223
140	 0.003724	 0.003649	 0.000032	 0.000000	 0.000025	0.634299	 0.615774	 0.007696	 0.000000	 0.006248
141	 0.004629	 0.004501	 0.000058	 0.000000	 0.000047	0.638928	 0.620275	 0.007754	 0.000000	 0.006295
142	 0.004540	 0.004462	 0.000032	 0.000000	 0.000025	0.643468	 0.624737	 0.007786	 0.000000	 0.006320
143	 0.004062	 0.003937	 0.000054	 0.000000	 0.000046	0.647530	 0.628674	 0.007840	 0.000000	 0.006366
144	 0.004298	 0.004218	 0.000035	 0.000000	 0.000025	0.651828	 0.632892	 0.007875	 0.000000	 0.006391
145	 0.004273	 0.004148	 0.000053	 0.000000	 0.000047	0.656101	 0.637040	 0.007928	 0.000000	 0.006438
146	 0.006121	 0.006032	 0.000025	 0.000000	 0.000023	0.662222	 0.643072	 0.007953	 0.000000	 0.006461
147	 0.007465	 0.007020	 0.000280	 0.000000	 0.000104	0.669687	 0.650092	 0.008233	 0.000000	 0.006565
148	 0.004991	 0.004905	 0.000031	 0.000000	 0.000029	0.674678	 0.654997	 0.008264	 0.000000	 0.006594
149	 0.004680	 0.004521	 0.000073	 0.000000	 0.000056	0.679358	 0.659518	 0.008337	 0.000000	 0.006650
150	 0.003901	 0.003821	 0.000036	 0.000000	 0.000024	0.683259	 0.663339	 0.008373	 0.000000	 0.006674
151	 0.004054	 0.003914	 0.000063	 0.000000	 0.000050	0.687313	 0.667253	 0.008436	 0.000000	 0.006724
152	 0.004205	 0.004095	 0.000033	 0.000000	 0.000057	0.691518	 0.671348	 0.008469	 0.000000	 0.006781
153	 0.004460	 0.004331	 0.000056	 0.000000	 0.000048	0.695978	 0.675679	 0.008525	 0.000000	 0.006829
154	 0.004253	 0.004161	 0.000041	 0.000000	 0.000027	0.700231	 0.679840	 0.008566	 0.000000	 0.006856
155	 0.004656	 0.004478	 0.000075	 0.000000	 0.000075	0.704887	 0.684318	 0.008641	 0.000000	 0.006931
156	 0.004656	 0.004562	 0.000042	 0.000000	 0.000029	0.709543	 0.688880	 0.008683	 0.000000	 0.006960
157	 0.004752	 0.004577	 0.000080	 0.000000	 0.000064	0.714295	 0.693457	 0.008763	 0.000000	 0.007024
158	 0.005120	 0.005030	 0.000038	 0.000000	 0.000029	0.719415	 0.698487	 0.008801	 0.000000	 0.007053
159	 0.004405	 0.004262	 0.000063	 0.000000	 0.000056	0.723820	 0.702749	 0.008864	 0.000000	 0.007109
160	 0.004261	 0.004179	 0.000036	 0.000000	 0.000025	0.728081	 0.706928	 0.008900	 0.000000	 0.007134
161	 0.004650	 0.004494	 0.000067	 0.000000	 0.000055	0.732731	 0.711422	 0.008967	 0.000000	 0.007189
162	 0.003536	 0.003440	 0.000037	 0.000000	 0.000032	0.736267	 0.714862	 0.009004	 0.000000	 0.007221
163	 0.003721	 0.003559	 0.000061	 0.000000	 0.000074	0.739988	 0.718421	 0.009065	 0.000000	 0.007295
164	 0.003828	 0.003741	 0.000029	 0.000000	 0.000026	0.743816	 0.722162	 0.009094	 0.000000	 0.007321
165	 0.003762	 0.003683	 0.000033	 0.000000	 0.000026	0.747578	 0.725845	 0.009127	 0.000000	 0.007347
166	 0.004177	 0.004048	 0.000054	 0.000000	 0.000050	0.751755	 0.729893	 0.009181	 0.000000	 0.007397
167	 0.004231	 0.004152	 0.000032	 0.000000	 0.000026	0.755986	 0.734045	 0.009213	 0.000000	 0.007423
168	 0.004138	 0.004004	 0.000060	 0.000000	 0.000050	0.760124	 0.738049	 0.009273	 0.000000	 0.007473
169	 0.003928	 0.003860	 0.000023	 0.000000	 0.000025	0.764052	 0.741909	 0.009296	 0.000000	 0.007498
170	 0.004708	 0.004549	 0.000059	 0.000000	 0.000067	0.768760	 0.746458	 0.009355	 0.000000	 0.007565
171	 0.004311	 0.004232	 0.000024	 0.000000	 0.000036	0.773071	 0.750690	 0.009379	 0.000000	 0.007601
172	 0.003802	 0.003679	 0.000041	 0.000000	 0.000056	0.776873	 0.754369	 0.009420	 0.000000	 0.007657
173	 0.003572	 0.003493	 0.000035	 0.000000	 0.000026	0.780445	 0.757862	 0.009455	 0.000000	 0.007683
174	 0.003733	 0.003610	 0.000049	 0.000000	 0.000048	0.784178	 0.761472	 0.009504	 0.000000	 0.007731
175	 0.003491	 0.003408	 0.000037	 0.000000	 0.000026	0.787669	 0.764880	 0.009541	 0.000000	 0.007757
176	 0.004764	 0.004635	 0.000055	 0.000000	 0.000050	0.792433	 0.769515	 0.009596	 0.000000	 0.007807
177	 0.004472	 0.004387	 0.000032	 0.000000	 0.000033	0.796905	 0.773902	 0.009628	 0.000000	 0.007840
178	 0.003768	 0.003635	 0.000051	 0.000000	 0.000057	0.800673	 0.777537	 0.009679	 0.000000	 0.007897
179	 0.003535	 0.003455	 0.000034	 0.000000	 0.000025	0.804208	 0.780992	 0.009713	 0.000000	 0.007922
180	 0.003705	 0.003551	 0.000054	 0.000000	 0.000069	0.807913	 0.784543	 0.009767	 0.000000	 0.007991
181	 0.003887	 0.003804	 0.000036	 0.000000	 0.000027	0.811800	 0.788347	 0.009803	 0.000000	 0.008018
182	 0.004894	 0.004760	 0.000055	 0.000000	 0.000051	0.816694	 0.793107	 0.009858	 0.000000	 0.008069
183	 0.004498	 0.004411	 0.000033	 0.000000	 0.000033	0.821192	 0.797518	 0.009891	 0.000000	 0.008102
184	 0.004263	 0.004124	 0.000055	 0.000000	 0.000059	0.825455	 0.801642	 0.009946	 0.000000	 0.008161
185	 0.003864	 0.003763	 0.000034	 0.000000	 0.000045	0.829319	 0.805405	 0.009980	 0.000000	 0.008206
186	 0.004018	 0.003886	 0.000054	 0.000000	 0.000052	0.833337	 0.809291	 0.010034	 0.000000	 0.008258
187	 0.005448	 0.005307	 0.000068	 0.000000	 0.000038	0.838785	 0.814598	 0.010102	 0.000000	 0.008296
188	 0.005203	 0.004980	 0.000085	 0.000000	 0.000099	0.843988	 0.819578	 0.010187	 0.000000	 0.008395
189	 0.004404	 0.004294	 0.000048	 0.000000	 0.000034	0.848392	 0.823872	 0.010235	 0.000000	 0.008429
190	 0.003536	 0.003392	 0.000062	 0.000000	 0.000054	0.851928	 0.827264	 0.010297	 0.000000	 0.008483
191	 0.003940	 0.003855	 0.000037	 0.000000	 0.000027	0.855868	 0.831119	 0.010334	 0.000000	 0.008510
192	 0.003849	 0.003721	 0.000052	 0.000000	 0.000050	0.859717	 0.834840	 0.010386	 0.000000	 0.008560
193	 0.003836	 0.003752	 0.000036	 0.000000	 0.000027	0.863553	 0.838592	 0.010422	 0.000000	 0.008587
194	 0.004175	 0.004030	 0.000058	 0.000000	 0.000060	0.867728	 0.842622	 0.010480	 0.000000	 0.008647
195	 0.004576	 0.004478	 0.000032	 0.000000	 0.000032	0.872304	 0.847100	 0.010512	 0.000000	 0.008679
196	 0.003890	 0.003687	 0.000108	 0.000000	 0.000064	0.876194	 0.850787	 0.010620	 0.000000	 0.008743
197	 0.004437	 0.004339	 0.000046	 0.000000	 0.000030	0.880631	 0.855126	 0.010666	 0.000000	 0.008773
198	 0.004311	 0.004159	 0.000061	 0.000000	 0.000060	0.884942	 0.859285	 0.010727	 0.000000	 0.008833
199	 0.003723	 0.003641	 0.000031	 0.000000	 0.000029	0.888665	 0.862926	 0.010758	 0.000000	 0.008862
200	 0.003754	 0.003614	 0.000054	 0.000000	 0.000052	0.892419	 0.866540	 0.010812	 0.000000	 0.008914
201	 0.004248	 0.004156	 0.000025	 0.000000	 0.000040	0.896667	 0.870696	 0.010837	 0.000000	 0.008954
202	 0.004148	 0.003983	 0.000073	 0.000000	 0.000061	0.900815	 0.874679	 0.010910	 0.000000	 0.009015
203	 0.003861	 0.003776	 0.000038	 0.000000	 0.000027	0.904676	 0.878455	 0.010948	 0.000000	 0.009042
204	 0.003591	 0.003462	 0.000054	 0.000000	 0.000051	0.908267	 0.881917	 0.011002	 0.000000	 0.009093
205	 0.004000	 0.003915	 0.000036	 0.000000	 0.000027	0.912267	 0.885832	 0.011038	 0.000000	 0.009120
206	 0.003643	 0.003508	 0.000058	 0.000000	 0.000052	0.915910	 0.889340	 0.011096	 0.000000	 0.009172
207	 0.003541	 0.003462	 0.000032	 0.000000	 0.000027	0.919451	 0.892802	 0.011128	 0.000000	 0.009199
208	 0.003798	 0.003669	 0.000053	 0.000000	 0.000052	0.923249	 0.896471	 0.011181	 0.000000	 0.009251
209	 0.003590	 0.003508	 0.000035	 0.000000	 0.000028	0.926839	 0.899979	 0.011216	 0.000000	 0.009279
210	 0.003923	 0.003795	 0.000052	 0.000000	 0.000052	0.930762	 0.903774	 0.011268	 0.000000	 0.009331
211	 0.003725	 0.003641	 0.000036	 0.000000	 0.000027	0.934487	 0.907415	 0.011304	 0.000000	 0.009358
212	 0.004013	 0.003882	 0.000054	 0.000000	 0.000053	0.938500	 0.911297	 0.011358	 0.000000	 0.009411
213	 0.003287	 0.003204	 0.000038	 0.000000	 0.000026	0.941787	 0.914501	 0.011396	 0.000000	 0.009437
214	 0.003427	 0.003295	 0.000055	 0.000000	 0.000052	0.945214	 0.917796	 0.011451	 0.000000	 0.009489
215	 0.003728	 0.003648	 0.000035	 0.000000	 0.000027	0.948942	 0.921444	 0.011486	 0.000000	 0.009516
216	 0.003905	 0.003777	 0.000054	 0.000000	 0.000050	0.952847	 0.925221	 0.011540	 0.000000	 0.009566
217	 0.003374	 0.003292	 0.000036	 0.000000	 0.000027	0.956221	 0.928513	 0.011576	 0.000000	 0.009593
218	 0.003796	 0.003619	 0.000056	 0.000000	 0.000073	0.960017	 0.932132	 0.011632	 0.000000	 0.009666
219	 0.003325	 0.003247	 0.000030	 0.000000	 0.000027	0.963342	 0.935379	 0.011662	 0.000000	 0.009693
220	 0.003303	 0.003170	 0.000055	 0.000000	 0.000052	0.966645	 0.938549	 0.011717	 0.000000	 0.009745
221	 0.003673	 0.003589	 0.000037	 0.000000	 0.000028	0.970318	 0.942138	 0.011754	 0.000000	 0.009773
222	 0.003446	 0.003318	 0.000053	 0.000000	 0.000052	0.973764	 0.945456	 0.011807	 0.000000	 0.009825
223	 0.003651	 0.003572	 0.000033	 0.000000	 0.000027	0.977415	 0.949028	 0.011840	 0.000000	 0.009852
224	 0.003695	 0.003567	 0.000052	 0.000000	 0.000053	0.981110	 0.952595	 0.011892	 0.000000	 0.009905
225	 0.003566	 0.003467	 0.000035	 0.000000	 0.000046	0.984676	 0.956062	 0.011927	 0.000000	 0.009951
226	 0.005812	 0.005642	 0.000056	 0.000000	 0.000082	0.990488	 0.961704	 0.011983	 0.000000	 0.010033
227	 0.005184	 0.005044	 0.000060	 0.000000	 0.000046	0.995672	 0.966748	 0.012043	 0.000000	 0.010079
228	 0.004244	 0.004065	 0.000066	 0.000000	 0.000084	0.999916	 0.970813	 0.012109	 0.000000	 0.010163
229	 0.003812	 0.003712	 0.000042	 0.000000	 0.000034	1.003728	 0.974525	 0.012151	 0.000000	 0.010197
230	 0.003243	 0.003096	 0.000062	 0.000000	 0.000057	1.006971	 0.977621	 0.012213	 0.000000	 0.010254
231	 0.003492	 0.003411	 0.000033	 0.000000	 0.000029	1.010463	 0.981032	 0.012246	 0.000000	 0.010283
232	 0.004054	 0.003902	 0.000052	 0.000000	 0.000074	1.014517	 0.984934	 0.012298	 0.000000	 0.010357
233	 0.003903	 0.003828	 0.000026	 0.000000	 0.000030	1.018420	 0.988762	 0.012324	 0.000000	 0.010387
234	 0.004030	 0.003880	 0.000058	 0.000000	 0.000057	1.022450	 0.992642	 0.012382	 0.000000	 0.010444
235	 0.003735	 0.003652	 0.000035	 0.000000	 0.000029	1.026185	 0.996294	 0.012417	 0.000000	 0.010473
236	 0.004176	 0.004040	 0.000056	 0.000000	 0.000056	1.030361	 1.000334	 0.012473	 0.000000	 0.010529
237	 0.004623	 0.004545	 0.000026	 0.000000	 0.000031	1.034984	 1.004879	 0.012499	 0.000000	 0.010560
238	 0.005218	 0.005045	 0.000072	 0.000000	 0.000064	1.040202	 1.009924	 0.012571	 0.000000	 0.010624
239	 0.004472	 0.004365	 0.000045	 0.000000	 0.000034	1.044674	 1.014289	 0.012616	 0.000000	 0.010658
240	 0.004327	 0.004164	 0.000068	 0.000000	 0.000067	1.049001	 1.018453	 0.012684	 0.000000	 0.010725
241	 0.005124	 0.005033	 0.000036	 0.000000	 0.000032	1.054125	 1.023486	 0.012720	 0.000000	 0.010757
242	 0.003655	 0.003507	 0.000061	 0.000000	 0.000059	1.057780	 1.026993	 0.012781	 0.000000	 0.010816
243	 0.004289	 0.004203	 0.000036	 0.000000	 0.000031	1.062069	 1.031196	 0.012817	 0.000000	 0.010847
244	 0.004245	 0.004100	 0.000061	 0.000000	 0.000060	1.066314	 1.035296	 0.012878	 0.000000	 0.010907
245	 0.004180	 0.004089	 0.000039	 0.000000	 0.000031	1.070494	 1.039385	 0.012917	 0.000000	 0.010938
246	 0.003865	 0.003704	 0.000055	 0.000000	 0.000081	1.074359	 1.043089	 0.012972	 0.000000	 0.011019
247	 0.004147	 0.004067	 0.000030	 0.000000	 0.000029	1.078506	 1.047156	 0.013002	 0.000000	 0.011048
248	 0.003504	 0.003362	 0.000062	 0.000000	 0.000054	1.082010	 1.050518	 0.013064	 0.000000	 0.011102
249	 0.003625	 0.003545	 0.000032	 0.000000	 0.000029	1.085635	 1.054063	 0.013096	 0.000000	 0.011131
250	 0.003867	 0.003721	 0.000054	 0.000000	 0.000056	1.089502	 1.057784	 0.013150	 0.000000	 0.011187
251	 0.003606	 0.003523	 0.000032	 0.000000	 0.000030	1.093108	 1.061307	 0.013182	 0.000000	 0.011217
252	 0.003847	 0.003709	 0.000056	 0.000000	 0.000057	1.096955	 1.065016	 0.013238	 0.000000	 0.011274
253	 0.003779	 0.003697	 0.000033	 0.000000	 0.000029	1.100734	 1.068713	 0.013271	 0.000000	 0.011303
254	 0.004214	 0.004069	 0.000058	 0.000000	 0.000056	1.104948	 1.072782	 0.013329	 0.000000	 0.011359
255	 0.003780	 0.003694	 0.000036	 0.000000	 0.000030	1.108728	 1.076476	 0.013365	 0.000000	 0.011389
256	 0.004226	 0.004071	 0.000054	 0.000000	 0.000068	1.112954	 1.080547	 0.013419	 0.000000	 0.011457
257	 0.003902	 0.003811	 0.000036	 0.000000	 0.000035	1.116856	 1.084358	 0.013455	 0.000000	 0.011492
258	 0.004134	 0.003984	 0.000057	 0.000000	 0.000068	1.120990	 1.088342	 0.013512	 0.000000	 0.011560
259	 0.004429	 0.004318	 0.000035	 0.000000	 0.000055	1.125419	 1.092660	 0.013547	 0.000000	 0.011615
260	 0.005256	 0.005105	 0.000057	 0.000000	 0.000070	1.130675	 1.097765	 0.013604	 0.000000	 0.011685
261	 0.006258	 0.006143	 0.000037	 0.000000	 0.000046	1.136933	 1.103908	 0.013641	 0.000000	 0.011731
262	 0.007939	 0.007661	 0.000126	 0.000000	 0.000109	1.144872	 1.111569	 0.013767	 0.000000	 0.011840
263	 0.005686	 0.005557	 0.000048	 0.000000	 0.000053	1.150558	 1.117126	 0.013815	 0.000000	 0.011893
264	 0.005630	 0.005443	 0.000068	 0.000000	 0.000086	1.156188	 1.122569	 0.013883	 0.000000	 0.011979
265	 0.004910	 0.004792	 0.000048	 0.000000	 0.000048	1.161098	 1.127361	 0.013931	 0.000000	 0.012027
266	 0.004102	 0.003938	 0.000060	 0.000000	 0.000079	1.165200	 1.131299	 0.013991	 0.000000	 0.012106
267	 0.004997	 0.004899	 0.000033	 0.000000	 0.000042	1.170197	 1.136198	 0.014024	 0.000000	 0.012148
268	 0.005448	 0.005277	 0.000058	 0.000000	 0.000082	1.175645	 1.141475	 0.014082	 0.000000	 0.012230
269	 0.005141	 0.005009	 0.000044	 0.000000	 0.000062	1.180786	 1.146484	 0.014126	 0.000000	 0.012292
270	 0.005512	 0.005233	 0.000101	 0.000000	 0.000129	1.186298	 1.151717	 0.014227	 0.000000	 0.012421
271	 0.005316	 0.005186	 0.000048	 0.000000	 0.000057	1.191614	 1.156903	 0.014275	 0.000000	 0.012478
272	 0.005191	 0.004965	 0.000085	 0.000000	 0.000088	1.196805	 1.161868	 0.014360	 0.000000	 0.012566
