38.047897
217.000000

32.970226
217.000000

35.635715
217.000000

36.123045
217.000000

29.513746
216.999999

39.526974
217.000000

35.794205
217.000000

35.443056
216.999999

35.904312
217.000000

37.312660
217.000000

30.298142
217.000000

39.527031
217.000000

33.288909
216.999999

30.366307
216.999999

33.330791
217.000000

37.457877
217.000000

35.541529
217.000000

38.047897
217.000000

43.175136
217.000000

38.002887
217.000000

38.439143
217.000000

38.240175
217.000000

41.288268
216.999999

43.309551
217.000000

38.181648
217.000000

37.945094
217.000000

36.105697
217.000000

32.361216
217.000000

36.536702
216.999999

42.574865
217.000000

