Iter	 Iter_time	 Master	 Subprob	 Full_Test	 argmax	Iter_acc	 Master_acc	 Subprob_acc	 Full_Test_acc	 argmax_acc
1	 0.000865	 0.000596	 0.000128	 0.000000	 0.000103	0.000865	 0.000596	 0.000128	 0.000000	 0.000103
2	 0.004727	 0.004398	 0.000188	 0.000000	 0.000063	0.005592	 0.004994	 0.000316	 0.000000	 0.000166
3	 0.003691	 0.003598	 0.000044	 0.000000	 0.000017	0.009283	 0.008592	 0.000360	 0.000000	 0.000183
4	 0.003698	 0.003598	 0.000053	 0.000000	 0.000016	0.012981	 0.012190	 0.000413	 0.000000	 0.000199
5	 0.003982	 0.003787	 0.000115	 0.000000	 0.000038	0.016963	 0.015977	 0.000528	 0.000000	 0.000237
6	 0.003886	 0.003769	 0.000044	 0.000000	 0.000034	0.020849	 0.019746	 0.000572	 0.000000	 0.000271
7	 0.003534	 0.003417	 0.000066	 0.000000	 0.000022	0.024383	 0.023163	 0.000638	 0.000000	 0.000293
8	 0.003881	 0.003714	 0.000089	 0.000000	 0.000036	0.028264	 0.026877	 0.000727	 0.000000	 0.000329
9	 0.004159	 0.003956	 0.000123	 0.000000	 0.000038	0.032423	 0.030833	 0.000850	 0.000000	 0.000367
10	 0.003525	 0.003297	 0.000094	 0.000000	 0.000095	0.035948	 0.034130	 0.000944	 0.000000	 0.000462
11	 0.003949	 0.003766	 0.000107	 0.000000	 0.000037	0.039897	 0.037896	 0.001051	 0.000000	 0.000499
12	 0.003547	 0.003378	 0.000079	 0.000000	 0.000042	0.043444	 0.041274	 0.001130	 0.000000	 0.000541
13	 0.004239	 0.004112	 0.000068	 0.000000	 0.000025	0.047683	 0.045386	 0.001198	 0.000000	 0.000566
14	 0.004012	 0.003845	 0.000091	 0.000000	 0.000038	0.051695	 0.049231	 0.001289	 0.000000	 0.000604
15	 0.004039	 0.003863	 0.000093	 0.000000	 0.000039	0.055734	 0.053094	 0.001382	 0.000000	 0.000643
16	 0.004289	 0.004117	 0.000089	 0.000000	 0.000039	0.060023	 0.057211	 0.001471	 0.000000	 0.000682
17	 0.004258	 0.004132	 0.000057	 0.000000	 0.000032	0.064281	 0.061343	 0.001528	 0.000000	 0.000714
18	 0.004474	 0.004315	 0.000091	 0.000000	 0.000039	0.068755	 0.065658	 0.001619	 0.000000	 0.000753
19	 0.003639	 0.003534	 0.000041	 0.000000	 0.000024	0.072394	 0.069192	 0.001660	 0.000000	 0.000777
20	 0.004306	 0.004140	 0.000087	 0.000000	 0.000037	0.076700	 0.073332	 0.001747	 0.000000	 0.000814
21	 0.003995	 0.003828	 0.000091	 0.000000	 0.000041	0.080695	 0.077160	 0.001838	 0.000000	 0.000855
22	 0.004671	 0.004523	 0.000083	 0.000000	 0.000027	0.085366	 0.081683	 0.001921	 0.000000	 0.000882
23	 0.004596	 0.004431	 0.000088	 0.000000	 0.000042	0.089962	 0.086114	 0.002009	 0.000000	 0.000924
24	 0.004412	 0.004304	 0.000058	 0.000000	 0.000022	0.094374	 0.090418	 0.002067	 0.000000	 0.000946
25	 0.004784	 0.004590	 0.000104	 0.000000	 0.000045	0.099158	 0.095008	 0.002171	 0.000000	 0.000991
26	 0.004183	 0.004058	 0.000061	 0.000000	 0.000028	0.103341	 0.099066	 0.002232	 0.000000	 0.001019
27	 0.004384	 0.004223	 0.000078	 0.000000	 0.000046	0.107725	 0.103289	 0.002310	 0.000000	 0.001065
28	 0.003855	 0.003726	 0.000050	 0.000000	 0.000037	0.111580	 0.107015	 0.002360	 0.000000	 0.001102
29	 0.004109	 0.003949	 0.000069	 0.000000	 0.000045	0.115689	 0.110964	 0.002429	 0.000000	 0.001147
30	 0.003504	 0.003338	 0.000084	 0.000000	 0.000040	0.119193	 0.114302	 0.002513	 0.000000	 0.001187
31	 0.004001	 0.003803	 0.000111	 0.000000	 0.000048	0.123194	 0.118105	 0.002624	 0.000000	 0.001235
32	 0.003667	 0.003563	 0.000047	 0.000000	 0.000028	0.126861	 0.121668	 0.002671	 0.000000	 0.001263
33	 0.003990	 0.003832	 0.000085	 0.000000	 0.000041	0.130851	 0.125500	 0.002756	 0.000000	 0.001304
34	 0.004267	 0.004184	 0.000033	 0.000000	 0.000024	0.135118	 0.129684	 0.002789	 0.000000	 0.001328
35	 0.003525	 0.003369	 0.000077	 0.000000	 0.000039	0.138643	 0.133053	 0.002866	 0.000000	 0.001367
36	 0.003687	 0.003607	 0.000031	 0.000000	 0.000022	0.142330	 0.136660	 0.002897	 0.000000	 0.001389
37	 0.004412	 0.004256	 0.000082	 0.000000	 0.000043	0.146742	 0.140916	 0.002979	 0.000000	 0.001432
38	 0.004225	 0.004125	 0.000051	 0.000000	 0.000023	0.150967	 0.145041	 0.003030	 0.000000	 0.001455
39	 0.003661	 0.003512	 0.000078	 0.000000	 0.000044	0.154628	 0.148553	 0.003108	 0.000000	 0.001499
40	 0.004567	 0.004467	 0.000051	 0.000000	 0.000025	0.159195	 0.153020	 0.003159	 0.000000	 0.001524
41	 0.004081	 0.003922	 0.000084	 0.000000	 0.000045	0.163276	 0.156942	 0.003243	 0.000000	 0.001569
42	 0.003497	 0.003394	 0.000051	 0.000000	 0.000024	0.166773	 0.160336	 0.003294	 0.000000	 0.001593
43	 0.003812	 0.003663	 0.000076	 0.000000	 0.000044	0.170585	 0.163999	 0.003370	 0.000000	 0.001637
44	 0.003751	 0.003656	 0.000043	 0.000000	 0.000025	0.174336	 0.167655	 0.003413	 0.000000	 0.001662
45	 0.003839	 0.003698	 0.000061	 0.000000	 0.000044	0.178175	 0.171353	 0.003474	 0.000000	 0.001706
46	 0.004143	 0.004051	 0.000032	 0.000000	 0.000035	0.182318	 0.175404	 0.003506	 0.000000	 0.001741
47	 0.003912	 0.003774	 0.000057	 0.000000	 0.000052	0.186230	 0.179178	 0.003563	 0.000000	 0.001793
48	 0.003853	 0.003754	 0.000047	 0.000000	 0.000024	0.190083	 0.182932	 0.003610	 0.000000	 0.001817
49	 0.004072	 0.003924	 0.000075	 0.000000	 0.000046	0.194155	 0.186856	 0.003685	 0.000000	 0.001863
50	 0.003900	 0.003796	 0.000053	 0.000000	 0.000025	0.198055	 0.190652	 0.003738	 0.000000	 0.001888
51	 0.004383	 0.004219	 0.000079	 0.000000	 0.000046	0.202438	 0.194871	 0.003817	 0.000000	 0.001934
52	 0.004202	 0.004103	 0.000047	 0.000000	 0.000026	0.206640	 0.198974	 0.003864	 0.000000	 0.001960
53	 0.004052	 0.003896	 0.000073	 0.000000	 0.000047	0.210692	 0.202870	 0.003937	 0.000000	 0.002007
54	 0.004242	 0.004139	 0.000050	 0.000000	 0.000026	0.214934	 0.207009	 0.003987	 0.000000	 0.002033
55	 0.004384	 0.004222	 0.000081	 0.000000	 0.000046	0.219318	 0.211231	 0.004068	 0.000000	 0.002079
56	 0.003715	 0.003632	 0.000033	 0.000000	 0.000026	0.223033	 0.214863	 0.004101	 0.000000	 0.002105
57	 0.003611	 0.003457	 0.000078	 0.000000	 0.000047	0.226644	 0.218320	 0.004179	 0.000000	 0.002152
58	 0.003712	 0.003628	 0.000032	 0.000000	 0.000026	0.230356	 0.221948	 0.004211	 0.000000	 0.002178
59	 0.003697	 0.003549	 0.000072	 0.000000	 0.000045	0.234053	 0.225497	 0.004283	 0.000000	 0.002223
60	 0.003364	 0.003268	 0.000047	 0.000000	 0.000026	0.237417	 0.228765	 0.004330	 0.000000	 0.002249
61	 0.004097	 0.003944	 0.000074	 0.000000	 0.000050	0.241514	 0.232709	 0.004404	 0.000000	 0.002299
62	 0.004186	 0.004078	 0.000046	 0.000000	 0.000036	0.245700	 0.236787	 0.004450	 0.000000	 0.002335
63	 0.003928	 0.003764	 0.000076	 0.000000	 0.000059	0.249628	 0.240551	 0.004526	 0.000000	 0.002394
64	 0.004022	 0.003927	 0.000044	 0.000000	 0.000028	0.253650	 0.244478	 0.004570	 0.000000	 0.002422
65	 0.003833	 0.003695	 0.000059	 0.000000	 0.000049	0.257483	 0.248173	 0.004629	 0.000000	 0.002471
66	 0.003516	 0.003420	 0.000035	 0.000000	 0.000037	0.260999	 0.251593	 0.004664	 0.000000	 0.002508
67	 0.003434	 0.003287	 0.000058	 0.000000	 0.000059	0.264433	 0.254880	 0.004722	 0.000000	 0.002567
68	 0.003992	 0.003906	 0.000032	 0.000000	 0.000027	0.268425	 0.258786	 0.004754	 0.000000	 0.002594
69	 0.004025	 0.003889	 0.000058	 0.000000	 0.000050	0.272450	 0.262675	 0.004812	 0.000000	 0.002644
70	 0.003821	 0.003721	 0.000049	 0.000000	 0.000027	0.276271	 0.266396	 0.004861	 0.000000	 0.002671
71	 0.003614	 0.003468	 0.000057	 0.000000	 0.000050	0.279885	 0.269864	 0.004918	 0.000000	 0.002721
72	 0.003896	 0.003809	 0.000033	 0.000000	 0.000028	0.283781	 0.273673	 0.004951	 0.000000	 0.002749
73	 0.003547	 0.003386	 0.000081	 0.000000	 0.000052	0.287328	 0.277059	 0.005032	 0.000000	 0.002801
74	 0.003930	 0.003829	 0.000049	 0.000000	 0.000028	0.291258	 0.280888	 0.005081	 0.000000	 0.002829
75	 0.003771	 0.003621	 0.000062	 0.000000	 0.000054	0.295029	 0.284509	 0.005143	 0.000000	 0.002883
76	 0.004461	 0.004321	 0.000053	 0.000000	 0.000039	0.299490	 0.288830	 0.005196	 0.000000	 0.002922
77	 0.003644	 0.003498	 0.000076	 0.000000	 0.000035	0.303134	 0.292328	 0.005272	 0.000000	 0.002957
78	 0.003928	 0.003747	 0.000089	 0.000000	 0.000057	0.307062	 0.296075	 0.005361	 0.000000	 0.003014
79	 0.003698	 0.003601	 0.000041	 0.000000	 0.000030	0.310760	 0.299676	 0.005402	 0.000000	 0.003044
80	 0.003862	 0.003700	 0.000076	 0.000000	 0.000054	0.314622	 0.303376	 0.005478	 0.000000	 0.003098
81	 0.003687	 0.003576	 0.000051	 0.000000	 0.000030	0.318309	 0.306952	 0.005529	 0.000000	 0.003128
82	 0.003778	 0.003622	 0.000073	 0.000000	 0.000053	0.322087	 0.310574	 0.005602	 0.000000	 0.003181
83	 0.004138	 0.004052	 0.000033	 0.000000	 0.000028	0.326225	 0.314626	 0.005635	 0.000000	 0.003209
84	 0.004391	 0.004217	 0.000078	 0.000000	 0.000056	0.330616	 0.318843	 0.005713	 0.000000	 0.003265
85	 0.003527	 0.003413	 0.000048	 0.000000	 0.000042	0.334143	 0.322256	 0.005761	 0.000000	 0.003307
86	 0.004325	 0.004157	 0.000075	 0.000000	 0.000065	0.338468	 0.326413	 0.005836	 0.000000	 0.003372
87	 0.004593	 0.004494	 0.000045	 0.000000	 0.000029	0.343061	 0.330907	 0.005881	 0.000000	 0.003401
88	 0.003886	 0.003728	 0.000071	 0.000000	 0.000056	0.346947	 0.334635	 0.005952	 0.000000	 0.003457
89	 0.003702	 0.003616	 0.000031	 0.000000	 0.000029	0.350649	 0.338251	 0.005983	 0.000000	 0.003486
90	 0.003498	 0.003327	 0.000078	 0.000000	 0.000054	0.354147	 0.341578	 0.006061	 0.000000	 0.003540
91	 0.005631	 0.005535	 0.000032	 0.000000	 0.000038	0.359778	 0.347113	 0.006093	 0.000000	 0.003578
92	 0.004398	 0.004215	 0.000077	 0.000000	 0.000065	0.364176	 0.351328	 0.006170	 0.000000	 0.003643
93	 0.004443	 0.004357	 0.000034	 0.000000	 0.000028	0.368619	 0.355685	 0.006204	 0.000000	 0.003671
94	 0.003786	 0.003615	 0.000075	 0.000000	 0.000058	0.372405	 0.359300	 0.006279	 0.000000	 0.003729
95	 0.003980	 0.003884	 0.000031	 0.000000	 0.000038	0.376385	 0.363184	 0.006310	 0.000000	 0.003767
96	 0.004217	 0.004046	 0.000078	 0.000000	 0.000065	0.380602	 0.367230	 0.006388	 0.000000	 0.003832
97	 0.003491	 0.003390	 0.000045	 0.000000	 0.000030	0.384093	 0.370620	 0.006433	 0.000000	 0.003862
98	 0.004443	 0.004288	 0.000071	 0.000000	 0.000055	0.388536	 0.374908	 0.006504	 0.000000	 0.003917
99	 0.004049	 0.003946	 0.000046	 0.000000	 0.000030	0.392585	 0.378854	 0.006550	 0.000000	 0.003947
100	 0.003853	 0.003692	 0.000072	 0.000000	 0.000058	0.396438	 0.382546	 0.006622	 0.000000	 0.004005
101	 0.003886	 0.003796	 0.000034	 0.000000	 0.000031	0.400324	 0.386342	 0.006656	 0.000000	 0.004036
102	 0.003952	 0.003749	 0.000074	 0.000000	 0.000058	0.404276	 0.390091	 0.006730	 0.000000	 0.004094
103	 0.003822	 0.003729	 0.000035	 0.000000	 0.000031	0.408098	 0.393820	 0.006765	 0.000000	 0.004125
104	 0.003627	 0.003480	 0.000059	 0.000000	 0.000059	0.411725	 0.397300	 0.006824	 0.000000	 0.004184
105	 0.003642	 0.003553	 0.000032	 0.000000	 0.000030	0.415367	 0.400853	 0.006856	 0.000000	 0.004214
106	 0.003749	 0.003607	 0.000057	 0.000000	 0.000058	0.419116	 0.404460	 0.006913	 0.000000	 0.004272
107	 0.003858	 0.003767	 0.000033	 0.000000	 0.000031	0.422974	 0.408227	 0.006946	 0.000000	 0.004303
108	 0.003772	 0.003624	 0.000057	 0.000000	 0.000059	0.426746	 0.411851	 0.007003	 0.000000	 0.004362
109	 0.004028	 0.003918	 0.000051	 0.000000	 0.000033	0.430774	 0.415769	 0.007054	 0.000000	 0.004395
110	 0.003729	 0.003554	 0.000075	 0.000000	 0.000060	0.434503	 0.419323	 0.007129	 0.000000	 0.004455
111	 0.003660	 0.003555	 0.000046	 0.000000	 0.000031	0.438163	 0.422878	 0.007175	 0.000000	 0.004486
112	 0.004031	 0.003856	 0.000072	 0.000000	 0.000062	0.442194	 0.426734	 0.007247	 0.000000	 0.004548
113	 0.004536	 0.004350	 0.000051	 0.000000	 0.000109	0.446730	 0.431084	 0.007298	 0.000000	 0.004657
114	 0.004270	 0.004087	 0.000078	 0.000000	 0.000065	0.451000	 0.435171	 0.007376	 0.000000	 0.004722
115	 0.003672	 0.003572	 0.000032	 0.000000	 0.000034	0.454672	 0.438743	 0.007408	 0.000000	 0.004756
116	 0.003497	 0.003383	 0.000053	 0.000000	 0.000031	0.458169	 0.442126	 0.007461	 0.000000	 0.004787
117	 0.004029	 0.003860	 0.000073	 0.000000	 0.000062	0.462198	 0.445986	 0.007534	 0.000000	 0.004849
118	 0.003554	 0.003450	 0.000046	 0.000000	 0.000031	0.465752	 0.449436	 0.007580	 0.000000	 0.004880
119	 0.003846	 0.003694	 0.000059	 0.000000	 0.000062	0.469598	 0.453130	 0.007639	 0.000000	 0.004942
120	 0.003602	 0.003509	 0.000032	 0.000000	 0.000034	0.473200	 0.456639	 0.007671	 0.000000	 0.004976
121	 0.003545	 0.003391	 0.000056	 0.000000	 0.000065	0.476745	 0.460030	 0.007727	 0.000000	 0.005041
122	 0.003547	 0.003452	 0.000032	 0.000000	 0.000035	0.480292	 0.463482	 0.007759	 0.000000	 0.005076
123	 0.003508	 0.003355	 0.000058	 0.000000	 0.000066	0.483800	 0.466837	 0.007817	 0.000000	 0.005142
124	 0.003655	 0.003547	 0.000050	 0.000000	 0.000032	0.487455	 0.470384	 0.007867	 0.000000	 0.005174
125	 0.004073	 0.003902	 0.000075	 0.000000	 0.000069	0.491528	 0.474286	 0.007942	 0.000000	 0.005243
126	 0.003875	 0.003768	 0.000049	 0.000000	 0.000032	0.495403	 0.478054	 0.007991	 0.000000	 0.005275
127	 0.003573	 0.003401	 0.000074	 0.000000	 0.000067	0.498976	 0.481455	 0.008065	 0.000000	 0.005342
128	 0.003775	 0.003657	 0.000047	 0.000000	 0.000035	0.502751	 0.485112	 0.008112	 0.000000	 0.005377
129	 0.003733	 0.003625	 0.000045	 0.000000	 0.000035	0.506484	 0.488737	 0.008157	 0.000000	 0.005412
130	 0.003771	 0.003594	 0.000077	 0.000000	 0.000068	0.510255	 0.492331	 0.008234	 0.000000	 0.005480
131	 0.003364	 0.003191	 0.000092	 0.000000	 0.000045	0.513619	 0.495522	 0.008326	 0.000000	 0.005525
132	 0.004503	 0.004198	 0.000120	 0.000000	 0.000117	0.518122	 0.499720	 0.008446	 0.000000	 0.005642
133	 0.003892	 0.003688	 0.000083	 0.000000	 0.000064	0.522014	 0.503408	 0.008529	 0.000000	 0.005706
134	 0.004351	 0.004110	 0.000078	 0.000000	 0.000092	0.526365	 0.507518	 0.008607	 0.000000	 0.005798
135	 0.004303	 0.004179	 0.000037	 0.000000	 0.000047	0.530668	 0.511697	 0.008644	 0.000000	 0.005845
136	 0.004157	 0.004041	 0.000032	 0.000000	 0.000045	0.534825	 0.515738	 0.008676	 0.000000	 0.005890
137	 0.003448	 0.003312	 0.000069	 0.000000	 0.000039	0.538273	 0.519050	 0.008745	 0.000000	 0.005929
138	 0.003726	 0.003550	 0.000075	 0.000000	 0.000071	0.541999	 0.522600	 0.008820	 0.000000	 0.006000
139	 0.003474	 0.003365	 0.000050	 0.000000	 0.000034	0.545473	 0.525965	 0.008870	 0.000000	 0.006034
140	 0.003735	 0.003561	 0.000079	 0.000000	 0.000067	0.549208	 0.529526	 0.008949	 0.000000	 0.006101
141	 0.003771	 0.003677	 0.000033	 0.000000	 0.000035	0.552979	 0.533203	 0.008982	 0.000000	 0.006136
142	 0.004729	 0.004557	 0.000076	 0.000000	 0.000068	0.557708	 0.537760	 0.009058	 0.000000	 0.006204
143	 0.003682	 0.003577	 0.000032	 0.000000	 0.000035	0.561390	 0.541337	 0.009090	 0.000000	 0.006239
144	 0.003500	 0.003405	 0.000032	 0.000000	 0.000036	0.564890	 0.544742	 0.009122	 0.000000	 0.006275
145	 0.004133	 0.003974	 0.000057	 0.000000	 0.000072	0.569023	 0.548716	 0.009179	 0.000000	 0.006347
146	 0.003786	 0.003693	 0.000031	 0.000000	 0.000035	0.572809	 0.552409	 0.009210	 0.000000	 0.006382
147	 0.003785	 0.003600	 0.000082	 0.000000	 0.000074	0.576594	 0.556009	 0.009292	 0.000000	 0.006456
148	 0.003621	 0.003505	 0.000045	 0.000000	 0.000037	0.580215	 0.559514	 0.009337	 0.000000	 0.006493
149	 0.003525	 0.003292	 0.000103	 0.000000	 0.000083	0.583740	 0.562806	 0.009440	 0.000000	 0.006576
150	 0.003860	 0.003725	 0.000049	 0.000000	 0.000047	0.587600	 0.566531	 0.009489	 0.000000	 0.006623
151	 0.004025	 0.003818	 0.000098	 0.000000	 0.000076	0.591625	 0.570349	 0.009587	 0.000000	 0.006699
152	 0.003770	 0.003658	 0.000052	 0.000000	 0.000035	0.595395	 0.574007	 0.009639	 0.000000	 0.006734
153	 0.004246	 0.004056	 0.000081	 0.000000	 0.000075	0.599641	 0.578063	 0.009720	 0.000000	 0.006809
154	 0.003973	 0.003852	 0.000053	 0.000000	 0.000038	0.603614	 0.581915	 0.009773	 0.000000	 0.006847
155	 0.003997	 0.003832	 0.000062	 0.000000	 0.000073	0.607611	 0.585747	 0.009835	 0.000000	 0.006920
156	 0.003957	 0.003849	 0.000046	 0.000000	 0.000035	0.611568	 0.589596	 0.009881	 0.000000	 0.006955
157	 0.003998	 0.003836	 0.000060	 0.000000	 0.000071	0.615566	 0.593432	 0.009941	 0.000000	 0.007026
158	 0.003748	 0.003633	 0.000049	 0.000000	 0.000038	0.619314	 0.597065	 0.009990	 0.000000	 0.007064
159	 0.004272	 0.004085	 0.000079	 0.000000	 0.000073	0.623586	 0.601150	 0.010069	 0.000000	 0.007137
160	 0.003636	 0.003511	 0.000050	 0.000000	 0.000036	0.627222	 0.604661	 0.010119	 0.000000	 0.007173
161	 0.003745	 0.003625	 0.000045	 0.000000	 0.000039	0.630967	 0.608286	 0.010164	 0.000000	 0.007212
162	 0.003603	 0.003478	 0.000045	 0.000000	 0.000037	0.634570	 0.611764	 0.010209	 0.000000	 0.007249
163	 0.004119	 0.004017	 0.000035	 0.000000	 0.000039	0.638689	 0.615781	 0.010244	 0.000000	 0.007288
164	 0.004228	 0.004038	 0.000081	 0.000000	 0.000076	0.642917	 0.619819	 0.010325	 0.000000	 0.007364
165	 0.003635	 0.003519	 0.000051	 0.000000	 0.000038	0.646552	 0.623338	 0.010376	 0.000000	 0.007402
166	 0.003477	 0.003308	 0.000061	 0.000000	 0.000077	0.650029	 0.626646	 0.010437	 0.000000	 0.007479
167	 0.003883	 0.003766	 0.000052	 0.000000	 0.000036	0.653912	 0.630412	 0.010489	 0.000000	 0.007515
168	 0.003867	 0.003687	 0.000076	 0.000000	 0.000073	0.657779	 0.634099	 0.010565	 0.000000	 0.007588
169	 0.003894	 0.003782	 0.000046	 0.000000	 0.000040	0.661673	 0.637881	 0.010611	 0.000000	 0.007628
170	 0.003748	 0.003565	 0.000078	 0.000000	 0.000078	0.665421	 0.641446	 0.010689	 0.000000	 0.007706
171	 0.003567	 0.003457	 0.000045	 0.000000	 0.000038	0.668988	 0.644903	 0.010734	 0.000000	 0.007744
172	 0.003596	 0.003421	 0.000072	 0.000000	 0.000073	0.672584	 0.648324	 0.010806	 0.000000	 0.007817
173	 0.003689	 0.003588	 0.000033	 0.000000	 0.000038	0.676273	 0.651912	 0.010839	 0.000000	 0.007855
174	 0.003962	 0.003765	 0.000076	 0.000000	 0.000077	0.680235	 0.655677	 0.010915	 0.000000	 0.007932
175	 0.004277	 0.004149	 0.000047	 0.000000	 0.000052	0.684512	 0.659826	 0.010962	 0.000000	 0.007984
176	 0.004090	 0.003908	 0.000062	 0.000000	 0.000091	0.688602	 0.663734	 0.011024	 0.000000	 0.008075
177	 0.003974	 0.003875	 0.000033	 0.000000	 0.000038	0.692576	 0.667609	 0.011057	 0.000000	 0.008113
178	 0.003659	 0.003472	 0.000075	 0.000000	 0.000079	0.696235	 0.671081	 0.011132	 0.000000	 0.008192
179	 0.004155	 0.004056	 0.000032	 0.000000	 0.000039	0.700390	 0.675137	 0.011164	 0.000000	 0.008231
180	 0.003583	 0.003394	 0.000076	 0.000000	 0.000082	0.703973	 0.678531	 0.011240	 0.000000	 0.008313
181	 0.003522	 0.003406	 0.000048	 0.000000	 0.000040	0.707495	 0.681937	 0.011288	 0.000000	 0.008353
182	 0.003553	 0.003365	 0.000077	 0.000000	 0.000079	0.711048	 0.685302	 0.011365	 0.000000	 0.008432
183	 0.003340	 0.003239	 0.000035	 0.000000	 0.000037	0.714388	 0.688541	 0.011400	 0.000000	 0.008469
184	 0.003535	 0.003365	 0.000060	 0.000000	 0.000082	0.717923	 0.691906	 0.011460	 0.000000	 0.008551
185	 0.003926	 0.003800	 0.000046	 0.000000	 0.000041	0.721849	 0.695706	 0.011506	 0.000000	 0.008592
186	 0.003806	 0.003702	 0.000036	 0.000000	 0.000041	0.725655	 0.699408	 0.011542	 0.000000	 0.008633
187	 0.004226	 0.004038	 0.000078	 0.000000	 0.000078	0.729881	 0.703446	 0.011620	 0.000000	 0.008711
188	 0.003747	 0.003626	 0.000052	 0.000000	 0.000041	0.733628	 0.707072	 0.011672	 0.000000	 0.008752
189	 0.004037	 0.003862	 0.000061	 0.000000	 0.000083	0.737665	 0.710934	 0.011733	 0.000000	 0.008835
190	 0.003883	 0.003781	 0.000032	 0.000000	 0.000041	0.741548	 0.714715	 0.011765	 0.000000	 0.008876
191	 0.003699	 0.003509	 0.000078	 0.000000	 0.000082	0.745247	 0.718224	 0.011843	 0.000000	 0.008958
192	 0.003660	 0.003547	 0.000046	 0.000000	 0.000040	0.748907	 0.721771	 0.011889	 0.000000	 0.008998
193	 0.003605	 0.003434	 0.000059	 0.000000	 0.000080	0.752512	 0.725205	 0.011948	 0.000000	 0.009078
194	 0.003594	 0.003479	 0.000032	 0.000000	 0.000041	0.756106	 0.728684	 0.011980	 0.000000	 0.009119
195	 0.003867	 0.003749	 0.000047	 0.000000	 0.000043	0.759973	 0.732433	 0.012027	 0.000000	 0.009162
196	 0.004266	 0.004080	 0.000074	 0.000000	 0.000078	0.764239	 0.736513	 0.012101	 0.000000	 0.009240
197	 0.003770	 0.003641	 0.000047	 0.000000	 0.000043	0.768009	 0.740154	 0.012148	 0.000000	 0.009283
198	 0.003669	 0.003569	 0.000034	 0.000000	 0.000039	0.771678	 0.743723	 0.012182	 0.000000	 0.009322
199	 0.004368	 0.004195	 0.000057	 0.000000	 0.000083	0.776046	 0.747918	 0.012239	 0.000000	 0.009405
200	 0.003736	 0.003613	 0.000049	 0.000000	 0.000044	0.779782	 0.751531	 0.012288	 0.000000	 0.009449
201	 0.004566	 0.004392	 0.000061	 0.000000	 0.000084	0.784348	 0.755923	 0.012349	 0.000000	 0.009533
202	 0.003614	 0.003483	 0.000032	 0.000000	 0.000041	0.787962	 0.759406	 0.012381	 0.000000	 0.009574
203	 0.003752	 0.003631	 0.000050	 0.000000	 0.000044	0.791714	 0.763037	 0.012431	 0.000000	 0.009618
204	 0.003852	 0.003679	 0.000060	 0.000000	 0.000080	0.795566	 0.766716	 0.012491	 0.000000	 0.009698
205	 0.003496	 0.003377	 0.000046	 0.000000	 0.000042	0.799062	 0.770093	 0.012537	 0.000000	 0.009740
206	 0.003734	 0.003538	 0.000082	 0.000000	 0.000085	0.802796	 0.773631	 0.012619	 0.000000	 0.009825
207	 0.003964	 0.003846	 0.000046	 0.000000	 0.000043	0.806760	 0.777477	 0.012665	 0.000000	 0.009868
208	 0.003868	 0.003660	 0.000072	 0.000000	 0.000086	0.810628	 0.781137	 0.012737	 0.000000	 0.009954
209	 0.004173	 0.004047	 0.000046	 0.000000	 0.000054	0.814801	 0.785184	 0.012783	 0.000000	 0.010008
210	 0.003490	 0.003291	 0.000074	 0.000000	 0.000091	0.818291	 0.788475	 0.012857	 0.000000	 0.010099
211	 0.003610	 0.003493	 0.000045	 0.000000	 0.000044	0.821901	 0.791968	 0.012902	 0.000000	 0.010143
212	 0.003643	 0.003464	 0.000060	 0.000000	 0.000087	0.825544	 0.795432	 0.012962	 0.000000	 0.010230
213	 0.003760	 0.003631	 0.000050	 0.000000	 0.000053	0.829304	 0.799063	 0.013012	 0.000000	 0.010283
214	 0.004348	 0.004142	 0.000078	 0.000000	 0.000096	0.833652	 0.803205	 0.013090	 0.000000	 0.010379
215	 0.003968	 0.003864	 0.000033	 0.000000	 0.000044	0.837620	 0.807069	 0.013123	 0.000000	 0.010423
216	 0.003769	 0.003566	 0.000084	 0.000000	 0.000087	0.841389	 0.810635	 0.013207	 0.000000	 0.010510
217	 0.003723	 0.003601	 0.000046	 0.000000	 0.000042	0.845112	 0.814236	 0.013253	 0.000000	 0.010552
218	 0.003610	 0.003490	 0.000046	 0.000000	 0.000045	0.848722	 0.817726	 0.013299	 0.000000	 0.010597
219	 0.003658	 0.003465	 0.000072	 0.000000	 0.000087	0.852380	 0.821191	 0.013371	 0.000000	 0.010684
220	 0.003376	 0.003276	 0.000032	 0.000000	 0.000040	0.855756	 0.824467	 0.013403	 0.000000	 0.010724
221	 0.003565	 0.003389	 0.000057	 0.000000	 0.000086	0.859321	 0.827856	 0.013460	 0.000000	 0.010810
222	 0.004349	 0.004206	 0.000053	 0.000000	 0.000044	0.863670	 0.832062	 0.013513	 0.000000	 0.010854
223	 0.003941	 0.003820	 0.000046	 0.000000	 0.000045	0.867611	 0.835882	 0.013559	 0.000000	 0.010899
224	 0.003822	 0.003638	 0.000062	 0.000000	 0.000090	0.871433	 0.839520	 0.013621	 0.000000	 0.010989
225	 0.003666	 0.003548	 0.000031	 0.000000	 0.000045	0.875099	 0.843068	 0.013652	 0.000000	 0.011034
226	 0.003839	 0.003738	 0.000032	 0.000000	 0.000044	0.878938	 0.846806	 0.013684	 0.000000	 0.011078
227	 0.004128	 0.003930	 0.000076	 0.000000	 0.000088	0.883066	 0.850736	 0.013760	 0.000000	 0.011166
228	 0.003791	 0.003691	 0.000032	 0.000000	 0.000043	0.886857	 0.854427	 0.013792	 0.000000	 0.011209
229	 0.004058	 0.003877	 0.000058	 0.000000	 0.000090	0.890915	 0.858304	 0.013850	 0.000000	 0.011299
230	 0.003756	 0.003649	 0.000034	 0.000000	 0.000046	0.894671	 0.861953	 0.013884	 0.000000	 0.011345
231	 0.003989	 0.003791	 0.000080	 0.000000	 0.000088	0.898660	 0.865744	 0.013964	 0.000000	 0.011433
232	 0.003526	 0.003410	 0.000032	 0.000000	 0.000043	0.902186	 0.869154	 0.013996	 0.000000	 0.011476
233	 0.004127	 0.004008	 0.000046	 0.000000	 0.000043	0.906313	 0.873162	 0.014042	 0.000000	 0.011519
234	 0.004046	 0.003862	 0.000063	 0.000000	 0.000088	0.910359	 0.877024	 0.014105	 0.000000	 0.011607
235	 0.003496	 0.003372	 0.000048	 0.000000	 0.000046	0.913855	 0.880396	 0.014153	 0.000000	 0.011653
236	 0.004044	 0.003859	 0.000059	 0.000000	 0.000093	0.917899	 0.884255	 0.014212	 0.000000	 0.011746
237	 0.003298	 0.003193	 0.000033	 0.000000	 0.000045	0.921197	 0.887448	 0.014245	 0.000000	 0.011791
238	 0.004119	 0.003918	 0.000076	 0.000000	 0.000092	0.925316	 0.891366	 0.014321	 0.000000	 0.011883
239	 0.003942	 0.003816	 0.000046	 0.000000	 0.000042	0.929258	 0.895182	 0.014367	 0.000000	 0.011925
240	 0.003375	 0.003264	 0.000035	 0.000000	 0.000047	0.932633	 0.898446	 0.014402	 0.000000	 0.011972
241	 0.003572	 0.003370	 0.000078	 0.000000	 0.000090	0.936205	 0.901816	 0.014480	 0.000000	 0.012062
242	 0.003713	 0.003588	 0.000051	 0.000000	 0.000047	0.939918	 0.905404	 0.014531	 0.000000	 0.012109
243	 0.004174	 0.003994	 0.000062	 0.000000	 0.000088	0.944092	 0.909398	 0.014593	 0.000000	 0.012197
244	 0.003514	 0.003397	 0.000046	 0.000000	 0.000042	0.947606	 0.912795	 0.014639	 0.000000	 0.012239
245	 0.003694	 0.003495	 0.000074	 0.000000	 0.000094	0.951300	 0.916290	 0.014713	 0.000000	 0.012333
246	 0.004007	 0.003888	 0.000046	 0.000000	 0.000045	0.955307	 0.920178	 0.014759	 0.000000	 0.012378
247	 0.003501	 0.003301	 0.000074	 0.000000	 0.000092	0.958808	 0.923479	 0.014833	 0.000000	 0.012470
248	 0.003891	 0.003791	 0.000031	 0.000000	 0.000041	0.962699	 0.927270	 0.014864	 0.000000	 0.012511
249	 0.003846	 0.003638	 0.000084	 0.000000	 0.000092	0.966545	 0.930908	 0.014948	 0.000000	 0.012603
250	 0.003636	 0.003499	 0.000053	 0.000000	 0.000056	0.970181	 0.934407	 0.015001	 0.000000	 0.012659
251	 0.003657	 0.003459	 0.000061	 0.000000	 0.000102	0.973838	 0.937866	 0.015062	 0.000000	 0.012761
252	 0.004042	 0.003921	 0.000045	 0.000000	 0.000047	0.977880	 0.941787	 0.015107	 0.000000	 0.012808
253	 0.003950	 0.003753	 0.000073	 0.000000	 0.000092	0.981830	 0.945540	 0.015180	 0.000000	 0.012900
254	 0.003956	 0.003835	 0.000046	 0.000000	 0.000046	0.985786	 0.949375	 0.015226	 0.000000	 0.012946
255	 0.003854	 0.003668	 0.000061	 0.000000	 0.000091	0.989640	 0.953043	 0.015287	 0.000000	 0.013037
256	 0.003941	 0.003809	 0.000048	 0.000000	 0.000056	0.993581	 0.956852	 0.015335	 0.000000	 0.013093
257	 0.004316	 0.004100	 0.000078	 0.000000	 0.000103	0.997897	 0.960952	 0.015413	 0.000000	 0.013196
258	 0.003683	 0.003544	 0.000046	 0.000000	 0.000063	1.001580	 0.964496	 0.015459	 0.000000	 0.013259
259	 0.004089	 0.003868	 0.000076	 0.000000	 0.000115	1.005669	 0.968364	 0.015535	 0.000000	 0.013374
260	 0.004170	 0.004055	 0.000033	 0.000000	 0.000052	1.009839	 0.972419	 0.015568	 0.000000	 0.013426
261	 0.003972	 0.003778	 0.000058	 0.000000	 0.000105	1.013811	 0.976197	 0.015626	 0.000000	 0.013531
262	 0.004110	 0.003977	 0.000048	 0.000000	 0.000059	1.017921	 0.980174	 0.015674	 0.000000	 0.013590
263	 0.003541	 0.003320	 0.000075	 0.000000	 0.000116	1.021462	 0.983494	 0.015749	 0.000000	 0.013706
264	 0.003754	 0.003637	 0.000032	 0.000000	 0.000058	1.025216	 0.987131	 0.015781	 0.000000	 0.013764
265	 0.003589	 0.003376	 0.000060	 0.000000	 0.000110	1.028805	 0.990507	 0.015841	 0.000000	 0.013874
266	 0.004336	 0.004199	 0.000048	 0.000000	 0.000061	1.033141	 0.994706	 0.015889	 0.000000	 0.013935
267	 0.004171	 0.003947	 0.000074	 0.000000	 0.000117	1.037312	 0.998653	 0.015963	 0.000000	 0.014052
268	 0.004637	 0.004068	 0.000032	 0.000433	 0.000067	1.041949	 1.002721	 0.015995	 0.000433	 0.014119
269	 0.004389	 0.003798	 0.000085	 0.000339	 0.000122	1.046338	 1.006519	 0.016080	 0.000772	 0.014241
270	 0.005231	 0.004025	 0.000050	 0.001064	 0.000057	1.051569	 1.010544	 0.016130	 0.001836	 0.014298
271	 0.006599	 0.004050	 0.000077	 0.002329	 0.000108	1.058168	 1.014594	 0.016207	 0.004165	 0.014406
272	 0.004583	 0.003775	 0.000032	 0.000690	 0.000055	1.062751	 1.018369	 0.016239	 0.004855	 0.014461
273	 0.005252	 0.003720	 0.000060	 0.001326	 0.000112	1.068003	 1.022089	 0.016299	 0.006181	 0.014573
274	 0.005176	 0.003951	 0.000047	 0.001088	 0.000058	1.073179	 1.026040	 0.016346	 0.007269	 0.014631
275	 0.004695	 0.003597	 0.000071	 0.000872	 0.000107	1.077874	 1.029637	 0.016417	 0.008141	 0.014738
276	 0.004480	 0.003533	 0.000044	 0.000798	 0.000058	1.082354	 1.033170	 0.016461	 0.008939	 0.014796
277	 0.003942	 0.003513	 0.000050	 0.000278	 0.000067	1.086296	 1.036683	 0.016511	 0.009217	 0.014863
278	 0.004425	 0.003869	 0.000080	 0.000310	 0.000116	1.090721	 1.040552	 0.016591	 0.009527	 0.014979
279	 0.004482	 0.004036	 0.000041	 0.000309	 0.000061	1.095203	 1.044588	 0.016632	 0.009836	 0.015040
280	 0.004937	 0.004344	 0.000079	 0.000353	 0.000111	1.100140	 1.048932	 0.016711	 0.010189	 0.015151
281	 0.003963	 0.003508	 0.000057	 0.000311	 0.000054	1.104103	 1.052440	 0.016768	 0.010500	 0.015205
282	 0.003608	 0.003104	 0.000067	 0.000278	 0.000118	1.107711	 1.055544	 0.016835	 0.010778	 0.015323
283	 0.004284	 0.003859	 0.000047	 0.000282	 0.000062	1.111995	 1.059403	 0.016882	 0.011060	 0.015385
284	 0.004287	 0.003724	 0.000086	 0.000319	 0.000107	1.116282	 1.063127	 0.016968	 0.011379	 0.015492
285	 0.004560	 0.004089	 0.000058	 0.000320	 0.000053	1.120842	 1.067216	 0.017026	 0.011699	 0.015545
286	 0.004310	 0.003779	 0.000066	 0.000313	 0.000110	1.125152	 1.070995	 0.017092	 0.012012	 0.015655
287	 0.004996	 0.004468	 0.000052	 0.000381	 0.000056	1.130148	 1.075463	 0.017144	 0.012393	 0.015711
288	 0.004470	 0.003715	 0.000076	 0.000530	 0.000101	1.134618	 1.079178	 0.017220	 0.012923	 0.015812
289	 0.004362	 0.003806	 0.000053	 0.000392	 0.000064	1.138980	 1.082984	 0.017273	 0.013315	 0.015876
290	 0.004551	 0.003966	 0.000084	 0.000331	 0.000128	1.143531	 1.086950	 0.017357	 0.013646	 0.016004
291	 0.004470	 0.004031	 0.000054	 0.000295	 0.000055	1.148001	 1.090981	 0.017411	 0.013941	 0.016059
292	 0.004604	 0.004029	 0.000086	 0.000331	 0.000119	1.152605	 1.095010	 0.017497	 0.014272	 0.016178
293	 0.004370	 0.003921	 0.000056	 0.000298	 0.000058	1.156975	 1.098931	 0.017553	 0.014570	 0.016236
294	 0.004925	 0.004351	 0.000078	 0.000335	 0.000116	1.161900	 1.103282	 0.017631	 0.014905	 0.016352
295	 0.005132	 0.004574	 0.000052	 0.000402	 0.000055	1.167032	 1.107856	 0.017683	 0.015307	 0.016407
296	 0.004618	 0.004063	 0.000066	 0.000337	 0.000111	1.171650	 1.111919	 0.017749	 0.015644	 0.016518
297	 0.004986	 0.004539	 0.000053	 0.000308	 0.000052	1.176636	 1.116458	 0.017802	 0.015952	 0.016570
298	 0.004146	 0.003546	 0.000067	 0.000373	 0.000119	1.180782	 1.120004	 0.017869	 0.016325	 0.016689
299	 0.005622	 0.005007	 0.000051	 0.000458	 0.000072	1.186404	 1.125011	 0.017920	 0.016783	 0.016761
300	 0.003790	 0.003553	 0.000081	 0.000458	 0.000125	1.190194	 1.128564	 0.018001	 0.016783	 0.016886
301	 0.004414	 0.003976	 0.000033	 0.000311	 0.000059	1.194608	 1.132540	 0.018034	 0.017094	 0.016945
302	 0.004484	 0.003887	 0.000064	 0.000345	 0.000109	1.199092	 1.136427	 0.018098	 0.017439	 0.017054
303	 0.004658	 0.004017	 0.000032	 0.000523	 0.000056	1.203750	 1.140444	 0.018130	 0.017962	 0.017110
304	 0.004635	 0.003703	 0.000088	 0.000683	 0.000124	1.208385	 1.144147	 0.018218	 0.018645	 0.017234
305	 0.004760	 0.003937	 0.000030	 0.000713	 0.000048	1.213145	 1.148084	 0.018248	 0.019358	 0.017282
306	 0.004477	 0.003890	 0.000085	 0.000343	 0.000118	1.217622	 1.151974	 0.018333	 0.019701	 0.017400
307	 0.004385	 0.003936	 0.000042	 0.000315	 0.000054	1.222007	 1.155910	 0.018375	 0.020016	 0.017454
308	 0.004788	 0.003981	 0.000076	 0.000589	 0.000106	1.226795	 1.159891	 0.018451	 0.020605	 0.017560
309	 0.004444	 0.003974	 0.000056	 0.000319	 0.000058	1.231239	 1.163865	 0.018507	 0.020924	 0.017618
310	 0.005332	 0.004734	 0.000079	 0.000363	 0.000114	1.236571	 1.168599	 0.018586	 0.021287	 0.017732
311	 0.004714	 0.004020	 0.000055	 0.000547	 0.000056	1.241285	 1.172619	 0.018641	 0.021834	 0.017788
312	 0.004329	 0.003524	 0.000058	 0.000607	 0.000104	1.245614	 1.176143	 0.018699	 0.022441	 0.017892
313	 0.005051	 0.004171	 0.000049	 0.000748	 0.000050	1.250665	 1.180314	 0.018748	 0.023189	 0.017942
314	 0.004053	 0.003323	 0.000082	 0.000494	 0.000105	1.254718	 1.183637	 0.018830	 0.023683	 0.018047
315	 0.004248	 0.003570	 0.000043	 0.000553	 0.000050	1.258966	 1.187207	 0.018873	 0.024236	 0.018097
316	 0.004622	 0.004026	 0.000065	 0.000370	 0.000122	1.263588	 1.191233	 0.018938	 0.024606	 0.018219
317	 0.004172	 0.003688	 0.000049	 0.000335	 0.000065	1.267760	 1.194921	 0.018987	 0.024941	 0.018284
318	 0.004688	 0.003799	 0.000078	 0.000662	 0.000112	1.272448	 1.198720	 0.019065	 0.025603	 0.018396
319	 0.003999	 0.003513	 0.000055	 0.000339	 0.000056	1.276447	 1.202233	 0.019120	 0.025942	 0.018452
320	 0.004547	 0.003869	 0.000086	 0.000447	 0.000106	1.280994	 1.206102	 0.019206	 0.026389	 0.018558
321	 0.004985	 0.003603	 0.000032	 0.001264	 0.000051	1.285979	 1.209705	 0.019238	 0.027653	 0.018609
322	 0.004538	 0.003841	 0.000086	 0.000453	 0.000119	1.290517	 1.213546	 0.019324	 0.028106	 0.018728
323	 0.004541	 0.003623	 0.000055	 0.000779	 0.000050	1.295058	 1.217169	 0.019379	 0.028885	 0.018778
324	 0.004973	 0.003881	 0.000062	 0.000886	 0.000109	1.300031	 1.221050	 0.019441	 0.029771	 0.018887
325	 0.004814	 0.003470	 0.000033	 0.001211	 0.000066	1.304845	 1.224520	 0.019474	 0.030982	 0.018953
326	 0.004260	 0.003583	 0.000058	 0.000459	 0.000125	1.309105	 1.228103	 0.019532	 0.031441	 0.019078
327	 0.005335	 0.003688	 0.000031	 0.001523	 0.000060	1.314440	 1.231791	 0.019563	 0.032964	 0.019138
328	 0.004625	 0.004044	 0.000058	 0.000358	 0.000129	1.319065	 1.235835	 0.019621	 0.033322	 0.019267
329	 0.004667	 0.003715	 0.000051	 0.000810	 0.000058	1.323732	 1.239550	 0.019672	 0.034132	 0.019325
330	 0.006299	 0.004168	 0.000073	 0.001908	 0.000114	1.330031	 1.243718	 0.019745	 0.036040	 0.019439
331	 0.004950	 0.004011	 0.000049	 0.000797	 0.000059	1.334981	 1.247729	 0.019794	 0.036837	 0.019498
332	 0.005315	 0.003610	 0.000085	 0.001461	 0.000119	1.340296	 1.251339	 0.019879	 0.038298	 0.019617
333	 0.005608	 0.004049	 0.000035	 0.001427	 0.000065	1.345904	 1.255388	 0.019914	 0.039725	 0.019682
334	 0.005315	 0.004293	 0.000055	 0.000815	 0.000114	1.351219	 1.259681	 0.019969	 0.040540	 0.019796
335	 0.005337	 0.003893	 0.000060	 0.001284	 0.000065	1.356556	 1.263574	 0.020029	 0.041824	 0.019861
336	 0.004899	 0.003852	 0.000077	 0.000812	 0.000119	1.361455	 1.267426	 0.020106	 0.042636	 0.019980
337	 0.007900	 0.004201	 0.000049	 0.003552	 0.000064	1.369355	 1.271627	 0.020155	 0.046188	 0.020044
338	 0.005913	 0.004166	 0.000096	 0.001489	 0.000130	1.375268	 1.275793	 0.020251	 0.047677	 0.020174
339	 0.005219	 0.004039	 0.000044	 0.001043	 0.000058	1.380487	 1.279832	 0.020295	 0.048720	 0.020232
340	 0.005154	 0.004095	 0.000065	 0.000840	 0.000119	1.385641	 1.283927	 0.020360	 0.049560	 0.020351
341	 0.007011	 0.003892	 0.000050	 0.002971	 0.000063	1.392652	 1.287819	 0.020410	 0.052531	 0.020414
342	 0.005214	 0.003918	 0.000069	 0.001060	 0.000130	1.397866	 1.291737	 0.020479	 0.053591	 0.020544
343	 0.006214	 0.003873	 0.000053	 0.002189	 0.000064	1.404080	 1.295610	 0.020532	 0.055780	 0.020608
344	 0.005636	 0.003991	 0.000077	 0.001410	 0.000121	1.409716	 1.299601	 0.020609	 0.057190	 0.020729
345	 0.005165	 0.003939	 0.000045	 0.001084	 0.000063	1.414881	 1.303540	 0.020654	 0.058274	 0.020792
346	 0.006378	 0.003915	 0.000062	 0.002241	 0.000123	1.421259	 1.307455	 0.020716	 0.060515	 0.020915
347	 0.006591	 0.004076	 0.000052	 0.002369	 0.000061	1.427850	 1.311531	 0.020768	 0.062884	 0.020976
348	 0.006558	 0.004202	 0.000062	 0.002137	 0.000118	1.434408	 1.315733	 0.020830	 0.065021	 0.021094
349	 0.005718	 0.004134	 0.000049	 0.001436	 0.000064	1.440126	 1.319867	 0.020879	 0.066457	 0.021158
350	 0.007462	 0.003951	 0.000072	 0.003286	 0.000119	1.447588	 1.323818	 0.020951	 0.069743	 0.021277
351	 0.005072	 0.003905	 0.000054	 0.001006	 0.000069	1.452660	 1.327723	 0.021005	 0.070749	 0.021346
