113.962960
162.076932

113.983010
165.588594

114.041224
169.872023

108.846469
173.784542

108.916324
161.171914

108.714262
167.848352

108.924242
172.052308

113.965889
161.941015

108.752784
172.332256

114.099436
166.939213

113.924533
156.919502

108.860836
177.674013

109.149701
170.891558

113.733745
149.479106

114.290961
165.640664

113.043230
172.436032

119.449168
168.827262

113.962960
162.076932

119.288075
167.695983

103.768466
171.285512

119.028273
170.324325

114.034312
170.211117

114.050986
166.970408

119.355395
167.268664

113.944307
163.935818

113.965983
171.529729

113.951647
164.775283

103.829827
169.112815

110.351004
164.613520

116.462080
169.776224

