Iter	 Iter_time	 Master	 Subprob	 Full_Test	 argmax	Iter_acc	 Master_acc	 Subprob_acc	 Full_Test_acc	 argmax_acc
1	 0.000953	 0.000680	 0.000175	 0.000000	 0.000043	0.000953	 0.000680	 0.000175	 0.000000	 0.000043
2	 0.004412	 0.004109	 0.000169	 0.000000	 0.000065	0.005365	 0.004789	 0.000344	 0.000000	 0.000108
3	 0.003662	 0.003576	 0.000040	 0.000000	 0.000015	0.009027	 0.008365	 0.000384	 0.000000	 0.000123
4	 0.003945	 0.003838	 0.000057	 0.000000	 0.000018	0.012972	 0.012203	 0.000441	 0.000000	 0.000141
5	 0.004218	 0.003998	 0.000129	 0.000000	 0.000048	0.017190	 0.016201	 0.000570	 0.000000	 0.000189
6	 0.003680	 0.003565	 0.000043	 0.000000	 0.000034	0.020870	 0.019766	 0.000613	 0.000000	 0.000223
7	 0.003587	 0.003466	 0.000069	 0.000000	 0.000023	0.024457	 0.023232	 0.000682	 0.000000	 0.000246
8	 0.003863	 0.003702	 0.000087	 0.000000	 0.000037	0.028320	 0.026934	 0.000769	 0.000000	 0.000283
9	 0.003943	 0.003802	 0.000075	 0.000000	 0.000028	0.032263	 0.030736	 0.000844	 0.000000	 0.000311
10	 0.003651	 0.003468	 0.000096	 0.000000	 0.000051	0.035914	 0.034204	 0.000940	 0.000000	 0.000362
11	 0.003796	 0.003618	 0.000099	 0.000000	 0.000043	0.039710	 0.037822	 0.001039	 0.000000	 0.000405
12	 0.003626	 0.003478	 0.000072	 0.000000	 0.000041	0.043336	 0.041300	 0.001111	 0.000000	 0.000446
13	 0.004413	 0.004287	 0.000068	 0.000000	 0.000026	0.047749	 0.045587	 0.001179	 0.000000	 0.000472
14	 0.003729	 0.003560	 0.000088	 0.000000	 0.000041	0.051478	 0.049147	 0.001267	 0.000000	 0.000513
15	 0.004228	 0.004061	 0.000089	 0.000000	 0.000037	0.055706	 0.053208	 0.001356	 0.000000	 0.000550
16	 0.004807	 0.004638	 0.000089	 0.000000	 0.000041	0.060513	 0.057846	 0.001445	 0.000000	 0.000591
17	 0.003846	 0.003744	 0.000051	 0.000000	 0.000023	0.064359	 0.061590	 0.001496	 0.000000	 0.000614
18	 0.004362	 0.004195	 0.000081	 0.000000	 0.000043	0.068721	 0.065785	 0.001577	 0.000000	 0.000657
19	 0.003831	 0.003749	 0.000035	 0.000000	 0.000020	0.072552	 0.069534	 0.001612	 0.000000	 0.000677
20	 0.003664	 0.003520	 0.000078	 0.000000	 0.000036	0.076216	 0.073054	 0.001690	 0.000000	 0.000713
21	 0.003899	 0.003804	 0.000048	 0.000000	 0.000022	0.080115	 0.076858	 0.001738	 0.000000	 0.000735
22	 0.003958	 0.003817	 0.000073	 0.000000	 0.000036	0.084073	 0.080675	 0.001811	 0.000000	 0.000771
23	 0.003490	 0.003388	 0.000051	 0.000000	 0.000021	0.087563	 0.084063	 0.001862	 0.000000	 0.000792
24	 0.003924	 0.003834	 0.000046	 0.000000	 0.000020	0.091487	 0.087897	 0.001908	 0.000000	 0.000812
25	 0.003693	 0.003554	 0.000073	 0.000000	 0.000038	0.095180	 0.091451	 0.001981	 0.000000	 0.000850
26	 0.003595	 0.003502	 0.000045	 0.000000	 0.000021	0.098775	 0.094953	 0.002026	 0.000000	 0.000871
27	 0.003438	 0.003291	 0.000079	 0.000000	 0.000040	0.102213	 0.098244	 0.002105	 0.000000	 0.000911
28	 0.004094	 0.004005	 0.000042	 0.000000	 0.000023	0.106307	 0.102249	 0.002147	 0.000000	 0.000934
29	 0.004321	 0.004181	 0.000074	 0.000000	 0.000039	0.110628	 0.106430	 0.002221	 0.000000	 0.000973
30	 0.003868	 0.003775	 0.000046	 0.000000	 0.000022	0.114496	 0.110205	 0.002267	 0.000000	 0.000995
31	 0.004514	 0.004367	 0.000071	 0.000000	 0.000041	0.119010	 0.114572	 0.002338	 0.000000	 0.001036
32	 0.004611	 0.004530	 0.000033	 0.000000	 0.000022	0.123621	 0.119102	 0.002371	 0.000000	 0.001058
33	 0.004184	 0.004029	 0.000083	 0.000000	 0.000043	0.127805	 0.123131	 0.002454	 0.000000	 0.001101
34	 0.003828	 0.003734	 0.000046	 0.000000	 0.000021	0.131633	 0.126865	 0.002500	 0.000000	 0.001122
35	 0.003834	 0.003705	 0.000061	 0.000000	 0.000040	0.135467	 0.130570	 0.002561	 0.000000	 0.001162
36	 0.003879	 0.003799	 0.000033	 0.000000	 0.000021	0.139346	 0.134369	 0.002594	 0.000000	 0.001183
37	 0.003894	 0.003747	 0.000078	 0.000000	 0.000042	0.143240	 0.138116	 0.002672	 0.000000	 0.001225
38	 0.004469	 0.004374	 0.000046	 0.000000	 0.000023	0.147709	 0.142490	 0.002718	 0.000000	 0.001248
39	 0.003328	 0.003181	 0.000075	 0.000000	 0.000041	0.151037	 0.145671	 0.002793	 0.000000	 0.001289
40	 0.003792	 0.003698	 0.000043	 0.000000	 0.000023	0.154829	 0.149369	 0.002836	 0.000000	 0.001312
41	 0.004444	 0.004284	 0.000078	 0.000000	 0.000043	0.159273	 0.153653	 0.002914	 0.000000	 0.001355
42	 0.003946	 0.003837	 0.000047	 0.000000	 0.000036	0.163219	 0.157490	 0.002961	 0.000000	 0.001391
43	 0.004337	 0.004196	 0.000061	 0.000000	 0.000051	0.167556	 0.161686	 0.003022	 0.000000	 0.001442
44	 0.004098	 0.004004	 0.000046	 0.000000	 0.000024	0.171654	 0.165690	 0.003068	 0.000000	 0.001466
45	 0.003925	 0.003790	 0.000062	 0.000000	 0.000044	0.175579	 0.169480	 0.003130	 0.000000	 0.001510
46	 0.004049	 0.003954	 0.000046	 0.000000	 0.000024	0.179628	 0.173434	 0.003176	 0.000000	 0.001534
47	 0.004053	 0.003901	 0.000070	 0.000000	 0.000045	0.183681	 0.177335	 0.003246	 0.000000	 0.001579
48	 0.003930	 0.003832	 0.000047	 0.000000	 0.000025	0.187611	 0.181167	 0.003293	 0.000000	 0.001604
49	 0.004308	 0.004155	 0.000072	 0.000000	 0.000044	0.191919	 0.185322	 0.003365	 0.000000	 0.001648
50	 0.003584	 0.003476	 0.000050	 0.000000	 0.000033	0.195503	 0.188798	 0.003415	 0.000000	 0.001681
51	 0.004204	 0.004043	 0.000076	 0.000000	 0.000054	0.199707	 0.192841	 0.003491	 0.000000	 0.001735
52	 0.003666	 0.003571	 0.000047	 0.000000	 0.000025	0.203373	 0.196412	 0.003538	 0.000000	 0.001760
53	 0.004012	 0.003865	 0.000072	 0.000000	 0.000045	0.207385	 0.200277	 0.003610	 0.000000	 0.001805
54	 0.004075	 0.003976	 0.000049	 0.000000	 0.000026	0.211460	 0.204253	 0.003659	 0.000000	 0.001831
55	 0.004362	 0.004205	 0.000077	 0.000000	 0.000047	0.215822	 0.208458	 0.003736	 0.000000	 0.001878
56	 0.003982	 0.003899	 0.000033	 0.000000	 0.000026	0.219804	 0.212357	 0.003769	 0.000000	 0.001904
57	 0.003789	 0.003634	 0.000078	 0.000000	 0.000049	0.223593	 0.215991	 0.003847	 0.000000	 0.001953
58	 0.003955	 0.003872	 0.000032	 0.000000	 0.000026	0.227548	 0.219863	 0.003879	 0.000000	 0.001979
59	 0.003855	 0.003707	 0.000075	 0.000000	 0.000047	0.231403	 0.223570	 0.003954	 0.000000	 0.002026
60	 0.003380	 0.003281	 0.000045	 0.000000	 0.000026	0.234783	 0.226851	 0.003999	 0.000000	 0.002052
61	 0.004061	 0.003913	 0.000071	 0.000000	 0.000047	0.238844	 0.230764	 0.004070	 0.000000	 0.002099
62	 0.004064	 0.003981	 0.000033	 0.000000	 0.000026	0.242908	 0.234745	 0.004103	 0.000000	 0.002125
63	 0.003726	 0.003592	 0.000057	 0.000000	 0.000048	0.246634	 0.238337	 0.004160	 0.000000	 0.002173
64	 0.004246	 0.004147	 0.000047	 0.000000	 0.000026	0.250880	 0.242484	 0.004207	 0.000000	 0.002199
65	 0.003513	 0.003377	 0.000060	 0.000000	 0.000047	0.254393	 0.245861	 0.004267	 0.000000	 0.002246
66	 0.004009	 0.003926	 0.000032	 0.000000	 0.000026	0.258402	 0.249787	 0.004299	 0.000000	 0.002272
67	 0.003972	 0.003829	 0.000055	 0.000000	 0.000050	0.262374	 0.253616	 0.004354	 0.000000	 0.002322
68	 0.003665	 0.003581	 0.000033	 0.000000	 0.000027	0.266039	 0.257197	 0.004387	 0.000000	 0.002349
69	 0.003630	 0.003494	 0.000056	 0.000000	 0.000051	0.269669	 0.260691	 0.004443	 0.000000	 0.002400
70	 0.003949	 0.003850	 0.000046	 0.000000	 0.000027	0.273618	 0.264541	 0.004489	 0.000000	 0.002427
71	 0.003907	 0.003750	 0.000076	 0.000000	 0.000050	0.277525	 0.268291	 0.004565	 0.000000	 0.002477
72	 0.003690	 0.003602	 0.000034	 0.000000	 0.000027	0.281215	 0.271893	 0.004599	 0.000000	 0.002504
73	 0.003946	 0.003788	 0.000078	 0.000000	 0.000052	0.285161	 0.275681	 0.004677	 0.000000	 0.002556
74	 0.003253	 0.003151	 0.000045	 0.000000	 0.000027	0.288414	 0.278832	 0.004722	 0.000000	 0.002583
75	 0.003726	 0.003588	 0.000059	 0.000000	 0.000052	0.292140	 0.282420	 0.004781	 0.000000	 0.002635
76	 0.003689	 0.003603	 0.000032	 0.000000	 0.000028	0.295829	 0.286023	 0.004813	 0.000000	 0.002663
77	 0.003914	 0.003756	 0.000079	 0.000000	 0.000050	0.299743	 0.289779	 0.004892	 0.000000	 0.002713
78	 0.003283	 0.003184	 0.000045	 0.000000	 0.000027	0.303026	 0.292963	 0.004937	 0.000000	 0.002740
79	 0.003459	 0.003319	 0.000060	 0.000000	 0.000053	0.306485	 0.296282	 0.004997	 0.000000	 0.002793
80	 0.003636	 0.003534	 0.000045	 0.000000	 0.000028	0.310121	 0.299816	 0.005042	 0.000000	 0.002821
81	 0.004231	 0.004069	 0.000077	 0.000000	 0.000055	0.314352	 0.303885	 0.005119	 0.000000	 0.002876
82	 0.003852	 0.003751	 0.000047	 0.000000	 0.000029	0.318204	 0.307636	 0.005166	 0.000000	 0.002905
83	 0.003746	 0.003608	 0.000059	 0.000000	 0.000049	0.321950	 0.311244	 0.005225	 0.000000	 0.002954
84	 0.003869	 0.003767	 0.000048	 0.000000	 0.000029	0.325819	 0.315011	 0.005273	 0.000000	 0.002983
85	 0.004096	 0.003932	 0.000075	 0.000000	 0.000055	0.329915	 0.318943	 0.005348	 0.000000	 0.003038
86	 0.003979	 0.003874	 0.000046	 0.000000	 0.000028	0.333894	 0.322817	 0.005394	 0.000000	 0.003066
87	 0.004009	 0.003721	 0.000142	 0.000000	 0.000099	0.337903	 0.326538	 0.005536	 0.000000	 0.003165
88	 0.004033	 0.003847	 0.000090	 0.000000	 0.000053	0.341936	 0.330385	 0.005626	 0.000000	 0.003218
89	 0.003614	 0.003305	 0.000137	 0.000000	 0.000097	0.345550	 0.333690	 0.005763	 0.000000	 0.003315
90	 0.004129	 0.003896	 0.000108	 0.000000	 0.000075	0.349679	 0.337586	 0.005871	 0.000000	 0.003390
91	 0.004218	 0.004048	 0.000070	 0.000000	 0.000066	0.353897	 0.341634	 0.005941	 0.000000	 0.003456
92	 0.004385	 0.004276	 0.000051	 0.000000	 0.000029	0.358282	 0.345910	 0.005992	 0.000000	 0.003485
93	 0.003984	 0.003830	 0.000063	 0.000000	 0.000053	0.362266	 0.349740	 0.006055	 0.000000	 0.003538
94	 0.003350	 0.003243	 0.000049	 0.000000	 0.000030	0.365616	 0.352983	 0.006104	 0.000000	 0.003568
95	 0.003565	 0.003406	 0.000070	 0.000000	 0.000060	0.369181	 0.356389	 0.006174	 0.000000	 0.003628
96	 0.003726	 0.003620	 0.000047	 0.000000	 0.000030	0.372907	 0.360009	 0.006221	 0.000000	 0.003658
97	 0.003764	 0.003600	 0.000074	 0.000000	 0.000057	0.376671	 0.363609	 0.006295	 0.000000	 0.003715
98	 0.003761	 0.003647	 0.000050	 0.000000	 0.000028	0.380432	 0.367256	 0.006345	 0.000000	 0.003743
99	 0.003776	 0.003669	 0.000048	 0.000000	 0.000032	0.384208	 0.370925	 0.006393	 0.000000	 0.003775
100	 0.003991	 0.003829	 0.000076	 0.000000	 0.000057	0.388199	 0.374754	 0.006469	 0.000000	 0.003832
101	 0.003560	 0.003474	 0.000032	 0.000000	 0.000029	0.391759	 0.378228	 0.006501	 0.000000	 0.003861
102	 0.004262	 0.004058	 0.000077	 0.000000	 0.000059	0.396021	 0.382286	 0.006578	 0.000000	 0.003920
103	 0.003348	 0.003254	 0.000034	 0.000000	 0.000031	0.399369	 0.385540	 0.006612	 0.000000	 0.003951
104	 0.003422	 0.003254	 0.000079	 0.000000	 0.000059	0.402791	 0.388794	 0.006691	 0.000000	 0.004010
105	 0.003899	 0.003785	 0.000048	 0.000000	 0.000031	0.406690	 0.392579	 0.006739	 0.000000	 0.004041
106	 0.003340	 0.003250	 0.000034	 0.000000	 0.000029	0.410030	 0.395829	 0.006773	 0.000000	 0.004070
107	 0.003827	 0.003681	 0.000059	 0.000000	 0.000059	0.413857	 0.399510	 0.006832	 0.000000	 0.004129
108	 0.003410	 0.003320	 0.000033	 0.000000	 0.000031	0.417267	 0.402830	 0.006865	 0.000000	 0.004160
109	 0.003505	 0.003336	 0.000077	 0.000000	 0.000061	0.420772	 0.406166	 0.006942	 0.000000	 0.004221
110	 0.003710	 0.003607	 0.000048	 0.000000	 0.000032	0.424482	 0.409773	 0.006990	 0.000000	 0.004253
111	 0.003717	 0.003555	 0.000071	 0.000000	 0.000062	0.428199	 0.413328	 0.007061	 0.000000	 0.004315
112	 0.003214	 0.003111	 0.000046	 0.000000	 0.000032	0.431413	 0.416439	 0.007107	 0.000000	 0.004347
113	 0.003864	 0.003704	 0.000072	 0.000000	 0.000058	0.435277	 0.420143	 0.007179	 0.000000	 0.004405
114	 0.003344	 0.003233	 0.000052	 0.000000	 0.000033	0.438621	 0.423376	 0.007231	 0.000000	 0.004438
115	 0.003962	 0.003812	 0.000062	 0.000000	 0.000060	0.442583	 0.427188	 0.007293	 0.000000	 0.004498
116	 0.003937	 0.003815	 0.000046	 0.000000	 0.000040	0.446520	 0.431003	 0.007339	 0.000000	 0.004538
117	 0.003560	 0.003451	 0.000035	 0.000000	 0.000039	0.450080	 0.434454	 0.007374	 0.000000	 0.004577
118	 0.003488	 0.003365	 0.000048	 0.000000	 0.000040	0.453568	 0.437819	 0.007422	 0.000000	 0.004617
119	 0.003436	 0.003335	 0.000035	 0.000000	 0.000039	0.457004	 0.441154	 0.007457	 0.000000	 0.004656
120	 0.003649	 0.003501	 0.000057	 0.000000	 0.000060	0.460653	 0.444655	 0.007514	 0.000000	 0.004716
121	 0.003695	 0.003602	 0.000032	 0.000000	 0.000032	0.464348	 0.448257	 0.007546	 0.000000	 0.004748
122	 0.003788	 0.003638	 0.000058	 0.000000	 0.000062	0.468136	 0.451895	 0.007604	 0.000000	 0.004810
123	 0.003980	 0.003888	 0.000033	 0.000000	 0.000033	0.472116	 0.455783	 0.007637	 0.000000	 0.004843
124	 0.004339	 0.004168	 0.000079	 0.000000	 0.000061	0.476455	 0.459951	 0.007716	 0.000000	 0.004904
125	 0.003494	 0.003385	 0.000047	 0.000000	 0.000033	0.479949	 0.463336	 0.007763	 0.000000	 0.004937
126	 0.003237	 0.003072	 0.000077	 0.000000	 0.000060	0.483186	 0.466408	 0.007840	 0.000000	 0.004997
127	 0.003592	 0.003483	 0.000046	 0.000000	 0.000034	0.486778	 0.469891	 0.007886	 0.000000	 0.005031
128	 0.003742	 0.003576	 0.000074	 0.000000	 0.000062	0.490520	 0.473467	 0.007960	 0.000000	 0.005093
129	 0.003456	 0.003338	 0.000049	 0.000000	 0.000032	0.493976	 0.476805	 0.008009	 0.000000	 0.005125
130	 0.003698	 0.003589	 0.000049	 0.000000	 0.000034	0.497674	 0.480394	 0.008058	 0.000000	 0.005159
131	 0.003552	 0.003384	 0.000076	 0.000000	 0.000062	0.501226	 0.483778	 0.008134	 0.000000	 0.005221
132	 0.003480	 0.003366	 0.000045	 0.000000	 0.000033	0.504706	 0.487144	 0.008179	 0.000000	 0.005254
133	 0.003616	 0.003505	 0.000042	 0.000000	 0.000034	0.508322	 0.490649	 0.008221	 0.000000	 0.005288
134	 0.003624	 0.003531	 0.000034	 0.000000	 0.000034	0.511946	 0.494180	 0.008255	 0.000000	 0.005322
135	 0.003980	 0.003829	 0.000057	 0.000000	 0.000065	0.515926	 0.498009	 0.008312	 0.000000	 0.005387
136	 0.003568	 0.003476	 0.000032	 0.000000	 0.000033	0.519494	 0.501485	 0.008344	 0.000000	 0.005420
137	 0.003739	 0.003555	 0.000076	 0.000000	 0.000066	0.523233	 0.505040	 0.008420	 0.000000	 0.005486
138	 0.002979	 0.002846	 0.000048	 0.000000	 0.000045	0.526212	 0.507886	 0.008468	 0.000000	 0.005531
139	 0.003801	 0.003642	 0.000049	 0.000000	 0.000083	0.530013	 0.511528	 0.008517	 0.000000	 0.005614
140	 0.003734	 0.003546	 0.000082	 0.000000	 0.000077	0.533747	 0.515074	 0.008599	 0.000000	 0.005691
141	 0.003993	 0.003890	 0.000032	 0.000000	 0.000044	0.537740	 0.518964	 0.008631	 0.000000	 0.005735
142	 0.003400	 0.003227	 0.000076	 0.000000	 0.000067	0.541140	 0.522191	 0.008707	 0.000000	 0.005802
143	 0.003832	 0.003735	 0.000032	 0.000000	 0.000036	0.544972	 0.525926	 0.008739	 0.000000	 0.005838
144	 0.003443	 0.003257	 0.000083	 0.000000	 0.000073	0.548415	 0.529183	 0.008822	 0.000000	 0.005911
145	 0.003749	 0.003640	 0.000046	 0.000000	 0.000038	0.552164	 0.532823	 0.008868	 0.000000	 0.005949
146	 0.003826	 0.003647	 0.000073	 0.000000	 0.000073	0.555990	 0.536470	 0.008941	 0.000000	 0.006022
147	 0.004032	 0.003919	 0.000050	 0.000000	 0.000037	0.560022	 0.540389	 0.008991	 0.000000	 0.006059
148	 0.003741	 0.003565	 0.000072	 0.000000	 0.000072	0.563763	 0.543954	 0.009063	 0.000000	 0.006131
149	 0.004156	 0.004046	 0.000045	 0.000000	 0.000037	0.567919	 0.548000	 0.009108	 0.000000	 0.006168
150	 0.004077	 0.003915	 0.000059	 0.000000	 0.000072	0.571996	 0.551915	 0.009167	 0.000000	 0.006240
151	 0.004327	 0.004162	 0.000055	 0.000000	 0.000083	0.576323	 0.556077	 0.009222	 0.000000	 0.006323
152	 0.004027	 0.003842	 0.000077	 0.000000	 0.000077	0.580350	 0.559919	 0.009299	 0.000000	 0.006400
153	 0.003866	 0.003744	 0.000051	 0.000000	 0.000042	0.584216	 0.563663	 0.009350	 0.000000	 0.006442
154	 0.003738	 0.003549	 0.000079	 0.000000	 0.000082	0.587954	 0.567212	 0.009429	 0.000000	 0.006524
155	 0.004767	 0.004669	 0.000031	 0.000000	 0.000040	0.592721	 0.571881	 0.009460	 0.000000	 0.006564
156	 0.003834	 0.003651	 0.000077	 0.000000	 0.000075	0.596555	 0.575532	 0.009537	 0.000000	 0.006639
157	 0.004408	 0.004312	 0.000033	 0.000000	 0.000038	0.600963	 0.579844	 0.009570	 0.000000	 0.006677
158	 0.004662	 0.004474	 0.000077	 0.000000	 0.000079	0.605625	 0.584318	 0.009647	 0.000000	 0.006756
159	 0.005079	 0.004946	 0.000052	 0.000000	 0.000054	0.610704	 0.589264	 0.009699	 0.000000	 0.006810
160	 0.004870	 0.004683	 0.000079	 0.000000	 0.000078	0.615574	 0.593947	 0.009778	 0.000000	 0.006888
161	 0.004503	 0.004399	 0.000035	 0.000000	 0.000042	0.620077	 0.598346	 0.009813	 0.000000	 0.006930
162	 0.004327	 0.004140	 0.000078	 0.000000	 0.000079	0.624404	 0.602486	 0.009891	 0.000000	 0.007009
163	 0.004643	 0.004543	 0.000033	 0.000000	 0.000041	0.629047	 0.607029	 0.009924	 0.000000	 0.007050
164	 0.003622	 0.003425	 0.000081	 0.000000	 0.000081	0.632669	 0.610454	 0.010005	 0.000000	 0.007131
165	 0.004258	 0.004116	 0.000059	 0.000000	 0.000044	0.636927	 0.614570	 0.010064	 0.000000	 0.007175
166	 0.003482	 0.003264	 0.000081	 0.000000	 0.000095	0.640409	 0.617834	 0.010145	 0.000000	 0.007270
167	 0.003888	 0.003748	 0.000070	 0.000000	 0.000040	0.644297	 0.621582	 0.010215	 0.000000	 0.007310
168	 0.003494	 0.003296	 0.000075	 0.000000	 0.000078	0.647791	 0.624878	 0.010290	 0.000000	 0.007388
169	 0.004224	 0.004106	 0.000048	 0.000000	 0.000041	0.652015	 0.628984	 0.010338	 0.000000	 0.007429
170	 0.003642	 0.003461	 0.000075	 0.000000	 0.000076	0.655657	 0.632445	 0.010413	 0.000000	 0.007505
171	 0.004335	 0.004219	 0.000048	 0.000000	 0.000042	0.659992	 0.636664	 0.010461	 0.000000	 0.007547
172	 0.004673	 0.004493	 0.000074	 0.000000	 0.000078	0.664665	 0.641157	 0.010535	 0.000000	 0.007625
173	 0.004129	 0.004027	 0.000034	 0.000000	 0.000042	0.668794	 0.645184	 0.010569	 0.000000	 0.007667
174	 0.003987	 0.003797	 0.000077	 0.000000	 0.000082	0.672781	 0.648981	 0.010646	 0.000000	 0.007749
175	 0.003704	 0.003589	 0.000046	 0.000000	 0.000041	0.676485	 0.652570	 0.010692	 0.000000	 0.007790
176	 0.004365	 0.004193	 0.000061	 0.000000	 0.000081	0.680850	 0.656763	 0.010753	 0.000000	 0.007871
177	 0.004564	 0.004464	 0.000032	 0.000000	 0.000038	0.685414	 0.661227	 0.010785	 0.000000	 0.007909
178	 0.003840	 0.003639	 0.000085	 0.000000	 0.000085	0.689254	 0.664866	 0.010870	 0.000000	 0.007994
179	 0.004226	 0.004123	 0.000033	 0.000000	 0.000042	0.693480	 0.668989	 0.010903	 0.000000	 0.008036
180	 0.003894	 0.003690	 0.000079	 0.000000	 0.000083	0.697374	 0.672679	 0.010982	 0.000000	 0.008119
181	 0.003738	 0.003620	 0.000048	 0.000000	 0.000042	0.701112	 0.676299	 0.011030	 0.000000	 0.008161
182	 0.003932	 0.003738	 0.000077	 0.000000	 0.000084	0.705044	 0.680037	 0.011107	 0.000000	 0.008245
183	 0.004195	 0.004096	 0.000034	 0.000000	 0.000039	0.709239	 0.684133	 0.011141	 0.000000	 0.008284
184	 0.003651	 0.003479	 0.000057	 0.000000	 0.000083	0.712890	 0.687612	 0.011198	 0.000000	 0.008367
185	 0.003630	 0.003509	 0.000049	 0.000000	 0.000046	0.716520	 0.691121	 0.011247	 0.000000	 0.008413
186	 0.003888	 0.003714	 0.000060	 0.000000	 0.000081	0.720408	 0.694835	 0.011307	 0.000000	 0.008494
187	 0.003934	 0.003816	 0.000047	 0.000000	 0.000043	0.724342	 0.698651	 0.011354	 0.000000	 0.008537
188	 0.003963	 0.003764	 0.000080	 0.000000	 0.000087	0.728305	 0.702415	 0.011434	 0.000000	 0.008624
189	 0.004285	 0.004181	 0.000033	 0.000000	 0.000045	0.732590	 0.706596	 0.011467	 0.000000	 0.008669
190	 0.004269	 0.004091	 0.000059	 0.000000	 0.000088	0.736859	 0.710687	 0.011526	 0.000000	 0.008757
191	 0.003610	 0.003492	 0.000047	 0.000000	 0.000044	0.740469	 0.714179	 0.011573	 0.000000	 0.008801
192	 0.003980	 0.003795	 0.000072	 0.000000	 0.000081	0.744449	 0.717974	 0.011645	 0.000000	 0.008882
193	 0.003591	 0.003491	 0.000033	 0.000000	 0.000039	0.748040	 0.721465	 0.011678	 0.000000	 0.008921
194	 0.004131	 0.003958	 0.000056	 0.000000	 0.000086	0.752171	 0.725423	 0.011734	 0.000000	 0.009007
195	 0.003770	 0.003648	 0.000046	 0.000000	 0.000044	0.755941	 0.729071	 0.011780	 0.000000	 0.009051
196	 0.003914	 0.003726	 0.000074	 0.000000	 0.000084	0.759855	 0.732797	 0.011854	 0.000000	 0.009135
197	 0.003840	 0.003714	 0.000052	 0.000000	 0.000045	0.763695	 0.736511	 0.011906	 0.000000	 0.009180
198	 0.004110	 0.003931	 0.000065	 0.000000	 0.000085	0.767805	 0.740442	 0.011971	 0.000000	 0.009265
199	 0.003834	 0.003733	 0.000032	 0.000000	 0.000044	0.771639	 0.744175	 0.012003	 0.000000	 0.009309
200	 0.003990	 0.003789	 0.000083	 0.000000	 0.000087	0.775629	 0.747964	 0.012086	 0.000000	 0.009396
201	 0.004177	 0.004069	 0.000033	 0.000000	 0.000045	0.779806	 0.752033	 0.012119	 0.000000	 0.009441
202	 0.003746	 0.003546	 0.000059	 0.000000	 0.000088	0.783552	 0.755579	 0.012178	 0.000000	 0.009529
203	 0.003726	 0.003592	 0.000056	 0.000000	 0.000047	0.787278	 0.759171	 0.012234	 0.000000	 0.009576
204	 0.003955	 0.003779	 0.000063	 0.000000	 0.000084	0.791233	 0.762950	 0.012297	 0.000000	 0.009660
205	 0.003402	 0.003281	 0.000048	 0.000000	 0.000046	0.794635	 0.766231	 0.012345	 0.000000	 0.009706
206	 0.003564	 0.003363	 0.000078	 0.000000	 0.000090	0.798199	 0.769594	 0.012423	 0.000000	 0.009796
207	 0.004364	 0.004244	 0.000047	 0.000000	 0.000047	0.802563	 0.773838	 0.012470	 0.000000	 0.009843
208	 0.004145	 0.003949	 0.000076	 0.000000	 0.000089	0.806708	 0.777787	 0.012546	 0.000000	 0.009932
209	 0.003654	 0.003533	 0.000046	 0.000000	 0.000046	0.810362	 0.781320	 0.012592	 0.000000	 0.009978
210	 0.003607	 0.003415	 0.000072	 0.000000	 0.000088	0.813969	 0.784735	 0.012664	 0.000000	 0.010066
211	 0.004153	 0.004029	 0.000046	 0.000000	 0.000046	0.818122	 0.788764	 0.012710	 0.000000	 0.010112
212	 0.004263	 0.004083	 0.000062	 0.000000	 0.000089	0.822385	 0.792847	 0.012772	 0.000000	 0.010201
213	 0.003784	 0.003659	 0.000050	 0.000000	 0.000046	0.826169	 0.796506	 0.012822	 0.000000	 0.010247
214	 0.003803	 0.003600	 0.000076	 0.000000	 0.000092	0.829972	 0.800106	 0.012898	 0.000000	 0.010339
215	 0.004181	 0.004074	 0.000033	 0.000000	 0.000046	0.834153	 0.804180	 0.012931	 0.000000	 0.010385
216	 0.003779	 0.003572	 0.000086	 0.000000	 0.000091	0.837932	 0.807752	 0.013017	 0.000000	 0.010476
217	 0.003784	 0.003682	 0.000033	 0.000000	 0.000044	0.841716	 0.811434	 0.013050	 0.000000	 0.010520
218	 0.003962	 0.003755	 0.000082	 0.000000	 0.000093	0.845678	 0.815189	 0.013132	 0.000000	 0.010613
219	 0.003544	 0.003424	 0.000048	 0.000000	 0.000047	0.849222	 0.818613	 0.013180	 0.000000	 0.010660
220	 0.003381	 0.003203	 0.000059	 0.000000	 0.000086	0.852603	 0.821816	 0.013239	 0.000000	 0.010746
221	 0.003517	 0.003412	 0.000032	 0.000000	 0.000047	0.856120	 0.825228	 0.013271	 0.000000	 0.010793
222	 0.003556	 0.003347	 0.000085	 0.000000	 0.000092	0.859676	 0.828575	 0.013356	 0.000000	 0.010885
223	 0.004270	 0.004144	 0.000051	 0.000000	 0.000048	0.863946	 0.832719	 0.013407	 0.000000	 0.010933
224	 0.003821	 0.003634	 0.000062	 0.000000	 0.000093	0.867767	 0.836353	 0.013469	 0.000000	 0.011026
225	 0.004094	 0.003987	 0.000033	 0.000000	 0.000049	0.871861	 0.840340	 0.013502	 0.000000	 0.011075
226	 0.003711	 0.003534	 0.000057	 0.000000	 0.000089	0.875572	 0.843874	 0.013559	 0.000000	 0.011164
227	 0.003553	 0.003431	 0.000047	 0.000000	 0.000046	0.879125	 0.847305	 0.013606	 0.000000	 0.011210
228	 0.003597	 0.003417	 0.000060	 0.000000	 0.000089	0.882722	 0.850722	 0.013666	 0.000000	 0.011299
229	 0.003263	 0.003154	 0.000032	 0.000000	 0.000047	0.885985	 0.853876	 0.013698	 0.000000	 0.011346
230	 0.004305	 0.004122	 0.000058	 0.000000	 0.000094	0.890290	 0.857998	 0.013756	 0.000000	 0.011440
231	 0.004045	 0.003927	 0.000047	 0.000000	 0.000044	0.894335	 0.861925	 0.013803	 0.000000	 0.011484
232	 0.003607	 0.003420	 0.000061	 0.000000	 0.000094	0.897942	 0.865345	 0.013864	 0.000000	 0.011578
233	 0.004124	 0.003999	 0.000050	 0.000000	 0.000046	0.902066	 0.869344	 0.013914	 0.000000	 0.011624
234	 0.004268	 0.004077	 0.000064	 0.000000	 0.000093	0.906334	 0.873421	 0.013978	 0.000000	 0.011717
235	 0.004161	 0.004033	 0.000049	 0.000000	 0.000049	0.910495	 0.877454	 0.014027	 0.000000	 0.011766
236	 0.003789	 0.003596	 0.000066	 0.000000	 0.000095	0.914284	 0.881050	 0.014093	 0.000000	 0.011861
237	 0.003682	 0.003571	 0.000033	 0.000000	 0.000049	0.917966	 0.884621	 0.014126	 0.000000	 0.011910
238	 0.003833	 0.003621	 0.000082	 0.000000	 0.000096	0.921799	 0.888242	 0.014208	 0.000000	 0.012006
239	 0.003426	 0.003306	 0.000049	 0.000000	 0.000044	0.925225	 0.891548	 0.014257	 0.000000	 0.012050
240	 0.004473	 0.004278	 0.000062	 0.000000	 0.000099	0.929698	 0.895826	 0.014319	 0.000000	 0.012149
241	 0.003976	 0.003837	 0.000051	 0.000000	 0.000046	0.933674	 0.899663	 0.014370	 0.000000	 0.012195
242	 0.003740	 0.003615	 0.000047	 0.000000	 0.000050	0.937414	 0.903278	 0.014417	 0.000000	 0.012245
243	 0.004470	 0.004287	 0.000061	 0.000000	 0.000094	0.941884	 0.907565	 0.014478	 0.000000	 0.012339
244	 0.003716	 0.003589	 0.000050	 0.000000	 0.000048	0.945600	 0.911154	 0.014528	 0.000000	 0.012387
245	 0.004002	 0.003800	 0.000075	 0.000000	 0.000096	0.949602	 0.914954	 0.014603	 0.000000	 0.012483
246	 0.003745	 0.003620	 0.000046	 0.000000	 0.000049	0.953347	 0.918574	 0.014649	 0.000000	 0.012532
247	 0.004356	 0.004150	 0.000076	 0.000000	 0.000099	0.957703	 0.922724	 0.014725	 0.000000	 0.012631
248	 0.003763	 0.003645	 0.000032	 0.000000	 0.000046	0.961466	 0.926369	 0.014757	 0.000000	 0.012677
249	 0.003915	 0.003784	 0.000052	 0.000000	 0.000052	0.965381	 0.930153	 0.014809	 0.000000	 0.012729
250	 0.004133	 0.003931	 0.000076	 0.000000	 0.000095	0.969514	 0.934084	 0.014885	 0.000000	 0.012824
251	 0.003890	 0.003777	 0.000032	 0.000000	 0.000052	0.973404	 0.937861	 0.014917	 0.000000	 0.012876
252	 0.004240	 0.004013	 0.000082	 0.000000	 0.000101	0.977644	 0.941874	 0.014999	 0.000000	 0.012977
253	 0.003629	 0.003492	 0.000052	 0.000000	 0.000059	0.981273	 0.945366	 0.015051	 0.000000	 0.013036
254	 0.004307	 0.004095	 0.000075	 0.000000	 0.000104	0.985580	 0.949461	 0.015126	 0.000000	 0.013140
255	 0.003817	 0.003693	 0.000038	 0.000000	 0.000053	0.989397	 0.953154	 0.015164	 0.000000	 0.013193
256	 0.004472	 0.004253	 0.000086	 0.000000	 0.000100	0.993869	 0.957407	 0.015250	 0.000000	 0.013293
257	 0.003948	 0.003802	 0.000052	 0.000000	 0.000053	0.997817	 0.961209	 0.015302	 0.000000	 0.013346
258	 0.003673	 0.003544	 0.000042	 0.000000	 0.000054	1.001490	 0.964753	 0.015344	 0.000000	 0.013400
259	 0.003879	 0.003649	 0.000083	 0.000000	 0.000110	1.005369	 0.968402	 0.015427	 0.000000	 0.013510
260	 0.004278	 0.004160	 0.000032	 0.000000	 0.000054	1.009647	 0.972562	 0.015459	 0.000000	 0.013564
261	 0.003644	 0.003445	 0.000058	 0.000000	 0.000110	1.013291	 0.976007	 0.015517	 0.000000	 0.013674
262	 0.003849	 0.003719	 0.000049	 0.000000	 0.000052	1.017140	 0.979726	 0.015566	 0.000000	 0.013726
263	 0.003716	 0.003497	 0.000074	 0.000000	 0.000111	1.020856	 0.983223	 0.015640	 0.000000	 0.013837
264	 0.004037	 0.003913	 0.000032	 0.000000	 0.000063	1.024893	 0.987136	 0.015672	 0.000000	 0.013900
265	 0.004193	 0.003991	 0.000059	 0.000000	 0.000117	1.029086	 0.991127	 0.015731	 0.000000	 0.014017
266	 0.004046	 0.003906	 0.000048	 0.000000	 0.000063	1.033132	 0.995033	 0.015779	 0.000000	 0.014080
267	 0.003967	 0.003741	 0.000074	 0.000000	 0.000118	1.037099	 0.998774	 0.015853	 0.000000	 0.014198
268	 0.004654	 0.004085	 0.000034	 0.000431	 0.000072	1.041753	 1.002859	 0.015887	 0.000431	 0.014270
269	 0.004284	 0.003700	 0.000087	 0.000333	 0.000126	1.046037	 1.006559	 0.015974	 0.000764	 0.014396
270	 0.006034	 0.004105	 0.000051	 0.001778	 0.000065	1.052071	 1.010664	 0.016025	 0.002542	 0.014461
271	 0.005086	 0.003481	 0.000076	 0.001381	 0.000112	1.057157	 1.014145	 0.016101	 0.003923	 0.014573
272	 0.004416	 0.003296	 0.000032	 0.000997	 0.000056	1.061573	 1.017441	 0.016133	 0.004920	 0.014629
273	 0.005122	 0.003577	 0.000059	 0.001325	 0.000112	1.066695	 1.021018	 0.016192	 0.006245	 0.014741
274	 0.005697	 0.003453	 0.000046	 0.002098	 0.000052	1.072392	 1.024471	 0.016238	 0.008343	 0.014793
275	 0.004208	 0.003794	 0.000044	 0.000269	 0.000065	1.076600	 1.028265	 0.016282	 0.008612	 0.014858
276	 0.004576	 0.004040	 0.000079	 0.000303	 0.000115	1.081176	 1.032305	 0.016361	 0.008915	 0.014973
277	 0.004393	 0.003968	 0.000055	 0.000275	 0.000058	1.085569	 1.036273	 0.016416	 0.009190	 0.015031
278	 0.004156	 0.003640	 0.000078	 0.000276	 0.000125	1.089725	 1.039913	 0.016494	 0.009466	 0.015156
279	 0.004414	 0.003715	 0.000033	 0.000564	 0.000052	1.094139	 1.043628	 0.016527	 0.010030	 0.015208
280	 0.004514	 0.003978	 0.000057	 0.000374	 0.000070	1.098653	 1.047606	 0.016584	 0.010404	 0.015278
281	 0.004553	 0.003936	 0.000085	 0.000371	 0.000119	1.103206	 1.051542	 0.016669	 0.010775	 0.015397
282	 0.003742	 0.003321	 0.000036	 0.000279	 0.000067	1.106948	 1.054863	 0.016705	 0.011054	 0.015464
283	 0.004313	 0.003696	 0.000085	 0.000379	 0.000118	1.111261	 1.058559	 0.016790	 0.011433	 0.015582
284	 0.003771	 0.003327	 0.000048	 0.000282	 0.000066	1.115032	 1.061886	 0.016838	 0.011715	 0.015648
285	 0.004829	 0.004214	 0.000062	 0.000467	 0.000052	1.119861	 1.066100	 0.016900	 0.012182	 0.015700
286	 0.004256	 0.003725	 0.000068	 0.000310	 0.000117	1.124117	 1.069825	 0.016968	 0.012492	 0.015817
287	 0.003880	 0.003346	 0.000053	 0.000384	 0.000059	1.127997	 1.073171	 0.017021	 0.012876	 0.015876
288	 0.004041	 0.003438	 0.000079	 0.000363	 0.000119	1.132038	 1.076609	 0.017100	 0.013239	 0.015995
289	 0.003976	 0.003335	 0.000060	 0.000494	 0.000052	1.136014	 1.079944	 0.017160	 0.013733	 0.016047
290	 0.004820	 0.003922	 0.000078	 0.000677	 0.000108	1.140834	 1.083866	 0.017238	 0.014410	 0.016155
291	 0.004087	 0.003354	 0.000053	 0.000592	 0.000053	1.144921	 1.087220	 0.017291	 0.015002	 0.016208
292	 0.004485	 0.003848	 0.000091	 0.000401	 0.000109	1.149406	 1.091068	 0.017382	 0.015403	 0.016317
293	 0.004553	 0.003872	 0.000040	 0.000554	 0.000052	1.153959	 1.094940	 0.017422	 0.015957	 0.016369
294	 0.005061	 0.004436	 0.000086	 0.000390	 0.000113	1.159020	 1.099376	 0.017508	 0.016347	 0.016482
295	 0.005109	 0.004482	 0.000042	 0.000499	 0.000052	1.164129	 1.103858	 0.017550	 0.016846	 0.016534
296	 0.004772	 0.004024	 0.000088	 0.000498	 0.000120	1.168901	 1.107882	 0.017638	 0.017344	 0.016654
297	 0.004307	 0.003547	 0.000054	 0.000607	 0.000054	1.173208	 1.111429	 0.017692	 0.017951	 0.016708
298	 0.005011	 0.004373	 0.000056	 0.000492	 0.000054	1.178219	 1.115802	 0.017748	 0.018443	 0.016762
299	 0.004355	 0.003787	 0.000069	 0.000336	 0.000125	1.182574	 1.119589	 0.017817	 0.018779	 0.016887
300	 0.004111	 0.003567	 0.000047	 0.000409	 0.000053	1.186685	 1.123156	 0.017864	 0.019188	 0.016940
301	 0.004660	 0.003978	 0.000075	 0.000452	 0.000117	1.191345	 1.127134	 0.017939	 0.019640	 0.017057
302	 0.004489	 0.003917	 0.000043	 0.000406	 0.000056	1.195834	 1.131051	 0.017982	 0.020046	 0.017113
303	 0.004805	 0.004108	 0.000090	 0.000461	 0.000109	1.200639	 1.135159	 0.018072	 0.020507	 0.017222
304	 0.004079	 0.003503	 0.000054	 0.000418	 0.000069	1.204718	 1.138662	 0.018126	 0.020925	 0.017291
305	 0.005557	 0.003976	 0.000059	 0.001380	 0.000105	1.210275	 1.142638	 0.018185	 0.022305	 0.017396
306	 0.004543	 0.003864	 0.000053	 0.000523	 0.000054	1.214818	 1.146502	 0.018238	 0.022828	 0.017450
307	 0.004166	 0.003592	 0.000040	 0.000416	 0.000059	1.218984	 1.150094	 0.018278	 0.023244	 0.017509
308	 0.004431	 0.003738	 0.000050	 0.000535	 0.000060	1.223415	 1.153832	 0.018328	 0.023779	 0.017569
309	 0.004753	 0.003866	 0.000046	 0.000737	 0.000056	1.228168	 1.157698	 0.018374	 0.024516	 0.017625
310	 0.004623	 0.003942	 0.000045	 0.000533	 0.000057	1.232791	 1.161640	 0.018419	 0.025049	 0.017682
311	 0.005021	 0.003960	 0.000078	 0.000831	 0.000110	1.237812	 1.165600	 0.018497	 0.025880	 0.017792
312	 0.004071	 0.003569	 0.000037	 0.000362	 0.000056	1.241883	 1.169169	 0.018534	 0.026242	 0.017848
313	 0.004529	 0.004052	 0.000058	 0.000328	 0.000057	1.246412	 1.173221	 0.018592	 0.026570	 0.017905
314	 0.005238	 0.004647	 0.000095	 0.000330	 0.000128	1.251650	 1.177868	 0.018687	 0.026900	 0.018033
315	 0.005540	 0.004150	 0.000049	 0.001257	 0.000052	1.257190	 1.182018	 0.018736	 0.028157	 0.018085
316	 0.004577	 0.003915	 0.000061	 0.000441	 0.000121	1.261767	 1.185933	 0.018797	 0.028598	 0.018206
317	 0.004853	 0.003731	 0.000050	 0.000971	 0.000066	1.266620	 1.189664	 0.018847	 0.029569	 0.018272
318	 0.004637	 0.003737	 0.000074	 0.000666	 0.000118	1.271257	 1.193401	 0.018921	 0.030235	 0.018390
319	 0.004696	 0.003900	 0.000044	 0.000660	 0.000061	1.275953	 1.197301	 0.018965	 0.030895	 0.018451
320	 0.004818	 0.003810	 0.000081	 0.000772	 0.000123	1.280771	 1.201111	 0.019046	 0.031667	 0.018574
321	 0.004459	 0.003530	 0.000034	 0.000783	 0.000064	1.285230	 1.204641	 0.019080	 0.032450	 0.018638
322	 0.005324	 0.003872	 0.000049	 0.001301	 0.000065	1.290554	 1.208513	 0.019129	 0.033751	 0.018703
323	 0.005471	 0.004457	 0.000076	 0.000787	 0.000118	1.296025	 1.212970	 0.019205	 0.034538	 0.018821
324	 0.004385	 0.003776	 0.000038	 0.000465	 0.000070	1.300410	 1.216746	 0.019243	 0.035003	 0.018891
325	 0.004461	 0.003759	 0.000061	 0.000467	 0.000133	1.304871	 1.220505	 0.019304	 0.035470	 0.019024
326	 0.004809	 0.004223	 0.000033	 0.000446	 0.000074	1.309680	 1.224728	 0.019337	 0.035916	 0.019098
327	 0.004792	 0.003658	 0.000059	 0.000907	 0.000128	1.314472	 1.228386	 0.019396	 0.036823	 0.019226
328	 0.004105	 0.003604	 0.000033	 0.000353	 0.000064	1.318577	 1.231990	 0.019429	 0.037176	 0.019290
329	 0.005488	 0.004128	 0.000055	 0.001211	 0.000063	1.324065	 1.236118	 0.019484	 0.038387	 0.019353
330	 0.004857	 0.003521	 0.000081	 0.001098	 0.000120	1.328922	 1.239639	 0.019565	 0.039485	 0.019473
331	 0.004769	 0.003747	 0.000047	 0.000874	 0.000064	1.333691	 1.243386	 0.019612	 0.040359	 0.019537
332	 0.005150	 0.004146	 0.000074	 0.000781	 0.000114	1.338841	 1.247532	 0.019686	 0.041140	 0.019651
333	 0.004587	 0.003785	 0.000036	 0.000651	 0.000063	1.343428	 1.251317	 0.019722	 0.041791	 0.019714
334	 0.005217	 0.004066	 0.000030	 0.001031	 0.000056	1.348645	 1.255383	 0.019752	 0.042822	 0.019770
335	 0.007127	 0.004053	 0.000085	 0.002849	 0.000108	1.355772	 1.259436	 0.019837	 0.045671	 0.019878
336	 0.004824	 0.003526	 0.000048	 0.001151	 0.000066	1.360596	 1.262962	 0.019885	 0.046822	 0.019944
337	 0.005275	 0.004006	 0.000071	 0.001038	 0.000125	1.365871	 1.266968	 0.019956	 0.047860	 0.020069
338	 0.005041	 0.003954	 0.000047	 0.000939	 0.000064	1.370912	 1.270922	 0.020003	 0.048799	 0.020133
339	 0.004623	 0.003771	 0.000077	 0.000619	 0.000121	1.375535	 1.274693	 0.020080	 0.049418	 0.020254
340	 0.007046	 0.003812	 0.000034	 0.003096	 0.000066	1.382581	 1.278505	 0.020114	 0.052514	 0.020320
341	 0.005263	 0.003741	 0.000087	 0.001274	 0.000123	1.387844	 1.282246	 0.020201	 0.053788	 0.020443
342	 0.005214	 0.003549	 0.000036	 0.001516	 0.000067	1.393058	 1.285795	 0.020237	 0.055304	 0.020510
343	 0.006591	 0.004256	 0.000051	 0.002186	 0.000065	1.399649	 1.290051	 0.020288	 0.057490	 0.020575
344	 0.005134	 0.003922	 0.000076	 0.000970	 0.000125	1.404783	 1.293973	 0.020364	 0.058460	 0.020700
345	 0.007013	 0.003729	 0.000044	 0.003136	 0.000067	1.411796	 1.297702	 0.020408	 0.061596	 0.020767
346	 0.006550	 0.003747	 0.000064	 0.002577	 0.000125	1.418346	 1.301449	 0.020472	 0.064173	 0.020892
347	 0.006321	 0.003711	 0.000053	 0.002458	 0.000066	1.424667	 1.305160	 0.020525	 0.066631	 0.020958
348	 0.006845	 0.004256	 0.000063	 0.002347	 0.000132	1.431512	 1.309416	 0.020588	 0.068978	 0.021090
349	 0.004809	 0.003790	 0.000050	 0.000853	 0.000068	1.436321	 1.313206	 0.020638	 0.069831	 0.021158
350	 0.009981	 0.004196	 0.000041	 0.005632	 0.000064	1.446302	 1.317402	 0.020679	 0.075463	 0.021222
351	 0.006571	 0.003770	 0.000054	 0.002634	 0.000067	1.452873	 1.321172	 0.020733	 0.078097	 0.021289
352	 0.006003	 0.003730	 0.000035	 0.002139	 0.000067	1.458876	 1.324902	 0.020768	 0.080236	 0.021356
353	 0.005802	 0.003893	 0.000054	 0.001701	 0.000115	1.464678	 1.328795	 0.020822	 0.081937	 0.021471
354	 0.008292	 0.003821	 0.000044	 0.004332	 0.000058	1.472970	 1.332616	 0.020866	 0.086269	 0.021529
