Iter	 Iter_time	 Master	 Subprob	 Full_Test	 argmax	Iter_acc	 Master_acc	 Subprob_acc	 Full_Test_acc	 argmax_acc
1	 0.000538	 0.000331	 0.000118	 0.000000	 0.000063	0.000538	 0.000331	 0.000118	 0.000000	 0.000063
2	 0.003571	 0.003348	 0.000088	 0.000000	 0.000094	0.004109	 0.003679	 0.000206	 0.000000	 0.000157
3	 0.003146	 0.003058	 0.000039	 0.000000	 0.000016	0.007255	 0.006737	 0.000245	 0.000000	 0.000173
4	 0.003604	 0.003490	 0.000066	 0.000000	 0.000020	0.010859	 0.010227	 0.000311	 0.000000	 0.000193
5	 0.003263	 0.003088	 0.000087	 0.000000	 0.000049	0.014122	 0.013315	 0.000398	 0.000000	 0.000242
6	 0.003848	 0.003674	 0.000070	 0.000000	 0.000058	0.017970	 0.016989	 0.000468	 0.000000	 0.000300
7	 0.003393	 0.003182	 0.000116	 0.000000	 0.000041	0.021363	 0.020171	 0.000584	 0.000000	 0.000341
8	 0.004030	 0.003858	 0.000095	 0.000000	 0.000035	0.025393	 0.024029	 0.000679	 0.000000	 0.000376
9	 0.004004	 0.003682	 0.000190	 0.000000	 0.000073	0.029397	 0.027711	 0.000869	 0.000000	 0.000449
10	 0.003390	 0.003235	 0.000070	 0.000000	 0.000036	0.032787	 0.030946	 0.000939	 0.000000	 0.000485
11	 0.003706	 0.003475	 0.000131	 0.000000	 0.000052	0.036493	 0.034421	 0.001070	 0.000000	 0.000537
12	 0.003633	 0.003496	 0.000062	 0.000000	 0.000029	0.040126	 0.037917	 0.001132	 0.000000	 0.000566
13	 0.003389	 0.003147	 0.000136	 0.000000	 0.000056	0.043515	 0.041064	 0.001268	 0.000000	 0.000622
14	 0.003688	 0.003508	 0.000076	 0.000000	 0.000042	0.047203	 0.044572	 0.001344	 0.000000	 0.000664
15	 0.003760	 0.003552	 0.000117	 0.000000	 0.000047	0.050963	 0.048124	 0.001461	 0.000000	 0.000711
16	 0.003694	 0.003593	 0.000044	 0.000000	 0.000026	0.054657	 0.051717	 0.001505	 0.000000	 0.000737
17	 0.003326	 0.003170	 0.000089	 0.000000	 0.000036	0.057983	 0.054887	 0.001594	 0.000000	 0.000773
18	 0.003865	 0.003753	 0.000051	 0.000000	 0.000034	0.061848	 0.058640	 0.001645	 0.000000	 0.000807
19	 0.003563	 0.003421	 0.000063	 0.000000	 0.000048	0.065411	 0.062061	 0.001708	 0.000000	 0.000855
20	 0.003919	 0.003780	 0.000077	 0.000000	 0.000026	0.069330	 0.065841	 0.001785	 0.000000	 0.000881
21	 0.003779	 0.003609	 0.000082	 0.000000	 0.000048	0.073109	 0.069450	 0.001867	 0.000000	 0.000929
22	 0.003637	 0.003491	 0.000060	 0.000000	 0.000035	0.076746	 0.072941	 0.001927	 0.000000	 0.000964
23	 0.004150	 0.003985	 0.000098	 0.000000	 0.000039	0.080896	 0.076926	 0.002025	 0.000000	 0.001003
24	 0.003805	 0.003707	 0.000050	 0.000000	 0.000021	0.084701	 0.080633	 0.002075	 0.000000	 0.001024
25	 0.003576	 0.003425	 0.000077	 0.000000	 0.000039	0.088277	 0.084058	 0.002152	 0.000000	 0.001063
26	 0.003711	 0.003596	 0.000060	 0.000000	 0.000025	0.091988	 0.087654	 0.002212	 0.000000	 0.001088
27	 0.003677	 0.003526	 0.000077	 0.000000	 0.000040	0.095665	 0.091180	 0.002289	 0.000000	 0.001128
28	 0.003647	 0.003549	 0.000041	 0.000000	 0.000027	0.099312	 0.094729	 0.002330	 0.000000	 0.001155
29	 0.003750	 0.003586	 0.000094	 0.000000	 0.000043	0.103062	 0.098315	 0.002424	 0.000000	 0.001198
30	 0.003907	 0.003815	 0.000043	 0.000000	 0.000022	0.106969	 0.102130	 0.002467	 0.000000	 0.001220
31	 0.003441	 0.003287	 0.000082	 0.000000	 0.000043	0.110410	 0.105417	 0.002549	 0.000000	 0.001263
32	 0.003634	 0.003539	 0.000035	 0.000000	 0.000022	0.114044	 0.108956	 0.002584	 0.000000	 0.001285
33	 0.003787	 0.003688	 0.000049	 0.000000	 0.000024	0.117831	 0.112644	 0.002633	 0.000000	 0.001309
34	 0.004180	 0.004051	 0.000061	 0.000000	 0.000041	0.122011	 0.116695	 0.002694	 0.000000	 0.001350
35	 0.003412	 0.003330	 0.000033	 0.000000	 0.000023	0.125423	 0.120025	 0.002727	 0.000000	 0.001373
36	 0.003634	 0.003483	 0.000079	 0.000000	 0.000043	0.129057	 0.123508	 0.002806	 0.000000	 0.001416
37	 0.003980	 0.003870	 0.000051	 0.000000	 0.000034	0.133037	 0.127378	 0.002857	 0.000000	 0.001450
38	 0.004249	 0.004088	 0.000078	 0.000000	 0.000051	0.137286	 0.131466	 0.002935	 0.000000	 0.001501
39	 0.003424	 0.003307	 0.000058	 0.000000	 0.000028	0.140710	 0.134773	 0.002993	 0.000000	 0.001529
40	 0.003830	 0.003677	 0.000079	 0.000000	 0.000043	0.144540	 0.138450	 0.003072	 0.000000	 0.001572
41	 0.004005	 0.003903	 0.000049	 0.000000	 0.000024	0.148545	 0.142353	 0.003121	 0.000000	 0.001596
42	 0.003236	 0.003072	 0.000071	 0.000000	 0.000050	0.151781	 0.145425	 0.003192	 0.000000	 0.001646
43	 0.003371	 0.003263	 0.000055	 0.000000	 0.000024	0.155152	 0.148688	 0.003247	 0.000000	 0.001670
44	 0.003348	 0.003189	 0.000075	 0.000000	 0.000044	0.158500	 0.151877	 0.003322	 0.000000	 0.001714
45	 0.004004	 0.003900	 0.000047	 0.000000	 0.000025	0.162504	 0.155777	 0.003369	 0.000000	 0.001739
46	 0.003736	 0.003638	 0.000046	 0.000000	 0.000025	0.166240	 0.159415	 0.003415	 0.000000	 0.001764
47	 0.003866	 0.003716	 0.000074	 0.000000	 0.000045	0.170106	 0.163131	 0.003489	 0.000000	 0.001809
48	 0.003559	 0.003454	 0.000047	 0.000000	 0.000026	0.173665	 0.166585	 0.003536	 0.000000	 0.001835
49	 0.003505	 0.003407	 0.000044	 0.000000	 0.000026	0.177170	 0.169992	 0.003580	 0.000000	 0.001861
50	 0.003520	 0.003371	 0.000074	 0.000000	 0.000047	0.180690	 0.173363	 0.003654	 0.000000	 0.001908
51	 0.003534	 0.003422	 0.000049	 0.000000	 0.000037	0.184224	 0.176785	 0.003703	 0.000000	 0.001945
52	 0.003779	 0.003631	 0.000061	 0.000000	 0.000055	0.188003	 0.180416	 0.003764	 0.000000	 0.002000
53	 0.003441	 0.003350	 0.000033	 0.000000	 0.000026	0.191444	 0.183766	 0.003797	 0.000000	 0.002026
54	 0.003713	 0.003609	 0.000050	 0.000000	 0.000026	0.195157	 0.187375	 0.003847	 0.000000	 0.002052
55	 0.003388	 0.003228	 0.000079	 0.000000	 0.000049	0.198545	 0.190603	 0.003926	 0.000000	 0.002101
56	 0.004102	 0.004006	 0.000045	 0.000000	 0.000027	0.202647	 0.194609	 0.003971	 0.000000	 0.002128
57	 0.003705	 0.003567	 0.000060	 0.000000	 0.000047	0.206352	 0.198176	 0.004031	 0.000000	 0.002175
58	 0.003838	 0.003746	 0.000033	 0.000000	 0.000027	0.210190	 0.201922	 0.004064	 0.000000	 0.002202
59	 0.003684	 0.003602	 0.000032	 0.000000	 0.000023	0.213874	 0.205524	 0.004096	 0.000000	 0.002225
60	 0.003757	 0.003602	 0.000077	 0.000000	 0.000048	0.217631	 0.209126	 0.004173	 0.000000	 0.002273
61	 0.004017	 0.003919	 0.000046	 0.000000	 0.000028	0.221648	 0.213045	 0.004219	 0.000000	 0.002301
62	 0.004012	 0.003868	 0.000057	 0.000000	 0.000048	0.225660	 0.216913	 0.004276	 0.000000	 0.002349
63	 0.003965	 0.003873	 0.000032	 0.000000	 0.000027	0.229625	 0.220786	 0.004308	 0.000000	 0.002376
64	 0.003774	 0.003688	 0.000031	 0.000000	 0.000026	0.233399	 0.224474	 0.004339	 0.000000	 0.002402
65	 0.003808	 0.003622	 0.000095	 0.000000	 0.000053	0.237207	 0.228096	 0.004434	 0.000000	 0.002455
66	 0.004243	 0.004151	 0.000035	 0.000000	 0.000027	0.241450	 0.232247	 0.004469	 0.000000	 0.002482
67	 0.003762	 0.003583	 0.000093	 0.000000	 0.000055	0.245212	 0.235830	 0.004562	 0.000000	 0.002537
68	 0.003302	 0.003202	 0.000046	 0.000000	 0.000027	0.248514	 0.239032	 0.004608	 0.000000	 0.002564
69	 0.003755	 0.003584	 0.000076	 0.000000	 0.000051	0.252269	 0.242616	 0.004684	 0.000000	 0.002615
70	 0.003915	 0.003812	 0.000050	 0.000000	 0.000028	0.256184	 0.246428	 0.004734	 0.000000	 0.002643
71	 0.003737	 0.003595	 0.000061	 0.000000	 0.000051	0.259921	 0.250023	 0.004795	 0.000000	 0.002694
72	 0.004124	 0.004038	 0.000033	 0.000000	 0.000028	0.264045	 0.254061	 0.004828	 0.000000	 0.002722
73	 0.003801	 0.003642	 0.000079	 0.000000	 0.000052	0.267846	 0.257703	 0.004907	 0.000000	 0.002774
74	 0.003680	 0.003594	 0.000032	 0.000000	 0.000027	0.271526	 0.261297	 0.004939	 0.000000	 0.002801
75	 0.003587	 0.003427	 0.000077	 0.000000	 0.000052	0.275113	 0.264724	 0.005016	 0.000000	 0.002853
76	 0.003939	 0.003847	 0.000033	 0.000000	 0.000029	0.279052	 0.268571	 0.005049	 0.000000	 0.002882
77	 0.003992	 0.003826	 0.000082	 0.000000	 0.000053	0.283044	 0.272397	 0.005131	 0.000000	 0.002935
78	 0.003664	 0.003529	 0.000063	 0.000000	 0.000043	0.286708	 0.275926	 0.005194	 0.000000	 0.002978
79	 0.003804	 0.003631	 0.000078	 0.000000	 0.000060	0.290512	 0.279557	 0.005272	 0.000000	 0.003038
80	 0.003542	 0.003443	 0.000042	 0.000000	 0.000028	0.294054	 0.283000	 0.005314	 0.000000	 0.003066
81	 0.003607	 0.003411	 0.000096	 0.000000	 0.000062	0.297661	 0.286411	 0.005410	 0.000000	 0.003128
82	 0.004453	 0.004342	 0.000053	 0.000000	 0.000029	0.302114	 0.290753	 0.005463	 0.000000	 0.003157
83	 0.003945	 0.003782	 0.000076	 0.000000	 0.000053	0.306059	 0.294535	 0.005539	 0.000000	 0.003210
84	 0.003533	 0.003444	 0.000033	 0.000000	 0.000028	0.309592	 0.297979	 0.005572	 0.000000	 0.003238
85	 0.003538	 0.003364	 0.000080	 0.000000	 0.000056	0.313130	 0.301343	 0.005652	 0.000000	 0.003294
86	 0.004345	 0.004245	 0.000033	 0.000000	 0.000040	0.317475	 0.305588	 0.005685	 0.000000	 0.003334
87	 0.003967	 0.003791	 0.000080	 0.000000	 0.000065	0.321442	 0.309379	 0.005765	 0.000000	 0.003399
88	 0.003522	 0.003415	 0.000049	 0.000000	 0.000029	0.324964	 0.312794	 0.005814	 0.000000	 0.003428
89	 0.003993	 0.003820	 0.000075	 0.000000	 0.000057	0.328957	 0.316614	 0.005889	 0.000000	 0.003485
90	 0.003988	 0.003888	 0.000038	 0.000000	 0.000031	0.332945	 0.320502	 0.005927	 0.000000	 0.003516
91	 0.003674	 0.003512	 0.000068	 0.000000	 0.000062	0.336619	 0.324014	 0.005995	 0.000000	 0.003578
92	 0.004027	 0.003932	 0.000035	 0.000000	 0.000031	0.340646	 0.327946	 0.006030	 0.000000	 0.003609
93	 0.003934	 0.003794	 0.000057	 0.000000	 0.000053	0.344580	 0.331740	 0.006087	 0.000000	 0.003662
94	 0.004255	 0.004160	 0.000039	 0.000000	 0.000031	0.348835	 0.335900	 0.006126	 0.000000	 0.003693
95	 0.003528	 0.003340	 0.000099	 0.000000	 0.000060	0.352363	 0.339240	 0.006225	 0.000000	 0.003753
96	 0.003577	 0.003456	 0.000050	 0.000000	 0.000030	0.355940	 0.342696	 0.006275	 0.000000	 0.003783
97	 0.004055	 0.003959	 0.000037	 0.000000	 0.000030	0.359995	 0.346655	 0.006312	 0.000000	 0.003813
98	 0.003893	 0.003726	 0.000080	 0.000000	 0.000056	0.363888	 0.350381	 0.006392	 0.000000	 0.003869
99	 0.003753	 0.003650	 0.000049	 0.000000	 0.000030	0.367641	 0.354031	 0.006441	 0.000000	 0.003899
100	 0.004549	 0.004397	 0.000060	 0.000000	 0.000060	0.372190	 0.358428	 0.006501	 0.000000	 0.003959
101	 0.004060	 0.003957	 0.000034	 0.000000	 0.000030	0.376250	 0.362385	 0.006535	 0.000000	 0.003989
102	 0.004126	 0.003975	 0.000054	 0.000000	 0.000031	0.380376	 0.366360	 0.006589	 0.000000	 0.004020
103	 0.003963	 0.003810	 0.000065	 0.000000	 0.000059	0.384339	 0.370170	 0.006654	 0.000000	 0.004079
104	 0.003606	 0.003486	 0.000050	 0.000000	 0.000043	0.387945	 0.373656	 0.006704	 0.000000	 0.004122
105	 0.003735	 0.003562	 0.000075	 0.000000	 0.000069	0.391680	 0.377218	 0.006779	 0.000000	 0.004191
106	 0.003747	 0.003644	 0.000047	 0.000000	 0.000028	0.395427	 0.380862	 0.006826	 0.000000	 0.004219
107	 0.004050	 0.003885	 0.000074	 0.000000	 0.000059	0.399477	 0.384747	 0.006900	 0.000000	 0.004278
108	 0.003752	 0.003649	 0.000034	 0.000000	 0.000041	0.403229	 0.388396	 0.006934	 0.000000	 0.004319
109	 0.004335	 0.004144	 0.000082	 0.000000	 0.000071	0.407564	 0.392540	 0.007016	 0.000000	 0.004390
110	 0.003510	 0.003412	 0.000033	 0.000000	 0.000041	0.411074	 0.395952	 0.007049	 0.000000	 0.004431
111	 0.004396	 0.004230	 0.000059	 0.000000	 0.000070	0.415470	 0.400182	 0.007108	 0.000000	 0.004501
112	 0.003594	 0.003489	 0.000033	 0.000000	 0.000032	0.419064	 0.403671	 0.007141	 0.000000	 0.004533
113	 0.003780	 0.003676	 0.000049	 0.000000	 0.000031	0.422844	 0.407347	 0.007190	 0.000000	 0.004564
114	 0.003770	 0.003617	 0.000060	 0.000000	 0.000061	0.426614	 0.410964	 0.007250	 0.000000	 0.004625
115	 0.003716	 0.003612	 0.000039	 0.000000	 0.000033	0.430330	 0.414576	 0.007289	 0.000000	 0.004658
116	 0.004560	 0.004376	 0.000094	 0.000000	 0.000061	0.434890	 0.418952	 0.007383	 0.000000	 0.004719
117	 0.003857	 0.003766	 0.000031	 0.000000	 0.000029	0.438747	 0.422718	 0.007414	 0.000000	 0.004748
118	 0.003973	 0.003769	 0.000073	 0.000000	 0.000082	0.442720	 0.426487	 0.007487	 0.000000	 0.004830
119	 0.004021	 0.003900	 0.000061	 0.000000	 0.000032	0.446741	 0.430387	 0.007548	 0.000000	 0.004862
120	 0.003939	 0.003771	 0.000074	 0.000000	 0.000061	0.450680	 0.434158	 0.007622	 0.000000	 0.004923
121	 0.003488	 0.003393	 0.000035	 0.000000	 0.000032	0.454168	 0.437551	 0.007657	 0.000000	 0.004955
122	 0.003782	 0.003632	 0.000057	 0.000000	 0.000061	0.457950	 0.441183	 0.007714	 0.000000	 0.005016
123	 0.003788	 0.003695	 0.000033	 0.000000	 0.000033	0.461738	 0.444878	 0.007747	 0.000000	 0.005049
124	 0.003934	 0.003787	 0.000057	 0.000000	 0.000059	0.465672	 0.448665	 0.007804	 0.000000	 0.005108
125	 0.003792	 0.003699	 0.000033	 0.000000	 0.000033	0.469464	 0.452364	 0.007837	 0.000000	 0.005141
126	 0.004214	 0.004037	 0.000084	 0.000000	 0.000062	0.473678	 0.456401	 0.007921	 0.000000	 0.005203
127	 0.003476	 0.003349	 0.000057	 0.000000	 0.000036	0.477154	 0.459750	 0.007978	 0.000000	 0.005239
128	 0.003665	 0.003411	 0.000135	 0.000000	 0.000078	0.480819	 0.463161	 0.008113	 0.000000	 0.005317
129	 0.004188	 0.004078	 0.000048	 0.000000	 0.000033	0.485007	 0.467239	 0.008161	 0.000000	 0.005350
130	 0.003734	 0.003566	 0.000075	 0.000000	 0.000065	0.488741	 0.470805	 0.008236	 0.000000	 0.005415
131	 0.003890	 0.003776	 0.000054	 0.000000	 0.000032	0.492631	 0.474581	 0.008290	 0.000000	 0.005447
132	 0.003756	 0.003588	 0.000061	 0.000000	 0.000062	0.496387	 0.478169	 0.008351	 0.000000	 0.005509
133	 0.003730	 0.003638	 0.000032	 0.000000	 0.000033	0.500117	 0.481807	 0.008383	 0.000000	 0.005542
134	 0.003583	 0.003397	 0.000081	 0.000000	 0.000067	0.503700	 0.485204	 0.008464	 0.000000	 0.005609
135	 0.005081	 0.004977	 0.000033	 0.000000	 0.000045	0.508781	 0.490181	 0.008497	 0.000000	 0.005654
136	 0.003688	 0.003503	 0.000082	 0.000000	 0.000075	0.512469	 0.493684	 0.008579	 0.000000	 0.005729
137	 0.004070	 0.003951	 0.000049	 0.000000	 0.000045	0.516539	 0.497635	 0.008628	 0.000000	 0.005774
138	 0.004639	 0.004459	 0.000064	 0.000000	 0.000077	0.521178	 0.502094	 0.008692	 0.000000	 0.005851
139	 0.003886	 0.003764	 0.000059	 0.000000	 0.000034	0.525064	 0.505858	 0.008751	 0.000000	 0.005885
140	 0.004125	 0.003951	 0.000079	 0.000000	 0.000066	0.529189	 0.509809	 0.008830	 0.000000	 0.005951
141	 0.003572	 0.003457	 0.000036	 0.000000	 0.000038	0.532761	 0.513266	 0.008866	 0.000000	 0.005989
142	 0.004053	 0.003926	 0.000061	 0.000000	 0.000035	0.536814	 0.517192	 0.008927	 0.000000	 0.006024
143	 0.003699	 0.003525	 0.000074	 0.000000	 0.000066	0.540513	 0.520717	 0.009001	 0.000000	 0.006090
144	 0.003596	 0.003473	 0.000048	 0.000000	 0.000034	0.544109	 0.524190	 0.009049	 0.000000	 0.006124
145	 0.004647	 0.004539	 0.000045	 0.000000	 0.000035	0.548756	 0.528729	 0.009094	 0.000000	 0.006159
146	 0.003768	 0.003610	 0.000060	 0.000000	 0.000065	0.552524	 0.532339	 0.009154	 0.000000	 0.006224
147	 0.003546	 0.003435	 0.000049	 0.000000	 0.000035	0.556070	 0.535774	 0.009203	 0.000000	 0.006259
148	 0.003831	 0.003655	 0.000074	 0.000000	 0.000069	0.559901	 0.539429	 0.009277	 0.000000	 0.006328
149	 0.004059	 0.003954	 0.000033	 0.000000	 0.000045	0.563960	 0.543383	 0.009310	 0.000000	 0.006373
150	 0.004232	 0.004067	 0.000058	 0.000000	 0.000074	0.568192	 0.547450	 0.009368	 0.000000	 0.006447
151	 0.004363	 0.004247	 0.000050	 0.000000	 0.000037	0.572555	 0.551697	 0.009418	 0.000000	 0.006484
152	 0.004193	 0.004011	 0.000083	 0.000000	 0.000068	0.576748	 0.555708	 0.009501	 0.000000	 0.006552
153	 0.004565	 0.004425	 0.000050	 0.000000	 0.000045	0.581313	 0.560133	 0.009551	 0.000000	 0.006597
154	 0.004000	 0.003873	 0.000052	 0.000000	 0.000045	0.585313	 0.564006	 0.009603	 0.000000	 0.006642
155	 0.003998	 0.003779	 0.000095	 0.000000	 0.000086	0.589311	 0.567785	 0.009698	 0.000000	 0.006728
156	 0.003314	 0.003207	 0.000037	 0.000000	 0.000045	0.592625	 0.570992	 0.009735	 0.000000	 0.006773
157	 0.003987	 0.003833	 0.000057	 0.000000	 0.000066	0.596612	 0.574825	 0.009792	 0.000000	 0.006839
158	 0.003561	 0.003465	 0.000033	 0.000000	 0.000037	0.600173	 0.578290	 0.009825	 0.000000	 0.006876
159	 0.003860	 0.003669	 0.000080	 0.000000	 0.000069	0.604033	 0.581959	 0.009905	 0.000000	 0.006945
160	 0.003118	 0.003010	 0.000048	 0.000000	 0.000033	0.607151	 0.584969	 0.009953	 0.000000	 0.006978
161	 0.004491	 0.004304	 0.000078	 0.000000	 0.000071	0.611642	 0.589273	 0.010031	 0.000000	 0.007049
162	 0.003714	 0.003599	 0.000049	 0.000000	 0.000037	0.615356	 0.592872	 0.010080	 0.000000	 0.007086
163	 0.003581	 0.003416	 0.000061	 0.000000	 0.000071	0.618937	 0.596288	 0.010141	 0.000000	 0.007157
164	 0.004450	 0.004318	 0.000059	 0.000000	 0.000039	0.623387	 0.600606	 0.010200	 0.000000	 0.007196
165	 0.004042	 0.003826	 0.000095	 0.000000	 0.000079	0.627429	 0.604432	 0.010295	 0.000000	 0.007275
166	 0.003599	 0.003502	 0.000034	 0.000000	 0.000036	0.631028	 0.607934	 0.010329	 0.000000	 0.007311
167	 0.004248	 0.004068	 0.000078	 0.000000	 0.000069	0.635276	 0.612002	 0.010407	 0.000000	 0.007380
168	 0.003578	 0.003453	 0.000050	 0.000000	 0.000047	0.638854	 0.615455	 0.010457	 0.000000	 0.007427
169	 0.004517	 0.004322	 0.000075	 0.000000	 0.000082	0.643371	 0.619777	 0.010532	 0.000000	 0.007509
170	 0.004777	 0.004616	 0.000075	 0.000000	 0.000045	0.648148	 0.624393	 0.010607	 0.000000	 0.007554
171	 0.003921	 0.003672	 0.000113	 0.000000	 0.000084	0.652069	 0.628065	 0.010720	 0.000000	 0.007638
172	 0.003823	 0.003660	 0.000075	 0.000000	 0.000043	0.655892	 0.631725	 0.010795	 0.000000	 0.007681
173	 0.003949	 0.003732	 0.000085	 0.000000	 0.000083	0.659841	 0.635457	 0.010880	 0.000000	 0.007764
174	 0.004885	 0.004714	 0.000077	 0.000000	 0.000047	0.664726	 0.640171	 0.010957	 0.000000	 0.007811
175	 0.004038	 0.003778	 0.000118	 0.000000	 0.000086	0.668764	 0.643949	 0.011075	 0.000000	 0.007897
176	 0.004570	 0.004372	 0.000066	 0.000000	 0.000055	0.673334	 0.648321	 0.011141	 0.000000	 0.007952
177	 0.004217	 0.003893	 0.000131	 0.000000	 0.000119	0.677551	 0.652214	 0.011272	 0.000000	 0.008071
178	 0.004104	 0.003951	 0.000055	 0.000000	 0.000050	0.681655	 0.656165	 0.011327	 0.000000	 0.008121
179	 0.004226	 0.003976	 0.000094	 0.000000	 0.000106	0.685881	 0.660141	 0.011421	 0.000000	 0.008227
180	 0.003964	 0.003832	 0.000039	 0.000000	 0.000040	0.689845	 0.663973	 0.011460	 0.000000	 0.008267
181	 0.004181	 0.003976	 0.000094	 0.000000	 0.000074	0.694026	 0.667949	 0.011554	 0.000000	 0.008341
182	 0.003951	 0.003830	 0.000050	 0.000000	 0.000040	0.697977	 0.671779	 0.011604	 0.000000	 0.008381
183	 0.004346	 0.004167	 0.000075	 0.000000	 0.000073	0.702323	 0.675946	 0.011679	 0.000000	 0.008454
184	 0.004212	 0.004096	 0.000048	 0.000000	 0.000038	0.706535	 0.680042	 0.011727	 0.000000	 0.008492
185	 0.003702	 0.003514	 0.000080	 0.000000	 0.000075	0.710237	 0.683556	 0.011807	 0.000000	 0.008567
186	 0.003955	 0.003837	 0.000037	 0.000000	 0.000038	0.714192	 0.687393	 0.011844	 0.000000	 0.008605
187	 0.003791	 0.003675	 0.000051	 0.000000	 0.000039	0.717983	 0.691068	 0.011895	 0.000000	 0.008644
188	 0.003306	 0.003122	 0.000076	 0.000000	 0.000076	0.721289	 0.694190	 0.011971	 0.000000	 0.008720
189	 0.004213	 0.004104	 0.000033	 0.000000	 0.000049	0.725502	 0.698294	 0.012004	 0.000000	 0.008769
190	 0.003814	 0.003613	 0.000080	 0.000000	 0.000088	0.729316	 0.701907	 0.012084	 0.000000	 0.008857
191	 0.004106	 0.003991	 0.000047	 0.000000	 0.000039	0.733422	 0.705898	 0.012131	 0.000000	 0.008896
192	 0.003962	 0.003781	 0.000067	 0.000000	 0.000079	0.737384	 0.709679	 0.012198	 0.000000	 0.008975
193	 0.003876	 0.003777	 0.000033	 0.000000	 0.000037	0.741260	 0.713456	 0.012231	 0.000000	 0.009012
194	 0.004001	 0.003777	 0.000101	 0.000000	 0.000082	0.745261	 0.717233	 0.012332	 0.000000	 0.009094
195	 0.004095	 0.003978	 0.000049	 0.000000	 0.000040	0.749356	 0.721211	 0.012381	 0.000000	 0.009134
196	 0.003737	 0.003557	 0.000073	 0.000000	 0.000073	0.753093	 0.724768	 0.012454	 0.000000	 0.009207
197	 0.004108	 0.003990	 0.000047	 0.000000	 0.000040	0.757201	 0.728758	 0.012501	 0.000000	 0.009247
198	 0.004119	 0.003953	 0.000060	 0.000000	 0.000074	0.761320	 0.732711	 0.012561	 0.000000	 0.009321
199	 0.004289	 0.004190	 0.000033	 0.000000	 0.000040	0.765609	 0.736901	 0.012594	 0.000000	 0.009361
200	 0.004189	 0.004018	 0.000059	 0.000000	 0.000078	0.769798	 0.740919	 0.012653	 0.000000	 0.009439
201	 0.003994	 0.003875	 0.000050	 0.000000	 0.000042	0.773792	 0.744794	 0.012703	 0.000000	 0.009481
202	 0.003786	 0.003561	 0.000077	 0.000000	 0.000077	0.777578	 0.748355	 0.012780	 0.000000	 0.009558
203	 0.004210	 0.004105	 0.000035	 0.000000	 0.000041	0.781788	 0.752460	 0.012815	 0.000000	 0.009599
204	 0.004311	 0.004101	 0.000092	 0.000000	 0.000082	0.786099	 0.756561	 0.012907	 0.000000	 0.009681
205	 0.003853	 0.003754	 0.000032	 0.000000	 0.000039	0.789952	 0.760315	 0.012939	 0.000000	 0.009720
206	 0.003560	 0.003351	 0.000079	 0.000000	 0.000083	0.793512	 0.763666	 0.013018	 0.000000	 0.009803
207	 0.003665	 0.003493	 0.000082	 0.000000	 0.000050	0.797177	 0.767159	 0.013100	 0.000000	 0.009853
208	 0.003614	 0.003436	 0.000063	 0.000000	 0.000082	0.800791	 0.770595	 0.013163	 0.000000	 0.009935
209	 0.004014	 0.003909	 0.000033	 0.000000	 0.000040	0.804805	 0.774504	 0.013196	 0.000000	 0.009975
210	 0.003751	 0.003561	 0.000081	 0.000000	 0.000077	0.808556	 0.778065	 0.013277	 0.000000	 0.010052
211	 0.003905	 0.003787	 0.000048	 0.000000	 0.000040	0.812461	 0.781852	 0.013325	 0.000000	 0.010092
212	 0.003838	 0.003650	 0.000074	 0.000000	 0.000079	0.816299	 0.785502	 0.013399	 0.000000	 0.010171
213	 0.003555	 0.003430	 0.000055	 0.000000	 0.000040	0.819854	 0.788932	 0.013454	 0.000000	 0.010211
214	 0.004503	 0.004307	 0.000073	 0.000000	 0.000081	0.824357	 0.793239	 0.013527	 0.000000	 0.010292
215	 0.005019	 0.004817	 0.000109	 0.000000	 0.000060	0.829376	 0.798056	 0.013636	 0.000000	 0.010352
216	 0.004047	 0.003793	 0.000101	 0.000000	 0.000110	0.833423	 0.801849	 0.013737	 0.000000	 0.010462
217	 0.003972	 0.003841	 0.000049	 0.000000	 0.000049	0.837395	 0.805690	 0.013786	 0.000000	 0.010511
218	 0.003548	 0.003318	 0.000107	 0.000000	 0.000087	0.840943	 0.809008	 0.013893	 0.000000	 0.010598
219	 0.003709	 0.003590	 0.000044	 0.000000	 0.000042	0.844652	 0.812598	 0.013937	 0.000000	 0.010640
220	 0.004421	 0.004189	 0.000093	 0.000000	 0.000095	0.849073	 0.816787	 0.014030	 0.000000	 0.010735
221	 0.004085	 0.003980	 0.000034	 0.000000	 0.000042	0.853158	 0.820767	 0.014064	 0.000000	 0.010777
222	 0.003791	 0.003580	 0.000095	 0.000000	 0.000082	0.856949	 0.824347	 0.014159	 0.000000	 0.010859
223	 0.003767	 0.003640	 0.000053	 0.000000	 0.000045	0.860716	 0.827987	 0.014212	 0.000000	 0.010904
224	 0.004227	 0.004051	 0.000061	 0.000000	 0.000082	0.864943	 0.832038	 0.014273	 0.000000	 0.010986
225	 0.004517	 0.004416	 0.000032	 0.000000	 0.000040	0.869460	 0.836454	 0.014305	 0.000000	 0.011026
226	 0.004072	 0.003879	 0.000077	 0.000000	 0.000080	0.873532	 0.840333	 0.014382	 0.000000	 0.011106
227	 0.004043	 0.003904	 0.000059	 0.000000	 0.000047	0.877575	 0.844237	 0.014441	 0.000000	 0.011153
228	 0.003904	 0.003729	 0.000064	 0.000000	 0.000081	0.881479	 0.847966	 0.014505	 0.000000	 0.011234
229	 0.003769	 0.003646	 0.000042	 0.000000	 0.000047	0.885248	 0.851612	 0.014547	 0.000000	 0.011281
230	 0.004637	 0.004460	 0.000058	 0.000000	 0.000086	0.889885	 0.856072	 0.014605	 0.000000	 0.011367
231	 0.003676	 0.003534	 0.000058	 0.000000	 0.000040	0.893561	 0.859606	 0.014663	 0.000000	 0.011407
232	 0.004147	 0.004043	 0.000035	 0.000000	 0.000042	0.897708	 0.863649	 0.014698	 0.000000	 0.011449
233	 0.004414	 0.004224	 0.000077	 0.000000	 0.000082	0.902122	 0.867873	 0.014775	 0.000000	 0.011531
234	 0.004067	 0.003952	 0.000035	 0.000000	 0.000051	0.906189	 0.871825	 0.014810	 0.000000	 0.011582
235	 0.004028	 0.003843	 0.000059	 0.000000	 0.000092	0.910217	 0.875668	 0.014869	 0.000000	 0.011674
236	 0.003905	 0.003799	 0.000032	 0.000000	 0.000042	0.914122	 0.879467	 0.014901	 0.000000	 0.011716
237	 0.004625	 0.004448	 0.000060	 0.000000	 0.000086	0.918747	 0.883915	 0.014961	 0.000000	 0.011802
238	 0.004859	 0.004734	 0.000050	 0.000000	 0.000042	0.923606	 0.888649	 0.015011	 0.000000	 0.011844
239	 0.005192	 0.004982	 0.000090	 0.000000	 0.000088	0.928798	 0.893631	 0.015101	 0.000000	 0.011932
240	 0.004524	 0.004392	 0.000055	 0.000000	 0.000045	0.933322	 0.898023	 0.015156	 0.000000	 0.011977
241	 0.004569	 0.004369	 0.000081	 0.000000	 0.000083	0.937891	 0.902392	 0.015237	 0.000000	 0.012060
242	 0.004077	 0.003932	 0.000062	 0.000000	 0.000049	0.941968	 0.906324	 0.015299	 0.000000	 0.012109
243	 0.004582	 0.004408	 0.000063	 0.000000	 0.000081	0.946550	 0.910732	 0.015362	 0.000000	 0.012190
244	 0.004026	 0.003911	 0.000047	 0.000000	 0.000041	0.950576	 0.914643	 0.015409	 0.000000	 0.012231
245	 0.004594	 0.004383	 0.000075	 0.000000	 0.000086	0.955170	 0.919026	 0.015484	 0.000000	 0.012317
246	 0.005257	 0.005142	 0.000034	 0.000000	 0.000053	0.960427	 0.924168	 0.015518	 0.000000	 0.012370
247	 0.004437	 0.004253	 0.000060	 0.000000	 0.000094	0.964864	 0.928421	 0.015578	 0.000000	 0.012464
248	 0.004020	 0.003922	 0.000033	 0.000000	 0.000040	0.968884	 0.932343	 0.015611	 0.000000	 0.012504
249	 0.004074	 0.003865	 0.000085	 0.000000	 0.000090	0.972958	 0.936208	 0.015696	 0.000000	 0.012594
250	 0.004103	 0.003981	 0.000050	 0.000000	 0.000041	0.977061	 0.940189	 0.015746	 0.000000	 0.012635
251	 0.003794	 0.003600	 0.000074	 0.000000	 0.000086	0.980855	 0.943789	 0.015820	 0.000000	 0.012721
252	 0.003814	 0.003694	 0.000048	 0.000000	 0.000043	0.984669	 0.947483	 0.015868	 0.000000	 0.012764
253	 0.004165	 0.003967	 0.000082	 0.000000	 0.000088	0.988834	 0.951450	 0.015950	 0.000000	 0.012852
254	 0.004183	 0.004066	 0.000047	 0.000000	 0.000042	0.993017	 0.955516	 0.015997	 0.000000	 0.012894
255	 0.004213	 0.004013	 0.000076	 0.000000	 0.000087	0.997230	 0.959529	 0.016073	 0.000000	 0.012981
256	 0.004036	 0.003916	 0.000047	 0.000000	 0.000044	1.001266	 0.963445	 0.016120	 0.000000	 0.013025
257	 0.003792	 0.003591	 0.000079	 0.000000	 0.000088	1.005058	 0.967036	 0.016199	 0.000000	 0.013113
258	 0.003458	 0.003333	 0.000048	 0.000000	 0.000049	1.008516	 0.970369	 0.016247	 0.000000	 0.013162
259	 0.004337	 0.004145	 0.000061	 0.000000	 0.000097	1.012853	 0.974514	 0.016308	 0.000000	 0.013259
260	 0.003983	 0.003869	 0.000032	 0.000000	 0.000048	1.016836	 0.978383	 0.016340	 0.000000	 0.013307
261	 0.004576	 0.004358	 0.000069	 0.000000	 0.000100	1.021412	 0.982741	 0.016409	 0.000000	 0.013407
262	 0.004302	 0.004196	 0.000034	 0.000000	 0.000045	1.025714	 0.986937	 0.016443	 0.000000	 0.013452
263	 0.004475	 0.004283	 0.000060	 0.000000	 0.000097	1.030189	 0.991220	 0.016503	 0.000000	 0.013549
264	 0.004030	 0.003891	 0.000040	 0.000000	 0.000053	1.034219	 0.995111	 0.016543	 0.000000	 0.013602
265	 0.003996	 0.003885	 0.000036	 0.000000	 0.000048	1.038215	 0.998996	 0.016579	 0.000000	 0.013650
266	 0.004615	 0.004422	 0.000059	 0.000000	 0.000100	1.042830	 1.003418	 0.016638	 0.000000	 0.013750
267	 0.003747	 0.003631	 0.000038	 0.000000	 0.000047	1.046577	 1.007049	 0.016676	 0.000000	 0.013797
268	 0.004305	 0.003716	 0.000097	 0.000347	 0.000103	1.050882	 1.010765	 0.016773	 0.000347	 0.013900
269	 0.004363	 0.003992	 0.000033	 0.000254	 0.000046	1.055245	 1.014757	 0.016806	 0.000601	 0.013946
270	 0.005656	 0.004768	 0.000081	 0.000675	 0.000093	1.060901	 1.019525	 0.016887	 0.001276	 0.014039
271	 0.004296	 0.003896	 0.000038	 0.000269	 0.000056	1.065197	 1.023421	 0.016925	 0.001545	 0.014095
272	 0.005419	 0.004571	 0.000078	 0.000519	 0.000193	1.070616	 1.027992	 0.017003	 0.002064	 0.014288
273	 0.004894	 0.003900	 0.000039	 0.000866	 0.000049	1.075510	 1.031892	 0.017042	 0.002930	 0.014337
274	 0.004678	 0.003982	 0.000063	 0.000449	 0.000141	1.080188	 1.035874	 0.017105	 0.003379	 0.014478
275	 0.004365	 0.003943	 0.000068	 0.000269	 0.000051	1.084553	 1.039817	 0.017173	 0.003648	 0.014529
276	 0.004974	 0.004344	 0.000089	 0.000406	 0.000099	1.089527	 1.044161	 0.017262	 0.004054	 0.014628
277	 0.004579	 0.003920	 0.000046	 0.000528	 0.000043	1.094106	 1.048081	 0.017308	 0.004582	 0.014671
278	 0.004726	 0.004045	 0.000085	 0.000452	 0.000105	1.098832	 1.052126	 0.017393	 0.005034	 0.014776
279	 0.005065	 0.004452	 0.000054	 0.000457	 0.000064	1.103897	 1.056578	 0.017447	 0.005491	 0.014840
280	 0.004985	 0.004288	 0.000087	 0.000458	 0.000103	1.108882	 1.060866	 0.017534	 0.005949	 0.014943
281	 0.004598	 0.004138	 0.000066	 0.000283	 0.000068	1.113480	 1.065004	 0.017600	 0.006232	 0.015011
282	 0.004655	 0.004037	 0.000090	 0.000368	 0.000114	1.118135	 1.069041	 0.017690	 0.006600	 0.015125
283	 0.004698	 0.004074	 0.000058	 0.000464	 0.000059	1.122833	 1.073115	 0.017748	 0.007064	 0.015184
284	 0.004802	 0.004278	 0.000085	 0.000288	 0.000106	1.127635	 1.077393	 0.017833	 0.007352	 0.015290
285	 0.004495	 0.004065	 0.000050	 0.000279	 0.000065	1.132130	 1.081458	 0.017883	 0.007631	 0.015355
286	 0.004579	 0.003972	 0.000064	 0.000385	 0.000118	1.136709	 1.085430	 0.017947	 0.008016	 0.015473
287	 0.004419	 0.004006	 0.000034	 0.000286	 0.000059	1.141128	 1.089436	 0.017981	 0.008302	 0.015532
288	 0.005264	 0.004208	 0.000076	 0.000853	 0.000091	1.146392	 1.093644	 0.018057	 0.009155	 0.015623
289	 0.005520	 0.004427	 0.000050	 0.000950	 0.000056	1.151912	 1.098071	 0.018107	 0.010105	 0.015679
290	 0.005527	 0.004887	 0.000092	 0.000394	 0.000112	1.157439	 1.102958	 0.018199	 0.010499	 0.015791
291	 0.004688	 0.004037	 0.000066	 0.000495	 0.000057	1.162127	 1.106995	 0.018265	 0.010994	 0.015848
292	 0.005802	 0.004542	 0.000074	 0.001050	 0.000101	1.167929	 1.111537	 0.018339	 0.012044	 0.015949
293	 0.005132	 0.004327	 0.000034	 0.000678	 0.000058	1.173061	 1.115864	 0.018373	 0.012722	 0.016007
294	 0.004789	 0.004064	 0.000091	 0.000493	 0.000105	1.177850	 1.119928	 0.018464	 0.013215	 0.016112
295	 0.005363	 0.004338	 0.000049	 0.000881	 0.000057	1.183213	 1.124266	 0.018513	 0.014096	 0.016169
296	 0.005067	 0.004088	 0.000059	 0.000781	 0.000103	1.188280	 1.128354	 0.018572	 0.014877	 0.016272
297	 0.005327	 0.004300	 0.000051	 0.000886	 0.000056	1.193607	 1.132654	 0.018623	 0.015763	 0.016328
298	 0.005572	 0.004464	 0.000075	 0.000891	 0.000107	1.199179	 1.137118	 0.018698	 0.016654	 0.016435
299	 0.005797	 0.004540	 0.000040	 0.001101	 0.000061	1.204976	 1.141658	 0.018738	 0.017755	 0.016496
300	 0.005327	 0.004306	 0.000039	 0.000884	 0.000059	1.210303	 1.145964	 0.018777	 0.018639	 0.016555
301	 0.005118	 0.003979	 0.000103	 0.000888	 0.000115	1.215421	 1.149943	 0.018880	 0.019527	 0.016670
302	 0.005300	 0.004226	 0.000052	 0.000888	 0.000057	1.220721	 1.154169	 0.018932	 0.020415	 0.016727
303	 0.005031	 0.004200	 0.000062	 0.000624	 0.000096	1.225752	 1.158369	 0.018994	 0.021039	 0.016823
304	 0.004646	 0.004063	 0.000056	 0.000418	 0.000071	1.230398	 1.162432	 0.019050	 0.021457	 0.016894
305	 0.006442	 0.004607	 0.000087	 0.001585	 0.000120	1.236840	 1.167039	 0.019137	 0.023042	 0.017014
306	 0.005404	 0.004352	 0.000051	 0.000905	 0.000058	1.242244	 1.171391	 0.019188	 0.023947	 0.017072
307	 0.005673	 0.005065	 0.000080	 0.000345	 0.000118	1.247917	 1.176456	 0.019268	 0.024292	 0.017190
308	 0.004679	 0.003921	 0.000066	 0.000584	 0.000053	1.252596	 1.180377	 0.019334	 0.024876	 0.017243
309	 0.004544	 0.003850	 0.000054	 0.000548	 0.000051	1.257140	 1.184227	 0.019388	 0.025424	 0.017294
310	 0.005782	 0.004554	 0.000079	 0.001011	 0.000098	1.262922	 1.188781	 0.019467	 0.026435	 0.017392
311	 0.004699	 0.004013	 0.000049	 0.000554	 0.000048	1.267621	 1.192794	 0.019516	 0.026989	 0.017440
312	 0.004670	 0.004147	 0.000066	 0.000319	 0.000104	1.272291	 1.196941	 0.019582	 0.027308	 0.017544
313	 0.005173	 0.004538	 0.000058	 0.000440	 0.000101	1.277464	 1.201479	 0.019640	 0.027748	 0.017645
314	 0.005445	 0.004756	 0.000065	 0.000443	 0.000121	1.282909	 1.206235	 0.019705	 0.028191	 0.017766
315	 0.005265	 0.004522	 0.000034	 0.000616	 0.000047	1.288174	 1.210757	 0.019739	 0.028807	 0.017813
316	 0.004909	 0.004189	 0.000061	 0.000569	 0.000050	1.293083	 1.214946	 0.019800	 0.029376	 0.017863
317	 0.005289	 0.004610	 0.000084	 0.000443	 0.000109	1.298372	 1.219556	 0.019884	 0.029819	 0.017972
318	 0.005365	 0.004249	 0.000092	 0.000888	 0.000080	1.303737	 1.223805	 0.019976	 0.030707	 0.018052
319	 0.005055	 0.004061	 0.000075	 0.000783	 0.000099	1.308792	 1.227866	 0.020051	 0.031490	 0.018151
320	 0.004301	 0.003683	 0.000067	 0.000470	 0.000050	1.313093	 1.231549	 0.020118	 0.031960	 0.018201
321	 0.004763	 0.004107	 0.000062	 0.000448	 0.000108	1.317856	 1.235656	 0.020180	 0.032408	 0.018309
322	 0.004626	 0.003808	 0.000050	 0.000680	 0.000051	1.322482	 1.239464	 0.020230	 0.033088	 0.018360
323	 0.004334	 0.003741	 0.000085	 0.000352	 0.000114	1.326816	 1.243205	 0.020315	 0.033440	 0.018474
324	 0.004789	 0.003976	 0.000034	 0.000693	 0.000049	1.331605	 1.247181	 0.020349	 0.034133	 0.018523
325	 0.004364	 0.003692	 0.000062	 0.000459	 0.000111	1.335969	 1.250873	 0.020411	 0.034592	 0.018634
326	 0.004369	 0.003866	 0.000055	 0.000356	 0.000053	1.340338	 1.254739	 0.020466	 0.034948	 0.018687
327	 0.004598	 0.003897	 0.000075	 0.000477	 0.000109	1.344936	 1.258636	 0.020541	 0.035425	 0.018796
328	 0.004789	 0.003769	 0.000050	 0.000890	 0.000047	1.349725	 1.262405	 0.020591	 0.036315	 0.018843
329	 0.004861	 0.003849	 0.000076	 0.000803	 0.000097	1.354586	 1.266254	 0.020667	 0.037118	 0.018940
330	 0.004310	 0.003603	 0.000049	 0.000579	 0.000048	1.358896	 1.269857	 0.020716	 0.037697	 0.018988
331	 0.004759	 0.003733	 0.000079	 0.000807	 0.000101	1.363655	 1.273590	 0.020795	 0.038504	 0.019089
332	 0.005365	 0.004251	 0.000045	 0.000986	 0.000049	1.369020	 1.277841	 0.020840	 0.039490	 0.019138
333	 0.005867	 0.004960	 0.000064	 0.000703	 0.000102	1.374887	 1.282801	 0.020904	 0.040193	 0.019240
334	 0.004775	 0.004044	 0.000033	 0.000599	 0.000061	1.379662	 1.286845	 0.020937	 0.040792	 0.019301
335	 0.005896	 0.004732	 0.000094	 0.000917	 0.000111	1.385558	 1.291577	 0.021031	 0.041709	 0.019412
336	 0.005089	 0.004218	 0.000062	 0.000708	 0.000054	1.390647	 1.295795	 0.021093	 0.042417	 0.019466
337	 0.006190	 0.004419	 0.000059	 0.001573	 0.000100	1.396837	 1.300214	 0.021152	 0.043990	 0.019566
338	 0.004858	 0.004132	 0.000033	 0.000602	 0.000060	1.401695	 1.304346	 0.021185	 0.044592	 0.019626
339	 0.005362	 0.004207	 0.000077	 0.000935	 0.000107	1.407057	 1.308553	 0.021262	 0.045527	 0.019733
340	 0.006292	 0.004883	 0.000046	 0.001273	 0.000059	1.413349	 1.313436	 0.021308	 0.046800	 0.019792
341	 0.005185	 0.004235	 0.000073	 0.000731	 0.000111	1.418534	 1.317671	 0.021381	 0.047531	 0.019903
342	 0.005146	 0.004151	 0.000038	 0.000847	 0.000072	1.423680	 1.321822	 0.021419	 0.048378	 0.019975
343	 0.005499	 0.004620	 0.000091	 0.000627	 0.000118	1.429179	 1.326442	 0.021510	 0.049005	 0.020093
344	 0.005769	 0.004288	 0.000037	 0.001337	 0.000066	1.434948	 1.330730	 0.021547	 0.050342	 0.020159
345	 0.005302	 0.004094	 0.000066	 0.000980	 0.000113	1.440250	 1.334824	 0.021613	 0.051322	 0.020272
346	 0.005898	 0.004532	 0.000063	 0.001209	 0.000061	1.446148	 1.339356	 0.021676	 0.052531	 0.020333
347	 0.005058	 0.004311	 0.000090	 0.000506	 0.000111	1.451206	 1.343667	 0.021766	 0.053037	 0.020444
348	 0.005353	 0.004370	 0.000032	 0.000865	 0.000056	1.456559	 1.348037	 0.021798	 0.053902	 0.020500
349	 0.006250	 0.005036	 0.000078	 0.000988	 0.000112	1.462809	 1.353073	 0.021876	 0.054890	 0.020612
350	 0.005579	 0.004716	 0.000031	 0.000744	 0.000056	1.468388	 1.357789	 0.021907	 0.055634	 0.020668
351	 0.005953	 0.004366	 0.000076	 0.001329	 0.000128	1.474341	 1.362155	 0.021983	 0.056963	 0.020796
352	 0.005394	 0.004164	 0.000033	 0.001105	 0.000058	1.479735	 1.366319	 0.022016	 0.058068	 0.020854
353	 0.006272	 0.004374	 0.000057	 0.001695	 0.000110	1.486007	 1.370693	 0.022073	 0.059763	 0.020964
354	 0.006788	 0.004206	 0.000065	 0.002424	 0.000061	1.492795	 1.374899	 0.022138	 0.062187	 0.021025
355	 0.006349	 0.004299	 0.000061	 0.001846	 0.000108	1.499144	 1.379198	 0.022199	 0.064033	 0.021133
356	 0.007353	 0.004639	 0.000048	 0.002575	 0.000058	1.506497	 1.383837	 0.022247	 0.066608	 0.021191
357	 0.006586	 0.004600	 0.000064	 0.001769	 0.000115	1.513083	 1.388437	 0.022311	 0.068377	 0.021306
358	 0.006425	 0.004452	 0.000033	 0.001848	 0.000059	1.519508	 1.392889	 0.022344	 0.070225	 0.021365
359	 0.006748	 0.004161	 0.000082	 0.002339	 0.000112	1.526256	 1.397050	 0.022426	 0.072564	 0.021477
360	 0.006909	 0.003939	 0.000031	 0.002842	 0.000049	1.533165	 1.400989	 0.022457	 0.075406	 0.021526
361	 0.005677	 0.004965	 0.000046	 0.000565	 0.000051	1.538842	 1.405954	 0.022503	 0.075971	 0.021577
362	 0.004627	 0.004065	 0.000044	 0.000416	 0.000054	1.543469	 1.410019	 0.022547	 0.076387	 0.021631
363	 0.004666	 0.003971	 0.000080	 0.000458	 0.000115	1.548135	 1.413990	 0.022627	 0.076845	 0.021746
364	 0.004910	 0.004369	 0.000036	 0.000407	 0.000056	1.553045	 1.418359	 0.022663	 0.077252	 0.021802
365	 0.005314	 0.004626	 0.000069	 0.000466	 0.000114	1.558359	 1.422985	 0.022732	 0.077718	 0.021916
366	 0.004237	 0.003635	 0.000034	 0.000456	 0.000061	1.562596	 1.426620	 0.022766	 0.078174	 0.021977
367	 0.005202	 0.004359	 0.000044	 0.000683	 0.000067	1.567798	 1.430979	 0.022810	 0.078857	 0.022044
368	 0.004537	 0.003903	 0.000071	 0.000413	 0.000108	1.572335	 1.434882	 0.022881	 0.079270	 0.022152
369	 0.004873	 0.004195	 0.000034	 0.000559	 0.000050	1.577208	 1.439077	 0.022915	 0.079829	 0.022202
370	 0.005129	 0.004303	 0.000064	 0.000622	 0.000104	1.582337	 1.443380	 0.022979	 0.080451	 0.022306
371	 0.004894	 0.004058	 0.000065	 0.000681	 0.000053	1.587231	 1.447438	 0.023044	 0.081132	 0.022359
372	 0.005073	 0.004331	 0.000083	 0.000462	 0.000138	1.592304	 1.451769	 0.023127	 0.081594	 0.022497
373	 0.005015	 0.004126	 0.000036	 0.000763	 0.000053	1.597319	 1.455895	 0.023163	 0.082357	 0.022550
374	 0.006305	 0.005276	 0.000079	 0.000751	 0.000122	1.603624	 1.461171	 0.023242	 0.083108	 0.022672
375	 0.005455	 0.004849	 0.000036	 0.000475	 0.000056	1.609079	 1.466020	 0.023278	 0.083583	 0.022728
376	 0.004342	 0.003681	 0.000065	 0.000448	 0.000114	1.613421	 1.469701	 0.023343	 0.084031	 0.022842
377	 0.004334	 0.003772	 0.000035	 0.000432	 0.000053	1.617755	 1.473473	 0.023378	 0.084463	 0.022895
378	 0.005132	 0.004329	 0.000089	 0.000575	 0.000103	1.622887	 1.477802	 0.023467	 0.085038	 0.022998
379	 0.004798	 0.004166	 0.000063	 0.000477	 0.000054	1.627685	 1.481968	 0.023530	 0.085515	 0.023052
380	 0.004498	 0.003798	 0.000061	 0.000487	 0.000113	1.632183	 1.485766	 0.023591	 0.086002	 0.023165
381	 0.004349	 0.003720	 0.000036	 0.000486	 0.000062	1.636532	 1.489486	 0.023627	 0.086488	 0.023227
382	 0.004421	 0.003702	 0.000071	 0.000489	 0.000117	1.640953	 1.493188	 0.023698	 0.086977	 0.023344
383	 0.004794	 0.004179	 0.000056	 0.000445	 0.000074	1.645747	 1.497367	 0.023754	 0.087422	 0.023418
384	 0.005184	 0.004443	 0.000084	 0.000493	 0.000123	1.650931	 1.501810	 0.023838	 0.087915	 0.023541
385	 0.004705	 0.004085	 0.000043	 0.000494	 0.000052	1.655636	 1.505895	 0.023881	 0.088409	 0.023593
386	 0.004805	 0.004097	 0.000070	 0.000494	 0.000104	1.660441	 1.509992	 0.023951	 0.088903	 0.023697
387	 0.004698	 0.004133	 0.000032	 0.000435	 0.000053	1.665139	 1.514125	 0.023983	 0.089338	 0.023750
388	 0.004670	 0.003972	 0.000057	 0.000485	 0.000116	1.669809	 1.518097	 0.024040	 0.089823	 0.023866
389	 0.005023	 0.004387	 0.000064	 0.000485	 0.000052	1.674832	 1.522484	 0.024104	 0.090308	 0.023918
390	 0.005342	 0.004618	 0.000074	 0.000509	 0.000106	1.680174	 1.527102	 0.024178	 0.090817	 0.024024
391	 0.005334	 0.004680	 0.000062	 0.000502	 0.000054	1.685508	 1.531782	 0.024240	 0.091319	 0.024078
392	 0.005397	 0.004707	 0.000064	 0.000452	 0.000114	1.690905	 1.536489	 0.024304	 0.091771	 0.024192
393	 0.004939	 0.004323	 0.000039	 0.000461	 0.000076	1.695844	 1.540812	 0.024343	 0.092232	 0.024268
394	 0.004714	 0.003961	 0.000066	 0.000513	 0.000128	1.700558	 1.544773	 0.024409	 0.092745	 0.024396
395	 0.004235	 0.003552	 0.000074	 0.000510	 0.000056	1.704793	 1.548325	 0.024483	 0.093255	 0.024452
396	 0.005076	 0.004336	 0.000086	 0.000511	 0.000106	1.709869	 1.552661	 0.024569	 0.093766	 0.024558
397	 0.004756	 0.003779	 0.000050	 0.000836	 0.000053	1.714625	 1.556440	 0.024619	 0.094602	 0.024611
398	 0.004875	 0.004126	 0.000088	 0.000516	 0.000107	1.719500	 1.560566	 0.024707	 0.095118	 0.024718
399	 0.004655	 0.004059	 0.000044	 0.000465	 0.000052	1.724155	 1.564625	 0.024751	 0.095583	 0.024770
400	 0.005040	 0.004296	 0.000090	 0.000511	 0.000105	1.729195	 1.568921	 0.024841	 0.096094	 0.024875
401	 0.004730	 0.004082	 0.000049	 0.000513	 0.000054	1.733925	 1.573003	 0.024890	 0.096607	 0.024929
402	 0.004602	 0.003804	 0.000096	 0.000519	 0.000108	1.738527	 1.576807	 0.024986	 0.097126	 0.025037
403	 0.005758	 0.004949	 0.000064	 0.000632	 0.000069	1.744285	 1.581756	 0.025050	 0.097758	 0.025106
404	 0.005025	 0.004295	 0.000073	 0.000510	 0.000113	1.749310	 1.586051	 0.025123	 0.098268	 0.025219
405	 0.004708	 0.004095	 0.000034	 0.000471	 0.000062	1.754018	 1.590146	 0.025157	 0.098739	 0.025281
406	 0.004461	 0.003850	 0.000032	 0.000487	 0.000059	1.758479	 1.593996	 0.025189	 0.099226	 0.025340
407	 0.005401	 0.004426	 0.000089	 0.000723	 0.000121	1.763880	 1.598422	 0.025278	 0.099949	 0.025461
408	 0.004953	 0.004293	 0.000034	 0.000531	 0.000054	1.768833	 1.602715	 0.025312	 0.100480	 0.025515
409	 0.004433	 0.003671	 0.000080	 0.000533	 0.000112	1.773266	 1.606386	 0.025392	 0.101013	 0.025627
410	 0.004677	 0.004007	 0.000045	 0.000526	 0.000054	1.777943	 1.610393	 0.025437	 0.101539	 0.025681
411	 0.004635	 0.003874	 0.000064	 0.000546	 0.000111	1.782578	 1.614267	 0.025501	 0.102085	 0.025792
412	 0.004661	 0.004039	 0.000033	 0.000486	 0.000063	1.787239	 1.618306	 0.025534	 0.102571	 0.025855
413	 0.004894	 0.004110	 0.000063	 0.000547	 0.000113	1.792133	 1.622416	 0.025597	 0.103118	 0.025968
414	 0.005639	 0.004945	 0.000036	 0.000556	 0.000065	1.797772	 1.627361	 0.025633	 0.103674	 0.026033
415	 0.005176	 0.004377	 0.000099	 0.000536	 0.000120	1.802948	 1.631738	 0.025732	 0.104210	 0.026153
416	 0.004941	 0.004298	 0.000058	 0.000486	 0.000063	1.807889	 1.636036	 0.025790	 0.104696	 0.026216
417	 0.005569	 0.004753	 0.000089	 0.000555	 0.000129	1.813458	 1.640789	 0.025879	 0.105251	 0.026345
418	 0.004728	 0.003862	 0.000078	 0.000598	 0.000092	1.818186	 1.644651	 0.025957	 0.105849	 0.026437
419	 0.004522	 0.003809	 0.000085	 0.000509	 0.000065	1.822708	 1.648460	 0.026042	 0.106358	 0.026502
420	 0.004964	 0.003892	 0.000130	 0.000740	 0.000133	1.827672	 1.652352	 0.026172	 0.107098	 0.026635
421	 0.005612	 0.004829	 0.000074	 0.000575	 0.000078	1.833284	 1.657181	 0.026246	 0.107673	 0.026713
422	 0.005919	 0.004772	 0.000158	 0.000637	 0.000227	1.839203	 1.661953	 0.026404	 0.108310	 0.026940
423	 0.005368	 0.004390	 0.000115	 0.000687	 0.000100	1.844571	 1.666343	 0.026519	 0.108997	 0.027040
424	 0.006085	 0.004853	 0.000139	 0.000810	 0.000197	1.850656	 1.671196	 0.026658	 0.109807	 0.027237
425	 0.006080	 0.004750	 0.000115	 0.001024	 0.000105	1.856736	 1.675946	 0.026773	 0.110831	 0.027342
426	 0.005960	 0.004613	 0.000138	 0.000904	 0.000203	1.862696	 1.680559	 0.026911	 0.111735	 0.027545
427	 0.005438	 0.004138	 0.000087	 0.001007	 0.000107	1.868134	 1.684697	 0.026998	 0.112742	 0.027652
428	 0.005969	 0.004377	 0.000174	 0.001116	 0.000205	1.874103	 1.689074	 0.027172	 0.113858	 0.027857
429	 0.005616	 0.004761	 0.000101	 0.000593	 0.000102	1.879719	 1.693835	 0.027273	 0.114451	 0.027959
430	 0.006327	 0.005016	 0.000086	 0.001029	 0.000130	1.886046	 1.698851	 0.027359	 0.115480	 0.028089
431	 0.006875	 0.005105	 0.000083	 0.001569	 0.000065	1.892921	 1.703956	 0.027442	 0.117049	 0.028154
432	 0.005048	 0.004149	 0.000106	 0.000608	 0.000132	1.897969	 1.708105	 0.027548	 0.117657	 0.028286
433	 0.005855	 0.004702	 0.000050	 0.000991	 0.000064	1.903824	 1.712807	 0.027598	 0.118648	 0.028350
434	 0.004290	 0.003539	 0.000057	 0.000531	 0.000111	1.908114	 1.716346	 0.027655	 0.119179	 0.028461
435	 0.005380	 0.004228	 0.000041	 0.001012	 0.000057	1.913494	 1.720574	 0.027696	 0.120191	 0.028518
436	 0.005601	 0.004302	 0.000104	 0.001031	 0.000115	1.919095	 1.724876	 0.027800	 0.121222	 0.028633
437	 0.005149	 0.003885	 0.000034	 0.001137	 0.000056	1.924244	 1.728761	 0.027834	 0.122359	 0.028689
438	 0.005728	 0.004954	 0.000074	 0.000537	 0.000114	1.929972	 1.733715	 0.027908	 0.122896	 0.028803
439	 0.005368	 0.004653	 0.000054	 0.000567	 0.000059	1.935340	 1.738368	 0.027962	 0.123463	 0.028862
440	 0.005220	 0.004303	 0.000072	 0.000697	 0.000110	1.940560	 1.742671	 0.028034	 0.124160	 0.028972
441	 0.004975	 0.004137	 0.000032	 0.000716	 0.000055	1.945535	 1.746808	 0.028066	 0.124876	 0.029027
442	 0.004679	 0.003864	 0.000060	 0.000604	 0.000112	1.950214	 1.750672	 0.028126	 0.125480	 0.029139
443	 0.005539	 0.004332	 0.000041	 0.001069	 0.000056	1.955753	 1.755004	 0.028167	 0.126549	 0.029195
444	 0.005158	 0.004070	 0.000058	 0.000879	 0.000115	1.960911	 1.759074	 0.028225	 0.127428	 0.029310
445	 0.006069	 0.004584	 0.000083	 0.001293	 0.000062	1.966980	 1.763658	 0.028308	 0.128721	 0.029372
446	 0.005355	 0.004570	 0.000067	 0.000553	 0.000118	1.972335	 1.768228	 0.028375	 0.129274	 0.029490
447	 0.004135	 0.003437	 0.000052	 0.000562	 0.000053	1.976470	 1.771665	 0.028427	 0.129836	 0.029543
448	 0.005583	 0.004626	 0.000078	 0.000732	 0.000113	1.982053	 1.776291	 0.028505	 0.130568	 0.029656
449	 0.005117	 0.004083	 0.000032	 0.000899	 0.000054	1.987170	 1.780374	 0.028537	 0.131467	 0.029710
450	 0.005238	 0.004377	 0.000050	 0.000721	 0.000055	1.992408	 1.784751	 0.028587	 0.132188	 0.029765
451	 0.005370	 0.004255	 0.000079	 0.000891	 0.000111	1.997778	 1.789006	 0.028666	 0.133079	 0.029876
452	 0.005595	 0.004536	 0.000053	 0.000896	 0.000057	2.003373	 1.793542	 0.028719	 0.133975	 0.029933
453	 0.004937	 0.003889	 0.000050	 0.000903	 0.000057	2.008310	 1.797431	 0.028769	 0.134878	 0.029990
454	 0.004987	 0.004210	 0.000074	 0.000558	 0.000113	2.013297	 1.801641	 0.028843	 0.135436	 0.030103
455	 0.005739	 0.004546	 0.000033	 0.001069	 0.000055	2.019036	 1.806187	 0.028876	 0.136505	 0.030158
456	 0.006279	 0.005454	 0.000083	 0.000563	 0.000122	2.025315	 1.811641	 0.028959	 0.137068	 0.030280
457	 0.005814	 0.004875	 0.000045	 0.000803	 0.000055	2.031129	 1.816516	 0.029004	 0.137871	 0.030335
458	 0.005758	 0.004964	 0.000058	 0.000585	 0.000114	2.036887	 1.821480	 0.029062	 0.138456	 0.030449
459	 0.005874	 0.004788	 0.000048	 0.000951	 0.000054	2.042761	 1.826268	 0.029110	 0.139407	 0.030503
460	 0.004868	 0.004010	 0.000065	 0.000637	 0.000113	2.047629	 1.830278	 0.029175	 0.140044	 0.030616
461	 0.005271	 0.004004	 0.000075	 0.001074	 0.000072	2.052900	 1.834282	 0.029250	 0.141118	 0.030688
462	 0.005045	 0.004185	 0.000077	 0.000624	 0.000115	2.057945	 1.838467	 0.029327	 0.141742	 0.030803
463	 0.004374	 0.003624	 0.000032	 0.000632	 0.000053	2.062319	 1.842091	 0.029359	 0.142374	 0.030856
464	 0.005518	 0.004641	 0.000082	 0.000634	 0.000117	2.067837	 1.846732	 0.029441	 0.143008	 0.030973
465	 0.005427	 0.004663	 0.000050	 0.000627	 0.000055	2.073264	 1.851395	 0.029491	 0.143635	 0.031028
466	 0.005257	 0.004384	 0.000072	 0.000649	 0.000113	2.078521	 1.855779	 0.029563	 0.144284	 0.031141
467	 0.005362	 0.004663	 0.000031	 0.000580	 0.000053	2.083883	 1.860442	 0.029594	 0.144864	 0.031194
468	 0.004870	 0.003967	 0.000071	 0.000655	 0.000135	2.088753	 1.864409	 0.029665	 0.145519	 0.031329
469	 0.004480	 0.003580	 0.000035	 0.000770	 0.000058	2.093233	 1.867989	 0.029700	 0.146289	 0.031387
470	 0.005045	 0.004029	 0.000062	 0.000772	 0.000139	2.098278	 1.872018	 0.029762	 0.147061	 0.031526
471	 0.005021	 0.004280	 0.000043	 0.000594	 0.000060	2.103299	 1.876298	 0.029805	 0.147655	 0.031586
472	 0.004747	 0.003865	 0.000090	 0.000638	 0.000115	2.108046	 1.880163	 0.029895	 0.148293	 0.031701
473	 0.004547	 0.003843	 0.000044	 0.000574	 0.000053	2.112593	 1.884006	 0.029939	 0.148867	 0.031754
474	 0.005572	 0.004580	 0.000061	 0.000778	 0.000114	2.118165	 1.888586	 0.030000	 0.149645	 0.031868
475	 0.005139	 0.004095	 0.000059	 0.000881	 0.000061	2.123304	 1.892681	 0.030059	 0.150526	 0.031929
476	 0.005076	 0.004148	 0.000120	 0.000612	 0.000133	2.128380	 1.896829	 0.030179	 0.151138	 0.032062
477	 0.005236	 0.004417	 0.000046	 0.000656	 0.000063	2.133616	 1.901246	 0.030225	 0.151794	 0.032125
478	 0.004693	 0.003837	 0.000080	 0.000590	 0.000130	2.138309	 1.905083	 0.030305	 0.152384	 0.032255
479	 0.005150	 0.003964	 0.000058	 0.000992	 0.000070	2.143459	 1.909047	 0.030363	 0.153376	 0.032325
480	 0.005075	 0.004056	 0.000110	 0.000665	 0.000148	2.148534	 1.913103	 0.030473	 0.154041	 0.032473
481	 0.005378	 0.004570	 0.000059	 0.000612	 0.000072	2.153912	 1.917673	 0.030532	 0.154653	 0.032545
482	 0.005738	 0.003933	 0.000110	 0.001453	 0.000146	2.159650	 1.921606	 0.030642	 0.156106	 0.032691
483	 0.004581	 0.003586	 0.000057	 0.000821	 0.000071	2.164231	 1.925192	 0.030699	 0.156927	 0.032762
484	 0.005214	 0.003864	 0.000093	 0.001061	 0.000132	2.169445	 1.929056	 0.030792	 0.157988	 0.032894
485	 0.004996	 0.004252	 0.000032	 0.000618	 0.000056	2.174441	 1.933308	 0.030824	 0.158606	 0.032950
486	 0.005466	 0.004581	 0.000058	 0.000667	 0.000119	2.179907	 1.937889	 0.030882	 0.159273	 0.033069
487	 0.004610	 0.003674	 0.000031	 0.000811	 0.000057	2.184517	 1.941563	 0.030913	 0.160084	 0.033126
488	 0.004744	 0.003863	 0.000053	 0.000678	 0.000115	2.189261	 1.945426	 0.030966	 0.160762	 0.033241
489	 0.005348	 0.004144	 0.000036	 0.001082	 0.000055	2.194609	 1.949570	 0.031002	 0.161844	 0.033296
490	 0.004803	 0.003878	 0.000093	 0.000678	 0.000116	2.199412	 1.953448	 0.031095	 0.162522	 0.033412
491	 0.005108	 0.003978	 0.000045	 0.000995	 0.000054	2.204520	 1.957426	 0.031140	 0.163517	 0.033466
492	 0.005571	 0.004460	 0.000063	 0.000890	 0.000119	2.210091	 1.961886	 0.031203	 0.164407	 0.033585
493	 0.005313	 0.004350	 0.000050	 0.000817	 0.000058	2.215404	 1.966236	 0.031253	 0.165224	 0.033643
494	 0.005366	 0.004225	 0.000066	 0.000911	 0.000121	2.220770	 1.970461	 0.031319	 0.166135	 0.033764
495	 0.004837	 0.003870	 0.000053	 0.000824	 0.000057	2.225607	 1.974331	 0.031372	 0.166959	 0.033821
496	 0.005523	 0.003576	 0.000094	 0.001685	 0.000120	2.231130	 1.977907	 0.031466	 0.168644	 0.033941
497	 0.005759	 0.004204	 0.000046	 0.001414	 0.000056	2.236889	 1.982111	 0.031512	 0.170058	 0.033997
498	 0.006186	 0.004743	 0.000065	 0.001218	 0.000123	2.243075	 1.986854	 0.031577	 0.171276	 0.034120
499	 0.005028	 0.004069	 0.000050	 0.000823	 0.000055	2.248103	 1.990923	 0.031627	 0.172099	 0.034175
500	 0.005465	 0.004571	 0.000076	 0.000655	 0.000120	2.253568	 1.995494	 0.031703	 0.172754	 0.034295
501	 0.005236	 0.004461	 0.000035	 0.000638	 0.000062	2.258804	 1.999955	 0.031738	 0.173392	 0.034357
502	 0.005708	 0.004793	 0.000067	 0.000648	 0.000120	2.264512	 2.004748	 0.031805	 0.174040	 0.034477
503	 0.005090	 0.003918	 0.000040	 0.001021	 0.000064	2.269602	 2.008666	 0.031845	 0.175061	 0.034541
504	 0.005065	 0.004215	 0.000058	 0.000636	 0.000117	2.274667	 2.012881	 0.031903	 0.175697	 0.034658
505	 0.004859	 0.004061	 0.000062	 0.000648	 0.000056	2.279526	 2.016942	 0.031965	 0.176345	 0.034714
506	 0.005505	 0.004221	 0.000075	 0.001053	 0.000118	2.285031	 2.021163	 0.032040	 0.177398	 0.034832
507	 0.005259	 0.004372	 0.000057	 0.000725	 0.000063	2.290290	 2.025535	 0.032097	 0.178123	 0.034895
508	 0.005933	 0.004661	 0.000072	 0.001040	 0.000120	2.296223	 2.030196	 0.032169	 0.179163	 0.035015
509	 0.005137	 0.003961	 0.000035	 0.001053	 0.000057	2.301360	 2.034157	 0.032204	 0.180216	 0.035072
510	 0.006011	 0.004728	 0.000060	 0.001065	 0.000121	2.307371	 2.038885	 0.032264	 0.181281	 0.035193
511	 0.006091	 0.004079	 0.000035	 0.001881	 0.000062	2.313462	 2.042964	 0.032299	 0.183162	 0.035255
512	 0.006099	 0.004607	 0.000059	 0.001274	 0.000121	2.319561	 2.047571	 0.032358	 0.184436	 0.035376
513	 0.005149	 0.003934	 0.000032	 0.001082	 0.000066	2.324710	 2.051505	 0.032390	 0.185518	 0.035442
514	 0.007625	 0.004519	 0.000080	 0.002865	 0.000125	2.332335	 2.056024	 0.032470	 0.188383	 0.035567
515	 0.004900	 0.004089	 0.000046	 0.000672	 0.000066	2.337235	 2.060113	 0.032516	 0.189055	 0.035633
516	 0.006473	 0.004330	 0.000058	 0.001908	 0.000125	2.343708	 2.064443	 0.032574	 0.190963	 0.035758
517	 0.006226	 0.004718	 0.000044	 0.001336	 0.000060	2.349934	 2.069161	 0.032618	 0.192299	 0.035818
518	 0.004785	 0.003998	 0.000036	 0.000654	 0.000059	2.354719	 2.073159	 0.032654	 0.192953	 0.035877
519	 0.004495	 0.003515	 0.000064	 0.000730	 0.000125	2.359214	 2.076674	 0.032718	 0.193683	 0.036002
520	 0.005117	 0.003973	 0.000067	 0.000959	 0.000075	2.364331	 2.080647	 0.032785	 0.194642	 0.036077
521	 0.005696	 0.004281	 0.000076	 0.001168	 0.000130	2.370027	 2.084928	 0.032861	 0.195810	 0.036207
522	 0.005372	 0.004505	 0.000036	 0.000738	 0.000059	2.375399	 2.089433	 0.032897	 0.196548	 0.036266
523	 0.006163	 0.004929	 0.000060	 0.001016	 0.000121	2.381562	 2.094362	 0.032957	 0.197564	 0.036387
524	 0.005484	 0.004352	 0.000053	 0.000981	 0.000061	2.387046	 2.098714	 0.033010	 0.198545	 0.036448
525	 0.006002	 0.004727	 0.000095	 0.001005	 0.000123	2.393048	 2.103441	 0.033105	 0.199550	 0.036571
526	 0.005045	 0.004071	 0.000071	 0.000780	 0.000073	2.398093	 2.107512	 0.033176	 0.200330	 0.036644
527	 0.004879	 0.003737	 0.000081	 0.000897	 0.000120	2.402972	 2.111249	 0.033257	 0.201227	 0.036764
528	 0.005194	 0.004131	 0.000061	 0.000910	 0.000058	2.408166	 2.115380	 0.033318	 0.202137	 0.036822
529	 0.005088	 0.004111	 0.000071	 0.000746	 0.000122	2.413254	 2.119491	 0.033389	 0.202883	 0.036944
530	 0.004774	 0.003884	 0.000052	 0.000745	 0.000059	2.418028	 2.123375	 0.033441	 0.203628	 0.037003
531	 0.004508	 0.003547	 0.000057	 0.000745	 0.000119	2.422536	 2.126922	 0.033498	 0.204373	 0.037122
532	 0.005119	 0.004252	 0.000031	 0.000746	 0.000056	2.427655	 2.131174	 0.033529	 0.205119	 0.037178
533	 0.005897	 0.004896	 0.000078	 0.000756	 0.000122	2.433552	 2.136070	 0.033607	 0.205875	 0.037300
534	 0.005629	 0.004705	 0.000042	 0.000774	 0.000063	2.439181	 2.140775	 0.033649	 0.206649	 0.037363
535	 0.004987	 0.003922	 0.000073	 0.000788	 0.000135	2.444168	 2.144697	 0.033722	 0.207437	 0.037498
536	 0.005666	 0.004378	 0.000034	 0.001146	 0.000071	2.449834	 2.149075	 0.033756	 0.208583	 0.037569
537	 0.005246	 0.004243	 0.000093	 0.000742	 0.000132	2.455080	 2.153318	 0.033849	 0.209325	 0.037701
538	 0.005402	 0.004488	 0.000045	 0.000781	 0.000057	2.460482	 2.157806	 0.033894	 0.210106	 0.037758
539	 0.005389	 0.003938	 0.000057	 0.001242	 0.000119	2.465871	 2.161744	 0.033951	 0.211348	 0.037877
540	 0.006303	 0.005239	 0.000031	 0.000932	 0.000067	2.472174	 2.166983	 0.033982	 0.212280	 0.037944
541	 0.005000	 0.003932	 0.000079	 0.000791	 0.000143	2.477174	 2.170915	 0.034061	 0.213071	 0.038087
542	 0.005329	 0.004470	 0.000036	 0.000712	 0.000071	2.482503	 2.175385	 0.034097	 0.213783	 0.038158
543	 0.005718	 0.004240	 0.000086	 0.001219	 0.000131	2.488221	 2.179625	 0.034183	 0.215002	 0.038289
544	 0.005745	 0.004847	 0.000034	 0.000773	 0.000058	2.493966	 2.184472	 0.034217	 0.215775	 0.038347
545	 0.004666	 0.003646	 0.000083	 0.000775	 0.000121	2.498632	 2.188118	 0.034300	 0.216550	 0.038468
546	 0.005927	 0.004577	 0.000048	 0.001192	 0.000071	2.504559	 2.192695	 0.034348	 0.217742	 0.038539
547	 0.005530	 0.004527	 0.000062	 0.000767	 0.000133	2.510089	 2.197222	 0.034410	 0.218509	 0.038672
548	 0.004719	 0.003804	 0.000034	 0.000790	 0.000058	2.514808	 2.201026	 0.034444	 0.219299	 0.038730
549	 0.005645	 0.004671	 0.000062	 0.000728	 0.000125	2.520453	 2.205697	 0.034506	 0.220027	 0.038855
550	 0.005316	 0.004408	 0.000060	 0.000745	 0.000061	2.525769	 2.210105	 0.034566	 0.220772	 0.038916
551	 0.006052	 0.004480	 0.000090	 0.001240	 0.000184	2.531821	 2.214585	 0.034656	 0.222012	 0.039100
552	 0.006816	 0.005682	 0.000059	 0.000969	 0.000070	2.538637	 2.220267	 0.034715	 0.222981	 0.039170
553	 0.005073	 0.004064	 0.000061	 0.000784	 0.000130	2.543710	 2.224331	 0.034776	 0.223765	 0.039300
554	 0.005759	 0.004874	 0.000037	 0.000747	 0.000061	2.549469	 2.229205	 0.034813	 0.224512	 0.039361
555	 0.005720	 0.004390	 0.000059	 0.001109	 0.000123	2.555189	 2.233595	 0.034872	 0.225621	 0.039484
556	 0.005964	 0.004418	 0.000031	 0.001418	 0.000060	2.561153	 2.238013	 0.034903	 0.227039	 0.039544
557	 0.005417	 0.003863	 0.000057	 0.001311	 0.000142	2.566570	 2.241876	 0.034960	 0.228350	 0.039686
558	 0.006158	 0.005026	 0.000038	 0.000991	 0.000064	2.572728	 2.246902	 0.034998	 0.229341	 0.039750
559	 0.005382	 0.004253	 0.000070	 0.000869	 0.000138	2.578110	 2.251155	 0.035068	 0.230210	 0.039888
560	 0.004937	 0.003835	 0.000035	 0.000969	 0.000062	2.583047	 2.254990	 0.035103	 0.231179	 0.039950
561	 0.004970	 0.003948	 0.000054	 0.000804	 0.000124	2.588017	 2.258938	 0.035157	 0.231983	 0.040074
562	 0.005747	 0.004151	 0.000064	 0.001442	 0.000059	2.593764	 2.263089	 0.035221	 0.233425	 0.040133
563	 0.005110	 0.004129	 0.000070	 0.000748	 0.000125	2.598874	 2.267218	 0.035291	 0.234173	 0.040258
564	 0.005314	 0.004224	 0.000031	 0.000966	 0.000060	2.604188	 2.271442	 0.035322	 0.235139	 0.040318
565	 0.005881	 0.004640	 0.000056	 0.001001	 0.000124	2.610069	 2.276082	 0.035378	 0.236140	 0.040442
566	 0.005091	 0.003697	 0.000039	 0.001245	 0.000073	2.615160	 2.279779	 0.035417	 0.237385	 0.040515
567	 0.005311	 0.003836	 0.000062	 0.001236	 0.000138	2.620471	 2.283615	 0.035479	 0.238621	 0.040653
568	 0.005586	 0.004329	 0.000051	 0.001092	 0.000067	2.626057	 2.287944	 0.035530	 0.239713	 0.040720
569	 0.005423	 0.004376	 0.000058	 0.000821	 0.000126	2.631480	 2.292320	 0.035588	 0.240534	 0.040846
570	 0.004762	 0.003603	 0.000034	 0.001027	 0.000062	2.636242	 2.295923	 0.035622	 0.241561	 0.040908
571	 0.004998	 0.003907	 0.000091	 0.000838	 0.000124	2.641240	 2.299830	 0.035713	 0.242399	 0.041032
572	 0.005472	 0.004039	 0.000053	 0.001267	 0.000064	2.646712	 2.303869	 0.035766	 0.243666	 0.041096
573	 0.005923	 0.004421	 0.000072	 0.001261	 0.000128	2.652635	 2.308290	 0.035838	 0.244927	 0.041224
574	 0.005271	 0.004093	 0.000050	 0.001032	 0.000059	2.657906	 2.312383	 0.035888	 0.245959	 0.041283
575	 0.005080	 0.004005	 0.000077	 0.000831	 0.000126	2.662986	 2.316388	 0.035965	 0.246790	 0.041409
576	 0.005209	 0.003796	 0.000049	 0.001269	 0.000061	2.668195	 2.320184	 0.036014	 0.248059	 0.041470
577	 0.005721	 0.004432	 0.000077	 0.001049	 0.000128	2.673916	 2.324616	 0.036091	 0.249108	 0.041598
578	 0.005484	 0.004086	 0.000036	 0.001270	 0.000061	2.679400	 2.328702	 0.036127	 0.250378	 0.041659
579	 0.004402	 0.003374	 0.000082	 0.000787	 0.000126	2.683802	 2.332076	 0.036209	 0.251165	 0.041785
580	 0.006193	 0.003812	 0.000045	 0.002236	 0.000061	2.689995	 2.335888	 0.036254	 0.253401	 0.041846
581	 0.005142	 0.004111	 0.000072	 0.000794	 0.000125	2.695137	 2.339999	 0.036326	 0.254195	 0.041971
582	 0.005897	 0.004363	 0.000059	 0.001371	 0.000064	2.701034	 2.344362	 0.036385	 0.255566	 0.042035
583	 0.004409	 0.003331	 0.000070	 0.000804	 0.000139	2.705443	 2.347693	 0.036455	 0.256370	 0.042174
584	 0.005534	 0.004367	 0.000039	 0.001016	 0.000073	2.710977	 2.352060	 0.036494	 0.257386	 0.042247
585	 0.007177	 0.005063	 0.000067	 0.001863	 0.000139	2.718154	 2.357123	 0.036561	 0.259249	 0.042386
586	 0.005544	 0.004364	 0.000034	 0.001047	 0.000063	2.723698	 2.361487	 0.036595	 0.260296	 0.042449
587	 0.005749	 0.004727	 0.000067	 0.000788	 0.000127	2.729447	 2.366214	 0.036662	 0.261084	 0.042576
588	 0.005016	 0.004084	 0.000035	 0.000799	 0.000062	2.734463	 2.370298	 0.036697	 0.261883	 0.042638
589	 0.005284	 0.004245	 0.000061	 0.000798	 0.000127	2.739747	 2.374543	 0.036758	 0.262681	 0.042765
590	 0.006092	 0.004255	 0.000049	 0.001674	 0.000066	2.745839	 2.378798	 0.036807	 0.264355	 0.042831
591	 0.004943	 0.003649	 0.000059	 0.001057	 0.000131	2.750782	 2.382447	 0.036866	 0.265412	 0.042962
592	 0.005041	 0.004106	 0.000032	 0.000796	 0.000072	2.755823	 2.386553	 0.036898	 0.266208	 0.043034
593	 0.005303	 0.004022	 0.000054	 0.001035	 0.000134	2.761126	 2.390575	 0.036952	 0.267243	 0.043168
594	 0.005088	 0.003883	 0.000031	 0.001063	 0.000060	2.766214	 2.394458	 0.036983	 0.268306	 0.043228
595	 0.006247	 0.005017	 0.000031	 0.001084	 0.000060	2.772461	 2.399475	 0.037014	 0.269390	 0.043288
596	 0.005310	 0.004369	 0.000031	 0.000816	 0.000059	2.777771	 2.403844	 0.037045	 0.270206	 0.043347
597	 0.004712	 0.003588	 0.000061	 0.000875	 0.000130	2.782483	 2.407432	 0.037106	 0.271081	 0.043477
598	 0.004542	 0.003418	 0.000047	 0.000947	 0.000070	2.787025	 2.410850	 0.037153	 0.272028	 0.043547
599	 0.005040	 0.003521	 0.000071	 0.001331	 0.000067	2.792065	 2.414371	 0.037224	 0.273359	 0.043614
600	 0.005270	 0.004103	 0.000079	 0.000914	 0.000129	2.797335	 2.418474	 0.037303	 0.274273	 0.043743
601	 0.005629	 0.003890	 0.000035	 0.001602	 0.000064	2.802964	 2.422364	 0.037338	 0.275875	 0.043807
602	 0.005467	 0.004311	 0.000057	 0.000898	 0.000130	2.808431	 2.426675	 0.037395	 0.276773	 0.043937
603	 0.005494	 0.004289	 0.000033	 0.001072	 0.000065	2.813925	 2.430964	 0.037428	 0.277845	 0.044002
604	 0.005955	 0.004804	 0.000061	 0.000916	 0.000130	2.819880	 2.435768	 0.037489	 0.278761	 0.044132
605	 0.005928	 0.004259	 0.000034	 0.001537	 0.000065	2.825808	 2.440027	 0.037523	 0.280298	 0.044197
606	 0.005527	 0.004341	 0.000055	 0.000964	 0.000127	2.831335	 2.444368	 0.037578	 0.281262	 0.044324
607	 0.004746	 0.003691	 0.000055	 0.000900	 0.000063	2.836081	 2.448059	 0.037633	 0.282162	 0.044387
608	 0.006248	 0.005103	 0.000073	 0.000904	 0.000131	2.842329	 2.453162	 0.037706	 0.283066	 0.044518
609	 0.006516	 0.005179	 0.000035	 0.001206	 0.000061	2.848845	 2.458341	 0.037741	 0.284272	 0.044579
610	 0.004854	 0.003720	 0.000059	 0.000906	 0.000129	2.853699	 2.462061	 0.037800	 0.285178	 0.044708
611	 0.006001	 0.004484	 0.000032	 0.001389	 0.000061	2.859700	 2.466545	 0.037832	 0.286567	 0.044769
612	 0.006726	 0.005261	 0.000058	 0.001231	 0.000135	2.866426	 2.471806	 0.037890	 0.287798	 0.044904
613	 0.005469	 0.004378	 0.000062	 0.000929	 0.000064	2.871895	 2.476184	 0.037952	 0.288727	 0.044968
614	 0.005698	 0.004323	 0.000082	 0.001122	 0.000131	2.877593	 2.480507	 0.038034	 0.289849	 0.045099
615	 0.005918	 0.004659	 0.000031	 0.001132	 0.000062	2.883511	 2.485166	 0.038065	 0.290981	 0.045161
616	 0.006602	 0.004857	 0.000063	 0.001501	 0.000133	2.890113	 2.490023	 0.038128	 0.292482	 0.045294
617	 0.005327	 0.004035	 0.000058	 0.001134	 0.000062	2.895440	 2.494058	 0.038186	 0.293616	 0.045356
618	 0.005085	 0.003927	 0.000071	 0.000917	 0.000130	2.900525	 2.497985	 0.038257	 0.294533	 0.045486
619	 0.006430	 0.004891	 0.000031	 0.001416	 0.000061	2.906955	 2.502876	 0.038288	 0.295949	 0.045547
620	 0.006838	 0.004424	 0.000086	 0.002133	 0.000149	2.913793	 2.507300	 0.038374	 0.298082	 0.045696
621	 0.006073	 0.004653	 0.000052	 0.001235	 0.000074	2.919866	 2.511953	 0.038426	 0.299317	 0.045770
622	 0.006214	 0.005051	 0.000060	 0.000929	 0.000130	2.926080	 2.517004	 0.038486	 0.300246	 0.045900
623	 0.006009	 0.004464	 0.000035	 0.001409	 0.000064	2.932089	 2.521468	 0.038521	 0.301655	 0.045964
624	 0.006767	 0.004744	 0.000057	 0.001802	 0.000127	2.938856	 2.526212	 0.038578	 0.303457	 0.046091
625	 0.006081	 0.004515	 0.000063	 0.001407	 0.000062	2.944937	 2.530727	 0.038641	 0.304864	 0.046153
626	 0.005806	 0.004635	 0.000060	 0.000945	 0.000129	2.950743	 2.535362	 0.038701	 0.305809	 0.046282
627	 0.005282	 0.004002	 0.000033	 0.001146	 0.000061	2.956025	 2.539364	 0.038734	 0.306955	 0.046343
628	 0.005769	 0.004303	 0.000060	 0.001227	 0.000134	2.961794	 2.543667	 0.038794	 0.308182	 0.046477
629	 0.005182	 0.004124	 0.000055	 0.000901	 0.000065	2.966976	 2.547791	 0.038849	 0.309083	 0.046542
630	 0.005918	 0.004678	 0.000074	 0.000979	 0.000130	2.972894	 2.552469	 0.038923	 0.310062	 0.046672
631	 0.005772	 0.004389	 0.000034	 0.001255	 0.000062	2.978666	 2.556858	 0.038957	 0.311317	 0.046734
632	 0.005071	 0.003935	 0.000077	 0.000892	 0.000129	2.983737	 2.560793	 0.039034	 0.312209	 0.046863
633	 0.006464	 0.004587	 0.000034	 0.001740	 0.000063	2.990201	 2.565380	 0.039068	 0.313949	 0.046926
634	 0.006170	 0.004983	 0.000062	 0.000949	 0.000136	2.996371	 2.570363	 0.039130	 0.314898	 0.047062
635	 0.005142	 0.003774	 0.000067	 0.001181	 0.000072	3.001513	 2.574137	 0.039197	 0.316079	 0.047134
636	 0.005632	 0.004066	 0.000094	 0.001285	 0.000136	3.007145	 2.578203	 0.039291	 0.317364	 0.047270
637	 0.005370	 0.004056	 0.000035	 0.001174	 0.000066	3.012515	 2.582259	 0.039326	 0.318538	 0.047336
638	 0.006819	 0.004097	 0.000083	 0.002467	 0.000132	3.019334	 2.586356	 0.039409	 0.321005	 0.047468
639	 0.005196	 0.004126	 0.000046	 0.000925	 0.000066	3.024530	 2.590482	 0.039455	 0.321930	 0.047534
640	 0.007138	 0.004343	 0.000077	 0.002541	 0.000135	3.031668	 2.594825	 0.039532	 0.324471	 0.047669
641	 0.005849	 0.003982	 0.000032	 0.001739	 0.000063	3.037517	 2.598807	 0.039564	 0.326210	 0.047732
642	 0.006002	 0.004122	 0.000064	 0.001630	 0.000136	3.043519	 2.602929	 0.039628	 0.327840	 0.047868
643	 0.006950	 0.004378	 0.000044	 0.002408	 0.000070	3.050469	 2.607307	 0.039672	 0.330248	 0.047938
644	 0.005555	 0.004018	 0.000061	 0.001285	 0.000152	3.056024	 2.611325	 0.039733	 0.331533	 0.048090
645	 0.005864	 0.004231	 0.000035	 0.001500	 0.000064	3.061888	 2.615556	 0.039768	 0.333033	 0.048154
646	 0.006356	 0.004322	 0.000092	 0.001771	 0.000132	3.068244	 2.619878	 0.039860	 0.334804	 0.048286
647	 0.007972	 0.004324	 0.000049	 0.003500	 0.000063	3.076216	 2.624202	 0.039909	 0.338304	 0.048349
648	 0.005991	 0.004548	 0.000062	 0.001209	 0.000130	3.082207	 2.628750	 0.039971	 0.339513	 0.048479
649	 0.006648	 0.003851	 0.000057	 0.002637	 0.000066	3.088855	 2.632601	 0.040028	 0.342150	 0.048545
650	 0.005852	 0.004277	 0.000116	 0.001188	 0.000222	3.094707	 2.636878	 0.040144	 0.343338	 0.048767
651	 0.005574	 0.004222	 0.000034	 0.001214	 0.000063	3.100281	 2.641100	 0.040178	 0.344552	 0.048830
652	 0.007172	 0.004291	 0.000055	 0.002659	 0.000130	3.107453	 2.645391	 0.040233	 0.347211	 0.048960
653	 0.006833	 0.004250	 0.000037	 0.002441	 0.000065	3.114286	 2.649641	 0.040270	 0.349652	 0.049025
654	 0.008181	 0.003475	 0.000090	 0.004443	 0.000137	3.122467	 2.653116	 0.040360	 0.354095	 0.049162
655	 0.006488	 0.003968	 0.000048	 0.002372	 0.000062	3.128955	 2.657084	 0.040408	 0.356467	 0.049224
656	 0.007129	 0.004452	 0.000085	 0.002420	 0.000134	3.136084	 2.661536	 0.040493	 0.358887	 0.049358
657	 0.006010	 0.004325	 0.000050	 0.001529	 0.000067	3.142094	 2.665861	 0.040543	 0.360416	 0.049425
658	 0.006568	 0.004514	 0.000058	 0.001826	 0.000131	3.148662	 2.670375	 0.040601	 0.362242	 0.049556
659	 0.006714	 0.004031	 0.000035	 0.002550	 0.000067	3.155376	 2.674406	 0.040636	 0.364792	 0.049623
660	 0.006745	 0.004095	 0.000076	 0.002408	 0.000130	3.162121	 2.678501	 0.040712	 0.367200	 0.049753
661	 0.005405	 0.003580	 0.000051	 0.001656	 0.000075	3.167526	 2.682081	 0.040763	 0.368856	 0.049828
662	 0.006709	 0.004300	 0.000095	 0.002138	 0.000136	3.174235	 2.686381	 0.040858	 0.370994	 0.049964
663	 0.006533	 0.003952	 0.000047	 0.002437	 0.000063	3.180768	 2.690333	 0.040905	 0.373431	 0.050027
664	 0.007844	 0.004589	 0.000077	 0.003003	 0.000134	3.188612	 2.694922	 0.040982	 0.376434	 0.050161
665	 0.009422	 0.004781	 0.000031	 0.004504	 0.000065	3.198034	 2.699703	 0.041013	 0.380938	 0.050226
666	 0.008844	 0.004220	 0.000098	 0.004337	 0.000140	3.206878	 2.703923	 0.041111	 0.385275	 0.050366
667	 0.009601	 0.004453	 0.000062	 0.004971	 0.000068	3.216479	 2.708376	 0.041173	 0.390246	 0.050434
668	 0.009655	 0.004101	 0.000082	 0.005295	 0.000137	3.226134	 2.712477	 0.041255	 0.395541	 0.050571
669	 0.007485	 0.004425	 0.000046	 0.002922	 0.000063	3.233619	 2.716902	 0.041301	 0.398463	 0.050634
670	 0.005783	 0.004319	 0.000057	 0.001236	 0.000132	3.239402	 2.721221	 0.041358	 0.399699	 0.050766
671	 0.005833	 0.004337	 0.000039	 0.001349	 0.000065	3.245235	 2.725558	 0.041397	 0.401048	 0.050831
672	 0.006979	 0.004114	 0.000086	 0.002589	 0.000145	3.252214	 2.729672	 0.041483	 0.403637	 0.050976
673	 0.019830	 0.004029	 0.000068	 0.015622	 0.000070	3.272044	 2.733701	 0.041551	 0.419259	 0.051046
674	 0.012689	 0.004535	 0.000063	 0.007920	 0.000131	3.284733	 2.738236	 0.041614	 0.427179	 0.051177
675	 0.007188	 0.004357	 0.000031	 0.002702	 0.000063	3.291921	 2.742593	 0.041645	 0.429881	 0.051240
676	 0.015994	 0.004825	 0.000076	 0.010926	 0.000131	3.307915	 2.747418	 0.041721	 0.440807	 0.051371
677	 0.018721	 0.004368	 0.000100	 0.014113	 0.000075	3.326636	 2.751786	 0.041821	 0.454920	 0.051446
678	 0.011087	 0.004391	 0.000074	 0.006419	 0.000147	3.337723	 2.756177	 0.041895	 0.461339	 0.051593
679	 0.016350	 0.004426	 0.000070	 0.011683	 0.000077	3.354073	 2.760603	 0.041965	 0.473022	 0.051670
680	 0.012509	 0.003827	 0.000141	 0.008319	 0.000159	3.366582	 2.764430	 0.042106	 0.481341	 0.051829
681	 0.007161	 0.003758	 0.000070	 0.003202	 0.000075	3.373743	 2.768188	 0.042176	 0.484543	 0.051904
682	 0.010231	 0.003698	 0.000097	 0.006228	 0.000152	3.383974	 2.771886	 0.042273	 0.490771	 0.052056
683	 0.013516	 0.004383	 0.000091	 0.008839	 0.000122	3.397490	 2.776269	 0.042364	 0.499610	 0.052178
684	 0.009981	 0.004062	 0.000063	 0.005666	 0.000139	3.407471	 2.780331	 0.042427	 0.505276	 0.052317
685	 0.014993	 0.004126	 0.000071	 0.010692	 0.000064	3.422464	 2.784457	 0.042498	 0.515968	 0.052381
