Iter 	incumb_est 	candid_est 	error
1 	-1600.687657 	-3061.912144 	-0.912873
2 	-624.944190 	-895.098830 	-0.432286
3 	-710.991545 	-944.739529 	-0.328763
4 	-720.630534 	-808.856286 	-0.122429
5 	-480.621386 	-699.884036 	-0.456207
6 	-488.563292 	-580.506617 	-0.188191
7 	-473.167913 	-610.479912 	-0.290197
8 	-554.990513 	-619.152856 	-0.115610
9 	-433.580451 	-435.514207 	-0.004460
10 	-454.740942 	-487.058385 	-0.071068
11 	-450.818755 	-470.304653 	-0.043223
12 	-431.388977 	-441.495757 	-0.023428
13 	-421.190029 	-508.261434 	-0.206727
14 	-479.806105 	-548.503397 	-0.143177
15 	-447.336939 	-458.913146 	-0.025878
16 	-485.015835 	-492.138809 	-0.014686
17 	-450.350167 	-490.218667 	-0.088528
18 	-494.320441 	-511.269110 	-0.034287
19 	-499.862080 	-501.005666 	-0.002288
20 	-492.586229 	-504.765157 	-0.024724
21 	-491.314013 	-525.697837 	-0.069983
22 	-525.427699 	-537.868230 	-0.023677
23 	-514.343848 	-515.119162 	-0.001507
24 	-517.141731 	-528.146180 	-0.021279
25 	-530.507954 	-533.418162 	-0.005486
26 	-535.285821 	-559.041112 	-0.044379
27 	-513.882124 	-515.528337 	-0.003203
28 	-514.834766 	-526.606484 	-0.022865
29 	-507.072762 	-529.672011 	-0.044568
30 	-531.564174 	-542.996541 	-0.021507
31 	-505.541628 	-512.283788 	-0.013337
32 	-480.806373 	-491.545998 	-0.022337
33 	-505.323231 	-509.067007 	-0.007409
34 	-483.315023 	-484.933153 	-0.003348
35 	-480.854564 	-480.871774 	-0.000036
36 	-458.492086 	-493.307097 	-0.075934
37 	-480.961562 	-499.803425 	-0.039175
38 	-460.566266 	-471.727616 	-0.024234
39 	-470.975290 	-472.117919 	-0.002426
40 	-447.931899 	-473.592908 	-0.057288
41 	-468.466797 	-474.888536 	-0.013708
42 	-441.697976 	-442.801905 	-0.002499
43 	-454.634360 	-454.833415 	-0.000438
44 	-435.383260 	-435.949139 	-0.001300
45 	-435.780944 	-442.767565 	-0.016032
46 	-454.750173 	-457.688914 	-0.006462
47 	-425.768702 	-426.117686 	-0.000820
48 	-424.456967 	-426.123566 	-0.003926
49 	-442.595839 	-442.833489 	-0.000537
50 	-421.770172 	-424.532949 	-0.006550
51 	-436.146142 	-439.217195 	-0.007041
52 	-415.897453 	-415.937461 	-0.000096
53 	-408.423709 	-410.122725 	-0.004160
54 	-425.308388 	-425.579249 	-0.000637
55 	-406.269609 	-406.902442 	-0.001558
56 	-410.925061 	-421.986385 	-0.026918
57 	-409.898979 	-410.466500 	-0.001385
58 	-417.253648 	-417.382042 	-0.000308
59 	-417.980461 	-426.705368 	-0.020874
60 	-414.488790 	-417.043199 	-0.006163
61 	-429.999339 	-430.351157 	-0.000818
62 	-428.836716 	-428.844580 	-0.000018
63 	-432.502835 	-433.053126 	-0.001272
64 	-433.249115 	-443.372871 	-0.023367
65 	-430.074347 	-433.640434 	-0.008292
66 	-438.871699 	-442.788919 	-0.008926
67 	-418.431642 	-427.014108 	-0.020511
68 	-431.908375 	-434.456375 	-0.005899
69 	-413.471724 	-415.063569 	-0.003850
70 	-419.350228 	-424.890462 	-0.013211
71 	-414.661422 	-419.221916 	-0.010998
72 	-427.909083 	-429.318131 	-0.003293
73 	-414.932617 	-414.965568 	-0.000079
74 	-420.581521 	-425.603146 	-0.011940
75 	-423.977378 	-424.173017 	-0.000461
76 	-429.000163 	-429.000871 	-0.000002
77 	-422.186232 	-422.447967 	-0.000620
78 	-425.619080 	-432.129867 	-0.015297
79 	-430.779101 	-433.600411 	-0.006549
80 	-430.600319 	-435.290833 	-0.010893
81 	-432.468070 	-437.676077 	-0.012043
82 	-438.338147 	-442.511959 	-0.009522
83 	-424.343767 	-428.238803 	-0.009179
84 	-435.583639 	-436.235767 	-0.001497
85 	-424.770149 	-426.165455 	-0.003285
86 	-430.841102 	-434.782234 	-0.009148
87 	-421.653829 	-425.014740 	-0.007971
88 	-432.251680 	-432.596822 	-0.000798
89 	-429.345267 	-430.865478 	-0.003541
90 	-430.329241 	-436.002375 	-0.013183
91 	-427.488666 	-427.935228 	-0.001045
92 	-433.510027 	-435.994755 	-0.005732
93 	-437.606582 	-437.638083 	-0.000072
94 	-436.810713 	-436.959002 	-0.000339
95 	-432.128588 	-432.159614 	-0.000072
96 	-434.370691 	-434.652495 	-0.000649
97 	-430.861618 	-430.911443 	-0.000116
98 	-434.134801 	-434.135444 	-0.000001
99 	-433.418941 	-433.444185 	-0.000058
100 	-437.250643 	-437.250645 	-0.000000
101 	-441.833909 	-442.085994 	-0.000571
102 	-439.619747 	-439.625969 	-0.000014
103 	-435.982183 	-436.836985 	-0.001961
104 	-437.945131 	-438.139603 	-0.000444
105 	-435.442537 	-436.946861 	-0.003455
106 	-431.222951 	-431.226398 	-0.000008
107 	-427.729096 	-429.930137 	-0.005146
108 	-423.448777 	-423.448776 	0.000000
109 	-424.767396 	-427.812356 	-0.007169
110 	-422.251060 	-422.319688 	-0.000163
111 	-427.281823 	-429.011977 	-0.004049
112 	-426.509142 	-430.022645 	-0.008238
113 	-434.943709 	-436.490631 	-0.003557
114 	-429.740724 	-432.039612 	-0.005349
115 	-438.000501 	-438.609146 	-0.001390
116 	-430.065094 	-431.025864 	-0.002234
117 	-433.924941 	-434.506932 	-0.001341
118 	-432.067608 	-434.632871 	-0.005937
119 	-440.030193 	-440.683772 	-0.001485
120 	-427.321590 	-427.585316 	-0.000617
121 	-425.712609 	-429.887012 	-0.009806
122 	-423.462979 	-423.467411 	-0.000010
123 	-424.628625 	-425.689113 	-0.002497
124 	-428.080772 	-428.362216 	-0.000657
125 	-431.892142 	-435.196818 	-0.007652
126 	-431.055465 	-431.099441 	-0.000102
127 	-433.594903 	-434.076322 	-0.001110
128 	-431.874328 	-432.869176 	-0.002304
129 	-434.275343 	-437.666942 	-0.007810
130 	-428.871622 	-431.523498 	-0.006183
131 	-436.129206 	-436.495569 	-0.000840
132 	-427.995877 	-428.095233 	-0.000232
133 	-421.453204 	-421.455437 	-0.000005
134 	-419.911923 	-421.847972 	-0.004611
135 	-424.775849 	-426.614932 	-0.004330
136 	-411.871463 	-415.462546 	-0.008719
137 	-418.857549 	-419.789020 	-0.002224
138 	-410.692001 	-411.147242 	-0.001108
139 	-414.334941 	-417.057323 	-0.006570
140 	-411.580098 	-411.588588 	-0.000021
141 	-410.518363 	-410.601037 	-0.000201
142 	-413.298075 	-416.618548 	-0.008034
143 	-412.683105 	-412.737210 	-0.000131
144 	-415.890449 	-416.721846 	-0.001999
145 	-417.394476 	-419.523801 	-0.005101
146 	-417.753155 	-418.015927 	-0.000629
147 	-418.906113 	-418.923624 	-0.000042
148 	-416.541544 	-417.384451 	-0.002024
149 	-419.150123 	-419.338556 	-0.000450
150 	-419.870353 	-420.184366 	-0.000748
151 	-420.961371 	-420.961465 	-0.000000
152 	-421.095671 	-421.923721 	-0.001966
153 	-421.095234 	-426.563209 	-0.012985
154 	-427.160641 	-428.129498 	-0.002268
155 	-421.153662 	-421.329271 	-0.000417
156 	-427.140932 	-427.422778 	-0.000660
157 	-425.713444 	-426.475765 	-0.001791
158 	-431.596066 	-431.673316 	-0.000179
159 	-422.712006 	-423.101814 	-0.000922
160 	-428.490639 	-428.492935 	-0.000005
161 	-426.495241 	-426.551021 	-0.000131
162 	-426.887464 	-426.940680 	-0.000125
163 	-423.955803 	-430.052026 	-0.014379
164 	-429.541098 	-433.504264 	-0.009227
165 	-425.679577 	-426.542628 	-0.002027
166 	-430.864663 	-431.159509 	-0.000684
167 	-421.142942 	-421.181692 	-0.000092
168 	-423.632844 	-426.230053 	-0.006131
169 	-423.502858 	-423.783626 	-0.000663
170 	-426.319061 	-428.786970 	-0.005789
171 	-421.101885 	-421.101885 	-0.000000
172 	-423.981840 	-424.207466 	-0.000532
173 	-426.187316 	-426.322321 	-0.000317
174 	-423.965836 	-429.461820 	-0.012963
175 	-423.347358 	-425.435328 	-0.004932
176 	-428.555295 	-429.703752 	-0.002680
177 	-425.087060 	-425.509312 	-0.000993
178 	-424.050747 	-425.803019 	-0.004132
179 	-424.205969 	-427.585154 	-0.007966
180 	-429.293404 	-430.884746 	-0.003707
181 	-423.395450 	-424.092254 	-0.001646
182 	-423.035109 	-423.137291 	-0.000242
183 	-421.548594 	-428.209441 	-0.015801
184 	-426.539875 	-429.208221 	-0.006256
185 	-421.811315 	-422.970679 	-0.002749
186 	-425.144221 	-426.026126 	-0.002074
187 	-429.856114 	-430.102250 	-0.000573
188 	-424.077416 	-424.219477 	-0.000335
189 	-423.837738 	-428.040485 	-0.009916
190 	-421.592047 	-422.721773 	-0.002680
191 	-426.496151 	-426.909306 	-0.000969
192 	-421.308068 	-421.573700 	-0.000630
193 	-419.760860 	-420.356092 	-0.001418
194 	-417.188308 	-420.831471 	-0.008733
195 	-422.014399 	-423.812211 	-0.004260
196 	-419.382214 	-419.990365 	-0.001450
197 	-421.812775 	-422.997903 	-0.002810
198 	-422.369993 	-424.524769 	-0.005102
199 	-427.073039 	-428.013850 	-0.002203
200 	-422.680097 	-423.102073 	-0.000998
201 	-421.979462 	-422.043261 	-0.000151
202 	-422.295857 	-422.508170 	-0.000503
203 	-423.694286 	-425.175190 	-0.003495
204 	-425.188112 	-425.199152 	-0.000026
205 	-426.435760 	-427.423186 	-0.002316
206 	-427.308130 	-427.590454 	-0.000661
207 	-429.273722 	-431.170287 	-0.004418
208 	-431.292012 	-431.314855 	-0.000053
209 	-430.592280 	-432.339933 	-0.004059
210 	-431.061088 	-431.410060 	-0.000810
211 	-431.422074 	-433.529381 	-0.004885
212 	-427.573611 	-427.607948 	-0.000080
213 	-429.379889 	-429.841065 	-0.001074
214 	-430.383961 	-430.710709 	-0.000759
215 	-429.181870 	-431.233257 	-0.004780
216 	-427.256439 	-427.991174 	-0.001720
217 	-428.512243 	-430.054252 	-0.003599
218 	-424.036124 	-425.262140 	-0.002891
219 	-428.000747 	-428.269718 	-0.000628
220 	-425.887107 	-426.526992 	-0.001502
221 	-427.483962 	-429.034686 	-0.003628
222 	-426.664076 	-427.798236 	-0.002658
223 	-427.405524 	-428.911561 	-0.003524
224 	-426.313478 	-426.934148 	-0.001456
225 	-425.445528 	-426.118030 	-0.001581
226 	-423.146840 	-423.395878 	-0.000589
227 	-423.516329 	-423.811344 	-0.000697
228 	-425.482950 	-425.561023 	-0.000183
229 	-426.190998 	-426.675924 	-0.001138
230 	-427.531408 	-427.538417 	-0.000016
231 	-427.125043 	-427.298777 	-0.000407
232 	-427.378390 	-427.386939 	-0.000020
233 	-430.110018 	-430.497538 	-0.000901
234 	-430.361427 	-430.424112 	-0.000146
235 	-428.544533 	-428.727614 	-0.000427
236 	-428.319538 	-428.471361 	-0.000354
237 	-426.579884 	-426.644287 	-0.000151
238 	-426.320835 	-426.613426 	-0.000686
239 	-426.019820 	-426.024765 	-0.000012
240 	-424.502538 	-424.625277 	-0.000289
241 	-423.279602 	-423.328362 	-0.000115
242 	-422.965209 	-423.175591 	-0.000497
243 	-422.959033 	-422.965959 	-0.000016
244 	-423.835531 	-423.920098 	-0.000200
245 	-423.865200 	-423.890491 	-0.000060
246 	-425.103343 	-427.302796 	-0.005174
247 	-426.223847 	-426.409463 	-0.000435
248 	-425.130385 	-428.484684 	-0.007890
249 	-422.280414 	-422.282362 	-0.000005
250 	-420.634027 	-420.789373 	-0.000369
251 	-418.923550 	-419.039858 	-0.000278
252 	-420.412967 	-421.751675 	-0.003184
253 	-419.656454 	-419.658668 	-0.000005
254 	-420.700769 	-420.851441 	-0.000358
255 	-422.636067 	-422.702061 	-0.000156
256 	-421.876000 	-422.719226 	-0.001999
257 	-421.483398 	-421.721114 	-0.000564
258 	-423.294352 	-423.999108 	-0.001665
259 	-421.978771 	-422.047748 	-0.000163
260 	-423.070050 	-423.626363 	-0.001315
261 	-422.449489 	-422.453321 	-0.000009
262 	-423.091939 	-423.092843 	-0.000002
263 	-423.423464 	-423.424145 	-0.000002
264 	-421.094928 	-421.136327 	-0.000098
265 	-420.985922 	-421.842937 	-0.002036
266 	-421.040145 	-421.167080 	-0.000301
267 	-421.233997 	-421.742654 	-0.001208
268 	-420.447381 	-420.719862 	-0.000648
269 	-420.284023 	-420.497208 	-0.000507
270 	-421.355472 	-421.801256 	-0.001058
271 	-422.186865 	-422.583050 	-0.000938
272 	-422.722698 	-423.311749 	-0.001393
273 	-422.815127 	-424.010730 	-0.002828
274 	-422.773023 	-423.502038 	-0.001724
275 	-424.294678 	-425.223316 	-0.002189
276 	-424.559908 	-424.966523 	-0.000958
277 	-422.407321 	-422.428894 	-0.000051
278 	-424.362172 	-424.579782 	-0.000513
279 	-425.395658 	-425.480949 	-0.000200
280 	-425.279386 	-425.364012 	-0.000199
281 	-424.318771 	-424.495395 	-0.000416
282 	-422.526462 	-422.701573 	-0.000414
283 	-422.666032 	-422.742486 	-0.000181
284 	-421.834646 	-421.903332 	-0.000163
285 	-421.706280 	-421.858131 	-0.000360
286 	-420.753984 	-420.868773 	-0.000273
287 	-422.086714 	-422.164375 	-0.000184
288 	-419.893848 	-420.073026 	-0.000427
289 	-421.030368 	-421.056684 	-0.000063
290 	-420.179413 	-420.426579 	-0.000588
291 	-420.758652 	-420.818878 	-0.000143
292 	-419.773529 	-419.906006 	-0.000316
293 	-419.009741 	-419.034344 	-0.000059
294 	-420.130015 	-420.189680 	-0.000142
295 	-421.306580 	-421.366273 	-0.000142
296 	-420.941190 	-421.030558 	-0.000212
297 	-422.190016 	-422.293333 	-0.000245
298 	-422.779172 	-422.816731 	-0.000089
299 	-420.847498 	-420.850856 	-0.000008
300 	-421.670972 	-421.714439 	-0.000103
301 	-422.519800 	-422.520605 	-0.000002
302 	-423.170431 	-423.170436 	-0.000000
303 	-424.606295 	-424.607279 	-0.000002
304 	-422.075124 	-422.115136 	-0.000095
305 	-423.063810 	-423.073071 	-0.000022
306 	-424.297091 	-424.366000 	-0.000162
307 	-425.535228 	-425.536705 	-0.000003
308 	-424.504259 	-424.528296 	-0.000057
309 	-425.412176 	-425.720911 	-0.000726
310 	-425.993170 	-425.993339 	-0.000000
311 	-424.482667 	-424.517414 	-0.000082
312 	-422.841208 	-422.861145 	-0.000047
313 	-423.471568 	-423.550154 	-0.000186
314 	-424.311290 	-424.326521 	-0.000036
315 	-425.111849 	-425.118772 	-0.000016
316 	-424.862676 	-425.049723 	-0.000440
317 	-424.876206 	-424.924572 	-0.000114
318 	-424.978938 	-425.356339 	-0.000888
319 	-423.372566 	-423.488905 	-0.000275
320 	-424.249740 	-425.174812 	-0.002180
321 	-425.240871 	-425.423212 	-0.000429
322 	-423.738789 	-424.835999 	-0.002589
323 	-421.622051 	-421.693697 	-0.000170
324 	-420.982656 	-421.173349 	-0.000453
325 	-421.081075 	-421.214328 	-0.000316
326 	-420.174293 	-420.712551 	-0.001281
327 	-419.670689 	-419.873834 	-0.000484
328 	-418.993107 	-419.340826 	-0.000830
329 	-418.365304 	-418.473034 	-0.000258
330 	-416.084925 	-416.156528 	-0.000172
331 	-413.684238 	-413.731762 	-0.000115
332 	-413.185023 	-413.197634 	-0.000031
333 	-413.657793 	-413.736340 	-0.000190
334 	-412.901091 	-412.971379 	-0.000170
335 	-412.026871 	-412.055308 	-0.000069
336 	-412.372715 	-412.388386 	-0.000038
337 	-413.441348 	-413.492245 	-0.000123
338 	-414.095303 	-414.098189 	-0.000007
339 	-412.300785 	-412.383877 	-0.000202
340 	-412.407465 	-412.437237 	-0.000072
341 	-411.846216 	-411.882833 	-0.000089
342 	-412.780875 	-412.818368 	-0.000091
343 	-412.158108 	-412.168994 	-0.000026
344 	-412.463060 	-412.479587 	-0.000040
345 	-412.062912 	-412.085816 	-0.000056
346 	-410.539501 	-410.543084 	-0.000009
347 	-410.732142 	-410.739328 	-0.000017
348 	-411.219928 	-411.276317 	-0.000137
349 	-411.542189 	-411.542435 	-0.000001
350 	-411.074516 	-411.106387 	-0.000078
351 	-411.667615 	-411.671134 	-0.000009
352 	-413.298853 	-413.314577 	-0.000038
353 	-413.663645 	-413.673259 	-0.000023
354 	-413.507925 	-413.512746 	-0.000012
355 	-413.019100 	-413.041066 	-0.000053
356 	-412.324537 	-412.324909 	-0.000001
357 	-413.864893 	-413.896405 	-0.000076
358 	-414.648448 	-414.648780 	-0.000001
359 	-413.483267 	-413.485170 	-0.000005
360 	-412.864464 	-412.878776 	-0.000035
361 	-412.362227 	-412.633242 	-0.000657
362 	-411.958704 	-414.599078 	-0.006409
363 	-409.919794 	-410.464072 	-0.001328
364 	-412.569746 	-412.768191 	-0.000481
365 	-411.150259 	-411.211096 	-0.000148
366 	-412.284204 	-412.391953 	-0.000261
367 	-413.549491 	-414.395274 	-0.002045
368 	-412.897444 	-413.140081 	-0.000588
369 	-412.614713 	-413.879551 	-0.003065
370 	-411.856109 	-412.262901 	-0.000988
371 	-414.459517 	-414.497356 	-0.000091
372 	-413.514349 	-413.514380 	-0.000000
373 	-413.291818 	-413.297565 	-0.000014
374 	-414.012630 	-414.012997 	-0.000001
375 	-414.825451 	-415.871747 	-0.002522
376 	-414.590960 	-414.664500 	-0.000177
377 	-417.159487 	-417.190373 	-0.000074
378 	-415.775436 	-416.029905 	-0.000612
379 	-417.385301 	-418.291878 	-0.002172
380 	-415.312066 	-415.431575 	-0.000288
381 	-417.391384 	-417.850297 	-0.001099
382 	-414.836869 	-414.854691 	-0.000043
383 	-416.175477 	-417.300564 	-0.002703
384 	-416.862214 	-416.898343 	-0.000087
385 	-416.354319 	-418.315466 	-0.004710
386 	-415.213057 	-415.217699 	-0.000011
387 	-416.413320 	-417.613461 	-0.002882
388 	-416.249127 	-416.315623 	-0.000160
389 	-418.242527 	-418.689107 	-0.001068
390 	-418.601670 	-418.646289 	-0.000107
391 	-418.726182 	-418.726182 	0.000000
392 	-419.331469 	-420.014099 	-0.001628
393 	-421.783363 	-421.992867 	-0.000497
394 	-421.043706 	-421.111007 	-0.000160
395 	-422.056861 	-423.464630 	-0.003335
396 	-422.366612 	-422.557896 	-0.000453
397 	-422.687375 	-424.298172 	-0.003811
398 	-420.529859 	-420.626876 	-0.000231
399 	-420.531059 	-422.568436 	-0.004845
400 	-419.834974 	-420.044572 	-0.000499
401 	-421.546311 	-422.195169 	-0.001539
402 	-420.350050 	-420.421431 	-0.000170
403 	-421.700817 	-422.732333 	-0.002446
404 	-422.004679 	-422.008665 	-0.000009
405 	-420.945054 	-420.993650 	-0.000115
406 	-421.674900 	-423.222462 	-0.003670
407 	-420.869791 	-421.125354 	-0.000607
408 	-423.240929 	-423.287687 	-0.000110
409 	-421.643173 	-421.648887 	-0.000014
410 	-422.368459 	-423.350096 	-0.002324
411 	-422.343047 	-422.468897 	-0.000298
412 	-424.687589 	-424.715105 	-0.000065
413 	-423.748873 	-423.946144 	-0.000466
414 	-424.816610 	-425.991192 	-0.002765
415 	-423.206979 	-423.262606 	-0.000131
416 	-423.295672 	-425.365526 	-0.004890
417 	-422.669148 	-422.677662 	-0.000020
418 	-422.879636 	-423.151700 	-0.000643
419 	-424.966421 	-425.166066 	-0.000470
420 	-422.688244 	-423.245024 	-0.001317
421 	-424.976766 	-425.028638 	-0.000122
422 	-422.868961 	-422.869159 	-0.000000
423 	-424.053933 	-424.061842 	-0.000019
424 	-424.940010 	-425.021829 	-0.000193
425 	-425.709387 	-426.969516 	-0.002960
426 	-425.921063 	-425.927748 	-0.000016
427 	-426.822230 	-427.270751 	-0.001051
428 	-425.058103 	-425.076814 	-0.000044
429 	-425.230666 	-425.267089 	-0.000086
430 	-425.698492 	-425.787332 	-0.000209
431 	-427.333600 	-427.734364 	-0.000938
432 	-426.564813 	-426.568883 	-0.000010
433 	-426.998474 	-427.050246 	-0.000121
434 	-427.894813 	-427.939420 	-0.000104
435 	-427.975450 	-427.980136 	-0.000011
436 	-428.815021 	-428.815042 	-0.000000
437 	-429.568597 	-429.633284 	-0.000151
438 	-429.027020 	-429.052424 	-0.000059
439 	-428.837323 	-429.290866 	-0.001058
440 	-429.426830 	-429.545487 	-0.000276
441 	-429.592029 	-430.674898 	-0.002521
442 	-428.794119 	-428.836188 	-0.000098
443 	-427.917607 	-428.618126 	-0.001637
444 	-428.410814 	-428.417193 	-0.000015
445 	-427.933394 	-428.209263 	-0.000645
446 	-427.183664 	-427.189370 	-0.000013
447 	-427.079819 	-427.217315 	-0.000322
448 	-427.215006 	-427.219635 	-0.000011
449 	-427.236418 	-427.236707 	-0.000001
450 	-426.684680 	-426.956719 	-0.000638
451 	-427.726002 	-427.735907 	-0.000023
452 	-427.163117 	-427.190864 	-0.000065
453 	-427.031451 	-427.086042 	-0.000128
454 	-427.434952 	-427.436063 	-0.000003
455 	-428.359426 	-428.377006 	-0.000041
456 	-428.958980 	-428.963396 	-0.000010
457 	-429.161848 	-429.176403 	-0.000034
458 	-429.848322 	-431.082056 	-0.002870
459 	-431.915105 	-432.635414 	-0.001668
460 	-430.176839 	-430.438770 	-0.000609
461 	-431.224573 	-432.091429 	-0.002010
462 	-431.142088 	-431.306997 	-0.000382
463 	-433.188221 	-433.229383 	-0.000095
464 	-432.194977 	-432.198444 	-0.000008
465 	-432.731722 	-433.961994 	-0.002843
466 	-432.836970 	-432.855943 	-0.000044
467 	-433.488180 	-434.850734 	-0.003143
468 	-434.087195 	-434.089440 	-0.000005
469 	-433.796488 	-434.266474 	-0.001083
470 	-433.879085 	-433.924419 	-0.000104
471 	-434.008517 	-434.489427 	-0.001108
472 	-434.891725 	-434.891978 	-0.000001
473 	-434.254755 	-434.258582 	-0.000009
474 	-433.698339 	-433.699363 	-0.000002
475 	-433.922236 	-433.942239 	-0.000046
476 	-433.555094 	-433.559502 	-0.000010
477 	-434.034565 	-434.316068 	-0.000649
478 	-433.881970 	-433.887124 	-0.000012
479 	-432.655049 	-432.889768 	-0.000543
480 	-433.664902 	-433.703038 	-0.000088
481 	-433.682542 	-434.294743 	-0.001412
482 	-434.555741 	-434.648906 	-0.000214
483 	-434.477327 	-435.013965 	-0.001235
484 	-435.635454 	-435.797676 	-0.000372
485 	-436.277899 	-436.866939 	-0.001350
486 	-436.772843 	-437.011869 	-0.000547
487 	-436.994892 	-437.966313 	-0.002223
488 	-437.592959 	-437.906394 	-0.000716
489 	-438.208273 	-439.035527 	-0.001888
490 	-436.941286 	-437.363803 	-0.000967
491 	-437.311756 	-438.172528 	-0.001968
492 	-435.994089 	-436.493003 	-0.001144
493 	-437.055581 	-437.592066 	-0.001227
494 	-436.881194 	-437.000685 	-0.000274
495 	-436.518281 	-436.692587 	-0.000399
496 	-436.948879 	-436.995241 	-0.000106
497 	-436.473032 	-436.726774 	-0.000581
498 	-436.623384 	-436.702400 	-0.000181
499 	-436.713713 	-437.049504 	-0.000769
500 	-436.103535 	-436.131067 	-0.000063
501 	-436.469542 	-436.564757 	-0.000218
502 	-436.036865 	-436.088065 	-0.000117
503 	-436.517047 	-436.664548 	-0.000338
504 	-436.994310 	-437.072513 	-0.000179
505 	-436.561067 	-436.643381 	-0.000189
506 	-437.164561 	-437.279508 	-0.000263
507 	-437.301052 	-437.340688 	-0.000091
508 	-437.351190 	-437.504261 	-0.000350
509 	-436.523267 	-436.540507 	-0.000039
510 	-436.270104 	-436.451372 	-0.000415
511 	-436.936290 	-436.941221 	-0.000011
512 	-436.929710 	-437.137133 	-0.000475
513 	-437.385660 	-437.385895 	-0.000001
514 	-437.202270 	-437.443013 	-0.000551
515 	-437.253854 	-437.255749 	-0.000004
516 	-437.843953 	-437.931646 	-0.000200
517 	-437.934374 	-438.138482 	-0.000466
518 	-439.761032 	-439.812341 	-0.000117
519 	-437.660983 	-437.850912 	-0.000434
520 	-438.354865 	-439.407509 	-0.002401
521 	-437.685995 	-437.905571 	-0.000502
522 	-438.364787 	-439.342352 	-0.002230
523 	-438.024317 	-438.336385 	-0.000712
524 	-439.843062 	-439.897572 	-0.000124
525 	-438.432343 	-438.452846 	-0.000047
526 	-439.302526 	-439.600307 	-0.000678
527 	-439.981984 	-440.174070 	-0.000437
528 	-441.783243 	-441.810530 	-0.000062
529 	-439.419348 	-439.424798 	-0.000012
530 	-440.355514 	-441.017770 	-0.001504
531 	-439.716945 	-439.902965 	-0.000423
532 	-441.279561 	-441.486607 	-0.000469
533 	-440.693406 	-441.042232 	-0.000792
534 	-442.473093 	-442.496775 	-0.000054
535 	-441.295765 	-441.519078 	-0.000506
536 	-441.956037 	-442.979532 	-0.002316
537 	-440.608563 	-441.006244 	-0.000903
538 	-442.250067 	-442.358220 	-0.000245
539 	-439.722183 	-439.946287 	-0.000510
540 	-441.479347 	-441.516119 	-0.000083
541 	-440.116206 	-440.493702 	-0.000858
542 	-440.539383 	-441.725851 	-0.002693
543 	-439.621587 	-439.986207 	-0.000829
544 	-440.496008 	-441.238363 	-0.001685
545 	-438.137695 	-438.822659 	-0.001563
546 	-439.869793 	-439.997705 	-0.000291
547 	-438.686585 	-438.739695 	-0.000121
548 	-439.472321 	-439.478756 	-0.000015
549 	-439.722592 	-439.723242 	-0.000001
550 	-440.508012 	-440.508814 	-0.000002
551 	-440.646889 	-440.814995 	-0.000381
552 	-441.885937 	-442.289381 	-0.000913
553 	-440.943996 	-441.216288 	-0.000618
554 	-442.318447 	-442.589946 	-0.000614
555 	-441.005530 	-441.166592 	-0.000365
556 	-441.900028 	-442.510369 	-0.001381
557 	-441.299489 	-441.384884 	-0.000194
558 	-441.647633 	-442.612729 	-0.002185
559 	-441.523239 	-441.560733 	-0.000085
560 	-441.240274 	-442.049282 	-0.001833
561 	-441.409661 	-441.420631 	-0.000025
562 	-440.778056 	-441.022336 	-0.000554
563 	-440.484852 	-440.484951 	-0.000000
564 	-439.908459 	-439.909163 	-0.000002
565 	-439.930388 	-439.944400 	-0.000032
566 	-439.610029 	-439.810330 	-0.000456
567 	-439.039239 	-439.097529 	-0.000133
568 	-438.808146 	-439.242434 	-0.000990
569 	-438.397761 	-438.520963 	-0.000281
570 	-438.777958 	-439.527409 	-0.001708
571 	-437.782054 	-437.812281 	-0.000069
572 	-438.183893 	-438.278918 	-0.000217
573 	-437.487415 	-437.575196 	-0.000201
574 	-438.184638 	-438.563917 	-0.000866
575 	-438.490968 	-438.510153 	-0.000044
576 	-438.192433 	-438.266909 	-0.000170
577 	-438.342228 	-438.404302 	-0.000142
578 	-439.049470 	-439.075933 	-0.000060
579 	-438.721077 	-438.732876 	-0.000027
580 	-438.796714 	-438.873895 	-0.000176
581 	-438.946497 	-438.946803 	-0.000001
582 	-439.294346 	-439.295008 	-0.000002
583 	-438.661350 	-438.666363 	-0.000011
584 	-439.664212 	-439.751625 	-0.000199
585 	-440.006617 	-440.029366 	-0.000052
586 	-439.699921 	-439.739281 	-0.000090
587 	-439.417134 	-439.466476 	-0.000112
588 	-439.263101 	-439.275342 	-0.000028
589 	-440.081785 	-440.163247 	-0.000185
590 	-440.621658 	-440.622661 	-0.000002
591 	-440.593992 	-440.710502 	-0.000264
592 	-439.773609 	-439.775146 	-0.000003
593 	-440.006383 	-440.011813 	-0.000012
594 	-439.599879 	-439.621574 	-0.000049
595 	-439.881687 	-440.028768 	-0.000334
596 	-441.477190 	-441.497301 	-0.000046
597 	-440.031553 	-440.038837 	-0.000017
598 	-440.019380 	-440.049644 	-0.000069
599 	-439.371598 	-440.311350 	-0.002139
600 	-439.526707 	-439.528288 	-0.000004
601 	-439.468344 	-440.989773 	-0.003462
602 	-439.944855 	-439.984449 	-0.000090
603 	-440.646382 	-441.471338 	-0.001872
604 	-441.067100 	-441.151467 	-0.000191
605 	-441.939135 	-442.523865 	-0.001323
606 	-441.388609 	-441.596518 	-0.000471
607 	-442.956286 	-443.028134 	-0.000162
608 	-442.368101 	-442.383166 	-0.000034
609 	-442.590433 	-443.692982 	-0.002491
610 	-442.606787 	-442.744988 	-0.000312
611 	-444.162207 	-444.190400 	-0.000063
612 	-442.969526 	-442.989592 	-0.000045
613 	-443.490949 	-443.492869 	-0.000004
614 	-443.976623 	-444.061129 	-0.000190
615 	-444.674098 	-445.346099 	-0.001511
616 	-444.614001 	-444.762515 	-0.000334
617 	-444.629638 	-445.853093 	-0.002752
618 	-444.607899 	-444.657373 	-0.000111
619 	-444.567531 	-445.654916 	-0.002446
620 	-444.159557 	-444.255258 	-0.000215
621 	-444.498864 	-445.410854 	-0.002052
622 	-444.558996 	-444.708330 	-0.000336
623 	-445.329426 	-445.926524 	-0.001341
624 	-444.781445 	-444.987990 	-0.000464
625 	-444.401142 	-445.772110 	-0.003085
626 	-443.182113 	-443.482134 	-0.000677
627 	-444.029478 	-444.591073 	-0.001265
628 	-442.199074 	-442.595782 	-0.000897
629 	-443.710631 	-443.765053 	-0.000123
630 	-443.355407 	-443.364019 	-0.000019
631 	-443.909135 	-443.939813 	-0.000069
632 	-444.105826 	-444.340617 	-0.000529
633 	-444.429762 	-445.038237 	-0.001369
634 	-443.870605 	-444.022468 	-0.000342
635 	-443.995889 	-444.495029 	-0.001124
636 	-443.327164 	-443.525614 	-0.000448
637 	-442.790114 	-443.439212 	-0.001466
638 	-443.111224 	-443.231930 	-0.000272
639 	-442.624747 	-443.319148 	-0.001569
640 	-442.970843 	-443.037675 	-0.000151
641 	-443.480275 	-443.991360 	-0.001152
642 	-443.429769 	-443.465561 	-0.000081
643 	-443.453814 	-444.144396 	-0.001557
644 	-443.693236 	-443.709231 	-0.000036
645 	-443.914892 	-444.174386 	-0.000585
646 	-444.649510 	-444.684847 	-0.000079
647 	-444.293757 	-444.872718 	-0.001303
648 	-443.638101 	-443.655201 	-0.000039
649 	-443.845746 	-443.955425 	-0.000247
650 	-444.312305 	-444.346538 	-0.000077
651 	-444.534033 	-444.978275 	-0.000999
652 	-444.178422 	-444.196068 	-0.000040
653 	-443.891279 	-444.035357 	-0.000325
654 	-443.425352 	-443.457999 	-0.000074
655 	-442.361561 	-442.711249 	-0.000791
656 	-442.448515 	-442.494952 	-0.000105
657 	-442.980218 	-443.239796 	-0.000586
658 	-443.094591 	-443.122842 	-0.000064
659 	-443.374301 	-443.446517 	-0.000163
660 	-443.843575 	-443.885934 	-0.000095
661 	-444.458705 	-444.592872 	-0.000302
662 	-444.163728 	-444.220890 	-0.000129
663 	-443.496161 	-443.644121 	-0.000334
664 	-444.180868 	-444.216864 	-0.000081
665 	-444.733090 	-444.766454 	-0.000075
666 	-445.058119 	-445.106215 	-0.000108
667 	-445.196300 	-445.214378 	-0.000041
668 	-445.076834 	-445.107382 	-0.000069
669 	-445.565221 	-445.574471 	-0.000021
670 	-445.610187 	-445.629659 	-0.000044
671 	-445.620687 	-445.634237 	-0.000030
672 	-445.010782 	-445.021312 	-0.000024
673 	-445.510324 	-445.529650 	-0.000043
674 	-445.407382 	-445.412839 	-0.000012
675 	-445.619998 	-445.643830 	-0.000053
676 	-445.821091 	-445.831124 	-0.000023
677 	-445.468926 	-445.482577 	-0.000031
678 	-445.675751 	-445.681219 	-0.000012
679 	-445.653137 	-445.670307 	-0.000039
680 	-444.869687 	-444.871826 	-0.000005
681 	-445.435059 	-445.445383 	-0.000023
682 	-444.937986 	-444.942813 	-0.000011
683 	-444.585500 	-444.598616 	-0.000030
684 	-444.873437 	-444.875744 	-0.000005
685 	-444.053415 	-444.060609 	-0.000016
