Iter	 Iter_time	 Master	 Subprob	 Full_Test	 argmax	Iter_acc	 Master_acc	 Subprob_acc	 Full_Test_acc	 argmax_acc
1	 0.000728	 0.000431	 0.000228	 0.000000	 0.000030	0.000728	 0.000431	 0.000228	 0.000000	 0.000030
2	 0.002884	 0.002646	 0.000093	 0.000000	 0.000100	0.003612	 0.003077	 0.000321	 0.000000	 0.000130
3	 0.003331	 0.003195	 0.000049	 0.000000	 0.000059	0.006943	 0.006272	 0.000370	 0.000000	 0.000189
4	 0.003550	 0.003384	 0.000092	 0.000000	 0.000034	0.010493	 0.009656	 0.000462	 0.000000	 0.000223
5	 0.003219	 0.003094	 0.000062	 0.000000	 0.000022	0.013712	 0.012750	 0.000524	 0.000000	 0.000245
6	 0.004472	 0.004233	 0.000135	 0.000000	 0.000061	0.018184	 0.016983	 0.000659	 0.000000	 0.000306
7	 0.003813	 0.003671	 0.000076	 0.000000	 0.000029	0.021997	 0.020654	 0.000735	 0.000000	 0.000335
8	 0.003193	 0.002992	 0.000116	 0.000000	 0.000043	0.025190	 0.023646	 0.000851	 0.000000	 0.000378
9	 0.002904	 0.002719	 0.000105	 0.000000	 0.000034	0.028094	 0.026365	 0.000956	 0.000000	 0.000412
10	 0.003555	 0.003238	 0.000166	 0.000000	 0.000070	0.031649	 0.029603	 0.001122	 0.000000	 0.000482
11	 0.003378	 0.003131	 0.000146	 0.000000	 0.000042	0.035027	 0.032734	 0.001268	 0.000000	 0.000524
12	 0.003586	 0.003294	 0.000161	 0.000000	 0.000070	0.038613	 0.036028	 0.001429	 0.000000	 0.000594
13	 0.003277	 0.003101	 0.000095	 0.000000	 0.000036	0.041890	 0.039129	 0.001524	 0.000000	 0.000630
14	 0.003629	 0.003318	 0.000162	 0.000000	 0.000077	0.045519	 0.042447	 0.001686	 0.000000	 0.000707
15	 0.004263	 0.004122	 0.000073	 0.000000	 0.000030	0.049782	 0.046569	 0.001759	 0.000000	 0.000737
16	 0.003474	 0.003270	 0.000114	 0.000000	 0.000050	0.053256	 0.049839	 0.001873	 0.000000	 0.000787
17	 0.003582	 0.003420	 0.000093	 0.000000	 0.000030	0.056838	 0.053259	 0.001966	 0.000000	 0.000817
18	 0.003868	 0.003690	 0.000100	 0.000000	 0.000045	0.060706	 0.056949	 0.002066	 0.000000	 0.000862
19	 0.004394	 0.004277	 0.000046	 0.000000	 0.000023	0.065100	 0.061226	 0.002112	 0.000000	 0.000885
20	 0.004844	 0.004491	 0.000211	 0.000000	 0.000067	0.069944	 0.065717	 0.002323	 0.000000	 0.000952
21	 0.003850	 0.003731	 0.000051	 0.000000	 0.000030	0.073794	 0.069448	 0.002374	 0.000000	 0.000982
22	 0.003891	 0.003701	 0.000113	 0.000000	 0.000045	0.077685	 0.073149	 0.002487	 0.000000	 0.001027
23	 0.004100	 0.003992	 0.000044	 0.000000	 0.000023	0.081785	 0.077141	 0.002531	 0.000000	 0.001050
24	 0.003803	 0.003700	 0.000052	 0.000000	 0.000022	0.085588	 0.080841	 0.002583	 0.000000	 0.001072
25	 0.004317	 0.004138	 0.000094	 0.000000	 0.000040	0.089905	 0.084979	 0.002677	 0.000000	 0.001112
26	 0.004088	 0.003975	 0.000059	 0.000000	 0.000027	0.093993	 0.088954	 0.002736	 0.000000	 0.001139
27	 0.003681	 0.003517	 0.000081	 0.000000	 0.000043	0.097674	 0.092471	 0.002817	 0.000000	 0.001182
28	 0.004113	 0.004006	 0.000055	 0.000000	 0.000024	0.101787	 0.096477	 0.002872	 0.000000	 0.001206
29	 0.003779	 0.003618	 0.000080	 0.000000	 0.000041	0.105566	 0.100095	 0.002952	 0.000000	 0.001247
30	 0.003515	 0.003401	 0.000059	 0.000000	 0.000025	0.109081	 0.103496	 0.003011	 0.000000	 0.001272
31	 0.003564	 0.003410	 0.000083	 0.000000	 0.000043	0.112645	 0.106906	 0.003094	 0.000000	 0.001315
32	 0.004158	 0.004073	 0.000034	 0.000000	 0.000023	0.116803	 0.110979	 0.003128	 0.000000	 0.001338
33	 0.004099	 0.003968	 0.000060	 0.000000	 0.000040	0.120902	 0.114947	 0.003188	 0.000000	 0.001378
34	 0.003533	 0.003452	 0.000033	 0.000000	 0.000024	0.124435	 0.118399	 0.003221	 0.000000	 0.001402
35	 0.004166	 0.004028	 0.000056	 0.000000	 0.000041	0.128601	 0.122427	 0.003277	 0.000000	 0.001443
36	 0.004063	 0.003967	 0.000039	 0.000000	 0.000027	0.132664	 0.126394	 0.003316	 0.000000	 0.001470
37	 0.003977	 0.003814	 0.000089	 0.000000	 0.000042	0.136641	 0.130208	 0.003405	 0.000000	 0.001512
38	 0.003824	 0.003736	 0.000036	 0.000000	 0.000026	0.140465	 0.133944	 0.003441	 0.000000	 0.001538
39	 0.003892	 0.003738	 0.000082	 0.000000	 0.000042	0.144357	 0.137682	 0.003523	 0.000000	 0.001580
40	 0.003521	 0.003415	 0.000054	 0.000000	 0.000024	0.147878	 0.141097	 0.003577	 0.000000	 0.001604
41	 0.003148	 0.002969	 0.000093	 0.000000	 0.000047	0.151026	 0.144066	 0.003670	 0.000000	 0.001651
42	 0.004018	 0.003867	 0.000078	 0.000000	 0.000034	0.155044	 0.147933	 0.003748	 0.000000	 0.001685
43	 0.003839	 0.003590	 0.000132	 0.000000	 0.000071	0.158883	 0.151523	 0.003880	 0.000000	 0.001756
44	 0.004010	 0.003863	 0.000066	 0.000000	 0.000030	0.162893	 0.155386	 0.003946	 0.000000	 0.001786
45	 0.003787	 0.003539	 0.000137	 0.000000	 0.000060	0.166680	 0.158925	 0.004083	 0.000000	 0.001846
46	 0.005690	 0.005546	 0.000069	 0.000000	 0.000033	0.172370	 0.164471	 0.004152	 0.000000	 0.001879
47	 0.004105	 0.003871	 0.000127	 0.000000	 0.000059	0.176475	 0.168342	 0.004279	 0.000000	 0.001938
48	 0.004029	 0.003888	 0.000075	 0.000000	 0.000034	0.180504	 0.172230	 0.004354	 0.000000	 0.001972
49	 0.003624	 0.003463	 0.000081	 0.000000	 0.000046	0.184128	 0.175693	 0.004435	 0.000000	 0.002018
50	 0.003757	 0.003652	 0.000052	 0.000000	 0.000027	0.187885	 0.179345	 0.004487	 0.000000	 0.002045
51	 0.004330	 0.004169	 0.000082	 0.000000	 0.000047	0.192215	 0.183514	 0.004569	 0.000000	 0.002092
52	 0.003384	 0.003284	 0.000034	 0.000000	 0.000038	0.195599	 0.186798	 0.004603	 0.000000	 0.002130
53	 0.003635	 0.003466	 0.000062	 0.000000	 0.000056	0.199234	 0.190264	 0.004665	 0.000000	 0.002186
54	 0.003674	 0.003545	 0.000067	 0.000000	 0.000032	0.202908	 0.193809	 0.004732	 0.000000	 0.002218
55	 0.003656	 0.003485	 0.000091	 0.000000	 0.000049	0.206564	 0.197294	 0.004823	 0.000000	 0.002267
56	 0.003670	 0.003582	 0.000035	 0.000000	 0.000027	0.210234	 0.200876	 0.004858	 0.000000	 0.002294
57	 0.003290	 0.003149	 0.000061	 0.000000	 0.000049	0.213524	 0.204025	 0.004919	 0.000000	 0.002343
58	 0.003867	 0.003779	 0.000035	 0.000000	 0.000026	0.217391	 0.207804	 0.004954	 0.000000	 0.002369
59	 0.003638	 0.003501	 0.000060	 0.000000	 0.000046	0.221029	 0.211305	 0.005014	 0.000000	 0.002415
60	 0.003725	 0.003616	 0.000055	 0.000000	 0.000027	0.224754	 0.214921	 0.005069	 0.000000	 0.002442
61	 0.003742	 0.003580	 0.000080	 0.000000	 0.000051	0.228496	 0.218501	 0.005149	 0.000000	 0.002493
62	 0.003870	 0.003779	 0.000036	 0.000000	 0.000027	0.232366	 0.222280	 0.005185	 0.000000	 0.002520
63	 0.004232	 0.004091	 0.000060	 0.000000	 0.000050	0.236598	 0.226371	 0.005245	 0.000000	 0.002570
64	 0.003487	 0.003400	 0.000032	 0.000000	 0.000027	0.240085	 0.229771	 0.005277	 0.000000	 0.002597
65	 0.003707	 0.003543	 0.000082	 0.000000	 0.000050	0.243792	 0.233314	 0.005359	 0.000000	 0.002647
66	 0.003648	 0.003517	 0.000056	 0.000000	 0.000030	0.247440	 0.236831	 0.005415	 0.000000	 0.002677
67	 0.003797	 0.003693	 0.000045	 0.000000	 0.000032	0.251237	 0.240524	 0.005460	 0.000000	 0.002709
68	 0.003775	 0.003630	 0.000062	 0.000000	 0.000050	0.255012	 0.244154	 0.005522	 0.000000	 0.002759
69	 0.004012	 0.003899	 0.000056	 0.000000	 0.000029	0.259024	 0.248053	 0.005578	 0.000000	 0.002788
70	 0.003963	 0.003801	 0.000079	 0.000000	 0.000052	0.262987	 0.251854	 0.005657	 0.000000	 0.002840
71	 0.003381	 0.003284	 0.000033	 0.000000	 0.000038	0.266368	 0.255138	 0.005690	 0.000000	 0.002878
72	 0.003903	 0.003735	 0.000062	 0.000000	 0.000061	0.270271	 0.258873	 0.005752	 0.000000	 0.002939
73	 0.003617	 0.003481	 0.000063	 0.000000	 0.000042	0.273888	 0.262354	 0.005815	 0.000000	 0.002981
74	 0.003796	 0.003631	 0.000067	 0.000000	 0.000063	0.277684	 0.265985	 0.005882	 0.000000	 0.003044
75	 0.003708	 0.003553	 0.000078	 0.000000	 0.000039	0.281392	 0.269538	 0.005960	 0.000000	 0.003083
76	 0.004265	 0.004079	 0.000081	 0.000000	 0.000062	0.285657	 0.273617	 0.006041	 0.000000	 0.003145
77	 0.003824	 0.003709	 0.000043	 0.000000	 0.000035	0.289481	 0.277326	 0.006084	 0.000000	 0.003180
78	 0.003783	 0.003554	 0.000118	 0.000000	 0.000065	0.293264	 0.280880	 0.006202	 0.000000	 0.003245
79	 0.003710	 0.003572	 0.000065	 0.000000	 0.000037	0.296974	 0.284452	 0.006267	 0.000000	 0.003282
80	 0.005152	 0.004866	 0.000147	 0.000000	 0.000084	0.302126	 0.289318	 0.006414	 0.000000	 0.003366
81	 0.003794	 0.003619	 0.000082	 0.000000	 0.000048	0.305920	 0.292937	 0.006496	 0.000000	 0.003414
82	 0.004155	 0.003951	 0.000105	 0.000000	 0.000063	0.310075	 0.296888	 0.006601	 0.000000	 0.003477
83	 0.003688	 0.003599	 0.000034	 0.000000	 0.000026	0.313763	 0.300487	 0.006635	 0.000000	 0.003503
84	 0.004079	 0.003928	 0.000063	 0.000000	 0.000057	0.317842	 0.304415	 0.006698	 0.000000	 0.003560
85	 0.003935	 0.003824	 0.000052	 0.000000	 0.000032	0.321777	 0.308239	 0.006750	 0.000000	 0.003592
86	 0.003932	 0.003777	 0.000068	 0.000000	 0.000057	0.325709	 0.312016	 0.006818	 0.000000	 0.003649
87	 0.003681	 0.003573	 0.000049	 0.000000	 0.000031	0.329390	 0.315589	 0.006867	 0.000000	 0.003680
88	 0.003850	 0.003678	 0.000081	 0.000000	 0.000058	0.333240	 0.319267	 0.006948	 0.000000	 0.003738
89	 0.003753	 0.003643	 0.000051	 0.000000	 0.000031	0.336993	 0.322910	 0.006999	 0.000000	 0.003769
90	 0.003635	 0.003474	 0.000076	 0.000000	 0.000054	0.340628	 0.326384	 0.007075	 0.000000	 0.003823
91	 0.003923	 0.003814	 0.000049	 0.000000	 0.000031	0.344551	 0.330198	 0.007124	 0.000000	 0.003854
92	 0.004261	 0.004090	 0.000082	 0.000000	 0.000060	0.348812	 0.334288	 0.007206	 0.000000	 0.003914
93	 0.003616	 0.003513	 0.000049	 0.000000	 0.000027	0.352428	 0.337801	 0.007255	 0.000000	 0.003941
94	 0.003215	 0.003049	 0.000078	 0.000000	 0.000058	0.355643	 0.340850	 0.007333	 0.000000	 0.003999
95	 0.003554	 0.003449	 0.000048	 0.000000	 0.000031	0.359197	 0.344299	 0.007381	 0.000000	 0.004030
96	 0.003805	 0.003654	 0.000064	 0.000000	 0.000057	0.363002	 0.347953	 0.007445	 0.000000	 0.004087
97	 0.003462	 0.003370	 0.000035	 0.000000	 0.000031	0.366464	 0.351323	 0.007480	 0.000000	 0.004118
98	 0.003314	 0.003140	 0.000085	 0.000000	 0.000055	0.369778	 0.354463	 0.007565	 0.000000	 0.004173
99	 0.003810	 0.003699	 0.000054	 0.000000	 0.000031	0.373588	 0.358162	 0.007619	 0.000000	 0.004204
100	 0.003231	 0.003046	 0.000081	 0.000000	 0.000060	0.376819	 0.361208	 0.007700	 0.000000	 0.004264
101	 0.003317	 0.003120	 0.000084	 0.000000	 0.000057	0.380136	 0.364328	 0.007784	 0.000000	 0.004321
102	 0.003731	 0.003508	 0.000091	 0.000000	 0.000060	0.383867	 0.367836	 0.007875	 0.000000	 0.004381
103	 0.003798	 0.003672	 0.000058	 0.000000	 0.000037	0.387665	 0.371508	 0.007933	 0.000000	 0.004418
104	 0.003453	 0.003294	 0.000066	 0.000000	 0.000060	0.391118	 0.374802	 0.007999	 0.000000	 0.004478
105	 0.003787	 0.003663	 0.000050	 0.000000	 0.000044	0.394905	 0.378465	 0.008049	 0.000000	 0.004522
106	 0.003874	 0.003697	 0.000077	 0.000000	 0.000067	0.398779	 0.382162	 0.008126	 0.000000	 0.004589
107	 0.004083	 0.003989	 0.000035	 0.000000	 0.000031	0.402862	 0.386151	 0.008161	 0.000000	 0.004620
108	 0.003427	 0.003274	 0.000061	 0.000000	 0.000060	0.406289	 0.389425	 0.008222	 0.000000	 0.004680
109	 0.003564	 0.003462	 0.000034	 0.000000	 0.000042	0.409853	 0.392887	 0.008256	 0.000000	 0.004722
110	 0.003863	 0.003682	 0.000062	 0.000000	 0.000071	0.413716	 0.396569	 0.008318	 0.000000	 0.004793
111	 0.003532	 0.003400	 0.000061	 0.000000	 0.000037	0.417248	 0.399969	 0.008379	 0.000000	 0.004830
112	 0.003824	 0.003650	 0.000081	 0.000000	 0.000065	0.421072	 0.403619	 0.008460	 0.000000	 0.004895
113	 0.003590	 0.003471	 0.000051	 0.000000	 0.000040	0.424662	 0.407090	 0.008511	 0.000000	 0.004935
114	 0.004512	 0.004327	 0.000066	 0.000000	 0.000073	0.429174	 0.411417	 0.008577	 0.000000	 0.005008
115	 0.003926	 0.003788	 0.000060	 0.000000	 0.000037	0.433100	 0.415205	 0.008637	 0.000000	 0.005045
116	 0.003458	 0.003338	 0.000057	 0.000000	 0.000034	0.436558	 0.418543	 0.008694	 0.000000	 0.005079
117	 0.003640	 0.003469	 0.000081	 0.000000	 0.000062	0.440198	 0.422012	 0.008775	 0.000000	 0.005141
118	 0.003543	 0.003435	 0.000049	 0.000000	 0.000031	0.443741	 0.425447	 0.008824	 0.000000	 0.005172
119	 0.003301	 0.003147	 0.000065	 0.000000	 0.000060	0.447042	 0.428594	 0.008889	 0.000000	 0.005232
120	 0.003254	 0.003160	 0.000033	 0.000000	 0.000033	0.450296	 0.431754	 0.008922	 0.000000	 0.005265
121	 0.003312	 0.003153	 0.000062	 0.000000	 0.000062	0.453608	 0.434907	 0.008984	 0.000000	 0.005327
122	 0.003327	 0.003231	 0.000035	 0.000000	 0.000034	0.456935	 0.438138	 0.009019	 0.000000	 0.005361
123	 0.003925	 0.003681	 0.000125	 0.000000	 0.000075	0.460860	 0.441819	 0.009144	 0.000000	 0.005436
124	 0.003686	 0.003518	 0.000083	 0.000000	 0.000043	0.464546	 0.445337	 0.009227	 0.000000	 0.005479
125	 0.003589	 0.003346	 0.000122	 0.000000	 0.000076	0.468135	 0.448683	 0.009349	 0.000000	 0.005555
126	 0.003366	 0.003218	 0.000074	 0.000000	 0.000036	0.471501	 0.451901	 0.009423	 0.000000	 0.005591
127	 0.004426	 0.004235	 0.000077	 0.000000	 0.000070	0.475927	 0.456136	 0.009500	 0.000000	 0.005661
128	 0.003498	 0.003325	 0.000080	 0.000000	 0.000046	0.479425	 0.459461	 0.009580	 0.000000	 0.005707
129	 0.004863	 0.004597	 0.000121	 0.000000	 0.000088	0.484288	 0.464058	 0.009701	 0.000000	 0.005795
130	 0.003566	 0.003341	 0.000094	 0.000000	 0.000049	0.487854	 0.467399	 0.009795	 0.000000	 0.005844
131	 0.003973	 0.003819	 0.000074	 0.000000	 0.000041	0.491827	 0.471218	 0.009869	 0.000000	 0.005885
132	 0.003544	 0.003374	 0.000074	 0.000000	 0.000066	0.495371	 0.474592	 0.009943	 0.000000	 0.005951
133	 0.003504	 0.003384	 0.000053	 0.000000	 0.000036	0.498875	 0.477976	 0.009996	 0.000000	 0.005987
134	 0.004114	 0.003951	 0.000063	 0.000000	 0.000068	0.502989	 0.481927	 0.010059	 0.000000	 0.006055
135	 0.003860	 0.003765	 0.000034	 0.000000	 0.000036	0.506849	 0.485692	 0.010093	 0.000000	 0.006091
136	 0.003490	 0.003332	 0.000059	 0.000000	 0.000066	0.510339	 0.489024	 0.010152	 0.000000	 0.006157
137	 0.003810	 0.003714	 0.000033	 0.000000	 0.000035	0.514149	 0.492738	 0.010185	 0.000000	 0.006192
138	 0.003760	 0.003599	 0.000063	 0.000000	 0.000067	0.517909	 0.496337	 0.010248	 0.000000	 0.006259
139	 0.003733	 0.003621	 0.000051	 0.000000	 0.000032	0.521642	 0.499958	 0.010299	 0.000000	 0.006291
140	 0.003546	 0.003364	 0.000086	 0.000000	 0.000066	0.525188	 0.503322	 0.010385	 0.000000	 0.006357
141	 0.003917	 0.003805	 0.000048	 0.000000	 0.000034	0.529105	 0.507127	 0.010433	 0.000000	 0.006391
142	 0.003942	 0.003765	 0.000083	 0.000000	 0.000064	0.533047	 0.510892	 0.010516	 0.000000	 0.006455
143	 0.003698	 0.003584	 0.000051	 0.000000	 0.000034	0.536745	 0.514476	 0.010567	 0.000000	 0.006489
144	 0.003885	 0.003708	 0.000077	 0.000000	 0.000070	0.540630	 0.518184	 0.010644	 0.000000	 0.006559
145	 0.003763	 0.003648	 0.000049	 0.000000	 0.000036	0.544393	 0.521832	 0.010693	 0.000000	 0.006595
146	 0.003593	 0.003431	 0.000062	 0.000000	 0.000067	0.547986	 0.525263	 0.010755	 0.000000	 0.006662
147	 0.003934	 0.003817	 0.000052	 0.000000	 0.000035	0.551920	 0.529080	 0.010807	 0.000000	 0.006697
148	 0.003529	 0.003349	 0.000080	 0.000000	 0.000068	0.555449	 0.532429	 0.010887	 0.000000	 0.006765
149	 0.004052	 0.003954	 0.000035	 0.000000	 0.000036	0.559501	 0.536383	 0.010922	 0.000000	 0.006801
150	 0.003654	 0.003492	 0.000059	 0.000000	 0.000070	0.563155	 0.539875	 0.010981	 0.000000	 0.006871
151	 0.003945	 0.003821	 0.000054	 0.000000	 0.000036	0.567100	 0.543696	 0.011035	 0.000000	 0.006907
152	 0.003711	 0.003487	 0.000107	 0.000000	 0.000078	0.570811	 0.547183	 0.011142	 0.000000	 0.006985
153	 0.003556	 0.003394	 0.000076	 0.000000	 0.000047	0.574367	 0.550577	 0.011218	 0.000000	 0.007032
154	 0.003683	 0.003470	 0.000095	 0.000000	 0.000075	0.578050	 0.554047	 0.011313	 0.000000	 0.007107
155	 0.003774	 0.003615	 0.000073	 0.000000	 0.000044	0.581824	 0.557662	 0.011386	 0.000000	 0.007151
156	 0.003800	 0.003560	 0.000117	 0.000000	 0.000079	0.585624	 0.561222	 0.011503	 0.000000	 0.007230
157	 0.003817	 0.003692	 0.000060	 0.000000	 0.000035	0.589441	 0.564914	 0.011563	 0.000000	 0.007265
158	 0.003630	 0.003443	 0.000079	 0.000000	 0.000071	0.593071	 0.568357	 0.011642	 0.000000	 0.007336
159	 0.003850	 0.003729	 0.000053	 0.000000	 0.000037	0.596921	 0.572086	 0.011695	 0.000000	 0.007373
160	 0.004089	 0.003903	 0.000084	 0.000000	 0.000071	0.601010	 0.575989	 0.011779	 0.000000	 0.007444
161	 0.004317	 0.004187	 0.000051	 0.000000	 0.000049	0.605327	 0.580176	 0.011830	 0.000000	 0.007493
162	 0.003577	 0.003374	 0.000084	 0.000000	 0.000081	0.608904	 0.583550	 0.011914	 0.000000	 0.007574
163	 0.005058	 0.004884	 0.000064	 0.000000	 0.000059	0.613962	 0.588434	 0.011978	 0.000000	 0.007633
164	 0.003821	 0.003497	 0.000157	 0.000000	 0.000109	0.617783	 0.591931	 0.012135	 0.000000	 0.007742
165	 0.003774	 0.003603	 0.000073	 0.000000	 0.000059	0.621557	 0.595534	 0.012208	 0.000000	 0.007801
166	 0.004100	 0.003916	 0.000069	 0.000000	 0.000081	0.625657	 0.599450	 0.012277	 0.000000	 0.007882
167	 0.004111	 0.003985	 0.000054	 0.000000	 0.000044	0.629768	 0.603435	 0.012331	 0.000000	 0.007926
168	 0.003426	 0.003232	 0.000079	 0.000000	 0.000079	0.633194	 0.606667	 0.012410	 0.000000	 0.008005
169	 0.003580	 0.003446	 0.000058	 0.000000	 0.000050	0.636774	 0.610113	 0.012468	 0.000000	 0.008055
170	 0.003553	 0.003356	 0.000086	 0.000000	 0.000081	0.640327	 0.613469	 0.012554	 0.000000	 0.008136
171	 0.003706	 0.003598	 0.000034	 0.000000	 0.000047	0.644033	 0.617067	 0.012588	 0.000000	 0.008183
172	 0.003434	 0.003235	 0.000083	 0.000000	 0.000084	0.647467	 0.620302	 0.012671	 0.000000	 0.008267
173	 0.003468	 0.003344	 0.000049	 0.000000	 0.000048	0.650935	 0.623646	 0.012720	 0.000000	 0.008315
174	 0.003795	 0.003612	 0.000067	 0.000000	 0.000087	0.654730	 0.627258	 0.012787	 0.000000	 0.008402
175	 0.003946	 0.003836	 0.000034	 0.000000	 0.000048	0.658676	 0.631094	 0.012821	 0.000000	 0.008450
176	 0.003817	 0.003620	 0.000081	 0.000000	 0.000084	0.662493	 0.634714	 0.012902	 0.000000	 0.008534
177	 0.003939	 0.003818	 0.000049	 0.000000	 0.000045	0.666432	 0.638532	 0.012951	 0.000000	 0.008579
178	 0.003997	 0.003815	 0.000065	 0.000000	 0.000085	0.670429	 0.642347	 0.013016	 0.000000	 0.008664
179	 0.003769	 0.003641	 0.000049	 0.000000	 0.000048	0.674198	 0.645988	 0.013065	 0.000000	 0.008712
180	 0.004297	 0.004093	 0.000082	 0.000000	 0.000087	0.678495	 0.650081	 0.013147	 0.000000	 0.008799
181	 0.004039	 0.003927	 0.000034	 0.000000	 0.000047	0.682534	 0.654008	 0.013181	 0.000000	 0.008846
182	 0.003788	 0.003612	 0.000062	 0.000000	 0.000084	0.686322	 0.657620	 0.013243	 0.000000	 0.008930
183	 0.004055	 0.003930	 0.000051	 0.000000	 0.000045	0.690377	 0.661550	 0.013294	 0.000000	 0.008975
184	 0.003782	 0.003585	 0.000081	 0.000000	 0.000087	0.694159	 0.665135	 0.013375	 0.000000	 0.009062
185	 0.003925	 0.003798	 0.000050	 0.000000	 0.000049	0.698084	 0.668933	 0.013425	 0.000000	 0.009111
186	 0.003951	 0.003750	 0.000082	 0.000000	 0.000086	0.702035	 0.672683	 0.013507	 0.000000	 0.009197
187	 0.003878	 0.003752	 0.000049	 0.000000	 0.000050	0.705913	 0.676435	 0.013556	 0.000000	 0.009247
188	 0.004542	 0.004331	 0.000084	 0.000000	 0.000085	0.710455	 0.680766	 0.013640	 0.000000	 0.009332
189	 0.003838	 0.003564	 0.000108	 0.000000	 0.000104	0.714293	 0.684330	 0.013748	 0.000000	 0.009436
190	 0.003500	 0.003087	 0.000157	 0.000000	 0.000181	0.717793	 0.687417	 0.013905	 0.000000	 0.009617
191	 0.004356	 0.004084	 0.000107	 0.000000	 0.000101	0.722149	 0.691501	 0.014012	 0.000000	 0.009718
192	 0.004170	 0.003782	 0.000144	 0.000000	 0.000180	0.726319	 0.695283	 0.014156	 0.000000	 0.009898
193	 0.003988	 0.003847	 0.000046	 0.000000	 0.000058	0.730307	 0.699130	 0.014202	 0.000000	 0.009956
194	 0.003848	 0.003588	 0.000112	 0.000000	 0.000097	0.734155	 0.702718	 0.014314	 0.000000	 0.010053
195	 0.004244	 0.003962	 0.000108	 0.000000	 0.000103	0.738399	 0.706680	 0.014422	 0.000000	 0.010156
196	 0.003935	 0.003682	 0.000114	 0.000000	 0.000100	0.742334	 0.710362	 0.014536	 0.000000	 0.010256
197	 0.004185	 0.004051	 0.000054	 0.000000	 0.000048	0.746519	 0.714413	 0.014590	 0.000000	 0.010304
198	 0.004202	 0.003988	 0.000090	 0.000000	 0.000088	0.750721	 0.718401	 0.014680	 0.000000	 0.010392
199	 0.003717	 0.003579	 0.000053	 0.000000	 0.000052	0.754438	 0.721980	 0.014733	 0.000000	 0.010444
200	 0.004174	 0.003960	 0.000081	 0.000000	 0.000089	0.758612	 0.725940	 0.014814	 0.000000	 0.010533
201	 0.003846	 0.003627	 0.000085	 0.000000	 0.000101	0.762458	 0.729567	 0.014899	 0.000000	 0.010634
202	 0.004079	 0.003833	 0.000091	 0.000000	 0.000093	0.766537	 0.733400	 0.014990	 0.000000	 0.010727
203	 0.004330	 0.004215	 0.000035	 0.000000	 0.000049	0.770867	 0.737615	 0.015025	 0.000000	 0.010776
204	 0.004121	 0.003910	 0.000090	 0.000000	 0.000087	0.774988	 0.741525	 0.015115	 0.000000	 0.010863
205	 0.003914	 0.003777	 0.000056	 0.000000	 0.000051	0.778902	 0.745302	 0.015171	 0.000000	 0.010914
206	 0.004265	 0.004062	 0.000080	 0.000000	 0.000089	0.783167	 0.749364	 0.015251	 0.000000	 0.011003
207	 0.003933	 0.003819	 0.000036	 0.000000	 0.000051	0.787100	 0.753183	 0.015287	 0.000000	 0.011054
208	 0.003983	 0.003775	 0.000088	 0.000000	 0.000091	0.791083	 0.756958	 0.015375	 0.000000	 0.011145
209	 0.003923	 0.003794	 0.000050	 0.000000	 0.000050	0.795006	 0.760752	 0.015425	 0.000000	 0.011195
210	 0.003920	 0.003714	 0.000083	 0.000000	 0.000089	0.798926	 0.764466	 0.015508	 0.000000	 0.011284
211	 0.004061	 0.003928	 0.000054	 0.000000	 0.000051	0.802987	 0.768394	 0.015562	 0.000000	 0.011335
212	 0.003902	 0.003716	 0.000065	 0.000000	 0.000089	0.806889	 0.772110	 0.015627	 0.000000	 0.011424
213	 0.004127	 0.004000	 0.000049	 0.000000	 0.000050	0.811016	 0.776110	 0.015676	 0.000000	 0.011474
214	 0.003806	 0.003600	 0.000082	 0.000000	 0.000091	0.814822	 0.779710	 0.015758	 0.000000	 0.011565
215	 0.003512	 0.003384	 0.000049	 0.000000	 0.000050	0.818334	 0.783094	 0.015807	 0.000000	 0.011615
216	 0.003803	 0.003595	 0.000084	 0.000000	 0.000092	0.822137	 0.786689	 0.015891	 0.000000	 0.011707
217	 0.004334	 0.004227	 0.000033	 0.000000	 0.000047	0.826471	 0.790916	 0.015924	 0.000000	 0.011754
218	 0.003819	 0.003606	 0.000090	 0.000000	 0.000092	0.830290	 0.794522	 0.016014	 0.000000	 0.011846
219	 0.003462	 0.003350	 0.000034	 0.000000	 0.000051	0.833752	 0.797872	 0.016048	 0.000000	 0.011897
220	 0.004002	 0.003820	 0.000063	 0.000000	 0.000088	0.837754	 0.801692	 0.016111	 0.000000	 0.011985
221	 0.003358	 0.003225	 0.000033	 0.000000	 0.000050	0.841112	 0.804917	 0.016144	 0.000000	 0.012035
222	 0.003925	 0.003622	 0.000136	 0.000000	 0.000115	0.845037	 0.808539	 0.016280	 0.000000	 0.012150
223	 0.003596	 0.003403	 0.000079	 0.000000	 0.000069	0.848633	 0.811942	 0.016359	 0.000000	 0.012219
224	 0.003767	 0.003506	 0.000107	 0.000000	 0.000105	0.852400	 0.815448	 0.016466	 0.000000	 0.012324
225	 0.003688	 0.003528	 0.000064	 0.000000	 0.000058	0.856088	 0.818976	 0.016530	 0.000000	 0.012382
226	 0.004049	 0.003820	 0.000083	 0.000000	 0.000102	0.860137	 0.822796	 0.016613	 0.000000	 0.012484
227	 0.004019	 0.003878	 0.000044	 0.000000	 0.000060	0.864156	 0.826674	 0.016657	 0.000000	 0.012544
228	 0.004814	 0.004564	 0.000105	 0.000000	 0.000099	0.868970	 0.831238	 0.016762	 0.000000	 0.012643
229	 0.004044	 0.003703	 0.000117	 0.000000	 0.000121	0.873014	 0.834941	 0.016879	 0.000000	 0.012764
230	 0.004127	 0.003876	 0.000087	 0.000000	 0.000109	0.877141	 0.838817	 0.016966	 0.000000	 0.012873
231	 0.004128	 0.003970	 0.000072	 0.000000	 0.000053	0.881269	 0.842787	 0.017038	 0.000000	 0.012926
232	 0.003760	 0.003561	 0.000070	 0.000000	 0.000097	0.885029	 0.846348	 0.017108	 0.000000	 0.013023
233	 0.004269	 0.004135	 0.000053	 0.000000	 0.000050	0.889298	 0.850483	 0.017161	 0.000000	 0.013073
234	 0.003663	 0.003447	 0.000084	 0.000000	 0.000095	0.892961	 0.853930	 0.017245	 0.000000	 0.013168
235	 0.003605	 0.003470	 0.000036	 0.000000	 0.000044	0.896566	 0.857400	 0.017281	 0.000000	 0.013212
236	 0.004180	 0.004029	 0.000063	 0.000000	 0.000048	0.900746	 0.861429	 0.017344	 0.000000	 0.013260
237	 0.003593	 0.003380	 0.000085	 0.000000	 0.000088	0.904339	 0.864809	 0.017429	 0.000000	 0.013348
238	 0.003777	 0.003634	 0.000053	 0.000000	 0.000056	0.908116	 0.868443	 0.017482	 0.000000	 0.013404
239	 0.003772	 0.003574	 0.000070	 0.000000	 0.000095	0.911888	 0.872017	 0.017552	 0.000000	 0.013499
240	 0.003990	 0.003846	 0.000055	 0.000000	 0.000052	0.915878	 0.875863	 0.017607	 0.000000	 0.013551
241	 0.003970	 0.003751	 0.000088	 0.000000	 0.000094	0.919848	 0.879614	 0.017695	 0.000000	 0.013645
242	 0.003855	 0.003683	 0.000072	 0.000000	 0.000065	0.923703	 0.883297	 0.017767	 0.000000	 0.013710
243	 0.004264	 0.004067	 0.000070	 0.000000	 0.000093	0.927967	 0.887364	 0.017837	 0.000000	 0.013803
244	 0.003817	 0.003680	 0.000056	 0.000000	 0.000053	0.931784	 0.891044	 0.017893	 0.000000	 0.013856
245	 0.004059	 0.003865	 0.000067	 0.000000	 0.000095	0.935843	 0.894909	 0.017960	 0.000000	 0.013951
246	 0.003845	 0.003711	 0.000050	 0.000000	 0.000052	0.939688	 0.898620	 0.018010	 0.000000	 0.014003
247	 0.003977	 0.003767	 0.000081	 0.000000	 0.000098	0.943665	 0.902387	 0.018091	 0.000000	 0.014101
248	 0.004650	 0.004524	 0.000049	 0.000000	 0.000052	0.948315	 0.906911	 0.018140	 0.000000	 0.014153
249	 0.003898	 0.003684	 0.000081	 0.000000	 0.000097	0.952213	 0.910595	 0.018221	 0.000000	 0.014250
250	 0.003441	 0.003312	 0.000049	 0.000000	 0.000051	0.955654	 0.913907	 0.018270	 0.000000	 0.014301
251	 0.003887	 0.003674	 0.000080	 0.000000	 0.000100	0.959541	 0.917581	 0.018350	 0.000000	 0.014401
252	 0.003654	 0.003521	 0.000048	 0.000000	 0.000054	0.963195	 0.921102	 0.018398	 0.000000	 0.014455
253	 0.003857	 0.003643	 0.000085	 0.000000	 0.000098	0.967052	 0.924745	 0.018483	 0.000000	 0.014553
254	 0.003567	 0.003438	 0.000049	 0.000000	 0.000052	0.970619	 0.928183	 0.018532	 0.000000	 0.014605
255	 0.003892	 0.003691	 0.000065	 0.000000	 0.000098	0.974511	 0.931874	 0.018597	 0.000000	 0.014703
256	 0.003759	 0.003570	 0.000075	 0.000000	 0.000071	0.978270	 0.935444	 0.018672	 0.000000	 0.014774
257	 0.004050	 0.003788	 0.000107	 0.000000	 0.000109	0.982320	 0.939232	 0.018779	 0.000000	 0.014883
258	 0.003713	 0.003522	 0.000073	 0.000000	 0.000073	0.986033	 0.942754	 0.018852	 0.000000	 0.014956
259	 0.003837	 0.003549	 0.000115	 0.000000	 0.000129	0.989870	 0.946303	 0.018967	 0.000000	 0.015085
