Iter	 Iter_time	 Master	 Subprob	 Full_Test	 argmax	Iter_acc	 Master_acc	 Subprob_acc	 Full_Test_acc	 argmax_acc
1	 0.001268	 0.000919	 0.000237	 0.000000	 0.000057	0.001268	 0.000919	 0.000237	 0.000000	 0.000057
2	 0.003347	 0.003126	 0.000122	 0.000000	 0.000048	0.004615	 0.004045	 0.000359	 0.000000	 0.000105
3	 0.003320	 0.003229	 0.000042	 0.000000	 0.000016	0.007935	 0.007274	 0.000401	 0.000000	 0.000121
4	 0.003677	 0.003567	 0.000060	 0.000000	 0.000019	0.011612	 0.010841	 0.000461	 0.000000	 0.000140
5	 0.004500	 0.004260	 0.000138	 0.000000	 0.000053	0.016112	 0.015101	 0.000599	 0.000000	 0.000193
6	 0.003725	 0.003606	 0.000047	 0.000000	 0.000037	0.019837	 0.018707	 0.000646	 0.000000	 0.000230
7	 0.004163	 0.004036	 0.000068	 0.000000	 0.000022	0.024000	 0.022743	 0.000714	 0.000000	 0.000252
8	 0.003373	 0.003250	 0.000053	 0.000000	 0.000033	0.027373	 0.025993	 0.000767	 0.000000	 0.000285
9	 0.003981	 0.003729	 0.000136	 0.000000	 0.000072	0.031354	 0.029722	 0.000903	 0.000000	 0.000357
10	 0.003630	 0.003527	 0.000043	 0.000000	 0.000026	0.034984	 0.033249	 0.000946	 0.000000	 0.000383
11	 0.003794	 0.003545	 0.000107	 0.000000	 0.000074	0.038778	 0.036794	 0.001053	 0.000000	 0.000457
12	 0.003275	 0.003169	 0.000045	 0.000000	 0.000028	0.042053	 0.039963	 0.001098	 0.000000	 0.000485
13	 0.003087	 0.002909	 0.000100	 0.000000	 0.000041	0.045140	 0.042872	 0.001198	 0.000000	 0.000526
14	 0.004688	 0.004586	 0.000040	 0.000000	 0.000028	0.049828	 0.047458	 0.001238	 0.000000	 0.000554
15	 0.004109	 0.003874	 0.000127	 0.000000	 0.000053	0.053937	 0.051332	 0.001365	 0.000000	 0.000607
16	 0.004669	 0.004469	 0.000113	 0.000000	 0.000040	0.058606	 0.055801	 0.001478	 0.000000	 0.000647
17	 0.004696	 0.004491	 0.000119	 0.000000	 0.000045	0.063302	 0.060292	 0.001597	 0.000000	 0.000692
18	 0.003391	 0.003279	 0.000052	 0.000000	 0.000024	0.066693	 0.063571	 0.001649	 0.000000	 0.000716
19	 0.004567	 0.004329	 0.000132	 0.000000	 0.000054	0.071260	 0.067900	 0.001781	 0.000000	 0.000770
20	 0.004825	 0.004694	 0.000066	 0.000000	 0.000029	0.076085	 0.072594	 0.001847	 0.000000	 0.000799
21	 0.004588	 0.004397	 0.000095	 0.000000	 0.000057	0.080673	 0.076991	 0.001942	 0.000000	 0.000856
22	 0.004628	 0.004488	 0.000072	 0.000000	 0.000031	0.085301	 0.081479	 0.002014	 0.000000	 0.000887
23	 0.003993	 0.003780	 0.000116	 0.000000	 0.000055	0.089294	 0.085259	 0.002130	 0.000000	 0.000942
24	 0.004106	 0.003981	 0.000063	 0.000000	 0.000027	0.093400	 0.089240	 0.002193	 0.000000	 0.000969
25	 0.004489	 0.004285	 0.000106	 0.000000	 0.000056	0.097889	 0.093525	 0.002299	 0.000000	 0.001025
26	 0.003837	 0.003707	 0.000064	 0.000000	 0.000031	0.101726	 0.097232	 0.002363	 0.000000	 0.001056
27	 0.004636	 0.004451	 0.000091	 0.000000	 0.000057	0.106362	 0.101683	 0.002454	 0.000000	 0.001113
28	 0.004655	 0.004564	 0.000034	 0.000000	 0.000023	0.111017	 0.106247	 0.002488	 0.000000	 0.001136
29	 0.004307	 0.004137	 0.000083	 0.000000	 0.000047	0.115324	 0.110384	 0.002571	 0.000000	 0.001183
30	 0.004223	 0.004104	 0.000064	 0.000000	 0.000027	0.119547	 0.114488	 0.002635	 0.000000	 0.001210
31	 0.004178	 0.004000	 0.000093	 0.000000	 0.000045	0.123725	 0.118488	 0.002728	 0.000000	 0.001255
32	 0.003827	 0.003705	 0.000045	 0.000000	 0.000032	0.127552	 0.122193	 0.002773	 0.000000	 0.001287
33	 0.004258	 0.004052	 0.000111	 0.000000	 0.000051	0.131810	 0.126245	 0.002884	 0.000000	 0.001338
34	 0.004072	 0.003939	 0.000064	 0.000000	 0.000031	0.135882	 0.130184	 0.002948	 0.000000	 0.001369
35	 0.003924	 0.003761	 0.000074	 0.000000	 0.000051	0.139806	 0.133945	 0.003022	 0.000000	 0.001420
36	 0.003899	 0.003774	 0.000052	 0.000000	 0.000034	0.143705	 0.137719	 0.003074	 0.000000	 0.001454
37	 0.003743	 0.003526	 0.000116	 0.000000	 0.000069	0.147448	 0.141245	 0.003190	 0.000000	 0.001523
38	 0.003552	 0.003461	 0.000038	 0.000000	 0.000026	0.151000	 0.144706	 0.003228	 0.000000	 0.001549
39	 0.003673	 0.003501	 0.000090	 0.000000	 0.000050	0.154673	 0.148207	 0.003318	 0.000000	 0.001599
40	 0.003458	 0.003357	 0.000049	 0.000000	 0.000026	0.158131	 0.151564	 0.003367	 0.000000	 0.001625
41	 0.003741	 0.003582	 0.000083	 0.000000	 0.000047	0.161872	 0.155146	 0.003450	 0.000000	 0.001672
42	 0.003836	 0.003751	 0.000034	 0.000000	 0.000026	0.165708	 0.158897	 0.003484	 0.000000	 0.001698
43	 0.003891	 0.003730	 0.000077	 0.000000	 0.000049	0.169599	 0.162627	 0.003561	 0.000000	 0.001747
44	 0.004085	 0.003984	 0.000046	 0.000000	 0.000027	0.173684	 0.166611	 0.003607	 0.000000	 0.001774
45	 0.003934	 0.003681	 0.000120	 0.000000	 0.000078	0.177618	 0.170292	 0.003727	 0.000000	 0.001852
46	 0.003664	 0.003510	 0.000079	 0.000000	 0.000037	0.181282	 0.173802	 0.003806	 0.000000	 0.001889
47	 0.004324	 0.004153	 0.000083	 0.000000	 0.000054	0.185606	 0.177955	 0.003889	 0.000000	 0.001943
48	 0.003920	 0.003809	 0.000049	 0.000000	 0.000033	0.189526	 0.181764	 0.003938	 0.000000	 0.001976
49	 0.005033	 0.004863	 0.000082	 0.000000	 0.000054	0.194559	 0.186627	 0.004020	 0.000000	 0.002030
50	 0.003850	 0.003729	 0.000058	 0.000000	 0.000031	0.198409	 0.190356	 0.004078	 0.000000	 0.002061
51	 0.004023	 0.003848	 0.000086	 0.000000	 0.000052	0.202432	 0.194204	 0.004164	 0.000000	 0.002113
52	 0.003992	 0.003893	 0.000038	 0.000000	 0.000031	0.206424	 0.198097	 0.004202	 0.000000	 0.002144
53	 0.003806	 0.003641	 0.000065	 0.000000	 0.000054	0.210230	 0.201738	 0.004267	 0.000000	 0.002198
54	 0.004458	 0.004335	 0.000058	 0.000000	 0.000032	0.214688	 0.206073	 0.004325	 0.000000	 0.002230
55	 0.004318	 0.004140	 0.000084	 0.000000	 0.000057	0.219006	 0.210213	 0.004409	 0.000000	 0.002287
56	 0.003991	 0.003894	 0.000036	 0.000000	 0.000030	0.222997	 0.214107	 0.004445	 0.000000	 0.002317
57	 0.003711	 0.003534	 0.000083	 0.000000	 0.000060	0.226708	 0.217641	 0.004528	 0.000000	 0.002377
58	 0.004537	 0.004437	 0.000037	 0.000000	 0.000030	0.231245	 0.222078	 0.004565	 0.000000	 0.002407
59	 0.003964	 0.003783	 0.000084	 0.000000	 0.000055	0.235209	 0.225861	 0.004649	 0.000000	 0.002462
60	 0.003824	 0.003702	 0.000055	 0.000000	 0.000033	0.239033	 0.229563	 0.004704	 0.000000	 0.002495
61	 0.003949	 0.003768	 0.000086	 0.000000	 0.000059	0.242982	 0.233331	 0.004790	 0.000000	 0.002554
62	 0.004572	 0.004448	 0.000052	 0.000000	 0.000041	0.247554	 0.237779	 0.004842	 0.000000	 0.002595
63	 0.004620	 0.004453	 0.000067	 0.000000	 0.000065	0.252174	 0.242232	 0.004909	 0.000000	 0.002660
64	 0.003699	 0.003605	 0.000035	 0.000000	 0.000031	0.255873	 0.245837	 0.004944	 0.000000	 0.002691
65	 0.003523	 0.003376	 0.000059	 0.000000	 0.000054	0.259396	 0.249213	 0.005003	 0.000000	 0.002745
66	 0.003714	 0.003589	 0.000045	 0.000000	 0.000035	0.263110	 0.252802	 0.005048	 0.000000	 0.002780
67	 0.003898	 0.003784	 0.000040	 0.000000	 0.000040	0.267008	 0.256586	 0.005088	 0.000000	 0.002820
68	 0.003520	 0.003338	 0.000075	 0.000000	 0.000069	0.270528	 0.259924	 0.005163	 0.000000	 0.002889
69	 0.004635	 0.004520	 0.000043	 0.000000	 0.000039	0.275163	 0.264444	 0.005206	 0.000000	 0.002928
70	 0.003581	 0.003399	 0.000073	 0.000000	 0.000069	0.278744	 0.267843	 0.005279	 0.000000	 0.002997
71	 0.003324	 0.003218	 0.000039	 0.000000	 0.000039	0.282068	 0.271061	 0.005318	 0.000000	 0.003036
72	 0.003500	 0.003345	 0.000064	 0.000000	 0.000059	0.285568	 0.274406	 0.005382	 0.000000	 0.003095
73	 0.003871	 0.003732	 0.000073	 0.000000	 0.000035	0.289439	 0.278138	 0.005455	 0.000000	 0.003130
74	 0.003073	 0.002876	 0.000096	 0.000000	 0.000062	0.292512	 0.281014	 0.005551	 0.000000	 0.003192
75	 0.003397	 0.003190	 0.000068	 0.000000	 0.000084	0.295909	 0.284204	 0.005619	 0.000000	 0.003276
76	 0.003460	 0.003256	 0.000079	 0.000000	 0.000082	0.299369	 0.287460	 0.005698	 0.000000	 0.003358
77	 0.004040	 0.003897	 0.000069	 0.000000	 0.000045	0.303409	 0.291357	 0.005767	 0.000000	 0.003403
78	 0.004404	 0.004221	 0.000084	 0.000000	 0.000070	0.307813	 0.295578	 0.005851	 0.000000	 0.003473
79	 0.003940	 0.003830	 0.000051	 0.000000	 0.000033	0.311753	 0.299408	 0.005902	 0.000000	 0.003506
80	 0.003685	 0.003513	 0.000074	 0.000000	 0.000059	0.315438	 0.302921	 0.005976	 0.000000	 0.003565
81	 0.003894	 0.003779	 0.000054	 0.000000	 0.000033	0.319332	 0.306700	 0.006030	 0.000000	 0.003598
82	 0.003492	 0.003323	 0.000078	 0.000000	 0.000062	0.322824	 0.310023	 0.006108	 0.000000	 0.003660
83	 0.003552	 0.003466	 0.000033	 0.000000	 0.000030	0.326376	 0.313489	 0.006141	 0.000000	 0.003690
84	 0.004134	 0.003990	 0.000056	 0.000000	 0.000058	0.330510	 0.317479	 0.006197	 0.000000	 0.003748
85	 0.003751	 0.003663	 0.000031	 0.000000	 0.000031	0.334261	 0.321142	 0.006228	 0.000000	 0.003779
86	 0.003294	 0.003126	 0.000078	 0.000000	 0.000060	0.337555	 0.324268	 0.006306	 0.000000	 0.003839
87	 0.003535	 0.003421	 0.000045	 0.000000	 0.000041	0.341090	 0.327689	 0.006351	 0.000000	 0.003880
88	 0.003905	 0.003731	 0.000073	 0.000000	 0.000068	0.344995	 0.331420	 0.006424	 0.000000	 0.003948
89	 0.004051	 0.003940	 0.000048	 0.000000	 0.000034	0.349046	 0.335360	 0.006472	 0.000000	 0.003982
90	 0.003575	 0.003428	 0.000063	 0.000000	 0.000057	0.352621	 0.338788	 0.006535	 0.000000	 0.004039
91	 0.003513	 0.003411	 0.000032	 0.000000	 0.000042	0.356134	 0.342199	 0.006567	 0.000000	 0.004081
92	 0.003572	 0.003387	 0.000080	 0.000000	 0.000071	0.359706	 0.345586	 0.006647	 0.000000	 0.004152
93	 0.003794	 0.003698	 0.000033	 0.000000	 0.000040	0.363500	 0.349284	 0.006680	 0.000000	 0.004192
94	 0.003888	 0.003698	 0.000078	 0.000000	 0.000073	0.367388	 0.352982	 0.006758	 0.000000	 0.004265
95	 0.003606	 0.003514	 0.000032	 0.000000	 0.000033	0.370994	 0.356496	 0.006790	 0.000000	 0.004298
96	 0.004527	 0.004380	 0.000057	 0.000000	 0.000061	0.375521	 0.360876	 0.006847	 0.000000	 0.004359
97	 0.003323	 0.003229	 0.000032	 0.000000	 0.000033	0.378844	 0.364105	 0.006879	 0.000000	 0.004392
98	 0.004247	 0.004071	 0.000085	 0.000000	 0.000061	0.383091	 0.368176	 0.006964	 0.000000	 0.004453
99	 0.003198	 0.003093	 0.000047	 0.000000	 0.000035	0.386289	 0.371269	 0.007011	 0.000000	 0.004488
100	 0.003728	 0.003561	 0.000071	 0.000000	 0.000063	0.390017	 0.374830	 0.007082	 0.000000	 0.004551
101	 0.003365	 0.003273	 0.000033	 0.000000	 0.000034	0.393382	 0.378103	 0.007115	 0.000000	 0.004585
102	 0.003876	 0.003677	 0.000076	 0.000000	 0.000063	0.397258	 0.381780	 0.007191	 0.000000	 0.004648
103	 0.003670	 0.003566	 0.000033	 0.000000	 0.000045	0.400928	 0.385346	 0.007224	 0.000000	 0.004693
104	 0.004170	 0.004009	 0.000059	 0.000000	 0.000075	0.405098	 0.389355	 0.007283	 0.000000	 0.004768
105	 0.003431	 0.003320	 0.000048	 0.000000	 0.000036	0.408529	 0.392675	 0.007331	 0.000000	 0.004804
106	 0.003795	 0.003632	 0.000072	 0.000000	 0.000063	0.412324	 0.396307	 0.007403	 0.000000	 0.004867
107	 0.003364	 0.003269	 0.000031	 0.000000	 0.000034	0.415688	 0.399576	 0.007434	 0.000000	 0.004901
108	 0.003723	 0.003572	 0.000058	 0.000000	 0.000064	0.419411	 0.403148	 0.007492	 0.000000	 0.004965
109	 0.003925	 0.003815	 0.000047	 0.000000	 0.000035	0.423336	 0.406963	 0.007539	 0.000000	 0.005000
110	 0.003480	 0.003300	 0.000072	 0.000000	 0.000068	0.426816	 0.410263	 0.007611	 0.000000	 0.005068
111	 0.003458	 0.003348	 0.000046	 0.000000	 0.000037	0.430274	 0.413611	 0.007657	 0.000000	 0.005105
112	 0.003374	 0.003202	 0.000072	 0.000000	 0.000066	0.433648	 0.416813	 0.007729	 0.000000	 0.005171
113	 0.003804	 0.003696	 0.000051	 0.000000	 0.000034	0.437452	 0.420509	 0.007780	 0.000000	 0.005205
114	 0.003814	 0.003656	 0.000061	 0.000000	 0.000069	0.441266	 0.424165	 0.007841	 0.000000	 0.005274
115	 0.004000	 0.003879	 0.000052	 0.000000	 0.000038	0.445266	 0.428044	 0.007893	 0.000000	 0.005312
116	 0.003601	 0.003426	 0.000079	 0.000000	 0.000066	0.448867	 0.431470	 0.007972	 0.000000	 0.005378
117	 0.003603	 0.003498	 0.000046	 0.000000	 0.000034	0.452470	 0.434968	 0.008018	 0.000000	 0.005412
118	 0.003868	 0.003700	 0.000072	 0.000000	 0.000065	0.456338	 0.438668	 0.008090	 0.000000	 0.005477
119	 0.003392	 0.003300	 0.000032	 0.000000	 0.000032	0.459730	 0.441968	 0.008122	 0.000000	 0.005509
120	 0.003677	 0.003521	 0.000059	 0.000000	 0.000070	0.463407	 0.445489	 0.008181	 0.000000	 0.005579
121	 0.003760	 0.003663	 0.000034	 0.000000	 0.000037	0.467167	 0.449152	 0.008215	 0.000000	 0.005616
122	 0.003305	 0.003145	 0.000056	 0.000000	 0.000069	0.470472	 0.452297	 0.008271	 0.000000	 0.005685
123	 0.003558	 0.003428	 0.000046	 0.000000	 0.000046	0.474030	 0.455725	 0.008317	 0.000000	 0.005731
124	 0.003610	 0.003383	 0.000113	 0.000000	 0.000077	0.477640	 0.459108	 0.008430	 0.000000	 0.005808
125	 0.003384	 0.003268	 0.000051	 0.000000	 0.000038	0.481024	 0.462376	 0.008481	 0.000000	 0.005846
126	 0.003445	 0.003271	 0.000079	 0.000000	 0.000068	0.484469	 0.465647	 0.008560	 0.000000	 0.005914
127	 0.003444	 0.003333	 0.000048	 0.000000	 0.000036	0.487913	 0.468980	 0.008608	 0.000000	 0.005950
128	 0.003766	 0.003587	 0.000075	 0.000000	 0.000073	0.491679	 0.472567	 0.008683	 0.000000	 0.006023
129	 0.003472	 0.003357	 0.000051	 0.000000	 0.000037	0.495151	 0.475924	 0.008734	 0.000000	 0.006060
130	 0.004038	 0.003858	 0.000077	 0.000000	 0.000073	0.499189	 0.479782	 0.008811	 0.000000	 0.006133
131	 0.003407	 0.003280	 0.000050	 0.000000	 0.000035	0.502596	 0.483062	 0.008861	 0.000000	 0.006168
132	 0.003998	 0.003876	 0.000051	 0.000000	 0.000041	0.506594	 0.486938	 0.008912	 0.000000	 0.006209
133	 0.003469	 0.003291	 0.000074	 0.000000	 0.000072	0.510063	 0.490229	 0.008986	 0.000000	 0.006281
134	 0.003575	 0.003476	 0.000035	 0.000000	 0.000039	0.513638	 0.493705	 0.009021	 0.000000	 0.006320
135	 0.003668	 0.003507	 0.000056	 0.000000	 0.000072	0.517306	 0.497212	 0.009077	 0.000000	 0.006392
136	 0.003938	 0.003843	 0.000032	 0.000000	 0.000037	0.521244	 0.501055	 0.009109	 0.000000	 0.006429
137	 0.003862	 0.003679	 0.000076	 0.000000	 0.000074	0.525106	 0.504734	 0.009185	 0.000000	 0.006503
138	 0.003566	 0.003457	 0.000043	 0.000000	 0.000038	0.528672	 0.508191	 0.009228	 0.000000	 0.006541
139	 0.003477	 0.003300	 0.000076	 0.000000	 0.000070	0.532149	 0.511491	 0.009304	 0.000000	 0.006611
140	 0.004124	 0.004011	 0.000050	 0.000000	 0.000036	0.536273	 0.515502	 0.009354	 0.000000	 0.006647
141	 0.003394	 0.003226	 0.000062	 0.000000	 0.000073	0.539667	 0.518728	 0.009416	 0.000000	 0.006720
142	 0.003616	 0.003509	 0.000047	 0.000000	 0.000035	0.543283	 0.522237	 0.009463	 0.000000	 0.006755
143	 0.004052	 0.003884	 0.000061	 0.000000	 0.000076	0.547335	 0.526121	 0.009524	 0.000000	 0.006831
144	 0.003583	 0.003486	 0.000033	 0.000000	 0.000040	0.550918	 0.529607	 0.009557	 0.000000	 0.006871
145	 0.004093	 0.003908	 0.000076	 0.000000	 0.000074	0.555011	 0.533515	 0.009633	 0.000000	 0.006945
146	 0.003624	 0.003497	 0.000046	 0.000000	 0.000040	0.558635	 0.537012	 0.009679	 0.000000	 0.006985
147	 0.003859	 0.003747	 0.000047	 0.000000	 0.000040	0.562494	 0.540759	 0.009726	 0.000000	 0.007025
148	 0.003528	 0.003348	 0.000073	 0.000000	 0.000076	0.566022	 0.544107	 0.009799	 0.000000	 0.007101
149	 0.004213	 0.004099	 0.000046	 0.000000	 0.000041	0.570235	 0.548206	 0.009845	 0.000000	 0.007142
150	 0.004410	 0.004241	 0.000062	 0.000000	 0.000078	0.574645	 0.552447	 0.009907	 0.000000	 0.007220
151	 0.003902	 0.003781	 0.000054	 0.000000	 0.000041	0.578547	 0.556228	 0.009961	 0.000000	 0.007261
152	 0.003663	 0.003484	 0.000078	 0.000000	 0.000072	0.582210	 0.559712	 0.010039	 0.000000	 0.007333
153	 0.003509	 0.003388	 0.000054	 0.000000	 0.000040	0.585719	 0.563100	 0.010093	 0.000000	 0.007373
154	 0.004400	 0.004213	 0.000079	 0.000000	 0.000078	0.590119	 0.567313	 0.010172	 0.000000	 0.007451
155	 0.003599	 0.003502	 0.000033	 0.000000	 0.000040	0.593718	 0.570815	 0.010205	 0.000000	 0.007491
156	 0.003872	 0.003690	 0.000079	 0.000000	 0.000075	0.597590	 0.574505	 0.010284	 0.000000	 0.007566
157	 0.003503	 0.003391	 0.000047	 0.000000	 0.000037	0.601093	 0.577896	 0.010331	 0.000000	 0.007603
158	 0.003691	 0.003522	 0.000060	 0.000000	 0.000077	0.604784	 0.581418	 0.010391	 0.000000	 0.007680
159	 0.003825	 0.003691	 0.000055	 0.000000	 0.000041	0.608609	 0.585109	 0.010446	 0.000000	 0.007721
160	 0.003830	 0.003718	 0.000050	 0.000000	 0.000037	0.612439	 0.588827	 0.010496	 0.000000	 0.007758
161	 0.003510	 0.003321	 0.000078	 0.000000	 0.000076	0.615949	 0.592148	 0.010574	 0.000000	 0.007834
162	 0.003475	 0.003357	 0.000050	 0.000000	 0.000041	0.619424	 0.595505	 0.010624	 0.000000	 0.007875
163	 0.003700	 0.003526	 0.000061	 0.000000	 0.000080	0.623124	 0.599031	 0.010685	 0.000000	 0.007955
164	 0.003845	 0.003726	 0.000050	 0.000000	 0.000041	0.626969	 0.602757	 0.010735	 0.000000	 0.007996
165	 0.003978	 0.003778	 0.000074	 0.000000	 0.000081	0.630947	 0.606535	 0.010809	 0.000000	 0.008077
166	 0.004334	 0.004220	 0.000034	 0.000000	 0.000053	0.635281	 0.610755	 0.010843	 0.000000	 0.008130
167	 0.003628	 0.003425	 0.000086	 0.000000	 0.000088	0.638909	 0.614180	 0.010929	 0.000000	 0.008218
168	 0.004136	 0.004016	 0.000053	 0.000000	 0.000039	0.643045	 0.618196	 0.010982	 0.000000	 0.008257
169	 0.004094	 0.003909	 0.000073	 0.000000	 0.000081	0.647139	 0.622105	 0.011055	 0.000000	 0.008338
170	 0.004079	 0.003954	 0.000051	 0.000000	 0.000048	0.651218	 0.626059	 0.011106	 0.000000	 0.008386
171	 0.003797	 0.003606	 0.000062	 0.000000	 0.000089	0.655015	 0.629665	 0.011168	 0.000000	 0.008475
172	 0.003527	 0.003404	 0.000048	 0.000000	 0.000049	0.658542	 0.633069	 0.011216	 0.000000	 0.008524
173	 0.003759	 0.003578	 0.000062	 0.000000	 0.000090	0.662301	 0.636647	 0.011278	 0.000000	 0.008614
174	 0.003782	 0.003657	 0.000046	 0.000000	 0.000050	0.666083	 0.640304	 0.011324	 0.000000	 0.008664
175	 0.003778	 0.003575	 0.000076	 0.000000	 0.000098	0.669861	 0.643879	 0.011400	 0.000000	 0.008762
176	 0.003485	 0.003376	 0.000032	 0.000000	 0.000050	0.673346	 0.647255	 0.011432	 0.000000	 0.008812
177	 0.003704	 0.003525	 0.000058	 0.000000	 0.000088	0.677050	 0.650780	 0.011490	 0.000000	 0.008900
178	 0.004071	 0.003944	 0.000049	 0.000000	 0.000052	0.681121	 0.654724	 0.011539	 0.000000	 0.008952
179	 0.004073	 0.003889	 0.000061	 0.000000	 0.000091	0.685194	 0.658613	 0.011600	 0.000000	 0.009043
180	 0.004184	 0.004060	 0.000048	 0.000000	 0.000053	0.689378	 0.662673	 0.011648	 0.000000	 0.009096
181	 0.003589	 0.003392	 0.000074	 0.000000	 0.000090	0.692967	 0.666065	 0.011722	 0.000000	 0.009186
182	 0.003805	 0.003697	 0.000032	 0.000000	 0.000050	0.696772	 0.669762	 0.011754	 0.000000	 0.009236
183	 0.003900	 0.003724	 0.000057	 0.000000	 0.000090	0.700672	 0.673486	 0.011811	 0.000000	 0.009326
184	 0.003364	 0.003237	 0.000032	 0.000000	 0.000052	0.704036	 0.676723	 0.011843	 0.000000	 0.009378
185	 0.004037	 0.003907	 0.000049	 0.000000	 0.000054	0.708073	 0.680630	 0.011892	 0.000000	 0.009432
186	 0.003933	 0.003748	 0.000061	 0.000000	 0.000094	0.712006	 0.684378	 0.011953	 0.000000	 0.009526
187	 0.003907	 0.003776	 0.000050	 0.000000	 0.000052	0.715913	 0.688154	 0.012003	 0.000000	 0.009578
188	 0.003529	 0.003323	 0.000080	 0.000000	 0.000096	0.719442	 0.691477	 0.012083	 0.000000	 0.009674
189	 0.004166	 0.004051	 0.000032	 0.000000	 0.000051	0.723608	 0.695528	 0.012115	 0.000000	 0.009725
190	 0.003601	 0.003415	 0.000060	 0.000000	 0.000097	0.727209	 0.698943	 0.012175	 0.000000	 0.009822
191	 0.004214	 0.004101	 0.000032	 0.000000	 0.000054	0.731423	 0.703044	 0.012207	 0.000000	 0.009876
192	 0.003791	 0.003614	 0.000058	 0.000000	 0.000091	0.735214	 0.706658	 0.012265	 0.000000	 0.009967
193	 0.003537	 0.003431	 0.000032	 0.000000	 0.000049	0.738751	 0.710089	 0.012297	 0.000000	 0.010016
194	 0.003688	 0.003501	 0.000058	 0.000000	 0.000096	0.742439	 0.713590	 0.012355	 0.000000	 0.010112
195	 0.003680	 0.003568	 0.000033	 0.000000	 0.000054	0.746119	 0.717158	 0.012388	 0.000000	 0.010166
196	 0.003855	 0.003645	 0.000085	 0.000000	 0.000092	0.749974	 0.720803	 0.012473	 0.000000	 0.010258
197	 0.003762	 0.003633	 0.000050	 0.000000	 0.000052	0.753736	 0.724436	 0.012523	 0.000000	 0.010310
198	 0.003928	 0.003740	 0.000061	 0.000000	 0.000097	0.757664	 0.728176	 0.012584	 0.000000	 0.010407
199	 0.003895	 0.003779	 0.000032	 0.000000	 0.000053	0.761559	 0.731955	 0.012616	 0.000000	 0.010460
200	 0.003849	 0.003656	 0.000060	 0.000000	 0.000098	0.765408	 0.735611	 0.012676	 0.000000	 0.010558
201	 0.003740	 0.003606	 0.000050	 0.000000	 0.000055	0.769148	 0.739217	 0.012726	 0.000000	 0.010613
202	 0.003829	 0.003604	 0.000074	 0.000000	 0.000097	0.772977	 0.742821	 0.012800	 0.000000	 0.010710
203	 0.003997	 0.003880	 0.000034	 0.000000	 0.000057	0.776974	 0.746701	 0.012834	 0.000000	 0.010767
204	 0.003840	 0.003633	 0.000081	 0.000000	 0.000096	0.780814	 0.750334	 0.012915	 0.000000	 0.010863
205	 0.004032	 0.003887	 0.000050	 0.000000	 0.000055	0.784846	 0.754221	 0.012965	 0.000000	 0.010918
206	 0.003996	 0.003864	 0.000047	 0.000000	 0.000056	0.788842	 0.758085	 0.013012	 0.000000	 0.010974
207	 0.004409	 0.004204	 0.000075	 0.000000	 0.000100	0.793251	 0.762289	 0.013087	 0.000000	 0.011074
208	 0.004140	 0.004012	 0.000046	 0.000000	 0.000054	0.797391	 0.766301	 0.013133	 0.000000	 0.011128
209	 0.004206	 0.003999	 0.000076	 0.000000	 0.000101	0.801597	 0.770300	 0.013209	 0.000000	 0.011229
210	 0.003639	 0.003512	 0.000046	 0.000000	 0.000054	0.805236	 0.773812	 0.013255	 0.000000	 0.011283
211	 0.003968	 0.003761	 0.000075	 0.000000	 0.000100	0.809204	 0.777573	 0.013330	 0.000000	 0.011383
212	 0.003284	 0.003170	 0.000033	 0.000000	 0.000055	0.812488	 0.780743	 0.013363	 0.000000	 0.011438
213	 0.003972	 0.003758	 0.000082	 0.000000	 0.000102	0.816460	 0.784501	 0.013445	 0.000000	 0.011540
214	 0.003642	 0.003510	 0.000049	 0.000000	 0.000055	0.820102	 0.788011	 0.013494	 0.000000	 0.011595
215	 0.004056	 0.003864	 0.000061	 0.000000	 0.000100	0.824158	 0.791875	 0.013555	 0.000000	 0.011695
216	 0.003561	 0.003427	 0.000052	 0.000000	 0.000055	0.827719	 0.795302	 0.013607	 0.000000	 0.011750
217	 0.004328	 0.004127	 0.000074	 0.000000	 0.000099	0.832047	 0.799429	 0.013681	 0.000000	 0.011849
218	 0.003893	 0.003758	 0.000050	 0.000000	 0.000056	0.835940	 0.803187	 0.013731	 0.000000	 0.011905
219	 0.004194	 0.003984	 0.000075	 0.000000	 0.000104	0.840134	 0.807171	 0.013806	 0.000000	 0.012009
220	 0.003887	 0.003772	 0.000033	 0.000000	 0.000053	0.844021	 0.810943	 0.013839	 0.000000	 0.012062
221	 0.003606	 0.003413	 0.000061	 0.000000	 0.000104	0.847627	 0.814356	 0.013900	 0.000000	 0.012166
222	 0.003933	 0.003795	 0.000055	 0.000000	 0.000056	0.851560	 0.818151	 0.013955	 0.000000	 0.012222
223	 0.003680	 0.003464	 0.000080	 0.000000	 0.000104	0.855240	 0.821615	 0.014035	 0.000000	 0.012326
224	 0.003703	 0.003587	 0.000033	 0.000000	 0.000057	0.858943	 0.825202	 0.014068	 0.000000	 0.012383
225	 0.003709	 0.003516	 0.000060	 0.000000	 0.000103	0.862652	 0.828718	 0.014128	 0.000000	 0.012486
226	 0.003463	 0.003350	 0.000033	 0.000000	 0.000054	0.866115	 0.832068	 0.014161	 0.000000	 0.012540
227	 0.003446	 0.003253	 0.000059	 0.000000	 0.000102	0.869561	 0.835321	 0.014220	 0.000000	 0.012642
228	 0.003881	 0.003754	 0.000048	 0.000000	 0.000054	0.873442	 0.839075	 0.014268	 0.000000	 0.012696
229	 0.003710	 0.003513	 0.000061	 0.000000	 0.000103	0.877152	 0.842588	 0.014329	 0.000000	 0.012799
230	 0.003820	 0.003702	 0.000034	 0.000000	 0.000057	0.880972	 0.846290	 0.014363	 0.000000	 0.012856
231	 0.003576	 0.003366	 0.000078	 0.000000	 0.000102	0.884548	 0.849656	 0.014441	 0.000000	 0.012958
232	 0.003401	 0.003283	 0.000032	 0.000000	 0.000058	0.887949	 0.852939	 0.014473	 0.000000	 0.013016
233	 0.003839	 0.003615	 0.000078	 0.000000	 0.000103	0.891788	 0.856554	 0.014551	 0.000000	 0.013119
234	 0.003952	 0.003820	 0.000046	 0.000000	 0.000055	0.895740	 0.860374	 0.014597	 0.000000	 0.013174
235	 0.003931	 0.003721	 0.000062	 0.000000	 0.000102	0.899671	 0.864095	 0.014659	 0.000000	 0.013276
236	 0.003640	 0.003522	 0.000032	 0.000000	 0.000057	0.903311	 0.867617	 0.014691	 0.000000	 0.013333
237	 0.003941	 0.003747	 0.000057	 0.000000	 0.000105	0.907252	 0.871364	 0.014748	 0.000000	 0.013438
238	 0.003846	 0.003714	 0.000047	 0.000000	 0.000059	0.911098	 0.875078	 0.014795	 0.000000	 0.013497
239	 0.003978	 0.003768	 0.000074	 0.000000	 0.000104	0.915076	 0.878846	 0.014869	 0.000000	 0.013601
240	 0.003756	 0.003636	 0.000035	 0.000000	 0.000057	0.918832	 0.882482	 0.014904	 0.000000	 0.013658
241	 0.003591	 0.003368	 0.000088	 0.000000	 0.000106	0.922423	 0.885850	 0.014992	 0.000000	 0.013764
242	 0.003769	 0.003627	 0.000053	 0.000000	 0.000059	0.926192	 0.889477	 0.015045	 0.000000	 0.013823
243	 0.003706	 0.003511	 0.000062	 0.000000	 0.000104	0.929898	 0.892988	 0.015107	 0.000000	 0.013927
244	 0.003902	 0.003773	 0.000047	 0.000000	 0.000053	0.933800	 0.896761	 0.015154	 0.000000	 0.013980
245	 0.003780	 0.003565	 0.000075	 0.000000	 0.000107	0.937580	 0.900326	 0.015229	 0.000000	 0.014087
246	 0.004169	 0.004033	 0.000047	 0.000000	 0.000059	0.941749	 0.904359	 0.015276	 0.000000	 0.014146
247	 0.003574	 0.003352	 0.000080	 0.000000	 0.000110	0.945323	 0.907711	 0.015356	 0.000000	 0.014256
248	 0.003798	 0.003667	 0.000048	 0.000000	 0.000056	0.949121	 0.911378	 0.015404	 0.000000	 0.014312
249	 0.003957	 0.003735	 0.000080	 0.000000	 0.000109	0.953078	 0.915113	 0.015484	 0.000000	 0.014421
250	 0.003483	 0.003346	 0.000054	 0.000000	 0.000058	0.956561	 0.918459	 0.015538	 0.000000	 0.014479
251	 0.003855	 0.003655	 0.000060	 0.000000	 0.000107	0.960416	 0.922114	 0.015598	 0.000000	 0.014586
252	 0.003420	 0.003282	 0.000051	 0.000000	 0.000059	0.963836	 0.925396	 0.015649	 0.000000	 0.014645
253	 0.003855	 0.003641	 0.000077	 0.000000	 0.000103	0.967691	 0.929037	 0.015726	 0.000000	 0.014748
254	 0.003440	 0.003325	 0.000034	 0.000000	 0.000058	0.971131	 0.932362	 0.015760	 0.000000	 0.014806
255	 0.003465	 0.003245	 0.000079	 0.000000	 0.000110	0.974596	 0.935607	 0.015839	 0.000000	 0.014916
256	 0.004068	 0.003931	 0.000046	 0.000000	 0.000060	0.978664	 0.939538	 0.015885	 0.000000	 0.014976
257	 0.003974	 0.003751	 0.000080	 0.000000	 0.000111	0.982638	 0.943289	 0.015965	 0.000000	 0.015087
258	 0.003617	 0.003474	 0.000050	 0.000000	 0.000063	0.986255	 0.946763	 0.016015	 0.000000	 0.015150
259	 0.003479	 0.003251	 0.000074	 0.000000	 0.000123	0.989734	 0.950014	 0.016089	 0.000000	 0.015273
260	 0.003523	 0.003384	 0.000047	 0.000000	 0.000065	0.993257	 0.953398	 0.016136	 0.000000	 0.015338
261	 0.004195	 0.003970	 0.000073	 0.000000	 0.000118	0.997452	 0.957368	 0.016209	 0.000000	 0.015456
262	 0.004158	 0.004022	 0.000047	 0.000000	 0.000060	1.001610	 0.961390	 0.016256	 0.000000	 0.015516
263	 0.003834	 0.003608	 0.000074	 0.000000	 0.000119	1.005444	 0.964998	 0.016330	 0.000000	 0.015635
264	 0.003806	 0.003689	 0.000033	 0.000000	 0.000060	1.009250	 0.968687	 0.016363	 0.000000	 0.015695
