Iter	 Iter_time	 Master	 Subprob	 Full_Test	 argmax	Iter_acc	 Master_acc	 Subprob_acc	 Full_Test_acc	 argmax_acc
1	 0.000542	 0.000385	 0.000106	 0.000000	 0.000026	0.000542	 0.000385	 0.000106	 0.000000	 0.000026
2	 0.003447	 0.003195	 0.000095	 0.000000	 0.000115	0.003989	 0.003580	 0.000201	 0.000000	 0.000141
3	 0.003234	 0.003142	 0.000043	 0.000000	 0.000018	0.007223	 0.006722	 0.000244	 0.000000	 0.000159
4	 0.003609	 0.003513	 0.000054	 0.000000	 0.000016	0.010832	 0.010235	 0.000298	 0.000000	 0.000175
5	 0.003705	 0.003554	 0.000082	 0.000000	 0.000037	0.014537	 0.013789	 0.000380	 0.000000	 0.000212
6	 0.003737	 0.003610	 0.000049	 0.000000	 0.000039	0.018274	 0.017399	 0.000429	 0.000000	 0.000251
7	 0.003769	 0.003641	 0.000070	 0.000000	 0.000023	0.022043	 0.021040	 0.000499	 0.000000	 0.000274
8	 0.003876	 0.003713	 0.000052	 0.000000	 0.000076	0.025919	 0.024753	 0.000551	 0.000000	 0.000350
9	 0.004369	 0.004202	 0.000087	 0.000000	 0.000040	0.030288	 0.028955	 0.000638	 0.000000	 0.000390
10	 0.004223	 0.004097	 0.000048	 0.000000	 0.000041	0.034511	 0.033052	 0.000686	 0.000000	 0.000431
11	 0.003229	 0.003020	 0.000108	 0.000000	 0.000053	0.037740	 0.036072	 0.000794	 0.000000	 0.000484
12	 0.004206	 0.004026	 0.000087	 0.000000	 0.000050	0.041946	 0.040098	 0.000881	 0.000000	 0.000534
13	 0.003836	 0.003625	 0.000110	 0.000000	 0.000055	0.045782	 0.043723	 0.000991	 0.000000	 0.000589
14	 0.003970	 0.003787	 0.000082	 0.000000	 0.000056	0.049752	 0.047510	 0.001073	 0.000000	 0.000645
15	 0.003883	 0.003679	 0.000098	 0.000000	 0.000053	0.053635	 0.051189	 0.001171	 0.000000	 0.000698
16	 0.005014	 0.004833	 0.000106	 0.000000	 0.000035	0.058649	 0.056022	 0.001277	 0.000000	 0.000733
17	 0.004037	 0.003871	 0.000077	 0.000000	 0.000048	0.062686	 0.059893	 0.001354	 0.000000	 0.000781
18	 0.004241	 0.004110	 0.000071	 0.000000	 0.000025	0.066927	 0.064003	 0.001425	 0.000000	 0.000806
19	 0.004348	 0.004183	 0.000082	 0.000000	 0.000045	0.071275	 0.068186	 0.001507	 0.000000	 0.000851
20	 0.004181	 0.004082	 0.000049	 0.000000	 0.000025	0.075456	 0.072268	 0.001556	 0.000000	 0.000876
21	 0.004131	 0.003981	 0.000077	 0.000000	 0.000041	0.079587	 0.076249	 0.001633	 0.000000	 0.000917
22	 0.003966	 0.003856	 0.000054	 0.000000	 0.000024	0.083553	 0.080105	 0.001687	 0.000000	 0.000941
23	 0.004415	 0.004144	 0.000138	 0.000000	 0.000073	0.087968	 0.084249	 0.001825	 0.000000	 0.001014
24	 0.004526	 0.004312	 0.000114	 0.000000	 0.000044	0.092494	 0.088561	 0.001939	 0.000000	 0.001058
25	 0.004659	 0.004340	 0.000173	 0.000000	 0.000079	0.097153	 0.092901	 0.002112	 0.000000	 0.001137
26	 0.004650	 0.004438	 0.000102	 0.000000	 0.000049	0.101803	 0.097339	 0.002214	 0.000000	 0.001186
27	 0.004365	 0.004155	 0.000102	 0.000000	 0.000064	0.106168	 0.101494	 0.002316	 0.000000	 0.001250
28	 0.004435	 0.004284	 0.000062	 0.000000	 0.000040	0.110603	 0.105778	 0.002378	 0.000000	 0.001290
29	 0.005252	 0.005009	 0.000112	 0.000000	 0.000072	0.115855	 0.110787	 0.002490	 0.000000	 0.001362
30	 0.004851	 0.004653	 0.000098	 0.000000	 0.000058	0.120706	 0.115440	 0.002588	 0.000000	 0.001420
31	 0.004482	 0.004214	 0.000135	 0.000000	 0.000080	0.125188	 0.119654	 0.002723	 0.000000	 0.001500
32	 0.004650	 0.004520	 0.000051	 0.000000	 0.000037	0.129838	 0.124174	 0.002774	 0.000000	 0.001537
33	 0.004580	 0.004312	 0.000132	 0.000000	 0.000078	0.134418	 0.128486	 0.002906	 0.000000	 0.001615
34	 0.005133	 0.004955	 0.000081	 0.000000	 0.000045	0.139551	 0.133441	 0.002987	 0.000000	 0.001660
35	 0.005079	 0.004770	 0.000159	 0.000000	 0.000085	0.144630	 0.138211	 0.003146	 0.000000	 0.001745
36	 0.003850	 0.003676	 0.000070	 0.000000	 0.000048	0.148480	 0.141887	 0.003216	 0.000000	 0.001793
37	 0.004439	 0.004175	 0.000120	 0.000000	 0.000087	0.152919	 0.146062	 0.003336	 0.000000	 0.001880
38	 0.004179	 0.004073	 0.000041	 0.000000	 0.000029	0.157098	 0.150135	 0.003377	 0.000000	 0.001909
39	 0.004090	 0.003824	 0.000136	 0.000000	 0.000080	0.161188	 0.153959	 0.003513	 0.000000	 0.001989
40	 0.004022	 0.003877	 0.000062	 0.000000	 0.000038	0.165210	 0.157836	 0.003575	 0.000000	 0.002027
41	 0.004194	 0.003885	 0.000165	 0.000000	 0.000088	0.169404	 0.161721	 0.003740	 0.000000	 0.002115
42	 0.004417	 0.004240	 0.000080	 0.000000	 0.000045	0.173821	 0.165961	 0.003820	 0.000000	 0.002160
43	 0.004077	 0.003781	 0.000131	 0.000000	 0.000090	0.177898	 0.169742	 0.003951	 0.000000	 0.002250
44	 0.003837	 0.003619	 0.000106	 0.000000	 0.000056	0.181735	 0.173361	 0.004057	 0.000000	 0.002306
45	 0.003760	 0.003569	 0.000085	 0.000000	 0.000057	0.185495	 0.176930	 0.004142	 0.000000	 0.002363
46	 0.004649	 0.004530	 0.000045	 0.000000	 0.000034	0.190144	 0.181460	 0.004187	 0.000000	 0.002397
47	 0.004097	 0.003927	 0.000072	 0.000000	 0.000055	0.194241	 0.185387	 0.004259	 0.000000	 0.002452
48	 0.003618	 0.003496	 0.000066	 0.000000	 0.000029	0.197859	 0.188883	 0.004325	 0.000000	 0.002481
49	 0.003795	 0.003640	 0.000075	 0.000000	 0.000049	0.201654	 0.192523	 0.004400	 0.000000	 0.002530
50	 0.003784	 0.003677	 0.000054	 0.000000	 0.000027	0.205438	 0.196200	 0.004454	 0.000000	 0.002557
51	 0.003763	 0.003595	 0.000082	 0.000000	 0.000049	0.209201	 0.199795	 0.004536	 0.000000	 0.002606
52	 0.004621	 0.004536	 0.000031	 0.000000	 0.000027	0.213822	 0.204331	 0.004567	 0.000000	 0.002633
53	 0.003926	 0.003789	 0.000058	 0.000000	 0.000050	0.217748	 0.208120	 0.004625	 0.000000	 0.002683
54	 0.004151	 0.004036	 0.000052	 0.000000	 0.000041	0.221899	 0.212156	 0.004677	 0.000000	 0.002724
55	 0.003982	 0.003809	 0.000079	 0.000000	 0.000062	0.225881	 0.215965	 0.004756	 0.000000	 0.002786
56	 0.003606	 0.003519	 0.000032	 0.000000	 0.000029	0.229487	 0.219484	 0.004788	 0.000000	 0.002815
57	 0.003583	 0.003425	 0.000076	 0.000000	 0.000052	0.233070	 0.222909	 0.004864	 0.000000	 0.002867
58	 0.003982	 0.003896	 0.000031	 0.000000	 0.000028	0.237052	 0.226805	 0.004895	 0.000000	 0.002895
59	 0.003850	 0.003694	 0.000075	 0.000000	 0.000049	0.240902	 0.230499	 0.004970	 0.000000	 0.002944
60	 0.004080	 0.003972	 0.000054	 0.000000	 0.000030	0.244982	 0.234471	 0.005024	 0.000000	 0.002974
61	 0.004007	 0.003848	 0.000076	 0.000000	 0.000052	0.248989	 0.238319	 0.005100	 0.000000	 0.003026
62	 0.003568	 0.003481	 0.000033	 0.000000	 0.000029	0.252557	 0.241800	 0.005133	 0.000000	 0.003055
63	 0.003396	 0.003236	 0.000076	 0.000000	 0.000055	0.255953	 0.245036	 0.005209	 0.000000	 0.003110
64	 0.003562	 0.003473	 0.000035	 0.000000	 0.000030	0.259515	 0.248509	 0.005244	 0.000000	 0.003140
65	 0.003918	 0.003781	 0.000056	 0.000000	 0.000053	0.263433	 0.252290	 0.005300	 0.000000	 0.003193
66	 0.003491	 0.003403	 0.000033	 0.000000	 0.000030	0.266924	 0.255693	 0.005333	 0.000000	 0.003223
67	 0.003548	 0.003408	 0.000055	 0.000000	 0.000054	0.270472	 0.259101	 0.005388	 0.000000	 0.003277
68	 0.004368	 0.004280	 0.000031	 0.000000	 0.000029	0.274840	 0.263381	 0.005419	 0.000000	 0.003306
69	 0.004373	 0.004231	 0.000057	 0.000000	 0.000055	0.279213	 0.267612	 0.005476	 0.000000	 0.003361
70	 0.003584	 0.003496	 0.000032	 0.000000	 0.000030	0.282797	 0.271108	 0.005508	 0.000000	 0.003391
71	 0.003879	 0.003730	 0.000057	 0.000000	 0.000055	0.286676	 0.274838	 0.005565	 0.000000	 0.003446
72	 0.003837	 0.003729	 0.000048	 0.000000	 0.000031	0.290513	 0.278567	 0.005613	 0.000000	 0.003477
73	 0.003379	 0.003214	 0.000078	 0.000000	 0.000056	0.293892	 0.281781	 0.005691	 0.000000	 0.003533
74	 0.003855	 0.003744	 0.000054	 0.000000	 0.000033	0.297747	 0.285525	 0.005745	 0.000000	 0.003566
75	 0.003855	 0.003707	 0.000058	 0.000000	 0.000058	0.301602	 0.289232	 0.005803	 0.000000	 0.003624
76	 0.003772	 0.003682	 0.000032	 0.000000	 0.000031	0.305374	 0.292914	 0.005835	 0.000000	 0.003655
77	 0.003722	 0.003554	 0.000078	 0.000000	 0.000059	0.309096	 0.296468	 0.005913	 0.000000	 0.003714
78	 0.003365	 0.003262	 0.000046	 0.000000	 0.000031	0.312461	 0.299730	 0.005959	 0.000000	 0.003745
79	 0.003836	 0.003674	 0.000075	 0.000000	 0.000058	0.316297	 0.303404	 0.006034	 0.000000	 0.003803
80	 0.003382	 0.003274	 0.000047	 0.000000	 0.000033	0.319679	 0.306678	 0.006081	 0.000000	 0.003836
81	 0.003527	 0.003361	 0.000074	 0.000000	 0.000061	0.323206	 0.310039	 0.006155	 0.000000	 0.003897
82	 0.003540	 0.003433	 0.000048	 0.000000	 0.000033	0.326746	 0.313472	 0.006203	 0.000000	 0.003930
83	 0.003755	 0.003612	 0.000057	 0.000000	 0.000055	0.330501	 0.317084	 0.006260	 0.000000	 0.003985
84	 0.004089	 0.003999	 0.000031	 0.000000	 0.000032	0.334590	 0.321083	 0.006291	 0.000000	 0.004017
85	 0.004504	 0.004352	 0.000056	 0.000000	 0.000060	0.339094	 0.325435	 0.006347	 0.000000	 0.004077
86	 0.004047	 0.003938	 0.000048	 0.000000	 0.000033	0.343141	 0.329373	 0.006395	 0.000000	 0.004110
87	 0.003581	 0.003415	 0.000074	 0.000000	 0.000063	0.346722	 0.332788	 0.006469	 0.000000	 0.004173
88	 0.003778	 0.003655	 0.000051	 0.000000	 0.000045	0.350500	 0.336443	 0.006520	 0.000000	 0.004218
89	 0.003879	 0.003699	 0.000078	 0.000000	 0.000071	0.354379	 0.340142	 0.006598	 0.000000	 0.004289
90	 0.003239	 0.003137	 0.000039	 0.000000	 0.000034	0.357618	 0.343279	 0.006637	 0.000000	 0.004323
91	 0.003768	 0.003584	 0.000073	 0.000000	 0.000070	0.361386	 0.346863	 0.006710	 0.000000	 0.004393
92	 0.003565	 0.003419	 0.000073	 0.000000	 0.000040	0.364951	 0.350282	 0.006783	 0.000000	 0.004433
93	 0.004209	 0.004057	 0.000063	 0.000000	 0.000061	0.369160	 0.354339	 0.006846	 0.000000	 0.004494
94	 0.003675	 0.003563	 0.000050	 0.000000	 0.000034	0.372835	 0.357902	 0.006896	 0.000000	 0.004528
95	 0.003764	 0.003611	 0.000062	 0.000000	 0.000063	0.376599	 0.361513	 0.006958	 0.000000	 0.004591
96	 0.004355	 0.004246	 0.000046	 0.000000	 0.000035	0.380954	 0.365759	 0.007004	 0.000000	 0.004626
97	 0.003660	 0.003494	 0.000074	 0.000000	 0.000064	0.384614	 0.369253	 0.007078	 0.000000	 0.004690
98	 0.003699	 0.003591	 0.000049	 0.000000	 0.000031	0.388313	 0.372844	 0.007127	 0.000000	 0.004721
99	 0.003954	 0.003782	 0.000078	 0.000000	 0.000065	0.392267	 0.376626	 0.007205	 0.000000	 0.004786
100	 0.003776	 0.003653	 0.000049	 0.000000	 0.000035	0.396043	 0.380279	 0.007254	 0.000000	 0.004821
101	 0.003477	 0.003383	 0.000034	 0.000000	 0.000033	0.399520	 0.383662	 0.007288	 0.000000	 0.004854
102	 0.003366	 0.003156	 0.000079	 0.000000	 0.000065	0.402886	 0.386818	 0.007367	 0.000000	 0.004919
103	 0.003282	 0.003188	 0.000033	 0.000000	 0.000035	0.406168	 0.390006	 0.007400	 0.000000	 0.004954
104	 0.003508	 0.003358	 0.000054	 0.000000	 0.000064	0.409676	 0.393364	 0.007454	 0.000000	 0.005018
105	 0.003491	 0.003382	 0.000048	 0.000000	 0.000036	0.413167	 0.396746	 0.007502	 0.000000	 0.005054
106	 0.003408	 0.003244	 0.000072	 0.000000	 0.000062	0.416575	 0.399990	 0.007574	 0.000000	 0.005116
107	 0.003613	 0.003520	 0.000031	 0.000000	 0.000034	0.420188	 0.403510	 0.007605	 0.000000	 0.005150
108	 0.003503	 0.003350	 0.000058	 0.000000	 0.000067	0.423691	 0.406860	 0.007663	 0.000000	 0.005217
109	 0.003288	 0.003179	 0.000048	 0.000000	 0.000035	0.426979	 0.410039	 0.007711	 0.000000	 0.005252
110	 0.003809	 0.003636	 0.000073	 0.000000	 0.000067	0.430788	 0.413675	 0.007784	 0.000000	 0.005319
111	 0.003272	 0.003159	 0.000049	 0.000000	 0.000038	0.434060	 0.416834	 0.007833	 0.000000	 0.005357
112	 0.003590	 0.003420	 0.000074	 0.000000	 0.000066	0.437650	 0.420254	 0.007907	 0.000000	 0.005423
113	 0.003584	 0.003478	 0.000051	 0.000000	 0.000033	0.441234	 0.423732	 0.007958	 0.000000	 0.005456
114	 0.003626	 0.003469	 0.000060	 0.000000	 0.000067	0.444860	 0.427201	 0.008018	 0.000000	 0.005523
115	 0.003771	 0.003643	 0.000051	 0.000000	 0.000049	0.448631	 0.430844	 0.008069	 0.000000	 0.005572
116	 0.003473	 0.003289	 0.000076	 0.000000	 0.000076	0.452104	 0.434133	 0.008145	 0.000000	 0.005648
117	 0.003104	 0.003000	 0.000046	 0.000000	 0.000032	0.455208	 0.437133	 0.008191	 0.000000	 0.005680
118	 0.004154	 0.003988	 0.000071	 0.000000	 0.000064	0.459362	 0.441121	 0.008262	 0.000000	 0.005744
119	 0.003315	 0.003223	 0.000032	 0.000000	 0.000032	0.462677	 0.444344	 0.008294	 0.000000	 0.005776
120	 0.003514	 0.003358	 0.000057	 0.000000	 0.000068	0.466191	 0.447702	 0.008351	 0.000000	 0.005844
121	 0.003529	 0.003433	 0.000033	 0.000000	 0.000037	0.469720	 0.451135	 0.008384	 0.000000	 0.005881
122	 0.003613	 0.003459	 0.000056	 0.000000	 0.000069	0.473333	 0.454594	 0.008440	 0.000000	 0.005950
123	 0.003629	 0.003535	 0.000032	 0.000000	 0.000036	0.476962	 0.458129	 0.008472	 0.000000	 0.005986
124	 0.003893	 0.003719	 0.000077	 0.000000	 0.000066	0.480855	 0.461848	 0.008549	 0.000000	 0.006052
125	 0.003960	 0.003847	 0.000048	 0.000000	 0.000039	0.484815	 0.465695	 0.008597	 0.000000	 0.006091
126	 0.003682	 0.003508	 0.000078	 0.000000	 0.000068	0.488497	 0.469203	 0.008675	 0.000000	 0.006159
127	 0.003657	 0.003545	 0.000047	 0.000000	 0.000039	0.492154	 0.472748	 0.008722	 0.000000	 0.006198
128	 0.003606	 0.003431	 0.000074	 0.000000	 0.000073	0.495760	 0.476179	 0.008796	 0.000000	 0.006271
129	 0.003385	 0.003268	 0.000053	 0.000000	 0.000038	0.499145	 0.479447	 0.008849	 0.000000	 0.006309
130	 0.003693	 0.003513	 0.000076	 0.000000	 0.000074	0.502838	 0.482960	 0.008925	 0.000000	 0.006383
131	 0.003732	 0.003624	 0.000050	 0.000000	 0.000035	0.506570	 0.486584	 0.008975	 0.000000	 0.006418
132	 0.003449	 0.003272	 0.000074	 0.000000	 0.000073	0.510019	 0.489856	 0.009049	 0.000000	 0.006491
133	 0.003432	 0.003309	 0.000047	 0.000000	 0.000049	0.513451	 0.493165	 0.009096	 0.000000	 0.006540
134	 0.003713	 0.003542	 0.000060	 0.000000	 0.000081	0.517164	 0.496707	 0.009156	 0.000000	 0.006621
135	 0.003893	 0.003785	 0.000032	 0.000000	 0.000047	0.521057	 0.500492	 0.009188	 0.000000	 0.006668
136	 0.003834	 0.003664	 0.000057	 0.000000	 0.000083	0.524891	 0.504156	 0.009245	 0.000000	 0.006751
137	 0.003691	 0.003569	 0.000048	 0.000000	 0.000048	0.528582	 0.507725	 0.009293	 0.000000	 0.006799
138	 0.003752	 0.003563	 0.000075	 0.000000	 0.000084	0.532334	 0.511288	 0.009368	 0.000000	 0.006883
139	 0.003582	 0.003460	 0.000050	 0.000000	 0.000045	0.535916	 0.514748	 0.009418	 0.000000	 0.006928
140	 0.003475	 0.003290	 0.000078	 0.000000	 0.000080	0.539391	 0.518038	 0.009496	 0.000000	 0.007008
141	 0.003804	 0.003697	 0.000031	 0.000000	 0.000046	0.543195	 0.521735	 0.009527	 0.000000	 0.007054
142	 0.003523	 0.003335	 0.000079	 0.000000	 0.000081	0.546718	 0.525070	 0.009606	 0.000000	 0.007135
143	 0.004211	 0.004104	 0.000032	 0.000000	 0.000048	0.550929	 0.529174	 0.009638	 0.000000	 0.007183
144	 0.003820	 0.003648	 0.000056	 0.000000	 0.000085	0.554749	 0.532822	 0.009694	 0.000000	 0.007268
145	 0.004118	 0.003993	 0.000049	 0.000000	 0.000050	0.558867	 0.536815	 0.009743	 0.000000	 0.007318
146	 0.004382	 0.004193	 0.000075	 0.000000	 0.000086	0.563249	 0.541008	 0.009818	 0.000000	 0.007404
147	 0.004328	 0.004198	 0.000051	 0.000000	 0.000050	0.567577	 0.545206	 0.009869	 0.000000	 0.007454
148	 0.004228	 0.004037	 0.000072	 0.000000	 0.000087	0.571805	 0.549243	 0.009941	 0.000000	 0.007541
149	 0.003699	 0.003578	 0.000046	 0.000000	 0.000048	0.575504	 0.552821	 0.009987	 0.000000	 0.007589
150	 0.003807	 0.003620	 0.000061	 0.000000	 0.000087	0.579311	 0.556441	 0.010048	 0.000000	 0.007676
151	 0.003694	 0.003559	 0.000054	 0.000000	 0.000051	0.583005	 0.560000	 0.010102	 0.000000	 0.007727
152	 0.004189	 0.004000	 0.000078	 0.000000	 0.000084	0.587194	 0.564000	 0.010180	 0.000000	 0.007811
153	 0.004056	 0.003928	 0.000052	 0.000000	 0.000048	0.591250	 0.567928	 0.010232	 0.000000	 0.007859
154	 0.003774	 0.003573	 0.000080	 0.000000	 0.000089	0.595024	 0.571501	 0.010312	 0.000000	 0.007948
155	 0.003768	 0.003658	 0.000033	 0.000000	 0.000051	0.598792	 0.575159	 0.010345	 0.000000	 0.007999
156	 0.003472	 0.003270	 0.000079	 0.000000	 0.000085	0.602264	 0.578429	 0.010424	 0.000000	 0.008084
157	 0.003578	 0.003473	 0.000032	 0.000000	 0.000046	0.605842	 0.581902	 0.010456	 0.000000	 0.008130
158	 0.003895	 0.003687	 0.000078	 0.000000	 0.000089	0.609737	 0.585589	 0.010534	 0.000000	 0.008219
159	 0.003695	 0.003563	 0.000054	 0.000000	 0.000050	0.613432	 0.589152	 0.010588	 0.000000	 0.008269
160	 0.003894	 0.003703	 0.000078	 0.000000	 0.000085	0.617326	 0.592855	 0.010666	 0.000000	 0.008354
161	 0.003940	 0.003808	 0.000053	 0.000000	 0.000051	0.621266	 0.596663	 0.010719	 0.000000	 0.008405
162	 0.003751	 0.003554	 0.000076	 0.000000	 0.000090	0.625017	 0.600217	 0.010795	 0.000000	 0.008495
163	 0.003454	 0.003345	 0.000031	 0.000000	 0.000050	0.628471	 0.603562	 0.010826	 0.000000	 0.008545
164	 0.004364	 0.004163	 0.000081	 0.000000	 0.000091	0.632835	 0.607725	 0.010907	 0.000000	 0.008636
165	 0.003900	 0.003770	 0.000051	 0.000000	 0.000050	0.636735	 0.611495	 0.010958	 0.000000	 0.008686
166	 0.004473	 0.004294	 0.000060	 0.000000	 0.000090	0.641208	 0.615789	 0.011018	 0.000000	 0.008776
167	 0.003760	 0.003634	 0.000053	 0.000000	 0.000048	0.644968	 0.619423	 0.011071	 0.000000	 0.008824
168	 0.003930	 0.003738	 0.000076	 0.000000	 0.000087	0.648898	 0.623161	 0.011147	 0.000000	 0.008911
169	 0.003850	 0.003726	 0.000046	 0.000000	 0.000050	0.652748	 0.626887	 0.011193	 0.000000	 0.008961
170	 0.003773	 0.003574	 0.000080	 0.000000	 0.000089	0.656521	 0.630461	 0.011273	 0.000000	 0.009050
171	 0.004019	 0.003897	 0.000033	 0.000000	 0.000052	0.660540	 0.634358	 0.011306	 0.000000	 0.009102
172	 0.003682	 0.003561	 0.000048	 0.000000	 0.000047	0.664222	 0.637919	 0.011354	 0.000000	 0.009149
173	 0.003578	 0.003396	 0.000062	 0.000000	 0.000091	0.667800	 0.641315	 0.011416	 0.000000	 0.009240
174	 0.003611	 0.003484	 0.000046	 0.000000	 0.000051	0.671411	 0.644799	 0.011462	 0.000000	 0.009291
175	 0.003814	 0.003618	 0.000075	 0.000000	 0.000092	0.675225	 0.648417	 0.011537	 0.000000	 0.009383
176	 0.003598	 0.003487	 0.000032	 0.000000	 0.000053	0.678823	 0.651904	 0.011569	 0.000000	 0.009436
177	 0.003519	 0.003342	 0.000058	 0.000000	 0.000088	0.682342	 0.655246	 0.011627	 0.000000	 0.009524
178	 0.003932	 0.003808	 0.000047	 0.000000	 0.000052	0.686274	 0.659054	 0.011674	 0.000000	 0.009576
179	 0.003648	 0.003459	 0.000064	 0.000000	 0.000094	0.689922	 0.662513	 0.011738	 0.000000	 0.009670
180	 0.003810	 0.003678	 0.000049	 0.000000	 0.000053	0.693732	 0.666191	 0.011787	 0.000000	 0.009723
181	 0.003660	 0.003464	 0.000073	 0.000000	 0.000093	0.697392	 0.669655	 0.011860	 0.000000	 0.009816
182	 0.003941	 0.003828	 0.000032	 0.000000	 0.000053	0.701333	 0.673483	 0.011892	 0.000000	 0.009869
183	 0.003660	 0.003481	 0.000058	 0.000000	 0.000089	0.704993	 0.676964	 0.011950	 0.000000	 0.009958
184	 0.003558	 0.003432	 0.000031	 0.000000	 0.000052	0.708551	 0.680396	 0.011981	 0.000000	 0.010010
185	 0.004184	 0.004043	 0.000049	 0.000000	 0.000052	0.712735	 0.684439	 0.012030	 0.000000	 0.010062
186	 0.003520	 0.003407	 0.000035	 0.000000	 0.000053	0.716255	 0.687846	 0.012065	 0.000000	 0.010115
187	 0.003720	 0.003513	 0.000082	 0.000000	 0.000095	0.719975	 0.691359	 0.012147	 0.000000	 0.010210
188	 0.003872	 0.003737	 0.000052	 0.000000	 0.000054	0.723847	 0.695096	 0.012199	 0.000000	 0.010264
189	 0.003747	 0.003558	 0.000062	 0.000000	 0.000098	0.727594	 0.698654	 0.012261	 0.000000	 0.010362
190	 0.003991	 0.003877	 0.000032	 0.000000	 0.000053	0.731585	 0.702531	 0.012293	 0.000000	 0.010415
191	 0.003830	 0.003645	 0.000058	 0.000000	 0.000097	0.735415	 0.706176	 0.012351	 0.000000	 0.010512
192	 0.003690	 0.003582	 0.000032	 0.000000	 0.000051	0.739105	 0.709758	 0.012383	 0.000000	 0.010563
193	 0.003660	 0.003485	 0.000056	 0.000000	 0.000091	0.742765	 0.713243	 0.012439	 0.000000	 0.010654
194	 0.004442	 0.004320	 0.000031	 0.000000	 0.000052	0.747207	 0.717563	 0.012470	 0.000000	 0.010706
195	 0.003904	 0.003778	 0.000032	 0.000000	 0.000054	0.751111	 0.721341	 0.012502	 0.000000	 0.010760
196	 0.004303	 0.004172	 0.000053	 0.000000	 0.000050	0.755414	 0.725513	 0.012555	 0.000000	 0.010810
197	 0.003770	 0.003557	 0.000075	 0.000000	 0.000098	0.759184	 0.729070	 0.012630	 0.000000	 0.010908
198	 0.003532	 0.003421	 0.000031	 0.000000	 0.000043	0.762716	 0.732491	 0.012661	 0.000000	 0.010951
199	 0.003352	 0.003232	 0.000047	 0.000000	 0.000046	0.766068	 0.735723	 0.012708	 0.000000	 0.010997
200	 0.003977	 0.003795	 0.000060	 0.000000	 0.000088	0.770045	 0.739518	 0.012768	 0.000000	 0.011085
201	 0.003615	 0.003460	 0.000033	 0.000000	 0.000087	0.773660	 0.742978	 0.012801	 0.000000	 0.011172
202	 0.004175	 0.003943	 0.000059	 0.000000	 0.000099	0.777835	 0.746921	 0.012860	 0.000000	 0.011271
203	 0.003683	 0.003550	 0.000034	 0.000000	 0.000055	0.781518	 0.750471	 0.012894	 0.000000	 0.011326
204	 0.003705	 0.003572	 0.000053	 0.000000	 0.000051	0.785223	 0.754043	 0.012947	 0.000000	 0.011377
205	 0.004102	 0.003886	 0.000076	 0.000000	 0.000100	0.789325	 0.757929	 0.013023	 0.000000	 0.011477
206	 0.003887	 0.003738	 0.000054	 0.000000	 0.000056	0.793212	 0.761667	 0.013077	 0.000000	 0.011533
207	 0.004221	 0.004101	 0.000043	 0.000000	 0.000046	0.797433	 0.765768	 0.013120	 0.000000	 0.011579
208	 0.004443	 0.004249	 0.000073	 0.000000	 0.000090	0.801876	 0.770017	 0.013193	 0.000000	 0.011669
209	 0.003683	 0.003550	 0.000048	 0.000000	 0.000047	0.805559	 0.773567	 0.013241	 0.000000	 0.011716
210	 0.003791	 0.003679	 0.000043	 0.000000	 0.000042	0.809350	 0.777246	 0.013284	 0.000000	 0.011758
211	 0.004013	 0.003815	 0.000074	 0.000000	 0.000092	0.813363	 0.781061	 0.013358	 0.000000	 0.011850
212	 0.003501	 0.003394	 0.000032	 0.000000	 0.000047	0.816864	 0.784455	 0.013390	 0.000000	 0.011897
213	 0.004010	 0.003803	 0.000084	 0.000000	 0.000095	0.820874	 0.788258	 0.013474	 0.000000	 0.011992
214	 0.003780	 0.003657	 0.000049	 0.000000	 0.000046	0.824654	 0.791915	 0.013523	 0.000000	 0.012038
215	 0.003882	 0.003700	 0.000060	 0.000000	 0.000092	0.828536	 0.795615	 0.013583	 0.000000	 0.012130
216	 0.004294	 0.004167	 0.000053	 0.000000	 0.000046	0.832830	 0.799782	 0.013636	 0.000000	 0.012176
217	 0.003710	 0.003519	 0.000072	 0.000000	 0.000089	0.836540	 0.803301	 0.013708	 0.000000	 0.012265
218	 0.004076	 0.003936	 0.000050	 0.000000	 0.000048	0.840616	 0.807237	 0.013758	 0.000000	 0.012313
219	 0.004034	 0.003915	 0.000044	 0.000000	 0.000047	0.844650	 0.811152	 0.013802	 0.000000	 0.012360
220	 0.003990	 0.003812	 0.000060	 0.000000	 0.000090	0.848640	 0.814964	 0.013862	 0.000000	 0.012450
221	 0.004020	 0.003910	 0.000031	 0.000000	 0.000047	0.852660	 0.818874	 0.013893	 0.000000	 0.012497
222	 0.003696	 0.003479	 0.000086	 0.000000	 0.000095	0.856356	 0.822353	 0.013979	 0.000000	 0.012592
223	 0.004024	 0.003896	 0.000052	 0.000000	 0.000049	0.860380	 0.826249	 0.014031	 0.000000	 0.012641
224	 0.004222	 0.004038	 0.000060	 0.000000	 0.000094	0.864602	 0.830287	 0.014091	 0.000000	 0.012735
225	 0.004080	 0.003965	 0.000033	 0.000000	 0.000057	0.868682	 0.834252	 0.014124	 0.000000	 0.012792
226	 0.003501	 0.003315	 0.000057	 0.000000	 0.000098	0.872183	 0.837567	 0.014181	 0.000000	 0.012890
227	 0.003497	 0.003379	 0.000032	 0.000000	 0.000058	0.875680	 0.840946	 0.014213	 0.000000	 0.012948
228	 0.003755	 0.003549	 0.000078	 0.000000	 0.000100	0.879435	 0.844495	 0.014291	 0.000000	 0.013048
229	 0.003458	 0.003351	 0.000031	 0.000000	 0.000047	0.882893	 0.847846	 0.014322	 0.000000	 0.013095
230	 0.003619	 0.003438	 0.000056	 0.000000	 0.000096	0.886512	 0.851284	 0.014378	 0.000000	 0.013191
231	 0.003677	 0.003560	 0.000046	 0.000000	 0.000045	0.890189	 0.854844	 0.014424	 0.000000	 0.013236
232	 0.003781	 0.003597	 0.000058	 0.000000	 0.000095	0.893970	 0.858441	 0.014482	 0.000000	 0.013331
233	 0.003912	 0.003784	 0.000047	 0.000000	 0.000055	0.897882	 0.862225	 0.014529	 0.000000	 0.013386
234	 0.003819	 0.003596	 0.000074	 0.000000	 0.000102	0.901701	 0.865821	 0.014603	 0.000000	 0.013488
235	 0.004092	 0.003973	 0.000034	 0.000000	 0.000058	0.905793	 0.869794	 0.014637	 0.000000	 0.013546
236	 0.004129	 0.003935	 0.000057	 0.000000	 0.000106	0.909922	 0.873729	 0.014694	 0.000000	 0.013652
237	 0.003665	 0.003547	 0.000033	 0.000000	 0.000058	0.913587	 0.877276	 0.014727	 0.000000	 0.013710
238	 0.003617	 0.003399	 0.000079	 0.000000	 0.000107	0.917204	 0.880675	 0.014806	 0.000000	 0.013817
239	 0.003988	 0.003857	 0.000046	 0.000000	 0.000056	0.921192	 0.884532	 0.014852	 0.000000	 0.013873
240	 0.003529	 0.003327	 0.000062	 0.000000	 0.000108	0.924721	 0.887859	 0.014914	 0.000000	 0.013981
241	 0.003799	 0.003650	 0.000055	 0.000000	 0.000055	0.928520	 0.891509	 0.014969	 0.000000	 0.014036
242	 0.004158	 0.004023	 0.000049	 0.000000	 0.000057	0.932678	 0.895532	 0.015018	 0.000000	 0.014093
243	 0.004144	 0.003953	 0.000059	 0.000000	 0.000102	0.936822	 0.899485	 0.015077	 0.000000	 0.014195
244	 0.003966	 0.003834	 0.000048	 0.000000	 0.000056	0.940788	 0.903319	 0.015125	 0.000000	 0.014251
245	 0.004186	 0.003982	 0.000072	 0.000000	 0.000101	0.944974	 0.907301	 0.015197	 0.000000	 0.014352
246	 0.004088	 0.003963	 0.000047	 0.000000	 0.000052	0.949062	 0.911264	 0.015244	 0.000000	 0.014404
247	 0.003834	 0.003624	 0.000079	 0.000000	 0.000098	0.952896	 0.914888	 0.015323	 0.000000	 0.014502
248	 0.003408	 0.003274	 0.000046	 0.000000	 0.000048	0.956304	 0.918162	 0.015369	 0.000000	 0.014550
249	 0.003688	 0.003560	 0.000049	 0.000000	 0.000051	0.959992	 0.921722	 0.015418	 0.000000	 0.014601
250	 0.003478	 0.003274	 0.000078	 0.000000	 0.000096	0.963470	 0.924996	 0.015496	 0.000000	 0.014697
251	 0.003947	 0.003824	 0.000032	 0.000000	 0.000051	0.967417	 0.928820	 0.015528	 0.000000	 0.014748
252	 0.003698	 0.003568	 0.000051	 0.000000	 0.000050	0.971115	 0.932388	 0.015579	 0.000000	 0.014798
253	 0.004216	 0.004012	 0.000077	 0.000000	 0.000097	0.975331	 0.936400	 0.015656	 0.000000	 0.014895
254	 0.003551	 0.003423	 0.000046	 0.000000	 0.000056	0.978882	 0.939823	 0.015702	 0.000000	 0.014951
255	 0.004072	 0.003871	 0.000061	 0.000000	 0.000109	0.982954	 0.943694	 0.015763	 0.000000	 0.015060
256	 0.003574	 0.003437	 0.000048	 0.000000	 0.000062	0.986528	 0.947131	 0.015811	 0.000000	 0.015122
257	 0.004296	 0.004078	 0.000077	 0.000000	 0.000111	0.990824	 0.951209	 0.015888	 0.000000	 0.015233
258	 0.003608	 0.003476	 0.000047	 0.000000	 0.000055	0.994432	 0.954685	 0.015935	 0.000000	 0.015288
259	 0.004046	 0.003831	 0.000074	 0.000000	 0.000112	0.998478	 0.958516	 0.016009	 0.000000	 0.015400
260	 0.003446	 0.003307	 0.000046	 0.000000	 0.000065	1.001924	 0.961823	 0.016055	 0.000000	 0.015465
261	 0.003939	 0.003714	 0.000073	 0.000000	 0.000120	1.005863	 0.965537	 0.016128	 0.000000	 0.015585
262	 0.003628	 0.003487	 0.000048	 0.000000	 0.000063	1.009491	 0.969024	 0.016176	 0.000000	 0.015648
263	 0.003916	 0.003691	 0.000074	 0.000000	 0.000122	1.013407	 0.972715	 0.016250	 0.000000	 0.015770
264	 0.003712	 0.003591	 0.000033	 0.000000	 0.000062	1.017119	 0.976306	 0.016283	 0.000000	 0.015832
265	 0.003560	 0.003356	 0.000058	 0.000000	 0.000116	1.020679	 0.979662	 0.016341	 0.000000	 0.015948
266	 0.003721	 0.003596	 0.000032	 0.000000	 0.000065	1.024400	 0.983258	 0.016373	 0.000000	 0.016013
267	 0.003665	 0.003457	 0.000059	 0.000000	 0.000119	1.028065	 0.986715	 0.016432	 0.000000	 0.016132
268	 0.003833	 0.003708	 0.000031	 0.000000	 0.000051	1.031898	 0.990423	 0.016463	 0.000000	 0.016183
269	 0.003883	 0.003740	 0.000049	 0.000000	 0.000052	1.035781	 0.994163	 0.016512	 0.000000	 0.016235
270	 0.004056	 0.003923	 0.000048	 0.000000	 0.000058	1.039837	 0.998086	 0.016560	 0.000000	 0.016293
271	 0.003727	 0.003504	 0.000072	 0.000000	 0.000108	1.043564	 1.001590	 0.016632	 0.000000	 0.016401
272	 0.003977	 0.003843	 0.000033	 0.000000	 0.000060	1.047541	 1.005433	 0.016665	 0.000000	 0.016461
273	 0.003878	 0.003741	 0.000032	 0.000000	 0.000065	1.051419	 1.009174	 0.016697	 0.000000	 0.016526
274	 0.003780	 0.003639	 0.000033	 0.000000	 0.000066	1.055199	 1.012813	 0.016730	 0.000000	 0.016592
275	 0.004022	 0.003877	 0.000053	 0.000000	 0.000065	1.059221	 1.016690	 0.016783	 0.000000	 0.016657
276	 0.003687	 0.003453	 0.000074	 0.000000	 0.000114	1.062908	 1.020143	 0.016857	 0.000000	 0.016771
277	 0.003840	 0.003689	 0.000048	 0.000000	 0.000064	1.066748	 1.023832	 0.016905	 0.000000	 0.016835
278	 0.004322	 0.004169	 0.000043	 0.000000	 0.000066	1.071070	 1.028001	 0.016948	 0.000000	 0.016901
279	 0.003938	 0.003793	 0.000036	 0.000000	 0.000066	1.075008	 1.031794	 0.016984	 0.000000	 0.016967
280	 0.003855	 0.003709	 0.000051	 0.000000	 0.000066	1.078863	 1.035503	 0.017035	 0.000000	 0.017033
281	 0.003976	 0.003736	 0.000078	 0.000000	 0.000118	1.082839	 1.039239	 0.017113	 0.000000	 0.017151
282	 0.004169	 0.004029	 0.000033	 0.000000	 0.000067	1.087008	 1.043268	 0.017146	 0.000000	 0.017218
283	 0.003907	 0.003749	 0.000048	 0.000000	 0.000069	1.090915	 1.047017	 0.017194	 0.000000	 0.017287
284	 0.003902	 0.003741	 0.000049	 0.000000	 0.000066	1.094817	 1.050758	 0.017243	 0.000000	 0.017353
285	 0.003849	 0.003697	 0.000047	 0.000000	 0.000063	1.098666	 1.054455	 0.017290	 0.000000	 0.017416
286	 0.003910	 0.003776	 0.000034	 0.000000	 0.000059	1.102576	 1.058231	 0.017324	 0.000000	 0.017475
