Problem:                                baa99_m
First Stage Rows:                       1
First Stage Columns:                    2
First Stage Non-zeros:                  0
Number of replications:                 30
Status:                                 COMPROMISE SOLUTION
Total Objective Function Upper Bound:   -290.423,[-295.845458,-285.001030],half-width:5.422, stdev:2.766
Total Objective Function Lower Bound:   -294.143,[-299.579549,-288.705940],half-width:5.437, stdev:2.774

First Stage Solutions:
   No.   Row name   Activity      Lower bound   Upper bound   Dual          Dual STDEV
------ ------------ ------------- ------------- ------------- ------------- -------------
     0 obj          -2.904232e+02 

   No. Column name  Activity      Lower bound   Upper bound   Reduced Cost  RC STDEV
------ ------------ ------------- ------------- ------------- ------------- -------------
     1 x1            1.183386e+02  0.000000e+00  2.170000e+02  0.000000e+00  0.000000e+00 
     2 x2            1.603765e+02  0.000000e+00  2.170000e+02  0.000000e+00  0.000000e+00 


Problem:                                baa99_m
First Stage Rows:                       1
First Stage Columns:                    2
First Stage Non-zeros:                  0
Number of replications:                 30
Status:                                 MEAN SOLUTION
Total Objective Function Upper Bound:   -290.425,[-295.848006,-285.001700],half-width:5.423, stdev:2.767
Total Objective Function Lower Bound:   -294.143,[-299.579549,-288.705940],half-width:5.437, stdev:2.774

First Stage Solutions:
   No.   Row name   Activity      Lower bound   Upper bound   Dual          Dual STDEV
------ ------------ ------------- ------------- ------------- ------------- -------------
     0 obj          -2.904249e+02 

   No. Column name  Activity      Lower bound   Upper bound   Reduced Cost  RC STDEV
------ ------------ ------------- ------------- ------------- ------------- -------------
     1 x1            1.183660e+02  0.000000e+00  2.170000e+02  0.000000e+00  0.000000e+00 
     2 x2            1.603853e+02  0.000000e+00  2.170000e+02  0.000000e+00  0.000000e+00 


