113.384667
162.619378

113.923611
165.902711

114.003057
167.080698

108.801259
173.791662

108.911706
160.704354

103.700079
176.255597

113.897728
167.729691

114.047403
163.065530

108.843627
172.828419

113.897191
166.096853

119.266022
150.380607

110.675336
170.265128

109.203924
169.929914

114.185996
150.809976

113.896448
164.379244

114.253359
170.631962

119.354920
167.689998

113.384667
162.619378

119.279496
169.402211

103.780479
172.377690

119.278148
171.164168

113.947037
170.023546

114.036307
170.537967

119.277707
167.026049

113.945248
164.188817

113.817021
171.651570

113.937288
165.131695

106.976535
165.751584

109.908058
162.631045

119.254167
168.088367

