Problem:                                baa99_m
First Stage Rows:                       1
First Stage Columns:                    2
First Stage Non-zeros:                  0
Replication No. 0
Status:                                 REPLICATION SOLUTION
Total Objective Function Upper Bound:   
Total Objective Function Lower Bound:   -264.295519

First Stage Solutions:
   No.   Row name   Activity      Lower bound   Upper bound   Dual          Dual STDEV
------ ------------ ------------- ------------- ------------- ------------- -------------
     0 obj           0.000000e+00 

   No. Column name  Activity      Lower bound   Upper bound   Reduced Cost  RC STDEV
------ ------------ ------------- ------------- ------------- ------------- -------------
     1 x1            1.306497e+02  0.000000e+00  2.170000e+02  0.000000e+00 
     2 x2            1.450838e+02  0.000000e+00  2.170000e+02  0.000000e+00 


Problem:                                baa99_m
First Stage Rows:                       1
First Stage Columns:                    2
First Stage Non-zeros:                  0
Replication No. 1
Status:                                 REPLICATION SOLUTION
Total Objective Function Upper Bound:   
Total Objective Function Lower Bound:   -290.556269

First Stage Solutions:
   No.   Row name   Activity      Lower bound   Upper bound   Dual          Dual STDEV
------ ------------ ------------- ------------- ------------- ------------- -------------
     0 obj           0.000000e+00 

   No. Column name  Activity      Lower bound   Upper bound   Reduced Cost  RC STDEV
------ ------------ ------------- ------------- ------------- ------------- -------------
     1 x1            1.306393e+02  0.000000e+00  2.170000e+02  0.000000e+00 
     2 x2            1.447859e+02  0.000000e+00  2.170000e+02  0.000000e+00 


Problem:                                baa99_m
First Stage Rows:                       1
First Stage Columns:                    2
First Stage Non-zeros:                  0
Replication No. 2
Status:                                 REPLICATION SOLUTION
Total Objective Function Upper Bound:   
Total Objective Function Lower Bound:   -272.635833

First Stage Solutions:
   No.   Row name   Activity      Lower bound   Upper bound   Dual          Dual STDEV
------ ------------ ------------- ------------- ------------- ------------- -------------
     0 obj           0.000000e+00 

   No. Column name  Activity      Lower bound   Upper bound   Reduced Cost  RC STDEV
------ ------------ ------------- ------------- ------------- ------------- -------------
     1 x1            1.307663e+02  0.000000e+00  2.170000e+02  0.000000e+00 
     2 x2            1.523092e+02  0.000000e+00  2.170000e+02  0.000000e+00 


Problem:                                baa99_m
First Stage Rows:                       1
First Stage Columns:                    2
First Stage Non-zeros:                  0
Replication No. 3
Status:                                 REPLICATION SOLUTION
Total Objective Function Upper Bound:   
Total Objective Function Lower Bound:   -256.081331

First Stage Solutions:
   No.   Row name   Activity      Lower bound   Upper bound   Dual          Dual STDEV
------ ------------ ------------- ------------- ------------- ------------- -------------
     0 obj           0.000000e+00 

   No. Column name  Activity      Lower bound   Upper bound   Reduced Cost  RC STDEV
------ ------------ ------------- ------------- ------------- ------------- -------------
     1 x1            1.308076e+02  0.000000e+00  2.170000e+02  0.000000e+00 
     2 x2            1.467358e+02  0.000000e+00  2.170000e+02  0.000000e+00 


Problem:                                baa99_m
First Stage Rows:                       1
First Stage Columns:                    2
First Stage Non-zeros:                  0
Replication No. 4
Status:                                 REPLICATION SOLUTION
Total Objective Function Upper Bound:   
Total Objective Function Lower Bound:   -260.322077

First Stage Solutions:
   No.   Row name   Activity      Lower bound   Upper bound   Dual          Dual STDEV
------ ------------ ------------- ------------- ------------- ------------- -------------
     0 obj           0.000000e+00 

   No. Column name  Activity      Lower bound   Upper bound   Reduced Cost  RC STDEV
------ ------------ ------------- ------------- ------------- ------------- -------------
     1 x1            1.247385e+02  0.000000e+00  2.170000e+02  0.000000e+00 
     2 x2            1.361727e+02  0.000000e+00  2.170000e+02  0.000000e+00 


Problem:                                baa99_m
First Stage Rows:                       1
First Stage Columns:                    2
First Stage Non-zeros:                  0
Replication No. 5
Status:                                 REPLICATION SOLUTION
Total Objective Function Upper Bound:   
Total Objective Function Lower Bound:   -269.469727

First Stage Solutions:
   No.   Row name   Activity      Lower bound   Upper bound   Dual          Dual STDEV
------ ------------ ------------- ------------- ------------- ------------- -------------
     0 obj           0.000000e+00 

   No. Column name  Activity      Lower bound   Upper bound   Reduced Cost  RC STDEV
------ ------------ ------------- ------------- ------------- ------------- -------------
     1 x1            1.246936e+02  0.000000e+00  2.170000e+02  0.000000e+00 
     2 x2            1.475240e+02  0.000000e+00  2.170000e+02  0.000000e+00 


Problem:                                baa99_m
First Stage Rows:                       1
First Stage Columns:                    2
First Stage Non-zeros:                  0
Replication No. 6
Status:                                 REPLICATION SOLUTION
Total Objective Function Upper Bound:   
Total Objective Function Lower Bound:   -296.001225

First Stage Solutions:
   No.   Row name   Activity      Lower bound   Upper bound   Dual          Dual STDEV
------ ------------ ------------- ------------- ------------- ------------- -------------
     0 obj           2.003904e+00 

   No. Column name  Activity      Lower bound   Upper bound   Reduced Cost  RC STDEV
------ ------------ ------------- ------------- ------------- ------------- -------------
     1 x1            1.303186e+02  0.000000e+00  2.170000e+02  0.000000e+00 
     2 x2            1.509230e+02  0.000000e+00  2.170000e+02  0.000000e+00 


Problem:                                baa99_m
First Stage Rows:                       1
First Stage Columns:                    2
First Stage Non-zeros:                  0
Replication No. 7
Status:                                 REPLICATION SOLUTION
Total Objective Function Upper Bound:   
Total Objective Function Lower Bound:   -298.496992

First Stage Solutions:
   No.   Row name   Activity      Lower bound   Upper bound   Dual          Dual STDEV
------ ------------ ------------- ------------- ------------- ------------- -------------
     0 obj           2.003904e+00 

   No. Column name  Activity      Lower bound   Upper bound   Reduced Cost  RC STDEV
------ ------------ ------------- ------------- ------------- ------------- -------------
     1 x1            1.369779e+02  0.000000e+00  2.170000e+02  0.000000e+00 
     2 x2            1.351089e+02  0.000000e+00  2.170000e+02  0.000000e+00 


Problem:                                baa99_m
First Stage Rows:                       1
First Stage Columns:                    2
First Stage Non-zeros:                  0
Replication No. 8
Status:                                 REPLICATION SOLUTION
Total Objective Function Upper Bound:   
Total Objective Function Lower Bound:   -274.024318

First Stage Solutions:
   No.   Row name   Activity      Lower bound   Upper bound   Dual          Dual STDEV
------ ------------ ------------- ------------- ------------- ------------- -------------
     0 obj           2.003904e+00 

   No. Column name  Activity      Lower bound   Upper bound   Reduced Cost  RC STDEV
------ ------------ ------------- ------------- ------------- ------------- -------------
     1 x1            1.246353e+02  0.000000e+00  2.170000e+02  0.000000e+00 
     2 x2            1.556097e+02  0.000000e+00  2.170000e+02  0.000000e+00 


Problem:                                baa99_m
First Stage Rows:                       1
First Stage Columns:                    2
First Stage Non-zeros:                  0
Replication No. 9
Status:                                 REPLICATION SOLUTION
Total Objective Function Upper Bound:   
Total Objective Function Lower Bound:   -286.970424

First Stage Solutions:
   No.   Row name   Activity      Lower bound   Upper bound   Dual          Dual STDEV
------ ------------ ------------- ------------- ------------- ------------- -------------
     0 obj           0.000000e+00 

   No. Column name  Activity      Lower bound   Upper bound   Reduced Cost  RC STDEV
------ ------------ ------------- ------------- ------------- ------------- -------------
     1 x1            1.304751e+02  0.000000e+00  2.170000e+02  0.000000e+00 
     2 x2            1.435813e+02  0.000000e+00  2.170000e+02  0.000000e+00 


Problem:                                baa99_m
First Stage Rows:                       1
First Stage Columns:                    2
First Stage Non-zeros:                  0
Replication No. 10
Status:                                 REPLICATION SOLUTION
Total Objective Function Upper Bound:   
Total Objective Function Lower Bound:   -305.945047

First Stage Solutions:
   No.   Row name   Activity      Lower bound   Upper bound   Dual          Dual STDEV
------ ------------ ------------- ------------- ------------- ------------- -------------
     0 obj           0.000000e+00 

   No. Column name  Activity      Lower bound   Upper bound   Reduced Cost  RC STDEV
------ ------------ ------------- ------------- ------------- ------------- -------------
     1 x1            1.369123e+02  0.000000e+00  2.170000e+02  0.000000e+00 
     2 x2            1.282370e+02  0.000000e+00  2.170000e+02  0.000000e+00 


Problem:                                baa99_m
First Stage Rows:                       1
First Stage Columns:                    2
First Stage Non-zeros:                  0
Replication No. 11
Status:                                 REPLICATION SOLUTION
Total Objective Function Upper Bound:   
Total Objective Function Lower Bound:   -245.573348

First Stage Solutions:
   No.   Row name   Activity      Lower bound   Upper bound   Dual          Dual STDEV
------ ------------ ------------- ------------- ------------- ------------- -------------
     0 obj           0.000000e+00 

   No. Column name  Activity      Lower bound   Upper bound   Reduced Cost  RC STDEV
------ ------------ ------------- ------------- ------------- ------------- -------------
     1 x1            1.247516e+02  0.000000e+00  2.170000e+02  0.000000e+00 
     2 x2            1.546748e+02  0.000000e+00  2.170000e+02  0.000000e+00 


Problem:                                baa99_m
First Stage Rows:                       1
First Stage Columns:                    2
First Stage Non-zeros:                  0
Replication No. 12
Status:                                 REPLICATION SOLUTION
Total Objective Function Upper Bound:   
Total Objective Function Lower Bound:   -265.094606

First Stage Solutions:
   No.   Row name   Activity      Lower bound   Upper bound   Dual          Dual STDEV
------ ------------ ------------- ------------- ------------- ------------- -------------
     0 obj           0.000000e+00 

   No. Column name  Activity      Lower bound   Upper bound   Reduced Cost  RC STDEV
------ ------------ ------------- ------------- ------------- ------------- -------------
     1 x1            1.247475e+02  0.000000e+00  2.170000e+02  0.000000e+00 
     2 x2            1.486024e+02  0.000000e+00  2.170000e+02  0.000000e+00 


Problem:                                baa99_m
First Stage Rows:                       1
First Stage Columns:                    2
First Stage Non-zeros:                  0
Replication No. 13
Status:                                 REPLICATION SOLUTION
Total Objective Function Upper Bound:   
Total Objective Function Lower Bound:   -312.561631

First Stage Solutions:
   No.   Row name   Activity      Lower bound   Upper bound   Dual          Dual STDEV
------ ------------ ------------- ------------- ------------- ------------- -------------
     0 obj           0.000000e+00 

   No. Column name  Activity      Lower bound   Upper bound   Reduced Cost  RC STDEV
------ ------------ ------------- ------------- ------------- ------------- -------------
     1 x1            1.302171e+02  0.000000e+00  2.170000e+02  0.000000e+00 
     2 x2            1.298392e+02  0.000000e+00  2.170000e+02  0.000000e+00 


Problem:                                baa99_m
First Stage Rows:                       1
First Stage Columns:                    2
First Stage Non-zeros:                  0
Replication No. 14
Status:                                 REPLICATION SOLUTION
Total Objective Function Upper Bound:   
Total Objective Function Lower Bound:   -277.957733

First Stage Solutions:
   No.   Row name   Activity      Lower bound   Upper bound   Dual          Dual STDEV
------ ------------ ------------- ------------- ------------- ------------- -------------
     0 obj           0.000000e+00 

   No. Column name  Activity      Lower bound   Upper bound   Reduced Cost  RC STDEV
------ ------------ ------------- ------------- ------------- ------------- -------------
     1 x1            1.303889e+02  0.000000e+00  2.170000e+02  0.000000e+00 
     2 x2            1.463659e+02  0.000000e+00  2.170000e+02  0.000000e+00 


Problem:                                baa99_m
First Stage Rows:                       1
First Stage Columns:                    2
First Stage Non-zeros:                  0
Replication No. 15
Status:                                 REPLICATION SOLUTION
Total Objective Function Upper Bound:   
Total Objective Function Lower Bound:   -273.911709

First Stage Solutions:
   No.   Row name   Activity      Lower bound   Upper bound   Dual          Dual STDEV
------ ------------ ------------- ------------- ------------- ------------- -------------
     0 obj           0.000000e+00 

   No. Column name  Activity      Lower bound   Upper bound   Reduced Cost  RC STDEV
------ ------------ ------------- ------------- ------------- ------------- -------------
     1 x1            1.305787e+02  0.000000e+00  2.170000e+02  0.000000e+00 
     2 x2            1.526892e+02  0.000000e+00  2.170000e+02  0.000000e+00 


Problem:                                baa99_m
First Stage Rows:                       1
First Stage Columns:                    2
First Stage Non-zeros:                  0
Replication No. 16
Status:                                 REPLICATION SOLUTION
Total Objective Function Upper Bound:   
Total Objective Function Lower Bound:   -258.048985

First Stage Solutions:
   No.   Row name   Activity      Lower bound   Upper bound   Dual          Dual STDEV
------ ------------ ------------- ------------- ------------- ------------- -------------
     0 obj           0.000000e+00 

   No. Column name  Activity      Lower bound   Upper bound   Reduced Cost  RC STDEV
------ ------------ ------------- ------------- ------------- ------------- -------------
     1 x1            1.250481e+02  0.000000e+00  2.170000e+02  0.000000e+00 
     2 x2            1.594006e+02  0.000000e+00  2.170000e+02  0.000000e+00 


Problem:                                baa99_m
First Stage Rows:                       1
First Stage Columns:                    2
First Stage Non-zeros:                  0
Replication No. 17
Status:                                 REPLICATION SOLUTION
Total Objective Function Upper Bound:   
Total Objective Function Lower Bound:   -264.295519

First Stage Solutions:
   No.   Row name   Activity      Lower bound   Upper bound   Dual          Dual STDEV
------ ------------ ------------- ------------- ------------- ------------- -------------
     0 obj           0.000000e+00 

   No. Column name  Activity      Lower bound   Upper bound   Reduced Cost  RC STDEV
------ ------------ ------------- ------------- ------------- ------------- -------------
     1 x1            1.306497e+02  0.000000e+00  2.170000e+02  0.000000e+00 
     2 x2            1.450838e+02  0.000000e+00  2.170000e+02  0.000000e+00 


Problem:                                baa99_m
First Stage Rows:                       1
First Stage Columns:                    2
First Stage Non-zeros:                  0
Replication No. 18
Status:                                 REPLICATION SOLUTION
Total Objective Function Upper Bound:   
Total Objective Function Lower Bound:   -302.554546

First Stage Solutions:
   No.   Row name   Activity      Lower bound   Upper bound   Dual          Dual STDEV
------ ------------ ------------- ------------- ------------- ------------- -------------
     0 obj           0.000000e+00 

   No. Column name  Activity      Lower bound   Upper bound   Reduced Cost  RC STDEV
------ ------------ ------------- ------------- ------------- ------------- -------------
     1 x1            1.369488e+02  0.000000e+00  2.170000e+02  0.000000e+00 
     2 x2            1.486919e+02  0.000000e+00  2.170000e+02  0.000000e+00 


Problem:                                baa99_m
First Stage Rows:                       1
First Stage Columns:                    2
First Stage Non-zeros:                  0
Replication No. 19
Status:                                 REPLICATION SOLUTION
Total Objective Function Upper Bound:   
Total Objective Function Lower Bound:   -267.931638

First Stage Solutions:
   No.   Row name   Activity      Lower bound   Upper bound   Dual          Dual STDEV
------ ------------ ------------- ------------- ------------- ------------- -------------
     0 obj          -1.147741e+03 

   No. Column name  Activity      Lower bound   Upper bound   Reduced Cost  RC STDEV
------ ------------ ------------- ------------- ------------- ------------- -------------
     1 x1            1.248116e+02  0.000000e+00  2.170000e+02  0.000000e+00 
     2 x2            1.500605e+02  0.000000e+00  2.170000e+02  0.000000e+00 


Problem:                                baa99_m
First Stage Rows:                       1
First Stage Columns:                    2
First Stage Non-zeros:                  0
Replication No. 20
Status:                                 REPLICATION SOLUTION
Total Objective Function Upper Bound:   
Total Objective Function Lower Bound:   -287.968105

First Stage Solutions:
   No.   Row name   Activity      Lower bound   Upper bound   Dual          Dual STDEV
------ ------------ ------------- ------------- ------------- ------------- -------------
     0 obj           0.000000e+00 

   No. Column name  Activity      Lower bound   Upper bound   Reduced Cost  RC STDEV
------ ------------ ------------- ------------- ------------- ------------- -------------
     1 x1            1.358444e+02  0.000000e+00  2.170000e+02  0.000000e+00 
     2 x2            1.503524e+02  0.000000e+00  2.170000e+02  0.000000e+00 


Problem:                                baa99_m
First Stage Rows:                       1
First Stage Columns:                    2
First Stage Non-zeros:                  0
Replication No. 21
Status:                                 REPLICATION SOLUTION
Total Objective Function Upper Bound:   
Total Objective Function Lower Bound:   -289.404414

First Stage Solutions:
   No.   Row name   Activity      Lower bound   Upper bound   Dual          Dual STDEV
------ ------------ ------------- ------------- ------------- ------------- -------------
     0 obj          -1.147741e+03 

   No. Column name  Activity      Lower bound   Upper bound   Reduced Cost  RC STDEV
------ ------------ ------------- ------------- ------------- ------------- -------------
     1 x1            1.306352e+02  0.000000e+00  2.170000e+02  0.000000e+00 
     2 x2            1.498298e+02  0.000000e+00  2.170000e+02  0.000000e+00 


Problem:                                baa99_m
First Stage Rows:                       1
First Stage Columns:                    2
First Stage Non-zeros:                  0
Replication No. 22
Status:                                 REPLICATION SOLUTION
Total Objective Function Upper Bound:   
Total Objective Function Lower Bound:   -295.149802

First Stage Solutions:
   No.   Row name   Activity      Lower bound   Upper bound   Dual          Dual STDEV
------ ------------ ------------- ------------- ------------- ------------- -------------
     0 obj           0.000000e+00 

   No. Column name  Activity      Lower bound   Upper bound   Reduced Cost  RC STDEV
------ ------------ ------------- ------------- ------------- ------------- -------------
     1 x1            1.306328e+02  0.000000e+00  2.170000e+02  0.000000e+00 
     2 x2            1.402941e+02  0.000000e+00  2.170000e+02  0.000000e+00 


Problem:                                baa99_m
First Stage Rows:                       1
First Stage Columns:                    2
First Stage Non-zeros:                  0
Replication No. 23
Status:                                 REPLICATION SOLUTION
Total Objective Function Upper Bound:   
Total Objective Function Lower Bound:   -301.227275

First Stage Solutions:
   No.   Row name   Activity      Lower bound   Upper bound   Dual          Dual STDEV
------ ------------ ------------- ------------- ------------- ------------- -------------
     0 obj           0.000000e+00 

   No. Column name  Activity      Lower bound   Upper bound   Reduced Cost  RC STDEV
------ ------------ ------------- ------------- ------------- ------------- -------------
     1 x1            1.368470e+02  0.000000e+00  2.170000e+02  0.000000e+00 
     2 x2            1.472788e+02  0.000000e+00  2.170000e+02  0.000000e+00 


Problem:                                baa99_m
First Stage Rows:                       1
First Stage Columns:                    2
First Stage Non-zeros:                  0
Replication No. 24
Status:                                 REPLICATION SOLUTION
Total Objective Function Upper Bound:   
Total Objective Function Lower Bound:   -275.454545

First Stage Solutions:
   No.   Row name   Activity      Lower bound   Upper bound   Dual          Dual STDEV
------ ------------ ------------- ------------- ------------- ------------- -------------
     0 obj           0.000000e+00 

   No. Column name  Activity      Lower bound   Upper bound   Reduced Cost  RC STDEV
------ ------------ ------------- ------------- ------------- ------------- -------------
     1 x1            1.306675e+02  0.000000e+00  2.170000e+02  0.000000e+00 
     2 x2            1.455753e+02  0.000000e+00  2.170000e+02  0.000000e+00 


Problem:                                baa99_m
First Stage Rows:                       1
First Stage Columns:                    2
First Stage Non-zeros:                  0
Replication No. 25
Status:                                 REPLICATION SOLUTION
Total Objective Function Upper Bound:   
Total Objective Function Lower Bound:   -263.120942

First Stage Solutions:
   No.   Row name   Activity      Lower bound   Upper bound   Dual          Dual STDEV
------ ------------ ------------- ------------- ------------- ------------- -------------
     0 obj           0.000000e+00 

   No. Column name  Activity      Lower bound   Upper bound   Reduced Cost  RC STDEV
------ ------------ ------------- ------------- ------------- ------------- -------------
     1 x1            1.369229e+02  0.000000e+00  2.170000e+02  0.000000e+00 
     2 x2            1.441172e+02  0.000000e+00  2.170000e+02  0.000000e+00 


Problem:                                baa99_m
First Stage Rows:                       1
First Stage Columns:                    2
First Stage Non-zeros:                  0
Replication No. 26
Status:                                 REPLICATION SOLUTION
Total Objective Function Upper Bound:   
Total Objective Function Lower Bound:   -282.295716

First Stage Solutions:
   No.   Row name   Activity      Lower bound   Upper bound   Dual          Dual STDEV
------ ------------ ------------- ------------- ------------- ------------- -------------
     0 obj           0.000000e+00 

   No. Column name  Activity      Lower bound   Upper bound   Reduced Cost  RC STDEV
------ ------------ ------------- ------------- ------------- ------------- -------------
     1 x1            1.305754e+02  0.000000e+00  2.170000e+02  0.000000e+00 
     2 x2            1.452938e+02  0.000000e+00  2.170000e+02  0.000000e+00 


Problem:                                baa99_m
First Stage Rows:                       1
First Stage Columns:                    2
First Stage Non-zeros:                  0
Replication No. 27
Status:                                 REPLICATION SOLUTION
Total Objective Function Upper Bound:   
Total Objective Function Lower Bound:   -283.520802

First Stage Solutions:
   No.   Row name   Activity      Lower bound   Upper bound   Dual          Dual STDEV
------ ------------ ------------- ------------- ------------- ------------- -------------
     0 obj           0.000000e+00 

   No. Column name  Activity      Lower bound   Upper bound   Reduced Cost  RC STDEV
------ ------------ ------------- ------------- ------------- ------------- -------------
     1 x1            1.247714e+02  0.000000e+00  2.170000e+02  0.000000e+00 
     2 x2            1.414546e+02  0.000000e+00  2.170000e+02  0.000000e+00 


Problem:                                baa99_m
First Stage Rows:                       1
First Stage Columns:                    2
First Stage Non-zeros:                  0
Replication No. 28
Status:                                 REPLICATION SOLUTION
Total Objective Function Upper Bound:   
Total Objective Function Lower Bound:   -299.528855

First Stage Solutions:
   No.   Row name   Activity      Lower bound   Upper bound   Dual          Dual STDEV
------ ------------ ------------- ------------- ------------- ------------- -------------
     0 obj           0.000000e+00 

   No. Column name  Activity      Lower bound   Upper bound   Reduced Cost  RC STDEV
------ ------------ ------------- ------------- ------------- ------------- -------------
     1 x1            1.309042e+02  0.000000e+00  2.170000e+02  0.000000e+00 
     2 x2            1.401584e+02  0.000000e+00  2.170000e+02  0.000000e+00 


Problem:                                baa99_m
First Stage Rows:                       1
First Stage Columns:                    2
First Stage Non-zeros:                  0
Replication No. 29
Status:                                 REPLICATION SOLUTION
Total Objective Function Upper Bound:   
Total Objective Function Lower Bound:   -270.052998

First Stage Solutions:
   No.   Row name   Activity      Lower bound   Upper bound   Dual          Dual STDEV
------ ------------ ------------- ------------- ------------- ------------- -------------
     0 obj           0.000000e+00 

   No. Column name  Activity      Lower bound   Upper bound   Reduced Cost  RC STDEV
------ ------------ ------------- ------------- ------------- ------------- -------------
     1 x1            1.369271e+02  0.000000e+00  2.170000e+02  0.000000e+00 
     2 x2            1.490764e+02  0.000000e+00  2.170000e+02  0.000000e+00 


