130.649707
145.083798

130.639289
144.785865

130.766342
152.309195

130.807595
146.735829

124.738514
136.172714

124.693614
147.524026

130.318564
150.922994

136.977930
135.108905

124.635319
155.609749

130.475083
143.581263

136.912347
128.236952

124.751608
154.674823

124.747492
148.602398

130.217132
129.839206

130.388918
146.365875

130.578713
152.689215

125.048148
159.400625

130.649707
145.083798

136.948832
148.691913

124.811648
150.060505

135.844412
150.352394

130.635210
149.829784

130.632775
140.294130

136.846997
147.278794

130.667485
145.575333

136.922897
144.117165

130.575386
145.293767

124.771443
141.454613

130.904230
140.158352

136.927114
149.076354

