Iter	 Iter_time	 Master	 Subprob	 Full_Test	 argmax	Iter_acc	 Master_acc	 Subprob_acc	 Full_Test_acc	 argmax_acc
1	 0.000772	 0.000471	 0.000177	 0.000000	 0.000084	0.000772	 0.000471	 0.000177	 0.000000	 0.000084
2	 0.003635	 0.003335	 0.000184	 0.000000	 0.000054	0.004407	 0.003806	 0.000361	 0.000000	 0.000138
3	 0.003750	 0.003609	 0.000069	 0.000000	 0.000025	0.008157	 0.007415	 0.000430	 0.000000	 0.000163
4	 0.003576	 0.003450	 0.000072	 0.000000	 0.000019	0.011733	 0.010865	 0.000502	 0.000000	 0.000182
5	 0.003849	 0.003642	 0.000115	 0.000000	 0.000055	0.015582	 0.014507	 0.000617	 0.000000	 0.000237
6	 0.003765	 0.003674	 0.000037	 0.000000	 0.000030	0.019347	 0.018181	 0.000654	 0.000000	 0.000267
7	 0.003394	 0.003228	 0.000093	 0.000000	 0.000034	0.022741	 0.021409	 0.000747	 0.000000	 0.000301
8	 0.003766	 0.003679	 0.000035	 0.000000	 0.000027	0.026507	 0.025088	 0.000782	 0.000000	 0.000328
9	 0.004030	 0.003880	 0.000081	 0.000000	 0.000036	0.030537	 0.028968	 0.000863	 0.000000	 0.000364
10	 0.003466	 0.003363	 0.000047	 0.000000	 0.000030	0.034003	 0.032331	 0.000910	 0.000000	 0.000394
11	 0.003492	 0.003350	 0.000077	 0.000000	 0.000036	0.037495	 0.035681	 0.000987	 0.000000	 0.000430
12	 0.003460	 0.003375	 0.000034	 0.000000	 0.000019	0.040955	 0.039056	 0.001021	 0.000000	 0.000449
13	 0.004133	 0.004007	 0.000071	 0.000000	 0.000024	0.045088	 0.043063	 0.001092	 0.000000	 0.000473
14	 0.004131	 0.004000	 0.000062	 0.000000	 0.000034	0.049219	 0.047063	 0.001154	 0.000000	 0.000507
15	 0.003612	 0.003509	 0.000049	 0.000000	 0.000021	0.052831	 0.050572	 0.001203	 0.000000	 0.000528
16	 0.004278	 0.004175	 0.000050	 0.000000	 0.000024	0.057109	 0.054747	 0.001253	 0.000000	 0.000552
17	 0.003167	 0.003041	 0.000062	 0.000000	 0.000036	0.060276	 0.057788	 0.001315	 0.000000	 0.000588
18	 0.003762	 0.003676	 0.000031	 0.000000	 0.000030	0.064038	 0.061464	 0.001346	 0.000000	 0.000618
19	 0.004060	 0.003902	 0.000077	 0.000000	 0.000047	0.068098	 0.065366	 0.001423	 0.000000	 0.000665
20	 0.003950	 0.003858	 0.000046	 0.000000	 0.000022	0.072048	 0.069224	 0.001469	 0.000000	 0.000687
21	 0.004199	 0.004048	 0.000077	 0.000000	 0.000041	0.076247	 0.073272	 0.001546	 0.000000	 0.000728
22	 0.003500	 0.003420	 0.000032	 0.000000	 0.000022	0.079747	 0.076692	 0.001578	 0.000000	 0.000750
23	 0.004469	 0.004300	 0.000084	 0.000000	 0.000040	0.084216	 0.080992	 0.001662	 0.000000	 0.000790
24	 0.003869	 0.003679	 0.000099	 0.000000	 0.000040	0.088085	 0.084671	 0.001761	 0.000000	 0.000830
25	 0.004068	 0.003788	 0.000151	 0.000000	 0.000073	0.092153	 0.088459	 0.001912	 0.000000	 0.000903
26	 0.004141	 0.004006	 0.000075	 0.000000	 0.000028	0.096294	 0.092465	 0.001987	 0.000000	 0.000931
27	 0.003847	 0.003690	 0.000083	 0.000000	 0.000041	0.100141	 0.096155	 0.002070	 0.000000	 0.000972
28	 0.003865	 0.003761	 0.000038	 0.000000	 0.000037	0.104006	 0.099916	 0.002108	 0.000000	 0.001009
29	 0.003252	 0.003119	 0.000059	 0.000000	 0.000048	0.107258	 0.103035	 0.002167	 0.000000	 0.001057
30	 0.003362	 0.003261	 0.000053	 0.000000	 0.000022	0.110620	 0.106296	 0.002220	 0.000000	 0.001079
31	 0.003959	 0.003810	 0.000079	 0.000000	 0.000044	0.114579	 0.110106	 0.002299	 0.000000	 0.001123
32	 0.003684	 0.003602	 0.000035	 0.000000	 0.000023	0.118263	 0.113708	 0.002334	 0.000000	 0.001146
33	 0.004451	 0.004290	 0.000074	 0.000000	 0.000043	0.122714	 0.117998	 0.002408	 0.000000	 0.001189
34	 0.004187	 0.004053	 0.000068	 0.000000	 0.000034	0.126901	 0.122051	 0.002476	 0.000000	 0.001223
35	 0.003631	 0.003502	 0.000057	 0.000000	 0.000042	0.130532	 0.125553	 0.002533	 0.000000	 0.001265
36	 0.004076	 0.003945	 0.000068	 0.000000	 0.000026	0.134608	 0.129498	 0.002601	 0.000000	 0.001291
37	 0.003733	 0.003635	 0.000049	 0.000000	 0.000022	0.138341	 0.133133	 0.002650	 0.000000	 0.001313
38	 0.003624	 0.003476	 0.000076	 0.000000	 0.000042	0.141965	 0.136609	 0.002726	 0.000000	 0.001355
39	 0.004323	 0.004227	 0.000042	 0.000000	 0.000024	0.146288	 0.140836	 0.002768	 0.000000	 0.001379
40	 0.004082	 0.003899	 0.000089	 0.000000	 0.000058	0.150370	 0.144735	 0.002857	 0.000000	 0.001437
41	 0.003392	 0.003268	 0.000064	 0.000000	 0.000031	0.153762	 0.148003	 0.002921	 0.000000	 0.001468
42	 0.004214	 0.004063	 0.000075	 0.000000	 0.000046	0.157976	 0.152066	 0.002996	 0.000000	 0.001514
43	 0.004028	 0.003937	 0.000041	 0.000000	 0.000024	0.162004	 0.156003	 0.003037	 0.000000	 0.001538
44	 0.004089	 0.003936	 0.000078	 0.000000	 0.000045	0.166093	 0.159939	 0.003115	 0.000000	 0.001583
45	 0.004049	 0.003951	 0.000041	 0.000000	 0.000024	0.170142	 0.163890	 0.003156	 0.000000	 0.001607
46	 0.003952	 0.003722	 0.000116	 0.000000	 0.000067	0.174094	 0.167612	 0.003272	 0.000000	 0.001674
47	 0.004151	 0.004031	 0.000059	 0.000000	 0.000028	0.178245	 0.171643	 0.003331	 0.000000	 0.001702
48	 0.003744	 0.003582	 0.000081	 0.000000	 0.000047	0.181989	 0.175225	 0.003412	 0.000000	 0.001749
49	 0.003722	 0.003625	 0.000046	 0.000000	 0.000025	0.185711	 0.178850	 0.003458	 0.000000	 0.001774
50	 0.003945	 0.003793	 0.000075	 0.000000	 0.000045	0.189656	 0.182643	 0.003533	 0.000000	 0.001819
51	 0.004253	 0.004155	 0.000046	 0.000000	 0.000025	0.193909	 0.186798	 0.003579	 0.000000	 0.001844
52	 0.003710	 0.003575	 0.000060	 0.000000	 0.000045	0.197619	 0.190373	 0.003639	 0.000000	 0.001889
53	 0.003263	 0.003180	 0.000033	 0.000000	 0.000026	0.200882	 0.193553	 0.003672	 0.000000	 0.001915
54	 0.003855	 0.003704	 0.000077	 0.000000	 0.000044	0.204737	 0.197257	 0.003749	 0.000000	 0.001959
55	 0.003724	 0.003627	 0.000046	 0.000000	 0.000026	0.208461	 0.200884	 0.003795	 0.000000	 0.001985
56	 0.003925	 0.003778	 0.000059	 0.000000	 0.000047	0.212386	 0.204662	 0.003854	 0.000000	 0.002032
57	 0.003478	 0.003384	 0.000031	 0.000000	 0.000036	0.215864	 0.208046	 0.003885	 0.000000	 0.002068
58	 0.003732	 0.003582	 0.000058	 0.000000	 0.000055	0.219596	 0.211628	 0.003943	 0.000000	 0.002123
59	 0.003831	 0.003751	 0.000032	 0.000000	 0.000023	0.223427	 0.215379	 0.003975	 0.000000	 0.002146
60	 0.003424	 0.003269	 0.000076	 0.000000	 0.000047	0.226851	 0.218648	 0.004051	 0.000000	 0.002193
61	 0.004040	 0.003957	 0.000032	 0.000000	 0.000026	0.230891	 0.222605	 0.004083	 0.000000	 0.002219
62	 0.003625	 0.003471	 0.000076	 0.000000	 0.000048	0.234516	 0.226076	 0.004159	 0.000000	 0.002267
63	 0.003376	 0.003292	 0.000032	 0.000000	 0.000026	0.237892	 0.229368	 0.004191	 0.000000	 0.002293
64	 0.003513	 0.003380	 0.000056	 0.000000	 0.000048	0.241405	 0.232748	 0.004247	 0.000000	 0.002341
65	 0.003966	 0.003880	 0.000031	 0.000000	 0.000026	0.245371	 0.236628	 0.004278	 0.000000	 0.002367
66	 0.003856	 0.003706	 0.000062	 0.000000	 0.000050	0.249227	 0.240334	 0.004340	 0.000000	 0.002417
67	 0.003925	 0.003834	 0.000032	 0.000000	 0.000026	0.253152	 0.244168	 0.004372	 0.000000	 0.002443
68	 0.003977	 0.003779	 0.000083	 0.000000	 0.000077	0.257129	 0.247947	 0.004455	 0.000000	 0.002520
69	 0.004149	 0.004063	 0.000031	 0.000000	 0.000026	0.261278	 0.252010	 0.004486	 0.000000	 0.002546
70	 0.004037	 0.003890	 0.000056	 0.000000	 0.000051	0.265315	 0.255900	 0.004542	 0.000000	 0.002597
71	 0.003541	 0.003445	 0.000033	 0.000000	 0.000038	0.268856	 0.259345	 0.004575	 0.000000	 0.002635
72	 0.003894	 0.003750	 0.000058	 0.000000	 0.000057	0.272750	 0.263095	 0.004633	 0.000000	 0.002692
73	 0.004477	 0.004363	 0.000060	 0.000000	 0.000026	0.277227	 0.267458	 0.004693	 0.000000	 0.002718
74	 0.003771	 0.003599	 0.000070	 0.000000	 0.000070	0.280998	 0.271057	 0.004763	 0.000000	 0.002788
75	 0.004330	 0.004228	 0.000046	 0.000000	 0.000028	0.285328	 0.275285	 0.004809	 0.000000	 0.002816
76	 0.004854	 0.004702	 0.000061	 0.000000	 0.000053	0.290182	 0.279987	 0.004870	 0.000000	 0.002869
77	 0.003868	 0.003753	 0.000055	 0.000000	 0.000030	0.294050	 0.283740	 0.004925	 0.000000	 0.002899
78	 0.003530	 0.003368	 0.000078	 0.000000	 0.000053	0.297580	 0.287108	 0.005003	 0.000000	 0.002952
79	 0.003875	 0.003790	 0.000032	 0.000000	 0.000027	0.301455	 0.290898	 0.005035	 0.000000	 0.002979
80	 0.003869	 0.003705	 0.000079	 0.000000	 0.000055	0.305324	 0.294603	 0.005114	 0.000000	 0.003034
81	 0.004264	 0.004141	 0.000058	 0.000000	 0.000032	0.309588	 0.298744	 0.005172	 0.000000	 0.003066
82	 0.003501	 0.003322	 0.000082	 0.000000	 0.000056	0.313089	 0.302066	 0.005254	 0.000000	 0.003122
83	 0.003966	 0.003857	 0.000046	 0.000000	 0.000037	0.317055	 0.305923	 0.005300	 0.000000	 0.003159
84	 0.003931	 0.003779	 0.000059	 0.000000	 0.000061	0.320986	 0.309702	 0.005359	 0.000000	 0.003220
85	 0.004148	 0.004049	 0.000046	 0.000000	 0.000029	0.325134	 0.313751	 0.005405	 0.000000	 0.003249
86	 0.003971	 0.003812	 0.000075	 0.000000	 0.000054	0.329105	 0.317563	 0.005480	 0.000000	 0.003303
87	 0.003669	 0.003559	 0.000045	 0.000000	 0.000038	0.332774	 0.321122	 0.005525	 0.000000	 0.003341
88	 0.004305	 0.004136	 0.000074	 0.000000	 0.000062	0.337079	 0.325258	 0.005599	 0.000000	 0.003403
89	 0.004252	 0.004148	 0.000047	 0.000000	 0.000030	0.341331	 0.329406	 0.005646	 0.000000	 0.003433
90	 0.004169	 0.004018	 0.000064	 0.000000	 0.000054	0.345500	 0.333424	 0.005710	 0.000000	 0.003487
91	 0.003910	 0.003791	 0.000052	 0.000000	 0.000039	0.349410	 0.337215	 0.005762	 0.000000	 0.003526
92	 0.003780	 0.003604	 0.000080	 0.000000	 0.000066	0.353190	 0.340819	 0.005842	 0.000000	 0.003592
93	 0.003662	 0.003575	 0.000033	 0.000000	 0.000027	0.356852	 0.344394	 0.005875	 0.000000	 0.003619
94	 0.003748	 0.003606	 0.000059	 0.000000	 0.000056	0.360600	 0.348000	 0.005934	 0.000000	 0.003675
95	 0.003595	 0.003467	 0.000060	 0.000000	 0.000035	0.364195	 0.351467	 0.005994	 0.000000	 0.003710
96	 0.003630	 0.003465	 0.000076	 0.000000	 0.000058	0.367825	 0.354932	 0.006070	 0.000000	 0.003768
97	 0.003673	 0.003584	 0.000033	 0.000000	 0.000030	0.371498	 0.358516	 0.006103	 0.000000	 0.003798
98	 0.003879	 0.003717	 0.000077	 0.000000	 0.000057	0.375377	 0.362233	 0.006180	 0.000000	 0.003855
99	 0.003496	 0.003392	 0.000045	 0.000000	 0.000030	0.378873	 0.365625	 0.006225	 0.000000	 0.003885
100	 0.003719	 0.003553	 0.000079	 0.000000	 0.000058	0.382592	 0.369178	 0.006304	 0.000000	 0.003943
101	 0.004206	 0.004115	 0.000034	 0.000000	 0.000029	0.386798	 0.373293	 0.006338	 0.000000	 0.003972
102	 0.003686	 0.003504	 0.000057	 0.000000	 0.000057	0.390484	 0.376797	 0.006395	 0.000000	 0.004029
103	 0.003319	 0.003227	 0.000034	 0.000000	 0.000031	0.393803	 0.380024	 0.006429	 0.000000	 0.004060
104	 0.003594	 0.003450	 0.000057	 0.000000	 0.000058	0.397397	 0.383474	 0.006486	 0.000000	 0.004118
105	 0.003601	 0.003495	 0.000048	 0.000000	 0.000032	0.400998	 0.386969	 0.006534	 0.000000	 0.004150
106	 0.003863	 0.003702	 0.000073	 0.000000	 0.000055	0.404861	 0.390671	 0.006607	 0.000000	 0.004205
107	 0.003829	 0.003740	 0.000033	 0.000000	 0.000031	0.408690	 0.394411	 0.006640	 0.000000	 0.004236
108	 0.003812	 0.003644	 0.000077	 0.000000	 0.000061	0.412502	 0.398055	 0.006717	 0.000000	 0.004297
109	 0.004155	 0.004046	 0.000046	 0.000000	 0.000034	0.416657	 0.402101	 0.006763	 0.000000	 0.004331
110	 0.004194	 0.004044	 0.000059	 0.000000	 0.000061	0.420851	 0.406145	 0.006822	 0.000000	 0.004392
111	 0.003807	 0.003691	 0.000047	 0.000000	 0.000042	0.424658	 0.409836	 0.006869	 0.000000	 0.004434
112	 0.003498	 0.003325	 0.000071	 0.000000	 0.000069	0.428156	 0.413161	 0.006940	 0.000000	 0.004503
113	 0.003554	 0.003453	 0.000044	 0.000000	 0.000029	0.431710	 0.416614	 0.006984	 0.000000	 0.004532
114	 0.004015	 0.003862	 0.000062	 0.000000	 0.000062	0.435725	 0.420476	 0.007046	 0.000000	 0.004594
115	 0.003738	 0.003623	 0.000046	 0.000000	 0.000035	0.439463	 0.424099	 0.007092	 0.000000	 0.004629
116	 0.003881	 0.003680	 0.000100	 0.000000	 0.000067	0.443344	 0.427779	 0.007192	 0.000000	 0.004696
117	 0.003463	 0.003372	 0.000033	 0.000000	 0.000030	0.446807	 0.431151	 0.007225	 0.000000	 0.004726
118	 0.003546	 0.003403	 0.000058	 0.000000	 0.000058	0.450353	 0.434554	 0.007283	 0.000000	 0.004784
119	 0.003852	 0.003764	 0.000031	 0.000000	 0.000030	0.454205	 0.438318	 0.007314	 0.000000	 0.004814
120	 0.004367	 0.004217	 0.000055	 0.000000	 0.000060	0.458572	 0.442535	 0.007369	 0.000000	 0.004874
121	 0.004132	 0.004028	 0.000033	 0.000000	 0.000033	0.462704	 0.446563	 0.007402	 0.000000	 0.004907
122	 0.005058	 0.004954	 0.000032	 0.000000	 0.000032	0.467762	 0.451517	 0.007434	 0.000000	 0.004939
123	 0.004108	 0.004000	 0.000049	 0.000000	 0.000031	0.471870	 0.455517	 0.007483	 0.000000	 0.004970
124	 0.004030	 0.003862	 0.000077	 0.000000	 0.000060	0.475900	 0.459379	 0.007560	 0.000000	 0.005030
125	 0.004137	 0.004043	 0.000033	 0.000000	 0.000033	0.480037	 0.463422	 0.007593	 0.000000	 0.005063
126	 0.004141	 0.003975	 0.000075	 0.000000	 0.000060	0.484178	 0.467397	 0.007668	 0.000000	 0.005123
127	 0.003317	 0.003198	 0.000053	 0.000000	 0.000034	0.487495	 0.470595	 0.007721	 0.000000	 0.005157
128	 0.004533	 0.004364	 0.000075	 0.000000	 0.000064	0.492028	 0.474959	 0.007796	 0.000000	 0.005221
129	 0.003663	 0.003535	 0.000060	 0.000000	 0.000037	0.495691	 0.478494	 0.007856	 0.000000	 0.005258
130	 0.004565	 0.004395	 0.000073	 0.000000	 0.000062	0.500256	 0.482889	 0.007929	 0.000000	 0.005320
131	 0.003950	 0.003839	 0.000051	 0.000000	 0.000031	0.504206	 0.486728	 0.007980	 0.000000	 0.005351
132	 0.004360	 0.004206	 0.000059	 0.000000	 0.000064	0.508566	 0.490934	 0.008039	 0.000000	 0.005415
133	 0.003864	 0.003773	 0.000032	 0.000000	 0.000033	0.512430	 0.494707	 0.008071	 0.000000	 0.005448
134	 0.003776	 0.003603	 0.000076	 0.000000	 0.000063	0.516206	 0.498310	 0.008147	 0.000000	 0.005511
135	 0.003577	 0.003487	 0.000032	 0.000000	 0.000033	0.519783	 0.501797	 0.008179	 0.000000	 0.005544
136	 0.003620	 0.003451	 0.000073	 0.000000	 0.000065	0.523403	 0.505248	 0.008252	 0.000000	 0.005609
137	 0.003674	 0.003566	 0.000042	 0.000000	 0.000034	0.527077	 0.508814	 0.008294	 0.000000	 0.005643
138	 0.004301	 0.004118	 0.000072	 0.000000	 0.000070	0.531378	 0.512932	 0.008366	 0.000000	 0.005713
139	 0.004145	 0.003951	 0.000076	 0.000000	 0.000064	0.535523	 0.516883	 0.008442	 0.000000	 0.005777
140	 0.003697	 0.003511	 0.000089	 0.000000	 0.000065	0.539220	 0.520394	 0.008531	 0.000000	 0.005842
141	 0.003747	 0.003649	 0.000033	 0.000000	 0.000034	0.542967	 0.524043	 0.008564	 0.000000	 0.005876
142	 0.003708	 0.003489	 0.000107	 0.000000	 0.000071	0.546675	 0.527532	 0.008671	 0.000000	 0.005947
143	 0.004162	 0.003996	 0.000078	 0.000000	 0.000042	0.550837	 0.531528	 0.008749	 0.000000	 0.005989
144	 0.004473	 0.004238	 0.000106	 0.000000	 0.000077	0.555310	 0.535766	 0.008855	 0.000000	 0.006066
145	 0.004191	 0.004023	 0.000078	 0.000000	 0.000046	0.559501	 0.539789	 0.008933	 0.000000	 0.006112
146	 0.004661	 0.004443	 0.000080	 0.000000	 0.000077	0.564162	 0.544232	 0.009013	 0.000000	 0.006189
147	 0.003974	 0.003771	 0.000102	 0.000000	 0.000050	0.568136	 0.548003	 0.009115	 0.000000	 0.006239
148	 0.003619	 0.003375	 0.000116	 0.000000	 0.000082	0.571755	 0.551378	 0.009231	 0.000000	 0.006321
149	 0.004111	 0.004010	 0.000034	 0.000000	 0.000035	0.575866	 0.555388	 0.009265	 0.000000	 0.006356
150	 0.004117	 0.003933	 0.000069	 0.000000	 0.000072	0.579983	 0.559321	 0.009334	 0.000000	 0.006428
151	 0.003942	 0.003765	 0.000079	 0.000000	 0.000060	0.583925	 0.563086	 0.009413	 0.000000	 0.006488
152	 0.003586	 0.003396	 0.000079	 0.000000	 0.000079	0.587511	 0.566482	 0.009492	 0.000000	 0.006567
153	 0.003351	 0.003240	 0.000047	 0.000000	 0.000036	0.590862	 0.569722	 0.009539	 0.000000	 0.006603
154	 0.004250	 0.004073	 0.000075	 0.000000	 0.000070	0.595112	 0.573795	 0.009614	 0.000000	 0.006673
155	 0.004016	 0.003895	 0.000044	 0.000000	 0.000041	0.599128	 0.577690	 0.009658	 0.000000	 0.006714
156	 0.003695	 0.003509	 0.000089	 0.000000	 0.000066	0.602823	 0.581199	 0.009747	 0.000000	 0.006780
157	 0.004180	 0.004074	 0.000045	 0.000000	 0.000034	0.607003	 0.585273	 0.009792	 0.000000	 0.006814
158	 0.003661	 0.003488	 0.000060	 0.000000	 0.000067	0.610664	 0.588761	 0.009852	 0.000000	 0.006881
159	 0.004102	 0.003978	 0.000048	 0.000000	 0.000048	0.614766	 0.592739	 0.009900	 0.000000	 0.006929
160	 0.004259	 0.004079	 0.000073	 0.000000	 0.000078	0.619025	 0.596818	 0.009973	 0.000000	 0.007007
161	 0.004161	 0.004048	 0.000048	 0.000000	 0.000037	0.623186	 0.600866	 0.010021	 0.000000	 0.007044
162	 0.004193	 0.004005	 0.000074	 0.000000	 0.000070	0.627379	 0.604871	 0.010095	 0.000000	 0.007114
163	 0.003786	 0.003668	 0.000038	 0.000000	 0.000040	0.631165	 0.608539	 0.010133	 0.000000	 0.007154
164	 0.003689	 0.003571	 0.000052	 0.000000	 0.000036	0.634854	 0.612110	 0.010185	 0.000000	 0.007190
165	 0.003914	 0.003739	 0.000073	 0.000000	 0.000070	0.638768	 0.615849	 0.010258	 0.000000	 0.007260
166	 0.003461	 0.003365	 0.000032	 0.000000	 0.000035	0.642229	 0.619214	 0.010290	 0.000000	 0.007295
167	 0.003795	 0.003619	 0.000074	 0.000000	 0.000068	0.646024	 0.622833	 0.010364	 0.000000	 0.007363
168	 0.004020	 0.003885	 0.000064	 0.000000	 0.000039	0.650044	 0.626718	 0.010428	 0.000000	 0.007402
169	 0.003878	 0.003699	 0.000076	 0.000000	 0.000070	0.653922	 0.630417	 0.010504	 0.000000	 0.007472
170	 0.003926	 0.003819	 0.000046	 0.000000	 0.000033	0.657848	 0.634236	 0.010550	 0.000000	 0.007505
171	 0.003579	 0.003394	 0.000078	 0.000000	 0.000073	0.661427	 0.637630	 0.010628	 0.000000	 0.007578
172	 0.004086	 0.003982	 0.000042	 0.000000	 0.000034	0.665513	 0.641612	 0.010670	 0.000000	 0.007612
173	 0.004383	 0.004219	 0.000059	 0.000000	 0.000073	0.669896	 0.645831	 0.010729	 0.000000	 0.007685
174	 0.003792	 0.003690	 0.000034	 0.000000	 0.000037	0.673688	 0.649521	 0.010763	 0.000000	 0.007722
175	 0.003849	 0.003678	 0.000065	 0.000000	 0.000074	0.677537	 0.653199	 0.010828	 0.000000	 0.007796
176	 0.004060	 0.003961	 0.000033	 0.000000	 0.000037	0.681597	 0.657160	 0.010861	 0.000000	 0.007833
177	 0.003869	 0.003713	 0.000057	 0.000000	 0.000068	0.685466	 0.660873	 0.010918	 0.000000	 0.007901
178	 0.003978	 0.003873	 0.000031	 0.000000	 0.000047	0.689444	 0.664746	 0.010949	 0.000000	 0.007948
179	 0.004285	 0.004113	 0.000058	 0.000000	 0.000081	0.693729	 0.668859	 0.011007	 0.000000	 0.008029
180	 0.004217	 0.004121	 0.000032	 0.000000	 0.000037	0.697946	 0.672980	 0.011039	 0.000000	 0.008066
181	 0.004264	 0.004061	 0.000091	 0.000000	 0.000075	0.702210	 0.677041	 0.011130	 0.000000	 0.008141
182	 0.003791	 0.003653	 0.000056	 0.000000	 0.000051	0.706001	 0.680694	 0.011186	 0.000000	 0.008192
183	 0.004302	 0.004127	 0.000063	 0.000000	 0.000081	0.710303	 0.684821	 0.011249	 0.000000	 0.008273
184	 0.003468	 0.003372	 0.000032	 0.000000	 0.000037	0.713771	 0.688193	 0.011281	 0.000000	 0.008310
185	 0.003993	 0.003807	 0.000077	 0.000000	 0.000077	0.717764	 0.692000	 0.011358	 0.000000	 0.008387
186	 0.003854	 0.003734	 0.000048	 0.000000	 0.000044	0.721618	 0.695734	 0.011406	 0.000000	 0.008431
187	 0.003964	 0.003783	 0.000073	 0.000000	 0.000074	0.725582	 0.699517	 0.011479	 0.000000	 0.008505
188	 0.004260	 0.004135	 0.000049	 0.000000	 0.000050	0.729842	 0.703652	 0.011528	 0.000000	 0.008555
189	 0.004104	 0.003927	 0.000060	 0.000000	 0.000085	0.733946	 0.707579	 0.011588	 0.000000	 0.008640
190	 0.004438	 0.004314	 0.000047	 0.000000	 0.000048	0.738384	 0.711893	 0.011635	 0.000000	 0.008688
191	 0.003879	 0.003688	 0.000076	 0.000000	 0.000086	0.742263	 0.715581	 0.011711	 0.000000	 0.008774
192	 0.004168	 0.004076	 0.000033	 0.000000	 0.000036	0.746431	 0.719657	 0.011744	 0.000000	 0.008810
193	 0.004464	 0.004305	 0.000057	 0.000000	 0.000072	0.750895	 0.723962	 0.011801	 0.000000	 0.008882
194	 0.003405	 0.003293	 0.000047	 0.000000	 0.000038	0.754300	 0.727255	 0.011848	 0.000000	 0.008920
195	 0.004312	 0.004126	 0.000075	 0.000000	 0.000078	0.758612	 0.731381	 0.011923	 0.000000	 0.008998
196	 0.004100	 0.003991	 0.000046	 0.000000	 0.000036	0.762712	 0.735372	 0.011969	 0.000000	 0.009034
197	 0.004409	 0.004230	 0.000071	 0.000000	 0.000077	0.767121	 0.739602	 0.012040	 0.000000	 0.009111
198	 0.003847	 0.003739	 0.000032	 0.000000	 0.000046	0.770968	 0.743341	 0.012072	 0.000000	 0.009157
199	 0.004490	 0.004258	 0.000076	 0.000000	 0.000097	0.775458	 0.747599	 0.012148	 0.000000	 0.009254
200	 0.003841	 0.003605	 0.000072	 0.000000	 0.000100	0.779299	 0.751204	 0.012220	 0.000000	 0.009354
201	 0.004041	 0.003644	 0.000182	 0.000000	 0.000155	0.783340	 0.754848	 0.012402	 0.000000	 0.009509
202	 0.003642	 0.003449	 0.000069	 0.000000	 0.000047	0.786982	 0.758297	 0.012471	 0.000000	 0.009556
203	 0.003910	 0.003649	 0.000092	 0.000000	 0.000116	0.790892	 0.761946	 0.012563	 0.000000	 0.009672
204	 0.004792	 0.004626	 0.000071	 0.000000	 0.000057	0.795684	 0.766572	 0.012634	 0.000000	 0.009729
205	 0.003802	 0.003556	 0.000096	 0.000000	 0.000102	0.799486	 0.770128	 0.012730	 0.000000	 0.009831
206	 0.003706	 0.003467	 0.000072	 0.000000	 0.000094	0.803192	 0.773595	 0.012802	 0.000000	 0.009925
207	 0.003972	 0.003679	 0.000126	 0.000000	 0.000107	0.807164	 0.777274	 0.012928	 0.000000	 0.010032
208	 0.003708	 0.003565	 0.000049	 0.000000	 0.000048	0.810872	 0.780839	 0.012977	 0.000000	 0.010080
209	 0.003859	 0.003645	 0.000074	 0.000000	 0.000088	0.814731	 0.784484	 0.013051	 0.000000	 0.010168
210	 0.004049	 0.003864	 0.000079	 0.000000	 0.000063	0.818780	 0.788348	 0.013130	 0.000000	 0.010231
211	 0.004142	 0.003897	 0.000099	 0.000000	 0.000100	0.822922	 0.792245	 0.013229	 0.000000	 0.010331
212	 0.003775	 0.003636	 0.000057	 0.000000	 0.000044	0.826697	 0.795881	 0.013286	 0.000000	 0.010375
213	 0.004060	 0.003802	 0.000114	 0.000000	 0.000093	0.830757	 0.799683	 0.013400	 0.000000	 0.010468
214	 0.003745	 0.003535	 0.000098	 0.000000	 0.000059	0.834502	 0.803218	 0.013498	 0.000000	 0.010527
215	 0.004166	 0.003968	 0.000080	 0.000000	 0.000083	0.838668	 0.807186	 0.013578	 0.000000	 0.010610
216	 0.003711	 0.003592	 0.000050	 0.000000	 0.000041	0.842379	 0.810778	 0.013628	 0.000000	 0.010651
217	 0.003948	 0.003784	 0.000062	 0.000000	 0.000077	0.846327	 0.814562	 0.013690	 0.000000	 0.010728
218	 0.003910	 0.003796	 0.000045	 0.000000	 0.000041	0.850237	 0.818358	 0.013735	 0.000000	 0.010769
219	 0.003915	 0.003737	 0.000061	 0.000000	 0.000082	0.854152	 0.822095	 0.013796	 0.000000	 0.010851
220	 0.003671	 0.003560	 0.000033	 0.000000	 0.000051	0.857823	 0.825655	 0.013829	 0.000000	 0.010902
221	 0.004241	 0.004059	 0.000058	 0.000000	 0.000090	0.862064	 0.829714	 0.013887	 0.000000	 0.010992
222	 0.003743	 0.003603	 0.000057	 0.000000	 0.000051	0.865807	 0.833317	 0.013944	 0.000000	 0.011043
223	 0.003970	 0.003779	 0.000073	 0.000000	 0.000084	0.869777	 0.837096	 0.014017	 0.000000	 0.011127
224	 0.004013	 0.003908	 0.000035	 0.000000	 0.000041	0.873790	 0.841004	 0.014052	 0.000000	 0.011168
225	 0.004358	 0.004181	 0.000058	 0.000000	 0.000083	0.878148	 0.845185	 0.014110	 0.000000	 0.011251
226	 0.004670	 0.004511	 0.000067	 0.000000	 0.000058	0.882818	 0.849696	 0.014177	 0.000000	 0.011309
227	 0.004212	 0.003990	 0.000080	 0.000000	 0.000097	0.887030	 0.853686	 0.014257	 0.000000	 0.011406
228	 0.004345	 0.004231	 0.000032	 0.000000	 0.000038	0.891375	 0.857917	 0.014289	 0.000000	 0.011444
229	 0.004112	 0.004010	 0.000033	 0.000000	 0.000042	0.895487	 0.861927	 0.014322	 0.000000	 0.011486
230	 0.004305	 0.004137	 0.000056	 0.000000	 0.000081	0.899792	 0.866064	 0.014378	 0.000000	 0.011567
231	 0.003927	 0.003810	 0.000048	 0.000000	 0.000041	0.903719	 0.869874	 0.014426	 0.000000	 0.011608
232	 0.003776	 0.003602	 0.000063	 0.000000	 0.000082	0.907495	 0.873476	 0.014489	 0.000000	 0.011690
233	 0.003895	 0.003784	 0.000032	 0.000000	 0.000039	0.911390	 0.877260	 0.014521	 0.000000	 0.011729
234	 0.004031	 0.003912	 0.000050	 0.000000	 0.000039	0.915421	 0.881172	 0.014571	 0.000000	 0.011768
235	 0.003739	 0.003566	 0.000061	 0.000000	 0.000083	0.919160	 0.884738	 0.014632	 0.000000	 0.011851
236	 0.003416	 0.003314	 0.000031	 0.000000	 0.000042	0.922576	 0.888052	 0.014663	 0.000000	 0.011893
237	 0.003464	 0.003288	 0.000059	 0.000000	 0.000085	0.926040	 0.891340	 0.014722	 0.000000	 0.011978
238	 0.004030	 0.003899	 0.000048	 0.000000	 0.000043	0.930070	 0.895239	 0.014770	 0.000000	 0.012021
239	 0.003603	 0.003493	 0.000042	 0.000000	 0.000040	0.933673	 0.898732	 0.014812	 0.000000	 0.012061
240	 0.003875	 0.003680	 0.000076	 0.000000	 0.000086	0.937548	 0.902412	 0.014888	 0.000000	 0.012147
241	 0.004186	 0.004066	 0.000050	 0.000000	 0.000040	0.941734	 0.906478	 0.014938	 0.000000	 0.012187
242	 0.004108	 0.003916	 0.000074	 0.000000	 0.000087	0.945842	 0.910394	 0.015012	 0.000000	 0.012274
243	 0.003499	 0.003402	 0.000033	 0.000000	 0.000041	0.949341	 0.913796	 0.015045	 0.000000	 0.012315
244	 0.003638	 0.003446	 0.000076	 0.000000	 0.000084	0.952979	 0.917242	 0.015121	 0.000000	 0.012399
245	 0.004033	 0.003902	 0.000045	 0.000000	 0.000044	0.957012	 0.921144	 0.015166	 0.000000	 0.012443
246	 0.003859	 0.003740	 0.000041	 0.000000	 0.000047	0.960871	 0.924884	 0.015207	 0.000000	 0.012490
247	 0.004107	 0.003933	 0.000056	 0.000000	 0.000085	0.964978	 0.928817	 0.015263	 0.000000	 0.012575
248	 0.003702	 0.003600	 0.000033	 0.000000	 0.000040	0.968680	 0.932417	 0.015296	 0.000000	 0.012615
249	 0.004140	 0.003935	 0.000087	 0.000000	 0.000086	0.972820	 0.936352	 0.015383	 0.000000	 0.012701
250	 0.004028	 0.003907	 0.000051	 0.000000	 0.000041	0.976848	 0.940259	 0.015434	 0.000000	 0.012742
251	 0.003374	 0.003180	 0.000072	 0.000000	 0.000088	0.980222	 0.943439	 0.015506	 0.000000	 0.012830
252	 0.003575	 0.003451	 0.000045	 0.000000	 0.000048	0.983797	 0.946890	 0.015551	 0.000000	 0.012878
253	 0.003591	 0.003375	 0.000090	 0.000000	 0.000089	0.987388	 0.950265	 0.015641	 0.000000	 0.012967
254	 0.003557	 0.003441	 0.000047	 0.000000	 0.000041	0.990945	 0.953706	 0.015688	 0.000000	 0.013008
255	 0.003667	 0.003473	 0.000072	 0.000000	 0.000087	0.994612	 0.957179	 0.015760	 0.000000	 0.013095
256	 0.003785	 0.003664	 0.000051	 0.000000	 0.000043	0.998397	 0.960843	 0.015811	 0.000000	 0.013138
257	 0.004287	 0.004092	 0.000077	 0.000000	 0.000087	1.002684	 0.964935	 0.015888	 0.000000	 0.013225
258	 0.004142	 0.003998	 0.000046	 0.000000	 0.000049	1.006826	 0.968933	 0.015934	 0.000000	 0.013274
259	 0.004731	 0.004603	 0.000041	 0.000000	 0.000051	1.011557	 0.973536	 0.015975	 0.000000	 0.013325
260	 0.004271	 0.004051	 0.000064	 0.000000	 0.000102	1.015828	 0.977587	 0.016039	 0.000000	 0.013427
261	 0.005746	 0.005602	 0.000036	 0.000000	 0.000060	1.021574	 0.983189	 0.016075	 0.000000	 0.013487
262	 0.004104	 0.003986	 0.000033	 0.000000	 0.000056	1.025678	 0.987175	 0.016108	 0.000000	 0.013543
263	 0.004564	 0.004362	 0.000062	 0.000000	 0.000108	1.030242	 0.991537	 0.016170	 0.000000	 0.013651
264	 0.004198	 0.004084	 0.000034	 0.000000	 0.000055	1.034440	 0.995621	 0.016204	 0.000000	 0.013706
265	 0.004631	 0.004451	 0.000056	 0.000000	 0.000094	1.039071	 1.000072	 0.016260	 0.000000	 0.013800
266	 0.003803	 0.003694	 0.000033	 0.000000	 0.000049	1.042874	 1.003766	 0.016293	 0.000000	 0.013849
267	 0.004529	 0.004007	 0.000064	 0.000323	 0.000094	1.047403	 1.007773	 0.016357	 0.000323	 0.013943
268	 0.004126	 0.003682	 0.000070	 0.000288	 0.000048	1.051529	 1.011455	 0.016427	 0.000611	 0.013991
269	 0.004668	 0.004181	 0.000060	 0.000284	 0.000102	1.056197	 1.015636	 0.016487	 0.000895	 0.014093
270	 0.004783	 0.004334	 0.000062	 0.000294	 0.000051	1.060980	 1.019970	 0.016549	 0.001189	 0.014144
271	 0.004755	 0.004216	 0.000076	 0.000302	 0.000113	1.065735	 1.024186	 0.016625	 0.001491	 0.014257
272	 0.004687	 0.004250	 0.000037	 0.000299	 0.000062	1.070422	 1.028436	 0.016662	 0.001790	 0.014319
273	 0.004749	 0.004239	 0.000066	 0.000293	 0.000111	1.075171	 1.032675	 0.016728	 0.002083	 0.014430
274	 0.004660	 0.004236	 0.000037	 0.000297	 0.000055	1.079831	 1.036911	 0.016765	 0.002380	 0.014485
275	 0.004487	 0.003938	 0.000096	 0.000302	 0.000099	1.084318	 1.040849	 0.016861	 0.002682	 0.014584
276	 0.004983	 0.004541	 0.000051	 0.000304	 0.000047	1.089301	 1.045390	 0.016912	 0.002986	 0.014631
277	 0.005651	 0.005122	 0.000087	 0.000304	 0.000098	1.094952	 1.050512	 0.016999	 0.003290	 0.014729
278	 0.005505	 0.005056	 0.000062	 0.000297	 0.000051	1.100457	 1.055568	 0.017061	 0.003587	 0.014780
279	 0.005044	 0.004516	 0.000081	 0.000308	 0.000097	1.105501	 1.060084	 0.017142	 0.003895	 0.014877
280	 0.004996	 0.004540	 0.000049	 0.000316	 0.000050	1.110497	 1.064624	 0.017191	 0.004211	 0.014927
281	 0.004907	 0.004366	 0.000081	 0.000316	 0.000101	1.115404	 1.068990	 0.017272	 0.004527	 0.015028
282	 0.004069	 0.003656	 0.000048	 0.000275	 0.000058	1.119473	 1.072646	 0.017320	 0.004802	 0.015086
283	 0.004657	 0.004134	 0.000078	 0.000305	 0.000099	1.124130	 1.076780	 0.017398	 0.005107	 0.015185
284	 0.004058	 0.003601	 0.000050	 0.000320	 0.000048	1.128188	 1.080381	 0.017448	 0.005427	 0.015233
285	 0.004870	 0.004330	 0.000085	 0.000314	 0.000098	1.133058	 1.084711	 0.017533	 0.005741	 0.015331
286	 0.004685	 0.004235	 0.000040	 0.000325	 0.000049	1.137743	 1.088946	 0.017573	 0.006066	 0.015380
287	 0.003957	 0.003417	 0.000082	 0.000319	 0.000100	1.141700	 1.092363	 0.017655	 0.006385	 0.015480
288	 0.004322	 0.003856	 0.000053	 0.000329	 0.000049	1.146022	 1.096219	 0.017708	 0.006714	 0.015529
289	 0.004571	 0.003999	 0.000094	 0.000324	 0.000112	1.150593	 1.100218	 0.017802	 0.007038	 0.015641
290	 0.005038	 0.004571	 0.000057	 0.000322	 0.000052	1.155631	 1.104789	 0.017859	 0.007360	 0.015693
291	 0.005378	 0.004827	 0.000086	 0.000325	 0.000099	1.161009	 1.109616	 0.017945	 0.007685	 0.015792
292	 0.004692	 0.004172	 0.000069	 0.000358	 0.000054	1.165701	 1.113788	 0.018014	 0.008043	 0.015846
293	 0.004590	 0.004032	 0.000071	 0.000335	 0.000101	1.170291	 1.117820	 0.018085	 0.008378	 0.015947
294	 0.004984	 0.004411	 0.000049	 0.000439	 0.000050	1.175275	 1.122231	 0.018134	 0.008817	 0.015997
295	 0.004641	 0.004078	 0.000078	 0.000336	 0.000100	1.179916	 1.126309	 0.018212	 0.009153	 0.016097
296	 0.005024	 0.004551	 0.000039	 0.000338	 0.000052	1.184940	 1.130860	 0.018251	 0.009491	 0.016149
297	 0.004298	 0.003571	 0.000104	 0.000465	 0.000117	1.189238	 1.134431	 0.018355	 0.009956	 0.016266
298	 0.004829	 0.004345	 0.000052	 0.000345	 0.000050	1.194067	 1.138776	 0.018407	 0.010301	 0.016316
299	 0.004080	 0.003500	 0.000069	 0.000354	 0.000115	1.198147	 1.142276	 0.018476	 0.010655	 0.016431
300	 0.004388	 0.003955	 0.000036	 0.000311	 0.000051	1.202535	 1.146231	 0.018512	 0.010966	 0.016482
301	 0.004717	 0.004123	 0.000089	 0.000359	 0.000107	1.207252	 1.150354	 0.018601	 0.011325	 0.016589
302	 0.005228	 0.004618	 0.000052	 0.000421	 0.000058	1.212480	 1.154972	 0.018653	 0.011746	 0.016647
303	 0.005121	 0.004306	 0.000083	 0.000588	 0.000100	1.217601	 1.159278	 0.018736	 0.012334	 0.016747
304	 0.004512	 0.003941	 0.000063	 0.000415	 0.000053	1.222113	 1.163219	 0.018799	 0.012749	 0.016800
305	 0.005319	 0.004727	 0.000084	 0.000356	 0.000109	1.227432	 1.167946	 0.018883	 0.013105	 0.016909
306	 0.004599	 0.004149	 0.000042	 0.000319	 0.000052	1.232031	 1.172095	 0.018925	 0.013424	 0.016961
307	 0.004656	 0.004095	 0.000062	 0.000350	 0.000097	1.236687	 1.176190	 0.018987	 0.013774	 0.017058
308	 0.004177	 0.003678	 0.000053	 0.000353	 0.000051	1.240864	 1.179868	 0.019040	 0.014127	 0.017109
309	 0.005627	 0.005039	 0.000084	 0.000349	 0.000114	1.246491	 1.184907	 0.019124	 0.014476	 0.017223
310	 0.004912	 0.004283	 0.000060	 0.000484	 0.000049	1.251403	 1.189190	 0.019184	 0.014960	 0.017272
311	 0.004856	 0.004258	 0.000079	 0.000365	 0.000111	1.256259	 1.193448	 0.019263	 0.015325	 0.017383
312	 0.004379	 0.003891	 0.000034	 0.000374	 0.000049	1.260638	 1.197339	 0.019297	 0.015699	 0.017432
313	 0.004219	 0.003631	 0.000080	 0.000370	 0.000099	1.264857	 1.200970	 0.019377	 0.016069	 0.017531
314	 0.004922	 0.004421	 0.000037	 0.000375	 0.000052	1.269779	 1.205391	 0.019414	 0.016444	 0.017583
315	 0.004668	 0.004090	 0.000059	 0.000370	 0.000111	1.274447	 1.209481	 0.019473	 0.016814	 0.017694
316	 0.004549	 0.004037	 0.000052	 0.000373	 0.000050	1.278996	 1.213518	 0.019525	 0.017187	 0.017744
317	 0.005419	 0.004825	 0.000062	 0.000378	 0.000111	1.284415	 1.218343	 0.019587	 0.017565	 0.017855
318	 0.004697	 0.003948	 0.000040	 0.000621	 0.000049	1.289112	 1.222291	 0.019627	 0.018186	 0.017904
319	 0.005237	 0.004604	 0.000111	 0.000380	 0.000104	1.294349	 1.226895	 0.019738	 0.018566	 0.018008
320	 0.004776	 0.004250	 0.000054	 0.000377	 0.000051	1.299125	 1.231145	 0.019792	 0.018943	 0.018059
321	 0.004517	 0.003923	 0.000067	 0.000375	 0.000112	1.303642	 1.235068	 0.019859	 0.019318	 0.018171
322	 0.004543	 0.004013	 0.000052	 0.000385	 0.000053	1.308185	 1.239081	 0.019911	 0.019703	 0.018224
323	 0.004666	 0.003894	 0.000077	 0.000566	 0.000096	1.312851	 1.242975	 0.019988	 0.020269	 0.018320
324	 0.005038	 0.004546	 0.000054	 0.000343	 0.000054	1.317889	 1.247521	 0.020042	 0.020612	 0.018374
325	 0.005151	 0.004534	 0.000080	 0.000384	 0.000113	1.323040	 1.252055	 0.020122	 0.020996	 0.018487
326	 0.004776	 0.004285	 0.000050	 0.000337	 0.000062	1.327816	 1.256340	 0.020172	 0.021333	 0.018549
327	 0.004541	 0.003872	 0.000095	 0.000394	 0.000135	1.332357	 1.260212	 0.020267	 0.021727	 0.018684
328	 0.004454	 0.003860	 0.000048	 0.000456	 0.000057	1.336811	 1.264072	 0.020315	 0.022183	 0.018741
329	 0.004826	 0.004195	 0.000087	 0.000393	 0.000106	1.341637	 1.268267	 0.020402	 0.022576	 0.018847
330	 0.004524	 0.004013	 0.000060	 0.000358	 0.000051	1.346161	 1.272280	 0.020462	 0.022934	 0.018898
331	 0.004495	 0.003765	 0.000082	 0.000513	 0.000097	1.350656	 1.276045	 0.020544	 0.023447	 0.018995
332	 0.004541	 0.003709	 0.000044	 0.000704	 0.000049	1.355197	 1.279754	 0.020588	 0.024151	 0.019044
333	 0.004628	 0.004007	 0.000075	 0.000400	 0.000104	1.359825	 1.283761	 0.020663	 0.024551	 0.019148
334	 0.004692	 0.004060	 0.000036	 0.000506	 0.000052	1.364517	 1.287821	 0.020699	 0.025057	 0.019200
335	 0.004816	 0.004190	 0.000082	 0.000402	 0.000103	1.369333	 1.292011	 0.020781	 0.025459	 0.019303
336	 0.005072	 0.004451	 0.000058	 0.000481	 0.000049	1.374405	 1.296462	 0.020839	 0.025940	 0.019352
337	 0.004798	 0.004167	 0.000080	 0.000400	 0.000106	1.379203	 1.300629	 0.020919	 0.026340	 0.019458
338	 0.004997	 0.004163	 0.000032	 0.000720	 0.000048	1.384200	 1.304792	 0.020951	 0.027060	 0.019506
339	 0.005226	 0.004452	 0.000093	 0.000533	 0.000107	1.389426	 1.309244	 0.021044	 0.027593	 0.019613
340	 0.004381	 0.003848	 0.000059	 0.000374	 0.000056	1.393807	 1.313092	 0.021103	 0.027967	 0.019669
341	 0.005445	 0.004374	 0.000070	 0.000863	 0.000097	1.399252	 1.317466	 0.021173	 0.028830	 0.019766
342	 0.004584	 0.003976	 0.000037	 0.000478	 0.000053	1.403836	 1.321442	 0.021210	 0.029308	 0.019819
343	 0.004292	 0.003646	 0.000090	 0.000414	 0.000107	1.408128	 1.325088	 0.021300	 0.029722	 0.019926
344	 0.004674	 0.003635	 0.000038	 0.000904	 0.000055	1.412802	 1.328723	 0.021338	 0.030626	 0.019981
345	 0.004768	 0.004022	 0.000052	 0.000557	 0.000102	1.417570	 1.332745	 0.021390	 0.031183	 0.020083
346	 0.004158	 0.003387	 0.000048	 0.000640	 0.000050	1.421728	 1.336132	 0.021438	 0.031823	 0.020133
347	 0.004944	 0.003868	 0.000072	 0.000873	 0.000097	1.426672	 1.340000	 0.021510	 0.032696	 0.020230
348	 0.004254	 0.003622	 0.000043	 0.000510	 0.000047	1.430926	 1.343622	 0.021553	 0.033206	 0.020277
349	 0.005393	 0.004314	 0.000071	 0.000871	 0.000100	1.436319	 1.347936	 0.021624	 0.034077	 0.020377
350	 0.004861	 0.003749	 0.000034	 0.000997	 0.000048	1.441180	 1.351685	 0.021658	 0.035074	 0.020425
351	 0.004932	 0.004200	 0.000057	 0.000524	 0.000102	1.446112	 1.355885	 0.021715	 0.035598	 0.020527
352	 0.004787	 0.004136	 0.000042	 0.000522	 0.000051	1.450899	 1.360021	 0.021757	 0.036120	 0.020578
353	 0.004611	 0.003835	 0.000056	 0.000581	 0.000100	1.455510	 1.363856	 0.021813	 0.036701	 0.020678
354	 0.004537	 0.003855	 0.000050	 0.000536	 0.000051	1.460047	 1.367711	 0.021863	 0.037237	 0.020729
355	 0.005173	 0.004409	 0.000075	 0.000550	 0.000101	1.465220	 1.372120	 0.021938	 0.037787	 0.020830
356	 0.005025	 0.003985	 0.000038	 0.000909	 0.000052	1.470245	 1.376105	 0.021976	 0.038696	 0.020882
357	 0.005368	 0.004352	 0.000084	 0.000794	 0.000102	1.475613	 1.380457	 0.022060	 0.039490	 0.020984
358	 0.004491	 0.003710	 0.000045	 0.000650	 0.000050	1.480104	 1.384167	 0.022105	 0.040140	 0.021034
359	 0.005339	 0.004221	 0.000063	 0.000908	 0.000106	1.485443	 1.388388	 0.022168	 0.041048	 0.021140
360	 0.005644	 0.004084	 0.000063	 0.001400	 0.000055	1.491087	 1.392472	 0.022231	 0.042448	 0.021195
361	 0.005211	 0.003733	 0.000075	 0.001257	 0.000104	1.496298	 1.396205	 0.022306	 0.043705	 0.021299
362	 0.006574	 0.004306	 0.000048	 0.002132	 0.000051	1.502872	 1.400511	 0.022354	 0.045837	 0.021350
363	 0.005022	 0.004254	 0.000075	 0.000537	 0.000103	1.507894	 1.404765	 0.022429	 0.046374	 0.021453
364	 0.006067	 0.004340	 0.000046	 0.001572	 0.000058	1.513961	 1.409105	 0.022475	 0.047946	 0.021511
365	 0.005215	 0.004470	 0.000060	 0.000547	 0.000103	1.519176	 1.413575	 0.022535	 0.048493	 0.021614
366	 0.004938	 0.004111	 0.000033	 0.000685	 0.000061	1.524114	 1.417686	 0.022568	 0.049178	 0.021675
367	 0.005696	 0.004993	 0.000031	 0.000561	 0.000059	1.529810	 1.422679	 0.022599	 0.049739	 0.021734
368	 0.004543	 0.003983	 0.000037	 0.000412	 0.000063	1.534353	 1.426662	 0.022636	 0.050151	 0.021797
369	 0.004705	 0.003885	 0.000055	 0.000621	 0.000109	1.539058	 1.430547	 0.022691	 0.050772	 0.021906
370	 0.004833	 0.004239	 0.000035	 0.000462	 0.000062	1.543891	 1.434786	 0.022726	 0.051234	 0.021968
371	 0.005288	 0.004574	 0.000103	 0.000461	 0.000106	1.549179	 1.439360	 0.022829	 0.051695	 0.022074
372	 0.004974	 0.004290	 0.000082	 0.000474	 0.000082	1.554153	 1.443650	 0.022911	 0.052169	 0.022156
373	 0.004440	 0.003748	 0.000067	 0.000464	 0.000114	1.558593	 1.447398	 0.022978	 0.052633	 0.022270
374	 0.004860	 0.004239	 0.000042	 0.000469	 0.000064	1.563453	 1.451637	 0.023020	 0.053102	 0.022334
375	 0.005995	 0.005300	 0.000064	 0.000476	 0.000117	1.569448	 1.456937	 0.023084	 0.053578	 0.022451
376	 0.004993	 0.004385	 0.000035	 0.000477	 0.000062	1.574441	 1.461322	 0.023119	 0.054055	 0.022513
377	 0.005192	 0.004546	 0.000061	 0.000430	 0.000107	1.579633	 1.465868	 0.023180	 0.054485	 0.022620
378	 0.005271	 0.004603	 0.000072	 0.000496	 0.000065	1.584904	 1.470471	 0.023252	 0.054981	 0.022685
379	 0.005735	 0.005018	 0.000091	 0.000473	 0.000107	1.590639	 1.475489	 0.023343	 0.055454	 0.022792
380	 0.004740	 0.004124	 0.000037	 0.000485	 0.000060	1.595379	 1.479613	 0.023380	 0.055939	 0.022852
381	 0.004992	 0.004298	 0.000057	 0.000487	 0.000112	1.600371	 1.483911	 0.023437	 0.056426	 0.022964
382	 0.005040	 0.004422	 0.000034	 0.000486	 0.000061	1.605411	 1.488333	 0.023471	 0.056912	 0.023025
383	 0.004692	 0.003980	 0.000090	 0.000479	 0.000107	1.610103	 1.492313	 0.023561	 0.057391	 0.023132
384	 0.004992	 0.004361	 0.000057	 0.000494	 0.000051	1.615095	 1.496674	 0.023618	 0.057885	 0.023183
385	 0.005624	 0.004779	 0.000056	 0.000652	 0.000101	1.620719	 1.501453	 0.023674	 0.058537	 0.023284
386	 0.004221	 0.003604	 0.000037	 0.000485	 0.000060	1.624940	 1.505057	 0.023711	 0.059022	 0.023344
387	 0.005506	 0.004814	 0.000055	 0.000489	 0.000111	1.630446	 1.509871	 0.023766	 0.059511	 0.023455
388	 0.005011	 0.004398	 0.000033	 0.000485	 0.000062	1.635457	 1.514269	 0.023799	 0.059996	 0.023517
389	 0.005036	 0.004311	 0.000076	 0.000493	 0.000107	1.640493	 1.518580	 0.023875	 0.060489	 0.023624
390	 0.004710	 0.003924	 0.000037	 0.000666	 0.000049	1.645203	 1.522504	 0.023912	 0.061155	 0.023673
391	 0.004799	 0.004050	 0.000097	 0.000497	 0.000110	1.650002	 1.526554	 0.024009	 0.061652	 0.023783
392	 0.005042	 0.004410	 0.000047	 0.000496	 0.000051	1.655044	 1.530964	 0.024056	 0.062148	 0.023834
393	 0.005046	 0.004086	 0.000070	 0.000717	 0.000120	1.660090	 1.535050	 0.024126	 0.062865	 0.023954
394	 0.005294	 0.004648	 0.000046	 0.000508	 0.000053	1.665384	 1.539698	 0.024172	 0.063373	 0.024007
395	 0.004874	 0.004114	 0.000103	 0.000498	 0.000108	1.670258	 1.543812	 0.024275	 0.063871	 0.024115
396	 0.004651	 0.004011	 0.000052	 0.000507	 0.000050	1.674909	 1.547823	 0.024327	 0.064378	 0.024165
397	 0.004417	 0.003674	 0.000085	 0.000515	 0.000107	1.679326	 1.551497	 0.024412	 0.064893	 0.024272
398	 0.005726	 0.005115	 0.000054	 0.000462	 0.000062	1.685052	 1.556612	 0.024466	 0.065355	 0.024334
399	 0.004541	 0.003804	 0.000060	 0.000534	 0.000106	1.689593	 1.560416	 0.024526	 0.065889	 0.024440
400	 0.004709	 0.003896	 0.000058	 0.000668	 0.000053	1.694302	 1.564312	 0.024584	 0.066557	 0.024493
401	 0.004734	 0.004060	 0.000060	 0.000464	 0.000114	1.699036	 1.568372	 0.024644	 0.067021	 0.024607
402	 0.005632	 0.004625	 0.000053	 0.000834	 0.000052	1.704668	 1.572997	 0.024697	 0.067855	 0.024659
403	 0.005580	 0.004728	 0.000128	 0.000516	 0.000154	1.710248	 1.577725	 0.024825	 0.068371	 0.024813
404	 0.004995	 0.004332	 0.000033	 0.000535	 0.000050	1.715243	 1.582057	 0.024858	 0.068906	 0.024863
405	 0.004754	 0.003990	 0.000060	 0.000560	 0.000107	1.719997	 1.586047	 0.024918	 0.069466	 0.024970
406	 0.004213	 0.003594	 0.000037	 0.000489	 0.000061	1.724210	 1.589641	 0.024955	 0.069955	 0.025031
407	 0.005608	 0.004866	 0.000062	 0.000522	 0.000116	1.729818	 1.594507	 0.025017	 0.070477	 0.025147
408	 0.004868	 0.003979	 0.000032	 0.000769	 0.000053	1.734686	 1.598486	 0.025049	 0.071246	 0.025200
409	 0.004339	 0.003396	 0.000089	 0.000709	 0.000106	1.739025	 1.601882	 0.025138	 0.071955	 0.025306
410	 0.004692	 0.004031	 0.000053	 0.000518	 0.000052	1.743717	 1.605913	 0.025191	 0.072473	 0.025358
411	 0.004257	 0.003493	 0.000066	 0.000540	 0.000118	1.747974	 1.609406	 0.025257	 0.073013	 0.025476
412	 0.004565	 0.003783	 0.000035	 0.000648	 0.000066	1.752539	 1.613189	 0.025292	 0.073661	 0.025542
413	 0.004468	 0.003701	 0.000058	 0.000553	 0.000118	1.757007	 1.616890	 0.025350	 0.074214	 0.025660
414	 0.005018	 0.004231	 0.000038	 0.000650	 0.000056	1.762025	 1.621121	 0.025388	 0.074864	 0.025716
415	 0.004911	 0.003575	 0.000087	 0.001103	 0.000107	1.766936	 1.624696	 0.025475	 0.075967	 0.025823
416	 0.005292	 0.004662	 0.000054	 0.000481	 0.000059	1.772228	 1.629358	 0.025529	 0.076448	 0.025882
417	 0.005233	 0.004465	 0.000070	 0.000556	 0.000106	1.777461	 1.633823	 0.025599	 0.077004	 0.025988
418	 0.004654	 0.004016	 0.000038	 0.000502	 0.000059	1.782115	 1.637839	 0.025637	 0.077506	 0.026047
419	 0.004585	 0.003804	 0.000078	 0.000557	 0.000108	1.786700	 1.641643	 0.025715	 0.078063	 0.026155
420	 0.004866	 0.003910	 0.000052	 0.000807	 0.000058	1.791566	 1.645553	 0.025767	 0.078870	 0.026213
421	 0.006324	 0.005503	 0.000074	 0.000595	 0.000110	1.797890	 1.651056	 0.025841	 0.079465	 0.026323
422	 0.005432	 0.004568	 0.000049	 0.000723	 0.000055	1.803322	 1.655624	 0.025890	 0.080188	 0.026378
423	 0.005423	 0.004592	 0.000077	 0.000607	 0.000109	1.808745	 1.660216	 0.025967	 0.080795	 0.026487
424	 0.004947	 0.004261	 0.000034	 0.000560	 0.000056	1.813692	 1.664477	 0.026001	 0.081355	 0.026543
425	 0.005487	 0.004675	 0.000081	 0.000579	 0.000112	1.819179	 1.669152	 0.026082	 0.081934	 0.026655
426	 0.006747	 0.005899	 0.000034	 0.000724	 0.000053	1.825926	 1.675051	 0.026116	 0.082658	 0.026708
427	 0.005797	 0.004595	 0.000147	 0.000788	 0.000196	1.831723	 1.679646	 0.026263	 0.083446	 0.026904
428	 0.005120	 0.004263	 0.000089	 0.000583	 0.000102	1.836843	 1.683909	 0.026352	 0.084029	 0.027006
429	 0.005121	 0.003746	 0.000180	 0.000915	 0.000204	1.841964	 1.687655	 0.026532	 0.084944	 0.027210
430	 0.004832	 0.003973	 0.000064	 0.000621	 0.000098	1.846796	 1.691628	 0.026596	 0.085565	 0.027308
431	 0.005664	 0.004514	 0.000174	 0.000692	 0.000204	1.852460	 1.696142	 0.026770	 0.086257	 0.027512
432	 0.006067	 0.004336	 0.000127	 0.001416	 0.000108	1.858527	 1.700478	 0.026897	 0.087673	 0.027620
433	 0.005818	 0.004508	 0.000120	 0.000920	 0.000194	1.864345	 1.704986	 0.027017	 0.088593	 0.027814
434	 0.005213	 0.004090	 0.000085	 0.000838	 0.000106	1.869558	 1.709076	 0.027102	 0.089431	 0.027920
435	 0.004271	 0.003118	 0.000143	 0.000704	 0.000211	1.873829	 1.712194	 0.027245	 0.090135	 0.028131
436	 0.005749	 0.004455	 0.000109	 0.001001	 0.000097	1.879578	 1.716649	 0.027354	 0.091136	 0.028228
437	 0.005770	 0.004604	 0.000106	 0.000861	 0.000131	1.885348	 1.721253	 0.027460	 0.091997	 0.028359
438	 0.005201	 0.004468	 0.000078	 0.000538	 0.000065	1.890549	 1.725721	 0.027538	 0.092535	 0.028424
439	 0.005585	 0.004297	 0.000121	 0.000935	 0.000167	1.896134	 1.730018	 0.027659	 0.093470	 0.028591
440	 0.005329	 0.004073	 0.000101	 0.001017	 0.000070	1.901463	 1.734091	 0.027760	 0.094487	 0.028661
441	 0.005043	 0.004190	 0.000069	 0.000624	 0.000113	1.906506	 1.738281	 0.027829	 0.095111	 0.028774
442	 0.004758	 0.004080	 0.000035	 0.000554	 0.000056	1.911264	 1.742361	 0.027864	 0.095665	 0.028830
443	 0.005513	 0.004707	 0.000055	 0.000604	 0.000109	1.916777	 1.747068	 0.027919	 0.096269	 0.028939
444	 0.004694	 0.004012	 0.000037	 0.000545	 0.000061	1.921471	 1.751080	 0.027956	 0.096814	 0.029000
445	 0.006037	 0.004998	 0.000103	 0.000776	 0.000115	1.927508	 1.756078	 0.028059	 0.097590	 0.029115
446	 0.004645	 0.003975	 0.000032	 0.000537	 0.000054	1.932153	 1.760053	 0.028091	 0.098127	 0.029169
447	 0.005042	 0.003586	 0.000083	 0.001227	 0.000110	1.937195	 1.763639	 0.028174	 0.099354	 0.029279
448	 0.005218	 0.004004	 0.000060	 0.001064	 0.000055	1.942413	 1.767643	 0.028234	 0.100418	 0.029334
449	 0.006018	 0.005014	 0.000063	 0.000784	 0.000112	1.948431	 1.772657	 0.028297	 0.101202	 0.029446
450	 0.005653	 0.004147	 0.000048	 0.001369	 0.000054	1.954084	 1.776804	 0.028345	 0.102571	 0.029500
451	 0.005354	 0.004051	 0.000087	 0.001066	 0.000114	1.959438	 1.780855	 0.028432	 0.103637	 0.029614
452	 0.005261	 0.004219	 0.000048	 0.000901	 0.000055	1.964699	 1.785074	 0.028480	 0.104538	 0.029669
453	 0.004844	 0.003886	 0.000079	 0.000724	 0.000114	1.969543	 1.788960	 0.028559	 0.105262	 0.029783
454	 0.004784	 0.003853	 0.000078	 0.000732	 0.000066	1.974327	 1.792813	 0.028637	 0.105994	 0.029849
455	 0.006351	 0.004437	 0.000130	 0.001515	 0.000185	1.980678	 1.797250	 0.028767	 0.107509	 0.030034
456	 0.005000	 0.003760	 0.000069	 0.001061	 0.000059	1.985678	 1.801010	 0.028836	 0.108570	 0.030093
457	 0.005191	 0.004380	 0.000083	 0.000569	 0.000116	1.990869	 1.805390	 0.028919	 0.109139	 0.030209
458	 0.005377	 0.004507	 0.000032	 0.000745	 0.000057	1.996246	 1.809897	 0.028951	 0.109884	 0.030266
459	 0.006153	 0.004313	 0.000089	 0.001598	 0.000116	2.002399	 1.814210	 0.029040	 0.111482	 0.030382
460	 0.005386	 0.004509	 0.000034	 0.000753	 0.000055	2.007785	 1.818719	 0.029074	 0.112235	 0.030437
461	 0.005391	 0.004233	 0.000079	 0.000929	 0.000111	2.013176	 1.822952	 0.029153	 0.113164	 0.030548
462	 0.005867	 0.004282	 0.000099	 0.001354	 0.000069	2.019043	 1.827234	 0.029252	 0.114518	 0.030617
463	 0.005190	 0.003711	 0.000088	 0.001202	 0.000131	2.024233	 1.830945	 0.029340	 0.115720	 0.030748
464	 0.005488	 0.003879	 0.000072	 0.001428	 0.000060	2.029721	 1.834824	 0.029412	 0.117148	 0.030808
465	 0.004998	 0.004023	 0.000074	 0.000755	 0.000111	2.034719	 1.838847	 0.029486	 0.117903	 0.030919
466	 0.005001	 0.003866	 0.000055	 0.000974	 0.000059	2.039720	 1.842713	 0.029541	 0.118877	 0.030978
467	 0.007439	 0.003869	 0.000096	 0.003264	 0.000132	2.047159	 1.846582	 0.029637	 0.122141	 0.031110
468	 0.005641	 0.003529	 0.000108	 0.001810	 0.000114	2.052800	 1.850111	 0.029745	 0.123951	 0.031224
469	 0.007220	 0.004327	 0.000125	 0.002537	 0.000143	2.060020	 1.854438	 0.029870	 0.126488	 0.031367
470	 0.006059	 0.004586	 0.000052	 0.001295	 0.000066	2.066079	 1.859024	 0.029922	 0.127783	 0.031433
471	 0.005731	 0.004294	 0.000078	 0.001171	 0.000127	2.071810	 1.863318	 0.030000	 0.128954	 0.031560
472	 0.006739	 0.004188	 0.000073	 0.002370	 0.000063	2.078549	 1.867506	 0.030073	 0.131324	 0.031623
473	 0.007178	 0.004728	 0.000110	 0.002159	 0.000135	2.085727	 1.872234	 0.030183	 0.133483	 0.031758
474	 0.006273	 0.004389	 0.000048	 0.001727	 0.000061	2.092000	 1.876623	 0.030231	 0.135210	 0.031819
475	 0.005428	 0.004415	 0.000087	 0.000775	 0.000114	2.097428	 1.881038	 0.030318	 0.135985	 0.031933
476	 0.005558	 0.004267	 0.000049	 0.001152	 0.000055	2.102986	 1.885305	 0.030367	 0.137137	 0.031988
477	 0.007435	 0.004290	 0.000062	 0.002922	 0.000116	2.110421	 1.889595	 0.030429	 0.140059	 0.032104
478	 0.008212	 0.004315	 0.000031	 0.003781	 0.000054	2.118633	 1.893910	 0.030460	 0.143840	 0.032158
479	 0.006681	 0.003647	 0.000105	 0.002633	 0.000193	2.125314	 1.897557	 0.030565	 0.146473	 0.032351
480	 0.011508	 0.008296	 0.000119	 0.002867	 0.000113	2.136822	 1.905853	 0.030684	 0.149340	 0.032464
481	 0.004588	 0.003743	 0.000063	 0.000661	 0.000072	2.141410	 1.909596	 0.030747	 0.150001	 0.032536
482	 0.004854	 0.003913	 0.000089	 0.000673	 0.000128	2.146264	 1.913509	 0.030836	 0.150674	 0.032664
483	 0.004731	 0.003833	 0.000055	 0.000720	 0.000077	2.150995	 1.917342	 0.030891	 0.151394	 0.032741
484	 0.004635	 0.003723	 0.000080	 0.000673	 0.000116	2.155630	 1.921065	 0.030971	 0.152067	 0.032857
485	 0.004795	 0.003997	 0.000046	 0.000662	 0.000055	2.160425	 1.925062	 0.031017	 0.152729	 0.032912
486	 0.004298	 0.003416	 0.000061	 0.000664	 0.000117	2.164723	 1.928478	 0.031078	 0.153393	 0.033029
487	 0.005161	 0.004253	 0.000041	 0.000753	 0.000065	2.169884	 1.932731	 0.031119	 0.154146	 0.033094
488	 0.004496	 0.003591	 0.000088	 0.000663	 0.000115	2.174380	 1.936322	 0.031207	 0.154809	 0.033209
489	 0.004290	 0.003479	 0.000043	 0.000683	 0.000055	2.178670	 1.939801	 0.031250	 0.155492	 0.033264
490	 0.005202	 0.004314	 0.000069	 0.000670	 0.000114	2.183872	 1.944115	 0.031319	 0.156162	 0.033378
491	 0.005427	 0.004607	 0.000049	 0.000675	 0.000057	2.189299	 1.948722	 0.031368	 0.156837	 0.033435
492	 0.004994	 0.004083	 0.000060	 0.000679	 0.000114	2.194293	 1.952805	 0.031428	 0.157516	 0.033549
493	 0.005426	 0.004594	 0.000049	 0.000687	 0.000058	2.199719	 1.957399	 0.031477	 0.158203	 0.033607
494	 0.005638	 0.004749	 0.000058	 0.000674	 0.000112	2.205357	 1.962148	 0.031535	 0.158877	 0.033719
495	 0.005581	 0.004415	 0.000117	 0.000854	 0.000110	2.210938	 1.966563	 0.031652	 0.159731	 0.033829
496	 0.006031	 0.004704	 0.000123	 0.001009	 0.000133	2.216969	 1.971267	 0.031775	 0.160740	 0.033962
497	 0.004510	 0.003466	 0.000053	 0.000894	 0.000056	2.221479	 1.974733	 0.031828	 0.161634	 0.034018
498	 0.005734	 0.004609	 0.000064	 0.000899	 0.000119	2.227213	 1.979342	 0.031892	 0.162533	 0.034137
499	 0.005086	 0.004255	 0.000051	 0.000691	 0.000057	2.232299	 1.983597	 0.031943	 0.163224	 0.034194
500	 0.006019	 0.005073	 0.000084	 0.000694	 0.000122	2.238318	 1.988670	 0.032027	 0.163918	 0.034316
501	 0.006477	 0.005667	 0.000033	 0.000679	 0.000057	2.244795	 1.994337	 0.032060	 0.164597	 0.034373
502	 0.005793	 0.004561	 0.000069	 0.000901	 0.000158	2.250588	 1.998898	 0.032129	 0.165498	 0.034531
503	 0.005434	 0.004584	 0.000041	 0.000703	 0.000063	2.256022	 2.003482	 0.032170	 0.166201	 0.034594
504	 0.005676	 0.004627	 0.000056	 0.000841	 0.000116	2.261698	 2.008109	 0.032226	 0.167042	 0.034710
505	 0.006869	 0.005811	 0.000061	 0.000909	 0.000055	2.268567	 2.013920	 0.032287	 0.167951	 0.034765
506	 0.005893	 0.004950	 0.000076	 0.000711	 0.000118	2.274460	 2.018870	 0.032363	 0.168662	 0.034883
507	 0.005562	 0.004685	 0.000066	 0.000715	 0.000059	2.280022	 2.023555	 0.032429	 0.169377	 0.034942
508	 0.005497	 0.004563	 0.000075	 0.000689	 0.000120	2.285519	 2.028118	 0.032504	 0.170066	 0.035062
509	 0.005314	 0.003832	 0.000088	 0.001172	 0.000134	2.290833	 2.031950	 0.032592	 0.171238	 0.035196
510	 0.006083	 0.004834	 0.000120	 0.000841	 0.000215	2.296916	 2.036784	 0.032712	 0.172079	 0.035411
511	 0.005536	 0.004440	 0.000067	 0.000937	 0.000056	2.302452	 2.041224	 0.032779	 0.173016	 0.035467
512	 0.005448	 0.004487	 0.000080	 0.000713	 0.000121	2.307900	 2.045711	 0.032859	 0.173729	 0.035588
513	 0.004697	 0.003844	 0.000031	 0.000714	 0.000054	2.312597	 2.049555	 0.032890	 0.174443	 0.035642
514	 0.005076	 0.003972	 0.000041	 0.000959	 0.000061	2.317673	 2.053527	 0.032931	 0.175402	 0.035703
515	 0.005394	 0.004011	 0.000058	 0.001169	 0.000116	2.323067	 2.057538	 0.032989	 0.176571	 0.035819
516	 0.005231	 0.003937	 0.000034	 0.001170	 0.000057	2.328298	 2.061475	 0.033023	 0.177741	 0.035876
517	 0.005109	 0.003935	 0.000061	 0.000945	 0.000121	2.333407	 2.065410	 0.033084	 0.178686	 0.035997
518	 0.005212	 0.004350	 0.000037	 0.000731	 0.000059	2.338619	 2.069760	 0.033121	 0.179417	 0.036056
519	 0.005340	 0.004330	 0.000066	 0.000768	 0.000130	2.343959	 2.074090	 0.033187	 0.180185	 0.036186
520	 0.005353	 0.003803	 0.000064	 0.001393	 0.000058	2.349312	 2.077893	 0.033251	 0.181578	 0.036244
521	 0.004914	 0.004012	 0.000073	 0.000669	 0.000120	2.354226	 2.081905	 0.033324	 0.182247	 0.036364
522	 0.005085	 0.004214	 0.000046	 0.000735	 0.000058	2.359311	 2.086119	 0.033370	 0.182982	 0.036422
523	 0.005085	 0.004112	 0.000061	 0.000744	 0.000122	2.364396	 2.090231	 0.033431	 0.183726	 0.036544
524	 0.004483	 0.003191	 0.000126	 0.000939	 0.000119	2.368879	 2.093422	 0.033557	 0.184665	 0.036663
525	 0.005923	 0.004759	 0.000141	 0.000808	 0.000143	2.374802	 2.098181	 0.033698	 0.185473	 0.036806
526	 0.005127	 0.003776	 0.000062	 0.001184	 0.000061	2.379929	 2.101957	 0.033760	 0.186657	 0.036867
527	 0.005515	 0.004293	 0.000079	 0.000980	 0.000120	2.385444	 2.106250	 0.033839	 0.187637	 0.036987
528	 0.005237	 0.004351	 0.000047	 0.000747	 0.000059	2.390681	 2.110601	 0.033886	 0.188384	 0.037046
529	 0.005810	 0.004398	 0.000075	 0.001174	 0.000121	2.396491	 2.114999	 0.033961	 0.189558	 0.037167
530	 0.005640	 0.004801	 0.000050	 0.000695	 0.000057	2.402131	 2.119800	 0.034011	 0.190253	 0.037224
531	 0.005446	 0.004477	 0.000061	 0.000747	 0.000117	2.407577	 2.124277	 0.034072	 0.191000	 0.037341
532	 0.006135	 0.004282	 0.000065	 0.001639	 0.000088	2.413712	 2.128559	 0.034137	 0.192639	 0.037429
533	 0.005567	 0.004273	 0.000113	 0.000981	 0.000141	2.419279	 2.132832	 0.034250	 0.193620	 0.037570
534	 0.005682	 0.004210	 0.000035	 0.001343	 0.000059	2.424961	 2.137042	 0.034285	 0.194963	 0.037629
535	 0.005069	 0.004094	 0.000058	 0.000761	 0.000118	2.430030	 2.141136	 0.034343	 0.195724	 0.037747
536	 0.005191	 0.004144	 0.000032	 0.000921	 0.000059	2.435221	 2.145280	 0.034375	 0.196645	 0.037806
537	 0.004473	 0.003477	 0.000084	 0.000751	 0.000125	2.439694	 2.148757	 0.034459	 0.197396	 0.037931
538	 0.004635	 0.003786	 0.000048	 0.000704	 0.000058	2.444329	 2.152543	 0.034507	 0.198100	 0.037989
539	 0.004663	 0.003283	 0.000141	 0.000977	 0.000183	2.448992	 2.155826	 0.034648	 0.199077	 0.038172
540	 0.005220	 0.003866	 0.000118	 0.001069	 0.000099	2.454212	 2.159692	 0.034766	 0.200146	 0.038271
541	 0.005077	 0.003979	 0.000098	 0.000813	 0.000134	2.459289	 2.163671	 0.034864	 0.200959	 0.038405
542	 0.005165	 0.004293	 0.000041	 0.000721	 0.000063	2.464454	 2.167964	 0.034905	 0.201680	 0.038468
543	 0.004746	 0.003715	 0.000091	 0.000778	 0.000121	2.469200	 2.171679	 0.034996	 0.202458	 0.038589
544	 0.005224	 0.004158	 0.000034	 0.000942	 0.000058	2.474424	 2.175837	 0.035030	 0.203400	 0.038647
545	 0.004203	 0.003206	 0.000079	 0.000758	 0.000121	2.478627	 2.179043	 0.035109	 0.204158	 0.038768
546	 0.005192	 0.004155	 0.000058	 0.000869	 0.000070	2.483819	 2.183198	 0.035167	 0.205027	 0.038838
547	 0.006121	 0.004280	 0.000076	 0.001586	 0.000126	2.489940	 2.187478	 0.035243	 0.206613	 0.038964
548	 0.005705	 0.004599	 0.000038	 0.000971	 0.000060	2.495645	 2.192077	 0.035281	 0.207584	 0.039024
549	 0.005596	 0.004112	 0.000054	 0.001267	 0.000120	2.501241	 2.196189	 0.035335	 0.208851	 0.039144
550	 0.006081	 0.004372	 0.000103	 0.001491	 0.000067	2.507322	 2.200561	 0.035438	 0.210342	 0.039211
551	 0.005674	 0.004488	 0.000067	 0.000954	 0.000125	2.512996	 2.205049	 0.035505	 0.211296	 0.039336
552	 0.005183	 0.004325	 0.000031	 0.000732	 0.000059	2.518179	 2.209374	 0.035536	 0.212028	 0.039395
553	 0.005638	 0.004367	 0.000081	 0.001028	 0.000121	2.523817	 2.213741	 0.035617	 0.213056	 0.039516
554	 0.004871	 0.003596	 0.000060	 0.001071	 0.000087	2.528688	 2.217337	 0.035677	 0.214127	 0.039603
555	 0.005542	 0.004275	 0.000060	 0.001041	 0.000122	2.534230	 2.221612	 0.035737	 0.215168	 0.039725
556	 0.005968	 0.004646	 0.000036	 0.001188	 0.000061	2.540198	 2.226258	 0.035773	 0.216356	 0.039786
557	 0.005310	 0.004281	 0.000060	 0.000800	 0.000126	2.545508	 2.230539	 0.035833	 0.217156	 0.039912
558	 0.007002	 0.004775	 0.000035	 0.002094	 0.000062	2.552510	 2.235314	 0.035868	 0.219250	 0.039974
559	 0.005091	 0.004124	 0.000057	 0.000744	 0.000124	2.557601	 2.239438	 0.035925	 0.219994	 0.040098
560	 0.006074	 0.004981	 0.000031	 0.000967	 0.000059	2.563675	 2.244419	 0.035956	 0.220961	 0.040157
561	 0.005611	 0.004635	 0.000058	 0.000755	 0.000123	2.569286	 2.249054	 0.036014	 0.221716	 0.040280
562	 0.006296	 0.005151	 0.000063	 0.000984	 0.000060	2.575582	 2.254205	 0.036077	 0.222700	 0.040340
563	 0.005677	 0.004638	 0.000088	 0.000777	 0.000127	2.581259	 2.258843	 0.036165	 0.223477	 0.040467
564	 0.006600	 0.004578	 0.000033	 0.001894	 0.000061	2.587859	 2.263421	 0.036198	 0.225371	 0.040528
565	 0.005247	 0.004265	 0.000060	 0.000761	 0.000124	2.593106	 2.267686	 0.036258	 0.226132	 0.040652
566	 0.006813	 0.004817	 0.000033	 0.001849	 0.000058	2.599919	 2.272503	 0.036291	 0.227981	 0.040710
567	 0.005309	 0.004393	 0.000041	 0.000765	 0.000065	2.605228	 2.276896	 0.036332	 0.228746	 0.040775
568	 0.007448	 0.004850	 0.000059	 0.002380	 0.000124	2.612676	 2.281746	 0.036391	 0.231126	 0.040899
569	 0.005981	 0.004385	 0.000033	 0.001463	 0.000061	2.618657	 2.286131	 0.036424	 0.232589	 0.040960
570	 0.005405	 0.004104	 0.000072	 0.001038	 0.000140	2.624062	 2.290235	 0.036496	 0.233627	 0.041100
571	 0.005777	 0.004382	 0.000066	 0.001231	 0.000060	2.629839	 2.294617	 0.036562	 0.234858	 0.041160
572	 0.007413	 0.004975	 0.000077	 0.002191	 0.000128	2.637252	 2.299592	 0.036639	 0.237049	 0.041288
573	 0.005645	 0.004016	 0.000034	 0.001497	 0.000062	2.642897	 2.303608	 0.036673	 0.238546	 0.041350
574	 0.006728	 0.004258	 0.000078	 0.002215	 0.000135	2.649625	 2.307866	 0.036751	 0.240761	 0.041485
575	 0.006589	 0.004207	 0.000051	 0.002237	 0.000060	2.656214	 2.312073	 0.036802	 0.242998	 0.041545
576	 0.008098	 0.004169	 0.000076	 0.003697	 0.000124	2.664312	 2.316242	 0.036878	 0.246695	 0.041669
577	 0.005347	 0.004188	 0.000035	 0.001034	 0.000057	2.669659	 2.320430	 0.036913	 0.247729	 0.041726
578	 0.009997	 0.004917	 0.000054	 0.004871	 0.000120	2.679656	 2.325347	 0.036967	 0.252600	 0.041846
579	 0.005632	 0.003901	 0.000055	 0.001578	 0.000064	2.685288	 2.329248	 0.037022	 0.254178	 0.041910
580	 0.007006	 0.004256	 0.000076	 0.002507	 0.000127	2.692294	 2.333504	 0.037098	 0.256685	 0.042037
581	 0.006940	 0.004318	 0.000045	 0.002483	 0.000058	2.699234	 2.337822	 0.037143	 0.259168	 0.042095
582	 0.006475	 0.004377	 0.000083	 0.001846	 0.000126	2.705709	 2.342199	 0.037226	 0.261014	 0.042221
583	 0.006380	 0.003955	 0.000032	 0.002303	 0.000059	2.712089	 2.346154	 0.037258	 0.263317	 0.042280
584	 0.007045	 0.004532	 0.000089	 0.002251	 0.000126	2.719134	 2.350686	 0.037347	 0.265568	 0.042406
585	 0.009171	 0.004535	 0.000049	 0.004458	 0.000074	2.728305	 2.355221	 0.037396	 0.270026	 0.042480
586	 0.006490	 0.004469	 0.000041	 0.001870	 0.000072	2.734795	 2.359690	 0.037437	 0.271896	 0.042552
587	 0.009594	 0.004061	 0.000090	 0.005223	 0.000170	2.744389	 2.363751	 0.037527	 0.277119	 0.042722
588	 0.006394	 0.004965	 0.000032	 0.001292	 0.000069	2.750783	 2.368716	 0.037559	 0.278411	 0.042791
589	 0.007075	 0.004126	 0.000069	 0.002673	 0.000138	2.757858	 2.372842	 0.037628	 0.281084	 0.042929
590	 0.007314	 0.004106	 0.000032	 0.003077	 0.000068	2.765172	 2.376948	 0.037660	 0.284161	 0.042997
591	 0.006234	 0.004198	 0.000057	 0.001801	 0.000134	2.771406	 2.381146	 0.037717	 0.285962	 0.043131
592	 0.008446	 0.004419	 0.000038	 0.003878	 0.000072	2.779852	 2.385565	 0.037755	 0.289840	 0.043203
593	 0.011845	 0.004899	 0.000064	 0.006697	 0.000137	2.791697	 2.390464	 0.037819	 0.296537	 0.043340
594	 0.009982	 0.004291	 0.000047	 0.005528	 0.000075	2.801679	 2.394755	 0.037866	 0.302065	 0.043415
595	 0.006337	 0.004269	 0.000056	 0.001832	 0.000134	2.808016	 2.399024	 0.037922	 0.303897	 0.043549
596	 0.009560	 0.004814	 0.000034	 0.004607	 0.000070	2.817576	 2.403838	 0.037956	 0.308504	 0.043619
597	 0.006319	 0.004452	 0.000061	 0.001630	 0.000138	2.823895	 2.408290	 0.038017	 0.310134	 0.043757
598	 0.011362	 0.004850	 0.000033	 0.006382	 0.000068	2.835257	 2.413140	 0.038050	 0.316516	 0.043825
599	 0.011103	 0.004591	 0.000093	 0.006241	 0.000138	2.846360	 2.417731	 0.038143	 0.322757	 0.043963
