Problem:                                pgp2
First Stage Rows:                       3
First Stage Columns:                    4
First Stage Non-zeros:                  8
Replication No. 0
Status:                                 REPLICATION SOLUTION
Total Objective Function Upper Bound:   
Total Objective Function Lower Bound:   440.958596

First Stage Solutions:
   No.   Row name   Activity      Lower bound   Upper bound   Dual          Dual STDEV
------ ------------ ------------- ------------- ------------- ------------- -------------
     0 FOBJ         3.105039e+231 
     1 MXDEMD        1.655797e+01  1.500000e+01                0.000000e+00 
     2 BUDGET        1.607165e+02                2.200000e+02  0.000000e+00 

   No. Column name  Activity      Lower bound   Upper bound   Reduced Cost  RC STDEV
------ ------------ ------------- ------------- ------------- ------------- -------------
     1 INVEQ1        1.503615e+00  0.000000e+00               0.000000e+00 
     2 INVEQ2        5.341220e+00  0.000000e+00               0.000000e+00 
     3 INVEQ3        5.001304e+00  0.000000e+00               0.000000e+00 
     4 INVEQ4        4.711827e+00  0.000000e+00               0.000000e+00 


Problem:                                pgp2
First Stage Rows:                       3
First Stage Columns:                    4
First Stage Non-zeros:                  8
Replication No. 1
Status:                                 REPLICATION SOLUTION
Total Objective Function Upper Bound:   
Total Objective Function Lower Bound:   443.679759

First Stage Solutions:
   No.   Row name   Activity      Lower bound   Upper bound   Dual          Dual STDEV
------ ------------ ------------- ------------- ------------- ------------- -------------
     0 FOBJ          0.000000e+00 
     1 MXDEMD        1.756751e+01  1.500000e+01                0.000000e+00 
     2 BUDGET        1.704637e+02                2.200000e+02  0.000000e+00 

   No. Column name  Activity      Lower bound   Upper bound   Reduced Cost  RC STDEV
------ ------------ ------------- ------------- ------------- ------------- -------------
     1 INVEQ1        1.348313e+00  0.000000e+00               0.000000e+00 
     2 INVEQ2        5.205715e+00  0.000000e+00               0.000000e+00 
     3 INVEQ3        5.445972e+00  0.000000e+00               0.000000e+00 
     4 INVEQ4        5.567504e+00  0.000000e+00               0.000000e+00 


Problem:                                pgp2
First Stage Rows:                       3
First Stage Columns:                    4
First Stage Non-zeros:                  8
Replication No. 2
Status:                                 REPLICATION SOLUTION
Total Objective Function Upper Bound:   
Total Objective Function Lower Bound:   453.855316

First Stage Solutions:
   No.   Row name   Activity      Lower bound   Upper bound   Dual          Dual STDEV
------ ------------ ------------- ------------- ------------- ------------- -------------
     0 FOBJ          2.433761e+00 
     1 MXDEMD        1.649573e+01  1.500000e+01                0.000000e+00 
     2 BUDGET        1.605341e+02                2.200000e+02  0.000000e+00 

   No. Column name  Activity      Lower bound   Upper bound   Reduced Cost  RC STDEV
------ ------------ ------------- ------------- ------------- ------------- -------------
     1 INVEQ1        1.291081e+00  0.000000e+00               0.000000e+00 
     2 INVEQ2        4.542133e+00  0.000000e+00               0.000000e+00 
     3 INVEQ3        5.185320e+00  0.000000e+00               0.000000e+00 
     4 INVEQ4        5.477201e+00  0.000000e+00               0.000000e+00 


Problem:                                pgp2
First Stage Rows:                       3
First Stage Columns:                    4
First Stage Non-zeros:                  8
Replication No. 3
Status:                                 REPLICATION SOLUTION
Total Objective Function Upper Bound:   
Total Objective Function Lower Bound:   443.845214

First Stage Solutions:
   No.   Row name   Activity      Lower bound   Upper bound   Dual          Dual STDEV
------ ------------ ------------- ------------- ------------- ------------- -------------
     0 FOBJ          0.000000e+00 
     1 MXDEMD        1.748946e+01  1.500000e+01                0.000000e+00 
     2 BUDGET        1.666296e+02                2.200000e+02  0.000000e+00 

   No. Column name  Activity      Lower bound   Upper bound   Reduced Cost  RC STDEV
------ ------------ ------------- ------------- ------------- ------------- -------------
     1 INVEQ1        1.523865e+00  0.000000e+00               0.000000e+00 
     2 INVEQ2        5.458472e+00  0.000000e+00               0.000000e+00 
     3 INVEQ3        5.013893e+00  0.000000e+00               0.000000e+00 
     4 INVEQ4        5.493228e+00  0.000000e+00               0.000000e+00 


Problem:                                pgp2
First Stage Rows:                       3
First Stage Columns:                    4
First Stage Non-zeros:                  8
Replication No. 4
Status:                                 REPLICATION SOLUTION
Total Objective Function Upper Bound:   
Total Objective Function Lower Bound:   440.834487

First Stage Solutions:
   No.   Row name   Activity      Lower bound   Upper bound   Dual          Dual STDEV
------ ------------ ------------- ------------- ------------- ------------- -------------
     0 FOBJ          0.000000e+00 
     1 MXDEMD        1.699610e+01  1.500000e+01                0.000000e+00 
     2 BUDGET        1.615456e+02                2.200000e+02  0.000000e+00 

   No. Column name  Activity      Lower bound   Upper bound   Reduced Cost  RC STDEV
------ ------------ ------------- ------------- ------------- ------------- -------------
     1 INVEQ1        7.332319e-01  0.000000e+00               0.000000e+00 
     2 INVEQ2        5.563354e+00  0.000000e+00               0.000000e+00 
     3 INVEQ3        5.107273e+00  0.000000e+00               0.000000e+00 
     4 INVEQ4        5.592242e+00  0.000000e+00               0.000000e+00 


Problem:                                pgp2
First Stage Rows:                       3
First Stage Columns:                    4
First Stage Non-zeros:                  8
Replication No. 5
Status:                                 REPLICATION SOLUTION
Total Objective Function Upper Bound:   
Total Objective Function Lower Bound:   446.346943

First Stage Solutions:
   No.   Row name   Activity      Lower bound   Upper bound   Dual          Dual STDEV
------ ------------ ------------- ------------- ------------- ------------- -------------
     0 FOBJ          0.000000e+00 
     1 MXDEMD        1.652835e+01  1.500000e+01                0.000000e+00 
     2 BUDGET        1.601947e+02                2.200000e+02  0.000000e+00 

   No. Column name  Activity      Lower bound   Upper bound   Reduced Cost  RC STDEV
------ ------------ ------------- ------------- ------------- ------------- -------------
     1 INVEQ1        1.468449e+00  0.000000e+00               0.000000e+00 
     2 INVEQ2        5.047504e+00  0.000000e+00               0.000000e+00 
     3 INVEQ3        5.010332e+00  0.000000e+00               0.000000e+00 
     4 INVEQ4        5.002068e+00  0.000000e+00               0.000000e+00 


Problem:                                pgp2
First Stage Rows:                       3
First Stage Columns:                    4
First Stage Non-zeros:                  8
Replication No. 6
Status:                                 REPLICATION SOLUTION
Total Objective Function Upper Bound:   
Total Objective Function Lower Bound:   445.282220

First Stage Solutions:
   No.   Row name   Activity      Lower bound   Upper bound   Dual          Dual STDEV
------ ------------ ------------- ------------- ------------- ------------- -------------
     0 FOBJ          0.000000e+00 
     1 MXDEMD        1.652895e+01  1.500000e+01                0.000000e+00 
     2 BUDGET        1.606940e+02                2.200000e+02  0.000000e+00 

   No. Column name  Activity      Lower bound   Upper bound   Reduced Cost  RC STDEV
------ ------------ ------------- ------------- ------------- ------------- -------------
     1 INVEQ1        1.497388e+00  0.000000e+00               0.000000e+00 
     2 INVEQ2        5.495830e+00  0.000000e+00               0.000000e+00 
     3 INVEQ3        5.003494e+00  0.000000e+00               0.000000e+00 
     4 INVEQ4        4.532234e+00  0.000000e+00               0.000000e+00 


Problem:                                pgp2
First Stage Rows:                       3
First Stage Columns:                    4
First Stage Non-zeros:                  8
Replication No. 7
Status:                                 REPLICATION SOLUTION
Total Objective Function Upper Bound:   
Total Objective Function Lower Bound:   450.793806

First Stage Solutions:
   No.   Row name   Activity      Lower bound   Upper bound   Dual          Dual STDEV
------ ------------ ------------- ------------- ------------- ------------- -------------
     0 FOBJ          0.000000e+00 
     1 MXDEMD        1.652414e+01  1.500000e+01                0.000000e+00 
     2 BUDGET        1.597285e+02                2.200000e+02  0.000000e+00 

   No. Column name  Activity      Lower bound   Upper bound   Reduced Cost  RC STDEV
------ ------------ ------------- ------------- ------------- ------------- -------------
     1 INVEQ1        1.222108e+00  0.000000e+00               0.000000e+00 
     2 INVEQ2        4.254164e+00  0.000000e+00               0.000000e+00 
     3 INVEQ3        5.144108e+00  0.000000e+00               0.000000e+00 
     4 INVEQ4        5.903760e+00  0.000000e+00               0.000000e+00 


Problem:                                pgp2
First Stage Rows:                       3
First Stage Columns:                    4
First Stage Non-zeros:                  8
Replication No. 8
Status:                                 REPLICATION SOLUTION
Total Objective Function Upper Bound:   
Total Objective Function Lower Bound:   451.708371

First Stage Solutions:
   No.   Row name   Activity      Lower bound   Upper bound   Dual          Dual STDEV
------ ------------ ------------- ------------- ------------- ------------- -------------
     0 FOBJ          1.000000e+00 
     1 MXDEMD        1.750804e+01  1.500000e+01                0.000000e+00 
     2 BUDGET        1.666964e+02                2.200000e+02  0.000000e+00 

   No. Column name  Activity      Lower bound   Upper bound   Reduced Cost  RC STDEV
------ ------------ ------------- ------------- ------------- ------------- -------------
     1 INVEQ1        1.401256e+00  0.000000e+00               0.000000e+00 
     2 INVEQ2        5.712973e+00  0.000000e+00               0.000000e+00 
     3 INVEQ3        5.033014e+00  0.000000e+00               0.000000e+00 
     4 INVEQ4        5.360796e+00  0.000000e+00               0.000000e+00 


Problem:                                pgp2
First Stage Rows:                       3
First Stage Columns:                    4
First Stage Non-zeros:                  8
Replication No. 9
Status:                                 REPLICATION SOLUTION
Total Objective Function Upper Bound:   
Total Objective Function Lower Bound:   444.616081

First Stage Solutions:
   No.   Row name   Activity      Lower bound   Upper bound   Dual          Dual STDEV
------ ------------ ------------- ------------- ------------- ------------- -------------
     0 FOBJ          0.000000e+00 
     1 MXDEMD        1.749428e+01  1.500000e+01                0.000000e+00 
     2 BUDGET        1.697200e+02                2.200000e+02  0.000000e+00 

   No. Column name  Activity      Lower bound   Upper bound   Reduced Cost  RC STDEV
------ ------------ ------------- ------------- ------------- ------------- -------------
     1 INVEQ1        1.418052e+00  0.000000e+00               0.000000e+00 
     2 INVEQ2        4.602742e+00  0.000000e+00               0.000000e+00 
     3 INVEQ3        5.447937e+00  0.000000e+00               0.000000e+00 
     4 INVEQ4        6.025550e+00  0.000000e+00               0.000000e+00 


Problem:                                pgp2
First Stage Rows:                       3
First Stage Columns:                    4
First Stage Non-zeros:                  8
Replication No. 10
Status:                                 REPLICATION SOLUTION
Total Objective Function Upper Bound:   
Total Objective Function Lower Bound:   434.364568

First Stage Solutions:
   No.   Row name   Activity      Lower bound   Upper bound   Dual          Dual STDEV
------ ------------ ------------- ------------- ------------- ------------- -------------
     0 FOBJ          0.000000e+00 
     1 MXDEMD        1.651124e+01  1.500000e+01                0.000000e+00 
     2 BUDGET        1.622452e+02                2.200000e+02  0.000000e+00 

   No. Column name  Activity      Lower bound   Upper bound   Reduced Cost  RC STDEV
------ ------------ ------------- ------------- ------------- ------------- -------------
     1 INVEQ1        1.729916e+00  0.000000e+00               0.000000e+00 
     2 INVEQ2        4.682707e+00  0.000000e+00               0.000000e+00 
     3 INVEQ3        5.157536e+00  0.000000e+00               0.000000e+00 
     4 INVEQ4        4.941082e+00  0.000000e+00               0.000000e+00 


Problem:                                pgp2
First Stage Rows:                       3
First Stage Columns:                    4
First Stage Non-zeros:                  8
Replication No. 11
Status:                                 REPLICATION SOLUTION
Total Objective Function Upper Bound:   
Total Objective Function Lower Bound:   443.811246

First Stage Solutions:
   No.   Row name   Activity      Lower bound   Upper bound   Dual          Dual STDEV
------ ------------ ------------- ------------- ------------- ------------- -------------
     0 FOBJ          0.000000e+00 
     1 MXDEMD        1.651794e+01  1.500000e+01                0.000000e+00 
     2 BUDGET        1.602243e+02                2.200000e+02  0.000000e+00 

   No. Column name  Activity      Lower bound   Upper bound   Reduced Cost  RC STDEV
------ ------------ ------------- ------------- ------------- ------------- -------------
     1 INVEQ1        1.512264e+00  0.000000e+00               0.000000e+00 
     2 INVEQ2        5.082747e+00  0.000000e+00               0.000000e+00 
     3 INVEQ3        4.998482e+00  0.000000e+00               0.000000e+00 
     4 INVEQ4        4.924445e+00  0.000000e+00               0.000000e+00 


Problem:                                pgp2
First Stage Rows:                       3
First Stage Columns:                    4
First Stage Non-zeros:                  8
Replication No. 12
Status:                                 REPLICATION SOLUTION
Total Objective Function Upper Bound:   
Total Objective Function Lower Bound:   446.121363

First Stage Solutions:
   No.   Row name   Activity      Lower bound   Upper bound   Dual          Dual STDEV
------ ------------ ------------- ------------- ------------- ------------- -------------
     0 FOBJ          0.000000e+00 
     1 MXDEMD        1.749411e+01  1.500000e+01                0.000000e+00 
     2 BUDGET        1.703210e+02                2.200000e+02  0.000000e+00 

   No. Column name  Activity      Lower bound   Upper bound   Reduced Cost  RC STDEV
------ ------------ ------------- ------------- ------------- ------------- -------------
     1 INVEQ1        2.152467e+00  0.000000e+00               0.000000e+00 
     2 INVEQ2        5.222331e+00  0.000000e+00               0.000000e+00 
     3 INVEQ3        5.152412e+00  0.000000e+00               0.000000e+00 
     4 INVEQ4        4.966904e+00  0.000000e+00               0.000000e+00 


Problem:                                pgp2
First Stage Rows:                       3
First Stage Columns:                    4
First Stage Non-zeros:                  8
Replication No. 13
Status:                                 REPLICATION SOLUTION
Total Objective Function Upper Bound:   
Total Objective Function Lower Bound:   442.248739

First Stage Solutions:
   No.   Row name   Activity      Lower bound   Upper bound   Dual          Dual STDEV
------ ------------ ------------- ------------- ------------- ------------- -------------
     0 FOBJ          0.000000e+00 
     1 MXDEMD        1.747019e+01  1.500000e+01                0.000000e+00 
     2 BUDGET        1.720246e+02                2.200000e+02  0.000000e+00 

   No. Column name  Activity      Lower bound   Upper bound   Reduced Cost  RC STDEV
------ ------------ ------------- ------------- ------------- ------------- -------------
     1 INVEQ1        8.764902e-01  0.000000e+00               0.000000e+00 
     2 INVEQ2        4.666533e+00  0.000000e+00               0.000000e+00 
     3 INVEQ3        5.903099e+00  0.000000e+00               0.000000e+00 
     4 INVEQ4        6.024066e+00  0.000000e+00               0.000000e+00 


Problem:                                pgp2
First Stage Rows:                       3
First Stage Columns:                    4
First Stage Non-zeros:                  8
Replication No. 14
Status:                                 REPLICATION SOLUTION
Total Objective Function Upper Bound:   
Total Objective Function Lower Bound:   447.736505

First Stage Solutions:
   No.   Row name   Activity      Lower bound   Upper bound   Dual          Dual STDEV
------ ------------ ------------- ------------- ------------- ------------- -------------
     0 FOBJ          0.000000e+00 
     1 MXDEMD        1.749349e+01  1.500000e+01                0.000000e+00 
     2 BUDGET        1.694644e+02                2.200000e+02  0.000000e+00 

   No. Column name  Activity      Lower bound   Upper bound   Reduced Cost  RC STDEV
------ ------------ ------------- ------------- ------------- ------------- -------------
     1 INVEQ1        1.780814e+00  0.000000e+00               0.000000e+00 
     2 INVEQ2        5.308971e+00  0.000000e+00               0.000000e+00 
     3 INVEQ3        5.207121e+00  0.000000e+00               0.000000e+00 
     4 INVEQ4        5.196589e+00  0.000000e+00               0.000000e+00 


Problem:                                pgp2
First Stage Rows:                       3
First Stage Columns:                    4
First Stage Non-zeros:                  8
Replication No. 15
Status:                                 REPLICATION SOLUTION
Total Objective Function Upper Bound:   
Total Objective Function Lower Bound:   445.190459

First Stage Solutions:
   No.   Row name   Activity      Lower bound   Upper bound   Dual          Dual STDEV
------ ------------ ------------- ------------- ------------- ------------- -------------
     0 FOBJ          0.000000e+00 
     1 MXDEMD        1.649948e+01  1.500000e+01                0.000000e+00 
     2 BUDGET        1.594145e+02                2.200000e+02  0.000000e+00 

   No. Column name  Activity      Lower bound   Upper bound   Reduced Cost  RC STDEV
------ ------------ ------------- ------------- ------------- ------------- -------------
     1 INVEQ1        1.485017e+00  0.000000e+00               0.000000e+00 
     2 INVEQ2        4.571444e+00  0.000000e+00               0.000000e+00 
     3 INVEQ3        4.990610e+00  0.000000e+00               0.000000e+00 
     4 INVEQ4        5.452413e+00  0.000000e+00               0.000000e+00 


Problem:                                pgp2
First Stage Rows:                       3
First Stage Columns:                    4
First Stage Non-zeros:                  8
Replication No. 16
Status:                                 REPLICATION SOLUTION
Total Objective Function Upper Bound:   
Total Objective Function Lower Bound:   445.145605

First Stage Solutions:
   No.   Row name   Activity      Lower bound   Upper bound   Dual          Dual STDEV
------ ------------ ------------- ------------- ------------- ------------- -------------
     0 FOBJ          0.000000e+00 
     1 MXDEMD        1.749795e+01  1.500000e+01                0.000000e+00 
     2 BUDGET        1.724914e+02                2.200000e+02  0.000000e+00 

   No. Column name  Activity      Lower bound   Upper bound   Reduced Cost  RC STDEV
------ ------------ ------------- ------------- ------------- ------------- -------------
     1 INVEQ1        1.521482e+00  0.000000e+00               0.000000e+00 
     2 INVEQ2        4.430863e+00  0.000000e+00               0.000000e+00 
     3 INVEQ3        5.698693e+00  0.000000e+00               0.000000e+00 
     4 INVEQ4        5.846913e+00  0.000000e+00               0.000000e+00 


Problem:                                pgp2
First Stage Rows:                       3
First Stage Columns:                    4
First Stage Non-zeros:                  8
Replication No. 17
Status:                                 REPLICATION SOLUTION
Total Objective Function Upper Bound:   
Total Objective Function Lower Bound:   440.958596

First Stage Solutions:
   No.   Row name   Activity      Lower bound   Upper bound   Dual          Dual STDEV
------ ------------ ------------- ------------- ------------- ------------- -------------
     0 FOBJ          0.000000e+00 
     1 MXDEMD        1.655797e+01  1.500000e+01                0.000000e+00 
     2 BUDGET        1.607165e+02                2.200000e+02  0.000000e+00 

   No. Column name  Activity      Lower bound   Upper bound   Reduced Cost  RC STDEV
------ ------------ ------------- ------------- ------------- ------------- -------------
     1 INVEQ1        1.503615e+00  0.000000e+00               0.000000e+00 
     2 INVEQ2        5.341220e+00  0.000000e+00               0.000000e+00 
     3 INVEQ3        5.001304e+00  0.000000e+00               0.000000e+00 
     4 INVEQ4        4.711827e+00  0.000000e+00               0.000000e+00 


Problem:                                pgp2
First Stage Rows:                       3
First Stage Columns:                    4
First Stage Non-zeros:                  8
Replication No. 18
Status:                                 REPLICATION SOLUTION
Total Objective Function Upper Bound:   
Total Objective Function Lower Bound:   455.288923

First Stage Solutions:
   No.   Row name   Activity      Lower bound   Upper bound   Dual          Dual STDEV
------ ------------ ------------- ------------- ------------- ------------- -------------
     0 FOBJ          0.000000e+00 
     1 MXDEMD        1.749380e+01  1.500000e+01                0.000000e+00 
     2 BUDGET        1.792345e+02                2.200000e+02  0.000000e+00 

   No. Column name  Activity      Lower bound   Upper bound   Reduced Cost  RC STDEV
------ ------------ ------------- ------------- ------------- ------------- -------------
     1 INVEQ1        1.123449e+00  0.000000e+00               0.000000e+00 
     2 INVEQ2        4.390382e+00  0.000000e+00               0.000000e+00 
     3 INVEQ3        6.538754e+00  0.000000e+00               0.000000e+00 
     4 INVEQ4        5.441213e+00  0.000000e+00               0.000000e+00 


Problem:                                pgp2
First Stage Rows:                       3
First Stage Columns:                    4
First Stage Non-zeros:                  8
Replication No. 19
Status:                                 REPLICATION SOLUTION
Total Objective Function Upper Bound:   
Total Objective Function Lower Bound:   440.000748

First Stage Solutions:
   No.   Row name   Activity      Lower bound   Upper bound   Dual          Dual STDEV
------ ------------ ------------- ------------- ------------- ------------- -------------
     0 FOBJ          0.000000e+00 
     1 MXDEMD        1.724141e+01  1.500000e+01                0.000000e+00 
     2 BUDGET        1.663129e+02                2.200000e+02  0.000000e+00 

   No. Column name  Activity      Lower bound   Upper bound   Reduced Cost  RC STDEV
------ ------------ ------------- ------------- ------------- ------------- -------------
     1 INVEQ1        1.923862e+00  0.000000e+00               0.000000e+00 
     2 INVEQ2        5.175353e+00  0.000000e+00               0.000000e+00 
     3 INVEQ3        4.999360e+00  0.000000e+00               0.000000e+00 
     4 INVEQ4        5.142841e+00  0.000000e+00               0.000000e+00 


Problem:                                pgp2
First Stage Rows:                       3
First Stage Columns:                    4
First Stage Non-zeros:                  8
Replication No. 20
Status:                                 REPLICATION SOLUTION
Total Objective Function Upper Bound:   
Total Objective Function Lower Bound:   448.499281

First Stage Solutions:
   No.   Row name   Activity      Lower bound   Upper bound   Dual          Dual STDEV
------ ------------ ------------- ------------- ------------- ------------- -------------
     0 FOBJ          0.000000e+00 
     1 MXDEMD        1.652463e+01  1.500000e+01                0.000000e+00 
     2 BUDGET        1.616798e+02                2.200000e+02  0.000000e+00 

   No. Column name  Activity      Lower bound   Upper bound   Reduced Cost  RC STDEV
------ ------------ ------------- ------------- ------------- ------------- -------------
     1 INVEQ1        1.327417e+00  0.000000e+00               0.000000e+00 
     2 INVEQ2        5.500806e+00  0.000000e+00               0.000000e+00 
     3 INVEQ3        5.172154e+00  0.000000e+00               0.000000e+00 
     4 INVEQ4        4.524248e+00  0.000000e+00               0.000000e+00 


Problem:                                pgp2
First Stage Rows:                       3
First Stage Columns:                    4
First Stage Non-zeros:                  8
Replication No. 21
Status:                                 REPLICATION SOLUTION
Total Objective Function Upper Bound:   
Total Objective Function Lower Bound:   445.273763

First Stage Solutions:
   No.   Row name   Activity      Lower bound   Upper bound   Dual          Dual STDEV
------ ------------ ------------- ------------- ------------- ------------- -------------
     0 FOBJ          0.000000e+00 
     1 MXDEMD        1.747848e+01  1.500000e+01                0.000000e+00 
     2 BUDGET        1.676248e+02                2.200000e+02  0.000000e+00 

   No. Column name  Activity      Lower bound   Upper bound   Reduced Cost  RC STDEV
------ ------------ ------------- ------------- ------------- ------------- -------------
     1 INVEQ1        1.123916e+00  0.000000e+00               0.000000e+00 
     2 INVEQ2        4.876501e+00  0.000000e+00               0.000000e+00 
     3 INVEQ3        5.338177e+00  0.000000e+00               0.000000e+00 
     4 INVEQ4        6.139891e+00  0.000000e+00               0.000000e+00 


Problem:                                pgp2
First Stage Rows:                       3
First Stage Columns:                    4
First Stage Non-zeros:                  8
Replication No. 22
Status:                                 REPLICATION SOLUTION
Total Objective Function Upper Bound:   
Total Objective Function Lower Bound:   449.472893

First Stage Solutions:
   No.   Row name   Activity      Lower bound   Upper bound   Dual          Dual STDEV
------ ------------ ------------- ------------- ------------- ------------- -------------
     0 FOBJ         3.105036e+231 
     1 MXDEMD        1.752504e+01  1.500000e+01                0.000000e+00 
     2 BUDGET        1.763621e+02                2.200000e+02  0.000000e+00 

   No. Column name  Activity      Lower bound   Upper bound   Reduced Cost  RC STDEV
------ ------------ ------------- ------------- ------------- ------------- -------------
     1 INVEQ1        6.493203e-01  0.000000e+00               0.000000e+00 
     2 INVEQ2        4.979886e+00  0.000000e+00               0.000000e+00 
     3 INVEQ3        6.363472e+00  0.000000e+00               0.000000e+00 
     4 INVEQ4        5.532359e+00  0.000000e+00               0.000000e+00 


Problem:                                pgp2
First Stage Rows:                       3
First Stage Columns:                    4
First Stage Non-zeros:                  8
Replication No. 23
Status:                                 REPLICATION SOLUTION
Total Objective Function Upper Bound:   
Total Objective Function Lower Bound:   456.184680

First Stage Solutions:
   No.   Row name   Activity      Lower bound   Upper bound   Dual          Dual STDEV
------ ------------ ------------- ------------- ------------- ------------- -------------
     0 FOBJ          8.141593e+00 
     1 MXDEMD        1.747228e+01  1.500000e+01                0.000000e+00 
     2 BUDGET        1.726147e+02                2.200000e+02  0.000000e+00 

   No. Column name  Activity      Lower bound   Upper bound   Reduced Cost  RC STDEV
------ ------------ ------------- ------------- ------------- ------------- -------------
     1 INVEQ1        1.949337e+00  0.000000e+00               0.000000e+00 
     2 INVEQ2        4.750945e+00  0.000000e+00               0.000000e+00 
     3 INVEQ3        5.523271e+00  0.000000e+00               0.000000e+00 
     4 INVEQ4        5.248730e+00  0.000000e+00               0.000000e+00 


Problem:                                pgp2
First Stage Rows:                       3
First Stage Columns:                    4
First Stage Non-zeros:                  8
Replication No. 24
Status:                                 REPLICATION SOLUTION
Total Objective Function Upper Bound:   
Total Objective Function Lower Bound:   452.650389

First Stage Solutions:
   No.   Row name   Activity      Lower bound   Upper bound   Dual          Dual STDEV
------ ------------ ------------- ------------- ------------- ------------- -------------
     0 FOBJ          8.141593e+00 
     1 MXDEMD        1.760223e+01  1.500000e+01                0.000000e+00 
     2 BUDGET        1.661643e+02                2.200000e+02  0.000000e+00 

   No. Column name  Activity      Lower bound   Upper bound   Reduced Cost  RC STDEV
------ ------------ ------------- ------------- ------------- ------------- -------------
     1 INVEQ1        1.496721e+00  0.000000e+00               0.000000e+00 
     2 INVEQ2        4.412022e+00  0.000000e+00               0.000000e+00 
     3 INVEQ3        5.015207e+00  0.000000e+00               0.000000e+00 
     4 INVEQ4        6.678276e+00  0.000000e+00               0.000000e+00 


Problem:                                pgp2
First Stage Rows:                       3
First Stage Columns:                    4
First Stage Non-zeros:                  8
Replication No. 25
Status:                                 REPLICATION SOLUTION
Total Objective Function Upper Bound:   
Total Objective Function Lower Bound:   452.260718

First Stage Solutions:
   No.   Row name   Activity      Lower bound   Upper bound   Dual          Dual STDEV
------ ------------ ------------- ------------- ------------- ------------- -------------
     0 FOBJ          8.141593e+00 
     1 MXDEMD        1.749619e+01  1.500000e+01                0.000000e+00 
     2 BUDGET        1.669613e+02                2.200000e+02  0.000000e+00 

   No. Column name  Activity      Lower bound   Upper bound   Reduced Cost  RC STDEV
------ ------------ ------------- ------------- ------------- ------------- -------------
     1 INVEQ1        1.457247e+00  0.000000e+00               0.000000e+00 
     2 INVEQ2        5.541128e+00  0.000000e+00               0.000000e+00 
     3 INVEQ3        5.061407e+00  0.000000e+00               0.000000e+00 
     4 INVEQ4        5.436406e+00  0.000000e+00               0.000000e+00 


Problem:                                pgp2
First Stage Rows:                       3
First Stage Columns:                    4
First Stage Non-zeros:                  8
Replication No. 26
Status:                                 REPLICATION SOLUTION
Total Objective Function Upper Bound:   
Total Objective Function Lower Bound:   447.540808

First Stage Solutions:
   No.   Row name   Activity      Lower bound   Upper bound   Dual          Dual STDEV
------ ------------ ------------- ------------- ------------- ------------- -------------
     0 FOBJ          8.141593e+00 
     1 MXDEMD        1.750030e+01  1.500000e+01                0.000000e+00 
     2 BUDGET        1.646891e+02                2.200000e+02  0.000000e+00 

   No. Column name  Activity      Lower bound   Upper bound   Reduced Cost  RC STDEV
------ ------------ ------------- ------------- ------------- ------------- -------------
     1 INVEQ1        1.073619e+00  0.000000e+00               0.000000e+00 
     2 INVEQ2        4.718835e+00  0.000000e+00               0.000000e+00 
     3 INVEQ3        5.067401e+00  0.000000e+00               0.000000e+00 
     4 INVEQ4        6.640440e+00  0.000000e+00               0.000000e+00 


Problem:                                pgp2
First Stage Rows:                       3
First Stage Columns:                    4
First Stage Non-zeros:                  8
Replication No. 27
Status:                                 REPLICATION SOLUTION
Total Objective Function Upper Bound:   
Total Objective Function Lower Bound:   441.878531

First Stage Solutions:
   No.   Row name   Activity      Lower bound   Upper bound   Dual          Dual STDEV
------ ------------ ------------- ------------- ------------- ------------- -------------
     0 FOBJ          8.141593e+00 
     1 MXDEMD        1.749259e+01  1.500000e+01                0.000000e+00 
     2 BUDGET        1.653720e+02                2.200000e+02  0.000000e+00 

   No. Column name  Activity      Lower bound   Upper bound   Reduced Cost  RC STDEV
------ ------------ ------------- ------------- ------------- ------------- -------------
     1 INVEQ1        6.171769e-01  0.000000e+00               0.000000e+00 
     2 INVEQ2        6.329420e+00  0.000000e+00               0.000000e+00 
     3 INVEQ3        5.161833e+00  0.000000e+00               0.000000e+00 
     4 INVEQ4        5.384163e+00  0.000000e+00               0.000000e+00 


Problem:                                pgp2
First Stage Rows:                       3
First Stage Columns:                    4
First Stage Non-zeros:                  8
Replication No. 28
Status:                                 REPLICATION SOLUTION
Total Objective Function Upper Bound:   
Total Objective Function Lower Bound:   446.974892

First Stage Solutions:
   No.   Row name   Activity      Lower bound   Upper bound   Dual          Dual STDEV
------ ------------ ------------- ------------- ------------- ------------- -------------
     0 FOBJ         3.105036e+231 
     1 MXDEMD        1.749809e+01  1.500000e+01                0.000000e+00 
     2 BUDGET        1.665539e+02                2.200000e+02  0.000000e+00 

   No. Column name  Activity      Lower bound   Upper bound   Reduced Cost  RC STDEV
------ ------------ ------------- ------------- ------------- ------------- -------------
     1 INVEQ1        1.491375e+00  0.000000e+00               0.000000e+00 
     2 INVEQ2        5.404445e+00  0.000000e+00               0.000000e+00 
     3 INVEQ3        5.019542e+00  0.000000e+00               0.000000e+00 
     4 INVEQ4        5.582727e+00  0.000000e+00               0.000000e+00 


Problem:                                pgp2
First Stage Rows:                       3
First Stage Columns:                    4
First Stage Non-zeros:                  8
Replication No. 29
Status:                                 REPLICATION SOLUTION
Total Objective Function Upper Bound:   
Total Objective Function Lower Bound:   450.251992

First Stage Solutions:
   No.   Row name   Activity      Lower bound   Upper bound   Dual          Dual STDEV
------ ------------ ------------- ------------- ------------- ------------- -------------
     0 FOBJ          0.000000e+00 
     1 MXDEMD        1.701724e+01  1.500000e+01                0.000000e+00 
     2 BUDGET        1.641540e+02                2.200000e+02  0.000000e+00 

   No. Column name  Activity      Lower bound   Upper bound   Reduced Cost  RC STDEV
------ ------------ ------------- ------------- ------------- ------------- -------------
     1 INVEQ1        9.464246e-01  0.000000e+00               0.000000e+00 
     2 INVEQ2        5.508982e+00  0.000000e+00               0.000000e+00 
     3 INVEQ3        5.275591e+00  0.000000e+00               0.000000e+00 
     4 INVEQ4        5.286243e+00  0.000000e+00               0.000000e+00 


