Problem:                                baa99_m
First Stage Rows:                       1
First Stage Columns:                    2
First Stage Non-zeros:                  0
Number of replications:                 30
Status:                                 COMPROMISE SOLUTION
Total Objective Function Upper Bound:   -313.991,[-319.365741,-308.616131],half-width:5.375, stdev:2.742
Total Objective Function Lower Bound:   -319.538,[-325.043255,-314.033554],half-width:5.505, stdev:2.809

First Stage Solutions:
   No.   Row name   Activity      Lower bound   Upper bound   Dual          Dual STDEV
------ ------------ ------------- ------------- ------------- ------------- -------------
     0 obj          -3.139909e+02 

   No. Column name  Activity      Lower bound   Upper bound   Reduced Cost  RC STDEV
------ ------------ ------------- ------------- ------------- ------------- -------------
     1 x1            9.834008e+01  0.000000e+00  2.170000e+02  0.000000e+00  0.000000e+00 
     2 x2            1.838129e+02  0.000000e+00  2.170000e+02  0.000000e+00  0.000000e+00 


Problem:                                baa99_m
First Stage Rows:                       1
First Stage Columns:                    2
First Stage Non-zeros:                  0
Number of replications:                 30
Status:                                 MEAN SOLUTION
Total Objective Function Upper Bound:   -314.011,[-319.386231,-308.635917],half-width:5.375, stdev:2.742
Total Objective Function Lower Bound:   -319.538,[-325.043255,-314.033554],half-width:5.505, stdev:2.809

First Stage Solutions:
   No.   Row name   Activity      Lower bound   Upper bound   Dual          Dual STDEV
------ ------------ ------------- ------------- ------------- ------------- -------------
     0 obj          -3.140111e+02 

   No. Column name  Activity      Lower bound   Upper bound   Reduced Cost  RC STDEV
------ ------------ ------------- ------------- ------------- ------------- -------------
     1 x1            9.835591e+01  0.000000e+00  2.170000e+02  0.000000e+00  0.000000e+00 
     2 x2            1.838305e+02  0.000000e+00  2.170000e+02  0.000000e+00  0.000000e+00 


