Iter	 Iter_time	 Master	 Subprob	 Full_Test	 argmax	Iter_acc	 Master_acc	 Subprob_acc	 Full_Test_acc	 argmax_acc
1	 0.000663	 0.000461	 0.000133	 0.000000	 0.000035	0.000663	 0.000461	 0.000133	 0.000000	 0.000035
2	 0.003304	 0.003089	 0.000112	 0.000000	 0.000057	0.003967	 0.003550	 0.000245	 0.000000	 0.000092
3	 0.003064	 0.002970	 0.000043	 0.000000	 0.000019	0.007031	 0.006520	 0.000288	 0.000000	 0.000111
4	 0.003616	 0.003519	 0.000054	 0.000000	 0.000016	0.010647	 0.010039	 0.000342	 0.000000	 0.000127
5	 0.003855	 0.003702	 0.000082	 0.000000	 0.000035	0.014502	 0.013741	 0.000424	 0.000000	 0.000162
6	 0.004188	 0.004059	 0.000051	 0.000000	 0.000039	0.018690	 0.017800	 0.000475	 0.000000	 0.000201
7	 0.004063	 0.003937	 0.000070	 0.000000	 0.000023	0.022753	 0.021737	 0.000545	 0.000000	 0.000224
8	 0.003740	 0.003622	 0.000053	 0.000000	 0.000035	0.026493	 0.025359	 0.000598	 0.000000	 0.000259
9	 0.004291	 0.004131	 0.000086	 0.000000	 0.000039	0.030784	 0.029490	 0.000684	 0.000000	 0.000298
10	 0.003602	 0.003490	 0.000049	 0.000000	 0.000027	0.034386	 0.032980	 0.000733	 0.000000	 0.000325
11	 0.003462	 0.003316	 0.000068	 0.000000	 0.000039	0.037848	 0.036296	 0.000801	 0.000000	 0.000364
12	 0.003331	 0.003208	 0.000046	 0.000000	 0.000029	0.041179	 0.039504	 0.000847	 0.000000	 0.000393
13	 0.003610	 0.003412	 0.000115	 0.000000	 0.000046	0.044789	 0.042916	 0.000962	 0.000000	 0.000439
14	 0.004329	 0.004227	 0.000046	 0.000000	 0.000028	0.049118	 0.047143	 0.001008	 0.000000	 0.000467
15	 0.004226	 0.004041	 0.000094	 0.000000	 0.000045	0.053344	 0.051184	 0.001102	 0.000000	 0.000512
16	 0.004138	 0.003937	 0.000112	 0.000000	 0.000041	0.057482	 0.055121	 0.001214	 0.000000	 0.000553
17	 0.004311	 0.004124	 0.000103	 0.000000	 0.000045	0.061793	 0.059245	 0.001317	 0.000000	 0.000598
18	 0.004682	 0.004578	 0.000045	 0.000000	 0.000024	0.066475	 0.063823	 0.001362	 0.000000	 0.000622
19	 0.004179	 0.003980	 0.000115	 0.000000	 0.000043	0.070654	 0.067803	 0.001477	 0.000000	 0.000665
20	 0.004701	 0.004543	 0.000091	 0.000000	 0.000030	0.075355	 0.072346	 0.001568	 0.000000	 0.000695
21	 0.003863	 0.003681	 0.000095	 0.000000	 0.000049	0.079218	 0.076027	 0.001663	 0.000000	 0.000744
22	 0.003364	 0.003252	 0.000053	 0.000000	 0.000026	0.082582	 0.079279	 0.001716	 0.000000	 0.000770
23	 0.004583	 0.004348	 0.000131	 0.000000	 0.000062	0.087165	 0.083627	 0.001847	 0.000000	 0.000832
24	 0.003881	 0.003740	 0.000076	 0.000000	 0.000030	0.091046	 0.087367	 0.001923	 0.000000	 0.000862
25	 0.004410	 0.004194	 0.000106	 0.000000	 0.000058	0.095456	 0.091561	 0.002029	 0.000000	 0.000920
26	 0.004641	 0.004507	 0.000067	 0.000000	 0.000033	0.100097	 0.096068	 0.002096	 0.000000	 0.000953
27	 0.003851	 0.003658	 0.000092	 0.000000	 0.000059	0.103948	 0.099726	 0.002188	 0.000000	 0.001012
28	 0.004366	 0.004211	 0.000069	 0.000000	 0.000049	0.108314	 0.103937	 0.002257	 0.000000	 0.001061
29	 0.004264	 0.004046	 0.000103	 0.000000	 0.000075	0.112578	 0.107983	 0.002360	 0.000000	 0.001136
30	 0.004049	 0.003895	 0.000066	 0.000000	 0.000055	0.116627	 0.111878	 0.002426	 0.000000	 0.001191
31	 0.004249	 0.004090	 0.000081	 0.000000	 0.000047	0.120876	 0.115968	 0.002507	 0.000000	 0.001238
32	 0.004056	 0.003947	 0.000043	 0.000000	 0.000033	0.124932	 0.119915	 0.002550	 0.000000	 0.001271
33	 0.004533	 0.004350	 0.000083	 0.000000	 0.000064	0.129465	 0.124265	 0.002633	 0.000000	 0.001335
34	 0.004102	 0.004013	 0.000033	 0.000000	 0.000026	0.133567	 0.128278	 0.002666	 0.000000	 0.001361
35	 0.004342	 0.004195	 0.000060	 0.000000	 0.000046	0.137909	 0.132473	 0.002726	 0.000000	 0.001407
36	 0.005370	 0.005279	 0.000036	 0.000000	 0.000027	0.143279	 0.137752	 0.002762	 0.000000	 0.001434
37	 0.004115	 0.003970	 0.000064	 0.000000	 0.000048	0.147394	 0.141722	 0.002826	 0.000000	 0.001482
38	 0.004238	 0.004146	 0.000035	 0.000000	 0.000026	0.151632	 0.145868	 0.002861	 0.000000	 0.001508
39	 0.004564	 0.004360	 0.000113	 0.000000	 0.000056	0.156196	 0.150228	 0.002974	 0.000000	 0.001564
40	 0.004877	 0.004735	 0.000070	 0.000000	 0.000032	0.161073	 0.154963	 0.003044	 0.000000	 0.001596
41	 0.004569	 0.004360	 0.000108	 0.000000	 0.000057	0.165642	 0.159323	 0.003152	 0.000000	 0.001653
42	 0.004519	 0.004370	 0.000069	 0.000000	 0.000043	0.170161	 0.163693	 0.003221	 0.000000	 0.001696
43	 0.004579	 0.004381	 0.000101	 0.000000	 0.000055	0.174740	 0.168074	 0.003322	 0.000000	 0.001751
44	 0.004607	 0.004473	 0.000065	 0.000000	 0.000032	0.179347	 0.172547	 0.003387	 0.000000	 0.001783
45	 0.004067	 0.003885	 0.000087	 0.000000	 0.000058	0.183414	 0.176432	 0.003474	 0.000000	 0.001841
46	 0.003959	 0.003834	 0.000048	 0.000000	 0.000036	0.187373	 0.180266	 0.003522	 0.000000	 0.001877
47	 0.003582	 0.003434	 0.000064	 0.000000	 0.000052	0.190955	 0.183700	 0.003586	 0.000000	 0.001929
48	 0.003879	 0.003757	 0.000066	 0.000000	 0.000029	0.194834	 0.187457	 0.003652	 0.000000	 0.001958
49	 0.003746	 0.003593	 0.000073	 0.000000	 0.000049	0.198580	 0.191050	 0.003725	 0.000000	 0.002007
50	 0.003945	 0.003834	 0.000057	 0.000000	 0.000028	0.202525	 0.194884	 0.003782	 0.000000	 0.002035
51	 0.004364	 0.004191	 0.000081	 0.000000	 0.000049	0.206889	 0.199075	 0.003863	 0.000000	 0.002084
52	 0.003943	 0.003854	 0.000035	 0.000000	 0.000028	0.210832	 0.202929	 0.003898	 0.000000	 0.002112
53	 0.003220	 0.003085	 0.000058	 0.000000	 0.000050	0.214052	 0.206014	 0.003956	 0.000000	 0.002162
54	 0.003496	 0.003389	 0.000051	 0.000000	 0.000029	0.217548	 0.209403	 0.004007	 0.000000	 0.002191
55	 0.004166	 0.004006	 0.000080	 0.000000	 0.000052	0.221714	 0.213409	 0.004087	 0.000000	 0.002243
56	 0.003547	 0.003461	 0.000033	 0.000000	 0.000029	0.225261	 0.216870	 0.004120	 0.000000	 0.002272
57	 0.003577	 0.003407	 0.000084	 0.000000	 0.000052	0.228838	 0.220277	 0.004204	 0.000000	 0.002324
58	 0.003693	 0.003597	 0.000042	 0.000000	 0.000029	0.232531	 0.223874	 0.004246	 0.000000	 0.002353
59	 0.003690	 0.003539	 0.000073	 0.000000	 0.000050	0.236221	 0.227413	 0.004319	 0.000000	 0.002403
60	 0.004343	 0.004236	 0.000052	 0.000000	 0.000029	0.240564	 0.231649	 0.004371	 0.000000	 0.002432
61	 0.003806	 0.003644	 0.000079	 0.000000	 0.000052	0.244370	 0.235293	 0.004450	 0.000000	 0.002484
62	 0.003742	 0.003656	 0.000031	 0.000000	 0.000029	0.248112	 0.238949	 0.004481	 0.000000	 0.002513
63	 0.003550	 0.003391	 0.000077	 0.000000	 0.000053	0.251662	 0.242340	 0.004558	 0.000000	 0.002566
64	 0.003698	 0.003607	 0.000033	 0.000000	 0.000029	0.255360	 0.245947	 0.004591	 0.000000	 0.002595
65	 0.003613	 0.003471	 0.000060	 0.000000	 0.000054	0.258973	 0.249418	 0.004651	 0.000000	 0.002649
66	 0.003988	 0.003899	 0.000032	 0.000000	 0.000030	0.262961	 0.253317	 0.004683	 0.000000	 0.002679
67	 0.003709	 0.003568	 0.000058	 0.000000	 0.000053	0.266670	 0.256885	 0.004741	 0.000000	 0.002732
68	 0.003523	 0.003433	 0.000032	 0.000000	 0.000030	0.270193	 0.260318	 0.004773	 0.000000	 0.002762
69	 0.003675	 0.003533	 0.000058	 0.000000	 0.000054	0.273868	 0.263851	 0.004831	 0.000000	 0.002816
70	 0.003772	 0.003685	 0.000033	 0.000000	 0.000030	0.277640	 0.267536	 0.004864	 0.000000	 0.002846
71	 0.003770	 0.003630	 0.000057	 0.000000	 0.000054	0.281410	 0.271166	 0.004921	 0.000000	 0.002900
72	 0.003520	 0.003431	 0.000033	 0.000000	 0.000030	0.284930	 0.274597	 0.004954	 0.000000	 0.002930
73	 0.003917	 0.003745	 0.000085	 0.000000	 0.000056	0.288847	 0.278342	 0.005039	 0.000000	 0.002986
74	 0.003778	 0.003668	 0.000053	 0.000000	 0.000031	0.292625	 0.282010	 0.005092	 0.000000	 0.003017
75	 0.003360	 0.003196	 0.000079	 0.000000	 0.000058	0.295985	 0.285206	 0.005171	 0.000000	 0.003075
76	 0.003496	 0.003387	 0.000043	 0.000000	 0.000031	0.299481	 0.288593	 0.005214	 0.000000	 0.003106
77	 0.003391	 0.003288	 0.000043	 0.000000	 0.000031	0.302872	 0.291881	 0.005257	 0.000000	 0.003137
78	 0.004093	 0.003929	 0.000077	 0.000000	 0.000058	0.306965	 0.295810	 0.005334	 0.000000	 0.003195
79	 0.003839	 0.003729	 0.000049	 0.000000	 0.000033	0.310804	 0.299539	 0.005383	 0.000000	 0.003228
80	 0.003874	 0.003701	 0.000078	 0.000000	 0.000061	0.314678	 0.303240	 0.005461	 0.000000	 0.003289
81	 0.003892	 0.003780	 0.000051	 0.000000	 0.000033	0.318570	 0.307020	 0.005512	 0.000000	 0.003322
82	 0.003675	 0.003509	 0.000076	 0.000000	 0.000060	0.322245	 0.310529	 0.005588	 0.000000	 0.003382
83	 0.003312	 0.003215	 0.000032	 0.000000	 0.000039	0.325557	 0.313744	 0.005620	 0.000000	 0.003421
84	 0.003744	 0.003587	 0.000057	 0.000000	 0.000068	0.329301	 0.317331	 0.005677	 0.000000	 0.003489
85	 0.004012	 0.003921	 0.000031	 0.000000	 0.000031	0.333313	 0.321252	 0.005708	 0.000000	 0.003520
86	 0.003688	 0.003520	 0.000079	 0.000000	 0.000061	0.337001	 0.324772	 0.005787	 0.000000	 0.003581
87	 0.004251	 0.004145	 0.000048	 0.000000	 0.000034	0.341252	 0.328917	 0.005835	 0.000000	 0.003615
88	 0.003921	 0.003751	 0.000077	 0.000000	 0.000062	0.345173	 0.332668	 0.005912	 0.000000	 0.003677
89	 0.003994	 0.003888	 0.000047	 0.000000	 0.000032	0.349167	 0.336556	 0.005959	 0.000000	 0.003709
90	 0.003817	 0.003669	 0.000060	 0.000000	 0.000057	0.352984	 0.340225	 0.006019	 0.000000	 0.003766
91	 0.003907	 0.003816	 0.000033	 0.000000	 0.000033	0.356891	 0.344041	 0.006052	 0.000000	 0.003799
92	 0.003906	 0.003739	 0.000077	 0.000000	 0.000062	0.360797	 0.347780	 0.006129	 0.000000	 0.003861
93	 0.004328	 0.004219	 0.000040	 0.000000	 0.000038	0.365125	 0.351999	 0.006169	 0.000000	 0.003899
94	 0.004170	 0.003992	 0.000080	 0.000000	 0.000066	0.369295	 0.355991	 0.006249	 0.000000	 0.003965
95	 0.003969	 0.003863	 0.000034	 0.000000	 0.000044	0.373264	 0.359854	 0.006283	 0.000000	 0.004009
96	 0.004099	 0.003938	 0.000058	 0.000000	 0.000073	0.377363	 0.363792	 0.006341	 0.000000	 0.004082
97	 0.003768	 0.003675	 0.000032	 0.000000	 0.000034	0.381131	 0.367467	 0.006373	 0.000000	 0.004116
98	 0.004143	 0.003965	 0.000085	 0.000000	 0.000062	0.385274	 0.371432	 0.006458	 0.000000	 0.004178
99	 0.004194	 0.004084	 0.000046	 0.000000	 0.000034	0.389468	 0.375516	 0.006504	 0.000000	 0.004212
100	 0.003820	 0.003648	 0.000077	 0.000000	 0.000065	0.393288	 0.379164	 0.006581	 0.000000	 0.004277
101	 0.003754	 0.003659	 0.000035	 0.000000	 0.000034	0.397042	 0.382823	 0.006616	 0.000000	 0.004311
102	 0.003906	 0.003702	 0.000078	 0.000000	 0.000065	0.400948	 0.386525	 0.006694	 0.000000	 0.004376
103	 0.003394	 0.003297	 0.000034	 0.000000	 0.000034	0.404342	 0.389822	 0.006728	 0.000000	 0.004410
104	 0.004320	 0.004169	 0.000057	 0.000000	 0.000062	0.408662	 0.393991	 0.006785	 0.000000	 0.004472
105	 0.003772	 0.003661	 0.000048	 0.000000	 0.000034	0.412434	 0.397652	 0.006833	 0.000000	 0.004506
106	 0.003964	 0.003798	 0.000075	 0.000000	 0.000064	0.416398	 0.401450	 0.006908	 0.000000	 0.004570
107	 0.003619	 0.003526	 0.000032	 0.000000	 0.000034	0.420017	 0.404976	 0.006940	 0.000000	 0.004604
108	 0.003835	 0.003682	 0.000059	 0.000000	 0.000065	0.423852	 0.408658	 0.006999	 0.000000	 0.004669
109	 0.003745	 0.003634	 0.000047	 0.000000	 0.000036	0.427597	 0.412292	 0.007046	 0.000000	 0.004705
110	 0.003513	 0.003332	 0.000073	 0.000000	 0.000067	0.431110	 0.415624	 0.007119	 0.000000	 0.004772
111	 0.003546	 0.003436	 0.000047	 0.000000	 0.000036	0.434656	 0.419060	 0.007166	 0.000000	 0.004808
112	 0.004018	 0.003846	 0.000076	 0.000000	 0.000067	0.438674	 0.422906	 0.007242	 0.000000	 0.004875
113	 0.003428	 0.003320	 0.000051	 0.000000	 0.000033	0.442102	 0.426226	 0.007293	 0.000000	 0.004908
114	 0.003628	 0.003471	 0.000060	 0.000000	 0.000066	0.445730	 0.429697	 0.007353	 0.000000	 0.004974
115	 0.003659	 0.003547	 0.000050	 0.000000	 0.000037	0.449389	 0.433244	 0.007403	 0.000000	 0.005011
116	 0.003851	 0.003680	 0.000076	 0.000000	 0.000064	0.453240	 0.436924	 0.007479	 0.000000	 0.005075
117	 0.003704	 0.003589	 0.000047	 0.000000	 0.000033	0.456944	 0.440513	 0.007526	 0.000000	 0.005108
118	 0.003390	 0.003287	 0.000043	 0.000000	 0.000032	0.460334	 0.443800	 0.007569	 0.000000	 0.005140
119	 0.003558	 0.003401	 0.000064	 0.000000	 0.000065	0.463892	 0.447201	 0.007633	 0.000000	 0.005205
120	 0.003367	 0.003272	 0.000032	 0.000000	 0.000038	0.467259	 0.450473	 0.007665	 0.000000	 0.005243
121	 0.003610	 0.003452	 0.000059	 0.000000	 0.000067	0.470869	 0.453925	 0.007724	 0.000000	 0.005310
122	 0.003352	 0.003258	 0.000031	 0.000000	 0.000036	0.474221	 0.457183	 0.007755	 0.000000	 0.005346
123	 0.003900	 0.003746	 0.000056	 0.000000	 0.000068	0.478121	 0.460929	 0.007811	 0.000000	 0.005414
124	 0.003479	 0.003371	 0.000048	 0.000000	 0.000034	0.481600	 0.464300	 0.007859	 0.000000	 0.005448
125	 0.003559	 0.003377	 0.000081	 0.000000	 0.000071	0.485159	 0.467677	 0.007940	 0.000000	 0.005519
126	 0.003321	 0.003213	 0.000049	 0.000000	 0.000033	0.488480	 0.470890	 0.007989	 0.000000	 0.005552
127	 0.003783	 0.003609	 0.000074	 0.000000	 0.000069	0.492263	 0.474499	 0.008063	 0.000000	 0.005621
128	 0.003365	 0.003250	 0.000050	 0.000000	 0.000036	0.495628	 0.477749	 0.008113	 0.000000	 0.005657
129	 0.003618	 0.003438	 0.000078	 0.000000	 0.000072	0.499246	 0.481187	 0.008191	 0.000000	 0.005729
130	 0.003745	 0.003631	 0.000049	 0.000000	 0.000038	0.502991	 0.484818	 0.008240	 0.000000	 0.005767
131	 0.003413	 0.003240	 0.000076	 0.000000	 0.000068	0.506404	 0.488058	 0.008316	 0.000000	 0.005835
132	 0.003481	 0.003372	 0.000047	 0.000000	 0.000038	0.509885	 0.491430	 0.008363	 0.000000	 0.005873
133	 0.003293	 0.003118	 0.000073	 0.000000	 0.000071	0.513178	 0.494548	 0.008436	 0.000000	 0.005944
134	 0.003523	 0.003425	 0.000031	 0.000000	 0.000037	0.516701	 0.497973	 0.008467	 0.000000	 0.005981
135	 0.003574	 0.003418	 0.000057	 0.000000	 0.000071	0.520275	 0.501391	 0.008524	 0.000000	 0.006052
136	 0.003294	 0.003197	 0.000031	 0.000000	 0.000039	0.523569	 0.504588	 0.008555	 0.000000	 0.006091
137	 0.003451	 0.003290	 0.000059	 0.000000	 0.000073	0.527020	 0.507878	 0.008614	 0.000000	 0.006164
138	 0.003104	 0.003004	 0.000033	 0.000000	 0.000038	0.530124	 0.510882	 0.008647	 0.000000	 0.006202
139	 0.003820	 0.003639	 0.000084	 0.000000	 0.000070	0.533944	 0.514521	 0.008731	 0.000000	 0.006272
140	 0.003432	 0.003321	 0.000050	 0.000000	 0.000035	0.537376	 0.517842	 0.008781	 0.000000	 0.006307
141	 0.003851	 0.003684	 0.000063	 0.000000	 0.000073	0.541227	 0.521526	 0.008844	 0.000000	 0.006380
142	 0.003150	 0.003041	 0.000047	 0.000000	 0.000035	0.544377	 0.524567	 0.008891	 0.000000	 0.006415
143	 0.003813	 0.003650	 0.000060	 0.000000	 0.000072	0.548190	 0.528217	 0.008951	 0.000000	 0.006487
144	 0.003347	 0.003248	 0.000033	 0.000000	 0.000039	0.551537	 0.531465	 0.008984	 0.000000	 0.006526
145	 0.003540	 0.003357	 0.000077	 0.000000	 0.000074	0.555077	 0.534822	 0.009061	 0.000000	 0.006600
146	 0.003578	 0.003464	 0.000047	 0.000000	 0.000038	0.558655	 0.538286	 0.009108	 0.000000	 0.006638
147	 0.003181	 0.002996	 0.000078	 0.000000	 0.000076	0.561836	 0.541282	 0.009186	 0.000000	 0.006714
148	 0.003399	 0.003283	 0.000048	 0.000000	 0.000040	0.565235	 0.544565	 0.009234	 0.000000	 0.006754
149	 0.003344	 0.003165	 0.000072	 0.000000	 0.000074	0.568579	 0.547730	 0.009306	 0.000000	 0.006828
150	 0.003768	 0.003669	 0.000033	 0.000000	 0.000039	0.572347	 0.551399	 0.009339	 0.000000	 0.006867
151	 0.004219	 0.004026	 0.000084	 0.000000	 0.000076	0.576566	 0.555425	 0.009423	 0.000000	 0.006943
152	 0.003945	 0.003832	 0.000050	 0.000000	 0.000037	0.580511	 0.559257	 0.009473	 0.000000	 0.006980
153	 0.003889	 0.003696	 0.000085	 0.000000	 0.000077	0.584400	 0.562953	 0.009558	 0.000000	 0.007057
154	 0.003785	 0.003667	 0.000051	 0.000000	 0.000040	0.588185	 0.566620	 0.009609	 0.000000	 0.007097
155	 0.003405	 0.003240	 0.000062	 0.000000	 0.000075	0.591590	 0.569860	 0.009671	 0.000000	 0.007172
156	 0.003815	 0.003706	 0.000045	 0.000000	 0.000039	0.595405	 0.573566	 0.009716	 0.000000	 0.007211
157	 0.003653	 0.003478	 0.000072	 0.000000	 0.000073	0.599058	 0.577044	 0.009788	 0.000000	 0.007284
158	 0.003799	 0.003697	 0.000033	 0.000000	 0.000040	0.602857	 0.580741	 0.009821	 0.000000	 0.007324
159	 0.003655	 0.003460	 0.000086	 0.000000	 0.000080	0.606512	 0.584201	 0.009907	 0.000000	 0.007404
160	 0.003726	 0.003611	 0.000052	 0.000000	 0.000038	0.610238	 0.587812	 0.009959	 0.000000	 0.007442
161	 0.004183	 0.003994	 0.000081	 0.000000	 0.000081	0.614421	 0.591806	 0.010040	 0.000000	 0.007523
162	 0.004094	 0.003961	 0.000050	 0.000000	 0.000041	0.618515	 0.595767	 0.010090	 0.000000	 0.007564
163	 0.003745	 0.003631	 0.000036	 0.000000	 0.000041	0.622260	 0.599398	 0.010126	 0.000000	 0.007605
164	 0.004225	 0.004104	 0.000051	 0.000000	 0.000042	0.626485	 0.603502	 0.010177	 0.000000	 0.007647
165	 0.003498	 0.003311	 0.000077	 0.000000	 0.000079	0.629983	 0.606813	 0.010254	 0.000000	 0.007726
166	 0.003797	 0.003688	 0.000032	 0.000000	 0.000040	0.633780	 0.610501	 0.010286	 0.000000	 0.007766
167	 0.003522	 0.003397	 0.000050	 0.000000	 0.000038	0.637302	 0.613898	 0.010336	 0.000000	 0.007804
168	 0.003927	 0.003815	 0.000050	 0.000000	 0.000037	0.641229	 0.617713	 0.010386	 0.000000	 0.007841
169	 0.003993	 0.003810	 0.000072	 0.000000	 0.000080	0.645222	 0.621523	 0.010458	 0.000000	 0.007921
170	 0.003832	 0.003689	 0.000051	 0.000000	 0.000051	0.649054	 0.625212	 0.010509	 0.000000	 0.007972
171	 0.003799	 0.003687	 0.000036	 0.000000	 0.000051	0.652853	 0.628899	 0.010545	 0.000000	 0.008023
172	 0.003842	 0.003644	 0.000079	 0.000000	 0.000090	0.656695	 0.632543	 0.010624	 0.000000	 0.008113
173	 0.003731	 0.003620	 0.000033	 0.000000	 0.000052	0.660426	 0.636163	 0.010657	 0.000000	 0.008165
174	 0.003518	 0.003328	 0.000078	 0.000000	 0.000082	0.663944	 0.639491	 0.010735	 0.000000	 0.008247
175	 0.003801	 0.003685	 0.000046	 0.000000	 0.000042	0.667745	 0.643176	 0.010781	 0.000000	 0.008289
176	 0.003963	 0.003788	 0.000059	 0.000000	 0.000083	0.671708	 0.646964	 0.010840	 0.000000	 0.008372
177	 0.003287	 0.003177	 0.000033	 0.000000	 0.000038	0.674995	 0.650141	 0.010873	 0.000000	 0.008410
178	 0.003588	 0.003471	 0.000047	 0.000000	 0.000042	0.678583	 0.653612	 0.010920	 0.000000	 0.008452
179	 0.003495	 0.003323	 0.000060	 0.000000	 0.000081	0.682078	 0.656935	 0.010980	 0.000000	 0.008533
180	 0.003719	 0.003603	 0.000047	 0.000000	 0.000042	0.685797	 0.660538	 0.011027	 0.000000	 0.008575
181	 0.003628	 0.003442	 0.000073	 0.000000	 0.000084	0.689425	 0.663980	 0.011100	 0.000000	 0.008659
182	 0.003233	 0.003131	 0.000031	 0.000000	 0.000043	0.692658	 0.667111	 0.011131	 0.000000	 0.008702
183	 0.003978	 0.003813	 0.000057	 0.000000	 0.000078	0.696636	 0.670924	 0.011188	 0.000000	 0.008780
184	 0.003498	 0.003396	 0.000034	 0.000000	 0.000042	0.700134	 0.674320	 0.011222	 0.000000	 0.008822
185	 0.003870	 0.003676	 0.000078	 0.000000	 0.000084	0.704004	 0.677996	 0.011300	 0.000000	 0.008906
186	 0.003100	 0.002996	 0.000032	 0.000000	 0.000043	0.707104	 0.680992	 0.011332	 0.000000	 0.008949
187	 0.003596	 0.003399	 0.000081	 0.000000	 0.000084	0.710700	 0.684391	 0.011413	 0.000000	 0.009033
188	 0.003884	 0.003753	 0.000052	 0.000000	 0.000053	0.714584	 0.688144	 0.011465	 0.000000	 0.009086
189	 0.004023	 0.003832	 0.000062	 0.000000	 0.000096	0.718607	 0.691976	 0.011527	 0.000000	 0.009182
190	 0.003633	 0.003529	 0.000031	 0.000000	 0.000043	0.722240	 0.695505	 0.011558	 0.000000	 0.009225
191	 0.003782	 0.003609	 0.000058	 0.000000	 0.000085	0.726022	 0.699114	 0.011616	 0.000000	 0.009310
192	 0.003266	 0.003169	 0.000033	 0.000000	 0.000040	0.729288	 0.702283	 0.011649	 0.000000	 0.009350
193	 0.003470	 0.003302	 0.000056	 0.000000	 0.000083	0.732758	 0.705585	 0.011705	 0.000000	 0.009433
194	 0.003689	 0.003585	 0.000032	 0.000000	 0.000042	0.736447	 0.709170	 0.011737	 0.000000	 0.009475
195	 0.003617	 0.003443	 0.000057	 0.000000	 0.000085	0.740064	 0.712613	 0.011794	 0.000000	 0.009560
196	 0.003459	 0.003339	 0.000054	 0.000000	 0.000042	0.743523	 0.715952	 0.011848	 0.000000	 0.009602
197	 0.003427	 0.003230	 0.000077	 0.000000	 0.000089	0.746950	 0.719182	 0.011925	 0.000000	 0.009691
198	 0.003602	 0.003504	 0.000031	 0.000000	 0.000041	0.750552	 0.722686	 0.011956	 0.000000	 0.009732
199	 0.003368	 0.003195	 0.000057	 0.000000	 0.000086	0.753920	 0.725881	 0.012013	 0.000000	 0.009818
200	 0.003563	 0.003456	 0.000033	 0.000000	 0.000044	0.757483	 0.729337	 0.012046	 0.000000	 0.009862
201	 0.003985	 0.003787	 0.000080	 0.000000	 0.000088	0.761468	 0.733124	 0.012126	 0.000000	 0.009950
202	 0.004103	 0.003941	 0.000046	 0.000000	 0.000054	0.765571	 0.737065	 0.012172	 0.000000	 0.010004
203	 0.004290	 0.004071	 0.000074	 0.000000	 0.000109	0.769861	 0.741136	 0.012246	 0.000000	 0.010113
204	 0.003952	 0.003808	 0.000061	 0.000000	 0.000053	0.773813	 0.744944	 0.012307	 0.000000	 0.010166
205	 0.003877	 0.003675	 0.000076	 0.000000	 0.000098	0.777690	 0.748619	 0.012383	 0.000000	 0.010264
206	 0.003363	 0.003227	 0.000050	 0.000000	 0.000055	0.781053	 0.751846	 0.012433	 0.000000	 0.010319
207	 0.003857	 0.003655	 0.000074	 0.000000	 0.000099	0.784910	 0.755501	 0.012507	 0.000000	 0.010418
208	 0.004368	 0.004238	 0.000047	 0.000000	 0.000056	0.789278	 0.759739	 0.012554	 0.000000	 0.010474
209	 0.004112	 0.003906	 0.000076	 0.000000	 0.000101	0.793390	 0.763645	 0.012630	 0.000000	 0.010575
210	 0.003972	 0.003848	 0.000048	 0.000000	 0.000051	0.797362	 0.767493	 0.012678	 0.000000	 0.010626
211	 0.004318	 0.004112	 0.000073	 0.000000	 0.000098	0.801680	 0.771605	 0.012751	 0.000000	 0.010724
212	 0.003592	 0.003473	 0.000032	 0.000000	 0.000056	0.805272	 0.775078	 0.012783	 0.000000	 0.010780
213	 0.004192	 0.003966	 0.000083	 0.000000	 0.000101	0.809464	 0.779044	 0.012866	 0.000000	 0.010881
214	 0.003957	 0.003831	 0.000053	 0.000000	 0.000048	0.813421	 0.782875	 0.012919	 0.000000	 0.010929
215	 0.003647	 0.003466	 0.000062	 0.000000	 0.000090	0.817068	 0.786341	 0.012981	 0.000000	 0.011019
216	 0.003721	 0.003593	 0.000054	 0.000000	 0.000047	0.820789	 0.789934	 0.013035	 0.000000	 0.011066
217	 0.003870	 0.003680	 0.000074	 0.000000	 0.000090	0.824659	 0.793614	 0.013109	 0.000000	 0.011156
218	 0.003943	 0.003806	 0.000050	 0.000000	 0.000046	0.828602	 0.797420	 0.013159	 0.000000	 0.011202
219	 0.003736	 0.003608	 0.000041	 0.000000	 0.000046	0.832338	 0.801028	 0.013200	 0.000000	 0.011248
220	 0.003614	 0.003498	 0.000034	 0.000000	 0.000043	0.835952	 0.804526	 0.013234	 0.000000	 0.011291
221	 0.003674	 0.003566	 0.000033	 0.000000	 0.000049	0.839626	 0.808092	 0.013267	 0.000000	 0.011340
222	 0.003972	 0.003762	 0.000084	 0.000000	 0.000094	0.843598	 0.811854	 0.013351	 0.000000	 0.011434
223	 0.003899	 0.003762	 0.000051	 0.000000	 0.000048	0.847497	 0.815616	 0.013402	 0.000000	 0.011482
224	 0.003795	 0.003673	 0.000034	 0.000000	 0.000047	0.851292	 0.819289	 0.013436	 0.000000	 0.011529
225	 0.003401	 0.003282	 0.000031	 0.000000	 0.000047	0.854693	 0.822571	 0.013467	 0.000000	 0.011576
226	 0.003495	 0.003379	 0.000033	 0.000000	 0.000045	0.858188	 0.825950	 0.013500	 0.000000	 0.011621
227	 0.003573	 0.003450	 0.000033	 0.000000	 0.000048	0.861761	 0.829400	 0.013533	 0.000000	 0.011669
228	 0.003663	 0.003546	 0.000047	 0.000000	 0.000045	0.865424	 0.832946	 0.013580	 0.000000	 0.011714
229	 0.003837	 0.003648	 0.000062	 0.000000	 0.000096	0.869261	 0.836594	 0.013642	 0.000000	 0.011810
230	 0.003565	 0.003458	 0.000033	 0.000000	 0.000048	0.872826	 0.840052	 0.013675	 0.000000	 0.011858
231	 0.003667	 0.003467	 0.000077	 0.000000	 0.000093	0.876493	 0.843519	 0.013752	 0.000000	 0.011951
232	 0.003915	 0.003795	 0.000032	 0.000000	 0.000047	0.880408	 0.847314	 0.013784	 0.000000	 0.011998
233	 0.004023	 0.003887	 0.000048	 0.000000	 0.000044	0.884431	 0.851201	 0.013832	 0.000000	 0.012042
234	 0.003876	 0.003744	 0.000044	 0.000000	 0.000044	0.888307	 0.854945	 0.013876	 0.000000	 0.012086
235	 0.003646	 0.003522	 0.000035	 0.000000	 0.000048	0.891953	 0.858467	 0.013911	 0.000000	 0.012134
236	 0.003848	 0.003726	 0.000032	 0.000000	 0.000049	0.895801	 0.862193	 0.013943	 0.000000	 0.012183
237	 0.003896	 0.003774	 0.000033	 0.000000	 0.000049	0.899697	 0.865967	 0.013976	 0.000000	 0.012232
238	 0.003585	 0.003447	 0.000049	 0.000000	 0.000050	0.903282	 0.869414	 0.014025	 0.000000	 0.012282
239	 0.003891	 0.003763	 0.000044	 0.000000	 0.000046	0.907173	 0.873177	 0.014069	 0.000000	 0.012328
240	 0.003868	 0.003751	 0.000036	 0.000000	 0.000049	0.911041	 0.876928	 0.014105	 0.000000	 0.012377
241	 0.003559	 0.003352	 0.000085	 0.000000	 0.000091	0.914600	 0.880280	 0.014190	 0.000000	 0.012468
242	 0.003693	 0.003567	 0.000051	 0.000000	 0.000047	0.918293	 0.883847	 0.014241	 0.000000	 0.012515
243	 0.004170	 0.003986	 0.000063	 0.000000	 0.000095	0.922463	 0.887833	 0.014304	 0.000000	 0.012610
244	 0.003657	 0.003523	 0.000048	 0.000000	 0.000047	0.926120	 0.891356	 0.014352	 0.000000	 0.012657
245	 0.004100	 0.003979	 0.000044	 0.000000	 0.000051	0.930220	 0.895335	 0.014396	 0.000000	 0.012708
246	 0.004028	 0.003824	 0.000075	 0.000000	 0.000097	0.934248	 0.899159	 0.014471	 0.000000	 0.012805
247	 0.003532	 0.003403	 0.000051	 0.000000	 0.000049	0.937780	 0.902562	 0.014522	 0.000000	 0.012854
248	 0.003612	 0.003414	 0.000074	 0.000000	 0.000096	0.941392	 0.905976	 0.014596	 0.000000	 0.012950
249	 0.003783	 0.003654	 0.000052	 0.000000	 0.000049	0.945175	 0.909630	 0.014648	 0.000000	 0.012999
250	 0.003807	 0.003602	 0.000080	 0.000000	 0.000094	0.948982	 0.913232	 0.014728	 0.000000	 0.013093
251	 0.003595	 0.003483	 0.000032	 0.000000	 0.000051	0.952577	 0.916715	 0.014760	 0.000000	 0.013144
252	 0.003593	 0.003379	 0.000081	 0.000000	 0.000100	0.956170	 0.920094	 0.014841	 0.000000	 0.013244
253	 0.003684	 0.003547	 0.000049	 0.000000	 0.000046	0.959854	 0.923641	 0.014890	 0.000000	 0.013290
254	 0.003895	 0.003774	 0.000034	 0.000000	 0.000046	0.963749	 0.927415	 0.014924	 0.000000	 0.013336
255	 0.003091	 0.002955	 0.000046	 0.000000	 0.000049	0.966840	 0.930370	 0.014970	 0.000000	 0.013385
256	 0.003947	 0.003807	 0.000042	 0.000000	 0.000050	0.970787	 0.934177	 0.015012	 0.000000	 0.013435
257	 0.003794	 0.003664	 0.000051	 0.000000	 0.000050	0.974581	 0.937841	 0.015063	 0.000000	 0.013485
258	 0.003853	 0.003636	 0.000078	 0.000000	 0.000110	0.978434	 0.941477	 0.015141	 0.000000	 0.013595
259	 0.004011	 0.003882	 0.000047	 0.000000	 0.000055	0.982445	 0.945359	 0.015188	 0.000000	 0.013650
260	 0.003899	 0.003683	 0.000075	 0.000000	 0.000109	0.986344	 0.949042	 0.015263	 0.000000	 0.013759
261	 0.003670	 0.003522	 0.000047	 0.000000	 0.000056	0.990014	 0.952564	 0.015310	 0.000000	 0.013815
262	 0.003485	 0.003351	 0.000044	 0.000000	 0.000052	0.993499	 0.955915	 0.015354	 0.000000	 0.013867
263	 0.003625	 0.003484	 0.000043	 0.000000	 0.000054	0.997124	 0.959399	 0.015397	 0.000000	 0.013921
264	 0.003927	 0.003815	 0.000035	 0.000000	 0.000053	1.001051	 0.963214	 0.015432	 0.000000	 0.013974
265	 0.005808	 0.004123	 0.000055	 0.001502	 0.000097	1.006859	 0.967337	 0.015487	 0.001502	 0.014071
266	 0.004883	 0.003648	 0.000034	 0.001114	 0.000052	1.011742	 0.970985	 0.015521	 0.002616	 0.014123
267	 0.005104	 0.003861	 0.000058	 0.001046	 0.000102	1.016846	 0.974846	 0.015579	 0.003662	 0.014225
268	 0.004965	 0.003869	 0.000048	 0.000971	 0.000047	1.021811	 0.978715	 0.015627	 0.004633	 0.014272
269	 0.005475	 0.003970	 0.000062	 0.001302	 0.000100	1.027286	 0.982685	 0.015689	 0.005935	 0.014372
270	 0.004721	 0.003984	 0.000049	 0.000594	 0.000061	1.032007	 0.986669	 0.015738	 0.006529	 0.014433
271	 0.005406	 0.004026	 0.000076	 0.001157	 0.000109	1.037413	 0.990695	 0.015814	 0.007686	 0.014542
272	 0.004208	 0.003420	 0.000060	 0.000623	 0.000071	1.041621	 0.994115	 0.015874	 0.008309	 0.014613
273	 0.004114	 0.003599	 0.000066	 0.000268	 0.000129	1.045735	 0.997714	 0.015940	 0.008577	 0.014742
274	 0.006530	 0.003911	 0.000033	 0.002484	 0.000053	1.052265	 1.001625	 0.015973	 0.011061	 0.014795
275	 0.004346	 0.003748	 0.000056	 0.000445	 0.000062	1.056611	 1.005373	 0.016029	 0.011506	 0.014857
276	 0.005465	 0.004143	 0.000077	 0.001101	 0.000106	1.062076	 1.009516	 0.016106	 0.012607	 0.014963
277	 0.005857	 0.003776	 0.000049	 0.001921	 0.000061	1.067933	 1.013292	 0.016155	 0.014528	 0.015024
278	 0.005092	 0.003473	 0.000079	 0.001392	 0.000077	1.073025	 1.016765	 0.016234	 0.015920	 0.015101
279	 0.003972	 0.003448	 0.000045	 0.000370	 0.000071	1.076997	 1.020213	 0.016279	 0.016290	 0.015172
280	 0.004110	 0.003577	 0.000091	 0.000271	 0.000133	1.081107	 1.023790	 0.016370	 0.016561	 0.015305
281	 0.004401	 0.003828	 0.000058	 0.000411	 0.000066	1.085508	 1.027618	 0.016428	 0.016972	 0.015371
282	 0.003722	 0.003508	 0.000068	 0.000411	 0.000115	1.089230	 1.031126	 0.016496	 0.016972	 0.015486
283	 0.004405	 0.003900	 0.000033	 0.000379	 0.000057	1.093635	 1.035026	 0.016529	 0.017351	 0.015543
284	 0.004595	 0.004031	 0.000092	 0.000310	 0.000113	1.098230	 1.039057	 0.016621	 0.017661	 0.015656
285	 0.004259	 0.003832	 0.000053	 0.000283	 0.000058	1.102489	 1.042889	 0.016674	 0.017944	 0.015714
286	 0.004063	 0.003506	 0.000074	 0.000317	 0.000116	1.106552	 1.046395	 0.016748	 0.018261	 0.015830
287	 0.003756	 0.003328	 0.000042	 0.000290	 0.000060	1.110308	 1.049723	 0.016790	 0.018551	 0.015890
288	 0.004341	 0.003805	 0.000065	 0.000319	 0.000116	1.114649	 1.053528	 0.016855	 0.018870	 0.016006
289	 0.004197	 0.003786	 0.000035	 0.000283	 0.000055	1.118846	 1.057314	 0.016890	 0.019153	 0.016061
290	 0.004300	 0.003784	 0.000059	 0.000296	 0.000121	1.123146	 1.061098	 0.016949	 0.019449	 0.016182
291	 0.004258	 0.003807	 0.000063	 0.000295	 0.000055	1.127404	 1.064905	 0.017012	 0.019744	 0.016237
292	 0.004565	 0.003934	 0.000089	 0.000396	 0.000107	1.131969	 1.068839	 0.017101	 0.020140	 0.016344
293	 0.004365	 0.003718	 0.000044	 0.000497	 0.000055	1.136334	 1.072557	 0.017145	 0.020637	 0.016399
294	 0.003946	 0.003390	 0.000054	 0.000398	 0.000059	1.140280	 1.075947	 0.017199	 0.021035	 0.016458
295	 0.004102	 0.003564	 0.000083	 0.000303	 0.000115	1.144382	 1.079511	 0.017282	 0.021338	 0.016573
296	 0.004100	 0.003476	 0.000043	 0.000496	 0.000054	1.148482	 1.082987	 0.017325	 0.021834	 0.016627
297	 0.004557	 0.003912	 0.000091	 0.000411	 0.000105	1.153039	 1.086899	 0.017416	 0.022245	 0.016732
298	 0.004547	 0.003976	 0.000058	 0.000394	 0.000060	1.157586	 1.090875	 0.017474	 0.022639	 0.016792
299	 0.004235	 0.003670	 0.000041	 0.000415	 0.000070	1.161821	 1.094545	 0.017515	 0.023054	 0.016862
300	 0.004581	 0.004045	 0.000087	 0.000300	 0.000113	1.166402	 1.098590	 0.017602	 0.023354	 0.016975
301	 0.004142	 0.003665	 0.000066	 0.000322	 0.000057	1.170544	 1.102255	 0.017668	 0.023676	 0.017032
302	 0.004763	 0.003925	 0.000079	 0.000579	 0.000108	1.175307	 1.106180	 0.017747	 0.024255	 0.017140
303	 0.004559	 0.003877	 0.000054	 0.000525	 0.000058	1.179866	 1.110057	 0.017801	 0.024780	 0.017198
304	 0.004703	 0.004162	 0.000046	 0.000402	 0.000058	1.184569	 1.114219	 0.017847	 0.025182	 0.017256
305	 0.004133	 0.003379	 0.000082	 0.000512	 0.000117	1.188702	 1.117598	 0.017929	 0.025694	 0.017373
306	 0.004549	 0.003886	 0.000035	 0.000527	 0.000055	1.193251	 1.121484	 0.017964	 0.026221	 0.017428
307	 0.004244	 0.003649	 0.000064	 0.000363	 0.000122	1.197495	 1.125133	 0.018028	 0.026584	 0.017550
308	 0.004012	 0.003334	 0.000051	 0.000530	 0.000056	1.201507	 1.128467	 0.018079	 0.027114	 0.017606
309	 0.004368	 0.003699	 0.000075	 0.000435	 0.000121	1.205875	 1.132166	 0.018154	 0.027549	 0.017727
310	 0.004411	 0.003924	 0.000062	 0.000328	 0.000061	1.210286	 1.136090	 0.018216	 0.027877	 0.017788
311	 0.004683	 0.003901	 0.000080	 0.000553	 0.000111	1.214969	 1.139991	 0.018296	 0.028430	 0.017899
312	 0.004248	 0.003478	 0.000032	 0.000648	 0.000061	1.219217	 1.143469	 0.018328	 0.029078	 0.017960
313	 0.004961	 0.004163	 0.000085	 0.000556	 0.000124	1.224178	 1.147632	 0.018413	 0.029634	 0.018084
314	 0.004074	 0.003271	 0.000056	 0.000649	 0.000060	1.228252	 1.150903	 0.018469	 0.030283	 0.018144
315	 0.004576	 0.003963	 0.000079	 0.000378	 0.000119	1.232828	 1.154866	 0.018548	 0.030661	 0.018263
316	 0.004062	 0.003406	 0.000067	 0.000499	 0.000053	1.236890	 1.158272	 0.018615	 0.031160	 0.018316
317	 0.004758	 0.004127	 0.000087	 0.000382	 0.000121	1.241648	 1.162399	 0.018702	 0.031542	 0.018437
318	 0.004369	 0.003781	 0.000048	 0.000445	 0.000062	1.246017	 1.166180	 0.018750	 0.031987	 0.018499
319	 0.004448	 0.003842	 0.000065	 0.000382	 0.000124	1.250465	 1.170022	 0.018815	 0.032369	 0.018623
320	 0.004300	 0.003508	 0.000036	 0.000673	 0.000054	1.254765	 1.173530	 0.018851	 0.033042	 0.018677
321	 0.004679	 0.003693	 0.000080	 0.000760	 0.000109	1.259444	 1.177223	 0.018931	 0.033802	 0.018786
322	 0.004556	 0.003531	 0.000053	 0.000878	 0.000057	1.264000	 1.180754	 0.018984	 0.034680	 0.018843
323	 0.003764	 0.003054	 0.000088	 0.000468	 0.000109	1.267764	 1.183808	 0.019072	 0.035148	 0.018952
324	 0.003882	 0.003411	 0.000043	 0.000332	 0.000060	1.271646	 1.187219	 0.019115	 0.035480	 0.019012
325	 0.004286	 0.003611	 0.000060	 0.000453	 0.000123	1.275932	 1.190830	 0.019175	 0.035933	 0.019135
326	 0.004355	 0.003655	 0.000033	 0.000580	 0.000053	1.280287	 1.194485	 0.019208	 0.036513	 0.019188
327	 0.004316	 0.003726	 0.000062	 0.000359	 0.000127	1.284603	 1.198211	 0.019270	 0.036872	 0.019315
328	 0.004373	 0.003674	 0.000033	 0.000579	 0.000052	1.288976	 1.201885	 0.019303	 0.037451	 0.019367
329	 0.004950	 0.003825	 0.000085	 0.000895	 0.000107	1.293926	 1.205710	 0.019388	 0.038346	 0.019474
330	 0.004720	 0.003385	 0.000051	 0.001201	 0.000052	1.298646	 1.209095	 0.019439	 0.039547	 0.019526
331	 0.004363	 0.003763	 0.000082	 0.000352	 0.000125	1.303009	 1.212858	 0.019521	 0.039899	 0.019651
332	 0.004436	 0.003921	 0.000060	 0.000352	 0.000061	1.307445	 1.216779	 0.019581	 0.040251	 0.019712
333	 0.005191	 0.003750	 0.000071	 0.001220	 0.000113	1.312636	 1.220529	 0.019652	 0.041471	 0.019825
334	 0.007166	 0.003652	 0.000049	 0.003365	 0.000067	1.319802	 1.224181	 0.019701	 0.044836	 0.019892
335	 0.004922	 0.004091	 0.000077	 0.000603	 0.000116	1.324724	 1.228272	 0.019778	 0.045439	 0.020008
336	 0.005133	 0.004169	 0.000044	 0.000823	 0.000063	1.329857	 1.232441	 0.019822	 0.046262	 0.020071
337	 0.005255	 0.003830	 0.000078	 0.001177	 0.000130	1.335112	 1.236271	 0.019900	 0.047439	 0.020201
338	 0.004843	 0.003861	 0.000050	 0.000831	 0.000066	1.339955	 1.240132	 0.019950	 0.048270	 0.020267
339	 0.006315	 0.003685	 0.000075	 0.002395	 0.000121	1.346270	 1.243817	 0.020025	 0.050665	 0.020388
340	 0.004071	 0.003416	 0.000045	 0.000492	 0.000068	1.350341	 1.247233	 0.020070	 0.051157	 0.020456
341	 0.005795	 0.003569	 0.000066	 0.002048	 0.000066	1.356136	 1.250802	 0.020136	 0.053205	 0.020522
342	 0.005668	 0.003938	 0.000059	 0.001515	 0.000122	1.361804	 1.254740	 0.020195	 0.054720	 0.020644
343	 0.005516	 0.003958	 0.000053	 0.001403	 0.000066	1.367320	 1.258698	 0.020248	 0.056123	 0.020710
344	 0.004690	 0.003934	 0.000085	 0.000503	 0.000127	1.372010	 1.262632	 0.020333	 0.056626	 0.020837
345	 0.004599	 0.003829	 0.000046	 0.000627	 0.000065	1.376609	 1.266461	 0.020379	 0.057253	 0.020902
346	 0.005325	 0.003558	 0.000061	 0.001540	 0.000125	1.381934	 1.270019	 0.020440	 0.058793	 0.021027
347	 0.005517	 0.003589	 0.000054	 0.001777	 0.000066	1.387451	 1.273608	 0.020494	 0.060570	 0.021093
348	 0.004884	 0.003919	 0.000059	 0.000751	 0.000120	1.392335	 1.277527	 0.020553	 0.061321	 0.021213
349	 0.006010	 0.003965	 0.000044	 0.001903	 0.000065	1.398345	 1.281492	 0.020597	 0.063224	 0.021278
350	 0.007154	 0.003718	 0.000076	 0.003203	 0.000122	1.405499	 1.285210	 0.020673	 0.066427	 0.021400
351	 0.006368	 0.003758	 0.000032	 0.002480	 0.000065	1.411867	 1.288968	 0.020705	 0.068907	 0.021465
352	 0.005132	 0.003803	 0.000075	 0.001096	 0.000122	1.416999	 1.292771	 0.020780	 0.070003	 0.021587
353	 0.008724	 0.004280	 0.000045	 0.004302	 0.000065	1.425723	 1.297051	 0.020825	 0.074305	 0.021652
354	 0.005145	 0.003659	 0.000079	 0.001243	 0.000127	1.430868	 1.300710	 0.020904	 0.075548	 0.021779
355	 0.005902	 0.003588	 0.000045	 0.002175	 0.000065	1.436770	 1.304298	 0.020949	 0.077723	 0.021844
356	 0.006279	 0.003516	 0.000059	 0.002550	 0.000120	1.443049	 1.307814	 0.021008	 0.080273	 0.021964
