35.596509
217.000000

30.667582
217.000000

29.983373
217.000000

32.072164
217.000000

19.299006
217.000000

30.994635
217.000000

36.165339
217.000000

31.983437
217.000000

32.996751
216.999999

34.471834
217.000000

30.202277
216.999997

35.477070
217.000000

30.613506
217.000000

28.084016
217.000000

32.160379
216.999999

35.278010
217.000000

36.065615
217.000000

35.596509
217.000000

40.099017
217.000000

33.651950
216.999998

38.043272
217.000000

36.099146
217.000000

34.390350
217.000000

41.097382
217.000000

30.450744
217.000000

36.075154
217.000000

36.185108
217.000000

29.914816
217.000000

32.777850
217.000000

38.360886
217.000000

