108.671564
167.220873

109.818517
169.394146

108.787733
176.175494

103.757550
179.161478

103.811381
166.767044

98.589921
179.127897

108.963970
169.782795

108.896353
170.668728

103.763520
179.591370

108.803074
166.170102

108.870888
162.020702

103.385584
186.922012

101.833216
177.495324

108.791071
154.887762

108.798561
170.069811

104.650018
180.919762

108.789692
181.641035

108.671564
167.220873

113.963020
172.620262

98.789178
179.288727

113.949996
176.326284

109.016076
177.078808

113.969578
175.226765

113.966697
172.985706

108.818711
169.496583

108.976339
180.112653

108.344871
171.029565

103.659786
169.062031

108.543170
166.292487

113.965454
175.383162

