Iter	 Iter_time	 Master	 Subprob	 Full_Test	 argmax	Iter_acc	 Master_acc	 Subprob_acc	 Full_Test_acc	 argmax_acc
1	 0.000707	 0.000485	 0.000147	 0.000000	 0.000042	0.000707	 0.000485	 0.000147	 0.000000	 0.000042
2	 0.002648	 0.002448	 0.000102	 0.000000	 0.000048	0.003355	 0.002933	 0.000249	 0.000000	 0.000090
3	 0.003620	 0.003494	 0.000063	 0.000000	 0.000028	0.006975	 0.006427	 0.000312	 0.000000	 0.000118
4	 0.003646	 0.003449	 0.000107	 0.000000	 0.000038	0.010621	 0.009876	 0.000419	 0.000000	 0.000156
5	 0.003629	 0.003479	 0.000085	 0.000000	 0.000027	0.014250	 0.013355	 0.000504	 0.000000	 0.000183
6	 0.004260	 0.004038	 0.000119	 0.000000	 0.000058	0.018510	 0.017393	 0.000623	 0.000000	 0.000241
7	 0.004074	 0.003930	 0.000081	 0.000000	 0.000028	0.022584	 0.021323	 0.000704	 0.000000	 0.000269
8	 0.003734	 0.003539	 0.000114	 0.000000	 0.000042	0.026318	 0.024862	 0.000818	 0.000000	 0.000311
9	 0.003075	 0.002951	 0.000064	 0.000000	 0.000023	0.029393	 0.027813	 0.000882	 0.000000	 0.000334
10	 0.003826	 0.003544	 0.000148	 0.000000	 0.000061	0.033219	 0.031357	 0.001030	 0.000000	 0.000395
11	 0.003384	 0.003155	 0.000128	 0.000000	 0.000041	0.036603	 0.034512	 0.001158	 0.000000	 0.000436
12	 0.004278	 0.004058	 0.000122	 0.000000	 0.000049	0.040881	 0.038570	 0.001280	 0.000000	 0.000485
13	 0.004009	 0.003871	 0.000073	 0.000000	 0.000028	0.044890	 0.042441	 0.001353	 0.000000	 0.000513
14	 0.003629	 0.003427	 0.000108	 0.000000	 0.000042	0.048519	 0.045868	 0.001461	 0.000000	 0.000555
15	 0.004171	 0.004037	 0.000070	 0.000000	 0.000029	0.052690	 0.049905	 0.001531	 0.000000	 0.000584
16	 0.003567	 0.003372	 0.000114	 0.000000	 0.000043	0.056257	 0.053277	 0.001645	 0.000000	 0.000627
17	 0.003313	 0.003189	 0.000061	 0.000000	 0.000026	0.059570	 0.056466	 0.001706	 0.000000	 0.000653
18	 0.003871	 0.003683	 0.000099	 0.000000	 0.000046	0.063441	 0.060149	 0.001805	 0.000000	 0.000699
19	 0.003860	 0.003698	 0.000078	 0.000000	 0.000043	0.067301	 0.063847	 0.001883	 0.000000	 0.000742
20	 0.004328	 0.004141	 0.000102	 0.000000	 0.000045	0.071629	 0.067988	 0.001985	 0.000000	 0.000787
21	 0.003564	 0.003458	 0.000044	 0.000000	 0.000027	0.075193	 0.071446	 0.002029	 0.000000	 0.000814
22	 0.003970	 0.003736	 0.000139	 0.000000	 0.000048	0.079163	 0.075182	 0.002168	 0.000000	 0.000862
23	 0.004126	 0.003926	 0.000089	 0.000000	 0.000042	0.083289	 0.079108	 0.002257	 0.000000	 0.000904
24	 0.004109	 0.003912	 0.000102	 0.000000	 0.000040	0.087398	 0.083020	 0.002359	 0.000000	 0.000944
25	 0.004832	 0.004527	 0.000161	 0.000000	 0.000071	0.092230	 0.087547	 0.002520	 0.000000	 0.001015
26	 0.004027	 0.003807	 0.000118	 0.000000	 0.000046	0.096257	 0.091354	 0.002638	 0.000000	 0.001061
27	 0.003676	 0.003405	 0.000119	 0.000000	 0.000067	0.099933	 0.094759	 0.002757	 0.000000	 0.001128
28	 0.004513	 0.004297	 0.000109	 0.000000	 0.000048	0.104446	 0.099056	 0.002866	 0.000000	 0.001176
29	 0.004414	 0.004126	 0.000146	 0.000000	 0.000072	0.108860	 0.103182	 0.003012	 0.000000	 0.001248
30	 0.003992	 0.003814	 0.000100	 0.000000	 0.000035	0.112852	 0.106996	 0.003112	 0.000000	 0.001283
31	 0.004172	 0.003989	 0.000100	 0.000000	 0.000047	0.117024	 0.110985	 0.003212	 0.000000	 0.001330
32	 0.004570	 0.004477	 0.000039	 0.000000	 0.000026	0.121594	 0.115462	 0.003251	 0.000000	 0.001356
33	 0.004521	 0.004380	 0.000064	 0.000000	 0.000044	0.126115	 0.119842	 0.003315	 0.000000	 0.001400
34	 0.003934	 0.003794	 0.000053	 0.000000	 0.000040	0.130049	 0.123636	 0.003368	 0.000000	 0.001440
35	 0.002656	 0.002369	 0.000119	 0.000000	 0.000081	0.132705	 0.126005	 0.003487	 0.000000	 0.001521
36	 0.003821	 0.003651	 0.000067	 0.000000	 0.000047	0.136526	 0.129656	 0.003554	 0.000000	 0.001568
37	 0.003417	 0.003106	 0.000171	 0.000000	 0.000080	0.139943	 0.132762	 0.003725	 0.000000	 0.001648
38	 0.003361	 0.003194	 0.000068	 0.000000	 0.000046	0.143304	 0.135956	 0.003793	 0.000000	 0.001694
39	 0.003241	 0.002940	 0.000158	 0.000000	 0.000078	0.146545	 0.138896	 0.003951	 0.000000	 0.001772
40	 0.002882	 0.002681	 0.000104	 0.000000	 0.000045	0.149427	 0.141577	 0.004055	 0.000000	 0.001817
41	 0.003086	 0.002800	 0.000151	 0.000000	 0.000077	0.152513	 0.144377	 0.004206	 0.000000	 0.001894
42	 0.004435	 0.004252	 0.000091	 0.000000	 0.000042	0.156948	 0.148629	 0.004297	 0.000000	 0.001936
43	 0.004604	 0.004282	 0.000170	 0.000000	 0.000083	0.161552	 0.152911	 0.004467	 0.000000	 0.002019
44	 0.004059	 0.003869	 0.000094	 0.000000	 0.000048	0.165611	 0.156780	 0.004561	 0.000000	 0.002067
45	 0.003760	 0.003548	 0.000113	 0.000000	 0.000055	0.169371	 0.160328	 0.004674	 0.000000	 0.002122
46	 0.004035	 0.003900	 0.000061	 0.000000	 0.000031	0.173406	 0.164228	 0.004735	 0.000000	 0.002153
47	 0.003653	 0.003346	 0.000162	 0.000000	 0.000084	0.177059	 0.167574	 0.004897	 0.000000	 0.002237
48	 0.003328	 0.003111	 0.000109	 0.000000	 0.000051	0.180387	 0.170685	 0.005006	 0.000000	 0.002288
49	 0.004484	 0.004250	 0.000127	 0.000000	 0.000064	0.184871	 0.174935	 0.005133	 0.000000	 0.002352
50	 0.004333	 0.004156	 0.000087	 0.000000	 0.000044	0.189204	 0.179091	 0.005220	 0.000000	 0.002396
51	 0.004519	 0.004284	 0.000130	 0.000000	 0.000061	0.193723	 0.183375	 0.005350	 0.000000	 0.002457
52	 0.003895	 0.003757	 0.000046	 0.000000	 0.000059	0.197618	 0.187132	 0.005396	 0.000000	 0.002516
53	 0.003957	 0.003753	 0.000071	 0.000000	 0.000075	0.201575	 0.190885	 0.005467	 0.000000	 0.002591
54	 0.003941	 0.003758	 0.000093	 0.000000	 0.000046	0.205516	 0.194643	 0.005560	 0.000000	 0.002637
55	 0.003642	 0.003373	 0.000138	 0.000000	 0.000086	0.209158	 0.198016	 0.005698	 0.000000	 0.002723
56	 0.003616	 0.003471	 0.000061	 0.000000	 0.000043	0.212774	 0.201487	 0.005759	 0.000000	 0.002766
57	 0.003962	 0.003744	 0.000104	 0.000000	 0.000070	0.216736	 0.205231	 0.005863	 0.000000	 0.002836
58	 0.004278	 0.004144	 0.000051	 0.000000	 0.000043	0.221014	 0.209375	 0.005914	 0.000000	 0.002879
59	 0.004413	 0.004214	 0.000084	 0.000000	 0.000076	0.225427	 0.213589	 0.005998	 0.000000	 0.002955
60	 0.004353	 0.004187	 0.000093	 0.000000	 0.000033	0.229780	 0.217776	 0.006091	 0.000000	 0.002988
61	 0.004327	 0.004102	 0.000114	 0.000000	 0.000069	0.234107	 0.221878	 0.006205	 0.000000	 0.003057
62	 0.003765	 0.003632	 0.000061	 0.000000	 0.000040	0.237872	 0.225510	 0.006266	 0.000000	 0.003097
63	 0.004525	 0.004359	 0.000068	 0.000000	 0.000054	0.242397	 0.229869	 0.006334	 0.000000	 0.003151
64	 0.003917	 0.003771	 0.000061	 0.000000	 0.000038	0.246314	 0.233640	 0.006395	 0.000000	 0.003189
65	 0.003541	 0.003309	 0.000122	 0.000000	 0.000065	0.249855	 0.236949	 0.006517	 0.000000	 0.003254
66	 0.003825	 0.003648	 0.000077	 0.000000	 0.000042	0.253680	 0.240597	 0.006594	 0.000000	 0.003296
67	 0.004139	 0.003990	 0.000060	 0.000000	 0.000051	0.257819	 0.244587	 0.006654	 0.000000	 0.003347
68	 0.004103	 0.003940	 0.000069	 0.000000	 0.000056	0.261922	 0.248527	 0.006723	 0.000000	 0.003403
69	 0.003948	 0.003801	 0.000073	 0.000000	 0.000034	0.265870	 0.252328	 0.006796	 0.000000	 0.003437
70	 0.003942	 0.003727	 0.000110	 0.000000	 0.000061	0.269812	 0.256055	 0.006906	 0.000000	 0.003498
71	 0.003068	 0.002926	 0.000049	 0.000000	 0.000051	0.272880	 0.258981	 0.006955	 0.000000	 0.003549
72	 0.003300	 0.003072	 0.000083	 0.000000	 0.000077	0.276180	 0.262053	 0.007038	 0.000000	 0.003626
73	 0.003616	 0.003369	 0.000113	 0.000000	 0.000079	0.279796	 0.265422	 0.007151	 0.000000	 0.003705
74	 0.005181	 0.004888	 0.000122	 0.000000	 0.000117	0.284977	 0.270310	 0.007273	 0.000000	 0.003822
75	 0.004349	 0.004182	 0.000084	 0.000000	 0.000038	0.289326	 0.274492	 0.007357	 0.000000	 0.003860
76	 0.005398	 0.005211	 0.000080	 0.000000	 0.000061	0.294724	 0.279703	 0.007437	 0.000000	 0.003921
77	 0.004630	 0.004499	 0.000051	 0.000000	 0.000039	0.299354	 0.284202	 0.007488	 0.000000	 0.003960
78	 0.004365	 0.004144	 0.000117	 0.000000	 0.000063	0.303719	 0.288346	 0.007605	 0.000000	 0.004023
79	 0.003288	 0.003138	 0.000071	 0.000000	 0.000038	0.307007	 0.291484	 0.007676	 0.000000	 0.004061
80	 0.005272	 0.004937	 0.000172	 0.000000	 0.000102	0.312279	 0.296421	 0.007848	 0.000000	 0.004163
81	 0.004727	 0.004521	 0.000100	 0.000000	 0.000058	0.317006	 0.300942	 0.007948	 0.000000	 0.004221
82	 0.005165	 0.004945	 0.000111	 0.000000	 0.000065	0.322171	 0.305887	 0.008059	 0.000000	 0.004286
83	 0.005095	 0.004976	 0.000049	 0.000000	 0.000033	0.327266	 0.310863	 0.008108	 0.000000	 0.004319
84	 0.004947	 0.004772	 0.000068	 0.000000	 0.000062	0.332213	 0.315635	 0.008176	 0.000000	 0.004381
85	 0.004829	 0.004606	 0.000107	 0.000000	 0.000060	0.337042	 0.320241	 0.008283	 0.000000	 0.004441
86	 0.003831	 0.003632	 0.000087	 0.000000	 0.000065	0.340873	 0.323873	 0.008370	 0.000000	 0.004506
87	 0.003587	 0.003450	 0.000069	 0.000000	 0.000034	0.344460	 0.327323	 0.008439	 0.000000	 0.004540
88	 0.003528	 0.003335	 0.000094	 0.000000	 0.000061	0.347988	 0.330658	 0.008533	 0.000000	 0.004601
89	 0.003489	 0.003363	 0.000058	 0.000000	 0.000033	0.351477	 0.334021	 0.008591	 0.000000	 0.004634
90	 0.003737	 0.003519	 0.000111	 0.000000	 0.000063	0.355214	 0.337540	 0.008702	 0.000000	 0.004697
91	 0.003750	 0.003634	 0.000053	 0.000000	 0.000032	0.358964	 0.341174	 0.008755	 0.000000	 0.004729
92	 0.003527	 0.003345	 0.000089	 0.000000	 0.000061	0.362491	 0.344519	 0.008844	 0.000000	 0.004790
93	 0.003299	 0.003187	 0.000053	 0.000000	 0.000029	0.365790	 0.347706	 0.008897	 0.000000	 0.004819
94	 0.003155	 0.002974	 0.000084	 0.000000	 0.000061	0.368945	 0.350680	 0.008981	 0.000000	 0.004880
95	 0.003171	 0.003043	 0.000058	 0.000000	 0.000035	0.372116	 0.353723	 0.009039	 0.000000	 0.004915
96	 0.003578	 0.003415	 0.000069	 0.000000	 0.000057	0.375694	 0.357138	 0.009108	 0.000000	 0.004972
97	 0.003351	 0.003201	 0.000056	 0.000000	 0.000052	0.379045	 0.360339	 0.009164	 0.000000	 0.005024
98	 0.003383	 0.003189	 0.000099	 0.000000	 0.000059	0.382428	 0.363528	 0.009263	 0.000000	 0.005083
99	 0.003275	 0.003137	 0.000068	 0.000000	 0.000035	0.385703	 0.366665	 0.009331	 0.000000	 0.005118
100	 0.003167	 0.002932	 0.000111	 0.000000	 0.000068	0.388870	 0.369597	 0.009442	 0.000000	 0.005186
101	 0.003123	 0.002921	 0.000112	 0.000000	 0.000048	0.391993	 0.372518	 0.009554	 0.000000	 0.005234
102	 0.003444	 0.003207	 0.000097	 0.000000	 0.000066	0.395437	 0.375725	 0.009651	 0.000000	 0.005300
103	 0.003423	 0.003300	 0.000056	 0.000000	 0.000034	0.398860	 0.379025	 0.009707	 0.000000	 0.005334
104	 0.003464	 0.003299	 0.000070	 0.000000	 0.000061	0.402324	 0.382324	 0.009777	 0.000000	 0.005395
105	 0.003282	 0.003147	 0.000060	 0.000000	 0.000046	0.405606	 0.385471	 0.009837	 0.000000	 0.005441
106	 0.003377	 0.003175	 0.000094	 0.000000	 0.000073	0.408983	 0.388646	 0.009931	 0.000000	 0.005514
107	 0.003791	 0.003690	 0.000037	 0.000000	 0.000034	0.412774	 0.392336	 0.009968	 0.000000	 0.005548
108	 0.003324	 0.003152	 0.000072	 0.000000	 0.000064	0.416098	 0.395488	 0.010040	 0.000000	 0.005612
109	 0.003304	 0.003190	 0.000039	 0.000000	 0.000045	0.419402	 0.398678	 0.010079	 0.000000	 0.005657
110	 0.003595	 0.003402	 0.000064	 0.000000	 0.000072	0.422997	 0.402080	 0.010143	 0.000000	 0.005729
111	 0.003381	 0.003224	 0.000079	 0.000000	 0.000040	0.426378	 0.405304	 0.010222	 0.000000	 0.005769
112	 0.003334	 0.003150	 0.000085	 0.000000	 0.000065	0.429712	 0.408454	 0.010307	 0.000000	 0.005834
113	 0.003276	 0.003146	 0.000057	 0.000000	 0.000042	0.432988	 0.411600	 0.010364	 0.000000	 0.005876
114	 0.004333	 0.004118	 0.000080	 0.000000	 0.000079	0.437321	 0.415718	 0.010444	 0.000000	 0.005955
115	 0.003786	 0.003631	 0.000068	 0.000000	 0.000038	0.441107	 0.419349	 0.010512	 0.000000	 0.005993
116	 0.003258	 0.003121	 0.000065	 0.000000	 0.000036	0.444365	 0.422470	 0.010577	 0.000000	 0.006029
117	 0.003645	 0.003456	 0.000087	 0.000000	 0.000063	0.448010	 0.425926	 0.010664	 0.000000	 0.006092
118	 0.003994	 0.003772	 0.000104	 0.000000	 0.000061	0.452004	 0.429698	 0.010768	 0.000000	 0.006153
119	 0.003514	 0.003300	 0.000105	 0.000000	 0.000068	0.455518	 0.432998	 0.010873	 0.000000	 0.006221
120	 0.003122	 0.003019	 0.000038	 0.000000	 0.000035	0.458640	 0.436017	 0.010911	 0.000000	 0.006256
121	 0.003388	 0.003223	 0.000066	 0.000000	 0.000065	0.462028	 0.439240	 0.010977	 0.000000	 0.006321
122	 0.003352	 0.003251	 0.000037	 0.000000	 0.000036	0.465380	 0.442491	 0.011014	 0.000000	 0.006357
123	 0.003611	 0.003414	 0.000100	 0.000000	 0.000064	0.468991	 0.445905	 0.011114	 0.000000	 0.006421
124	 0.003288	 0.003172	 0.000056	 0.000000	 0.000031	0.472279	 0.449077	 0.011170	 0.000000	 0.006452
125	 0.003331	 0.003136	 0.000092	 0.000000	 0.000065	0.475610	 0.452213	 0.011262	 0.000000	 0.006517
126	 0.003401	 0.003277	 0.000057	 0.000000	 0.000032	0.479011	 0.455490	 0.011319	 0.000000	 0.006549
127	 0.004821	 0.004524	 0.000119	 0.000000	 0.000112	0.483832	 0.460014	 0.011438	 0.000000	 0.006661
128	 0.004065	 0.003824	 0.000107	 0.000000	 0.000070	0.487897	 0.463838	 0.011545	 0.000000	 0.006731
129	 0.003872	 0.003504	 0.000171	 0.000000	 0.000122	0.491769	 0.467342	 0.011716	 0.000000	 0.006853
130	 0.003593	 0.003341	 0.000110	 0.000000	 0.000066	0.495362	 0.470683	 0.011826	 0.000000	 0.006919
131	 0.003475	 0.003340	 0.000061	 0.000000	 0.000036	0.498837	 0.474023	 0.011887	 0.000000	 0.006955
132	 0.003404	 0.003226	 0.000075	 0.000000	 0.000066	0.502241	 0.477249	 0.011962	 0.000000	 0.007021
133	 0.003120	 0.002975	 0.000066	 0.000000	 0.000042	0.505361	 0.480224	 0.012028	 0.000000	 0.007063
134	 0.003366	 0.003191	 0.000070	 0.000000	 0.000068	0.508727	 0.483415	 0.012098	 0.000000	 0.007131
135	 0.003413	 0.003314	 0.000035	 0.000000	 0.000035	0.512140	 0.486729	 0.012133	 0.000000	 0.007166
136	 0.003318	 0.003156	 0.000062	 0.000000	 0.000066	0.515458	 0.489885	 0.012195	 0.000000	 0.007232
137	 0.003393	 0.003287	 0.000039	 0.000000	 0.000037	0.518851	 0.493172	 0.012234	 0.000000	 0.007269
138	 0.003331	 0.003168	 0.000063	 0.000000	 0.000066	0.522182	 0.496340	 0.012297	 0.000000	 0.007335
139	 0.003479	 0.003356	 0.000062	 0.000000	 0.000032	0.525661	 0.499696	 0.012359	 0.000000	 0.007367
140	 0.003402	 0.003203	 0.000095	 0.000000	 0.000070	0.529063	 0.502899	 0.012454	 0.000000	 0.007437
141	 0.003697	 0.003562	 0.000061	 0.000000	 0.000039	0.532760	 0.506461	 0.012515	 0.000000	 0.007476
142	 0.003368	 0.003184	 0.000086	 0.000000	 0.000065	0.536128	 0.509645	 0.012601	 0.000000	 0.007541
143	 0.003240	 0.003117	 0.000055	 0.000000	 0.000036	0.539368	 0.512762	 0.012656	 0.000000	 0.007577
144	 0.003385	 0.003187	 0.000088	 0.000000	 0.000071	0.542753	 0.515949	 0.012744	 0.000000	 0.007648
145	 0.003518	 0.003397	 0.000052	 0.000000	 0.000036	0.546271	 0.519346	 0.012796	 0.000000	 0.007684
146	 0.003421	 0.003251	 0.000066	 0.000000	 0.000068	0.549692	 0.522597	 0.012862	 0.000000	 0.007752
147	 0.003659	 0.003522	 0.000064	 0.000000	 0.000039	0.553351	 0.526119	 0.012926	 0.000000	 0.007791
148	 0.003444	 0.003218	 0.000106	 0.000000	 0.000077	0.556795	 0.529337	 0.013032	 0.000000	 0.007868
149	 0.003383	 0.003279	 0.000037	 0.000000	 0.000036	0.560178	 0.532616	 0.013069	 0.000000	 0.007904
150	 0.003410	 0.003242	 0.000065	 0.000000	 0.000068	0.563588	 0.535858	 0.013134	 0.000000	 0.007972
151	 0.003380	 0.003238	 0.000069	 0.000000	 0.000039	0.566968	 0.539096	 0.013203	 0.000000	 0.008011
152	 0.002808	 0.002571	 0.000115	 0.000000	 0.000077	0.569776	 0.541667	 0.013318	 0.000000	 0.008088
153	 0.003500	 0.003326	 0.000081	 0.000000	 0.000045	0.573276	 0.544993	 0.013399	 0.000000	 0.008133
154	 0.003771	 0.003516	 0.000119	 0.000000	 0.000083	0.577047	 0.548509	 0.013518	 0.000000	 0.008216
155	 0.003614	 0.003453	 0.000075	 0.000000	 0.000044	0.580661	 0.551962	 0.013593	 0.000000	 0.008260
156	 0.003428	 0.003197	 0.000111	 0.000000	 0.000076	0.584089	 0.555159	 0.013704	 0.000000	 0.008336
157	 0.003955	 0.003777	 0.000080	 0.000000	 0.000056	0.588044	 0.558936	 0.013784	 0.000000	 0.008392
158	 0.003386	 0.003181	 0.000094	 0.000000	 0.000073	0.591430	 0.562117	 0.013878	 0.000000	 0.008465
159	 0.003774	 0.003646	 0.000057	 0.000000	 0.000039	0.595204	 0.565763	 0.013935	 0.000000	 0.008504
160	 0.003534	 0.003295	 0.000106	 0.000000	 0.000092	0.598738	 0.569058	 0.014041	 0.000000	 0.008596
161	 0.003858	 0.003710	 0.000059	 0.000000	 0.000052	0.602596	 0.572768	 0.014100	 0.000000	 0.008648
162	 0.003542	 0.003307	 0.000102	 0.000000	 0.000089	0.606138	 0.576075	 0.014202	 0.000000	 0.008737
163	 0.004080	 0.003830	 0.000102	 0.000000	 0.000090	0.610218	 0.579905	 0.014304	 0.000000	 0.008827
164	 0.003001	 0.002736	 0.000116	 0.000000	 0.000101	0.613219	 0.582641	 0.014420	 0.000000	 0.008928
165	 0.003414	 0.003247	 0.000070	 0.000000	 0.000058	0.616633	 0.585888	 0.014490	 0.000000	 0.008986
166	 0.004142	 0.003847	 0.000099	 0.000000	 0.000137	0.620775	 0.589735	 0.014589	 0.000000	 0.009123
167	 0.004545	 0.004314	 0.000109	 0.000000	 0.000065	0.625320	 0.594049	 0.014698	 0.000000	 0.009188
168	 0.004358	 0.003946	 0.000183	 0.000000	 0.000163	0.629678	 0.597995	 0.014881	 0.000000	 0.009351
169	 0.003949	 0.003679	 0.000111	 0.000000	 0.000098	0.633627	 0.601674	 0.014992	 0.000000	 0.009449
170	 0.004010	 0.003641	 0.000154	 0.000000	 0.000150	0.637637	 0.605315	 0.015146	 0.000000	 0.009599
171	 0.003962	 0.003803	 0.000055	 0.000000	 0.000061	0.641599	 0.609118	 0.015201	 0.000000	 0.009660
172	 0.003773	 0.003533	 0.000109	 0.000000	 0.000091	0.645372	 0.612651	 0.015310	 0.000000	 0.009751
173	 0.003765	 0.003596	 0.000069	 0.000000	 0.000059	0.649137	 0.616247	 0.015379	 0.000000	 0.009810
174	 0.003710	 0.003490	 0.000082	 0.000000	 0.000093	0.652847	 0.619737	 0.015461	 0.000000	 0.009903
175	 0.003717	 0.003579	 0.000043	 0.000000	 0.000053	0.656564	 0.623316	 0.015504	 0.000000	 0.009956
176	 0.003653	 0.003413	 0.000107	 0.000000	 0.000090	0.660217	 0.626729	 0.015611	 0.000000	 0.010046
177	 0.003670	 0.003510	 0.000067	 0.000000	 0.000055	0.663887	 0.630239	 0.015678	 0.000000	 0.010101
178	 0.003686	 0.003478	 0.000078	 0.000000	 0.000091	0.667573	 0.633717	 0.015756	 0.000000	 0.010192
179	 0.003567	 0.003413	 0.000062	 0.000000	 0.000053	0.671140	 0.637130	 0.015818	 0.000000	 0.010245
180	 0.003980	 0.003721	 0.000113	 0.000000	 0.000102	0.675120	 0.640851	 0.015931	 0.000000	 0.010347
181	 0.003918	 0.003785	 0.000044	 0.000000	 0.000055	0.679038	 0.644636	 0.015975	 0.000000	 0.010402
182	 0.004117	 0.003897	 0.000075	 0.000000	 0.000099	0.683155	 0.648533	 0.016050	 0.000000	 0.010501
183	 0.004157	 0.003981	 0.000081	 0.000000	 0.000058	0.687312	 0.652514	 0.016131	 0.000000	 0.010559
184	 0.004012	 0.003772	 0.000101	 0.000000	 0.000095	0.691324	 0.656286	 0.016232	 0.000000	 0.010654
185	 0.004036	 0.003865	 0.000070	 0.000000	 0.000060	0.695360	 0.660151	 0.016302	 0.000000	 0.010714
186	 0.003707	 0.003463	 0.000103	 0.000000	 0.000099	0.699067	 0.663614	 0.016405	 0.000000	 0.010813
187	 0.003831	 0.003648	 0.000074	 0.000000	 0.000064	0.702898	 0.667262	 0.016479	 0.000000	 0.010877
188	 0.003780	 0.003535	 0.000106	 0.000000	 0.000096	0.706678	 0.670797	 0.016585	 0.000000	 0.010973
189	 0.003895	 0.003692	 0.000072	 0.000000	 0.000089	0.710573	 0.674489	 0.016657	 0.000000	 0.011062
190	 0.003779	 0.003542	 0.000099	 0.000000	 0.000095	0.714352	 0.678031	 0.016756	 0.000000	 0.011157
191	 0.003915	 0.003753	 0.000065	 0.000000	 0.000056	0.718267	 0.681784	 0.016821	 0.000000	 0.011213
192	 0.003752	 0.003527	 0.000081	 0.000000	 0.000096	0.722019	 0.685311	 0.016902	 0.000000	 0.011309
193	 0.003958	 0.003781	 0.000061	 0.000000	 0.000078	0.725977	 0.689092	 0.016963	 0.000000	 0.011387
194	 0.003708	 0.003461	 0.000110	 0.000000	 0.000097	0.729685	 0.692553	 0.017073	 0.000000	 0.011484
195	 0.003881	 0.003713	 0.000068	 0.000000	 0.000060	0.733566	 0.696266	 0.017141	 0.000000	 0.011544
196	 0.003852	 0.003615	 0.000099	 0.000000	 0.000098	0.737418	 0.699881	 0.017240	 0.000000	 0.011642
197	 0.004088	 0.003929	 0.000066	 0.000000	 0.000056	0.741506	 0.703810	 0.017306	 0.000000	 0.011698
198	 0.004080	 0.003745	 0.000136	 0.000000	 0.000144	0.745586	 0.707555	 0.017442	 0.000000	 0.011842
199	 0.003780	 0.003600	 0.000075	 0.000000	 0.000063	0.749366	 0.711155	 0.017517	 0.000000	 0.011905
200	 0.003868	 0.003591	 0.000116	 0.000000	 0.000107	0.753234	 0.714746	 0.017633	 0.000000	 0.012012
201	 0.003809	 0.003584	 0.000085	 0.000000	 0.000094	0.757043	 0.718330	 0.017718	 0.000000	 0.012106
202	 0.003906	 0.003631	 0.000105	 0.000000	 0.000102	0.760949	 0.721961	 0.017823	 0.000000	 0.012208
203	 0.003813	 0.003663	 0.000047	 0.000000	 0.000060	0.764762	 0.725624	 0.017870	 0.000000	 0.012268
204	 0.003769	 0.003530	 0.000104	 0.000000	 0.000093	0.768531	 0.729154	 0.017974	 0.000000	 0.012361
205	 0.003688	 0.003531	 0.000062	 0.000000	 0.000055	0.772219	 0.732685	 0.018036	 0.000000	 0.012416
206	 0.003628	 0.003386	 0.000101	 0.000000	 0.000100	0.775847	 0.736071	 0.018137	 0.000000	 0.012516
207	 0.003509	 0.003372	 0.000044	 0.000000	 0.000057	0.779356	 0.739443	 0.018181	 0.000000	 0.012573
208	 0.003661	 0.003418	 0.000105	 0.000000	 0.000096	0.783017	 0.742861	 0.018286	 0.000000	 0.012669
209	 0.003824	 0.003668	 0.000063	 0.000000	 0.000058	0.786841	 0.746529	 0.018349	 0.000000	 0.012727
210	 0.003635	 0.003383	 0.000108	 0.000000	 0.000100	0.790476	 0.749912	 0.018457	 0.000000	 0.012827
211	 0.004442	 0.004275	 0.000065	 0.000000	 0.000056	0.794918	 0.754187	 0.018522	 0.000000	 0.012883
212	 0.004340	 0.003957	 0.000130	 0.000000	 0.000168	0.799258	 0.758144	 0.018652	 0.000000	 0.013051
213	 0.004602	 0.004299	 0.000107	 0.000000	 0.000127	0.803860	 0.762443	 0.018759	 0.000000	 0.013178
214	 0.004733	 0.004325	 0.000164	 0.000000	 0.000171	0.808593	 0.766768	 0.018923	 0.000000	 0.013349
215	 0.003911	 0.003589	 0.000132	 0.000000	 0.000110	0.812504	 0.770357	 0.019055	 0.000000	 0.013459
216	 0.004008	 0.003588	 0.000168	 0.000000	 0.000177	0.816512	 0.773945	 0.019223	 0.000000	 0.013636
217	 0.004514	 0.004257	 0.000076	 0.000000	 0.000125	0.821026	 0.778202	 0.019299	 0.000000	 0.013761
218	 0.004253	 0.003818	 0.000177	 0.000000	 0.000185	0.825279	 0.782020	 0.019476	 0.000000	 0.013946
219	 0.003971	 0.003724	 0.000070	 0.000000	 0.000105	0.829250	 0.785744	 0.019546	 0.000000	 0.014051
220	 0.004176	 0.003807	 0.000124	 0.000000	 0.000172	0.833426	 0.789551	 0.019670	 0.000000	 0.014223
221	 0.003846	 0.003610	 0.000069	 0.000000	 0.000103	0.837272	 0.793161	 0.019739	 0.000000	 0.014326
222	 0.004115	 0.003684	 0.000179	 0.000000	 0.000178	0.841387	 0.796845	 0.019918	 0.000000	 0.014504
223	 0.003835	 0.003540	 0.000113	 0.000000	 0.000115	0.845222	 0.800385	 0.020031	 0.000000	 0.014619
224	 0.004603	 0.004199	 0.000155	 0.000000	 0.000178	0.849825	 0.804584	 0.020186	 0.000000	 0.014797
225	 0.004015	 0.003682	 0.000127	 0.000000	 0.000134	0.853840	 0.808266	 0.020313	 0.000000	 0.014931
226	 0.004438	 0.004020	 0.000152	 0.000000	 0.000194	0.858278	 0.812286	 0.020465	 0.000000	 0.015125
227	 0.004475	 0.004166	 0.000076	 0.000000	 0.000160	0.862753	 0.816452	 0.020541	 0.000000	 0.015285
228	 0.004258	 0.003850	 0.000166	 0.000000	 0.000183	0.867011	 0.820302	 0.020707	 0.000000	 0.015468
229	 0.005303	 0.005103	 0.000084	 0.000000	 0.000070	0.872314	 0.825405	 0.020791	 0.000000	 0.015538
230	 0.005317	 0.005079	 0.000083	 0.000000	 0.000109	0.877631	 0.830484	 0.020874	 0.000000	 0.015647
231	 0.005461	 0.005279	 0.000081	 0.000000	 0.000064	0.883092	 0.835763	 0.020955	 0.000000	 0.015711
232	 0.004968	 0.004729	 0.000082	 0.000000	 0.000108	0.888060	 0.840492	 0.021037	 0.000000	 0.015819
233	 0.003834	 0.003642	 0.000080	 0.000000	 0.000066	0.891894	 0.844134	 0.021117	 0.000000	 0.015885
234	 0.003896	 0.003485	 0.000179	 0.000000	 0.000170	0.895790	 0.847619	 0.021296	 0.000000	 0.016055
235	 0.003896	 0.003739	 0.000044	 0.000000	 0.000049	0.899686	 0.851358	 0.021340	 0.000000	 0.016104
236	 0.003551	 0.003359	 0.000087	 0.000000	 0.000057	0.903237	 0.854717	 0.021427	 0.000000	 0.016161
237	 0.002431	 0.002193	 0.000102	 0.000000	 0.000094	0.905668	 0.856910	 0.021529	 0.000000	 0.016255
238	 0.002496	 0.002326	 0.000068	 0.000000	 0.000064	0.908164	 0.859236	 0.021597	 0.000000	 0.016319
239	 0.003609	 0.003379	 0.000084	 0.000000	 0.000105	0.911773	 0.862615	 0.021681	 0.000000	 0.016424
240	 0.003434	 0.003248	 0.000077	 0.000000	 0.000065	0.915207	 0.865863	 0.021758	 0.000000	 0.016489
241	 0.004132	 0.003809	 0.000125	 0.000000	 0.000140	0.919339	 0.869672	 0.021883	 0.000000	 0.016629
242	 0.003780	 0.003516	 0.000138	 0.000000	 0.000068	0.923119	 0.873188	 0.022021	 0.000000	 0.016697
243	 0.004040	 0.003766	 0.000090	 0.000000	 0.000128	0.927159	 0.876954	 0.022111	 0.000000	 0.016825
244	 0.004181	 0.003913	 0.000099	 0.000000	 0.000112	0.931340	 0.880867	 0.022210	 0.000000	 0.016937
245	 0.003003	 0.002764	 0.000084	 0.000000	 0.000111	0.934343	 0.883631	 0.022294	 0.000000	 0.017048
246	 0.002475	 0.002251	 0.000099	 0.000000	 0.000078	0.936818	 0.885882	 0.022393	 0.000000	 0.017126
247	 0.001813	 0.001537	 0.000113	 0.000000	 0.000115	0.938631	 0.887419	 0.022506	 0.000000	 0.017241
248	 0.004321	 0.004150	 0.000067	 0.000000	 0.000062	0.942952	 0.891569	 0.022573	 0.000000	 0.017303
249	 0.004912	 0.004644	 0.000110	 0.000000	 0.000111	0.947864	 0.896213	 0.022683	 0.000000	 0.017414
250	 0.004585	 0.004402	 0.000077	 0.000000	 0.000062	0.952449	 0.900615	 0.022760	 0.000000	 0.017476
251	 0.003108	 0.002814	 0.000129	 0.000000	 0.000113	0.955557	 0.903429	 0.022889	 0.000000	 0.017589
252	 0.003195	 0.002987	 0.000080	 0.000000	 0.000073	0.958752	 0.906416	 0.022969	 0.000000	 0.017662
253	 0.004291	 0.003989	 0.000130	 0.000000	 0.000115	0.963043	 0.910405	 0.023099	 0.000000	 0.017777
254	 0.004552	 0.004358	 0.000082	 0.000000	 0.000067	0.967595	 0.914763	 0.023181	 0.000000	 0.017844
255	 0.003606	 0.003344	 0.000092	 0.000000	 0.000116	0.971201	 0.918107	 0.023273	 0.000000	 0.017960
256	 0.003250	 0.003072	 0.000071	 0.000000	 0.000065	0.974451	 0.921179	 0.023344	 0.000000	 0.018025
257	 0.001816	 0.001560	 0.000106	 0.000000	 0.000109	0.976267	 0.922739	 0.023450	 0.000000	 0.018134
258	 0.001599	 0.001443	 0.000056	 0.000000	 0.000064	0.977866	 0.924182	 0.023506	 0.000000	 0.018198
259	 0.002627	 0.002387	 0.000088	 0.000000	 0.000109	0.980493	 0.926569	 0.023594	 0.000000	 0.018307
