Iter 	incumb_est 	candid_est 	error
1 	-1301.999993 	-3335.567279 	-1.561880
2 	-471.825994 	-794.395647 	-0.683662
3 	-588.917904 	-888.111795 	-0.508040
4 	-491.211803 	-536.535484 	-0.092269
5 	-358.409713 	-625.856390 	-0.746204
6 	-419.009612 	-585.871492 	-0.398229
7 	-462.636709 	-500.910079 	-0.082729
8 	-495.870760 	-534.929493 	-0.078768
9 	-286.883167 	-521.752239 	-0.818692
10 	-368.301786 	-427.665867 	-0.161183
11 	-320.813271 	-339.583305 	-0.058508
12 	-380.336985 	-385.303898 	-0.013059
13 	-295.985224 	-322.046358 	-0.088049
14 	-350.165941 	-359.293091 	-0.026065
15 	-312.029895 	-362.700227 	-0.162389
16 	-358.435231 	-370.769779 	-0.034412
17 	-321.911612 	-328.862468 	-0.021592
18 	-362.611815 	-365.889530 	-0.009039
19 	-357.839791 	-386.292468 	-0.079512
20 	-392.673564 	-397.357717 	-0.011929
21 	-348.386800 	-376.164002 	-0.079731
22 	-377.132322 	-380.946718 	-0.010114
23 	-365.661340 	-389.900182 	-0.066288
24 	-381.021192 	-409.019088 	-0.073481
25 	-380.069746 	-413.466527 	-0.087870
26 	-391.795882 	-395.449292 	-0.009325
27 	-368.558443 	-400.036614 	-0.085409
28 	-393.056901 	-393.180919 	-0.000316
29 	-367.127225 	-390.778510 	-0.064423
30 	-390.040160 	-399.782956 	-0.024979
31 	-369.814040 	-383.345100 	-0.036589
32 	-391.210953 	-394.236097 	-0.007733
33 	-346.905644 	-350.155390 	-0.009368
34 	-366.677058 	-367.920954 	-0.003392
35 	-343.048483 	-403.874699 	-0.177311
36 	-361.802686 	-395.852899 	-0.094113
37 	-330.562023 	-367.959785 	-0.113134
38 	-348.657754 	-366.003870 	-0.049751
39 	-328.543055 	-352.486444 	-0.072877
40 	-345.784473 	-346.640434 	-0.002475
41 	-298.251629 	-312.796418 	-0.048767
42 	-315.393252 	-323.361121 	-0.025263
43 	-314.199863 	-319.414588 	-0.016597
44 	-293.925190 	-322.867189 	-0.098467
45 	-292.732396 	-323.629046 	-0.105546
46 	-308.503426 	-323.687746 	-0.049219
47 	-280.608659 	-300.689541 	-0.071562
48 	-295.975141 	-305.478382 	-0.032108
49 	-287.045058 	-306.131732 	-0.066494
50 	-302.649131 	-308.782314 	-0.020265
51 	-284.335957 	-285.313069 	-0.003436
52 	-282.473643 	-285.857819 	-0.011981
53 	-274.129128 	-280.439982 	-0.023021
54 	-285.075342 	-287.807234 	-0.009583
55 	-270.442945 	-272.123743 	-0.006215
56 	-276.854223 	-283.333216 	-0.023402
57 	-274.364471 	-280.921546 	-0.023899
58 	-288.034889 	-291.489853 	-0.011995
59 	-279.260222 	-281.367215 	-0.007545
60 	-284.076920 	-288.787671 	-0.016583
61 	-289.090274 	-289.887383 	-0.002757
62 	-295.410087 	-301.252550 	-0.019777
63 	-297.350494 	-299.743465 	-0.008048
64 	-300.384361 	-307.816902 	-0.024743
65 	-294.085945 	-298.941279 	-0.016510
66 	-302.166101 	-305.566051 	-0.011252
67 	-281.201610 	-290.118274 	-0.031709
68 	-292.761126 	-294.452278 	-0.005777
69 	-275.313954 	-280.123658 	-0.017470
70 	-286.772726 	-287.777774 	-0.003505
71 	-276.814396 	-277.754463 	-0.003396
72 	-281.515488 	-285.556922 	-0.014356
73 	-281.827397 	-287.940915 	-0.021692
74 	-292.749733 	-293.706706 	-0.003269
75 	-291.882988 	-292.199789 	-0.001085
76 	-296.673337 	-299.612805 	-0.009908
77 	-288.244364 	-297.504588 	-0.032126
78 	-298.524312 	-301.524278 	-0.010049
79 	-300.276256 	-301.793827 	-0.005054
80 	-297.028631 	-300.524173 	-0.011768
81 	-301.821004 	-304.985990 	-0.010486
82 	-294.867768 	-300.074904 	-0.017659
83 	-292.737879 	-295.841262 	-0.010601
84 	-296.220273 	-300.404800 	-0.014126
85 	-292.029704 	-294.371280 	-0.008018
86 	-296.549476 	-299.051098 	-0.008436
87 	-288.283588 	-290.932778 	-0.009190
88 	-297.394914 	-298.536342 	-0.003838
89 	-298.140331 	-300.521189 	-0.007986
90 	-301.034797 	-305.321341 	-0.014239
91 	-295.784008 	-300.077736 	-0.014516
92 	-304.417663 	-305.521557 	-0.003626
93 	-303.746861 	-305.867237 	-0.006981
94 	-305.710421 	-310.271041 	-0.014918
95 	-297.582171 	-301.791378 	-0.014145
96 	-305.836793 	-306.708883 	-0.002851
97 	-297.136056 	-298.266946 	-0.003806
98 	-303.101377 	-304.697438 	-0.005266
99 	-301.484762 	-302.040723 	-0.001844
100 	-305.878101 	-306.486238 	-0.001988
101 	-309.060575 	-309.995234 	-0.003024
102 	-306.898523 	-307.601847 	-0.002292
103 	-302.534985 	-303.231914 	-0.002304
104 	-304.502365 	-305.831629 	-0.004365
105 	-301.975370 	-302.617686 	-0.002127
106 	-297.741148 	-298.214704 	-0.001590
107 	-293.839399 	-295.257382 	-0.004826
108 	-289.124812 	-291.518250 	-0.008278
109 	-290.985774 	-292.870677 	-0.006478
110 	-288.049531 	-289.333367 	-0.004457
111 	-289.589088 	-291.662925 	-0.007161
112 	-288.278874 	-289.127231 	-0.002943
113 	-291.189383 	-293.717321 	-0.008681
114 	-296.541162 	-297.455089 	-0.003082
115 	-295.220909 	-295.614501 	-0.001333
116 	-297.365748 	-299.591456 	-0.007485
117 	-300.156644 	-300.666456 	-0.001698
118 	-299.286899 	-300.920530 	-0.005458
119 	-295.171380 	-295.897371 	-0.002460
120 	-294.003825 	-294.956709 	-0.003241
121 	-290.945941 	-291.916816 	-0.003337
122 	-289.290967 	-289.795875 	-0.001745
123 	-289.663632 	-290.886109 	-0.004220
124 	-292.813963 	-293.137013 	-0.001103
125 	-293.084386 	-294.361291 	-0.004357
126 	-295.041916 	-295.635204 	-0.002011
127 	-295.514120 	-296.103868 	-0.001996
128 	-295.427893 	-296.530668 	-0.003733
129 	-293.371904 	-293.643263 	-0.000925
130 	-294.203675 	-294.403368 	-0.000679
131 	-292.127488 	-292.221223 	-0.000321
132 	-292.175803 	-292.193241 	-0.000060
133 	-285.226026 	-285.253529 	-0.000096
134 	-283.665739 	-283.680887 	-0.000053
135 	-279.752728 	-279.824755 	-0.000257
136 	-275.038716 	-275.408243 	-0.001344
137 	-275.627833 	-275.730604 	-0.000373
138 	-273.712252 	-273.965683 	-0.000926
139 	-274.830970 	-274.854036 	-0.000084
140 	-273.693236 	-273.700700 	-0.000027
141 	-272.352424 	-272.408773 	-0.000207
142 	-275.787152 	-275.791666 	-0.000016
143 	-275.340679 	-275.404578 	-0.000232
144 	-278.326707 	-278.335481 	-0.000032
145 	-278.794472 	-278.879515 	-0.000305
146 	-279.957646 	-280.143410 	-0.000664
147 	-281.716710 	-281.822145 	-0.000374
148 	-279.871644 	-279.967656 	-0.000343
149 	-281.970450 	-282.094770 	-0.000441
150 	-282.965173 	-283.054927 	-0.000317
151 	-285.395890 	-285.441704 	-0.000161
152 	-285.841320 	-285.855351 	-0.000049
153 	-286.814439 	-286.851784 	-0.000130
154 	-287.934577 	-287.953622 	-0.000066
155 	-286.760381 	-286.771167 	-0.000038
156 	-289.786634 	-289.799908 	-0.000046
157 	-291.763362 	-291.769590 	-0.000021
158 	-291.970836 	-291.973927 	-0.000011
159 	-288.314416 	-288.341016 	-0.000092
160 	-289.317650 	-289.322105 	-0.000015
161 	-291.086633 	-291.144994 	-0.000200
162 	-291.501703 	-291.543526 	-0.000143
163 	-288.663793 	-289.678506 	-0.003515
164 	-289.084166 	-289.228735 	-0.000500
165 	-289.631491 	-290.222493 	-0.002041
166 	-286.024810 	-286.067232 	-0.000148
167 	-286.016134 	-286.376402 	-0.001260
168 	-287.829023 	-288.001128 	-0.000598
169 	-287.432227 	-287.542216 	-0.000383
170 	-288.527603 	-288.848962 	-0.001114
171 	-285.200294 	-285.379532 	-0.000628
172 	-287.131062 	-287.357194 	-0.000788
173 	-289.205901 	-289.332648 	-0.000438
174 	-286.457557 	-286.614612 	-0.000548
175 	-286.246253 	-286.387600 	-0.000494
176 	-287.713046 	-287.871981 	-0.000552
177 	-287.497036 	-287.608836 	-0.000389
178 	-285.982401 	-286.098619 	-0.000406
179 	-286.656226 	-286.829984 	-0.000606
180 	-288.224597 	-288.311512 	-0.000302
181 	-285.525993 	-285.698381 	-0.000604
182 	-284.979938 	-285.021331 	-0.000145
183 	-283.766025 	-283.858461 	-0.000326
184 	-281.355403 	-281.376216 	-0.000074
185 	-283.878069 	-283.906815 	-0.000101
186 	-285.356544 	-285.452817 	-0.000337
187 	-285.370954 	-285.434034 	-0.000221
188 	-284.747321 	-284.863935 	-0.000410
189 	-283.655589 	-283.687044 	-0.000111
190 	-281.873584 	-281.934982 	-0.000218
191 	-281.446391 	-281.463283 	-0.000060
192 	-281.800341 	-281.891923 	-0.000325
193 	-279.731068 	-279.745684 	-0.000052
194 	-277.353686 	-277.371456 	-0.000064
195 	-277.432156 	-277.455298 	-0.000083
196 	-278.963792 	-278.990493 	-0.000096
197 	-281.056569 	-281.068432 	-0.000042
198 	-282.463907 	-282.476233 	-0.000044
199 	-283.958108 	-284.010338 	-0.000184
200 	-282.819281 	-282.834486 	-0.000054
201 	-281.596169 	-281.601165 	-0.000018
202 	-281.817244 	-281.904431 	-0.000309
203 	-282.527637 	-282.532596 	-0.000018
204 	-284.593724 	-284.600712 	-0.000025
205 	-286.929209 	-287.013927 	-0.000295
206 	-287.695782 	-287.700094 	-0.000015
207 	-288.765424 	-288.823160 	-0.000200
208 	-289.929174 	-289.933505 	-0.000015
209 	-289.088183 	-289.146772 	-0.000203
210 	-290.381678 	-290.385811 	-0.000014
211 	-289.685694 	-289.691523 	-0.000020
212 	-286.510706 	-286.522821 	-0.000042
213 	-287.658846 	-287.660301 	-0.000005
214 	-288.836756 	-288.861807 	-0.000087
215 	-286.885747 	-286.888469 	-0.000009
216 	-286.174194 	-286.216398 	-0.000147
217 	-286.327979 	-286.330633 	-0.000009
218 	-283.013633 	-283.022285 	-0.000031
219 	-284.915400 	-284.928131 	-0.000045
220 	-284.687807 	-284.697200 	-0.000033
221 	-285.162883 	-285.171184 	-0.000029
222 	-286.165544 	-286.185296 	-0.000069
223 	-285.611477 	-285.617230 	-0.000020
224 	-285.807631 	-285.817822 	-0.000036
225 	-284.289231 	-284.297635 	-0.000030
226 	-282.274330 	-282.278669 	-0.000015
227 	-282.615814 	-282.627884 	-0.000043
228 	-283.105107 	-283.107970 	-0.000010
229 	-283.747259 	-283.755925 	-0.000031
230 	-284.975893 	-284.979701 	-0.000013
231 	-284.872291 	-284.874507 	-0.000008
232 	-285.251780 	-285.270569 	-0.000066
233 	-286.480271 	-286.481449 	-0.000004
234 	-286.794359 	-286.809632 	-0.000053
235 	-284.974490 	-284.975480 	-0.000003
236 	-284.567735 	-284.576670 	-0.000031
237 	-282.797183 	-282.798940 	-0.000006
238 	-282.295738 	-282.300490 	-0.000017
239 	-281.901703 	-281.904907 	-0.000011
240 	-280.192459 	-280.194672 	-0.000008
241 	-279.585402 	-279.586923 	-0.000005
242 	-279.230341 	-279.234657 	-0.000015
243 	-279.324408 	-279.326786 	-0.000009
244 	-280.010110 	-280.012108 	-0.000007
245 	-279.945418 	-279.949046 	-0.000013
246 	-281.154515 	-281.155918 	-0.000005
247 	-282.362161 	-282.365896 	-0.000013
248 	-280.312230 	-280.312759 	-0.000002
249 	-279.237978 	-279.239806 	-0.000007
250 	-277.387278 	-277.388582 	-0.000005
251 	-275.546269 	-275.548974 	-0.000010
252 	-277.280663 	-277.283298 	-0.000010
253 	-276.409726 	-276.411142 	-0.000005
254 	-277.623670 	-277.625543 	-0.000007
255 	-279.342604 	-279.343960 	-0.000005
256 	-278.172775 	-278.174112 	-0.000005
257 	-278.620073 	-278.620921 	-0.000003
258 	-279.630734 	-279.633915 	-0.000011
259 	-278.663020 	-278.663729 	-0.000003
260 	-279.494330 	-279.496115 	-0.000006
261 	-279.010597 	-279.011634 	-0.000004
262 	-279.432617 	-279.433934 	-0.000005
263 	-279.832820 	-279.833856 	-0.000004
264 	-277.347489 	-277.348119 	-0.000002
