Iter	 Iter_time	 Master	 Subprob	 Full_Test	 argmax	Iter_acc	 Master_acc	 Subprob_acc	 Full_Test_acc	 argmax_acc
1	 0.000986	 0.000701	 0.000187	 0.000000	 0.000045	0.000986	 0.000701	 0.000187	 0.000000	 0.000045
2	 0.004309	 0.003985	 0.000180	 0.000000	 0.000068	0.005295	 0.004686	 0.000367	 0.000000	 0.000113
3	 0.003129	 0.003036	 0.000043	 0.000000	 0.000017	0.008424	 0.007722	 0.000410	 0.000000	 0.000130
4	 0.003650	 0.003548	 0.000053	 0.000000	 0.000016	0.012074	 0.011270	 0.000463	 0.000000	 0.000146
5	 0.003455	 0.003207	 0.000143	 0.000000	 0.000056	0.015529	 0.014477	 0.000606	 0.000000	 0.000202
6	 0.003442	 0.003336	 0.000041	 0.000000	 0.000023	0.018971	 0.017813	 0.000647	 0.000000	 0.000225
7	 0.003168	 0.003026	 0.000080	 0.000000	 0.000027	0.022139	 0.020839	 0.000727	 0.000000	 0.000252
8	 0.003610	 0.003421	 0.000103	 0.000000	 0.000039	0.025749	 0.024260	 0.000830	 0.000000	 0.000291
9	 0.003303	 0.003152	 0.000075	 0.000000	 0.000041	0.029052	 0.027412	 0.000905	 0.000000	 0.000332
10	 0.003968	 0.003765	 0.000097	 0.000000	 0.000062	0.033020	 0.031177	 0.001002	 0.000000	 0.000394
11	 0.004259	 0.004073	 0.000091	 0.000000	 0.000039	0.037279	 0.035250	 0.001093	 0.000000	 0.000433
12	 0.003686	 0.003480	 0.000119	 0.000000	 0.000047	0.040965	 0.038730	 0.001212	 0.000000	 0.000480
13	 0.003353	 0.003211	 0.000072	 0.000000	 0.000030	0.044318	 0.041941	 0.001284	 0.000000	 0.000510
14	 0.003491	 0.003300	 0.000088	 0.000000	 0.000053	0.047809	 0.045241	 0.001372	 0.000000	 0.000563
15	 0.003739	 0.003607	 0.000072	 0.000000	 0.000025	0.051548	 0.048848	 0.001444	 0.000000	 0.000588
16	 0.003613	 0.003409	 0.000112	 0.000000	 0.000045	0.055161	 0.052257	 0.001556	 0.000000	 0.000633
17	 0.003978	 0.003800	 0.000090	 0.000000	 0.000042	0.059139	 0.056057	 0.001646	 0.000000	 0.000675
18	 0.003471	 0.003295	 0.000104	 0.000000	 0.000040	0.062610	 0.059352	 0.001750	 0.000000	 0.000715
19	 0.003534	 0.003449	 0.000034	 0.000000	 0.000021	0.066144	 0.062801	 0.001784	 0.000000	 0.000736
20	 0.003374	 0.003180	 0.000098	 0.000000	 0.000043	0.069518	 0.065981	 0.001882	 0.000000	 0.000779
21	 0.003458	 0.003276	 0.000076	 0.000000	 0.000045	0.072976	 0.069257	 0.001958	 0.000000	 0.000824
22	 0.004066	 0.003876	 0.000099	 0.000000	 0.000043	0.077042	 0.073133	 0.002057	 0.000000	 0.000867
23	 0.004330	 0.004187	 0.000074	 0.000000	 0.000040	0.081372	 0.077320	 0.002131	 0.000000	 0.000907
24	 0.003753	 0.003652	 0.000055	 0.000000	 0.000019	0.085125	 0.080972	 0.002186	 0.000000	 0.000926
25	 0.004203	 0.004049	 0.000079	 0.000000	 0.000037	0.089328	 0.085021	 0.002265	 0.000000	 0.000963
26	 0.004343	 0.004243	 0.000050	 0.000000	 0.000024	0.093671	 0.089264	 0.002315	 0.000000	 0.000987
27	 0.003761	 0.003616	 0.000073	 0.000000	 0.000040	0.097432	 0.092880	 0.002388	 0.000000	 0.001027
28	 0.003351	 0.003257	 0.000043	 0.000000	 0.000024	0.100783	 0.096137	 0.002431	 0.000000	 0.001051
29	 0.003714	 0.003530	 0.000100	 0.000000	 0.000045	0.104497	 0.099667	 0.002531	 0.000000	 0.001096
30	 0.003975	 0.003876	 0.000049	 0.000000	 0.000022	0.108472	 0.103543	 0.002580	 0.000000	 0.001118
31	 0.004026	 0.003878	 0.000073	 0.000000	 0.000040	0.112498	 0.107421	 0.002653	 0.000000	 0.001158
32	 0.003542	 0.003463	 0.000032	 0.000000	 0.000021	0.116040	 0.110884	 0.002685	 0.000000	 0.001179
33	 0.003439	 0.003290	 0.000077	 0.000000	 0.000042	0.119479	 0.114174	 0.002762	 0.000000	 0.001221
34	 0.003758	 0.003665	 0.000032	 0.000000	 0.000034	0.123237	 0.117839	 0.002794	 0.000000	 0.001255
35	 0.003739	 0.003578	 0.000074	 0.000000	 0.000050	0.126976	 0.121417	 0.002868	 0.000000	 0.001305
36	 0.003344	 0.003262	 0.000034	 0.000000	 0.000023	0.130320	 0.124679	 0.002902	 0.000000	 0.001328
37	 0.003926	 0.003780	 0.000076	 0.000000	 0.000041	0.134246	 0.128459	 0.002978	 0.000000	 0.001369
38	 0.004199	 0.004104	 0.000045	 0.000000	 0.000022	0.138445	 0.132563	 0.003023	 0.000000	 0.001391
39	 0.003593	 0.003448	 0.000075	 0.000000	 0.000042	0.142038	 0.136011	 0.003098	 0.000000	 0.001433
40	 0.003646	 0.003548	 0.000047	 0.000000	 0.000022	0.145684	 0.139559	 0.003145	 0.000000	 0.001455
41	 0.003522	 0.003350	 0.000090	 0.000000	 0.000046	0.149206	 0.142909	 0.003235	 0.000000	 0.001501
42	 0.003526	 0.003428	 0.000047	 0.000000	 0.000024	0.152732	 0.146337	 0.003282	 0.000000	 0.001525
43	 0.003823	 0.003643	 0.000093	 0.000000	 0.000048	0.156555	 0.149980	 0.003375	 0.000000	 0.001573
44	 0.003406	 0.003307	 0.000046	 0.000000	 0.000025	0.159961	 0.153287	 0.003421	 0.000000	 0.001598
45	 0.003677	 0.003521	 0.000080	 0.000000	 0.000046	0.163638	 0.156808	 0.003501	 0.000000	 0.001644
46	 0.003824	 0.003725	 0.000048	 0.000000	 0.000025	0.167462	 0.160533	 0.003549	 0.000000	 0.001669
47	 0.003828	 0.003680	 0.000074	 0.000000	 0.000045	0.171290	 0.164213	 0.003623	 0.000000	 0.001714
48	 0.003971	 0.003874	 0.000048	 0.000000	 0.000025	0.175261	 0.168087	 0.003671	 0.000000	 0.001739
49	 0.003949	 0.003801	 0.000072	 0.000000	 0.000044	0.179210	 0.171888	 0.003743	 0.000000	 0.001783
50	 0.003724	 0.003626	 0.000047	 0.000000	 0.000025	0.182934	 0.175514	 0.003790	 0.000000	 0.001808
51	 0.003794	 0.003639	 0.000072	 0.000000	 0.000046	0.186728	 0.179153	 0.003862	 0.000000	 0.001854
52	 0.003926	 0.003831	 0.000032	 0.000000	 0.000036	0.190654	 0.182984	 0.003894	 0.000000	 0.001890
53	 0.004100	 0.003959	 0.000057	 0.000000	 0.000055	0.194754	 0.186943	 0.003951	 0.000000	 0.001945
54	 0.004343	 0.004242	 0.000050	 0.000000	 0.000025	0.199097	 0.191185	 0.004001	 0.000000	 0.001970
55	 0.003419	 0.003267	 0.000076	 0.000000	 0.000047	0.202516	 0.194452	 0.004077	 0.000000	 0.002017
56	 0.004124	 0.004028	 0.000043	 0.000000	 0.000026	0.206640	 0.198480	 0.004120	 0.000000	 0.002043
57	 0.003727	 0.003590	 0.000059	 0.000000	 0.000047	0.210367	 0.202070	 0.004179	 0.000000	 0.002090
58	 0.004378	 0.004294	 0.000031	 0.000000	 0.000025	0.214745	 0.206364	 0.004210	 0.000000	 0.002115
59	 0.003861	 0.003730	 0.000057	 0.000000	 0.000044	0.218606	 0.210094	 0.004267	 0.000000	 0.002159
60	 0.003411	 0.003311	 0.000048	 0.000000	 0.000025	0.222017	 0.213405	 0.004315	 0.000000	 0.002184
61	 0.003537	 0.003384	 0.000074	 0.000000	 0.000049	0.225554	 0.216789	 0.004389	 0.000000	 0.002233
62	 0.003822	 0.003739	 0.000031	 0.000000	 0.000025	0.229376	 0.220528	 0.004420	 0.000000	 0.002258
63	 0.003830	 0.003696	 0.000055	 0.000000	 0.000047	0.233206	 0.224224	 0.004475	 0.000000	 0.002305
64	 0.003692	 0.003608	 0.000032	 0.000000	 0.000025	0.236898	 0.227832	 0.004507	 0.000000	 0.002330
65	 0.003591	 0.003425	 0.000082	 0.000000	 0.000051	0.240489	 0.231257	 0.004589	 0.000000	 0.002381
66	 0.004034	 0.003929	 0.000045	 0.000000	 0.000032	0.244523	 0.235186	 0.004634	 0.000000	 0.002413
67	 0.004472	 0.004304	 0.000088	 0.000000	 0.000050	0.248995	 0.239490	 0.004722	 0.000000	 0.002463
68	 0.004281	 0.004168	 0.000048	 0.000000	 0.000038	0.253276	 0.243658	 0.004770	 0.000000	 0.002501
69	 0.003817	 0.003619	 0.000089	 0.000000	 0.000064	0.257093	 0.247277	 0.004859	 0.000000	 0.002565
70	 0.003551	 0.003446	 0.000051	 0.000000	 0.000028	0.260644	 0.250723	 0.004910	 0.000000	 0.002593
71	 0.004029	 0.003889	 0.000059	 0.000000	 0.000050	0.264673	 0.254612	 0.004969	 0.000000	 0.002643
72	 0.003972	 0.003880	 0.000031	 0.000000	 0.000026	0.268645	 0.258492	 0.005000	 0.000000	 0.002669
73	 0.003533	 0.003432	 0.000048	 0.000000	 0.000028	0.272178	 0.261924	 0.005048	 0.000000	 0.002697
74	 0.003659	 0.003503	 0.000071	 0.000000	 0.000051	0.275837	 0.265427	 0.005119	 0.000000	 0.002748
75	 0.004051	 0.003969	 0.000032	 0.000000	 0.000027	0.279888	 0.269396	 0.005151	 0.000000	 0.002775
76	 0.003417	 0.003281	 0.000056	 0.000000	 0.000051	0.283305	 0.272677	 0.005207	 0.000000	 0.002826
77	 0.003726	 0.003625	 0.000047	 0.000000	 0.000028	0.287031	 0.276302	 0.005254	 0.000000	 0.002854
78	 0.003949	 0.003786	 0.000077	 0.000000	 0.000052	0.290980	 0.280088	 0.005331	 0.000000	 0.002906
79	 0.004088	 0.003979	 0.000052	 0.000000	 0.000028	0.295068	 0.284067	 0.005383	 0.000000	 0.002934
80	 0.003580	 0.003438	 0.000060	 0.000000	 0.000053	0.298648	 0.287505	 0.005443	 0.000000	 0.002987
81	 0.003830	 0.003723	 0.000049	 0.000000	 0.000028	0.302478	 0.291228	 0.005492	 0.000000	 0.003015
82	 0.003620	 0.003442	 0.000089	 0.000000	 0.000055	0.306098	 0.294670	 0.005581	 0.000000	 0.003070
83	 0.004231	 0.004120	 0.000055	 0.000000	 0.000029	0.310329	 0.298790	 0.005636	 0.000000	 0.003099
84	 0.003939	 0.003796	 0.000059	 0.000000	 0.000054	0.314268	 0.302586	 0.005695	 0.000000	 0.003153
85	 0.004292	 0.004190	 0.000047	 0.000000	 0.000029	0.318560	 0.306776	 0.005742	 0.000000	 0.003182
86	 0.003746	 0.003575	 0.000085	 0.000000	 0.000056	0.322306	 0.310351	 0.005827	 0.000000	 0.003238
87	 0.003676	 0.003571	 0.000047	 0.000000	 0.000030	0.325982	 0.313922	 0.005874	 0.000000	 0.003268
88	 0.003382	 0.003217	 0.000076	 0.000000	 0.000057	0.329364	 0.317139	 0.005950	 0.000000	 0.003325
89	 0.003841	 0.003742	 0.000044	 0.000000	 0.000030	0.333205	 0.320881	 0.005994	 0.000000	 0.003355
90	 0.003394	 0.003253	 0.000060	 0.000000	 0.000052	0.336599	 0.324134	 0.006054	 0.000000	 0.003407
91	 0.003661	 0.003556	 0.000048	 0.000000	 0.000029	0.340260	 0.327690	 0.006102	 0.000000	 0.003436
92	 0.003786	 0.003615	 0.000073	 0.000000	 0.000056	0.344046	 0.331305	 0.006175	 0.000000	 0.003492
93	 0.004077	 0.003982	 0.000033	 0.000000	 0.000038	0.348123	 0.335287	 0.006208	 0.000000	 0.003530
94	 0.003833	 0.003645	 0.000088	 0.000000	 0.000072	0.351956	 0.338932	 0.006296	 0.000000	 0.003602
95	 0.004177	 0.004074	 0.000044	 0.000000	 0.000030	0.356133	 0.343006	 0.006340	 0.000000	 0.003632
96	 0.003719	 0.003558	 0.000076	 0.000000	 0.000056	0.359852	 0.346564	 0.006416	 0.000000	 0.003688
97	 0.003669	 0.003580	 0.000032	 0.000000	 0.000029	0.363521	 0.350144	 0.006448	 0.000000	 0.003717
98	 0.004061	 0.003901	 0.000076	 0.000000	 0.000052	0.367582	 0.354045	 0.006524	 0.000000	 0.003769
99	 0.003684	 0.003582	 0.000045	 0.000000	 0.000029	0.371266	 0.357627	 0.006569	 0.000000	 0.003798
100	 0.003561	 0.003415	 0.000060	 0.000000	 0.000056	0.374827	 0.361042	 0.006629	 0.000000	 0.003854
101	 0.003343	 0.003256	 0.000031	 0.000000	 0.000030	0.378170	 0.364298	 0.006660	 0.000000	 0.003884
102	 0.004087	 0.003883	 0.000075	 0.000000	 0.000059	0.382257	 0.368181	 0.006735	 0.000000	 0.003943
103	 0.003734	 0.003613	 0.000037	 0.000000	 0.000050	0.385991	 0.371794	 0.006772	 0.000000	 0.003993
104	 0.004125	 0.003932	 0.000087	 0.000000	 0.000071	0.390116	 0.375726	 0.006859	 0.000000	 0.004064
105	 0.003661	 0.003539	 0.000059	 0.000000	 0.000035	0.393777	 0.379265	 0.006918	 0.000000	 0.004099
106	 0.003972	 0.003805	 0.000076	 0.000000	 0.000057	0.397749	 0.383070	 0.006994	 0.000000	 0.004156
107	 0.003496	 0.003382	 0.000046	 0.000000	 0.000041	0.401245	 0.386452	 0.007040	 0.000000	 0.004197
108	 0.003818	 0.003657	 0.000061	 0.000000	 0.000068	0.405063	 0.390109	 0.007101	 0.000000	 0.004265
109	 0.003452	 0.003347	 0.000047	 0.000000	 0.000032	0.408515	 0.393456	 0.007148	 0.000000	 0.004297
110	 0.003733	 0.003569	 0.000072	 0.000000	 0.000061	0.412248	 0.397025	 0.007220	 0.000000	 0.004358
111	 0.003844	 0.003739	 0.000046	 0.000000	 0.000033	0.416092	 0.400764	 0.007266	 0.000000	 0.004391
112	 0.004019	 0.003870	 0.000059	 0.000000	 0.000059	0.420111	 0.404634	 0.007325	 0.000000	 0.004450
113	 0.003896	 0.003786	 0.000048	 0.000000	 0.000038	0.424007	 0.408420	 0.007373	 0.000000	 0.004488
114	 0.003885	 0.003724	 0.000061	 0.000000	 0.000070	0.427892	 0.412144	 0.007434	 0.000000	 0.004558
115	 0.003460	 0.003366	 0.000032	 0.000000	 0.000032	0.431352	 0.415510	 0.007466	 0.000000	 0.004590
116	 0.003773	 0.003587	 0.000092	 0.000000	 0.000063	0.435125	 0.419097	 0.007558	 0.000000	 0.004653
117	 0.004285	 0.004164	 0.000041	 0.000000	 0.000047	0.439410	 0.423261	 0.007599	 0.000000	 0.004700
118	 0.005044	 0.004886	 0.000061	 0.000000	 0.000068	0.444454	 0.428147	 0.007660	 0.000000	 0.004768
119	 0.004212	 0.004116	 0.000032	 0.000000	 0.000038	0.448666	 0.432263	 0.007692	 0.000000	 0.004806
120	 0.004206	 0.004035	 0.000058	 0.000000	 0.000069	0.452872	 0.436298	 0.007750	 0.000000	 0.004875
121	 0.003949	 0.003811	 0.000064	 0.000000	 0.000033	0.456821	 0.440109	 0.007814	 0.000000	 0.004908
122	 0.003822	 0.003708	 0.000042	 0.000000	 0.000032	0.460643	 0.443817	 0.007856	 0.000000	 0.004940
123	 0.003572	 0.003477	 0.000035	 0.000000	 0.000033	0.464215	 0.447294	 0.007891	 0.000000	 0.004973
124	 0.004349	 0.004204	 0.000058	 0.000000	 0.000060	0.468564	 0.451498	 0.007949	 0.000000	 0.005033
125	 0.003640	 0.003549	 0.000032	 0.000000	 0.000031	0.472204	 0.455047	 0.007981	 0.000000	 0.005064
126	 0.003604	 0.003436	 0.000077	 0.000000	 0.000062	0.475808	 0.458483	 0.008058	 0.000000	 0.005126
127	 0.003983	 0.003872	 0.000049	 0.000000	 0.000033	0.479791	 0.462355	 0.008107	 0.000000	 0.005159
128	 0.004110	 0.003919	 0.000082	 0.000000	 0.000063	0.483901	 0.466274	 0.008189	 0.000000	 0.005222
129	 0.004203	 0.004084	 0.000048	 0.000000	 0.000044	0.488104	 0.470358	 0.008237	 0.000000	 0.005266
130	 0.003870	 0.003661	 0.000091	 0.000000	 0.000082	0.491974	 0.474019	 0.008328	 0.000000	 0.005348
131	 0.003951	 0.003831	 0.000052	 0.000000	 0.000041	0.495925	 0.477850	 0.008380	 0.000000	 0.005389
132	 0.004460	 0.004297	 0.000061	 0.000000	 0.000071	0.500385	 0.482147	 0.008441	 0.000000	 0.005460
133	 0.003839	 0.003746	 0.000032	 0.000000	 0.000032	0.504224	 0.485893	 0.008473	 0.000000	 0.005492
134	 0.004205	 0.004020	 0.000077	 0.000000	 0.000065	0.508429	 0.489913	 0.008550	 0.000000	 0.005557
135	 0.004325	 0.004194	 0.000049	 0.000000	 0.000045	0.512754	 0.494107	 0.008599	 0.000000	 0.005602
136	 0.003828	 0.003725	 0.000034	 0.000000	 0.000041	0.516582	 0.497832	 0.008633	 0.000000	 0.005643
137	 0.004105	 0.003921	 0.000080	 0.000000	 0.000074	0.520687	 0.501753	 0.008713	 0.000000	 0.005717
138	 0.003645	 0.003545	 0.000032	 0.000000	 0.000042	0.524332	 0.505298	 0.008745	 0.000000	 0.005759
139	 0.003835	 0.003665	 0.000076	 0.000000	 0.000062	0.528167	 0.508963	 0.008821	 0.000000	 0.005821
140	 0.003797	 0.003674	 0.000061	 0.000000	 0.000035	0.531964	 0.512637	 0.008882	 0.000000	 0.005856
141	 0.003680	 0.003509	 0.000075	 0.000000	 0.000065	0.535644	 0.516146	 0.008957	 0.000000	 0.005921
142	 0.004057	 0.003942	 0.000046	 0.000000	 0.000041	0.539701	 0.520088	 0.009003	 0.000000	 0.005962
143	 0.004080	 0.003858	 0.000087	 0.000000	 0.000080	0.543781	 0.523946	 0.009090	 0.000000	 0.006042
144	 0.003822	 0.003708	 0.000050	 0.000000	 0.000036	0.547603	 0.527654	 0.009140	 0.000000	 0.006078
145	 0.004136	 0.003949	 0.000075	 0.000000	 0.000067	0.551739	 0.531603	 0.009215	 0.000000	 0.006145
146	 0.003902	 0.003801	 0.000032	 0.000000	 0.000044	0.555641	 0.535404	 0.009247	 0.000000	 0.006189
147	 0.003893	 0.003697	 0.000085	 0.000000	 0.000078	0.559534	 0.539101	 0.009332	 0.000000	 0.006267
148	 0.003875	 0.003779	 0.000036	 0.000000	 0.000035	0.563409	 0.542880	 0.009368	 0.000000	 0.006302
149	 0.003684	 0.003529	 0.000059	 0.000000	 0.000067	0.567093	 0.546409	 0.009427	 0.000000	 0.006369
150	 0.003916	 0.003823	 0.000032	 0.000000	 0.000034	0.571009	 0.550232	 0.009459	 0.000000	 0.006403
151	 0.003536	 0.003356	 0.000079	 0.000000	 0.000068	0.574545	 0.553588	 0.009538	 0.000000	 0.006471
152	 0.003927	 0.003821	 0.000045	 0.000000	 0.000032	0.578472	 0.557409	 0.009583	 0.000000	 0.006503
153	 0.003782	 0.003593	 0.000082	 0.000000	 0.000070	0.582254	 0.561002	 0.009665	 0.000000	 0.006573
154	 0.004365	 0.004254	 0.000046	 0.000000	 0.000036	0.586619	 0.565256	 0.009711	 0.000000	 0.006609
155	 0.003935	 0.003775	 0.000062	 0.000000	 0.000070	0.590554	 0.569031	 0.009773	 0.000000	 0.006679
156	 0.003836	 0.003740	 0.000031	 0.000000	 0.000033	0.594390	 0.572771	 0.009804	 0.000000	 0.006712
157	 0.004063	 0.003867	 0.000076	 0.000000	 0.000076	0.598453	 0.576638	 0.009880	 0.000000	 0.006788
158	 0.003975	 0.003812	 0.000075	 0.000000	 0.000045	0.602428	 0.580450	 0.009955	 0.000000	 0.006833
159	 0.003943	 0.003692	 0.000120	 0.000000	 0.000081	0.606371	 0.584142	 0.010075	 0.000000	 0.006914
160	 0.004087	 0.003926	 0.000076	 0.000000	 0.000045	0.610458	 0.588068	 0.010151	 0.000000	 0.006959
161	 0.004194	 0.003953	 0.000106	 0.000000	 0.000081	0.614652	 0.592021	 0.010257	 0.000000	 0.007040
162	 0.004211	 0.004055	 0.000063	 0.000000	 0.000053	0.618863	 0.596076	 0.010320	 0.000000	 0.007093
163	 0.003947	 0.003724	 0.000082	 0.000000	 0.000095	0.622810	 0.599800	 0.010402	 0.000000	 0.007188
164	 0.004488	 0.004258	 0.000106	 0.000000	 0.000068	0.627298	 0.604058	 0.010508	 0.000000	 0.007256
165	 0.004354	 0.004057	 0.000137	 0.000000	 0.000089	0.631652	 0.608115	 0.010645	 0.000000	 0.007345
166	 0.003977	 0.003759	 0.000121	 0.000000	 0.000052	0.635629	 0.611874	 0.010766	 0.000000	 0.007397
167	 0.004189	 0.003994	 0.000091	 0.000000	 0.000073	0.639818	 0.615868	 0.010857	 0.000000	 0.007470
168	 0.003771	 0.003662	 0.000048	 0.000000	 0.000035	0.643589	 0.619530	 0.010905	 0.000000	 0.007505
169	 0.003964	 0.003785	 0.000074	 0.000000	 0.000072	0.647553	 0.623315	 0.010979	 0.000000	 0.007577
170	 0.003763	 0.003653	 0.000047	 0.000000	 0.000036	0.651316	 0.626968	 0.011026	 0.000000	 0.007613
171	 0.004014	 0.003811	 0.000088	 0.000000	 0.000076	0.655330	 0.630779	 0.011114	 0.000000	 0.007689
172	 0.004136	 0.004024	 0.000050	 0.000000	 0.000036	0.659466	 0.634803	 0.011164	 0.000000	 0.007725
173	 0.004439	 0.004258	 0.000061	 0.000000	 0.000071	0.663905	 0.639061	 0.011225	 0.000000	 0.007796
174	 0.004159	 0.004030	 0.000051	 0.000000	 0.000049	0.668064	 0.643091	 0.011276	 0.000000	 0.007845
175	 0.004749	 0.004556	 0.000078	 0.000000	 0.000083	0.672813	 0.647647	 0.011354	 0.000000	 0.007928
176	 0.003923	 0.003824	 0.000032	 0.000000	 0.000036	0.676736	 0.651471	 0.011386	 0.000000	 0.007964
177	 0.004529	 0.004366	 0.000059	 0.000000	 0.000071	0.681265	 0.655837	 0.011445	 0.000000	 0.008035
178	 0.004632	 0.004513	 0.000037	 0.000000	 0.000049	0.685897	 0.660350	 0.011482	 0.000000	 0.008084
179	 0.004326	 0.004150	 0.000062	 0.000000	 0.000085	0.690223	 0.664500	 0.011544	 0.000000	 0.008169
180	 0.004143	 0.004039	 0.000033	 0.000000	 0.000037	0.694366	 0.668539	 0.011577	 0.000000	 0.008206
181	 0.004163	 0.003942	 0.000101	 0.000000	 0.000079	0.698529	 0.672481	 0.011678	 0.000000	 0.008285
182	 0.003934	 0.003805	 0.000050	 0.000000	 0.000050	0.702463	 0.676286	 0.011728	 0.000000	 0.008335
183	 0.004034	 0.003847	 0.000075	 0.000000	 0.000082	0.706497	 0.680133	 0.011803	 0.000000	 0.008417
184	 0.004126	 0.004028	 0.000032	 0.000000	 0.000036	0.710623	 0.684161	 0.011835	 0.000000	 0.008453
185	 0.004250	 0.004066	 0.000078	 0.000000	 0.000075	0.714873	 0.688227	 0.011913	 0.000000	 0.008528
186	 0.004079	 0.003982	 0.000033	 0.000000	 0.000039	0.718952	 0.692209	 0.011946	 0.000000	 0.008567
187	 0.003994	 0.003806	 0.000078	 0.000000	 0.000078	0.722946	 0.696015	 0.012024	 0.000000	 0.008645
188	 0.004231	 0.004119	 0.000046	 0.000000	 0.000038	0.727177	 0.700134	 0.012070	 0.000000	 0.008683
189	 0.004560	 0.004380	 0.000072	 0.000000	 0.000076	0.731737	 0.704514	 0.012142	 0.000000	 0.008759
190	 0.003710	 0.003601	 0.000033	 0.000000	 0.000048	0.735447	 0.708115	 0.012175	 0.000000	 0.008807
191	 0.003880	 0.003684	 0.000080	 0.000000	 0.000086	0.739327	 0.711799	 0.012255	 0.000000	 0.008893
192	 0.004300	 0.004207	 0.000031	 0.000000	 0.000035	0.743627	 0.716006	 0.012286	 0.000000	 0.008928
193	 0.003540	 0.003360	 0.000077	 0.000000	 0.000074	0.747167	 0.719366	 0.012363	 0.000000	 0.009002
194	 0.003970	 0.003872	 0.000032	 0.000000	 0.000038	0.751137	 0.723238	 0.012395	 0.000000	 0.009040
195	 0.003899	 0.003713	 0.000077	 0.000000	 0.000076	0.755036	 0.726951	 0.012472	 0.000000	 0.009116
196	 0.004019	 0.003908	 0.000047	 0.000000	 0.000036	0.759055	 0.730859	 0.012519	 0.000000	 0.009152
197	 0.004303	 0.004108	 0.000072	 0.000000	 0.000078	0.763358	 0.734967	 0.012591	 0.000000	 0.009230
198	 0.004103	 0.004004	 0.000032	 0.000000	 0.000037	0.767461	 0.738971	 0.012623	 0.000000	 0.009267
199	 0.004604	 0.004443	 0.000054	 0.000000	 0.000076	0.772065	 0.743414	 0.012677	 0.000000	 0.009343
200	 0.003878	 0.003775	 0.000034	 0.000000	 0.000039	0.775943	 0.747189	 0.012711	 0.000000	 0.009382
201	 0.003910	 0.003693	 0.000101	 0.000000	 0.000081	0.779853	 0.750882	 0.012812	 0.000000	 0.009463
202	 0.003658	 0.003503	 0.000047	 0.000000	 0.000039	0.783511	 0.754385	 0.012859	 0.000000	 0.009502
203	 0.003972	 0.003781	 0.000070	 0.000000	 0.000084	0.787483	 0.758166	 0.012929	 0.000000	 0.009586
204	 0.003542	 0.003422	 0.000055	 0.000000	 0.000037	0.791025	 0.761588	 0.012984	 0.000000	 0.009623
205	 0.004524	 0.004355	 0.000060	 0.000000	 0.000078	0.795549	 0.765943	 0.013044	 0.000000	 0.009701
206	 0.003957	 0.003827	 0.000050	 0.000000	 0.000039	0.799506	 0.769770	 0.013094	 0.000000	 0.009740
207	 0.004334	 0.004218	 0.000046	 0.000000	 0.000041	0.803840	 0.773988	 0.013140	 0.000000	 0.009781
208	 0.004600	 0.004429	 0.000060	 0.000000	 0.000078	0.808440	 0.778417	 0.013200	 0.000000	 0.009859
209	 0.003720	 0.003620	 0.000034	 0.000000	 0.000041	0.812160	 0.782037	 0.013234	 0.000000	 0.009900
210	 0.003944	 0.003759	 0.000077	 0.000000	 0.000079	0.816104	 0.785796	 0.013311	 0.000000	 0.009979
211	 0.004303	 0.004179	 0.000046	 0.000000	 0.000039	0.820407	 0.789975	 0.013357	 0.000000	 0.010018
212	 0.004836	 0.004496	 0.000140	 0.000000	 0.000123	0.825243	 0.794471	 0.013497	 0.000000	 0.010141
213	 0.004018	 0.003797	 0.000095	 0.000000	 0.000069	0.829261	 0.798268	 0.013592	 0.000000	 0.010210
214	 0.004457	 0.004129	 0.000134	 0.000000	 0.000139	0.833718	 0.802397	 0.013726	 0.000000	 0.010349
215	 0.003980	 0.003850	 0.000054	 0.000000	 0.000042	0.837698	 0.806247	 0.013780	 0.000000	 0.010391
216	 0.003838	 0.003637	 0.000083	 0.000000	 0.000084	0.841536	 0.809884	 0.013863	 0.000000	 0.010475
217	 0.003797	 0.003699	 0.000034	 0.000000	 0.000040	0.845333	 0.813583	 0.013897	 0.000000	 0.010515
218	 0.004347	 0.004150	 0.000082	 0.000000	 0.000081	0.849680	 0.817733	 0.013979	 0.000000	 0.010596
219	 0.003689	 0.003565	 0.000048	 0.000000	 0.000043	0.853369	 0.821298	 0.014027	 0.000000	 0.010639
220	 0.003764	 0.003547	 0.000083	 0.000000	 0.000090	0.857133	 0.824845	 0.014110	 0.000000	 0.010729
221	 0.004089	 0.003987	 0.000031	 0.000000	 0.000040	0.861222	 0.828832	 0.014141	 0.000000	 0.010769
222	 0.003527	 0.003321	 0.000095	 0.000000	 0.000082	0.864749	 0.832153	 0.014236	 0.000000	 0.010851
223	 0.003601	 0.003478	 0.000050	 0.000000	 0.000044	0.868350	 0.835631	 0.014286	 0.000000	 0.010895
224	 0.004244	 0.004068	 0.000062	 0.000000	 0.000082	0.872594	 0.839699	 0.014348	 0.000000	 0.010977
225	 0.003795	 0.003679	 0.000037	 0.000000	 0.000043	0.876389	 0.843378	 0.014385	 0.000000	 0.011020
226	 0.003684	 0.003434	 0.000120	 0.000000	 0.000087	0.880073	 0.846812	 0.014505	 0.000000	 0.011107
227	 0.003619	 0.003494	 0.000052	 0.000000	 0.000042	0.883692	 0.850306	 0.014557	 0.000000	 0.011149
228	 0.004053	 0.003886	 0.000061	 0.000000	 0.000080	0.887745	 0.854192	 0.014618	 0.000000	 0.011229
229	 0.003493	 0.003391	 0.000033	 0.000000	 0.000042	0.891238	 0.857583	 0.014651	 0.000000	 0.011271
230	 0.003818	 0.003646	 0.000056	 0.000000	 0.000084	0.895056	 0.861229	 0.014707	 0.000000	 0.011355
231	 0.003734	 0.003620	 0.000047	 0.000000	 0.000039	0.898790	 0.864849	 0.014754	 0.000000	 0.011394
232	 0.003587	 0.003412	 0.000060	 0.000000	 0.000082	0.902377	 0.868261	 0.014814	 0.000000	 0.011476
233	 0.004425	 0.004310	 0.000048	 0.000000	 0.000040	0.906802	 0.872571	 0.014862	 0.000000	 0.011516
234	 0.003623	 0.003450	 0.000063	 0.000000	 0.000082	0.910425	 0.876021	 0.014925	 0.000000	 0.011598
235	 0.003897	 0.003795	 0.000032	 0.000000	 0.000042	0.914322	 0.879816	 0.014957	 0.000000	 0.011640
236	 0.004087	 0.003895	 0.000077	 0.000000	 0.000082	0.918409	 0.883711	 0.015034	 0.000000	 0.011722
237	 0.004096	 0.003973	 0.000049	 0.000000	 0.000043	0.922505	 0.887684	 0.015083	 0.000000	 0.011765
238	 0.003903	 0.003711	 0.000076	 0.000000	 0.000084	0.926408	 0.891395	 0.015159	 0.000000	 0.011849
239	 0.004068	 0.003971	 0.000032	 0.000000	 0.000039	0.930476	 0.895366	 0.015191	 0.000000	 0.011888
240	 0.003700	 0.003525	 0.000058	 0.000000	 0.000084	0.934176	 0.898891	 0.015249	 0.000000	 0.011972
241	 0.003956	 0.003835	 0.000052	 0.000000	 0.000040	0.938132	 0.902726	 0.015301	 0.000000	 0.012012
242	 0.003759	 0.003567	 0.000072	 0.000000	 0.000085	0.941891	 0.906293	 0.015373	 0.000000	 0.012097
243	 0.003627	 0.003510	 0.000039	 0.000000	 0.000045	0.945518	 0.909803	 0.015412	 0.000000	 0.012142
244	 0.004025	 0.003766	 0.000116	 0.000000	 0.000097	0.949543	 0.913569	 0.015528	 0.000000	 0.012239
245	 0.003888	 0.003756	 0.000054	 0.000000	 0.000046	0.953431	 0.917325	 0.015582	 0.000000	 0.012285
246	 0.004047	 0.003866	 0.000061	 0.000000	 0.000087	0.957478	 0.921191	 0.015643	 0.000000	 0.012372
247	 0.003955	 0.003851	 0.000032	 0.000000	 0.000042	0.961433	 0.925042	 0.015675	 0.000000	 0.012414
248	 0.003610	 0.003443	 0.000055	 0.000000	 0.000081	0.965043	 0.928485	 0.015730	 0.000000	 0.012495
249	 0.003950	 0.003814	 0.000058	 0.000000	 0.000046	0.968993	 0.932299	 0.015788	 0.000000	 0.012541
250	 0.004000	 0.003805	 0.000079	 0.000000	 0.000087	0.972993	 0.936104	 0.015867	 0.000000	 0.012628
251	 0.004307	 0.004185	 0.000049	 0.000000	 0.000046	0.977300	 0.940289	 0.015916	 0.000000	 0.012674
252	 0.004348	 0.004144	 0.000077	 0.000000	 0.000088	0.981648	 0.944433	 0.015993	 0.000000	 0.012762
253	 0.006179	 0.006035	 0.000066	 0.000000	 0.000048	0.987827	 0.950468	 0.016059	 0.000000	 0.012810
254	 0.004004	 0.003802	 0.000081	 0.000000	 0.000089	0.991831	 0.954270	 0.016140	 0.000000	 0.012899
255	 0.003825	 0.003720	 0.000033	 0.000000	 0.000044	0.995656	 0.957990	 0.016173	 0.000000	 0.012943
256	 0.003903	 0.003705	 0.000079	 0.000000	 0.000089	0.999559	 0.961695	 0.016252	 0.000000	 0.013032
257	 0.004386	 0.004252	 0.000050	 0.000000	 0.000054	1.003945	 0.965947	 0.016302	 0.000000	 0.013086
258	 0.004445	 0.004233	 0.000073	 0.000000	 0.000106	1.008390	 0.970180	 0.016375	 0.000000	 0.013192
259	 0.003792	 0.003682	 0.000033	 0.000000	 0.000048	1.012182	 0.973862	 0.016408	 0.000000	 0.013240
260	 0.003841	 0.003642	 0.000062	 0.000000	 0.000098	1.016023	 0.977504	 0.016470	 0.000000	 0.013338
261	 0.004051	 0.003924	 0.000039	 0.000000	 0.000054	1.020074	 0.981428	 0.016509	 0.000000	 0.013392
262	 0.003876	 0.003673	 0.000058	 0.000000	 0.000093	1.023950	 0.985101	 0.016567	 0.000000	 0.013485
263	 0.004079	 0.003950	 0.000034	 0.000000	 0.000050	1.028029	 0.989051	 0.016601	 0.000000	 0.013535
264	 0.004854	 0.004702	 0.000062	 0.000000	 0.000046	1.032883	 0.993753	 0.016663	 0.000000	 0.013581
265	 0.004126	 0.004010	 0.000043	 0.000000	 0.000046	1.037009	 0.997763	 0.016706	 0.000000	 0.013627
266	 0.003761	 0.003569	 0.000062	 0.000000	 0.000096	1.040770	 1.001332	 0.016768	 0.000000	 0.013723
267	 0.003834	 0.003726	 0.000032	 0.000000	 0.000048	1.044604	 1.005058	 0.016800	 0.000000	 0.013771
268	 0.004187	 0.003676	 0.000078	 0.000292	 0.000103	1.048791	 1.008734	 0.016878	 0.000292	 0.013874
269	 0.003931	 0.003522	 0.000032	 0.000289	 0.000054	1.052722	 1.012256	 0.016910	 0.000581	 0.013928
270	 0.004704	 0.004197	 0.000078	 0.000288	 0.000104	1.057426	 1.016453	 0.016988	 0.000869	 0.014032
271	 0.004392	 0.003983	 0.000032	 0.000287	 0.000055	1.061818	 1.020436	 0.017020	 0.001156	 0.014087
272	 0.004524	 0.004017	 0.000064	 0.000298	 0.000104	1.066342	 1.024453	 0.017084	 0.001454	 0.014191
273	 0.004601	 0.004162	 0.000045	 0.000302	 0.000052	1.070943	 1.028615	 0.017129	 0.001756	 0.014243
274	 0.004749	 0.004232	 0.000066	 0.000293	 0.000104	1.075692	 1.032847	 0.017195	 0.002049	 0.014347
275	 0.004483	 0.004017	 0.000070	 0.000299	 0.000049	1.080175	 1.036864	 0.017265	 0.002348	 0.014396
276	 0.004373	 0.003967	 0.000044	 0.000270	 0.000058	1.084548	 1.040831	 0.017309	 0.002618	 0.014454
277	 0.004812	 0.004107	 0.000082	 0.000500	 0.000088	1.089360	 1.044938	 0.017391	 0.003118	 0.014542
278	 0.005171	 0.004693	 0.000062	 0.000323	 0.000052	1.094531	 1.049631	 0.017453	 0.003441	 0.014594
279	 0.004543	 0.004033	 0.000062	 0.000302	 0.000104	1.099074	 1.053664	 0.017515	 0.003743	 0.014698
280	 0.004290	 0.003876	 0.000056	 0.000275	 0.000050	1.103364	 1.057540	 0.017571	 0.004018	 0.014748
281	 0.004502	 0.003950	 0.000093	 0.000313	 0.000100	1.107866	 1.061490	 0.017664	 0.004331	 0.014848
282	 0.004318	 0.003881	 0.000036	 0.000277	 0.000072	1.112184	 1.065371	 0.017700	 0.004608	 0.014920
283	 0.003881	 0.003423	 0.000055	 0.000308	 0.000059	1.116065	 1.068794	 0.017755	 0.004916	 0.014979
284	 0.003878	 0.003332	 0.000080	 0.000319	 0.000110	1.119943	 1.072126	 0.017835	 0.005235	 0.015089
285	 0.004142	 0.003702	 0.000063	 0.000283	 0.000059	1.124085	 1.075828	 0.017898	 0.005518	 0.015148
286	 0.004964	 0.004358	 0.000076	 0.000385	 0.000106	1.129049	 1.080186	 0.017974	 0.005903	 0.015254
287	 0.004891	 0.004427	 0.000041	 0.000321	 0.000053	1.133940	 1.084613	 0.018015	 0.006224	 0.015307
288	 0.004488	 0.003969	 0.000051	 0.000386	 0.000048	1.138428	 1.088582	 0.018066	 0.006610	 0.015355
289	 0.004360	 0.003820	 0.000075	 0.000325	 0.000098	1.142788	 1.092402	 0.018141	 0.006935	 0.015453
290	 0.004026	 0.003556	 0.000058	 0.000325	 0.000051	1.146814	 1.095958	 0.018199	 0.007260	 0.015504
291	 0.004668	 0.004104	 0.000080	 0.000332	 0.000100	1.151482	 1.100062	 0.018279	 0.007592	 0.015604
292	 0.004600	 0.004140	 0.000064	 0.000308	 0.000052	1.156082	 1.104202	 0.018343	 0.007900	 0.015656
293	 0.004973	 0.004417	 0.000072	 0.000332	 0.000102	1.161055	 1.108619	 0.018415	 0.008232	 0.015758
294	 0.004859	 0.004347	 0.000065	 0.000338	 0.000065	1.165914	 1.112966	 0.018480	 0.008570	 0.015823
295	 0.005586	 0.005009	 0.000083	 0.000336	 0.000119	1.171500	 1.117975	 0.018563	 0.008906	 0.015942
296	 0.005682	 0.005224	 0.000039	 0.000334	 0.000049	1.177182	 1.123199	 0.018602	 0.009240	 0.015991
297	 0.005179	 0.004604	 0.000077	 0.000347	 0.000108	1.182361	 1.127803	 0.018679	 0.009587	 0.016099
298	 0.004546	 0.004108	 0.000047	 0.000305	 0.000053	1.186907	 1.131911	 0.018726	 0.009892	 0.016152
299	 0.004910	 0.004323	 0.000086	 0.000344	 0.000113	1.191817	 1.136234	 0.018812	 0.010236	 0.016265
300	 0.004482	 0.003980	 0.000054	 0.000351	 0.000060	1.196299	 1.140214	 0.018866	 0.010587	 0.016325
301	 0.004485	 0.003895	 0.000081	 0.000355	 0.000115	1.200784	 1.144109	 0.018947	 0.010942	 0.016440
302	 0.004466	 0.003947	 0.000067	 0.000319	 0.000053	1.205250	 1.148056	 0.019014	 0.011261	 0.016493
303	 0.007126	 0.006586	 0.000067	 0.000322	 0.000108	1.212376	 1.154642	 0.019081	 0.011583	 0.016601
304	 0.005381	 0.004850	 0.000067	 0.000361	 0.000056	1.217757	 1.159492	 0.019148	 0.011944	 0.016657
305	 0.004858	 0.004215	 0.000090	 0.000415	 0.000099	1.222615	 1.163707	 0.019238	 0.012359	 0.016756
306	 0.004572	 0.003968	 0.000045	 0.000467	 0.000058	1.227187	 1.167675	 0.019283	 0.012826	 0.016814
307	 0.004498	 0.003892	 0.000085	 0.000363	 0.000112	1.231685	 1.171567	 0.019368	 0.013189	 0.016926
308	 0.004245	 0.003753	 0.000048	 0.000355	 0.000052	1.235930	 1.175320	 0.019416	 0.013544	 0.016978
309	 0.004791	 0.004200	 0.000083	 0.000353	 0.000113	1.240721	 1.179520	 0.019499	 0.013897	 0.017091
310	 0.004625	 0.004123	 0.000051	 0.000358	 0.000053	1.245346	 1.183643	 0.019550	 0.014255	 0.017144
311	 0.005327	 0.004721	 0.000089	 0.000359	 0.000114	1.250673	 1.188364	 0.019639	 0.014614	 0.017258
312	 0.004600	 0.004097	 0.000034	 0.000374	 0.000047	1.255273	 1.192461	 0.019673	 0.014988	 0.017305
313	 0.004971	 0.004494	 0.000060	 0.000335	 0.000050	1.260244	 1.196955	 0.019733	 0.015323	 0.017355
314	 0.004918	 0.004272	 0.000078	 0.000408	 0.000109	1.265162	 1.201227	 0.019811	 0.015731	 0.017464
315	 0.005369	 0.004882	 0.000066	 0.000324	 0.000062	1.270531	 1.206109	 0.019877	 0.016055	 0.017526
316	 0.004737	 0.004135	 0.000069	 0.000373	 0.000124	1.275268	 1.210244	 0.019946	 0.016428	 0.017650
317	 0.004462	 0.003939	 0.000053	 0.000380	 0.000053	1.279730	 1.214183	 0.019999	 0.016808	 0.017703
318	 0.005132	 0.004525	 0.000078	 0.000381	 0.000111	1.284862	 1.218708	 0.020077	 0.017189	 0.017814
319	 0.005075	 0.004557	 0.000052	 0.000380	 0.000051	1.289937	 1.223265	 0.020129	 0.017569	 0.017865
320	 0.005201	 0.004591	 0.000080	 0.000376	 0.000105	1.295138	 1.227856	 0.020209	 0.017945	 0.017970
321	 0.004721	 0.004150	 0.000037	 0.000443	 0.000060	1.299859	 1.232006	 0.020246	 0.018388	 0.018030
322	 0.004771	 0.003991	 0.000074	 0.000570	 0.000097	1.304630	 1.235997	 0.020320	 0.018958	 0.018127
323	 0.005408	 0.004918	 0.000060	 0.000341	 0.000053	1.310038	 1.240915	 0.020380	 0.019299	 0.018180
324	 0.004642	 0.003890	 0.000061	 0.000554	 0.000099	1.314680	 1.244805	 0.020441	 0.019853	 0.018279
325	 0.004390	 0.003890	 0.000050	 0.000347	 0.000062	1.319070	 1.248695	 0.020491	 0.020200	 0.018341
326	 0.005038	 0.004431	 0.000085	 0.000343	 0.000124	1.324108	 1.253126	 0.020576	 0.020543	 0.018465
327	 0.005967	 0.005468	 0.000053	 0.000340	 0.000064	1.330075	 1.258594	 0.020629	 0.020883	 0.018529
328	 0.004776	 0.003920	 0.000147	 0.000465	 0.000178	1.334851	 1.262514	 0.020776	 0.021348	 0.018707
329	 0.004705	 0.004142	 0.000084	 0.000362	 0.000058	1.339556	 1.266656	 0.020860	 0.021710	 0.018765
330	 0.004629	 0.003882	 0.000125	 0.000437	 0.000112	1.344185	 1.270538	 0.020985	 0.022147	 0.018877
331	 0.004579	 0.004021	 0.000079	 0.000352	 0.000070	1.348764	 1.274559	 0.021064	 0.022499	 0.018947
332	 0.005143	 0.004215	 0.000109	 0.000657	 0.000108	1.353907	 1.278774	 0.021173	 0.023156	 0.019055
333	 0.004571	 0.004074	 0.000039	 0.000365	 0.000053	1.358478	 1.282848	 0.021212	 0.023521	 0.019108
334	 0.004835	 0.004191	 0.000090	 0.000400	 0.000113	1.363313	 1.287039	 0.021302	 0.023921	 0.019221
335	 0.004240	 0.003732	 0.000052	 0.000370	 0.000052	1.367553	 1.290771	 0.021354	 0.024291	 0.019273
336	 0.004401	 0.003798	 0.000082	 0.000367	 0.000115	1.371954	 1.294569	 0.021436	 0.024658	 0.019388
337	 0.004904	 0.004365	 0.000040	 0.000407	 0.000055	1.376858	 1.298934	 0.021476	 0.025065	 0.019443
338	 0.005221	 0.004361	 0.000058	 0.000663	 0.000099	1.382079	 1.303295	 0.021534	 0.025728	 0.019542
339	 0.004340	 0.003810	 0.000067	 0.000368	 0.000053	1.386419	 1.307105	 0.021601	 0.026096	 0.019595
340	 0.005105	 0.004238	 0.000088	 0.000617	 0.000104	1.391524	 1.311343	 0.021689	 0.026713	 0.019699
341	 0.004662	 0.004137	 0.000056	 0.000363	 0.000068	1.396186	 1.315480	 0.021745	 0.027076	 0.019767
342	 0.005363	 0.004747	 0.000065	 0.000383	 0.000124	1.401549	 1.320227	 0.021810	 0.027459	 0.019891
343	 0.005420	 0.004604	 0.000049	 0.000681	 0.000052	1.406969	 1.324831	 0.021859	 0.028140	 0.019943
344	 0.004612	 0.003974	 0.000065	 0.000424	 0.000108	1.411581	 1.328805	 0.021924	 0.028564	 0.020051
345	 0.004350	 0.003846	 0.000036	 0.000377	 0.000055	1.415931	 1.332651	 0.021960	 0.028941	 0.020106
346	 0.004981	 0.004334	 0.000088	 0.000412	 0.000105	1.420912	 1.336985	 0.022048	 0.029353	 0.020211
347	 0.005469	 0.004929	 0.000057	 0.000381	 0.000053	1.426381	 1.341914	 0.022105	 0.029734	 0.020264
348	 0.004672	 0.004145	 0.000041	 0.000397	 0.000053	1.431053	 1.346059	 0.022146	 0.030131	 0.020317
349	 0.005145	 0.004474	 0.000085	 0.000428	 0.000115	1.436198	 1.350533	 0.022231	 0.030559	 0.020432
350	 0.004525	 0.003708	 0.000033	 0.000693	 0.000058	1.440723	 1.354241	 0.022264	 0.031252	 0.020490
351	 0.003971	 0.003317	 0.000059	 0.000436	 0.000125	1.444694	 1.357558	 0.022323	 0.031688	 0.020615
352	 0.005187	 0.004227	 0.000031	 0.000840	 0.000059	1.449881	 1.361785	 0.022354	 0.032528	 0.020674
353	 0.004753	 0.004084	 0.000064	 0.000440	 0.000126	1.454634	 1.365869	 0.022418	 0.032968	 0.020800
354	 0.004388	 0.003795	 0.000054	 0.000438	 0.000064	1.459022	 1.369664	 0.022472	 0.033406	 0.020864
355	 0.004415	 0.003804	 0.000063	 0.000394	 0.000115	1.463437	 1.373468	 0.022535	 0.033800	 0.020979
356	 0.007041	 0.006140	 0.000031	 0.000776	 0.000061	1.470478	 1.379608	 0.022566	 0.034576	 0.021040
357	 0.004980	 0.004265	 0.000093	 0.000448	 0.000127	1.475458	 1.383873	 0.022659	 0.035024	 0.021167
358	 0.004891	 0.004108	 0.000030	 0.000669	 0.000049	1.480349	 1.387981	 0.022689	 0.035693	 0.021216
359	 0.005379	 0.004014	 0.000080	 0.001134	 0.000110	1.485728	 1.391995	 0.022769	 0.036827	 0.021326
360	 0.005203	 0.004264	 0.000040	 0.000807	 0.000052	1.490931	 1.396259	 0.022809	 0.037634	 0.021378
361	 0.004488	 0.003833	 0.000090	 0.000415	 0.000113	1.495419	 1.400092	 0.022899	 0.038049	 0.021491
362	 0.004799	 0.003852	 0.000045	 0.000805	 0.000050	1.500218	 1.403944	 0.022944	 0.038854	 0.021541
363	 0.004247	 0.003543	 0.000042	 0.000555	 0.000049	1.504465	 1.407487	 0.022986	 0.039409	 0.021590
364	 0.004724	 0.004047	 0.000032	 0.000560	 0.000050	1.509189	 1.411534	 0.023018	 0.039969	 0.021640
365	 0.005234	 0.004091	 0.000059	 0.000934	 0.000101	1.514423	 1.415625	 0.023077	 0.040903	 0.021741
366	 0.004937	 0.004230	 0.000039	 0.000555	 0.000064	1.519360	 1.419855	 0.023116	 0.041458	 0.021805
367	 0.004929	 0.004269	 0.000068	 0.000407	 0.000143	1.524289	 1.424124	 0.023184	 0.041865	 0.021948
368	 0.004697	 0.004131	 0.000036	 0.000422	 0.000072	1.528986	 1.428255	 0.023220	 0.042287	 0.022020
369	 0.005217	 0.004539	 0.000096	 0.000420	 0.000126	1.534203	 1.432794	 0.023316	 0.042707	 0.022146
370	 0.004178	 0.003610	 0.000045	 0.000420	 0.000066	1.538381	 1.436404	 0.023361	 0.043127	 0.022212
371	 0.005435	 0.004734	 0.000065	 0.000489	 0.000102	1.543816	 1.441138	 0.023426	 0.043616	 0.022314
372	 0.005234	 0.004306	 0.000031	 0.000817	 0.000048	1.549050	 1.445444	 0.023457	 0.044433	 0.022362
373	 0.005380	 0.004738	 0.000070	 0.000421	 0.000110	1.554430	 1.450182	 0.023527	 0.044854	 0.022472
374	 0.005039	 0.003942	 0.000034	 0.000972	 0.000052	1.559469	 1.454124	 0.023561	 0.045826	 0.022524
375	 0.006361	 0.005420	 0.000067	 0.000718	 0.000109	1.565830	 1.459544	 0.023628	 0.046544	 0.022633
376	 0.004594	 0.004025	 0.000042	 0.000424	 0.000056	1.570424	 1.463569	 0.023670	 0.046968	 0.022689
377	 0.005430	 0.004776	 0.000061	 0.000435	 0.000116	1.575854	 1.468345	 0.023731	 0.047403	 0.022805
378	 0.004400	 0.003669	 0.000066	 0.000580	 0.000051	1.580254	 1.472014	 0.023797	 0.047983	 0.022856
379	 0.005075	 0.004408	 0.000074	 0.000435	 0.000117	1.585329	 1.476422	 0.023871	 0.048418	 0.022973
380	 0.005312	 0.004093	 0.000031	 0.001094	 0.000049	1.590641	 1.480515	 0.023902	 0.049512	 0.023022
381	 0.005008	 0.004438	 0.000036	 0.000438	 0.000064	1.595649	 1.484953	 0.023938	 0.049950	 0.023086
382	 0.004795	 0.003756	 0.000055	 0.000844	 0.000106	1.600444	 1.488709	 0.023993	 0.050794	 0.023192
383	 0.005446	 0.004316	 0.000051	 0.000992	 0.000052	1.605890	 1.493025	 0.024044	 0.051786	 0.023244
384	 0.005971	 0.004631	 0.000074	 0.001127	 0.000104	1.611861	 1.497656	 0.024118	 0.052913	 0.023348
385	 0.004685	 0.003857	 0.000033	 0.000711	 0.000050	1.616546	 1.501513	 0.024151	 0.053624	 0.023398
386	 0.004657	 0.003718	 0.000057	 0.000738	 0.000105	1.621203	 1.505231	 0.024208	 0.054362	 0.023503
387	 0.004823	 0.004105	 0.000033	 0.000603	 0.000051	1.626026	 1.509336	 0.024241	 0.054965	 0.023554
388	 0.005082	 0.004280	 0.000054	 0.000605	 0.000106	1.631108	 1.513616	 0.024295	 0.055570	 0.023660
389	 0.005868	 0.004046	 0.000033	 0.001689	 0.000063	1.636976	 1.517662	 0.024328	 0.057259	 0.023723
390	 0.005005	 0.004297	 0.000085	 0.000461	 0.000125	1.641981	 1.521959	 0.024413	 0.057720	 0.023848
391	 0.005245	 0.004337	 0.000049	 0.000743	 0.000063	1.647226	 1.526296	 0.024462	 0.058463	 0.023911
392	 0.004987	 0.004071	 0.000044	 0.000769	 0.000062	1.652213	 1.530367	 0.024506	 0.059232	 0.023973
393	 0.005232	 0.004257	 0.000075	 0.000737	 0.000125	1.657445	 1.534624	 0.024581	 0.059969	 0.024098
394	 0.004884	 0.003987	 0.000038	 0.000755	 0.000065	1.662329	 1.538611	 0.024619	 0.060724	 0.024163
395	 0.004717	 0.003865	 0.000089	 0.000608	 0.000115	1.667046	 1.542476	 0.024708	 0.061332	 0.024278
396	 0.005261	 0.003794	 0.000055	 0.001317	 0.000061	1.672307	 1.546270	 0.024763	 0.062649	 0.024339
397	 0.005497	 0.004379	 0.000074	 0.000888	 0.000117	1.677804	 1.550649	 0.024837	 0.063537	 0.024456
398	 0.004705	 0.003958	 0.000045	 0.000620	 0.000050	1.682509	 1.554607	 0.024882	 0.064157	 0.024506
399	 0.005598	 0.004326	 0.000060	 0.001063	 0.000108	1.688107	 1.558933	 0.024942	 0.065220	 0.024614
400	 0.006012	 0.004270	 0.000052	 0.001598	 0.000059	1.694119	 1.563203	 0.024994	 0.066818	 0.024673
401	 0.005828	 0.004029	 0.000090	 0.001540	 0.000122	1.699947	 1.567232	 0.025084	 0.068358	 0.024795
402	 0.004791	 0.003620	 0.000071	 0.000943	 0.000074	1.704738	 1.570852	 0.025155	 0.069301	 0.024869
403	 0.005080	 0.004070	 0.000077	 0.000771	 0.000118	1.709818	 1.574922	 0.025232	 0.070072	 0.024987
404	 0.006491	 0.004157	 0.000035	 0.002204	 0.000060	1.716309	 1.579079	 0.025267	 0.072276	 0.025047
405	 0.005377	 0.004077	 0.000062	 0.001080	 0.000118	1.721686	 1.583156	 0.025329	 0.073356	 0.025165
406	 0.005359	 0.004152	 0.000031	 0.001084	 0.000059	1.727045	 1.587308	 0.025360	 0.074440	 0.025224
407	 0.005410	 0.003962	 0.000083	 0.001206	 0.000119	1.732455	 1.591270	 0.025443	 0.075646	 0.025343
408	 0.004954	 0.004133	 0.000062	 0.000627	 0.000090	1.737409	 1.595403	 0.025505	 0.076273	 0.025433
409	 0.005257	 0.003951	 0.000076	 0.001062	 0.000116	1.742666	 1.599354	 0.025581	 0.077335	 0.025549
410	 0.006019	 0.003755	 0.000044	 0.002116	 0.000052	1.748685	 1.603109	 0.025625	 0.079451	 0.025601
411	 0.005079	 0.003725	 0.000040	 0.001215	 0.000055	1.753764	 1.606834	 0.025665	 0.080666	 0.025656
412	 0.005576	 0.004011	 0.000059	 0.001357	 0.000110	1.759340	 1.610845	 0.025724	 0.082023	 0.025766
413	 0.006967	 0.003809	 0.000034	 0.003011	 0.000064	1.766307	 1.614654	 0.025758	 0.085034	 0.025830
414	 0.007218	 0.004387	 0.000033	 0.002681	 0.000063	1.773525	 1.619041	 0.025791	 0.087715	 0.025893
415	 0.005088	 0.004286	 0.000057	 0.000651	 0.000061	1.778613	 1.623327	 0.025848	 0.088366	 0.025954
416	 0.005478	 0.004701	 0.000071	 0.000550	 0.000118	1.784091	 1.628028	 0.025919	 0.088916	 0.026072
417	 0.005787	 0.005157	 0.000060	 0.000484	 0.000054	1.789878	 1.633185	 0.025979	 0.089400	 0.026126
418	 0.006191	 0.005426	 0.000059	 0.000558	 0.000110	1.796069	 1.638611	 0.026038	 0.089958	 0.026236
419	 0.005524	 0.004825	 0.000049	 0.000562	 0.000053	1.801593	 1.643436	 0.026087	 0.090520	 0.026289
420	 0.004924	 0.004123	 0.000076	 0.000562	 0.000113	1.806517	 1.647559	 0.026163	 0.091082	 0.026402
421	 0.004821	 0.003953	 0.000049	 0.000726	 0.000056	1.811338	 1.651512	 0.026212	 0.091808	 0.026458
422	 0.004855	 0.004120	 0.000084	 0.000499	 0.000111	1.816193	 1.655632	 0.026296	 0.092307	 0.026569
423	 0.005060	 0.004246	 0.000048	 0.000680	 0.000052	1.821253	 1.659878	 0.026344	 0.092987	 0.026621
424	 0.005237	 0.004406	 0.000090	 0.000574	 0.000116	1.826490	 1.664284	 0.026434	 0.093561	 0.026737
425	 0.005076	 0.004211	 0.000079	 0.000602	 0.000104	1.831566	 1.668495	 0.026513	 0.094163	 0.026841
426	 0.005036	 0.003930	 0.000125	 0.000683	 0.000205	1.836602	 1.672425	 0.026638	 0.094846	 0.027046
427	 0.006437	 0.005456	 0.000070	 0.000732	 0.000101	1.843039	 1.677881	 0.026708	 0.095578	 0.027147
428	 0.005739	 0.004470	 0.000174	 0.000767	 0.000207	1.848778	 1.682351	 0.026882	 0.096345	 0.027354
429	 0.005300	 0.004206	 0.000169	 0.000694	 0.000135	1.854078	 1.686557	 0.027051	 0.097039	 0.027489
430	 0.005565	 0.004404	 0.000139	 0.000691	 0.000232	1.859643	 1.690961	 0.027190	 0.097730	 0.027721
431	 0.005824	 0.004376	 0.000082	 0.001175	 0.000102	1.865467	 1.695337	 0.027272	 0.098905	 0.027823
432	 0.005592	 0.004377	 0.000114	 0.000830	 0.000190	1.871059	 1.699714	 0.027386	 0.099735	 0.028013
433	 0.005180	 0.004193	 0.000090	 0.000709	 0.000111	1.876239	 1.703907	 0.027476	 0.100444	 0.028124
434	 0.005520	 0.004345	 0.000124	 0.000739	 0.000210	1.881759	 1.708252	 0.027600	 0.101183	 0.028334
435	 0.004713	 0.003765	 0.000070	 0.000697	 0.000100	1.886472	 1.712017	 0.027670	 0.101880	 0.028434
436	 0.005148	 0.004300	 0.000080	 0.000552	 0.000127	1.891620	 1.716317	 0.027750	 0.102432	 0.028561
437	 0.005535	 0.004408	 0.000087	 0.000903	 0.000069	1.897155	 1.720725	 0.027837	 0.103335	 0.028630
438	 0.005645	 0.004493	 0.000139	 0.000716	 0.000201	1.902800	 1.725218	 0.027976	 0.104051	 0.028831
439	 0.005282	 0.004268	 0.000117	 0.000714	 0.000110	1.908082	 1.729486	 0.028093	 0.104765	 0.028941
440	 0.005118	 0.003950	 0.000127	 0.000825	 0.000152	1.913200	 1.733436	 0.028220	 0.105590	 0.029093
441	 0.004821	 0.004092	 0.000043	 0.000564	 0.000074	1.918021	 1.737528	 0.028263	 0.106154	 0.029167
442	 0.005777	 0.004654	 0.000078	 0.000845	 0.000155	1.923798	 1.742182	 0.028341	 0.106999	 0.029322
443	 0.004926	 0.004062	 0.000046	 0.000714	 0.000061	1.928724	 1.746244	 0.028387	 0.107713	 0.029383
444	 0.004776	 0.003945	 0.000066	 0.000593	 0.000125	1.933500	 1.750189	 0.028453	 0.108306	 0.029508
445	 0.004619	 0.003858	 0.000068	 0.000596	 0.000057	1.938119	 1.754047	 0.028521	 0.108902	 0.029565
446	 0.004503	 0.003463	 0.000067	 0.000802	 0.000121	1.942622	 1.757510	 0.028588	 0.109704	 0.029686
447	 0.004797	 0.003861	 0.000091	 0.000725	 0.000067	1.947419	 1.761371	 0.028679	 0.110429	 0.029753
448	 0.005757	 0.004861	 0.000108	 0.000610	 0.000128	1.953176	 1.766232	 0.028787	 0.111039	 0.029881
449	 0.005142	 0.004000	 0.000043	 0.000985	 0.000061	1.958318	 1.770232	 0.028830	 0.112024	 0.029942
450	 0.004938	 0.004114	 0.000100	 0.000551	 0.000122	1.963256	 1.774346	 0.028930	 0.112575	 0.030064
451	 0.004961	 0.003873	 0.000064	 0.000912	 0.000072	1.968217	 1.778219	 0.028994	 0.113487	 0.030136
452	 0.006277	 0.004978	 0.000103	 0.000988	 0.000138	1.974494	 1.783197	 0.029097	 0.114475	 0.030274
453	 0.005350	 0.004559	 0.000070	 0.000596	 0.000065	1.979844	 1.787756	 0.029167	 0.115071	 0.030339
454	 0.005236	 0.004509	 0.000060	 0.000564	 0.000062	1.985080	 1.792265	 0.029227	 0.115635	 0.030401
455	 0.005674	 0.004445	 0.000086	 0.000916	 0.000140	1.990754	 1.796710	 0.029313	 0.116551	 0.030541
456	 0.005015	 0.003950	 0.000122	 0.000752	 0.000113	1.995769	 1.800660	 0.029435	 0.117303	 0.030654
457	 0.005084	 0.004205	 0.000116	 0.000568	 0.000134	2.000853	 1.804865	 0.029551	 0.117871	 0.030788
458	 0.005172	 0.004363	 0.000064	 0.000618	 0.000068	2.006025	 1.809228	 0.029615	 0.118489	 0.030856
459	 0.007515	 0.005673	 0.000088	 0.001566	 0.000133	2.013540	 1.814901	 0.029703	 0.120055	 0.030989
460	 0.005950	 0.005046	 0.000062	 0.000747	 0.000055	2.019490	 1.819947	 0.029765	 0.120802	 0.031044
461	 0.005418	 0.004529	 0.000119	 0.000574	 0.000132	2.024908	 1.824476	 0.029884	 0.121376	 0.031176
462	 0.005663	 0.004290	 0.000153	 0.000988	 0.000100	2.030571	 1.828766	 0.030037	 0.122364	 0.031276
463	 0.006352	 0.005121	 0.000127	 0.000908	 0.000136	2.036923	 1.833887	 0.030164	 0.123272	 0.031412
464	 0.006579	 0.005330	 0.000052	 0.001097	 0.000059	2.043502	 1.839217	 0.030216	 0.124369	 0.031471
465	 0.005492	 0.004245	 0.000077	 0.001009	 0.000116	2.048994	 1.843462	 0.030293	 0.125378	 0.031587
466	 0.004774	 0.003855	 0.000113	 0.000600	 0.000105	2.053768	 1.847317	 0.030406	 0.125978	 0.031692
467	 0.005859	 0.004872	 0.000068	 0.000764	 0.000114	2.059627	 1.852189	 0.030474	 0.126742	 0.031806
468	 0.005495	 0.004600	 0.000033	 0.000769	 0.000054	2.065122	 1.856789	 0.030507	 0.127511	 0.031860
469	 0.005564	 0.004190	 0.000121	 0.001051	 0.000134	2.070686	 1.860979	 0.030628	 0.128562	 0.031994
470	 0.004662	 0.003856	 0.000078	 0.000599	 0.000068	2.075348	 1.864835	 0.030706	 0.129161	 0.032062
471	 0.004929	 0.004042	 0.000089	 0.000601	 0.000132	2.080277	 1.868877	 0.030795	 0.129762	 0.032194
472	 0.005455	 0.004066	 0.000094	 0.001150	 0.000072	2.085732	 1.872943	 0.030889	 0.130912	 0.032266
473	 0.006356	 0.004530	 0.000187	 0.001327	 0.000213	2.092088	 1.877473	 0.031076	 0.132239	 0.032479
474	 0.005681	 0.004267	 0.000068	 0.001203	 0.000074	2.097769	 1.881740	 0.031144	 0.133442	 0.032553
475	 0.005470	 0.004540	 0.000126	 0.000609	 0.000136	2.103239	 1.886280	 0.031270	 0.134051	 0.032689
476	 0.005110	 0.004354	 0.000055	 0.000605	 0.000056	2.108349	 1.890634	 0.031325	 0.134656	 0.032745
477	 0.006083	 0.004343	 0.000063	 0.001515	 0.000118	2.114432	 1.894977	 0.031388	 0.136171	 0.032863
478	 0.005254	 0.003982	 0.000049	 0.001135	 0.000057	2.119686	 1.898959	 0.031437	 0.137306	 0.032920
479	 0.006202	 0.005217	 0.000060	 0.000774	 0.000115	2.125888	 1.904176	 0.031497	 0.138080	 0.033035
480	 0.006263	 0.004420	 0.000051	 0.001699	 0.000058	2.132151	 1.908596	 0.031548	 0.139779	 0.033093
481	 0.005380	 0.004369	 0.000063	 0.000791	 0.000117	2.137531	 1.912965	 0.031611	 0.140570	 0.033210
482	 0.005890	 0.004444	 0.000032	 0.001322	 0.000057	2.143421	 1.917409	 0.031643	 0.141892	 0.033267
483	 0.006804	 0.004304	 0.000059	 0.002288	 0.000115	2.150225	 1.921713	 0.031702	 0.144180	 0.033382
484	 0.005827	 0.004679	 0.000037	 0.001008	 0.000062	2.156052	 1.926392	 0.031739	 0.145188	 0.033444
485	 0.007062	 0.004797	 0.000075	 0.002008	 0.000129	2.163114	 1.931189	 0.031814	 0.147196	 0.033573
486	 0.006146	 0.004997	 0.000040	 0.000999	 0.000061	2.169260	 1.936186	 0.031854	 0.148195	 0.033634
487	 0.005845	 0.004622	 0.000062	 0.001003	 0.000118	2.175105	 1.940808	 0.031916	 0.149198	 0.033752
488	 0.006612	 0.004580	 0.000034	 0.001895	 0.000055	2.181717	 1.945388	 0.031950	 0.151093	 0.033807
489	 0.005269	 0.004312	 0.000035	 0.000828	 0.000059	2.186986	 1.949700	 0.031985	 0.151921	 0.033866
490	 0.005298	 0.004433	 0.000092	 0.000617	 0.000116	2.192284	 1.954133	 0.032077	 0.152538	 0.033982
491	 0.005893	 0.004041	 0.000046	 0.001701	 0.000055	2.198177	 1.958174	 0.032123	 0.154239	 0.034037
492	 0.006324	 0.004344	 0.000043	 0.001815	 0.000060	2.204501	 1.962518	 0.032166	 0.156054	 0.034097
493	 0.004902	 0.003887	 0.000062	 0.000848	 0.000064	2.209403	 1.966405	 0.032228	 0.156902	 0.034161
494	 0.005100	 0.003867	 0.000070	 0.000985	 0.000117	2.214503	 1.970272	 0.032298	 0.157887	 0.034278
495	 0.004880	 0.003619	 0.000057	 0.001096	 0.000056	2.219383	 1.973891	 0.032355	 0.158983	 0.034334
496	 0.006037	 0.004141	 0.000043	 0.001760	 0.000056	2.225420	 1.978032	 0.032398	 0.160743	 0.034390
497	 0.005560	 0.004325	 0.000076	 0.001006	 0.000117	2.230980	 1.982357	 0.032474	 0.161749	 0.034507
498	 0.005097	 0.004062	 0.000031	 0.000912	 0.000056	2.236077	 1.986419	 0.032505	 0.162661	 0.034563
499	 0.005828	 0.004205	 0.000076	 0.001401	 0.000115	2.241905	 1.990624	 0.032581	 0.164062	 0.034678
500	 0.005019	 0.003430	 0.000058	 0.001416	 0.000079	2.246924	 1.994054	 0.032639	 0.165478	 0.034757
501	 0.005880	 0.004347	 0.000059	 0.001312	 0.000126	2.252804	 1.998401	 0.032698	 0.166790	 0.034883
502	 0.005494	 0.004211	 0.000033	 0.001122	 0.000056	2.258298	 2.002612	 0.032731	 0.167912	 0.034939
503	 0.005350	 0.004080	 0.000058	 0.001052	 0.000119	2.263648	 2.006692	 0.032789	 0.168964	 0.035058
504	 0.005094	 0.004274	 0.000030	 0.000702	 0.000055	2.268742	 2.010966	 0.032819	 0.169666	 0.035113
505	 0.005668	 0.004406	 0.000078	 0.001029	 0.000115	2.274410	 2.015372	 0.032897	 0.170695	 0.035228
506	 0.005162	 0.004310	 0.000048	 0.000711	 0.000056	2.279572	 2.019682	 0.032945	 0.171406	 0.035284
507	 0.007060	 0.003982	 0.000075	 0.002849	 0.000118	2.286632	 2.023664	 0.033020	 0.174255	 0.035402
508	 0.005353	 0.004343	 0.000055	 0.000848	 0.000070	2.291985	 2.028007	 0.033075	 0.175103	 0.035472
509	 0.005961	 0.003907	 0.000060	 0.001836	 0.000124	2.297946	 2.031914	 0.033135	 0.176939	 0.035596
510	 0.005640	 0.004095	 0.000048	 0.001374	 0.000076	2.303586	 2.036009	 0.033183	 0.178313	 0.035672
511	 0.007067	 0.004344	 0.000061	 0.002496	 0.000127	2.310653	 2.040353	 0.033244	 0.180809	 0.035799
512	 0.005369	 0.003981	 0.000031	 0.001256	 0.000065	2.316022	 2.044334	 0.033275	 0.182065	 0.035864
513	 0.006165	 0.004311	 0.000056	 0.001638	 0.000124	2.322187	 2.048645	 0.033331	 0.183703	 0.035988
514	 0.004945	 0.003729	 0.000057	 0.001061	 0.000064	2.327132	 2.052374	 0.033388	 0.184764	 0.036052
515	 0.006722	 0.004006	 0.000111	 0.002412	 0.000148	2.333854	 2.056380	 0.033499	 0.187176	 0.036200
516	 0.005170	 0.003567	 0.000036	 0.001473	 0.000066	2.339024	 2.059947	 0.033535	 0.188649	 0.036266
517	 0.005596	 0.003679	 0.000057	 0.001671	 0.000128	2.344620	 2.063626	 0.033592	 0.190320	 0.036394
518	 0.014010	 0.009076	 0.000037	 0.004779	 0.000060	2.358630	 2.072702	 0.033629	 0.195099	 0.036454
519	 0.005164	 0.004170	 0.000033	 0.000867	 0.000056	2.363794	 2.076872	 0.033662	 0.195966	 0.036510
520	 0.005221	 0.004252	 0.000086	 0.000718	 0.000121	2.369015	 2.081124	 0.033748	 0.196684	 0.036631
521	 0.005396	 0.004501	 0.000058	 0.000739	 0.000061	2.374411	 2.085625	 0.033806	 0.197423	 0.036692
522	 0.005241	 0.003960	 0.000072	 0.000987	 0.000153	2.379652	 2.089585	 0.033878	 0.198410	 0.036845
523	 0.004726	 0.003631	 0.000035	 0.000959	 0.000058	2.384378	 2.093216	 0.033913	 0.199369	 0.036903
524	 0.005592	 0.004620	 0.000079	 0.000690	 0.000140	2.389970	 2.097836	 0.033992	 0.200059	 0.037043
525	 0.006414	 0.005533	 0.000039	 0.000742	 0.000057	2.396384	 2.103369	 0.034031	 0.200801	 0.037100
526	 0.005125	 0.004177	 0.000054	 0.000729	 0.000119	2.401509	 2.107546	 0.034085	 0.201530	 0.037219
527	 0.005235	 0.004376	 0.000030	 0.000738	 0.000056	2.406744	 2.111922	 0.034115	 0.202268	 0.037275
528	 0.005934	 0.004632	 0.000092	 0.001039	 0.000119	2.412678	 2.116554	 0.034207	 0.203307	 0.037394
529	 0.005029	 0.004140	 0.000052	 0.000739	 0.000061	2.417707	 2.120694	 0.034259	 0.204046	 0.037455
530	 0.005719	 0.004705	 0.000059	 0.000800	 0.000118	2.423426	 2.125399	 0.034318	 0.204846	 0.037573
531	 0.004847	 0.003951	 0.000056	 0.000744	 0.000060	2.428273	 2.129350	 0.034374	 0.205590	 0.037633
532	 0.006030	 0.004855	 0.000059	 0.000963	 0.000118	2.434303	 2.134205	 0.034433	 0.206553	 0.037751
533	 0.005195	 0.004351	 0.000046	 0.000705	 0.000058	2.439498	 2.138556	 0.034479	 0.207258	 0.037809
534	 0.004936	 0.003748	 0.000057	 0.000974	 0.000118	2.444434	 2.142304	 0.034536	 0.208232	 0.037927
535	 0.006128	 0.005083	 0.000033	 0.000916	 0.000057	2.450562	 2.147387	 0.034569	 0.209148	 0.037984
536	 0.005002	 0.004022	 0.000056	 0.000760	 0.000122	2.455564	 2.151409	 0.034625	 0.209908	 0.038106
537	 0.006137	 0.004809	 0.000060	 0.001164	 0.000062	2.461701	 2.156218	 0.034685	 0.211072	 0.038168
538	 0.005312	 0.004284	 0.000086	 0.000770	 0.000131	2.467013	 2.160502	 0.034771	 0.211842	 0.038299
539	 0.005827	 0.004758	 0.000055	 0.000921	 0.000058	2.472840	 2.165260	 0.034826	 0.212763	 0.038357
540	 0.006025	 0.004863	 0.000077	 0.000917	 0.000123	2.478865	 2.170123	 0.034903	 0.213680	 0.038480
541	 0.006775	 0.005627	 0.000045	 0.001009	 0.000058	2.485640	 2.175750	 0.034948	 0.214689	 0.038538
542	 0.006156	 0.005215	 0.000064	 0.000715	 0.000126	2.491796	 2.180965	 0.035012	 0.215404	 0.038664
543	 0.005445	 0.004385	 0.000052	 0.000920	 0.000057	2.497241	 2.185350	 0.035064	 0.216324	 0.038721
544	 0.006535	 0.005485	 0.000058	 0.000837	 0.000118	2.503776	 2.190835	 0.035122	 0.217161	 0.038839
545	 0.005897	 0.004736	 0.000064	 0.001000	 0.000061	2.509673	 2.195571	 0.035186	 0.218161	 0.038900
546	 0.005553	 0.004571	 0.000075	 0.000723	 0.000140	2.515226	 2.200142	 0.035261	 0.218884	 0.039040
547	 0.005910	 0.004810	 0.000039	 0.000952	 0.000063	2.521136	 2.204952	 0.035300	 0.219836	 0.039103
548	 0.005392	 0.004441	 0.000056	 0.000739	 0.000120	2.526528	 2.209393	 0.035356	 0.220575	 0.039223
549	 0.005668	 0.004589	 0.000034	 0.000950	 0.000059	2.532196	 2.213982	 0.035390	 0.221525	 0.039282
550	 0.005819	 0.004214	 0.000082	 0.001367	 0.000120	2.538015	 2.218196	 0.035472	 0.222892	 0.039402
551	 0.005545	 0.004468	 0.000036	 0.000941	 0.000060	2.543560	 2.222664	 0.035508	 0.223833	 0.039462
552	 0.005163	 0.004177	 0.000086	 0.000728	 0.000128	2.548723	 2.226841	 0.035594	 0.224561	 0.039590
553	 0.005382	 0.003854	 0.000036	 0.001399	 0.000059	2.554105	 2.230695	 0.035630	 0.225960	 0.039649
554	 0.005517	 0.004285	 0.000058	 0.001013	 0.000119	2.559622	 2.234980	 0.035688	 0.226973	 0.039768
555	 0.004850	 0.003923	 0.000044	 0.000776	 0.000065	2.564472	 2.238903	 0.035732	 0.227749	 0.039833
556	 0.004838	 0.003805	 0.000055	 0.000804	 0.000129	2.569310	 2.242708	 0.035787	 0.228553	 0.039962
557	 0.005263	 0.004407	 0.000035	 0.000724	 0.000062	2.574573	 2.247115	 0.035822	 0.229277	 0.040024
558	 0.005874	 0.004603	 0.000060	 0.001046	 0.000125	2.580447	 2.251718	 0.035882	 0.230323	 0.040149
559	 0.006125	 0.004530	 0.000045	 0.001451	 0.000062	2.586572	 2.256248	 0.035927	 0.231774	 0.040211
560	 0.006149	 0.004726	 0.000056	 0.001206	 0.000122	2.592721	 2.260974	 0.035983	 0.232980	 0.040333
561	 0.005753	 0.004548	 0.000030	 0.001060	 0.000059	2.598474	 2.265522	 0.036013	 0.234040	 0.040392
562	 0.005704	 0.004093	 0.000064	 0.001454	 0.000059	2.604178	 2.269615	 0.036077	 0.235494	 0.040451
563	 0.004812	 0.003797	 0.000076	 0.000774	 0.000126	2.608990	 2.273412	 0.036153	 0.236268	 0.040577
564	 0.004919	 0.004025	 0.000031	 0.000767	 0.000060	2.613909	 2.277437	 0.036184	 0.237035	 0.040637
565	 0.005417	 0.004438	 0.000057	 0.000757	 0.000124	2.619326	 2.281875	 0.036241	 0.237792	 0.040761
566	 0.005041	 0.003694	 0.000047	 0.001212	 0.000058	2.624367	 2.285569	 0.036288	 0.239004	 0.040819
567	 0.005745	 0.003800	 0.000077	 0.001698	 0.000127	2.630112	 2.289369	 0.036365	 0.240702	 0.040946
568	 0.005650	 0.004074	 0.000037	 0.001443	 0.000059	2.635762	 2.293443	 0.036402	 0.242145	 0.041005
569	 0.005304	 0.004286	 0.000066	 0.000769	 0.000139	2.641066	 2.297729	 0.036468	 0.242914	 0.041144
570	 0.005002	 0.004024	 0.000087	 0.000773	 0.000072	2.646068	 2.301753	 0.036555	 0.243687	 0.041216
571	 0.005945	 0.004205	 0.000080	 0.001500	 0.000125	2.652013	 2.305958	 0.036635	 0.245187	 0.041341
572	 0.005832	 0.003964	 0.000045	 0.001725	 0.000060	2.657845	 2.309922	 0.036680	 0.246912	 0.041401
573	 0.005985	 0.004253	 0.000068	 0.001499	 0.000127	2.663830	 2.314175	 0.036748	 0.248411	 0.041528
574	 0.005439	 0.004267	 0.000054	 0.001022	 0.000060	2.669269	 2.318442	 0.036802	 0.249433	 0.041588
575	 0.006438	 0.004850	 0.000074	 0.001348	 0.000125	2.675707	 2.323292	 0.036876	 0.250781	 0.041713
576	 0.004959	 0.003709	 0.000065	 0.001079	 0.000068	2.680666	 2.327001	 0.036941	 0.251860	 0.041781
577	 0.007443	 0.004483	 0.000086	 0.002703	 0.000128	2.688109	 2.331484	 0.037027	 0.254563	 0.041909
578	 0.006028	 0.003407	 0.000034	 0.002496	 0.000058	2.694137	 2.334891	 0.037061	 0.257059	 0.041967
579	 0.005983	 0.004488	 0.000076	 0.001259	 0.000125	2.700120	 2.339379	 0.037137	 0.258318	 0.042092
580	 0.005805	 0.004386	 0.000046	 0.001275	 0.000060	2.705925	 2.343765	 0.037183	 0.259593	 0.042152
581	 0.006707	 0.004110	 0.000080	 0.002350	 0.000125	2.712632	 2.347875	 0.037263	 0.261943	 0.042277
582	 0.005691	 0.003939	 0.000057	 0.001590	 0.000062	2.718323	 2.351814	 0.037320	 0.263533	 0.042339
583	 0.005046	 0.003800	 0.000063	 0.001019	 0.000127	2.723369	 2.355614	 0.037383	 0.264552	 0.042466
584	 0.006141	 0.003723	 0.000044	 0.002253	 0.000077	2.729510	 2.359337	 0.037427	 0.266805	 0.042543
585	 0.005964	 0.004227	 0.000056	 0.001504	 0.000136	2.735474	 2.363564	 0.037483	 0.268309	 0.042679
586	 0.006092	 0.004208	 0.000032	 0.001749	 0.000070	2.741566	 2.367772	 0.037515	 0.270058	 0.042749
587	 0.006461	 0.004423	 0.000059	 0.001798	 0.000139	2.748027	 2.372195	 0.037574	 0.271856	 0.042888
588	 0.005671	 0.004424	 0.000033	 0.001115	 0.000062	2.753698	 2.376619	 0.037607	 0.272971	 0.042950
589	 0.006716	 0.005219	 0.000057	 0.001273	 0.000127	2.760414	 2.381838	 0.037664	 0.274244	 0.043077
590	 0.006665	 0.004321	 0.000032	 0.002221	 0.000060	2.767079	 2.386159	 0.037696	 0.276465	 0.043137
591	 0.005635	 0.004105	 0.000059	 0.001301	 0.000128	2.772714	 2.390264	 0.037755	 0.277766	 0.043265
592	 0.005480	 0.004444	 0.000045	 0.000880	 0.000073	2.778194	 2.394708	 0.037800	 0.278646	 0.043338
593	 0.010281	 0.005532	 0.000053	 0.004530	 0.000128	2.788475	 2.400240	 0.037853	 0.283176	 0.043466
594	 0.006747	 0.004035	 0.000031	 0.002593	 0.000059	2.795222	 2.404275	 0.037884	 0.285769	 0.043525
595	 0.009661	 0.005001	 0.000064	 0.004420	 0.000128	2.804883	 2.409276	 0.037948	 0.290189	 0.043653
596	 0.006847	 0.004169	 0.000064	 0.002513	 0.000062	2.811730	 2.413445	 0.038012	 0.292702	 0.043715
597	 0.007611	 0.004699	 0.000096	 0.002632	 0.000132	2.819341	 2.418144	 0.038108	 0.295334	 0.043847
598	 0.007106	 0.004437	 0.000034	 0.002542	 0.000060	2.826447	 2.422581	 0.038142	 0.297876	 0.043907
599	 0.005545	 0.003962	 0.000086	 0.001323	 0.000135	2.831992	 2.426543	 0.038228	 0.299199	 0.044042
600	 0.006598	 0.004319	 0.000049	 0.002131	 0.000062	2.838590	 2.430862	 0.038277	 0.301330	 0.044104
601	 0.007713	 0.004324	 0.000089	 0.003082	 0.000151	2.846303	 2.435186	 0.038366	 0.304412	 0.044255
602	 0.005528	 0.003948	 0.000051	 0.001349	 0.000086	2.851831	 2.439134	 0.038417	 0.305761	 0.044341
603	 0.008334	 0.004433	 0.000060	 0.003661	 0.000142	2.860165	 2.443567	 0.038477	 0.309422	 0.044483
604	 0.006152	 0.004339	 0.000037	 0.001666	 0.000072	2.866317	 2.447906	 0.038514	 0.311088	 0.044555
605	 0.008758	 0.004295	 0.000059	 0.004231	 0.000138	2.875075	 2.452201	 0.038573	 0.315319	 0.044693
606	 0.012258	 0.004139	 0.000088	 0.007894	 0.000085	2.887333	 2.456340	 0.038661	 0.323213	 0.044778
607	 0.009503	 0.004732	 0.000085	 0.004499	 0.000144	2.896836	 2.461072	 0.038746	 0.327712	 0.044922
608	 0.006722	 0.005198	 0.000046	 0.001356	 0.000069	2.903558	 2.466270	 0.038792	 0.329068	 0.044991
609	 0.005259	 0.004269	 0.000035	 0.000853	 0.000069	2.908817	 2.470539	 0.038827	 0.329921	 0.045060
610	 0.005104	 0.003957	 0.000057	 0.000920	 0.000135	2.913921	 2.474496	 0.038884	 0.330841	 0.045195
611	 0.005067	 0.004029	 0.000032	 0.000904	 0.000069	2.918988	 2.478525	 0.038916	 0.331745	 0.045264
612	 0.005042	 0.003870	 0.000080	 0.000925	 0.000131	2.924030	 2.482395	 0.038996	 0.332670	 0.045395
613	 0.005456	 0.004410	 0.000045	 0.000911	 0.000060	2.929486	 2.486805	 0.039041	 0.333581	 0.045455
614	 0.006265	 0.005111	 0.000069	 0.000920	 0.000127	2.935751	 2.491916	 0.039110	 0.334501	 0.045582
615	 0.004986	 0.003943	 0.000031	 0.000920	 0.000060	2.940737	 2.495859	 0.039141	 0.335421	 0.045642
616	 0.006354	 0.004923	 0.000058	 0.001202	 0.000130	2.947091	 2.500782	 0.039199	 0.336623	 0.045772
617	 0.006215	 0.005146	 0.000048	 0.000924	 0.000064	2.953306	 2.505928	 0.039247	 0.337547	 0.045836
618	 0.005425	 0.004259	 0.000069	 0.000926	 0.000131	2.958731	 2.510187	 0.039316	 0.338473	 0.045967
619	 0.004752	 0.003689	 0.000032	 0.000938	 0.000061	2.963483	 2.513876	 0.039348	 0.339411	 0.046028
620	 0.005638	 0.004428	 0.000083	 0.000948	 0.000133	2.969121	 2.518304	 0.039431	 0.340359	 0.046161
621	 0.005341	 0.004245	 0.000059	 0.000930	 0.000064	2.974462	 2.522549	 0.039490	 0.341289	 0.046225
622	 0.004832	 0.003668	 0.000064	 0.000929	 0.000130	2.979294	 2.526217	 0.039554	 0.342218	 0.046355
623	 0.005659	 0.004298	 0.000031	 0.001230	 0.000063	2.984953	 2.530515	 0.039585	 0.343448	 0.046418
624	 0.005265	 0.004113	 0.000055	 0.000933	 0.000130	2.990218	 2.534628	 0.039640	 0.344381	 0.046548
625	 0.005477	 0.004457	 0.000049	 0.000873	 0.000063	2.995695	 2.539085	 0.039689	 0.345254	 0.046611
626	 0.005572	 0.004411	 0.000060	 0.000931	 0.000131	3.001267	 2.543496	 0.039749	 0.346185	 0.046742
627	 0.005292	 0.004235	 0.000031	 0.000929	 0.000061	3.006559	 2.547731	 0.039780	 0.347114	 0.046803
628	 0.005198	 0.004016	 0.000062	 0.000943	 0.000134	3.011757	 2.551747	 0.039842	 0.348057	 0.046937
629	 0.005802	 0.004670	 0.000059	 0.000952	 0.000064	3.017559	 2.556417	 0.039901	 0.349009	 0.047001
630	 0.006749	 0.005308	 0.000058	 0.001274	 0.000065	3.024308	 2.561725	 0.039959	 0.350283	 0.047066
631	 0.006260	 0.005077	 0.000077	 0.000940	 0.000129	3.030568	 2.566802	 0.040036	 0.351223	 0.047195
632	 0.007514	 0.006123	 0.000033	 0.001263	 0.000062	3.038082	 2.572925	 0.040069	 0.352486	 0.047257
633	 0.005100	 0.003871	 0.000065	 0.000987	 0.000135	3.043182	 2.576796	 0.040134	 0.353473	 0.047392
634	 0.005683	 0.004588	 0.000035	 0.000960	 0.000064	3.048865	 2.581384	 0.040169	 0.354433	 0.047456
635	 0.005758	 0.004548	 0.000080	 0.000962	 0.000132	3.054623	 2.585932	 0.040249	 0.355395	 0.047588
636	 0.005351	 0.003954	 0.000052	 0.001244	 0.000064	3.059974	 2.589886	 0.040301	 0.356639	 0.047652
637	 0.005790	 0.004580	 0.000060	 0.000970	 0.000137	3.065764	 2.594466	 0.040361	 0.357609	 0.047789
638	 0.005626	 0.004514	 0.000051	 0.000962	 0.000063	3.071390	 2.598980	 0.040412	 0.358571	 0.047852
639	 0.005987	 0.004465	 0.000075	 0.001271	 0.000135	3.077377	 2.603445	 0.040487	 0.359842	 0.047987
640	 0.005441	 0.004316	 0.000049	 0.000971	 0.000066	3.082818	 2.607761	 0.040536	 0.360813	 0.048053
641	 0.006744	 0.004573	 0.000060	 0.001938	 0.000132	3.089562	 2.612334	 0.040596	 0.362751	 0.048185
642	 0.007004	 0.005157	 0.000042	 0.001683	 0.000078	3.096566	 2.617491	 0.040638	 0.364434	 0.048263
643	 0.006198	 0.004943	 0.000063	 0.001000	 0.000143	3.102764	 2.622434	 0.040701	 0.365434	 0.048406
644	 0.006077	 0.004947	 0.000031	 0.000993	 0.000070	3.108841	 2.627381	 0.040732	 0.366427	 0.048476
645	 0.005250	 0.004017	 0.000053	 0.000989	 0.000139	3.114091	 2.631398	 0.040785	 0.367416	 0.048615
646	 0.005373	 0.004219	 0.000061	 0.000991	 0.000069	3.119464	 2.635617	 0.040846	 0.368407	 0.048684
647	 0.007315	 0.005772	 0.000075	 0.001294	 0.000139	3.126779	 2.641389	 0.040921	 0.369701	 0.048823
648	 0.005904	 0.004479	 0.000031	 0.001301	 0.000062	3.132683	 2.645868	 0.040952	 0.371002	 0.048885
649	 0.006490	 0.005264	 0.000092	 0.000953	 0.000143	3.139173	 2.651132	 0.041044	 0.371955	 0.049028
650	 0.005521	 0.004350	 0.000055	 0.001017	 0.000063	3.144694	 2.655482	 0.041099	 0.372972	 0.049091
651	 0.005933	 0.004720	 0.000067	 0.000966	 0.000135	3.150627	 2.660202	 0.041166	 0.373938	 0.049226
652	 0.005153	 0.004021	 0.000034	 0.001000	 0.000062	3.155780	 2.664223	 0.041200	 0.374938	 0.049288
653	 0.006295	 0.004366	 0.000089	 0.001666	 0.000133	3.162075	 2.668589	 0.041289	 0.376604	 0.049421
654	 0.005936	 0.004124	 0.000047	 0.001666	 0.000063	3.168011	 2.672713	 0.041336	 0.378270	 0.049484
655	 0.005481	 0.004233	 0.000079	 0.000997	 0.000134	3.173492	 2.676946	 0.041415	 0.379267	 0.049618
656	 0.006164	 0.004717	 0.000049	 0.001303	 0.000061	3.179656	 2.681663	 0.041464	 0.380570	 0.049679
657	 0.005956	 0.004233	 0.000106	 0.001408	 0.000152	3.185612	 2.685896	 0.041570	 0.381978	 0.049831
658	 0.005006	 0.003856	 0.000040	 0.000999	 0.000070	3.190618	 2.689752	 0.041610	 0.382977	 0.049901
659	 0.005253	 0.004032	 0.000055	 0.001003	 0.000132	3.195871	 2.693784	 0.041665	 0.383980	 0.050033
660	 0.005981	 0.004518	 0.000051	 0.001314	 0.000062	3.201852	 2.698302	 0.041716	 0.385294	 0.050095
661	 0.005523	 0.004324	 0.000060	 0.000969	 0.000132	3.207375	 2.702626	 0.041776	 0.386263	 0.050227
662	 0.006223	 0.005114	 0.000049	 0.000949	 0.000074	3.213598	 2.707740	 0.041825	 0.387212	 0.050301
663	 0.005752	 0.004192	 0.000076	 0.001303	 0.000142	3.219350	 2.711932	 0.041901	 0.388515	 0.050443
664	 0.005782	 0.004071	 0.000065	 0.001498	 0.000104	3.225132	 2.716003	 0.041966	 0.390013	 0.050547
665	 0.005186	 0.003931	 0.000063	 0.001019	 0.000135	3.230318	 2.719934	 0.042029	 0.391032	 0.050682
666	 0.005297	 0.004182	 0.000047	 0.000960	 0.000074	3.235615	 2.724116	 0.042076	 0.391992	 0.050756
667	 0.006578	 0.004639	 0.000072	 0.001689	 0.000142	3.242193	 2.728755	 0.042148	 0.393681	 0.050898
668	 0.006702	 0.004967	 0.000059	 0.001571	 0.000071	3.248895	 2.733722	 0.042207	 0.395252	 0.050969
669	 0.006117	 0.004476	 0.000076	 0.001385	 0.000144	3.255012	 2.738198	 0.042283	 0.396637	 0.051113
670	 0.007135	 0.005166	 0.000032	 0.001839	 0.000062	3.262147	 2.743364	 0.042315	 0.398476	 0.051175
671	 0.005546	 0.004278	 0.000055	 0.001041	 0.000133	3.267693	 2.747642	 0.042370	 0.399517	 0.051308
672	 0.005950	 0.004236	 0.000058	 0.001549	 0.000065	3.273643	 2.751878	 0.042428	 0.401066	 0.051373
673	 0.005755	 0.004357	 0.000103	 0.001100	 0.000147	3.279398	 2.756235	 0.042531	 0.402166	 0.051520
674	 0.005852	 0.004058	 0.000039	 0.001645	 0.000068	3.285250	 2.760293	 0.042570	 0.403811	 0.051588
675	 0.006165	 0.004265	 0.000052	 0.001680	 0.000129	3.291415	 2.764558	 0.042622	 0.405491	 0.051717
676	 0.005907	 0.004232	 0.000048	 0.001532	 0.000062	3.297322	 2.768790	 0.042670	 0.407023	 0.051779
677	 0.005766	 0.004158	 0.000076	 0.001358	 0.000135	3.303088	 2.772948	 0.042746	 0.408381	 0.051914
678	 0.006378	 0.004629	 0.000034	 0.001600	 0.000077	3.309466	 2.777577	 0.042780	 0.409981	 0.051991
679	 0.008277	 0.004711	 0.000064	 0.003312	 0.000146	3.317743	 2.782288	 0.042844	 0.413293	 0.052137
680	 0.007786	 0.004956	 0.000069	 0.002654	 0.000067	3.325529	 2.787244	 0.042913	 0.415947	 0.052204
681	 0.006453	 0.005095	 0.000086	 0.001087	 0.000138	3.331982	 2.792339	 0.042999	 0.417034	 0.052342
682	 0.005459	 0.003725	 0.000050	 0.001578	 0.000066	3.337441	 2.796064	 0.043049	 0.418612	 0.052408
683	 0.005919	 0.004403	 0.000061	 0.001285	 0.000135	3.343360	 2.800467	 0.043110	 0.419897	 0.052543
684	 0.006483	 0.003839	 0.000032	 0.002510	 0.000065	3.349843	 2.804306	 0.043142	 0.422407	 0.052608
685	 0.007809	 0.004325	 0.000103	 0.003191	 0.000140	3.357652	 2.808631	 0.043245	 0.425598	 0.052748
686	 0.006967	 0.003993	 0.000046	 0.002831	 0.000063	3.364619	 2.812624	 0.043291	 0.428429	 0.052811
687	 0.006630	 0.004474	 0.000071	 0.001919	 0.000130	3.371249	 2.817098	 0.043362	 0.430348	 0.052941
688	 0.005878	 0.004096	 0.000033	 0.001642	 0.000065	3.377127	 2.821194	 0.043395	 0.431990	 0.053006
689	 0.006658	 0.004684	 0.000087	 0.001701	 0.000138	3.383785	 2.825878	 0.043482	 0.433691	 0.053144
690	 0.006215	 0.003817	 0.000034	 0.002261	 0.000064	3.390000	 2.829695	 0.043516	 0.435952	 0.053208
691	 0.015651	 0.013423	 0.000102	 0.001917	 0.000145	3.405651	 2.843118	 0.043618	 0.437869	 0.053353
692	 0.006919	 0.005660	 0.000060	 0.001083	 0.000078	3.412570	 2.848778	 0.043678	 0.438952	 0.053431
693	 0.005727	 0.004410	 0.000066	 0.001065	 0.000145	3.418297	 2.853188	 0.043744	 0.440017	 0.053576
694	 0.005071	 0.003891	 0.000034	 0.001050	 0.000065	3.423368	 2.857079	 0.043778	 0.441067	 0.053641
695	 0.006473	 0.004831	 0.000056	 0.001404	 0.000137	3.429841	 2.861910	 0.043834	 0.442471	 0.053778
696	 0.006485	 0.005193	 0.000063	 0.001116	 0.000070	3.436326	 2.867103	 0.043897	 0.443587	 0.053848
697	 0.006045	 0.004665	 0.000096	 0.001096	 0.000141	3.442371	 2.871768	 0.043993	 0.444683	 0.053989
698	 0.005873	 0.004729	 0.000031	 0.001013	 0.000063	3.448244	 2.876497	 0.044024	 0.445696	 0.054052
699	 0.005124	 0.003779	 0.000080	 0.001085	 0.000136	3.453368	 2.880276	 0.044104	 0.446781	 0.054188
700	 0.005343	 0.004104	 0.000059	 0.001044	 0.000076	3.458711	 2.884380	 0.044163	 0.447825	 0.054264
701	 0.005504	 0.004070	 0.000133	 0.001070	 0.000160	3.464215	 2.888450	 0.044296	 0.448895	 0.054424
702	 0.005684	 0.004267	 0.000090	 0.001138	 0.000077	3.469899	 2.892717	 0.044386	 0.450033	 0.054501
703	 0.006036	 0.004329	 0.000114	 0.001320	 0.000160	3.475935	 2.897046	 0.044500	 0.451353	 0.054661
704	 0.006383	 0.004563	 0.000069	 0.001586	 0.000096	3.482318	 2.901609	 0.044569	 0.452939	 0.054757
705	 0.005768	 0.004311	 0.000079	 0.001154	 0.000159	3.488086	 2.905920	 0.044648	 0.454093	 0.054916
706	 0.006370	 0.004634	 0.000076	 0.001538	 0.000072	3.494456	 2.910554	 0.044724	 0.455631	 0.054988
707	 0.006015	 0.004716	 0.000080	 0.001042	 0.000137	3.500471	 2.915270	 0.044804	 0.456673	 0.055125
708	 0.006612	 0.005063	 0.000084	 0.001351	 0.000080	3.507083	 2.920333	 0.044888	 0.458024	 0.055205
709	 0.005542	 0.004210	 0.000059	 0.001095	 0.000140	3.512625	 2.924543	 0.044947	 0.459119	 0.055345
710	 0.006142	 0.004185	 0.000052	 0.001799	 0.000067	3.518767	 2.928728	 0.044999	 0.460918	 0.055412
711	 0.005001	 0.003652	 0.000058	 0.001117	 0.000136	3.523768	 2.932380	 0.045057	 0.462035	 0.055548
712	 0.006525	 0.005261	 0.000043	 0.001108	 0.000068	3.530293	 2.937641	 0.045100	 0.463143	 0.055616
713	 0.006866	 0.004791	 0.000065	 0.001817	 0.000141	3.537159	 2.942432	 0.045165	 0.464960	 0.055757
714	 0.005814	 0.004311	 0.000033	 0.001362	 0.000068	3.542973	 2.946743	 0.045198	 0.466322	 0.055825
715	 0.006720	 0.004992	 0.000057	 0.001480	 0.000135	3.549693	 2.951735	 0.045255	 0.467802	 0.055960
716	 0.006226	 0.004614	 0.000031	 0.001468	 0.000076	3.555919	 2.956349	 0.045286	 0.469270	 0.056036
717	 0.007303	 0.005897	 0.000060	 0.001154	 0.000151	3.563222	 2.962246	 0.045346	 0.470424	 0.056187
718	 0.006841	 0.005196	 0.000034	 0.001505	 0.000074	3.570063	 2.967442	 0.045380	 0.471929	 0.056261
719	 0.006691	 0.005290	 0.000092	 0.001127	 0.000146	3.576754	 2.972732	 0.045472	 0.473056	 0.056407
720	 0.006307	 0.005039	 0.000034	 0.001138	 0.000066	3.583061	 2.977771	 0.045506	 0.474194	 0.056473
721	 0.006789	 0.004342	 0.000076	 0.002192	 0.000138	3.589850	 2.982113	 0.045582	 0.476386	 0.056611
722	 0.005370	 0.004139	 0.000033	 0.001074	 0.000067	3.595220	 2.986252	 0.045615	 0.477460	 0.056678
723	 0.005945	 0.004385	 0.000034	 0.001425	 0.000067	3.601165	 2.990637	 0.045649	 0.478885	 0.056745
724	 0.006335	 0.004571	 0.000085	 0.001483	 0.000157	3.607500	 2.995208	 0.045734	 0.480368	 0.056902
725	 0.005278	 0.004075	 0.000048	 0.001061	 0.000063	3.612778	 2.999283	 0.045782	 0.481429	 0.056965
726	 0.006497	 0.005128	 0.000063	 0.001124	 0.000137	3.619275	 3.004411	 0.045845	 0.482553	 0.057102
727	 0.005512	 0.004155	 0.000039	 0.001199	 0.000075	3.624787	 3.008566	 0.045884	 0.483752	 0.057177
728	 0.006055	 0.004368	 0.000090	 0.001418	 0.000139	3.630842	 3.012934	 0.045974	 0.485170	 0.057316
729	 0.006143	 0.004507	 0.000053	 0.001478	 0.000070	3.636985	 3.017441	 0.046027	 0.486648	 0.057386
730	 0.006791	 0.005309	 0.000075	 0.001224	 0.000140	3.643776	 3.022750	 0.046102	 0.487872	 0.057526
731	 0.005764	 0.004529	 0.000045	 0.001073	 0.000066	3.649540	 3.027279	 0.046147	 0.488945	 0.057592
732	 0.006592	 0.005341	 0.000045	 0.001098	 0.000068	3.656132	 3.032620	 0.046192	 0.490043	 0.057660
733	 0.005716	 0.004287	 0.000081	 0.001159	 0.000142	3.661848	 3.036907	 0.046273	 0.491202	 0.057802
734	 0.005924	 0.004051	 0.000036	 0.001737	 0.000066	3.667772	 3.040958	 0.046309	 0.492939	 0.057868
735	 0.006710	 0.004070	 0.000068	 0.002380	 0.000143	3.674482	 3.045028	 0.046377	 0.495319	 0.058011
736	 0.006406	 0.004170	 0.000036	 0.002089	 0.000077	3.680888	 3.049198	 0.046413	 0.497408	 0.058088
737	 0.005752	 0.003993	 0.000058	 0.001508	 0.000151	3.686640	 3.053191	 0.046471	 0.498916	 0.058239
738	 0.005607	 0.004376	 0.000058	 0.001074	 0.000064	3.692247	 3.057567	 0.046529	 0.499990	 0.058303
739	 0.006790	 0.004986	 0.000076	 0.001542	 0.000141	3.699037	 3.062553	 0.046605	 0.501532	 0.058444
740	 0.007563	 0.004919	 0.000045	 0.002482	 0.000071	3.706600	 3.067472	 0.046650	 0.504014	 0.058515
741	 0.006497	 0.004923	 0.000057	 0.001333	 0.000139	3.713097	 3.072395	 0.046707	 0.505347	 0.058654
742	 0.006526	 0.005296	 0.000034	 0.001094	 0.000067	3.719623	 3.077691	 0.046741	 0.506441	 0.058721
743	 0.007839	 0.005331	 0.000056	 0.002278	 0.000137	3.727462	 3.083022	 0.046797	 0.508719	 0.058858
744	 0.008186	 0.005188	 0.000031	 0.002864	 0.000067	3.735648	 3.088210	 0.046828	 0.511583	 0.058925
745	 0.006874	 0.004932	 0.000099	 0.001644	 0.000154	3.742522	 3.093142	 0.046927	 0.513227	 0.059079
746	 0.007609	 0.004629	 0.000048	 0.002826	 0.000067	3.750131	 3.097771	 0.046975	 0.516053	 0.059146
747	 0.006533	 0.004756	 0.000057	 0.001550	 0.000138	3.756664	 3.102527	 0.047032	 0.517603	 0.059284
748	 0.006874	 0.005632	 0.000031	 0.001099	 0.000077	3.763538	 3.108159	 0.047063	 0.518702	 0.059361
749	 0.007438	 0.005154	 0.000060	 0.002024	 0.000156	3.770976	 3.113313	 0.047123	 0.520726	 0.059517
750	 0.006725	 0.005309	 0.000064	 0.001210	 0.000082	3.777701	 3.118622	 0.047187	 0.521936	 0.059599
751	 0.007306	 0.005502	 0.000060	 0.001531	 0.000148	3.785007	 3.124124	 0.047247	 0.523467	 0.059747
752	 0.007578	 0.005088	 0.000129	 0.001932	 0.000243	3.792585	 3.129212	 0.047376	 0.525399	 0.059990
753	 0.005645	 0.004383	 0.000033	 0.001115	 0.000078	3.798230	 3.133595	 0.047409	 0.526514	 0.060068
754	 0.006167	 0.004355	 0.000055	 0.001572	 0.000147	3.804397	 3.137950	 0.047464	 0.528086	 0.060215
755	 0.005432	 0.003802	 0.000030	 0.001495	 0.000072	3.809829	 3.141752	 0.047494	 0.529581	 0.060287
756	 0.006176	 0.004295	 0.000063	 0.001626	 0.000142	3.816005	 3.146047	 0.047557	 0.531207	 0.060429
757	 0.005518	 0.004109	 0.000074	 0.001212	 0.000084	3.821523	 3.150156	 0.047631	 0.532419	 0.060513
758	 0.006079	 0.004620	 0.000067	 0.001197	 0.000152	3.827602	 3.154776	 0.047698	 0.533616	 0.060665
759	 0.006476	 0.004834	 0.000050	 0.001478	 0.000077	3.834078	 3.159610	 0.047748	 0.535094	 0.060742
760	 0.006081	 0.004620	 0.000062	 0.001219	 0.000148	3.840159	 3.164230	 0.047810	 0.536313	 0.060890
761	 0.007185	 0.004483	 0.000034	 0.002562	 0.000070	3.847344	 3.168713	 0.047844	 0.538875	 0.060960
762	 0.005870	 0.004414	 0.000075	 0.001202	 0.000141	3.853214	 3.173127	 0.047919	 0.540077	 0.061101
763	 0.007231	 0.005234	 0.000036	 0.001856	 0.000068	3.860445	 3.178361	 0.047955	 0.541933	 0.061169
764	 0.008056	 0.005817	 0.000064	 0.001994	 0.000141	3.868501	 3.184178	 0.048019	 0.543927	 0.061310
765	 0.007663	 0.006320	 0.000036	 0.001197	 0.000078	3.876164	 3.190498	 0.048055	 0.545124	 0.061388
766	 0.007274	 0.005292	 0.000098	 0.001663	 0.000158	3.883438	 3.195790	 0.048153	 0.546787	 0.061546
767	 0.007286	 0.005894	 0.000035	 0.001239	 0.000080	3.890724	 3.201684	 0.048188	 0.548026	 0.061626
768	 0.006206	 0.004742	 0.000058	 0.001217	 0.000150	3.896930	 3.206426	 0.048246	 0.549243	 0.061776
769	 0.006866	 0.005139	 0.000031	 0.001583	 0.000074	3.903796	 3.211565	 0.048277	 0.550826	 0.061850
770	 0.007598	 0.004942	 0.000082	 0.002388	 0.000150	3.911394	 3.216507	 0.048359	 0.553214	 0.062000
771	 0.006825	 0.005477	 0.000032	 0.001214	 0.000074	3.918219	 3.221984	 0.048391	 0.554428	 0.062074
772	 0.006796	 0.005279	 0.000078	 0.001242	 0.000154	3.925015	 3.227263	 0.048469	 0.555670	 0.062228
773	 0.007236	 0.005741	 0.000043	 0.001325	 0.000085	3.932251	 3.233004	 0.048512	 0.556995	 0.062313
774	 0.007136	 0.004705	 0.000078	 0.002130	 0.000161	3.939387	 3.237709	 0.048590	 0.559125	 0.062474
775	 0.006458	 0.005061	 0.000031	 0.001255	 0.000074	3.945845	 3.242770	 0.048621	 0.560380	 0.062548
776	 0.006834	 0.004865	 0.000060	 0.001711	 0.000160	3.952679	 3.247635	 0.048681	 0.562091	 0.062708
777	 0.006628	 0.005224	 0.000060	 0.001240	 0.000066	3.959307	 3.252859	 0.048741	 0.563331	 0.062774
778	 0.007027	 0.005233	 0.000070	 0.001525	 0.000140	3.966334	 3.258092	 0.048811	 0.564856	 0.062914
779	 0.007310	 0.005773	 0.000074	 0.001340	 0.000078	3.973644	 3.263865	 0.048885	 0.566196	 0.062992
780	 0.007985	 0.006485	 0.000080	 0.001204	 0.000150	3.981629	 3.270350	 0.048965	 0.567400	 0.063142
781	 0.007347	 0.005980	 0.000031	 0.001239	 0.000065	3.988976	 3.276330	 0.048996	 0.568639	 0.063207
782	 0.007835	 0.005312	 0.000077	 0.002263	 0.000143	3.996811	 3.281642	 0.049073	 0.570902	 0.063350
783	 0.006750	 0.005390	 0.000050	 0.001189	 0.000078	4.003561	 3.287032	 0.049123	 0.572091	 0.063428
784	 0.006183	 0.004624	 0.000099	 0.001252	 0.000161	4.009744	 3.291656	 0.049222	 0.573343	 0.063589
785	 0.005612	 0.004211	 0.000046	 0.001254	 0.000066	4.015356	 3.295867	 0.049268	 0.574597	 0.063655
786	 0.006389	 0.004872	 0.000078	 0.001254	 0.000145	4.021745	 3.300739	 0.049346	 0.575851	 0.063800
787	 0.005769	 0.004464	 0.000045	 0.001157	 0.000066	4.027514	 3.305203	 0.049391	 0.577008	 0.063866
788	 0.006605	 0.004706	 0.000069	 0.001649	 0.000143	4.034119	 3.309909	 0.049460	 0.578657	 0.064009
789	 0.008602	 0.005511	 0.000055	 0.002921	 0.000070	4.042721	 3.315420	 0.049515	 0.581578	 0.064079
790	 0.006448	 0.004522	 0.000060	 0.001684	 0.000142	4.049169	 3.319942	 0.049575	 0.583262	 0.064221
791	 0.006597	 0.005214	 0.000033	 0.001248	 0.000067	4.055766	 3.325156	 0.049608	 0.584510	 0.064288
792	 0.008615	 0.006280	 0.000078	 0.002078	 0.000142	4.064381	 3.331436	 0.049686	 0.586588	 0.064430
793	 0.006379	 0.004947	 0.000045	 0.001280	 0.000076	4.070760	 3.336383	 0.049731	 0.587868	 0.064506
794	 0.008252	 0.006573	 0.000058	 0.001426	 0.000152	4.079012	 3.342956	 0.049789	 0.589294	 0.064658
795	 0.007793	 0.006319	 0.000039	 0.001318	 0.000075	4.086805	 3.349275	 0.049828	 0.590612	 0.064733
796	 0.006691	 0.004663	 0.000097	 0.001736	 0.000146	4.093496	 3.353938	 0.049925	 0.592348	 0.064879
797	 0.007121	 0.004992	 0.000046	 0.001972	 0.000078	4.100617	 3.358930	 0.049971	 0.594320	 0.064957
798	 0.006937	 0.005358	 0.000077	 0.001314	 0.000151	4.107554	 3.364288	 0.050048	 0.595634	 0.065108
799	 0.007318	 0.005398	 0.000050	 0.001755	 0.000078	4.114872	 3.369686	 0.050098	 0.597389	 0.065186
800	 0.007940	 0.005071	 0.000067	 0.002602	 0.000155	4.122812	 3.374757	 0.050165	 0.599991	 0.065341
801	 0.007660	 0.005351	 0.000067	 0.002106	 0.000084	4.130472	 3.380108	 0.050232	 0.602097	 0.065425
802	 0.006501	 0.004869	 0.000084	 0.001308	 0.000162	4.136973	 3.384977	 0.050316	 0.603405	 0.065587
803	 0.007598	 0.006225	 0.000047	 0.001226	 0.000068	4.144571	 3.391202	 0.050363	 0.604631	 0.065655
804	 0.007834	 0.005500	 0.000056	 0.002102	 0.000141	4.152405	 3.396702	 0.050419	 0.606733	 0.065796
805	 0.008755	 0.006486	 0.000037	 0.002108	 0.000085	4.161160	 3.403188	 0.050456	 0.608841	 0.065881
806	 0.007349	 0.004385	 0.000063	 0.002687	 0.000161	4.168509	 3.407573	 0.050519	 0.611528	 0.066042
807	 0.009713	 0.005900	 0.000053	 0.003649	 0.000079	4.178222	 3.413473	 0.050572	 0.615177	 0.066121
808	 0.008912	 0.005152	 0.000075	 0.003490	 0.000153	4.187134	 3.418625	 0.050647	 0.618667	 0.066274
809	 0.008338	 0.005174	 0.000050	 0.002990	 0.000075	4.195472	 3.423799	 0.050697	 0.621657	 0.066349
810	 0.007947	 0.005404	 0.000060	 0.002300	 0.000143	4.203419	 3.429203	 0.050757	 0.623957	 0.066492
811	 0.006834	 0.004300	 0.000059	 0.002377	 0.000066	4.210253	 3.433503	 0.050816	 0.626334	 0.066558
812	 0.008373	 0.005147	 0.000069	 0.002977	 0.000142	4.218626	 3.438650	 0.050885	 0.629311	 0.066700
813	 0.007402	 0.005028	 0.000058	 0.002175	 0.000082	4.226028	 3.443678	 0.050943	 0.631486	 0.066782
814	 0.007662	 0.004921	 0.000094	 0.002460	 0.000142	4.233690	 3.448599	 0.051037	 0.633946	 0.066924
815	 0.007336	 0.005545	 0.000044	 0.001643	 0.000066	4.241026	 3.454144	 0.051081	 0.635589	 0.066990
816	 0.007009	 0.004850	 0.000083	 0.001797	 0.000232	4.248035	 3.458994	 0.051164	 0.637386	 0.067222
817	 0.007667	 0.005127	 0.000031	 0.002407	 0.000067	4.255702	 3.464121	 0.051195	 0.639793	 0.067289
818	 0.009714	 0.005370	 0.000098	 0.004039	 0.000158	4.265416	 3.469491	 0.051293	 0.643832	 0.067447
819	 0.008094	 0.005898	 0.000055	 0.002038	 0.000068	4.273510	 3.475389	 0.051348	 0.645870	 0.067515
820	 0.009180	 0.005253	 0.000058	 0.003687	 0.000141	4.282690	 3.480642	 0.051406	 0.649557	 0.067656
821	 0.007687	 0.005297	 0.000046	 0.002221	 0.000080	4.290377	 3.485939	 0.051452	 0.651778	 0.067736
822	 0.007314	 0.004966	 0.000218	 0.001751	 0.000280	4.297691	 3.490905	 0.051670	 0.653529	 0.068016
823	 0.013551	 0.005431	 0.000066	 0.007899	 0.000093	4.311242	 3.496336	 0.051736	 0.661428	 0.068109
824	 0.007163	 0.004784	 0.000063	 0.002110	 0.000157	4.318405	 3.501120	 0.051799	 0.663538	 0.068266
825	 0.010118	 0.004907	 0.000066	 0.005033	 0.000077	4.328523	 3.506027	 0.051865	 0.668571	 0.068343
826	 0.007934	 0.004684	 0.000083	 0.002960	 0.000157	4.336457	 3.510711	 0.051948	 0.671531	 0.068500
827	 0.008857	 0.005603	 0.000066	 0.003061	 0.000083	4.345314	 3.516314	 0.052014	 0.674592	 0.068583
828	 0.011011	 0.005115	 0.000065	 0.005642	 0.000154	4.356325	 3.521429	 0.052079	 0.680234	 0.068737
829	 0.007846	 0.005171	 0.000030	 0.002532	 0.000076	4.364171	 3.526600	 0.052109	 0.682766	 0.068813
830	 0.015895	 0.005056	 0.000111	 0.010502	 0.000166	4.380066	 3.531656	 0.052220	 0.693268	 0.068979
831	 0.009166	 0.005184	 0.000052	 0.003811	 0.000080	4.389232	 3.536840	 0.052272	 0.697079	 0.069059
832	 0.008851	 0.004461	 0.000060	 0.004142	 0.000153	4.398083	 3.541301	 0.052332	 0.701221	 0.069212
833	 0.007988	 0.005001	 0.000051	 0.002797	 0.000089	4.406071	 3.546302	 0.052383	 0.704018	 0.069301
834	 0.018634	 0.004172	 0.000112	 0.014011	 0.000286	4.424705	 3.550474	 0.052495	 0.718029	 0.069587
835	 0.016083	 0.004933	 0.000035	 0.011007	 0.000078	4.440788	 3.555407	 0.052530	 0.729036	 0.069665
836	 0.010870	 0.004261	 0.000094	 0.006316	 0.000154	4.451658	 3.559668	 0.052624	 0.735352	 0.069819
837	 0.007033	 0.003931	 0.000049	 0.002944	 0.000078	4.458691	 3.563599	 0.052673	 0.738296	 0.069897
838	 0.012690	 0.003901	 0.000113	 0.008444	 0.000167	4.471381	 3.567500	 0.052786	 0.746740	 0.070064
839	 0.010903	 0.004481	 0.000038	 0.006262	 0.000080	4.482284	 3.571981	 0.052824	 0.753002	 0.070144
840	 0.008067	 0.004391	 0.000083	 0.003400	 0.000156	4.490351	 3.576372	 0.052907	 0.756402	 0.070300
