55.414812
216.999999

54.192971
217.000000

51.985123
216.999999

59.179045
216.999999

51.617794
216.999998

55.426122
216.999998

52.425816
216.999997

52.213603
216.999998

52.636371
216.999999

55.399141
216.999999

52.247214
216.999999

66.271617
216.999998

55.393578
216.999999

43.754671
216.999999

54.580572
216.999998

58.921081
216.999999

55.717934
216.999998

55.414812
216.999999

60.613795
216.999999

53.757856
216.999999

59.055676
217.000000

57.869015
216.999999

59.761752
217.000000

62.344272
217.000000

52.289760
216.999999

58.919095
216.999999

53.666972
216.999999

52.161655
217.000000

53.810502
216.999999

57.763276
216.999998

