47.652591
217.000000

41.641278
216.999999

42.873957
217.000000

47.894930
216.999999

30.309751
216.999999

43.756036
216.999999

42.111333
217.000000

43.203158
216.999999

42.813923
217.000000

47.294675
217.000000

35.971704
217.000000

52.231977
217.000000

44.670863
216.999999

36.195221
217.000000

43.508533
216.999999

48.074229
217.000000

46.319190
216.999999

47.652591
217.000000

48.890511
217.000000

38.078186
217.000000

45.651139
217.000000

46.187004
216.999999

43.013378
216.999999

52.269190
216.999999

43.620738
216.999999

46.470000
216.999991

40.589139
216.999999

37.895476
216.999999

42.911977
216.999999

47.487302
216.999999

