0.355912
0.489716
0.083706
0.000000
0.000000
0.000000
0.000000
0.397421
0.464021
0.092236
0.000000
0.000000
0.000000
0.000000
0.398866
0.462597
0.093137
0.000000
0.000000
0.000000
0.000000
0.000000
0.000000
0.000000
0.438189
0.206879
0.000000
0.000000
0.000000
0.000000
0.000000
0.388469
0.181445
0.000000
0.000000
0.000000
0.000000
0.000000
0.000000
0.000000
0.000000
0.000000
234.232279
324.976619
50.791103
0.000000
0.000000
0.000000
0.000000
106.517149
123.365210
20.117641
0.000000
0.000000
0.000000
0.000000
98.403600
113.173136
18.423264
0.000000
0.000000
0.000000
0.000000
0.000000
0.000000
0.000000
237.058155
111.919352
0.000000
0.000000
0.000000
0.000000
0.000000
102.941845
48.080648
0.000000
0.000000
0.000000
0.000000
0.000000
0.000000
0.000000
0.000000
0.000000
15.615885
18.801781
7.968464
0.000000
0.000000
0.000000
0.000000
7.937597
10.270590
6.443880
0.000000
0.000000
0.000000
0.000000
7.293490
9.412665
6.255649
0.000000
0.000000
0.000000
0.000000
0.000000
0.000000
0.000000
0.000000
0.000000
0.000000
0.000000
0.000000
0.000000
0.000000
0.000000
0.000000
0.000000
0.000000
0.000000
0.000000
0.000000
0.000000
0.000000
0.000000
0.000000
500.000000
0.000000
0.000000
0.000000
0.000000
0.000000
135.000000
245.000000
0.000000
0.000000
0.000000
121.022493
78.977507
240.000000
49.613871
13.347934
12.038196
71.000000
35.000000
36.000000
0.002320
0.002319
0.002313
0.000000
0.000000
0.000000
0.000000
0.002373
0.002373
0.002365
0.000000
0.000000
0.000000
0.000000
0.002371
0.002372
0.002365
0.000000
0.000000
0.000000
0.000000
0.000000
0.000000
0.000000
0.002353
0.002351
0.000000
0.000000
0.000000
0.000000
0.000000
0.002371
0.002366
0.000000
0.000000
0.000000
0.000000
0.000000
0.000000
0.000000
0.000000
0.000000

0.355914
0.489718
0.083708
0.000000
0.000000
0.000000
0.000000
0.397425
0.464026
0.092240
0.000000
0.000000
0.000000
0.000000
0.398871
0.462602
0.093142
0.000000
0.000000
0.000000
0.000000
0.000000
0.000000
0.000000
0.438192
0.206882
0.000000
0.000000
0.000000
0.000000
0.000000
0.388474
0.181451
0.000000
0.000000
0.000000
0.000000
0.000000
0.000000
0.000000
0.000000
0.000000
234.232279
324.976619
50.791103
0.000000
0.000000
0.000000
0.000000
106.517149
123.365210
20.117641
0.000000
0.000000
0.000000
0.000000
98.403600
113.173136
18.423264
0.000000
0.000000
0.000000
0.000000
0.000000
0.000000
0.000000
237.058155
111.919352
0.000000
0.000000
0.000000
0.000000
0.000000
102.941845
48.080648
0.000000
0.000000
0.000000
0.000000
0.000000
0.000000
0.000000
0.000000
0.000000
15.615885
18.801781
7.968464
0.000000
0.000000
0.000000
0.000000
7.937597
10.270590
6.443880
0.000000
0.000000
0.000000
0.000000
7.293490
9.412665
6.255649
0.000000
0.000000
0.000000
0.000000
0.000000
0.000000
0.000000
0.000000
0.000000
0.000000
0.000000
0.000000
0.000000
0.000000
0.000000
0.000000
0.000000
0.000000
0.000000
0.000000
0.000000
0.000000
0.000000
0.000000
0.000000
500.000000
0.000000
0.000000
0.000000
0.000000
0.000000
135.000000
245.000000
0.000000
0.000000
0.000000
121.022493
78.977507
240.000000
49.613871
13.347934
12.038196
71.000000
35.000000
36.000000
0.003716
0.003715
0.003704
0.000000
0.000000
0.000000
0.000000
0.003751
0.003752
0.003740
0.000000
0.000000
0.000000
0.000000
0.003746
0.003747
0.003736
0.000000
0.000000
0.000000
0.000000
0.000000
0.000000
0.000000
0.003751
0.003744
0.000000
0.000000
0.000000
0.000000
0.000000
0.003745
0.003738
0.000000
0.000000
0.000000
0.000000
0.000000
0.000000
0.000000
0.000000
0.000000

0.355914
0.489718
0.083708
0.000000
0.000000
0.000000
0.000000
0.397425
0.464026
0.092240
0.000000
0.000000
0.000000
0.000000
0.398870
0.462601
0.093141
0.000000
0.000000
0.000000
0.000000
0.000000
0.000000
0.000000
0.438192
0.206882
0.000000
0.000000
0.000000
0.000000
0.000000
0.388473
0.181450
0.000000
0.000000
0.000000
0.000000
0.000000
0.000000
0.000000
0.000000
0.000000
234.232279
324.976619
50.791103
0.000000
0.000000
0.000000
0.000000
106.517149
123.365210
20.117641
0.000000
0.000000
0.000000
0.000000
98.403600
113.173136
18.423264
0.000000
0.000000
0.000000
0.000000
0.000000
0.000000
0.000000
237.058155
111.919352
0.000000
0.000000
0.000000
0.000000
0.000000
102.941845
48.080648
0.000000
0.000000
0.000000
0.000000
0.000000
0.000000
0.000000
0.000000
0.000000
15.615885
18.801781
7.968464
0.000000
0.000000
0.000000
0.000000
7.937597
10.270590
6.443880
0.000000
0.000000
0.000000
0.000000
7.293490
9.412665
6.255649
0.000000
0.000000
0.000000
0.000000
0.000000
0.000000
0.000000
0.000000
0.000000
0.000000
0.000000
0.000000
0.000000
0.000000
0.000000
0.000000
0.000000
0.000000
0.000000
0.000000
0.000000
0.000000
0.000000
0.000000
0.000000
500.000000
0.000000
0.000000
0.000000
0.000000
0.000000
135.000000
245.000000
0.000000
0.000000
0.000000
121.022493
78.977507
240.000000
49.613871
13.347934
12.038196
71.000000
35.000000
36.000000
0.003517
0.003515
0.003508
0.000000
0.000000
0.000000
0.000000
0.003561
0.003561
0.003546
0.000000
0.000000
0.000000
0.000000
0.003559
0.003559
0.003544
0.000000
0.000000
0.000000
0.000000
0.000000
0.000000
0.000000
0.003549
0.003547
0.000000
0.000000
0.000000
0.000000
0.000000
0.003558
0.003549
0.000000
0.000000
0.000000
0.000000
0.000000
0.000000
0.000000
0.000000
0.000000

0.355912
0.489715
0.083706
0.000000
0.000000
0.000000
0.000000
0.397419
0.464020
0.092234
0.000000
0.000000
0.000000
0.000000
0.398864
0.462595
0.093135
0.000000
0.000000
0.000000
0.000000
0.000000
0.000000
0.000000
0.438189
0.206878
0.000000
0.000000
0.000000
0.000000
0.000000
0.388467
0.181443
0.000000
0.000000
0.000000
0.000000
0.000000
0.000000
0.000000
0.000000
0.000000
234.232279
324.976619
50.791103
0.000000
0.000000
0.000000
0.000000
106.517149
123.365210
20.117641
0.000000
0.000000
0.000000
0.000000
98.403600
113.173136
18.423264
0.000000
0.000000
0.000000
0.000000
0.000000
0.000000
0.000000
237.058155
111.919352
0.000000
0.000000
0.000000
0.000000
0.000000
102.941845
48.080648
0.000000
0.000000
0.000000
0.000000
0.000000
0.000000
0.000000
0.000000
0.000000
15.615885
18.801781
7.968464
0.000000
0.000000
0.000000
0.000000
7.937597
10.270590
6.443880
0.000000
0.000000
0.000000
0.000000
7.293490
9.412665
6.255649
0.000000
0.000000
0.000000
0.000000
0.000000
0.000000
0.000000
0.000000
0.000000
0.000000
0.000000
0.000000
0.000000
0.000000
0.000000
0.000000
0.000000
0.000000
0.000000
0.000000
0.000000
0.000000
0.000000
0.000000
0.000000
500.000000
0.000000
0.000000
0.000000
0.000000
0.000000
135.000000
245.000000
0.000000
0.000000
0.000000
121.022493
78.977507
240.000000
49.613871
13.347934
12.038196
71.000000
35.000000
36.000000
0.001834
0.001834
0.001830
0.000000
0.000000
0.000000
0.000000
0.001882
0.001882
0.001876
0.000000
0.000000
0.000000
0.000000
0.001881
0.001881
0.001876
0.000000
0.000000
0.000000
0.000000
0.000000
0.000000
0.000000
0.001862
0.001861
0.000000
0.000000
0.000000
0.000000
0.000000
0.001881
0.001877
0.000000
0.000000
0.000000
0.000000
0.000000
0.000000
0.000000
0.000000
0.000000

0.355914
0.489718
0.083708
0.000000
0.000000
0.000000
0.000000
0.397425
0.464025
0.092240
0.000000
0.000000
0.000000
0.000000
0.398870
0.462601
0.093141
0.000000
0.000000
0.000000
0.000000
0.000000
0.000000
0.000000
0.438192
0.206881
0.000000
0.000000
0.000000
0.000000
0.000000
0.388473
0.181450
0.000000
0.000000
0.000000
0.000000
0.000000
0.000000
0.000000
0.000000
0.000000
234.232279
324.976619
50.791103
0.000000
0.000000
0.000000
0.000000
106.517149
123.365210
20.117641
0.000000
0.000000
0.000000
0.000000
98.403600
113.173136
18.423264
0.000000
0.000000
0.000000
0.000000
0.000000
0.000000
0.000000
237.058155
111.919352
0.000000
0.000000
0.000000
0.000000
0.000000
102.941845
48.080648
0.000000
0.000000
0.000000
0.000000
0.000000
0.000000
0.000000
0.000000
0.000000
15.615885
18.801781
7.968464
0.000000
0.000000
0.000000
0.000000
7.937597
10.270590
6.443880
0.000000
0.000000
0.000000
0.000000
7.293490
9.412665
6.255649
0.000000
0.000000
0.000000
0.000000
0.000000
0.000000
0.000000
0.000000
0.000000
0.000000
0.000000
0.000000
0.000000
0.000000
0.000000
0.000000
0.000000
0.000000
0.000000
0.000000
0.000000
0.000000
0.000000
0.000000
0.000000
500.000000
0.000000
0.000000
0.000000
0.000000
0.000000
135.000000
245.000000
0.000000
0.000000
0.000000
121.022493
78.977507
240.000000
49.613871
13.347934
12.038196
71.000000
35.000000
36.000000
0.003481
0.003479
0.003469
0.000000
0.000000
0.000000
0.000000
0.003529
0.003530
0.003515
0.000000
0.000000
0.000000
0.000000
0.003525
0.003526
0.003512
0.000000
0.000000
0.000000
0.000000
0.000000
0.000000
0.000000
0.003520
0.003515
0.000000
0.000000
0.000000
0.000000
0.000000
0.003524
0.003515
0.000000
0.000000
0.000000
0.000000
0.000000
0.000000
0.000000
0.000000
0.000000

0.355913
0.489716
0.083707
0.000000
0.000000
0.000000
0.000000
0.397421
0.464022
0.092236
0.000000
0.000000
0.000000
0.000000
0.398866
0.462597
0.093137
0.000000
0.000000
0.000000
0.000000
0.000000
0.000000
0.000000
0.438190
0.206880
0.000000
0.000000
0.000000
0.000000
0.000000
0.388469
0.181446
0.000000
0.000000
0.000000
0.000000
0.000000
0.000000
0.000000
0.000000
0.000000
234.232279
324.976619
50.791103
0.000000
0.000000
0.000000
0.000000
106.517149
123.365210
20.117641
0.000000
0.000000
0.000000
0.000000
98.403600
113.173136
18.423264
0.000000
0.000000
0.000000
0.000000
0.000000
0.000000
0.000000
237.058155
111.919352
0.000000
0.000000
0.000000
0.000000
0.000000
102.941845
48.080648
0.000000
0.000000
0.000000
0.000000
0.000000
0.000000
0.000000
0.000000
0.000000
15.615885
18.801781
7.968464
0.000000
0.000000
0.000000
0.000000
7.937597
10.270590
6.443880
0.000000
0.000000
0.000000
0.000000
7.293490
9.412665
6.255649
0.000000
0.000000
0.000000
0.000000
0.000000
0.000000
0.000000
0.000000
0.000000
0.000000
0.000000
0.000000
0.000000
0.000000
0.000000
0.000000
0.000000
0.000000
0.000000
0.000000
0.000000
0.000000
0.000000
0.000000
0.000000
500.000000
0.000000
0.000000
0.000000
0.000000
0.000000
135.000000
245.000000
0.000000
0.000000
0.000000
121.022493
78.977507
240.000000
49.613871
13.347933
12.038196
71.000000
35.000000
36.000000
0.002465
0.002463
0.002459
0.000000
0.000000
0.000000
0.000000
0.002522
0.002522
0.002512
0.000000
0.000000
0.000000
0.000000
0.002520
0.002521
0.002511
0.000000
0.000000
0.000000
0.000000
0.000000
0.000000
0.000000
0.002505
0.002503
0.000000
0.000000
0.000000
0.000000
0.000000
0.002520
0.002514
0.000000
0.000000
0.000000
0.000000
0.000000
0.000000
0.000000
0.000000
0.000000

0.355914
0.489717
0.083708
0.000000
0.000000
0.000000
0.000000
0.397423
0.464024
0.092238
0.000000
0.000000
0.000000
0.000000
0.398869
0.462600
0.093140
0.000000
0.000000
0.000000
0.000000
0.000000
0.000000
0.000000
0.438191
0.206881
0.000000
0.000000
0.000000
0.000000
0.000000
0.388472
0.181448
0.000000
0.000000
0.000000
0.000000
0.000000
0.000000
0.000000
0.000000
0.000000
234.232279
324.976619
50.791103
0.000000
0.000000
0.000000
0.000000
106.517149
123.365210
20.117641
0.000000
0.000000
0.000000
0.000000
98.403600
113.173136
18.423264
0.000000
0.000000
0.000000
0.000000
0.000000
0.000000
0.000000
237.058155
111.919352
0.000000
0.000000
0.000000
0.000000
0.000000
102.941845
48.080648
0.000000
0.000000
0.000000
0.000000
0.000000
0.000000
0.000000
0.000000
0.000000
15.615885
18.801781
7.968464
0.000000
0.000000
0.000000
0.000000
7.937597
10.270590
6.443880
0.000000
0.000000
0.000000
0.000000
7.293490
9.412665
6.255649
0.000000
0.000000
0.000000
0.000000
0.000000
0.000000
0.000000
0.000000
0.000000
0.000000
0.000000
0.000000
0.000000
0.000000
0.000000
0.000000
0.000000
0.000000
0.000000
0.000000
0.000000
0.000000
0.000000
0.000000
0.000000
500.000000
0.000000
0.000000
0.000000
0.000000
0.000000
135.000000
245.000000
0.000000
0.000000
0.000000
121.022493
78.977507
240.000000
49.613871
13.347934
12.038196
71.000000
35.000000
36.000000
0.003131
0.003129
0.003125
0.000000
0.000000
0.000000
0.000000
0.003178
0.003178
0.003164
0.000000
0.000000
0.000000
0.000000
0.003177
0.003177
0.003163
0.000000
0.000000
0.000000
0.000000
0.000000
0.000000
0.000000
0.003163
0.003163
0.000000
0.000000
0.000000
0.000000
0.000000
0.003176
0.003168
0.000000
0.000000
0.000000
0.000000
0.000000
0.000000
0.000000
0.000000
0.000000

0.355915
0.489718
0.083709
0.000000
0.000000
0.000000
0.000000
0.397426
0.464027
0.092241
0.000000
0.000000
0.000000
0.000000
0.398872
0.462603
0.093143
0.000000
0.000000
0.000000
0.000000
0.000000
0.000000
0.000000
0.438192
0.206882
0.000000
0.000000
0.000000
0.000000
0.000000
0.388474
0.181451
0.000000
0.000000
0.000000
0.000000
0.000000
0.000000
0.000000
0.000000
0.000000
234.232279
324.976619
50.791103
0.000000
0.000000
0.000000
0.000000
106.517149
123.365210
20.117641
0.000000
0.000000
0.000000
0.000000
98.403600
113.173136
18.423264
0.000000
0.000000
0.000000
0.000000
0.000000
0.000000
0.000000
237.058155
111.919352
0.000000
0.000000
0.000000
0.000000
0.000000
102.941845
48.080648
0.000000
0.000000
0.000000
0.000000
0.000000
0.000000
0.000000
0.000000
0.000000
15.615885
18.801781
7.968464
0.000000
0.000000
0.000000
0.000000
7.937597
10.270590
6.443880
0.000000
0.000000
0.000000
0.000000
7.293490
9.412665
6.255649
0.000000
0.000000
0.000000
0.000000
0.000000
0.000000
0.000000
0.000000
0.000000
0.000000
0.000000
0.000000
0.000000
0.000000
0.000000
0.000000
0.000000
0.000000
0.000000
0.000000
0.000000
0.000000
0.000000
0.000000
0.000000
500.000000
0.000000
0.000000
0.000000
0.000000
0.000000
135.000000
245.000000
0.000000
0.000000
0.000000
121.022493
78.977507
240.000000
49.613871
13.347934
12.038196
71.000000
35.000000
36.000000
0.003827
0.003825
0.003815
0.000000
0.000000
0.000000
0.000000
0.003877
0.003878
0.003860
0.000000
0.000000
0.000000
0.000000
0.003875
0.003876
0.003859
0.000000
0.000000
0.000000
0.000000
0.000000
0.000000
0.000000
0.003867
0.003863
0.000000
0.000000
0.000000
0.000000
0.000000
0.003874
0.003864
0.000000
0.000000
0.000000
0.000000
0.000000
0.000000
0.000000
0.000000
0.000000

0.355913
0.489717
0.083707
0.000000
0.000000
0.000000
0.000000
0.397423
0.464024
0.092238
0.000000
0.000000
0.000000
0.000000
0.398869
0.462600
0.093140
0.000000
0.000000
0.000000
0.000000
0.000000
0.000000
0.000000
0.438191
0.206881
0.000000
0.000000
0.000000
0.000000
0.000000
0.388471
0.181448
0.000000
0.000000
0.000000
0.000000
0.000000
0.000000
0.000000
0.000000
0.000000
234.232279
324.976619
50.791103
0.000000
0.000000
0.000000
0.000000
106.517149
123.365210
20.117641
0.000000
0.000000
0.000000
0.000000
98.403600
113.173136
18.423264
0.000000
0.000000
0.000000
0.000000
0.000000
0.000000
0.000000
237.058155
111.919352
0.000000
0.000000
0.000000
0.000000
0.000000
102.941845
48.080648
0.000000
0.000000
0.000000
0.000000
0.000000
0.000000
0.000000
0.000000
0.000000
15.615885
18.801781
7.968464
0.000000
0.000000
0.000000
0.000000
7.937597
10.270590
6.443880
0.000000
0.000000
0.000000
0.000000
7.293490
9.412665
6.255649
0.000000
0.000000
0.000000
0.000000
0.000000
0.000000
0.000000
0.000000
0.000000
0.000000
0.000000
0.000000
0.000000
0.000000
0.000000
0.000000
0.000000
0.000000
0.000000
0.000000
0.000000
0.000000
0.000000
0.000000
0.000000
500.000000
0.000000
0.000000
0.000000
0.000000
0.000000
135.000000
245.000000
0.000000
0.000000
0.000000
121.022493
78.977507
240.000000
49.613871
13.347934
12.038196
71.000000
35.000000
36.000000
0.003042
0.003040
0.003036
0.000000
0.000000
0.000000
0.000000
0.003088
0.003089
0.003075
0.000000
0.000000
0.000000
0.000000
0.003087
0.003087
0.003074
0.000000
0.000000
0.000000
0.000000
0.000000
0.000000
0.000000
0.003074
0.003073
0.000000
0.000000
0.000000
0.000000
0.000000
0.003087
0.003079
0.000000
0.000000
0.000000
0.000000
0.000000
0.000000
0.000000
0.000000
0.000000

0.355914
0.489718
0.083708
0.000000
0.000000
0.000000
0.000000
0.397425
0.464026
0.092240
0.000000
0.000000
0.000000
0.000000
0.398871
0.462602
0.093142
0.000000
0.000000
0.000000
0.000000
0.000000
0.000000
0.000000
0.438192
0.206882
0.000000
0.000000
0.000000
0.000000
0.000000
0.388474
0.181450
0.000000
0.000000
0.000000
0.000000
0.000000
0.000000
0.000000
0.000000
0.000000
234.232279
324.976619
50.791103
0.000000
0.000000
0.000000
0.000000
106.517149
123.365210
20.117641
0.000000
0.000000
0.000000
0.000000
98.403600
113.173136
18.423264
0.000000
0.000000
0.000000
0.000000
0.000000
0.000000
0.000000
237.058155
111.919352
0.000000
0.000000
0.000000
0.000000
0.000000
102.941845
48.080648
0.000000
0.000000
0.000000
0.000000
0.000000
0.000000
0.000000
0.000000
0.000000
15.615885
18.801781
7.968464
0.000000
0.000000
0.000000
0.000000
7.937597
10.270590
6.443880
0.000000
0.000000
0.000000
0.000000
7.293490
9.412665
6.255649
0.000000
0.000000
0.000000
0.000000
0.000000
0.000000
0.000000
0.000000
0.000000
0.000000
0.000000
0.000000
0.000000
0.000000
0.000000
0.000000
0.000000
0.000000
0.000000
0.000000
0.000000
0.000000
0.000000
0.000000
0.000000
500.000000
0.000000
0.000000
0.000000
0.000000
0.000000
135.000000
245.000000
0.000000
0.000000
0.000000
121.022493
78.977507
240.000000
49.613871
13.347934
12.038196
71.000000
35.000000
36.000000
0.003639
0.003639
0.003627
0.000000
0.000000
0.000000
0.000000
0.003677
0.003679
0.003669
0.000000
0.000000
0.000000
0.000000
0.003675
0.003676
0.003667
0.000000
0.000000
0.000000
0.000000
0.000000
0.000000
0.000000
0.003673
0.003665
0.000000
0.000000
0.000000
0.000000
0.000000
0.003674
0.003668
0.000000
0.000000
0.000000
0.000000
0.000000
0.000000
0.000000
0.000000
0.000000

0.355913
0.489717
0.083707
0.000000
0.000000
0.000000
0.000000
0.397423
0.464023
0.092238
0.000000
0.000000
0.000000
0.000000
0.398868
0.462599
0.093139
0.000000
0.000000
0.000000
0.000000
0.000000
0.000000
0.000000
0.438191
0.206880
0.000000
0.000000
0.000000
0.000000
0.000000
0.388471
0.181447
0.000000
0.000000
0.000000
0.000000
0.000000
0.000000
0.000000
0.000000
0.000000
234.232279
324.976619
50.791103
0.000000
0.000000
0.000000
0.000000
106.517149
123.365210
20.117641
0.000000
0.000000
0.000000
0.000000
98.403600
113.173136
18.423264
0.000000
0.000000
0.000000
0.000000
0.000000
0.000000
0.000000
237.058155
111.919352
0.000000
0.000000
0.000000
0.000000
0.000000
102.941845
48.080648
0.000000
0.000000
0.000000
0.000000
0.000000
0.000000
0.000000
0.000000
0.000000
15.615885
18.801781
7.968464
0.000000
0.000000
0.000000
0.000000
7.937597
10.270590
6.443880
0.000000
0.000000
0.000000
0.000000
7.293490
9.412665
6.255649
0.000000
0.000000
0.000000
0.000000
0.000000
0.000000
0.000000
0.000000
0.000000
0.000000
0.000000
0.000000
0.000000
0.000000
0.000000
0.000000
0.000000
0.000000
0.000000
0.000000
0.000000
0.000000
0.000000
0.000000
0.000000
500.000000
0.000000
0.000000
0.000000
0.000000
0.000000
135.000000
245.000000
0.000000
0.000000
0.000000
121.022493
78.977507
240.000000
49.613871
13.347934
12.038196
71.000000
35.000000
36.000000
0.002899
0.002898
0.002891
0.000000
0.000000
0.000000
0.000000
0.002940
0.002941
0.002931
0.000000
0.000000
0.000000
0.000000
0.002939
0.002940
0.002930
0.000000
0.000000
0.000000
0.000000
0.000000
0.000000
0.000000
0.002926
0.002923
0.000000
0.000000
0.000000
0.000000
0.000000
0.002938
0.002932
0.000000
0.000000
0.000000
0.000000
0.000000
0.000000
0.000000
0.000000
0.000000

0.355913
0.489717
0.083707
0.000000
0.000000
0.000000
0.000000
0.397422
0.464022
0.092237
0.000000
0.000000
0.000000
0.000000
0.398867
0.462598
0.093138
0.000000
0.000000
0.000000
0.000000
0.000000
0.000000
0.000000
0.438190
0.206880
0.000000
0.000000
0.000000
0.000000
0.000000
0.388470
0.181446
0.000000
0.000000
0.000000
0.000000
0.000000
0.000000
0.000000
0.000000
0.000000
234.232279
324.976619
50.791103
0.000000
0.000000
0.000000
0.000000
106.517149
123.365210
20.117641
0.000000
0.000000
0.000000
0.000000
98.403600
113.173136
18.423264
0.000000
0.000000
0.000000
0.000000
0.000000
0.000000
0.000000
237.058155
111.919352
0.000000
0.000000
0.000000
0.000000
0.000000
102.941845
48.080648
0.000000
0.000000
0.000000
0.000000
0.000000
0.000000
0.000000
0.000000
0.000000
15.615885
18.801781
7.968464
0.000000
0.000000
0.000000
0.000000
7.937597
10.270590
6.443880
0.000000
0.000000
0.000000
0.000000
7.293490
9.412665
6.255649
0.000000
0.000000
0.000000
0.000000
0.000000
0.000000
0.000000
0.000000
0.000000
0.000000
0.000000
0.000000
0.000000
0.000000
0.000000
0.000000
0.000000
0.000000
0.000000
0.000000
0.000000
0.000000
0.000000
0.000000
0.000000
500.000000
0.000000
0.000000
0.000000
0.000000
0.000000
135.000000
245.000000
0.000000
0.000000
0.000000
121.022493
78.977507
240.000000
49.613871
13.347934
12.038196
71.000000
35.000000
36.000000
0.002604
0.002603
0.002595
0.000001
0.000000
0.000000
0.000000
0.002660
0.002661
0.002652
0.000000
0.000000
0.000000
0.000000
0.002658
0.002659
0.002651
0.000000
0.000000
0.000000
0.000000
0.000000
0.000000
0.000000
0.002643
0.002639
0.000000
0.000000
0.000000
0.000000
0.000000
0.002658
0.002653
0.000000
0.000000
0.000000
0.000000
0.000000
0.000000
0.000000
0.000000
0.000000

0.355914
0.489718
0.083708
0.000000
0.000000
0.000000
0.000000
0.397426
0.464027
0.092241
0.000000
0.000000
0.000000
0.000000
0.398871
0.462602
0.093142
0.000000
0.000000
0.000000
0.000000
0.000000
0.000000
0.000000
0.438192
0.206882
0.000000
0.000000
0.000000
0.000000
0.000000
0.388474
0.181451
0.000000
0.000000
0.000000
0.000000
0.000000
0.000000
0.000000
0.000000
0.000000
234.232279
324.976619
50.791103
0.000000
0.000000
0.000000
0.000000
106.517149
123.365210
20.117641
0.000000
0.000000
0.000000
0.000000
98.403600
113.173136
18.423264
0.000000
0.000000
0.000000
0.000000
0.000000
0.000000
0.000000
237.058155
111.919352
0.000000
0.000000
0.000000
0.000000
0.000000
102.941845
48.080648
0.000000
0.000000
0.000000
0.000000
0.000000
0.000000
0.000000
0.000000
0.000000
15.615885
18.801781
7.968464
0.000000
0.000000
0.000000
0.000000
7.937597
10.270590
6.443880
0.000000
0.000000
0.000000
0.000000
7.293490
9.412665
6.255649
0.000000
0.000000
0.000000
0.000000
0.000000
0.000000
0.000000
0.000000
0.000000
0.000000
0.000000
0.000000
0.000000
0.000000
0.000000
0.000000
0.000000
0.000000
0.000000
0.000000
0.000000
0.000000
0.000000
0.000000
0.000000
500.000000
0.000000
0.000000
0.000000
0.000000
0.000000
135.000000
245.000000
0.000000
0.000000
0.000000
121.022493
78.977507
240.000000
49.613871
13.347934
12.038196
71.000000
35.000000
36.000000
0.003799
0.003798
0.003789
0.000000
0.000000
0.000000
0.000000
0.003843
0.003844
0.003827
0.000000
0.000000
0.000000
0.000000
0.003841
0.003842
0.003826
0.000000
0.000000
0.000000
0.000000
0.000000
0.000000
0.000000
0.003830
0.003827
0.000000
0.000000
0.000000
0.000000
0.000000
0.003840
0.003830
0.000000
0.000000
0.000000
0.000000
0.000000
0.000000
0.000000
0.000000
0.000000

0.355915
0.489718
0.083709
0.000000
0.000000
0.000000
0.000000
0.397426
0.464027
0.092241
0.000000
0.000000
0.000000
0.000000
0.398872
0.462603
0.093143
0.000000
0.000000
0.000000
0.000000
0.000000
0.000000
0.000000
0.438192
0.206882
0.000000
0.000000
0.000000
0.000000
0.000000
0.388475
0.181451
0.000000
0.000000
0.000000
0.000000
0.000000
0.000000
0.000000
0.000000
0.000000
234.232279
324.976619
50.791103
0.000000
0.000000
0.000000
0.000000
106.517149
123.365210
20.117641
0.000000
0.000000
0.000000
0.000000
98.403600
113.173136
18.423264
0.000000
0.000000
0.000000
0.000000
0.000000
0.000000
0.000000
237.058155
111.919352
0.000000
0.000000
0.000000
0.000000
0.000000
102.941845
48.080648
0.000000
0.000000
0.000000
0.000000
0.000000
0.000000
0.000000
0.000000
0.000000
15.615885
18.801781
7.968464
0.000000
0.000000
0.000000
0.000000
7.937597
10.270590
6.443880
0.000000
0.000000
0.000000
0.000000
7.293490
9.412665
6.255649
0.000000
0.000000
0.000000
0.000000
0.000000
0.000000
0.000000
0.000000
0.000000
0.000000
0.000000
0.000000
0.000000
0.000000
0.000000
0.000000
0.000000
0.000000
0.000000
0.000000
0.000000
0.000000
0.000000
0.000000
0.000000
500.000000
0.000000
0.000000
0.000000
0.000000
0.000000
135.000000
245.000000
0.000000
0.000000
0.000000
121.022493
78.977507
240.000000
49.613871
13.347934
12.038196
71.000000
35.000000
36.000000
0.003865
0.003865
0.003851
0.000000
0.000000
0.000000
0.000000
0.003904
0.003906
0.003892
0.000000
0.000000
0.000000
0.000000
0.003900
0.003902
0.003889
0.000000
0.000000
0.000000
0.000000
0.000000
0.000000
0.000000
0.003902
0.003894
0.000000
0.000000
0.000000
0.000000
0.000000
0.003898
0.003890
0.000000
0.000000
0.000000
0.000000
0.000000
0.000000
0.000000
0.000000
0.000000

0.355913
0.489717
0.083707
0.000000
0.000000
0.000000
0.000000
0.397422
0.464022
0.092237
0.000000
0.000000
0.000000
0.000000
0.398867
0.462598
0.093138
0.000000
0.000000
0.000000
0.000000
0.000000
0.000000
0.000000
0.438190
0.206880
0.000000
0.000000
0.000000
0.000000
0.000000
0.388470
0.181446
0.000000
0.000000
0.000000
0.000000
0.000000
0.000000
0.000000
0.000000
0.000000
234.232279
324.976619
50.791103
0.000000
0.000000
0.000000
0.000000
106.517149
123.365210
20.117641
0.000000
0.000000
0.000000
0.000000
98.403600
113.173136
18.423264
0.000000
0.000000
0.000000
0.000000
0.000000
0.000000
0.000000
237.058155
111.919352
0.000000
0.000000
0.000000
0.000000
0.000000
102.941845
48.080648
0.000000
0.000000
0.000000
0.000000
0.000000
0.000000
0.000000
0.000000
0.000000
15.615885
18.801781
7.968464
0.000000
0.000000
0.000000
0.000000
7.937597
10.270590
6.443880
0.000000
0.000000
0.000000
0.000000
7.293490
9.412665
6.255649
0.000000
0.000000
0.000000
0.000000
0.000000
0.000000
0.000000
0.000000
0.000000
0.000000
0.000000
0.000000
0.000000
0.000000
0.000000
0.000000
0.000000
0.000000
0.000000
0.000000
0.000000
0.000000
0.000000
0.000000
0.000000
500.000000
0.000000
0.000000
0.000000
0.000000
0.000000
135.000000
245.000000
0.000000
0.000000
0.000000
121.022493
78.977507
240.000000
49.613871
13.347934
12.038196
71.000000
35.000000
36.000000
0.002612
0.002611
0.002604
0.000001
0.000000
0.000000
0.000000
0.002668
0.002669
0.002660
0.000000
0.000000
0.000000
0.000000
0.002667
0.002668
0.002659
0.000000
0.000000
0.000000
0.000000
0.000000
0.000000
0.000000
0.002651
0.002648
0.000000
0.000000
0.000000
0.000000
0.000000
0.002667
0.002661
0.000000
0.000000
0.000000
0.000000
0.000000
0.000000
0.000000
0.000000
0.000000

0.355913
0.489717
0.083707
0.000000
0.000000
0.000000
0.000000
0.397423
0.464024
0.092238
0.000000
0.000000
0.000000
0.000000
0.398869
0.462600
0.093140
0.000000
0.000000
0.000000
0.000000
0.000000
0.000000
0.000000
0.438191
0.206881
0.000000
0.000000
0.000000
0.000000
0.000000
0.388471
0.181448
0.000000
0.000000
0.000000
0.000000
0.000000
0.000000
0.000000
0.000000
0.000000
234.232279
324.976619
50.791103
0.000000
0.000000
0.000000
0.000000
106.517149
123.365210
20.117641
0.000000
0.000000
0.000000
0.000000
98.403600
113.173136
18.423264
0.000000
0.000000
0.000000
0.000000
0.000000
0.000000
0.000000
237.058155
111.919352
0.000000
0.000000
0.000000
0.000000
0.000000
102.941845
48.080648
0.000000
0.000000
0.000000
0.000000
0.000000
0.000000
0.000000
0.000000
0.000000
15.615885
18.801781
7.968464
0.000000
0.000000
0.000000
0.000000
7.937597
10.270590
6.443880
0.000000
0.000000
0.000000
0.000000
7.293490
9.412665
6.255649
0.000000
0.000000
0.000000
0.000000
0.000000
0.000000
0.000000
0.000000
0.000000
0.000000
0.000000
0.000000
0.000000
0.000000
0.000000
0.000000
0.000000
0.000000
0.000000
0.000000
0.000000
0.000000
0.000000
0.000000
0.000000
500.000000
0.000000
0.000000
0.000000
0.000000
0.000000
135.000000
245.000000
0.000000
0.000000
0.000000
121.022493
78.977507
240.000000
49.613871
13.347934
12.038196
71.000000
35.000000
36.000000
0.003058
0.003057
0.003043
0.000000
0.000000
0.000000
0.000000
0.003100
0.003102
0.003088
0.000000
0.000000
0.000000
0.000000
0.003098
0.003100
0.003087
0.000000
0.000000
0.000000
0.000000
0.000000
0.000000
0.000000
0.003087
0.003078
0.000000
0.000000
0.000000
0.000000
0.000000
0.003095
0.003088
0.000000
0.000000
0.000000
0.000000
0.000000
0.000000
0.000000
0.000000
0.000000

0.355914
0.489718
0.083708
0.000000
0.000000
0.000000
0.000000
0.397425
0.464026
0.092241
0.000000
0.000000
0.000000
0.000000
0.398871
0.462602
0.093142
0.000000
0.000000
0.000000
0.000000
0.000000
0.000000
0.000000
0.438192
0.206882
0.000000
0.000000
0.000000
0.000000
0.000000
0.388474
0.181451
0.000000
0.000000
0.000000
0.000000
0.000000
0.000000
0.000000
0.000000
0.000000
234.232279
324.976619
50.791103
0.000000
0.000000
0.000000
0.000000
106.517149
123.365210
20.117641
0.000000
0.000000
0.000000
0.000000
98.403600
113.173136
18.423264
0.000000
0.000000
0.000000
0.000000
0.000000
0.000000
0.000000
237.058155
111.919352
0.000000
0.000000
0.000000
0.000000
0.000000
102.941845
48.080648
0.000000
0.000000
0.000000
0.000000
0.000000
0.000000
0.000000
0.000000
0.000000
15.615885
18.801781
7.968464
0.000000
0.000000
0.000000
0.000000
7.937597
10.270590
6.443880
0.000000
0.000000
0.000000
0.000000
7.293490
9.412665
6.255649
0.000000
0.000000
0.000000
0.000000
0.000000
0.000000
0.000000
0.000000
0.000000
0.000000
0.000000
0.000000
0.000000
0.000000
0.000000
0.000000
0.000000
0.000000
0.000000
0.000000
0.000000
0.000000
0.000000
0.000000
0.000000
500.000000
0.000000
0.000000
0.000000
0.000000
0.000000
135.000000
245.000000
0.000000
0.000000
0.000000
121.022493
78.977507
240.000000
49.613871
13.347934
12.038196
71.000000
35.000000
36.000000
0.003739
0.003739
0.003728
0.000000
0.000000
0.000000
0.000000
0.003774
0.003775
0.003764
0.000000
0.000000
0.000000
0.000000
0.003769
0.003771
0.003760
0.000000
0.000000
0.000000
0.000000
0.000000
0.000000
0.000000
0.003775
0.003767
0.000000
0.000000
0.000000
0.000000
0.000000
0.003768
0.003762
0.000000
0.000000
0.000000
0.000000
0.000000
0.000000
0.000000
0.000000
0.000000

0.355912
0.489716
0.083706
0.000000
0.000000
0.000000
0.000000
0.397421
0.464021
0.092236
0.000000
0.000000
0.000000
0.000000
0.398866
0.462597
0.093137
0.000000
0.000000
0.000000
0.000000
0.000000
0.000000
0.000000
0.438189
0.206879
0.000000
0.000000
0.000000
0.000000
0.000000
0.388469
0.181445
0.000000
0.000000
0.000000
0.000000
0.000000
0.000000
0.000000
0.000000
0.000000
234.232279
324.976619
50.791103
0.000000
0.000000
0.000000
0.000000
106.517149
123.365210
20.117641
0.000000
0.000000
0.000000
0.000000
98.403600
113.173136
18.423264
0.000000
0.000000
0.000000
0.000000
0.000000
0.000000
0.000000
237.058155
111.919352
0.000000
0.000000
0.000000
0.000000
0.000000
102.941845
48.080648
0.000000
0.000000
0.000000
0.000000
0.000000
0.000000
0.000000
0.000000
0.000000
15.615885
18.801781
7.968464
0.000000
0.000000
0.000000
0.000000
7.937597
10.270590
6.443880
0.000000
0.000000
0.000000
0.000000
7.293490
9.412665
6.255649
0.000000
0.000000
0.000000
0.000000
0.000000
0.000000
0.000000
0.000000
0.000000
0.000000
0.000000
0.000000
0.000000
0.000000
0.000000
0.000000
0.000000
0.000000
0.000000
0.000000
0.000000
0.000000
0.000000
0.000000
0.000000
500.000000
0.000000
0.000000
0.000000
0.000000
0.000000
135.000000
245.000000
0.000000
0.000000
0.000000
121.022493
78.977507
240.000000
49.613871
13.347934
12.038196
71.000000
35.000000
36.000000
0.002320
0.002319
0.002313
0.000000
0.000000
0.000000
0.000000
0.002373
0.002373
0.002365
0.000000
0.000000
0.000000
0.000000
0.002371
0.002372
0.002365
0.000000
0.000000
0.000000
0.000000
0.000000
0.000000
0.000000
0.002353
0.002351
0.000000
0.000000
0.000000
0.000000
0.000000
0.002371
0.002366
0.000000
0.000000
0.000000
0.000000
0.000000
0.000000
0.000000
0.000000
0.000000

0.355914
0.489718
0.083708
0.000000
0.000000
0.000000
0.000000
0.397425
0.464026
0.092240
0.000000
0.000000
0.000000
0.000000
0.398871
0.462602
0.093142
0.000000
0.000000
0.000000
0.000000
0.000000
0.000000
0.000000
0.438192
0.206882
0.000000
0.000000
0.000000
0.000000
0.000000
0.388474
0.181450
0.000000
0.000000
0.000000
0.000000
0.000000
0.000000
0.000000
0.000000
0.000000
234.232279
324.976619
50.791103
0.000000
0.000000
0.000000
0.000000
106.517149
123.365210
20.117641
0.000000
0.000000
0.000000
0.000000
98.403600
113.173136
18.423264
0.000000
0.000000
0.000000
0.000000
0.000000
0.000000
0.000000
237.058155
111.919352
0.000000
0.000000
0.000000
0.000000
0.000000
102.941845
48.080648
0.000000
0.000000
0.000000
0.000000
0.000000
0.000000
0.000000
0.000000
0.000000
15.615885
18.801781
7.968464
0.000000
0.000000
0.000000
0.000000
7.937597
10.270590
6.443880
0.000000
0.000000
0.000000
0.000000
7.293490
9.412665
6.255649
0.000000
0.000000
0.000000
0.000000
0.000000
0.000000
0.000000
0.000000
0.000000
0.000000
0.000000
0.000000
0.000000
0.000000
0.000000
0.000000
0.000000
0.000000
0.000000
0.000000
0.000000
0.000000
0.000000
0.000000
0.000000
500.000000
0.000000
0.000000
0.000000
0.000000
0.000000
135.000000
245.000000
0.000000
0.000000
0.000000
121.022493
78.977507
240.000000
49.613871
13.347934
12.038196
71.000000
35.000000
36.000000
0.003675
0.003673
0.003663
0.000000
0.000000
0.000000
0.000000
0.003728
0.003729
0.003711
0.000000
0.000000
0.000000
0.000000
0.003725
0.003726
0.003709
0.000000
0.000000
0.000000
0.000000
0.000000
0.000000
0.000000
0.003720
0.003716
0.000000
0.000000
0.000000
0.000000
0.000000
0.003724
0.003714
0.000000
0.000000
0.000000
0.000000
0.000000
0.000000
0.000000
0.000000
0.000000

0.355915
0.489718
0.083709
0.000000
0.000000
0.000000
0.000000
0.397426
0.464027
0.092241
0.000000
0.000000
0.000000
0.000000
0.398872
0.462603
0.093143
0.000000
0.000000
0.000000
0.000000
0.000000
0.000000
0.000000
0.438192
0.206882
0.000000
0.000000
0.000000
0.000000
0.000000
0.388474
0.181451
0.000000
0.000000
0.000000
0.000000
0.000000
0.000000
0.000000
0.000000
0.000000
234.232279
324.976619
50.791103
0.000000
0.000000
0.000000
0.000000
106.517149
123.365210
20.117641
0.000000
0.000000
0.000000
0.000000
98.403600
113.173136
18.423264
0.000000
0.000000
0.000000
0.000000
0.000000
0.000000
0.000000
237.058155
111.919352
0.000000
0.000000
0.000000
0.000000
0.000000
102.941845
48.080648
0.000000
0.000000
0.000000
0.000000
0.000000
0.000000
0.000000
0.000000
0.000000
15.615885
18.801781
7.968464
0.000000
0.000000
0.000000
0.000000
7.937597
10.270590
6.443880
0.000000
0.000000
0.000000
0.000000
7.293490
9.412665
6.255649
0.000000
0.000000
0.000000
0.000000
0.000000
0.000000
0.000000
0.000000
0.000000
0.000000
0.000000
0.000000
0.000000
0.000000
0.000000
0.000000
0.000000
0.000000
0.000000
0.000000
0.000000
0.000000
0.000000
0.000000
0.000000
500.000000
0.000000
0.000000
0.000000
0.000000
0.000000
135.000000
245.000000
0.000000
0.000000
0.000000
121.022493
78.977507
240.000000
49.613871
13.347934
12.038196
71.000000
35.000000
36.000000
0.003831
0.003830
0.003817
0.000000
0.000000
0.000000
0.000000
0.003872
0.003873
0.003859
0.000000
0.000000
0.000000
0.000000
0.003868
0.003869
0.003856
0.000000
0.000000
0.000000
0.000000
0.000000
0.000000
0.000000
0.003868
0.003860
0.000000
0.000000
0.000000
0.000000
0.000000
0.003866
0.003858
0.000000
0.000000
0.000000
0.000000
0.000000
0.000000
0.000000
0.000000
0.000000

0.355915
0.489718
0.083709
0.000000
0.000000
0.000000
0.000000
0.397426
0.464027
0.092241
0.000000
0.000000
0.000000
0.000000
0.398871
0.462602
0.093142
0.000000
0.000000
0.000000
0.000000
0.000000
0.000000
0.000000
0.438192
0.206882
0.000000
0.000000
0.000000
0.000000
0.000000
0.388474
0.181451
0.000000
0.000000
0.000000
0.000000
0.000000
0.000000
0.000000
0.000000
0.000000
234.232279
324.976619
50.791103
0.000000
0.000000
0.000000
0.000000
106.517149
123.365210
20.117641
0.000000
0.000000
0.000000
0.000000
98.403600
113.173136
18.423264
0.000000
0.000000
0.000000
0.000000
0.000000
0.000000
0.000000
237.058155
111.919352
0.000000
0.000000
0.000000
0.000000
0.000000
102.941845
48.080648
0.000000
0.000000
0.000000
0.000000
0.000000
0.000000
0.000000
0.000000
0.000000
15.615885
18.801781
7.968464
0.000000
0.000000
0.000000
0.000000
7.937597
10.270590
6.443880
0.000000
0.000000
0.000000
0.000000
7.293490
9.412665
6.255649
0.000000
0.000000
0.000000
0.000000
0.000000
0.000000
0.000000
0.000000
0.000000
0.000000
0.000000
0.000000
0.000000
0.000000
0.000000
0.000000
0.000000
0.000000
0.000000
0.000000
0.000000
0.000000
0.000000
0.000000
0.000000
500.000000
0.000000
0.000000
0.000000
0.000000
0.000000
135.000000
245.000000
0.000000
0.000000
0.000000
121.022493
78.977507
240.000000
49.613871
13.347934
12.038196
71.000000
35.000000
36.000000
0.003823
0.003823
0.003810
0.000000
0.000000
0.000000
0.000000
0.003856
0.003858
0.003845
0.000000
0.000000
0.000000
0.000000
0.003852
0.003854
0.003842
0.000000
0.000000
0.000000
0.000000
0.000000
0.000000
0.000000
0.003854
0.003847
0.000000
0.000000
0.000000
0.000000
0.000000
0.003851
0.003844
0.000000
0.000000
0.000000
0.000000
0.000000
0.000000
0.000000
0.000000
0.000000

0.355914
0.489718
0.083708
0.000000
0.000000
0.000000
0.000000
0.397425
0.464026
0.092240
0.000000
0.000000
0.000000
0.000000
0.398871
0.462601
0.093141
0.000000
0.000000
0.000000
0.000000
0.000000
0.000000
0.000000
0.438192
0.206882
0.000000
0.000000
0.000000
0.000000
0.000000
0.388473
0.181450
0.000000
0.000000
0.000000
0.000000
0.000000
0.000000
0.000000
0.000000
0.000000
234.232279
324.976619
50.791103
0.000000
0.000000
0.000000
0.000000
106.517149
123.365210
20.117641
0.000000
0.000000
0.000000
0.000000
98.403600
113.173136
18.423264
0.000000
0.000000
0.000000
0.000000
0.000000
0.000000
0.000000
237.058155
111.919352
0.000000
0.000000
0.000000
0.000000
0.000000
102.941845
48.080648
0.000000
0.000000
0.000000
0.000000
0.000000
0.000000
0.000000
0.000000
0.000000
15.615885
18.801781
7.968464
0.000000
0.000000
0.000000
0.000000
7.937597
10.270590
6.443880
0.000000
0.000000
0.000000
0.000000
7.293490
9.412665
6.255649
0.000000
0.000000
0.000000
0.000000
0.000000
0.000000
0.000000
0.000000
0.000000
0.000000
0.000000
0.000000
0.000000
0.000000
0.000000
0.000000
0.000000
0.000000
0.000000
0.000000
0.000000
0.000000
0.000000
0.000000
0.000000
500.000000
0.000000
0.000000
0.000000
0.000000
0.000000
135.000000
245.000000
0.000000
0.000000
0.000000
121.022493
78.977507
240.000000
49.613871
13.347934
12.038196
71.000000
35.000000
36.000000
0.003554
0.003553
0.003544
0.000000
0.000000
0.000000
0.000000
0.003597
0.003597
0.003581
0.000000
0.000000
0.000000
0.000000
0.003595
0.003595
0.003579
0.000000
0.000000
0.000000
0.000000
0.000000
0.000000
0.000000
0.003585
0.003582
0.000000
0.000000
0.000000
0.000000
0.000000
0.003594
0.003584
0.000000
0.000000
0.000000
0.000000
0.000000
0.000000
0.000000
0.000000
0.000000

0.355914
0.489718
0.083708
0.000000
0.000000
0.000000
0.000000
0.397425
0.464026
0.092241
0.000000
0.000000
0.000000
0.000000
0.398871
0.462602
0.093142
0.000000
0.000000
0.000000
0.000000
0.000000
0.000000
0.000000
0.438192
0.206882
0.000000
0.000000
0.000000
0.000000
0.000000
0.388474
0.181451
0.000000
0.000000
0.000000
0.000000
0.000000
0.000000
0.000000
0.000000
0.000000
234.232279
324.976619
50.791103
0.000000
0.000000
0.000000
0.000000
106.517149
123.365210
20.117641
0.000000
0.000000
0.000000
0.000000
98.403600
113.173136
18.423264
0.000000
0.000000
0.000000
0.000000
0.000000
0.000000
0.000000
237.058155
111.919352
0.000000
0.000000
0.000000
0.000000
0.000000
102.941845
48.080648
0.000000
0.000000
0.000000
0.000000
0.000000
0.000000
0.000000
0.000000
0.000000
15.615885
18.801781
7.968464
0.000000
0.000000
0.000000
0.000000
7.937597
10.270590
6.443880
0.000000
0.000000
0.000000
0.000000
7.293490
9.412665
6.255649
0.000000
0.000000
0.000000
0.000000
0.000000
0.000000
0.000000
0.000000
0.000000
0.000000
0.000000
0.000000
0.000000
0.000000
0.000000
0.000000
0.000000
0.000000
0.000000
0.000000
0.000000
0.000000
0.000000
0.000000
0.000000
500.000000
0.000000
0.000000
0.000000
0.000000
0.000000
135.000000
245.000000
0.000000
0.000000
0.000000
121.022493
78.977507
240.000000
49.613871
13.347934
12.038196
71.000000
35.000000
36.000000
0.003760
0.003759
0.003747
0.000000
0.000000
0.000000
0.000000
0.003794
0.003795
0.003785
0.000000
0.000000
0.000000
0.000000
0.003790
0.003792
0.003782
0.000000
0.000000
0.000000
0.000000
0.000000
0.000000
0.000000
0.003791
0.003784
0.000000
0.000000
0.000000
0.000000
0.000000
0.003789
0.003783
0.000000
0.000000
0.000000
0.000000
0.000000
0.000000
0.000000
0.000000
0.000000

0.355913
0.489716
0.083707
0.000000
0.000000
0.000000
0.000000
0.397421
0.464022
0.092237
0.000000
0.000000
0.000000
0.000000
0.398867
0.462598
0.093138
0.000000
0.000000
0.000000
0.000000
0.000000
0.000000
0.000000
0.438190
0.206880
0.000000
0.000000
0.000000
0.000000
0.000000
0.388470
0.181446
0.000000
0.000000
0.000000
0.000000
0.000000
0.000000
0.000000
0.000000
0.000000
234.232279
324.976619
50.791103
0.000000
0.000000
0.000000
0.000000
106.517149
123.365210
20.117641
0.000000
0.000000
0.000000
0.000000
98.403600
113.173136
18.423264
0.000000
0.000000
0.000000
0.000000
0.000000
0.000000
0.000000
237.058155
111.919352
0.000000
0.000000
0.000000
0.000000
0.000000
102.941845
48.080648
0.000000
0.000000
0.000000
0.000000
0.000000
0.000000
0.000000
0.000000
0.000000
15.615885
18.801781
7.968464
0.000000
0.000000
0.000000
0.000000
7.937597
10.270590
6.443880
0.000000
0.000000
0.000000
0.000000
7.293490
9.412665
6.255649
0.000000
0.000000
0.000000
0.000000
0.000000
0.000000
0.000000
0.000000
0.000000
0.000000
0.000000
0.000000
0.000000
0.000000
0.000000
0.000000
0.000000
0.000000
0.000000
0.000000
0.000000
0.000000
0.000000
0.000000
0.000000
500.000000
0.000000
0.000000
0.000000
0.000000
0.000000
135.000000
245.000000
0.000000
0.000000
0.000000
121.022493
78.977507
240.000000
49.613871
13.347934
12.038196
71.000000
35.000000
36.000000
0.002574
0.002573
0.002566
0.000001
0.000000
0.000000
0.000000
0.002630
0.002631
0.002623
0.000000
0.000000
0.000000
0.000000
0.002628
0.002629
0.002622
0.000000
0.000000
0.000000
0.000000
0.000000
0.000000
0.000000
0.002613
0.002609
0.000000
0.000000
0.000000
0.000000
0.000000
0.002628
0.002623
0.000000
0.000000
0.000000
0.000000
0.000000
0.000000
0.000000
0.000000
0.000000

0.355915
0.489718
0.083709
0.000000
0.000000
0.000000
0.000000
0.397426
0.464027
0.092241
0.000000
0.000000
0.000000
0.000000
0.398872
0.462603
0.093143
0.000000
0.000000
0.000000
0.000000
0.000000
0.000000
0.000000
0.438193
0.206882
0.000000
0.000000
0.000000
0.000000
0.000000
0.388475
0.181451
0.000000
0.000000
0.000000
0.000000
0.000000
0.000000
0.000000
0.000000
0.000000
234.232279
324.976619
50.791103
0.000000
0.000000
0.000000
0.000000
106.517149
123.365210
20.117641
0.000000
0.000000
0.000000
0.000000
98.403600
113.173136
18.423264
0.000000
0.000000
0.000000
0.000000
0.000000
0.000000
0.000000
237.058155
111.919352
0.000000
0.000000
0.000000
0.000000
0.000000
102.941845
48.080648
0.000000
0.000000
0.000000
0.000000
0.000000
0.000000
0.000000
0.000000
0.000000
15.615885
18.801781
7.968464
0.000000
0.000000
0.000000
0.000000
7.937597
10.270590
6.443880
0.000000
0.000000
0.000000
0.000000
7.293490
9.412665
6.255649
0.000000
0.000000
0.000000
0.000000
0.000000
0.000000
0.000000
0.000000
0.000000
0.000000
0.000000
0.000000
0.000000
0.000000
0.000000
0.000000
0.000000
0.000000
0.000000
0.000000
0.000000
0.000000
0.000000
0.000000
0.000000
500.000000
0.000000
0.000000
0.000000
0.000000
0.000000
135.000000
245.000000
0.000000
0.000000
0.000000
121.022493
78.977507
240.000000
49.613871
13.347934
12.038196
71.000000
35.000000
36.000000
0.003972
0.003971
0.003956
0.000000
0.000000
0.000000
0.000000
0.004003
0.004004
0.003990
0.000000
0.000000
0.000000
0.000000
0.003999
0.004001
0.003988
0.000000
0.000000
0.000000
0.000000
0.000000
0.000000
0.000000
0.004002
0.003994
0.000000
0.000000
0.000000
0.000000
0.000000
0.003998
0.003989
0.000000
0.000000
0.000000
0.000000
0.000000
0.000000
0.000000
0.000000
0.000000

0.355913
0.489717
0.083707
0.000000
0.000000
0.000000
0.000000
0.397423
0.464024
0.092238
0.000000
0.000000
0.000000
0.000000
0.398869
0.462600
0.093140
0.000000
0.000000
0.000000
0.000000
0.000000
0.000000
0.000000
0.438191
0.206881
0.000000
0.000000
0.000000
0.000000
0.000000
0.388472
0.181448
0.000000
0.000000
0.000000
0.000000
0.000000
0.000000
0.000000
0.000000
0.000000
234.232279
324.976619
50.791103
0.000000
0.000000
0.000000
0.000000
106.517149
123.365210
20.117641
0.000000
0.000000
0.000000
0.000000
98.403600
113.173136
18.423264
0.000000
0.000000
0.000000
0.000000
0.000000
0.000000
0.000000
237.058155
111.919352
0.000000
0.000000
0.000000
0.000000
0.000000
102.941845
48.080648
0.000000
0.000000
0.000000
0.000000
0.000000
0.000000
0.000000
0.000000
0.000000
15.615885
18.801781
7.968464
0.000000
0.000000
0.000000
0.000000
7.937597
10.270590
6.443880
0.000000
0.000000
0.000000
0.000000
7.293490
9.412665
6.255649
0.000000
0.000000
0.000000
0.000000
0.000000
0.000000
0.000000
0.000000
0.000000
0.000000
0.000000
0.000000
0.000000
0.000000
0.000000
0.000000
0.000000
0.000000
0.000000
0.000000
0.000000
0.000000
0.000000
0.000000
0.000000
500.000000
0.000000
0.000000
0.000000
0.000000
0.000000
135.000000
245.000000
0.000000
0.000000
0.000000
121.022493
78.977507
240.000000
49.613871
13.347934
12.038196
71.000000
35.000000
36.000000
0.003063
0.003062
0.003057
0.000000
0.000000
0.000000
0.000000
0.003110
0.003111
0.003097
0.000000
0.000000
0.000000
0.000000
0.003109
0.003110
0.003096
0.000000
0.000000
0.000000
0.000000
0.000000
0.000000
0.000000
0.003096
0.003096
0.000000
0.000000
0.000000
0.000000
0.000000
0.003109
0.003101
0.000000
0.000000
0.000000
0.000000
0.000000
0.000000
0.000000
0.000000
0.000000

0.355915
0.489718
0.083709
0.000000
0.000000
0.000000
0.000000
0.397426
0.464027
0.092241
0.000000
0.000000
0.000000
0.000000
0.398872
0.462603
0.093143
0.000000
0.000000
0.000000
0.000000
0.000000
0.000000
0.000000
0.438192
0.206882
0.000000
0.000000
0.000000
0.000000
0.000000
0.388475
0.181451
0.000000
0.000000
0.000000
0.000000
0.000000
0.000000
0.000000
0.000000
0.000000
234.232279
324.976619
50.791103
0.000000
0.000000
0.000000
0.000000
106.517149
123.365210
20.117641
0.000000
0.000000
0.000000
0.000000
98.403600
113.173136
18.423264
0.000000
0.000000
0.000000
0.000000
0.000000
0.000000
0.000000
237.058155
111.919352
0.000000
0.000000
0.000000
0.000000
0.000000
102.941845
48.080648
0.000000
0.000000
0.000000
0.000000
0.000000
0.000000
0.000000
0.000000
0.000000
15.615885
18.801781
7.968464
0.000000
0.000000
0.000000
0.000000
7.937597
10.270590
6.443880
0.000000
0.000000
0.000000
0.000000
7.293490
9.412665
6.255649
0.000000
0.000000
0.000000
0.000000
0.000000
0.000000
0.000000
0.000000
0.000000
0.000000
0.000000
0.000000
0.000000
0.000000
0.000000
0.000000
0.000000
0.000000
0.000000
0.000000
0.000000
0.000000
0.000000
0.000000
0.000000
500.000000
0.000000
0.000000
0.000000
0.000000
0.000000
135.000000
245.000000
0.000000
0.000000
0.000000
121.022493
78.977507
240.000000
49.613871
13.347934
12.038196
71.000000
35.000000
36.000000
0.003907
0.003907
0.003893
0.000000
0.000000
0.000000
0.000000
0.003940
0.003942
0.003930
0.000000
0.000000
0.000000
0.000000
0.003937
0.003938
0.003928
0.000000
0.000000
0.000000
0.000000
0.000000
0.000000
0.000000
0.003938
0.003930
0.000000
0.000000
0.000000
0.000000
0.000000
0.003935
0.003928
0.000000
0.000000
0.000000
0.000000
0.000000
0.000000
0.000000
0.000000
0.000000

0.355914
0.489718
0.083708
0.000000
0.000000
0.000000
0.000000
0.397425
0.464026
0.092241
0.000000
0.000000
0.000000
0.000000
0.398871
0.462602
0.093142
0.000000
0.000000
0.000000
0.000000
0.000000
0.000000
0.000000
0.438192
0.206882
0.000000
0.000000
0.000000
0.000000
0.000000
0.388474
0.181451
0.000000
0.000000
0.000000
0.000000
0.000000
0.000000
0.000000
0.000000
0.000000
234.232279
324.976619
50.791103
0.000000
0.000000
0.000000
0.000000
106.517149
123.365210
20.117641
0.000000
0.000000
0.000000
0.000000
98.403600
113.173136
18.423264
0.000000
0.000000
0.000000
0.000000
0.000000
0.000000
0.000000
237.058155
111.919352
0.000000
0.000000
0.000000
0.000000
0.000000
102.941845
48.080648
0.000000
0.000000
0.000000
0.000000
0.000000
0.000000
0.000000
0.000000
0.000000
15.615885
18.801781
7.968464
0.000000
0.000000
0.000000
0.000000
7.937597
10.270590
6.443880
0.000000
0.000000
0.000000
0.000000
7.293490
9.412665
6.255649
0.000000
0.000000
0.000000
0.000000
0.000000
0.000000
0.000000
0.000000
0.000000
0.000000
0.000000
0.000000
0.000000
0.000000
0.000000
0.000000
0.000000
0.000000
0.000000
0.000000
0.000000
0.000000
0.000000
0.000000
0.000000
500.000000
0.000000
0.000000
0.000000
0.000000
0.000000
135.000000
245.000000
0.000000
0.000000
0.000000
121.022493
78.977507
240.000000
49.613871
13.347934
12.038196
71.000000
35.000000
36.000000
0.003734
0.003733
0.003720
0.000000
0.000000
0.000000
0.000000
0.003775
0.003776
0.003764
0.000000
0.000000
0.000000
0.000000
0.003772
0.003774
0.003762
0.000000
0.000000
0.000000
0.000000
0.000000
0.000000
0.000000
0.003771
0.003763
0.000000
0.000000
0.000000
0.000000
0.000000
0.003771
0.003763
0.000000
0.000000
0.000000
0.000000
0.000000
0.000000
0.000000
0.000000
0.000000

0.355913
0.489717
0.083707
0.000000
0.000000
0.000000
0.000000
0.397423
0.464024
0.092238
0.000000
0.000000
0.000000
0.000000
0.398868
0.462599
0.093139
0.000000
0.000000
0.000000
0.000000
0.000000
0.000000
0.000000
0.438191
0.206881
0.000000
0.000000
0.000000
0.000000
0.000000
0.388471
0.181448
0.000000
0.000000
0.000000
0.000000
0.000000
0.000000
0.000000
0.000000
0.000000
234.232279
324.976619
50.791103
0.000000
0.000000
0.000000
0.000000
106.517149
123.365210
20.117641
0.000000
0.000000
0.000000
0.000000
98.403600
113.173136
18.423264
0.000000
0.000000
0.000000
0.000000
0.000000
0.000000
0.000000
237.058155
111.919352
0.000000
0.000000
0.000000
0.000000
0.000000
102.941845
48.080648
0.000000
0.000000
0.000000
0.000000
0.000000
0.000000
0.000000
0.000000
0.000000
15.615885
18.801781
7.968464
0.000000
0.000000
0.000000
0.000000
7.937597
10.270590
6.443880
0.000000
0.000000
0.000000
0.000000
7.293490
9.412665
6.255649
0.000000
0.000000
0.000000
0.000000
0.000000
0.000000
0.000000
0.000000
0.000000
0.000000
0.000000
0.000000
0.000000
0.000000
0.000000
0.000000
0.000000
0.000000
0.000000
0.000000
0.000000
0.000000
0.000000
0.000000
0.000000
500.000000
0.000000
0.000000
0.000000
0.000000
0.000000
135.000000
245.000000
0.000000
0.000000
0.000000
121.022493
78.977507
240.000000
49.613871
13.347934
12.038196
71.000000
35.000000
36.000000
0.003009
0.003007
0.002997
0.000000
0.000000
0.000000
0.000000
0.003047
0.003048
0.003033
0.000000
0.000000
0.000000
0.000000
0.003046
0.003047
0.003032
0.000000
0.000000
0.000000
0.000000
0.000000
0.000000
0.000000
0.003037
0.003034
0.000000
0.000000
0.000000
0.000000
0.000000
0.003045
0.003036
0.000000
0.000000
0.000000
0.000000
0.000000
0.000000
0.000000
0.000000
0.000000

0.355913
0.489717
0.083707
0.000000
0.000000
0.000000
0.000000
0.397423
0.464024
0.092238
0.000000
0.000000
0.000000
0.000000
0.398868
0.462599
0.093139
0.000000
0.000000
0.000000
0.000000
0.000000
0.000000
0.000000
0.438191
0.206880
0.000000
0.000000
0.000000
0.000000
0.000000
0.388471
0.181448
0.000000
0.000000
0.000000
0.000000
0.000000
0.000000
0.000000
0.000000
0.000000
234.232279
324.976619
50.791103
0.000000
0.000000
0.000000
0.000000
106.517149
123.365210
20.117641
0.000000
0.000000
0.000000
0.000000
98.403600
113.173136
18.423264
0.000000
0.000000
0.000000
0.000000
0.000000
0.000000
0.000000
237.058155
111.919352
0.000000
0.000000
0.000000
0.000000
0.000000
102.941845
48.080648
0.000000
0.000000
0.000000
0.000000
0.000000
0.000000
0.000000
0.000000
0.000000
15.615885
18.801781
7.968464
0.000000
0.000000
0.000000
0.000000
7.937597
10.270590
6.443880
0.000000
0.000000
0.000000
0.000000
7.293490
9.412665
6.255649
0.000000
0.000000
0.000000
0.000000
0.000000
0.000000
0.000000
0.000000
0.000000
0.000000
0.000000
0.000000
0.000000
0.000000
0.000000
0.000000
0.000000
0.000000
0.000000
0.000000
0.000000
0.000000
0.000000
0.000000
0.000000
500.000000
0.000000
0.000000
0.000000
0.000000
0.000000
135.000000
245.000000
0.000000
0.000000
0.000000
121.022493
78.977507
240.000000
49.613871
13.347934
12.038196
71.000000
35.000000
36.000000
0.002962
0.002961
0.002957
0.000000
0.000000
0.000000
0.000000
0.003007
0.003007
0.002994
0.000000
0.000000
0.000000
0.000000
0.003006
0.003006
0.002993
0.000000
0.000000
0.000000
0.000000
0.000000
0.000000
0.000000
0.002992
0.002991
0.000000
0.000000
0.000000
0.000000
0.000000
0.003006
0.002998
0.000000
0.000000
0.000000
0.000000
0.000000
0.000000
0.000000
0.000000
0.000000

