Iter 	incumb_est 	candid_est 	error
1 	-50.836868 	-8.262016 	0.837480
2 	-9.054700 	-9.054700 	0.000000
3 	-8.800259 	-8.800259 	0.000000
4 	-9.086527 	-9.086527 	0.000000
5 	-9.238698 	-9.238698 	0.000000
6 	-9.483526 	-9.483526 	0.000000
7 	-9.485966 	-9.485966 	0.000000
8 	-9.543386 	-9.543386 	-0.000000
9 	-9.404274 	-9.404274 	0.000000
10 	-9.534613 	-9.534613 	0.000000
11 	-9.667955 	-9.667955 	0.000000
12 	-9.763623 	-9.763623 	0.000000
13 	-9.786110 	-9.786110 	0.000000
14 	-9.859671 	-9.859671 	0.000000
15 	-9.923424 	-9.923424 	-0.000000
16 	-9.821422 	-9.821422 	0.000000
17 	-9.802550 	-9.802550 	0.000000
18 	-9.796320 	-9.796320 	0.000000
19 	-9.823942 	-9.823942 	0.000000
20 	-9.817265 	-9.817265 	0.000000
21 	-9.810971 	-9.810971 	0.000000
22 	-9.851730 	-9.851730 	0.000000
23 	-9.860609 	-9.860609 	0.000000
24 	-9.793792 	-9.793792 	0.000000
25 	-9.842095 	-9.842095 	0.000000
26 	-9.828961 	-9.828961 	0.000000
27 	-9.772014 	-9.772014 	0.000000
28 	-9.768909 	-9.768909 	0.000000
29 	-9.787952 	-9.787952 	0.000000
30 	-9.738066 	-9.738066 	0.000000
31 	-9.741592 	-9.741592 	0.000000
32 	-9.759703 	-9.759703 	0.000000
33 	-9.762360 	-9.762360 	0.000000
34 	-9.770995 	-9.770995 	0.000000
35 	-9.806149 	-9.806149 	0.000000
36 	-9.807294 	-9.807294 	0.000000
37 	-9.821182 	-9.821182 	0.000000
38 	-9.821872 	-9.821872 	0.000000
39 	-9.818365 	-9.818365 	0.000000
40 	-9.819090 	-9.819090 	0.000000
41 	-9.843404 	-9.843404 	0.000000
42 	-9.839761 	-9.839761 	0.000000
43 	-9.803752 	-9.803752 	0.000000
44 	-9.804744 	-9.804744 	0.000000
45 	-9.816219 	-9.816219 	0.000000
46 	-9.782432 	-9.782432 	0.000000
47 	-9.749977 	-9.749976 	0.000000
48 	-9.754046 	-9.754046 	0.000000
49 	-9.765620 	-9.765620 	0.000000
50 	-9.736135 	-9.736135 	0.000000
51 	-9.735134 	-9.735134 	0.000000
52 	-9.737293 	-9.737293 	0.000000
53 	-9.709363 	-9.709363 	0.000000
54 	-9.708913 	-9.708913 	0.000000
55 	-9.682515 	-9.682515 	0.000000
56 	-9.687208 	-9.687208 	0.000000
57 	-9.690018 	-9.690018 	0.000000
58 	-9.689933 	-9.689933 	0.000000
59 	-9.664630 	-9.664630 	0.000000
60 	-9.682014 	-9.682014 	0.000000
61 	-9.688144 	-9.688144 	0.000000
62 	-9.690713 	-9.690713 	0.000000
63 	-9.690708 	-9.690708 	0.000000
64 	-9.690620 	-9.690620 	0.000000
65 	-9.669093 	-9.669093 	0.000000
66 	-9.674955 	-9.674955 	0.000000
67 	-9.677528 	-9.677528 	0.000000
68 	-9.677561 	-9.677561 	0.000000
69 	-9.677593 	-9.677593 	0.000000
70 	-9.677623 	-9.677623 	0.000000
71 	-9.682952 	-9.682952 	0.000000
72 	-9.688133 	-9.688132 	0.000000
73 	-9.668528 	-9.668528 	0.000000
74 	-9.649918 	-9.649918 	0.000000
75 	-9.655332 	-9.655332 	0.000000
76 	-9.673043 	-9.673043 	0.000000
77 	-9.654653 	-9.654653 	0.000000
78 	-9.636798 	-9.636798 	0.000000
79 	-9.645461 	-9.645461 	0.000000
80 	-9.653907 	-9.653907 	0.000000
81 	-9.658870 	-9.658870 	0.000000
82 	-9.663713 	-9.663713 	0.000000
83 	-9.665926 	-9.665926 	0.000000
84 	-9.649562 	-9.649562 	0.000000
85 	-9.663285 	-9.663285 	0.000000
86 	-9.665425 	-9.665425 	0.000000
87 	-9.669914 	-9.669914 	0.000000
88 	-9.670147 	-9.670147 	0.000000
89 	-9.668138 	-9.668138 	0.000000
90 	-9.670130 	-9.670130 	0.000000
91 	-9.670352 	-9.670352 	0.000000
92 	-9.682805 	-9.682805 	0.000000
93 	-9.682772 	-9.682772 	0.000000
94 	-9.682796 	-9.682796 	0.000000
95 	-9.686724 	-9.686724 	0.000000
96 	-9.693333 	-9.693333 	0.000000
97 	-9.694921 	-9.694921 	0.000000
98 	-9.696477 	-9.696477 	0.000000
99 	-9.682284 	-9.682284 	0.000000
100 	-9.688672 	-9.688672 	0.000000
101 	-9.688584 	-9.688584 	0.000000
102 	-9.688550 	-9.688550 	0.000000
103 	-9.674700 	-9.674700 	0.000000
104 	-9.673026 	-9.673026 	0.000000
105 	-9.673141 	-9.673141 	0.000000
106 	-9.671513 	-9.671513 	0.000000
107 	-9.677585 	-9.677585 	0.000000
108 	-9.679157 	-9.679157 	0.000000
109 	-9.679211 	-9.679211 	0.000000
110 	-9.682636 	-9.682636 	0.000000
111 	-9.684120 	-9.684120 	0.000000
112 	-9.684081 	-9.684081 	0.000000
113 	-9.671756 	-9.671756 	0.000000
114 	-9.671873 	-9.671873 	0.000000
115 	-9.680880 	-9.680880 	0.000000
116 	-9.683160 	-9.683160 	0.000000
117 	-9.684564 	-9.684564 	0.000000
118 	-9.684568 	-9.684568 	0.000000
119 	-9.693166 	-9.693166 	0.000000
120 	-9.702522 	-9.702522 	0.000000
121 	-9.710829 	-9.710829 	0.000000
122 	-9.698913 	-9.698913 	0.000000
123 	-9.687469 	-9.687469 	0.000000
124 	-9.685888 	-9.685888 	0.000000
125 	-9.674497 	-9.674497 	0.000000
126 	-9.663287 	-9.663287 	0.000000
127 	-9.661933 	-9.661933 	0.000000
128 	-9.662114 	-9.662114 	0.000000
129 	-9.662292 	-9.662292 	0.000000
130 	-9.651482 	-9.651482 	0.000000
131 	-9.651739 	-9.651738 	0.000000
132 	-9.653221 	-9.653221 	0.000000
133 	-9.656249 	-9.656249 	0.000000
134 	-9.655087 	-9.655087 	0.000000
135 	-9.656512 	-9.656512 	0.000000
136 	-9.659449 	-9.659449 	0.000000
137 	-9.662343 	-9.662343 	0.000000
138 	-9.652408 	-9.652408 	0.000000
139 	-9.653811 	-9.653811 	0.000000
140 	-9.655194 	-9.655194 	0.000000
141 	-9.645278 	-9.645277 	0.000000
142 	-9.644259 	-9.644259 	0.000000
143 	-9.634138 	-9.634138 	0.000000
144 	-9.635619 	-9.635619 	0.000000
145 	-9.626112 	-9.626112 	0.000000
146 	-9.630872 	-9.630872 	0.000000
147 	-9.638197 	-9.638197 	0.000000
148 	-9.628865 	-9.628865 	0.000000
149 	-9.619658 	-9.619658 	0.000000
150 	-9.621176 	-9.621176 	0.000000
151 	-9.630316 	-9.630316 	0.000000
152 	-9.629402 	-9.629402 	0.000000
153 	-9.628560 	-9.628560 	0.000000
154 	-9.628927 	-9.628927 	0.000000
155 	-9.620076 	-9.620076 	0.000000
156 	-9.627742 	-9.627742 	0.000000
157 	-9.636491 	-9.636491 	0.000000
158 	-9.627761 	-9.627761 	0.000000
159 	-9.629142 	-9.629142 	0.000000
160 	-9.629525 	-9.629525 	0.000000
161 	-9.636894 	-9.636894 	0.000000
162 	-9.637158 	-9.637158 	0.000000
163 	-9.637485 	-9.637485 	0.000000
164 	-9.637743 	-9.637743 	0.000000
165 	-9.637997 	-9.637997 	0.000000
166 	-9.638281 	-9.638281 	0.000000
167 	-9.630010 	-9.630010 	0.000000
168 	-9.630306 	-9.630306 	0.000000
169 	-9.632825 	-9.632825 	0.000000
170 	-9.624934 	-9.624934 	0.000000
171 	-9.627454 	-9.627454 	0.000000
172 	-9.631487 	-9.631487 	0.000000
173 	-9.631797 	-9.631797 	0.000000
174 	-9.631043 	-9.631043 	0.000000
175 	-9.623388 	-9.623388 	0.000000
176 	-9.631217 	-9.631217 	0.000000
177 	-9.623482 	-9.623482 	0.000000
178 	-9.615998 	-9.615998 	0.000000
179 	-9.616354 	-9.616354 	0.000000
180 	-9.616736 	-9.616736 	0.000000
181 	-9.619163 	-9.619163 	0.000000
182 	-9.611867 	-9.611867 	0.000000
183 	-9.618447 	-9.618447 	0.000000
184 	-9.620224 	-9.620223 	0.000000
185 	-9.627689 	-9.627689 	0.000000
186 	-9.628870 	-9.628870 	0.000000
187 	-9.629171 	-9.629171 	0.000000
188 	-9.621872 	-9.621872 	0.000000
189 	-9.624169 	-9.624169 	0.000000
190 	-9.624490 	-9.624490 	0.000000
191 	-9.617330 	-9.617330 	0.000000
192 	-9.618528 	-9.618528 	0.000000
193 	-9.618873 	-9.618873 	0.000000
194 	-9.621126 	-9.621126 	0.000000
195 	-9.614307 	-9.614307 	0.000000
196 	-9.621384 	-9.621384 	0.000000
197 	-9.622531 	-9.622531 	0.000000
198 	-9.622847 	-9.622847 	0.000000
199 	-9.616156 	-9.616156 	0.000000
200 	-9.609360 	-9.609360 	0.000000
201 	-9.614825 	-9.614825 	0.000000
202 	-9.615976 	-9.615976 	0.000000
203 	-9.618143 	-9.618143 	0.000000
204 	-9.611471 	-9.611471 	0.000000
205 	-9.613639 	-9.613639 	0.000000
206 	-9.615249 	-9.615249 	0.000000
207 	-9.616371 	-9.616371 	0.000000
208 	-9.617481 	-9.617481 	0.000000
209 	-9.616922 	-9.616922 	0.000000
210 	-9.622632 	-9.622632 	0.000000
211 	-9.622928 	-9.622928 	0.000000
212 	-9.623246 	-9.623246 	0.000000
213 	-9.625278 	-9.625278 	0.000000
214 	-9.626316 	-9.626316 	0.000000
215 	-9.625731 	-9.625731 	0.000000
216 	-9.626757 	-9.626757 	0.000000
217 	-9.620445 	-9.620445 	0.000000
218 	-9.621486 	-9.621486 	0.000000
219 	-9.623470 	-9.623470 	0.000000
220 	-9.623750 	-9.623750 	0.000000
221 	-9.626905 	-9.626905 	0.000000
222 	-9.628838 	-9.628838 	0.000000
223 	-9.630257 	-9.630257 	0.000000
224 	-9.632158 	-9.632158 	0.000000
225 	-9.633114 	-9.633114 	0.000000
226 	-9.638348 	-9.638348 	0.000000
227 	-9.632263 	-9.632263 	0.000000
228 	-9.637455 	-9.637455 	0.000000
229 	-9.640440 	-9.640440 	0.000000
230 	-9.646357 	-9.646357 	0.000000
231 	-9.647228 	-9.647228 	0.000000
232 	-9.648090 	-9.648090 	0.000000
233 	-9.642268 	-9.642268 	0.000000
234 	-9.636348 	-9.636348 	0.000000
235 	-9.637246 	-9.637246 	0.000000
236 	-9.639020 	-9.639020 	0.000000
237 	-9.639214 	-9.639214 	0.000000
238 	-9.640965 	-9.640965 	0.000000
239 	-9.640339 	-9.640339 	0.000000
240 	-9.642071 	-9.642071 	0.000000
241 	-9.643788 	-9.643788 	0.000000
242 	-9.643937 	-9.643937 	0.000000
243 	-9.644106 	-9.644106 	0.000000
244 	-9.645341 	-9.645341 	0.000000
245 	-9.645481 	-9.645481 	0.000000
246 	-9.639837 	-9.639837 	0.000000
247 	-9.644160 	-9.644160 	0.000000
248 	-9.645375 	-9.645375 	0.000000
249 	-9.645534 	-9.645534 	0.000000
250 	-9.649783 	-9.649783 	0.000000
251 	-9.652457 	-9.652457 	0.000000
252 	-9.652566 	-9.652566 	0.000000
253 	-9.657164 	-9.657164 	0.000000
254 	-9.658734 	-9.658734 	0.000000
255 	-9.661332 	-9.661332 	0.000000
256 	-9.665419 	-9.665419 	0.000000
257 	-9.666127 	-9.666127 	0.000000
258 	-9.665485 	-9.665485 	0.000000
