Problem:                                baa99_m
First Stage Rows:                       1
First Stage Columns:                    2
First Stage Non-zeros:                  0
Replication No. 0
Status:                                 REPLICATION SOLUTION
Total Objective Function Upper Bound:   
Total Objective Function Lower Bound:   -270.383489

First Stage Solutions:
   No.   Row name   Activity      Lower bound   Upper bound   Dual          Dual STDEV
------ ------------ ------------- ------------- ------------- ------------- -------------
     0 obj           0.000000e+00 

   No. Column name  Activity      Lower bound   Upper bound   Reduced Cost  RC STDEV
------ ------------ ------------- ------------- ------------- ------------- -------------
     1 x1            1.306891e+02  0.000000e+00  2.170000e+02  0.000000e+00 
     2 x2            1.450775e+02  0.000000e+00  2.170000e+02  0.000000e+00 


Problem:                                baa99_m
First Stage Rows:                       1
First Stage Columns:                    2
First Stage Non-zeros:                  0
Replication No. 1
Status:                                 REPLICATION SOLUTION
Total Objective Function Upper Bound:   
Total Objective Function Lower Bound:   -294.438089

First Stage Solutions:
   No.   Row name   Activity      Lower bound   Upper bound   Dual          Dual STDEV
------ ------------ ------------- ------------- ------------- ------------- -------------
     0 obj          -2.315842e+77 

   No. Column name  Activity      Lower bound   Upper bound   Reduced Cost  RC STDEV
------ ------------ ------------- ------------- ------------- ------------- -------------
     1 x1            1.307485e+02  0.000000e+00  2.170000e+02  0.000000e+00 
     2 x2            1.444537e+02  0.000000e+00  2.170000e+02  0.000000e+00 


Problem:                                baa99_m
First Stage Rows:                       1
First Stage Columns:                    2
First Stage Non-zeros:                  0
Replication No. 2
Status:                                 REPLICATION SOLUTION
Total Objective Function Upper Bound:   
Total Objective Function Lower Bound:   -271.916345

First Stage Solutions:
   No.   Row name   Activity      Lower bound   Upper bound   Dual          Dual STDEV
------ ------------ ------------- ------------- ------------- ------------- -------------
     0 obj           0.000000e+00 

   No. Column name  Activity      Lower bound   Upper bound   Reduced Cost  RC STDEV
------ ------------ ------------- ------------- ------------- ------------- -------------
     1 x1            1.307702e+02  0.000000e+00  2.170000e+02  0.000000e+00 
     2 x2            1.520743e+02  0.000000e+00  2.170000e+02  0.000000e+00 


Problem:                                baa99_m
First Stage Rows:                       1
First Stage Columns:                    2
First Stage Non-zeros:                  0
Replication No. 3
Status:                                 REPLICATION SOLUTION
Total Objective Function Upper Bound:   
Total Objective Function Lower Bound:   -260.949178

First Stage Solutions:
   No.   Row name   Activity      Lower bound   Upper bound   Dual          Dual STDEV
------ ------------ ------------- ------------- ------------- ------------- -------------
     0 obj           0.000000e+00 

   No. Column name  Activity      Lower bound   Upper bound   Reduced Cost  RC STDEV
------ ------------ ------------- ------------- ------------- ------------- -------------
     1 x1            1.305976e+02  0.000000e+00  2.170000e+02  0.000000e+00 
     2 x2            1.456191e+02  0.000000e+00  2.170000e+02  0.000000e+00 


Problem:                                baa99_m
First Stage Rows:                       1
First Stage Columns:                    2
First Stage Non-zeros:                  0
Replication No. 4
Status:                                 REPLICATION SOLUTION
Total Objective Function Upper Bound:   
Total Objective Function Lower Bound:   -260.892626

First Stage Solutions:
   No.   Row name   Activity      Lower bound   Upper bound   Dual          Dual STDEV
------ ------------ ------------- ------------- ------------- ------------- -------------
     0 obj           0.000000e+00 

   No. Column name  Activity      Lower bound   Upper bound   Reduced Cost  RC STDEV
------ ------------ ------------- ------------- ------------- ------------- -------------
     1 x1            1.247006e+02  0.000000e+00  2.170000e+02  0.000000e+00 
     2 x2            1.364515e+02  0.000000e+00  2.170000e+02  0.000000e+00 


Problem:                                baa99_m
First Stage Rows:                       1
First Stage Columns:                    2
First Stage Non-zeros:                  0
Replication No. 5
Status:                                 REPLICATION SOLUTION
Total Objective Function Upper Bound:   
Total Objective Function Lower Bound:   -270.085900

First Stage Solutions:
   No.   Row name   Activity      Lower bound   Upper bound   Dual          Dual STDEV
------ ------------ ------------- ------------- ------------- ------------- -------------
     0 obj           0.000000e+00 

   No. Column name  Activity      Lower bound   Upper bound   Reduced Cost  RC STDEV
------ ------------ ------------- ------------- ------------- ------------- -------------
     1 x1            1.193486e+02  0.000000e+00  2.170000e+02  0.000000e+00 
     2 x2            1.517902e+02  0.000000e+00  2.170000e+02  0.000000e+00 


Problem:                                baa99_m
First Stage Rows:                       1
First Stage Columns:                    2
First Stage Non-zeros:                  0
Replication No. 6
Status:                                 REPLICATION SOLUTION
Total Objective Function Upper Bound:   
Total Objective Function Lower Bound:   -287.311258

First Stage Solutions:
   No.   Row name   Activity      Lower bound   Upper bound   Dual          Dual STDEV
------ ------------ ------------- ------------- ------------- ------------- -------------
     0 obj           0.000000e+00 

   No. Column name  Activity      Lower bound   Upper bound   Reduced Cost  RC STDEV
------ ------------ ------------- ------------- ------------- ------------- -------------
     1 x1            1.308012e+02  0.000000e+00  2.170000e+02  0.000000e+00 
     2 x2            1.499915e+02  0.000000e+00  2.170000e+02  0.000000e+00 


Problem:                                baa99_m
First Stage Rows:                       1
First Stage Columns:                    2
First Stage Non-zeros:                  0
Replication No. 7
Status:                                 REPLICATION SOLUTION
Total Objective Function Upper Bound:   
Total Objective Function Lower Bound:   -299.711386

First Stage Solutions:
   No.   Row name   Activity      Lower bound   Upper bound   Dual          Dual STDEV
------ ------------ ------------- ------------- ------------- ------------- -------------
     0 obj           0.000000e+00 

   No. Column name  Activity      Lower bound   Upper bound   Reduced Cost  RC STDEV
------ ------------ ------------- ------------- ------------- ------------- -------------
     1 x1            1.306920e+02  0.000000e+00  2.170000e+02  0.000000e+00 
     2 x2            1.452676e+02  0.000000e+00  2.170000e+02  0.000000e+00 


Problem:                                baa99_m
First Stage Rows:                       1
First Stage Columns:                    2
First Stage Non-zeros:                  0
Replication No. 8
Status:                                 REPLICATION SOLUTION
Total Objective Function Upper Bound:   
Total Objective Function Lower Bound:   -274.652673

First Stage Solutions:
   No.   Row name   Activity      Lower bound   Upper bound   Dual          Dual STDEV
------ ------------ ------------- ------------- ------------- ------------- -------------
     0 obj           0.000000e+00 

   No. Column name  Activity      Lower bound   Upper bound   Reduced Cost  RC STDEV
------ ------------ ------------- ------------- ------------- ------------- -------------
     1 x1            1.248024e+02  0.000000e+00  2.170000e+02  0.000000e+00 
     2 x2            1.560329e+02  0.000000e+00  2.170000e+02  0.000000e+00 


Problem:                                baa99_m
First Stage Rows:                       1
First Stage Columns:                    2
First Stage Non-zeros:                  0
Replication No. 9
Status:                                 REPLICATION SOLUTION
Total Objective Function Upper Bound:   
Total Objective Function Lower Bound:   -290.937309

First Stage Solutions:
   No.   Row name   Activity      Lower bound   Upper bound   Dual          Dual STDEV
------ ------------ ------------- ------------- ------------- ------------- -------------
     0 obj           0.000000e+00 

   No. Column name  Activity      Lower bound   Upper bound   Reduced Cost  RC STDEV
------ ------------ ------------- ------------- ------------- ------------- -------------
     1 x1            1.305722e+02  0.000000e+00  2.170000e+02  0.000000e+00 
     2 x2            1.452261e+02  0.000000e+00  2.170000e+02  0.000000e+00 


Problem:                                baa99_m
First Stage Rows:                       1
First Stage Columns:                    2
First Stage Non-zeros:                  0
Replication No. 10
Status:                                 REPLICATION SOLUTION
Total Objective Function Upper Bound:   
Total Objective Function Lower Bound:   -306.370807

First Stage Solutions:
   No.   Row name   Activity      Lower bound   Upper bound   Dual          Dual STDEV
------ ------------ ------------- ------------- ------------- ------------- -------------
     0 obj           0.000000e+00 

   No. Column name  Activity      Lower bound   Upper bound   Reduced Cost  RC STDEV
------ ------------ ------------- ------------- ------------- ------------- -------------
     1 x1            1.369466e+02  0.000000e+00  2.170000e+02  0.000000e+00 
     2 x2            1.281859e+02  0.000000e+00  2.170000e+02  0.000000e+00 


Problem:                                baa99_m
First Stage Rows:                       1
First Stage Columns:                    2
First Stage Non-zeros:                  0
Replication No. 11
Status:                                 REPLICATION SOLUTION
Total Objective Function Upper Bound:   
Total Objective Function Lower Bound:   -245.637841

First Stage Solutions:
   No.   Row name   Activity      Lower bound   Upper bound   Dual          Dual STDEV
------ ------------ ------------- ------------- ------------- ------------- -------------
     0 obj           0.000000e+00 

   No. Column name  Activity      Lower bound   Upper bound   Reduced Cost  RC STDEV
------ ------------ ------------- ------------- ------------- ------------- -------------
     1 x1            1.247312e+02  0.000000e+00  2.170000e+02  0.000000e+00 
     2 x2            1.553414e+02  0.000000e+00  2.170000e+02  0.000000e+00 


Problem:                                baa99_m
First Stage Rows:                       1
First Stage Columns:                    2
First Stage Non-zeros:                  0
Replication No. 12
Status:                                 REPLICATION SOLUTION
Total Objective Function Upper Bound:   
Total Objective Function Lower Bound:   -266.193379

First Stage Solutions:
   No.   Row name   Activity      Lower bound   Upper bound   Dual          Dual STDEV
------ ------------ ------------- ------------- ------------- ------------- -------------
     0 obj           0.000000e+00 

   No. Column name  Activity      Lower bound   Upper bound   Reduced Cost  RC STDEV
------ ------------ ------------- ------------- ------------- ------------- -------------
     1 x1            1.247990e+02  0.000000e+00  2.170000e+02  0.000000e+00 
     2 x2            1.510832e+02  0.000000e+00  2.170000e+02  0.000000e+00 


Problem:                                baa99_m
First Stage Rows:                       1
First Stage Columns:                    2
First Stage Non-zeros:                  0
Replication No. 13
Status:                                 REPLICATION SOLUTION
Total Objective Function Upper Bound:   
Total Objective Function Lower Bound:   -306.001822

First Stage Solutions:
   No.   Row name   Activity      Lower bound   Upper bound   Dual          Dual STDEV
------ ------------ ------------- ------------- ------------- ------------- -------------
     0 obj           0.000000e+00 

   No. Column name  Activity      Lower bound   Upper bound   Reduced Cost  RC STDEV
------ ------------ ------------- ------------- ------------- ------------- -------------
     1 x1            1.304131e+02  0.000000e+00  2.170000e+02  0.000000e+00 
     2 x2            1.306534e+02  0.000000e+00  2.170000e+02  0.000000e+00 


Problem:                                baa99_m
First Stage Rows:                       1
First Stage Columns:                    2
First Stage Non-zeros:                  0
Replication No. 14
Status:                                 REPLICATION SOLUTION
Total Objective Function Upper Bound:   
Total Objective Function Lower Bound:   -279.330286

First Stage Solutions:
   No.   Row name   Activity      Lower bound   Upper bound   Dual          Dual STDEV
------ ------------ ------------- ------------- ------------- ------------- -------------
     0 obj           0.000000e+00 

   No. Column name  Activity      Lower bound   Upper bound   Reduced Cost  RC STDEV
------ ------------ ------------- ------------- ------------- ------------- -------------
     1 x1            1.269186e+02  0.000000e+00  2.170000e+02  0.000000e+00 
     2 x2            1.480863e+02  0.000000e+00  2.170000e+02  0.000000e+00 


Problem:                                baa99_m
First Stage Rows:                       1
First Stage Columns:                    2
First Stage Non-zeros:                  0
Replication No. 15
Status:                                 REPLICATION SOLUTION
Total Objective Function Upper Bound:   
Total Objective Function Lower Bound:   -266.686554

First Stage Solutions:
   No.   Row name   Activity      Lower bound   Upper bound   Dual          Dual STDEV
------ ------------ ------------- ------------- ------------- ------------- -------------
     0 obj           0.000000e+00 

   No. Column name  Activity      Lower bound   Upper bound   Reduced Cost  RC STDEV
------ ------------ ------------- ------------- ------------- ------------- -------------
     1 x1            1.306406e+02  0.000000e+00  2.170000e+02  0.000000e+00 
     2 x2            1.526710e+02  0.000000e+00  2.170000e+02  0.000000e+00 


Problem:                                baa99_m
First Stage Rows:                       1
First Stage Columns:                    2
First Stage Non-zeros:                  0
Replication No. 16
Status:                                 REPLICATION SOLUTION
Total Objective Function Upper Bound:   
Total Objective Function Lower Bound:   -264.572523

First Stage Solutions:
   No.   Row name   Activity      Lower bound   Upper bound   Dual          Dual STDEV
------ ------------ ------------- ------------- ------------- ------------- -------------
     0 obj           0.000000e+00 

   No. Column name  Activity      Lower bound   Upper bound   Reduced Cost  RC STDEV
------ ------------ ------------- ------------- ------------- ------------- -------------
     1 x1            1.247570e+02  0.000000e+00  2.170000e+02  0.000000e+00 
     2 x2            1.608707e+02  0.000000e+00  2.170000e+02  0.000000e+00 


Problem:                                baa99_m
First Stage Rows:                       1
First Stage Columns:                    2
First Stage Non-zeros:                  0
Replication No. 17
Status:                                 REPLICATION SOLUTION
Total Objective Function Upper Bound:   
Total Objective Function Lower Bound:   -270.383489

First Stage Solutions:
   No.   Row name   Activity      Lower bound   Upper bound   Dual          Dual STDEV
------ ------------ ------------- ------------- ------------- ------------- -------------
     0 obj           0.000000e+00 

   No. Column name  Activity      Lower bound   Upper bound   Reduced Cost  RC STDEV
------ ------------ ------------- ------------- ------------- ------------- -------------
     1 x1            1.306891e+02  0.000000e+00  2.170000e+02  0.000000e+00 
     2 x2            1.450775e+02  0.000000e+00  2.170000e+02  0.000000e+00 


Problem:                                baa99_m
First Stage Rows:                       1
First Stage Columns:                    2
First Stage Non-zeros:                  0
Replication No. 18
Status:                                 REPLICATION SOLUTION
Total Objective Function Upper Bound:   
Total Objective Function Lower Bound:   -300.778071

First Stage Solutions:
   No.   Row name   Activity      Lower bound   Upper bound   Dual          Dual STDEV
------ ------------ ------------- ------------- ------------- ------------- -------------
     0 obj           0.000000e+00 

   No. Column name  Activity      Lower bound   Upper bound   Reduced Cost  RC STDEV
------ ------------ ------------- ------------- ------------- ------------- -------------
     1 x1            1.368740e+02  0.000000e+00  2.170000e+02  0.000000e+00 
     2 x2            1.483748e+02  0.000000e+00  2.170000e+02  0.000000e+00 


Problem:                                baa99_m
First Stage Rows:                       1
First Stage Columns:                    2
First Stage Non-zeros:                  0
Replication No. 19
Status:                                 REPLICATION SOLUTION
Total Objective Function Upper Bound:   
Total Objective Function Lower Bound:   -267.632141

First Stage Solutions:
   No.   Row name   Activity      Lower bound   Upper bound   Dual          Dual STDEV
------ ------------ ------------- ------------- ------------- ------------- -------------
     0 obj           0.000000e+00 

   No. Column name  Activity      Lower bound   Upper bound   Reduced Cost  RC STDEV
------ ------------ ------------- ------------- ------------- ------------- -------------
     1 x1            1.232057e+02  0.000000e+00  2.170000e+02  0.000000e+00 
     2 x2            1.481994e+02  0.000000e+00  2.170000e+02  0.000000e+00 


Problem:                                baa99_m
First Stage Rows:                       1
First Stage Columns:                    2
First Stage Non-zeros:                  0
Replication No. 20
Status:                                 REPLICATION SOLUTION
Total Objective Function Upper Bound:   
Total Objective Function Lower Bound:   -292.553247

First Stage Solutions:
   No.   Row name   Activity      Lower bound   Upper bound   Dual          Dual STDEV
------ ------------ ------------- ------------- ------------- ------------- -------------
     0 obj           0.000000e+00 

   No. Column name  Activity      Lower bound   Upper bound   Reduced Cost  RC STDEV
------ ------------ ------------- ------------- ------------- ------------- -------------
     1 x1            1.325629e+02  0.000000e+00  2.170000e+02  0.000000e+00 
     2 x2            1.536004e+02  0.000000e+00  2.170000e+02  0.000000e+00 


Problem:                                baa99_m
First Stage Rows:                       1
First Stage Columns:                    2
First Stage Non-zeros:                  0
Replication No. 21
Status:                                 REPLICATION SOLUTION
Total Objective Function Upper Bound:   
Total Objective Function Lower Bound:   -290.421094

First Stage Solutions:
   No.   Row name   Activity      Lower bound   Upper bound   Dual          Dual STDEV
------ ------------ ------------- ------------- ------------- ------------- -------------
     0 obj           0.000000e+00 

   No. Column name  Activity      Lower bound   Upper bound   Reduced Cost  RC STDEV
------ ------------ ------------- ------------- ------------- ------------- -------------
     1 x1            1.306477e+02  0.000000e+00  2.170000e+02  0.000000e+00 
     2 x2            1.502415e+02  0.000000e+00  2.170000e+02  0.000000e+00 


Problem:                                baa99_m
First Stage Rows:                       1
First Stage Columns:                    2
First Stage Non-zeros:                  0
Replication No. 22
Status:                                 REPLICATION SOLUTION
Total Objective Function Upper Bound:   
Total Objective Function Lower Bound:   -295.694597

First Stage Solutions:
   No.   Row name   Activity      Lower bound   Upper bound   Dual          Dual STDEV
------ ------------ ------------- ------------- ------------- ------------- -------------
     0 obj           0.000000e+00 

   No. Column name  Activity      Lower bound   Upper bound   Reduced Cost  RC STDEV
------ ------------ ------------- ------------- ------------- ------------- -------------
     1 x1            1.306470e+02  0.000000e+00  2.170000e+02  0.000000e+00 
     2 x2            1.404037e+02  0.000000e+00  2.170000e+02  0.000000e+00 


Problem:                                baa99_m
First Stage Rows:                       1
First Stage Columns:                    2
First Stage Non-zeros:                  0
Replication No. 23
Status:                                 REPLICATION SOLUTION
Total Objective Function Upper Bound:   
Total Objective Function Lower Bound:   -301.019922

First Stage Solutions:
   No.   Row name   Activity      Lower bound   Upper bound   Dual          Dual STDEV
------ ------------ ------------- ------------- ------------- ------------- -------------
     0 obj           0.000000e+00 

   No. Column name  Activity      Lower bound   Upper bound   Reduced Cost  RC STDEV
------ ------------ ------------- ------------- ------------- ------------- -------------
     1 x1            1.369041e+02  0.000000e+00  2.170000e+02  0.000000e+00 
     2 x2            1.489867e+02  0.000000e+00  2.170000e+02  0.000000e+00 


Problem:                                baa99_m
First Stage Rows:                       1
First Stage Columns:                    2
First Stage Non-zeros:                  0
Replication No. 24
Status:                                 REPLICATION SOLUTION
Total Objective Function Upper Bound:   
Total Objective Function Lower Bound:   -271.529981

First Stage Solutions:
   No.   Row name   Activity      Lower bound   Upper bound   Dual          Dual STDEV
------ ------------ ------------- ------------- ------------- ------------- -------------
     0 obj           0.000000e+00 

   No. Column name  Activity      Lower bound   Upper bound   Reduced Cost  RC STDEV
------ ------------ ------------- ------------- ------------- ------------- -------------
     1 x1            1.306413e+02  0.000000e+00  2.170000e+02  0.000000e+00 
     2 x2            1.451328e+02  0.000000e+00  2.170000e+02  0.000000e+00 


Problem:                                baa99_m
First Stage Rows:                       1
First Stage Columns:                    2
First Stage Non-zeros:                  0
Replication No. 25
Status:                                 REPLICATION SOLUTION
Total Objective Function Upper Bound:   
Total Objective Function Lower Bound:   -263.879885

First Stage Solutions:
   No.   Row name   Activity      Lower bound   Upper bound   Dual          Dual STDEV
------ ------------ ------------- ------------- ------------- ------------- -------------
     0 obj           0.000000e+00 

   No. Column name  Activity      Lower bound   Upper bound   Reduced Cost  RC STDEV
------ ------------ ------------- ------------- ------------- ------------- -------------
     1 x1            1.369305e+02  0.000000e+00  2.170000e+02  0.000000e+00 
     2 x2            1.441970e+02  0.000000e+00  2.170000e+02  0.000000e+00 


Problem:                                baa99_m
First Stage Rows:                       1
First Stage Columns:                    2
First Stage Non-zeros:                  0
Replication No. 26
Status:                                 REPLICATION SOLUTION
Total Objective Function Upper Bound:   
Total Objective Function Lower Bound:   -282.569523

First Stage Solutions:
   No.   Row name   Activity      Lower bound   Upper bound   Dual          Dual STDEV
------ ------------ ------------- ------------- ------------- ------------- -------------
     0 obj           0.000000e+00 

   No. Column name  Activity      Lower bound   Upper bound   Reduced Cost  RC STDEV
------ ------------ ------------- ------------- ------------- ------------- -------------
     1 x1            1.288041e+02  0.000000e+00  2.170000e+02  0.000000e+00 
     2 x2            1.470710e+02  0.000000e+00  2.170000e+02  0.000000e+00 


Problem:                                baa99_m
First Stage Rows:                       1
First Stage Columns:                    2
First Stage Non-zeros:                  0
Replication No. 27
Status:                                 REPLICATION SOLUTION
Total Objective Function Upper Bound:   
Total Objective Function Lower Bound:   -280.732179

First Stage Solutions:
   No.   Row name   Activity      Lower bound   Upper bound   Dual          Dual STDEV
------ ------------ ------------- ------------- ------------- ------------- -------------
     0 obj           0.000000e+00 

   No. Column name  Activity      Lower bound   Upper bound   Reduced Cost  RC STDEV
------ ------------ ------------- ------------- ------------- ------------- -------------
     1 x1            1.247482e+02  0.000000e+00  2.170000e+02  0.000000e+00 
     2 x2            1.397659e+02  0.000000e+00  2.170000e+02  0.000000e+00 


Problem:                                baa99_m
First Stage Rows:                       1
First Stage Columns:                    2
First Stage Non-zeros:                  0
Replication No. 28
Status:                                 REPLICATION SOLUTION
Total Objective Function Upper Bound:   
Total Objective Function Lower Bound:   -299.464370

First Stage Solutions:
   No.   Row name   Activity      Lower bound   Upper bound   Dual          Dual STDEV
------ ------------ ------------- ------------- ------------- ------------- -------------
     0 obj           0.000000e+00 

   No. Column name  Activity      Lower bound   Upper bound   Reduced Cost  RC STDEV
------ ------------ ------------- ------------- ------------- ------------- -------------
     1 x1            1.304451e+02  0.000000e+00  2.170000e+02  0.000000e+00 
     2 x2            1.406362e+02  0.000000e+00  2.170000e+02  0.000000e+00 


Problem:                                baa99_m
First Stage Rows:                       1
First Stage Columns:                    2
First Stage Non-zeros:                  0
Replication No. 29
Status:                                 REPLICATION SOLUTION
Total Objective Function Upper Bound:   
Total Objective Function Lower Bound:   -270.752191

First Stage Solutions:
   No.   Row name   Activity      Lower bound   Upper bound   Dual          Dual STDEV
------ ------------ ------------- ------------- ------------- ------------- -------------
     0 obj          -1.105091e+03 

   No. Column name  Activity      Lower bound   Upper bound   Reduced Cost  RC STDEV
------ ------------ ------------- ------------- ------------- ------------- -------------
     1 x1            1.366958e+02  0.000000e+00  2.170000e+02  0.000000e+00 
     2 x2            1.493091e+02  0.000000e+00  2.170000e+02  0.000000e+00 


