130.689106
145.077506

130.748518
144.453703

130.770249
152.074318

130.597646
145.619087

124.700642
136.451498

119.348607
151.790229

130.801232
149.991535

130.691983
145.267634

124.802356
156.032918

130.572169
145.226115

136.946645
128.185861

124.731181
155.341425

124.799018
151.083249

130.413065
130.653354

126.918593
148.086319

130.640649
152.670975

124.757013
160.870712

130.689106
145.077506

136.874025
148.374787

123.205678
148.199387

132.562927
153.600357

130.647712
150.241505

130.646991
140.403726

136.904109
148.986722

130.641308
145.132798

136.930531
144.196967

128.804092
147.070982

124.748196
139.765872

130.445061
140.636152

136.695767
149.309101

