83.407315
192.651615

82.015718
197.657052

72.477169
211.497992

77.950284
206.598052

78.085739
196.599258

78.004053
201.715042

87.908062
193.035921

83.483030
192.639924

83.417105
202.146738

77.811796
202.505896

78.307051
194.330359

77.913653
216.999966

72.345139
207.728313

78.008223
189.140960

77.892546
202.417743

72.728767
213.002741

78.140848
212.366563

83.407315
192.651615

83.382873
203.867960

76.281198
199.700321

83.407289
206.857502

83.389549
200.266583

83.429216
207.489553

80.838212
205.587178

83.555989
195.101012

77.020899
208.546227

74.636896
204.521061

72.007330
201.604677

80.505749
200.280940

78.022205
210.242400

