Here are the duals for batch0
0.000000
0.000000
0.000000
0.000000
0.000000
0.000000
0.000000
0.000000
0.000000
1.000000
Here are the dual slacks for batch0
0.000000
0.000000
0.000000
0.000000
0.000000
0.000000
0.000000
Here are the duals for batch1
0.000000
0.000000
0.000000
0.000000
0.000000
0.000000
0.000000
0.000000
0.000000
1.000000
Here are the dual slacks for batch1
0.000000
0.000000
0.000000
0.000000
0.000000
0.000000
0.000000
Here are the duals for batch2
0.000000
0.000000
0.000000
0.000000
0.000000
0.000000
0.000000
0.000000
0.000000
0.999999
Here are the dual slacks for batch2
0.000000
0.000000
0.000000
0.000000
0.000000
0.000000
0.000000
Here are the duals for batch3
0.000000
0.000000
0.000000
0.000000
0.000000
0.000000
0.000000
0.275057
0.000000
0.723725
Here are the dual slacks for batch3
0.000000
0.000000
0.000000
0.000000
0.000000
0.000000
0.000000
Here are the duals for batch4
0.000000
0.000000
0.000000
0.000000
0.000000
0.000000
0.000000
0.000002
0.000000
0.999997
Here are the dual slacks for batch4
0.000000
0.000000
0.000000
0.000000
0.000000
0.000000
0.000000
Here are the duals for batch5
0.000000
0.000000
0.000000
0.000000
0.000000
0.000000
0.000000
0.000000
0.000000
1.000000
Here are the dual slacks for batch5
0.000000
0.000000
0.000000
0.000000
0.000000
0.000000
0.000000
Here are the duals for batch6
0.000000
0.000000
0.000000
0.000000
0.000000
0.000000
0.000000
0.217567
0.000000
0.781720
Here are the dual slacks for batch6
0.000000
0.000000
0.000000
0.000000
0.000000
0.000000
0.000000
Here are the duals for batch7
0.000000
0.000000
0.000000
0.000000
0.000000
0.000000
0.000000
0.031550
0.000000
0.968302
Here are the dual slacks for batch7
0.000000
0.000000
0.000000
0.000000
0.000000
0.000000
0.000000
Here are the duals for batch8
0.000000
0.000000
0.000000
0.000000
0.000000
0.000000
0.000000
0.000000
0.000000
1.000000
Here are the dual slacks for batch8
0.000000
0.000000
0.000000
0.000000
0.000000
0.000000
0.000000
Here are the duals for batch9
0.000000
0.000000
0.000000
0.000000
0.000000
0.000000
0.000000
0.000017
0.815179
0.181669
Here are the dual slacks for batch9
0.000000
0.000000
0.000000
0.000000
0.000000
0.000000
0.000000
Here are the duals for batch10
0.000000
0.000000
0.000000
0.000000
0.000000
0.000000
0.000000
0.000000
0.545502
0.450837
Here are the dual slacks for batch10
0.000000
0.000000
0.000000
0.000000
0.000000
0.000000
0.000000
Here are the duals for batch11
0.000000
0.000000
0.000000
0.000000
0.000000
0.000000
0.000000
0.000000
0.000000
0.999999
Here are the dual slacks for batch11
0.000000
0.000000
0.000000
0.000000
0.000000
0.000000
0.000000
Here are the duals for batch12
0.000000
0.000000
0.000000
0.000000
0.000000
0.000000
0.000000
0.071789
0.000004
0.927746
Here are the dual slacks for batch12
0.000000
0.000000
0.000000
0.000000
0.000000
0.000000
0.000000
Here are the duals for batch13
0.000000
0.000000
0.000000
0.000000
0.000000
0.000000
0.000000
0.000000
0.000000
1.000000
Here are the dual slacks for batch13
0.000000
0.000000
0.000000
0.000000
0.000000
0.000000
0.000000
Here are the duals for batch14
0.000000
0.000000
0.000000
0.000000
0.000000
0.000000
0.000000
0.000000
0.000000
1.000000
Here are the dual slacks for batch14
0.000000
0.000000
0.000000
0.000000
0.000000
0.000000
0.000000
Here are the duals for batch15
0.000000
0.000000
0.000000
0.000000
0.000000
0.000000
0.000000
0.000000
0.000000
1.000000
Here are the dual slacks for batch15
0.000000
0.000000
0.000000
0.000000
0.000000
0.000000
0.000000
Here are the duals for batch16
0.000000
0.000000
0.000000
0.000000
0.000000
0.000000
0.000000
0.000000
0.000000
1.000000
Here are the dual slacks for batch16
0.000000
0.000000
0.000000
0.000000
0.000000
0.000000
0.000000
Here are the duals for batch17
0.000000
0.000000
0.000000
0.000000
0.000000
0.000000
0.000000
0.000000
0.000000
1.000000
Here are the dual slacks for batch17
0.000000
0.000000
0.000000
0.000000
0.000000
0.000000
0.000000
Here are the duals for batch18
0.000000
0.000000
0.000000
0.000000
0.000000
0.000000
0.000000
0.099196
0.000001
0.900089
Here are the dual slacks for batch18
0.000000
0.000000
0.000000
0.000000
0.000000
0.000000
0.000000
Here are the duals for batch19
0.000000
0.000000
0.000000
0.000000
0.000000
0.000000
0.000000
0.000000
0.770825
0.226028
Here are the dual slacks for batch19
0.000000
0.000000
0.000000
0.000000
0.000000
0.000000
0.000000
Here are the duals for batch20
0.000000
0.000000
0.000000
0.000000
0.000000
0.000000
0.000000
0.090735
0.000000
0.908894
Here are the dual slacks for batch20
0.000000
0.000000
0.000000
0.000000
0.000000
0.000000
0.000000
Here are the duals for batch21
0.000000
0.000000
0.000000
0.000000
0.000000
0.000000
0.000000
0.000000
0.000000
1.000000
Here are the dual slacks for batch21
0.000000
0.000000
0.000000
0.000000
0.000000
0.000000
0.000000
Here are the duals for batch22
0.000000
0.000000
0.000000
0.000000
0.000000
0.000000
0.000000
0.000000
0.000000
1.000000
Here are the dual slacks for batch22
0.000000
0.000000
0.000000
0.000000
0.000000
0.000000
0.000000
Here are the duals for batch23
0.000000
0.000000
0.000000
0.000000
0.000000
0.000000
0.000000
0.000000
0.993964
0.006035
Here are the dual slacks for batch23
0.000000
0.000000
0.000000
0.000000
0.000000
0.000000
0.000000
Here are the duals for batch24
0.000000
0.000000
0.000000
0.000000
0.000000
0.000000
0.000000
0.000000
0.000006
0.999994
Here are the dual slacks for batch24
0.000000
0.000000
0.000000
0.000000
0.000000
0.000000
0.000000
Here are the duals for batch25
0.000000
0.000000
0.000000
0.000000
0.000000
0.000000
0.000000
0.000000
0.000000
1.000000
Here are the dual slacks for batch25
0.000000
0.000000
0.000000
0.000000
0.000000
0.000000
0.000000
Here are the duals for batch26
0.000000
0.000000
0.000000
0.000000
0.000000
0.000000
0.000000
0.585095
0.000000
0.411617
Here are the dual slacks for batch26
0.000000
0.000000
0.000000
0.000000
0.000000
0.000000
0.000000
Here are the duals for batch27
0.000000
0.000000
0.000000
0.000000
0.000000
0.000000
0.000000
0.000000
0.000004
0.999996
Here are the dual slacks for batch27
0.000000
0.000000
0.000000
0.000000
0.000000
0.000000
0.000000
Here are the duals for batch28
0.000000
0.000000
0.000000
0.000000
0.000000
0.000000
0.000000
0.000000
0.000000
1.000000
Here are the dual slacks for batch28
0.000000
0.000000
0.000000
0.000000
0.000000
0.000000
0.000000
Here are the duals for batch29
0.000000
0.000000
0.000000
0.000000
0.000000
0.000000
0.000000
0.000000
0.000000
1.000000
Here are the dual slacks for batch29
0.000000
0.000000
0.000000
0.000000
0.000000
0.000000
0.000000
