Problem:                                retail
First Stage Rows:                       1
First Stage Columns:                    7
First Stage Non-zeros:                  0
Replication No. 0
Status:                                 REPLICATION SOLUTION
Total Objective Function Upper Bound:   
Total Objective Function Lower Bound:   168.198432

First Stage Solutions:
   No.   Row name   Activity      Lower bound   Upper bound   Dual          Dual STDEV
------ ------------ ------------- ------------- ------------- ------------- -------------
     0 obj           0.000000e+00 

   No. Column name  Activity      Lower bound   Upper bound   Reduced Cost  RC STDEV
------ ------------ ------------- ------------- ------------- ------------- -------------
     1 s1            1.087711e+02  0.000000e+00               0.000000e+00 
     2 s2            2.238078e+02  0.000000e+00               0.000000e+00 
     3 s3            1.618960e+02  0.000000e+00               0.000000e+00 
     4 s4            1.896001e+02  0.000000e+00               0.000000e+00 
     5 s5            2.038403e+02  0.000000e+00               0.000000e+00 
     6 s6            1.779088e+02  0.000000e+00               0.000000e+00 
     7 s7            1.897902e+02  0.000000e+00               0.000000e+00 


Problem:                                retail
First Stage Rows:                       1
First Stage Columns:                    7
First Stage Non-zeros:                  0
Replication No. 1
Status:                                 REPLICATION SOLUTION
Total Objective Function Upper Bound:   
Total Objective Function Lower Bound:   148.433222

First Stage Solutions:
   No.   Row name   Activity      Lower bound   Upper bound   Dual          Dual STDEV
------ ------------ ------------- ------------- ------------- ------------- -------------
     0 obj           0.000000e+00 

   No. Column name  Activity      Lower bound   Upper bound   Reduced Cost  RC STDEV
------ ------------ ------------- ------------- ------------- ------------- -------------
     1 s1            1.100719e+02  0.000000e+00               0.000000e+00 
     2 s2            2.275521e+02  0.000000e+00               0.000000e+00 
     3 s3            1.661813e+02  0.000000e+00               0.000000e+00 
     4 s4            1.821742e+02  0.000000e+00               0.000000e+00 
     5 s5            1.966732e+02  0.000000e+00               0.000000e+00 
     6 s6            1.723862e+02  0.000000e+00               0.000000e+00 
     7 s7            1.998630e+02  0.000000e+00               0.000000e+00 


Problem:                                retail
First Stage Rows:                       1
First Stage Columns:                    7
First Stage Non-zeros:                  0
Replication No. 2
Status:                                 REPLICATION SOLUTION
Total Objective Function Upper Bound:   
Total Objective Function Lower Bound:   163.730669

First Stage Solutions:
   No.   Row name   Activity      Lower bound   Upper bound   Dual          Dual STDEV
------ ------------ ------------- ------------- ------------- ------------- -------------
     0 obj           0.000000e+00 

   No. Column name  Activity      Lower bound   Upper bound   Reduced Cost  RC STDEV
------ ------------ ------------- ------------- ------------- ------------- -------------
     1 s1            1.091309e+02  0.000000e+00               0.000000e+00 
     2 s2            2.118047e+02  0.000000e+00               0.000000e+00 
     3 s3            1.634292e+02  0.000000e+00               0.000000e+00 
     4 s4            2.026841e+02  0.000000e+00               0.000000e+00 
     5 s5            1.970700e+02  0.000000e+00               0.000000e+00 
     6 s6            1.811507e+02  0.000000e+00               0.000000e+00 
     7 s7            1.894374e+02  0.000000e+00               0.000000e+00 


Problem:                                retail
First Stage Rows:                       1
First Stage Columns:                    7
First Stage Non-zeros:                  0
Replication No. 3
Status:                                 REPLICATION SOLUTION
Total Objective Function Upper Bound:   
Total Objective Function Lower Bound:   161.048047

First Stage Solutions:
   No.   Row name   Activity      Lower bound   Upper bound   Dual          Dual STDEV
------ ------------ ------------- ------------- ------------- ------------- -------------
     0 obj           0.000000e+00 

   No. Column name  Activity      Lower bound   Upper bound   Reduced Cost  RC STDEV
------ ------------ ------------- ------------- ------------- ------------- -------------
     1 s1            1.075709e+02  0.000000e+00               0.000000e+00 
     2 s2            2.147853e+02  0.000000e+00               0.000000e+00 
     3 s3            1.653830e+02  0.000000e+00               0.000000e+00 
     4 s4            1.963133e+02  0.000000e+00               0.000000e+00 
     5 s5            2.063837e+02  0.000000e+00               0.000000e+00 
     6 s6            1.828082e+02  0.000000e+00               0.000000e+00 
     7 s7            1.898566e+02  0.000000e+00               0.000000e+00 


Problem:                                retail
First Stage Rows:                       1
First Stage Columns:                    7
First Stage Non-zeros:                  0
Replication No. 4
Status:                                 REPLICATION SOLUTION
Total Objective Function Upper Bound:   
Total Objective Function Lower Bound:   154.929700

First Stage Solutions:
   No.   Row name   Activity      Lower bound   Upper bound   Dual          Dual STDEV
------ ------------ ------------- ------------- ------------- ------------- -------------
     0 obj           0.000000e+00 

   No. Column name  Activity      Lower bound   Upper bound   Reduced Cost  RC STDEV
------ ------------ ------------- ------------- ------------- ------------- -------------
     1 s1            1.079654e+02  0.000000e+00               0.000000e+00 
     2 s2            2.237540e+02  0.000000e+00               0.000000e+00 
     3 s3            1.555799e+02  0.000000e+00               0.000000e+00 
     4 s4            1.912716e+02  0.000000e+00               0.000000e+00 
     5 s5            2.005502e+02  0.000000e+00               0.000000e+00 
     6 s6            1.776106e+02  0.000000e+00               0.000000e+00 
     7 s7            1.794433e+02  0.000000e+00               0.000000e+00 


Problem:                                retail
First Stage Rows:                       1
First Stage Columns:                    7
First Stage Non-zeros:                  0
Replication No. 5
Status:                                 REPLICATION SOLUTION
Total Objective Function Upper Bound:   
Total Objective Function Lower Bound:   151.319009

First Stage Solutions:
   No.   Row name   Activity      Lower bound   Upper bound   Dual          Dual STDEV
------ ------------ ------------- ------------- ------------- ------------- -------------
     0 obj           0.000000e+00 

   No. Column name  Activity      Lower bound   Upper bound   Reduced Cost  RC STDEV
------ ------------ ------------- ------------- ------------- ------------- -------------
     1 s1            1.049933e+02  0.000000e+00               0.000000e+00 
     2 s2            2.200757e+02  0.000000e+00               0.000000e+00 
     3 s3            1.615227e+02  0.000000e+00               0.000000e+00 
     4 s4            1.955087e+02  0.000000e+00               0.000000e+00 
     5 s5            1.982674e+02  0.000000e+00               0.000000e+00 
     6 s6            1.829012e+02  0.000000e+00               0.000000e+00 
     7 s7            1.754686e+02  0.000000e+00               0.000000e+00 


Problem:                                retail
First Stage Rows:                       1
First Stage Columns:                    7
First Stage Non-zeros:                  0
Replication No. 6
Status:                                 REPLICATION SOLUTION
Total Objective Function Upper Bound:   
Total Objective Function Lower Bound:   162.735430

First Stage Solutions:
   No.   Row name   Activity      Lower bound   Upper bound   Dual          Dual STDEV
------ ------------ ------------- ------------- ------------- ------------- -------------
     0 obj           0.000000e+00 

   No. Column name  Activity      Lower bound   Upper bound   Reduced Cost  RC STDEV
------ ------------ ------------- ------------- ------------- ------------- -------------
     1 s1            1.065837e+02  0.000000e+00               0.000000e+00 
     2 s2            2.204055e+02  0.000000e+00               0.000000e+00 
     3 s3            1.660061e+02  0.000000e+00               0.000000e+00 
     4 s4            1.984001e+02  0.000000e+00               0.000000e+00 
     5 s5            1.970703e+02  0.000000e+00               0.000000e+00 
     6 s6            1.819806e+02  0.000000e+00               0.000000e+00 
     7 s7            1.899355e+02  0.000000e+00               0.000000e+00 


Problem:                                retail
First Stage Rows:                       1
First Stage Columns:                    7
First Stage Non-zeros:                  0
Replication No. 7
Status:                                 REPLICATION SOLUTION
Total Objective Function Upper Bound:   
Total Objective Function Lower Bound:   157.062186

First Stage Solutions:
   No.   Row name   Activity      Lower bound   Upper bound   Dual          Dual STDEV
------ ------------ ------------- ------------- ------------- ------------- -------------
     0 obj           0.000000e+00 

   No. Column name  Activity      Lower bound   Upper bound   Reduced Cost  RC STDEV
------ ------------ ------------- ------------- ------------- ------------- -------------
     1 s1            1.105848e+02  0.000000e+00               0.000000e+00 
     2 s2            2.219176e+02  0.000000e+00               0.000000e+00 
     3 s3            1.613995e+02  0.000000e+00               0.000000e+00 
     4 s4            1.920209e+02  0.000000e+00               0.000000e+00 
     5 s5            1.962198e+02  0.000000e+00               0.000000e+00 
     6 s6            1.819883e+02  0.000000e+00               0.000000e+00 
     7 s7            1.908315e+02  0.000000e+00               0.000000e+00 


Problem:                                retail
First Stage Rows:                       1
First Stage Columns:                    7
First Stage Non-zeros:                  0
Replication No. 8
Status:                                 REPLICATION SOLUTION
Total Objective Function Upper Bound:   
Total Objective Function Lower Bound:   146.978563

First Stage Solutions:
   No.   Row name   Activity      Lower bound   Upper bound   Dual          Dual STDEV
------ ------------ ------------- ------------- ------------- ------------- -------------
     0 obj           0.000000e+00 

   No. Column name  Activity      Lower bound   Upper bound   Reduced Cost  RC STDEV
------ ------------ ------------- ------------- ------------- ------------- -------------
     1 s1            1.080728e+02  0.000000e+00               0.000000e+00 
     2 s2            2.171742e+02  0.000000e+00               0.000000e+00 
     3 s3            1.611944e+02  0.000000e+00               0.000000e+00 
     4 s4            1.884448e+02  0.000000e+00               0.000000e+00 
     5 s5            1.922779e+02  0.000000e+00               0.000000e+00 
     6 s6            1.870683e+02  0.000000e+00               0.000000e+00 
     7 s7            1.883202e+02  0.000000e+00               0.000000e+00 


Problem:                                retail
First Stage Rows:                       1
First Stage Columns:                    7
First Stage Non-zeros:                  0
Replication No. 9
Status:                                 REPLICATION SOLUTION
Total Objective Function Upper Bound:   
Total Objective Function Lower Bound:   157.279506

First Stage Solutions:
   No.   Row name   Activity      Lower bound   Upper bound   Dual          Dual STDEV
------ ------------ ------------- ------------- ------------- ------------- -------------
     0 obj           0.000000e+00 

   No. Column name  Activity      Lower bound   Upper bound   Reduced Cost  RC STDEV
------ ------------ ------------- ------------- ------------- ------------- -------------
     1 s1            1.059285e+02  0.000000e+00               0.000000e+00 
     2 s2            2.195791e+02  0.000000e+00               0.000000e+00 
     3 s3            1.587589e+02  0.000000e+00               0.000000e+00 
     4 s4            1.893224e+02  0.000000e+00               0.000000e+00 
     5 s5            2.018452e+02  0.000000e+00               0.000000e+00 
     6 s6            1.817810e+02  0.000000e+00               0.000000e+00 
     7 s7            1.999519e+02  0.000000e+00               0.000000e+00 


Problem:                                retail
First Stage Rows:                       1
First Stage Columns:                    7
First Stage Non-zeros:                  0
Replication No. 10
Status:                                 REPLICATION SOLUTION
Total Objective Function Upper Bound:   
Total Objective Function Lower Bound:   152.031425

First Stage Solutions:
   No.   Row name   Activity      Lower bound   Upper bound   Dual          Dual STDEV
------ ------------ ------------- ------------- ------------- ------------- -------------
     0 obj           0.000000e+00 

   No. Column name  Activity      Lower bound   Upper bound   Reduced Cost  RC STDEV
------ ------------ ------------- ------------- ------------- ------------- -------------
     1 s1            1.070242e+02  0.000000e+00               0.000000e+00 
     2 s2            2.043639e+02  0.000000e+00               0.000000e+00 
     3 s3            1.570032e+02  0.000000e+00               0.000000e+00 
     4 s4            2.042257e+02  0.000000e+00               0.000000e+00 
     5 s5            2.061730e+02  0.000000e+00               0.000000e+00 
     6 s6            1.833406e+02  0.000000e+00               0.000000e+00 
     7 s7            1.818724e+02  0.000000e+00               0.000000e+00 


Problem:                                retail
First Stage Rows:                       1
First Stage Columns:                    7
First Stage Non-zeros:                  0
Replication No. 11
Status:                                 REPLICATION SOLUTION
Total Objective Function Upper Bound:   
Total Objective Function Lower Bound:   165.261308

First Stage Solutions:
   No.   Row name   Activity      Lower bound   Upper bound   Dual          Dual STDEV
------ ------------ ------------- ------------- ------------- ------------- -------------
     0 obj           0.000000e+00 

   No. Column name  Activity      Lower bound   Upper bound   Reduced Cost  RC STDEV
------ ------------ ------------- ------------- ------------- ------------- -------------
     1 s1            1.124289e+02  0.000000e+00               0.000000e+00 
     2 s2            2.284210e+02  0.000000e+00               0.000000e+00 
     3 s3            1.651052e+02  0.000000e+00               0.000000e+00 
     4 s4            1.909329e+02  0.000000e+00               0.000000e+00 
     5 s5            1.968984e+02  0.000000e+00               0.000000e+00 
     6 s6            1.734205e+02  0.000000e+00               0.000000e+00 
     7 s7            1.915648e+02  0.000000e+00               0.000000e+00 


Problem:                                retail
First Stage Rows:                       1
First Stage Columns:                    7
First Stage Non-zeros:                  0
Replication No. 12
Status:                                 REPLICATION SOLUTION
Total Objective Function Upper Bound:   
Total Objective Function Lower Bound:   139.652548

First Stage Solutions:
   No.   Row name   Activity      Lower bound   Upper bound   Dual          Dual STDEV
------ ------------ ------------- ------------- ------------- ------------- -------------
     0 obj           0.000000e+00 

   No. Column name  Activity      Lower bound   Upper bound   Reduced Cost  RC STDEV
------ ------------ ------------- ------------- ------------- ------------- -------------
     1 s1            1.090004e+02  0.000000e+00               0.000000e+00 
     2 s2            2.226704e+02  0.000000e+00               0.000000e+00 
     3 s3            1.627868e+02  0.000000e+00               0.000000e+00 
     4 s4            1.902413e+02  0.000000e+00               0.000000e+00 
     5 s5            1.991225e+02  0.000000e+00               0.000000e+00 
     6 s6            1.821260e+02  0.000000e+00               0.000000e+00 
     7 s7            1.686181e+02  0.000000e+00               0.000000e+00 


Problem:                                retail
First Stage Rows:                       1
First Stage Columns:                    7
First Stage Non-zeros:                  0
Replication No. 13
Status:                                 REPLICATION SOLUTION
Total Objective Function Upper Bound:   
Total Objective Function Lower Bound:   137.939544

First Stage Solutions:
   No.   Row name   Activity      Lower bound   Upper bound   Dual          Dual STDEV
------ ------------ ------------- ------------- ------------- ------------- -------------
     0 obj           0.000000e+00 

   No. Column name  Activity      Lower bound   Upper bound   Reduced Cost  RC STDEV
------ ------------ ------------- ------------- ------------- ------------- -------------
     1 s1            1.080366e+02  0.000000e+00               0.000000e+00 
     2 s2            2.211654e+02  0.000000e+00               0.000000e+00 
     3 s3            1.611700e+02  0.000000e+00               0.000000e+00 
     4 s4            1.822542e+02  0.000000e+00               0.000000e+00 
     5 s5            1.955921e+02  0.000000e+00               0.000000e+00 
     6 s6            1.783601e+02  0.000000e+00               0.000000e+00 
     7 s7            1.842785e+02  0.000000e+00               0.000000e+00 


Problem:                                retail
First Stage Rows:                       1
First Stage Columns:                    7
First Stage Non-zeros:                  0
Replication No. 14
Status:                                 REPLICATION SOLUTION
Total Objective Function Upper Bound:   
Total Objective Function Lower Bound:   140.844860

First Stage Solutions:
   No.   Row name   Activity      Lower bound   Upper bound   Dual          Dual STDEV
------ ------------ ------------- ------------- ------------- ------------- -------------
     0 obj           0.000000e+00 

   No. Column name  Activity      Lower bound   Upper bound   Reduced Cost  RC STDEV
------ ------------ ------------- ------------- ------------- ------------- -------------
     1 s1            1.137418e+02  0.000000e+00               0.000000e+00 
     2 s2            2.103927e+02  0.000000e+00               0.000000e+00 
     3 s3            1.641236e+02  0.000000e+00               0.000000e+00 
     4 s4            1.886469e+02  0.000000e+00               0.000000e+00 
     5 s5            2.025393e+02  0.000000e+00               0.000000e+00 
     6 s6            1.844912e+02  0.000000e+00               0.000000e+00 
     7 s7            1.952341e+02  0.000000e+00               0.000000e+00 


Problem:                                retail
First Stage Rows:                       1
First Stage Columns:                    7
First Stage Non-zeros:                  0
Replication No. 15
Status:                                 REPLICATION SOLUTION
Total Objective Function Upper Bound:   
Total Objective Function Lower Bound:   151.698095

First Stage Solutions:
   No.   Row name   Activity      Lower bound   Upper bound   Dual          Dual STDEV
------ ------------ ------------- ------------- ------------- ------------- -------------
     0 obj           0.000000e+00 

   No. Column name  Activity      Lower bound   Upper bound   Reduced Cost  RC STDEV
------ ------------ ------------- ------------- ------------- ------------- -------------
     1 s1            1.057924e+02  0.000000e+00               0.000000e+00 
     2 s2            2.111849e+02  0.000000e+00               0.000000e+00 
     3 s3            1.639695e+02  0.000000e+00               0.000000e+00 
     4 s4            1.958656e+02  0.000000e+00               0.000000e+00 
     5 s5            2.026910e+02  0.000000e+00               0.000000e+00 
     6 s6            1.866713e+02  0.000000e+00               0.000000e+00 
     7 s7            1.899508e+02  0.000000e+00               0.000000e+00 


Problem:                                retail
First Stage Rows:                       1
First Stage Columns:                    7
First Stage Non-zeros:                  0
Replication No. 16
Status:                                 REPLICATION SOLUTION
Total Objective Function Upper Bound:   
Total Objective Function Lower Bound:   149.879113

First Stage Solutions:
   No.   Row name   Activity      Lower bound   Upper bound   Dual          Dual STDEV
------ ------------ ------------- ------------- ------------- ------------- -------------
     0 obj           0.000000e+00 

   No. Column name  Activity      Lower bound   Upper bound   Reduced Cost  RC STDEV
------ ------------ ------------- ------------- ------------- ------------- -------------
     1 s1            1.064494e+02  0.000000e+00               0.000000e+00 
     2 s2            2.204751e+02  0.000000e+00               0.000000e+00 
     3 s3            1.580783e+02  0.000000e+00               0.000000e+00 
     4 s4            1.968235e+02  0.000000e+00               0.000000e+00 
     5 s5            1.950891e+02  0.000000e+00               0.000000e+00 
     6 s6            1.808998e+02  0.000000e+00               0.000000e+00 
     7 s7            1.962671e+02  0.000000e+00               0.000000e+00 


Problem:                                retail
First Stage Rows:                       1
First Stage Columns:                    7
First Stage Non-zeros:                  0
Replication No. 17
Status:                                 REPLICATION SOLUTION
Total Objective Function Upper Bound:   
Total Objective Function Lower Bound:   168.198432

First Stage Solutions:
   No.   Row name   Activity      Lower bound   Upper bound   Dual          Dual STDEV
------ ------------ ------------- ------------- ------------- ------------- -------------
     0 obj           0.000000e+00 

   No. Column name  Activity      Lower bound   Upper bound   Reduced Cost  RC STDEV
------ ------------ ------------- ------------- ------------- ------------- -------------
     1 s1            1.087711e+02  0.000000e+00               0.000000e+00 
     2 s2            2.238078e+02  0.000000e+00               0.000000e+00 
     3 s3            1.618960e+02  0.000000e+00               0.000000e+00 
     4 s4            1.896001e+02  0.000000e+00               0.000000e+00 
     5 s5            2.038403e+02  0.000000e+00               0.000000e+00 
     6 s6            1.779088e+02  0.000000e+00               0.000000e+00 
     7 s7            1.897902e+02  0.000000e+00               0.000000e+00 


Problem:                                retail
First Stage Rows:                       1
First Stage Columns:                    7
First Stage Non-zeros:                  0
Replication No. 18
Status:                                 REPLICATION SOLUTION
Total Objective Function Upper Bound:   
Total Objective Function Lower Bound:   157.978017

First Stage Solutions:
   No.   Row name   Activity      Lower bound   Upper bound   Dual          Dual STDEV
------ ------------ ------------- ------------- ------------- ------------- -------------
     0 obj           0.000000e+00 

   No. Column name  Activity      Lower bound   Upper bound   Reduced Cost  RC STDEV
------ ------------ ------------- ------------- ------------- ------------- -------------
     1 s1            1.061675e+02  0.000000e+00               0.000000e+00 
     2 s2            2.226344e+02  0.000000e+00               0.000000e+00 
     3 s3            1.557106e+02  0.000000e+00               0.000000e+00 
     4 s4            2.004647e+02  0.000000e+00               0.000000e+00 
     5 s5            2.036892e+02  0.000000e+00               0.000000e+00 
     6 s6            1.902513e+02  0.000000e+00               0.000000e+00 
     7 s7            1.924679e+02  0.000000e+00               0.000000e+00 


Problem:                                retail
First Stage Rows:                       1
First Stage Columns:                    7
First Stage Non-zeros:                  0
Replication No. 19
Status:                                 REPLICATION SOLUTION
Total Objective Function Upper Bound:   
Total Objective Function Lower Bound:   138.579254

First Stage Solutions:
   No.   Row name   Activity      Lower bound   Upper bound   Dual          Dual STDEV
------ ------------ ------------- ------------- ------------- ------------- -------------
     0 obj           0.000000e+00 

   No. Column name  Activity      Lower bound   Upper bound   Reduced Cost  RC STDEV
------ ------------ ------------- ------------- ------------- ------------- -------------
     1 s1            1.085559e+02  0.000000e+00               0.000000e+00 
     2 s2            2.121838e+02  0.000000e+00               0.000000e+00 
     3 s3            1.662831e+02  0.000000e+00               0.000000e+00 
     4 s4            1.824990e+02  0.000000e+00               0.000000e+00 
     5 s5            2.017597e+02  0.000000e+00               0.000000e+00 
     6 s6            1.817822e+02  0.000000e+00               0.000000e+00 
     7 s7            1.925401e+02  0.000000e+00               0.000000e+00 


Problem:                                retail
First Stage Rows:                       1
First Stage Columns:                    7
First Stage Non-zeros:                  0
Replication No. 20
Status:                                 REPLICATION SOLUTION
Total Objective Function Upper Bound:   
Total Objective Function Lower Bound:   147.982168

First Stage Solutions:
   No.   Row name   Activity      Lower bound   Upper bound   Dual          Dual STDEV
------ ------------ ------------- ------------- ------------- ------------- -------------
     0 obj           0.000000e+00 

   No. Column name  Activity      Lower bound   Upper bound   Reduced Cost  RC STDEV
------ ------------ ------------- ------------- ------------- ------------- -------------
     1 s1            1.080995e+02  0.000000e+00               0.000000e+00 
     2 s2            2.332030e+02  0.000000e+00               0.000000e+00 
     3 s3            1.613015e+02  0.000000e+00               0.000000e+00 
     4 s4            1.916029e+02  0.000000e+00               0.000000e+00 
     5 s5            1.939932e+02  0.000000e+00               0.000000e+00 
     6 s6            1.816574e+02  0.000000e+00               0.000000e+00 
     7 s7            1.826956e+02  0.000000e+00               0.000000e+00 


Problem:                                retail
First Stage Rows:                       1
First Stage Columns:                    7
First Stage Non-zeros:                  0
Replication No. 21
Status:                                 REPLICATION SOLUTION
Total Objective Function Upper Bound:   
Total Objective Function Lower Bound:   151.077913

First Stage Solutions:
   No.   Row name   Activity      Lower bound   Upper bound   Dual          Dual STDEV
------ ------------ ------------- ------------- ------------- ------------- -------------
     0 obj           0.000000e+00 

   No. Column name  Activity      Lower bound   Upper bound   Reduced Cost  RC STDEV
------ ------------ ------------- ------------- ------------- ------------- -------------
     1 s1            1.092022e+02  0.000000e+00               0.000000e+00 
     2 s2            2.286756e+02  0.000000e+00               0.000000e+00 
     3 s3            1.583220e+02  0.000000e+00               0.000000e+00 
     4 s4            1.907028e+02  0.000000e+00               0.000000e+00 
     5 s5            1.978599e+02  0.000000e+00               0.000000e+00 
     6 s6            1.821329e+02  0.000000e+00               0.000000e+00 
     7 s7            1.979738e+02  0.000000e+00               0.000000e+00 


Problem:                                retail
First Stage Rows:                       1
First Stage Columns:                    7
First Stage Non-zeros:                  0
Replication No. 22
Status:                                 REPLICATION SOLUTION
Total Objective Function Upper Bound:   
Total Objective Function Lower Bound:   159.534936

First Stage Solutions:
   No.   Row name   Activity      Lower bound   Upper bound   Dual          Dual STDEV
------ ------------ ------------- ------------- ------------- ------------- -------------
     0 obj          -1.000000e+00 

   No. Column name  Activity      Lower bound   Upper bound   Reduced Cost  RC STDEV
------ ------------ ------------- ------------- ------------- ------------- -------------
     1 s1            1.112047e+02  0.000000e+00               0.000000e+00 
     2 s2            2.275888e+02  0.000000e+00               0.000000e+00 
     3 s3            1.644000e+02  0.000000e+00               0.000000e+00 
     4 s4            1.846650e+02  0.000000e+00               0.000000e+00 
     5 s5            2.054295e+02  0.000000e+00               0.000000e+00 
     6 s6            1.794121e+02  0.000000e+00               0.000000e+00 
     7 s7            1.920812e+02  0.000000e+00               0.000000e+00 


Problem:                                retail
First Stage Rows:                       1
First Stage Columns:                    7
First Stage Non-zeros:                  0
Replication No. 23
Status:                                 REPLICATION SOLUTION
Total Objective Function Upper Bound:   
Total Objective Function Lower Bound:   171.927377

First Stage Solutions:
   No.   Row name   Activity      Lower bound   Upper bound   Dual          Dual STDEV
------ ------------ ------------- ------------- ------------- ------------- -------------
     0 obj           0.000000e+00 

   No. Column name  Activity      Lower bound   Upper bound   Reduced Cost  RC STDEV
------ ------------ ------------- ------------- ------------- ------------- -------------
     1 s1            1.126698e+02  0.000000e+00               0.000000e+00 
     2 s2            2.248852e+02  0.000000e+00               0.000000e+00 
     3 s3            1.604277e+02  0.000000e+00               0.000000e+00 
     4 s4            2.003394e+02  0.000000e+00               0.000000e+00 
     5 s5            1.980140e+02  0.000000e+00               0.000000e+00 
     6 s6            1.891611e+02  0.000000e+00               0.000000e+00 
     7 s7            1.917170e+02  0.000000e+00               0.000000e+00 


Problem:                                retail
First Stage Rows:                       1
First Stage Columns:                    7
First Stage Non-zeros:                  0
Replication No. 24
Status:                                 REPLICATION SOLUTION
Total Objective Function Upper Bound:   
Total Objective Function Lower Bound:   155.487544

First Stage Solutions:
   No.   Row name   Activity      Lower bound   Upper bound   Dual          Dual STDEV
------ ------------ ------------- ------------- ------------- ------------- -------------
     0 obj           0.000000e+00 

   No. Column name  Activity      Lower bound   Upper bound   Reduced Cost  RC STDEV
------ ------------ ------------- ------------- ------------- ------------- -------------
     1 s1            1.096824e+02  0.000000e+00               0.000000e+00 
     2 s2            2.311246e+02  0.000000e+00               0.000000e+00 
     3 s3            1.655943e+02  0.000000e+00               0.000000e+00 
     4 s4            1.908124e+02  0.000000e+00               0.000000e+00 
     5 s5            1.895408e+02  0.000000e+00               0.000000e+00 
     6 s6            1.820411e+02  0.000000e+00               0.000000e+00 
     7 s7            1.935918e+02  0.000000e+00               0.000000e+00 


Problem:                                retail
First Stage Rows:                       1
First Stage Columns:                    7
First Stage Non-zeros:                  0
Replication No. 25
Status:                                 REPLICATION SOLUTION
Total Objective Function Upper Bound:   
Total Objective Function Lower Bound:   153.966469

First Stage Solutions:
   No.   Row name   Activity      Lower bound   Upper bound   Dual          Dual STDEV
------ ------------ ------------- ------------- ------------- ------------- -------------
     0 obj          -1.000000e+00 

   No. Column name  Activity      Lower bound   Upper bound   Reduced Cost  RC STDEV
------ ------------ ------------- ------------- ------------- ------------- -------------
     1 s1            1.154406e+02  0.000000e+00               0.000000e+00 
     2 s2            2.264390e+02  0.000000e+00               0.000000e+00 
     3 s3            1.665827e+02  0.000000e+00               0.000000e+00 
     4 s4            1.772097e+02  0.000000e+00               0.000000e+00 
     5 s5            1.966148e+02  0.000000e+00               0.000000e+00 
     6 s6            1.775492e+02  0.000000e+00               0.000000e+00 
     7 s7            1.978680e+02  0.000000e+00               0.000000e+00 


Problem:                                retail
First Stage Rows:                       1
First Stage Columns:                    7
First Stage Non-zeros:                  0
Replication No. 26
Status:                                 REPLICATION SOLUTION
Total Objective Function Upper Bound:   
Total Objective Function Lower Bound:   152.068404

First Stage Solutions:
   No.   Row name   Activity      Lower bound   Upper bound   Dual          Dual STDEV
------ ------------ ------------- ------------- ------------- ------------- -------------
     0 obj          -1.000000e+00 

   No. Column name  Activity      Lower bound   Upper bound   Reduced Cost  RC STDEV
------ ------------ ------------- ------------- ------------- ------------- -------------
     1 s1            1.075475e+02  0.000000e+00               0.000000e+00 
     2 s2            2.229823e+02  0.000000e+00               0.000000e+00 
     3 s3            1.637507e+02  0.000000e+00               0.000000e+00 
     4 s4            1.901371e+02  0.000000e+00               0.000000e+00 
     5 s5            1.970263e+02  0.000000e+00               0.000000e+00 
     6 s6            1.851595e+02  0.000000e+00               0.000000e+00 
     7 s7            1.948082e+02  0.000000e+00               0.000000e+00 


Problem:                                retail
First Stage Rows:                       1
First Stage Columns:                    7
First Stage Non-zeros:                  0
Replication No. 27
Status:                                 REPLICATION SOLUTION
Total Objective Function Upper Bound:   
Total Objective Function Lower Bound:   138.583611

First Stage Solutions:
   No.   Row name   Activity      Lower bound   Upper bound   Dual          Dual STDEV
------ ------------ ------------- ------------- ------------- ------------- -------------
     0 obj           0.000000e+00 

   No. Column name  Activity      Lower bound   Upper bound   Reduced Cost  RC STDEV
------ ------------ ------------- ------------- ------------- ------------- -------------
     1 s1            1.068989e+02  0.000000e+00               0.000000e+00 
     2 s2            2.127014e+02  0.000000e+00               0.000000e+00 
     3 s3            1.580328e+02  0.000000e+00               0.000000e+00 
     4 s4            1.791602e+02  0.000000e+00               0.000000e+00 
     5 s5            1.992893e+02  0.000000e+00               0.000000e+00 
     6 s6            1.771459e+02  0.000000e+00               0.000000e+00 
     7 s7            1.869499e+02  0.000000e+00               0.000000e+00 


Problem:                                retail
First Stage Rows:                       1
First Stage Columns:                    7
First Stage Non-zeros:                  0
Replication No. 28
Status:                                 REPLICATION SOLUTION
Total Objective Function Upper Bound:   
Total Objective Function Lower Bound:   142.270229

First Stage Solutions:
   No.   Row name   Activity      Lower bound   Upper bound   Dual          Dual STDEV
------ ------------ ------------- ------------- ------------- ------------- -------------
     0 obj           2.770000e+01 

   No. Column name  Activity      Lower bound   Upper bound   Reduced Cost  RC STDEV
------ ------------ ------------- ------------- ------------- ------------- -------------
     1 s1            1.052190e+02  0.000000e+00               0.000000e+00 
     2 s2            2.177820e+02  0.000000e+00               0.000000e+00 
     3 s3            1.502820e+02  0.000000e+00               0.000000e+00 
     4 s4            2.037515e+02  0.000000e+00               0.000000e+00 
     5 s5            1.956700e+02  0.000000e+00               0.000000e+00 
     6 s6            1.806850e+02  0.000000e+00               0.000000e+00 
     7 s7            1.981274e+02  0.000000e+00               0.000000e+00 


Problem:                                retail
First Stage Rows:                       1
First Stage Columns:                    7
First Stage Non-zeros:                  0
Replication No. 29
Status:                                 REPLICATION SOLUTION
Total Objective Function Upper Bound:   
Total Objective Function Lower Bound:   146.249206

First Stage Solutions:
   No.   Row name   Activity      Lower bound   Upper bound   Dual          Dual STDEV
------ ------------ ------------- ------------- ------------- ------------- -------------
     0 obj           0.000000e+00 

   No. Column name  Activity      Lower bound   Upper bound   Reduced Cost  RC STDEV
------ ------------ ------------- ------------- ------------- ------------- -------------
     1 s1            1.107082e+02  0.000000e+00               0.000000e+00 
     2 s2            2.241898e+02  0.000000e+00               0.000000e+00 
     3 s3            1.665680e+02  0.000000e+00               0.000000e+00 
     4 s4            1.916890e+02  0.000000e+00               0.000000e+00 
     5 s5            1.916626e+02  0.000000e+00               0.000000e+00 
     6 s6            1.776314e+02  0.000000e+00               0.000000e+00 
     7 s7            1.910363e+02  0.000000e+00               0.000000e+00 


