Iter	 Iter_time	 Master	 Subprob	 Full_Test	 argmax	Iter_acc	 Master_acc	 Subprob_acc	 Full_Test_acc	 argmax_acc
1	 0.000733	 0.000494	 0.000171	 0.000000	 0.000034	0.000733	 0.000494	 0.000171	 0.000000	 0.000034
2	 0.004560	 0.004299	 0.000150	 0.000000	 0.000056	0.005293	 0.004793	 0.000321	 0.000000	 0.000090
3	 0.004481	 0.004274	 0.000122	 0.000000	 0.000036	0.009774	 0.009067	 0.000443	 0.000000	 0.000126
4	 0.005204	 0.004981	 0.000127	 0.000000	 0.000046	0.014978	 0.014048	 0.000570	 0.000000	 0.000172
5	 0.005106	 0.004795	 0.000173	 0.000000	 0.000069	0.020084	 0.018843	 0.000743	 0.000000	 0.000241
6	 0.004502	 0.004292	 0.000124	 0.000000	 0.000044	0.024586	 0.023135	 0.000867	 0.000000	 0.000285
7	 0.004834	 0.004537	 0.000198	 0.000000	 0.000057	0.029420	 0.027672	 0.001065	 0.000000	 0.000342
8	 0.004445	 0.004281	 0.000068	 0.000000	 0.000045	0.033865	 0.031953	 0.001133	 0.000000	 0.000387
9	 0.004582	 0.004414	 0.000078	 0.000000	 0.000052	0.038447	 0.036367	 0.001211	 0.000000	 0.000439
10	 0.004488	 0.004243	 0.000129	 0.000000	 0.000073	0.042935	 0.040610	 0.001340	 0.000000	 0.000512
11	 0.004069	 0.003927	 0.000064	 0.000000	 0.000047	0.047004	 0.044537	 0.001404	 0.000000	 0.000559
12	 0.004699	 0.004427	 0.000158	 0.000000	 0.000073	0.051703	 0.048964	 0.001562	 0.000000	 0.000632
13	 0.004908	 0.004678	 0.000102	 0.000000	 0.000062	0.056611	 0.053642	 0.001664	 0.000000	 0.000694
14	 0.004942	 0.004688	 0.000145	 0.000000	 0.000056	0.061553	 0.058330	 0.001809	 0.000000	 0.000750
15	 0.004506	 0.004220	 0.000140	 0.000000	 0.000102	0.066059	 0.062550	 0.001949	 0.000000	 0.000852
16	 0.005233	 0.005074	 0.000071	 0.000000	 0.000044	0.071292	 0.067624	 0.002020	 0.000000	 0.000896
17	 0.004803	 0.004472	 0.000165	 0.000000	 0.000110	0.076095	 0.072096	 0.002185	 0.000000	 0.001006
18	 0.004461	 0.004230	 0.000126	 0.000000	 0.000066	0.080556	 0.076326	 0.002311	 0.000000	 0.001072
19	 0.005402	 0.005118	 0.000132	 0.000000	 0.000093	0.085958	 0.081444	 0.002443	 0.000000	 0.001165
20	 0.004127	 0.003882	 0.000079	 0.000000	 0.000101	0.090085	 0.085326	 0.002522	 0.000000	 0.001266
21	 0.004138	 0.003873	 0.000121	 0.000000	 0.000101	0.094223	 0.089199	 0.002643	 0.000000	 0.001367
22	 0.004509	 0.004350	 0.000074	 0.000000	 0.000051	0.098732	 0.093549	 0.002717	 0.000000	 0.001418
23	 0.004735	 0.004409	 0.000158	 0.000000	 0.000125	0.103467	 0.097958	 0.002875	 0.000000	 0.001543
24	 0.004657	 0.004450	 0.000083	 0.000000	 0.000071	0.108124	 0.102408	 0.002958	 0.000000	 0.001614
25	 0.004414	 0.004187	 0.000101	 0.000000	 0.000088	0.112538	 0.106595	 0.003059	 0.000000	 0.001702
26	 0.004508	 0.004161	 0.000156	 0.000000	 0.000130	0.117046	 0.110756	 0.003215	 0.000000	 0.001832
27	 0.004578	 0.004355	 0.000083	 0.000000	 0.000085	0.121624	 0.115111	 0.003298	 0.000000	 0.001917
28	 0.004916	 0.004612	 0.000138	 0.000000	 0.000104	0.126540	 0.119723	 0.003436	 0.000000	 0.002021
29	 0.004928	 0.004709	 0.000084	 0.000000	 0.000086	0.131468	 0.124432	 0.003520	 0.000000	 0.002107
30	 0.004760	 0.004118	 0.000266	 0.000000	 0.000260	0.136228	 0.128550	 0.003786	 0.000000	 0.002367
31	 0.004103	 0.003840	 0.000104	 0.000000	 0.000090	0.140331	 0.132390	 0.003890	 0.000000	 0.002457
32	 0.005133	 0.004687	 0.000188	 0.000000	 0.000158	0.145464	 0.137077	 0.004078	 0.000000	 0.002615
33	 0.005159	 0.004711	 0.000212	 0.000000	 0.000162	0.150623	 0.141788	 0.004290	 0.000000	 0.002777
34	 0.004874	 0.004464	 0.000189	 0.000000	 0.000157	0.155497	 0.146252	 0.004479	 0.000000	 0.002934
35	 0.004485	 0.004284	 0.000063	 0.000000	 0.000085	0.159982	 0.150536	 0.004542	 0.000000	 0.003019
36	 0.005328	 0.004899	 0.000193	 0.000000	 0.000178	0.165310	 0.155435	 0.004735	 0.000000	 0.003197
37	 0.005049	 0.004772	 0.000119	 0.000000	 0.000111	0.170359	 0.160207	 0.004854	 0.000000	 0.003308
38	 0.004421	 0.004061	 0.000134	 0.000000	 0.000161	0.174780	 0.164268	 0.004988	 0.000000	 0.003469
39	 0.004702	 0.004502	 0.000077	 0.000000	 0.000083	0.179482	 0.168770	 0.005065	 0.000000	 0.003552
40	 0.004234	 0.003908	 0.000125	 0.000000	 0.000158	0.183716	 0.172678	 0.005190	 0.000000	 0.003710
41	 0.004560	 0.004340	 0.000086	 0.000000	 0.000101	0.188276	 0.177018	 0.005276	 0.000000	 0.003811
42	 0.004843	 0.004539	 0.000119	 0.000000	 0.000127	0.193119	 0.181557	 0.005395	 0.000000	 0.003938
43	 0.004477	 0.004238	 0.000085	 0.000000	 0.000117	0.197596	 0.185795	 0.005480	 0.000000	 0.004055
44	 0.004476	 0.004135	 0.000140	 0.000000	 0.000165	0.202072	 0.189930	 0.005620	 0.000000	 0.004220
45	 0.004715	 0.004507	 0.000092	 0.000000	 0.000081	0.206787	 0.194437	 0.005712	 0.000000	 0.004301
46	 0.004468	 0.004123	 0.000141	 0.000000	 0.000166	0.211255	 0.198560	 0.005853	 0.000000	 0.004467
47	 0.004535	 0.004329	 0.000092	 0.000000	 0.000083	0.215790	 0.202889	 0.005945	 0.000000	 0.004550
48	 0.004599	 0.004279	 0.000109	 0.000000	 0.000172	0.220389	 0.207168	 0.006054	 0.000000	 0.004722
49	 0.004114	 0.003855	 0.000111	 0.000000	 0.000115	0.224503	 0.211023	 0.006165	 0.000000	 0.004837
50	 0.004651	 0.004333	 0.000130	 0.000000	 0.000148	0.229154	 0.215356	 0.006295	 0.000000	 0.004985
51	 0.004842	 0.004615	 0.000077	 0.000000	 0.000119	0.233996	 0.219971	 0.006372	 0.000000	 0.005104
52	 0.004558	 0.004192	 0.000126	 0.000000	 0.000189	0.238554	 0.224163	 0.006498	 0.000000	 0.005293
53	 0.004756	 0.004385	 0.000104	 0.000000	 0.000182	0.243310	 0.228548	 0.006602	 0.000000	 0.005475
54	 0.005379	 0.005040	 0.000113	 0.000000	 0.000168	0.248689	 0.233588	 0.006715	 0.000000	 0.005643
55	 0.005549	 0.005061	 0.000170	 0.000000	 0.000254	0.254238	 0.238649	 0.006885	 0.000000	 0.005897
56	 0.004521	 0.004236	 0.000083	 0.000000	 0.000159	0.258759	 0.242885	 0.006968	 0.000000	 0.006056
57	 0.005132	 0.004357	 0.000250	 0.000000	 0.000430	0.263891	 0.247242	 0.007218	 0.000000	 0.006486
58	 0.005043	 0.004735	 0.000095	 0.000000	 0.000157	0.268934	 0.251977	 0.007313	 0.000000	 0.006643
59	 0.005353	 0.004581	 0.000252	 0.000000	 0.000430	0.274287	 0.256558	 0.007565	 0.000000	 0.007073
60	 0.005160	 0.004767	 0.000138	 0.000000	 0.000205	0.279447	 0.261325	 0.007703	 0.000000	 0.007278
61	 0.004968	 0.004442	 0.000174	 0.000000	 0.000275	0.284415	 0.265767	 0.007877	 0.000000	 0.007553
62	 0.004399	 0.004067	 0.000110	 0.000000	 0.000179	0.288814	 0.269834	 0.007987	 0.000000	 0.007732
63	 0.004797	 0.004402	 0.000125	 0.000000	 0.000226	0.293611	 0.274236	 0.008112	 0.000000	 0.007958
64	 0.005070	 0.004811	 0.000068	 0.000000	 0.000158	0.298681	 0.279047	 0.008180	 0.000000	 0.008116
65	 0.004584	 0.004167	 0.000114	 0.000000	 0.000262	0.303265	 0.283214	 0.008294	 0.000000	 0.008378
66	 0.005056	 0.004801	 0.000092	 0.000000	 0.000124	0.308321	 0.288015	 0.008386	 0.000000	 0.008502
67	 0.005227	 0.004642	 0.000166	 0.000000	 0.000360	0.313548	 0.292657	 0.008552	 0.000000	 0.008862
68	 0.005793	 0.005440	 0.000111	 0.000000	 0.000185	0.319341	 0.298097	 0.008663	 0.000000	 0.009047
69	 0.005269	 0.004493	 0.000229	 0.000000	 0.000475	0.324610	 0.302590	 0.008892	 0.000000	 0.009522
70	 0.005392	 0.005091	 0.000098	 0.000000	 0.000165	0.330002	 0.307681	 0.008990	 0.000000	 0.009687
71	 0.004920	 0.004433	 0.000144	 0.000000	 0.000299	0.334922	 0.312114	 0.009134	 0.000000	 0.009986
72	 0.004964	 0.004674	 0.000076	 0.000000	 0.000178	0.339886	 0.316788	 0.009210	 0.000000	 0.010164
73	 0.005530	 0.004755	 0.000248	 0.000094	 0.000374	0.345416	 0.321543	 0.009458	 0.000094	 0.010538
74	 0.004932	 0.004362	 0.000173	 0.000095	 0.000256	0.350348	 0.325905	 0.009631	 0.000189	 0.010794
75	 0.005202	 0.004459	 0.000219	 0.000116	 0.000339	0.355550	 0.330364	 0.009850	 0.000305	 0.011133
76	 0.004927	 0.004377	 0.000156	 0.000118	 0.000227	0.360477	 0.334741	 0.010006	 0.000423	 0.011360
77	 0.005313	 0.004567	 0.000209	 0.000076	 0.000404	0.365790	 0.339308	 0.010215	 0.000499	 0.011764
78	 0.004638	 0.004345	 0.000094	 0.000076	 0.000163	0.370428	 0.343653	 0.010309	 0.000499	 0.011927
79	 0.005161	 0.004430	 0.000225	 0.000063	 0.000366	0.375589	 0.348083	 0.010534	 0.000562	 0.012293
80	 0.005248	 0.004683	 0.000210	 0.000063	 0.000241	0.380837	 0.352766	 0.010744	 0.000625	 0.012534
81	 0.005301	 0.004333	 0.000240	 0.000205	 0.000459	0.386138	 0.357099	 0.010984	 0.000830	 0.012993
82	 0.004596	 0.003997	 0.000176	 0.000108	 0.000263	0.390734	 0.361096	 0.011160	 0.000938	 0.013256
83	 0.005234	 0.004435	 0.000232	 0.000065	 0.000430	0.395968	 0.365531	 0.011392	 0.001003	 0.013686
84	 0.005048	 0.004498	 0.000139	 0.000111	 0.000252	0.401016	 0.370029	 0.011531	 0.001114	 0.013938
85	 0.005747	 0.004870	 0.000291	 0.000070	 0.000439	0.406763	 0.374899	 0.011822	 0.001184	 0.014377
86	 0.005448	 0.004528	 0.000346	 0.000169	 0.000302	0.412211	 0.379427	 0.012168	 0.001353	 0.014679
87	 0.004925	 0.004399	 0.000103	 0.000076	 0.000289	0.417136	 0.383826	 0.012271	 0.001429	 0.014968
88	 0.005691	 0.004913	 0.000182	 0.000076	 0.000531	0.422827	 0.388739	 0.012453	 0.001429	 0.015499
89	 0.005835	 0.004898	 0.000213	 0.000148	 0.000435	0.428662	 0.393637	 0.012666	 0.001577	 0.015934
90	 0.004581	 0.003142	 0.000334	 0.000146	 0.000835	0.433243	 0.396779	 0.013000	 0.001723	 0.016769
91	 0.004581	 0.003637	 0.000192	 0.000128	 0.000528	0.437824	 0.400416	 0.013192	 0.001851	 0.017297
92	 0.005855	 0.004418	 0.000374	 0.000252	 0.000672	0.443679	 0.404834	 0.013566	 0.002103	 0.017969
93	 0.004780	 0.003906	 0.000214	 0.000118	 0.000446	0.448459	 0.408740	 0.013780	 0.002221	 0.018415
94	 0.005363	 0.004424	 0.000265	 0.000110	 0.000492	0.453822	 0.413164	 0.014045	 0.002331	 0.018907
95	 0.005364	 0.004501	 0.000189	 0.000339	 0.000281	0.459186	 0.417665	 0.014234	 0.002670	 0.019188
96	 0.005701	 0.004659	 0.000281	 0.000239	 0.000461	0.464887	 0.422324	 0.014515	 0.002909	 0.019649
97	 0.005354	 0.004590	 0.000232	 0.000183	 0.000296	0.470241	 0.426914	 0.014747	 0.003092	 0.019945
98	 0.005691	 0.004659	 0.000277	 0.000113	 0.000553	0.475932	 0.431573	 0.015024	 0.003205	 0.020498
99	 0.004948	 0.004466	 0.000139	 0.000113	 0.000296	0.480880	 0.436039	 0.015163	 0.003205	 0.020794
100	 0.006376	 0.005463	 0.000161	 0.000276	 0.000398	0.487256	 0.441502	 0.015324	 0.003481	 0.021192
101	 0.006203	 0.004587	 0.000282	 0.000772	 0.000428	0.493459	 0.446089	 0.015606	 0.004253	 0.021620
102	 0.005879	 0.004897	 0.000205	 0.000200	 0.000512	0.499338	 0.450986	 0.015811	 0.004453	 0.022132
103	 0.005228	 0.004486	 0.000134	 0.000201	 0.000357	0.504566	 0.455472	 0.015945	 0.004654	 0.022489
104	 0.005774	 0.004873	 0.000181	 0.000161	 0.000502	0.510340	 0.460345	 0.016126	 0.004815	 0.022991
105	 0.004282	 0.003552	 0.000155	 0.000234	 0.000292	0.514622	 0.463897	 0.016281	 0.005049	 0.023283
106	 0.005504	 0.004352	 0.000173	 0.000424	 0.000499	0.520126	 0.468249	 0.016454	 0.005473	 0.023782
107	 0.004327	 0.003709	 0.000096	 0.000163	 0.000310	0.524453	 0.471958	 0.016550	 0.005636	 0.024092
108	 0.005510	 0.004168	 0.000230	 0.000507	 0.000545	0.529963	 0.476126	 0.016780	 0.006143	 0.024637
109	 0.004752	 0.003764	 0.000173	 0.000454	 0.000310	0.534715	 0.479890	 0.016953	 0.006597	 0.024947
110	 0.004768	 0.003518	 0.000243	 0.000362	 0.000553	0.539483	 0.483408	 0.017196	 0.006959	 0.025500
111	 0.004340	 0.003479	 0.000180	 0.000279	 0.000329	0.543823	 0.486887	 0.017376	 0.007238	 0.025829
112	 0.004770	 0.003637	 0.000190	 0.000507	 0.000386	0.548593	 0.490524	 0.017566	 0.007745	 0.026215
113	 0.005349	 0.004086	 0.000238	 0.000384	 0.000583	0.553942	 0.494610	 0.017804	 0.008129	 0.026798
114	 0.004348	 0.003568	 0.000159	 0.000243	 0.000307	0.558290	 0.498178	 0.017963	 0.008372	 0.027105
115	 0.005615	 0.004302	 0.000202	 0.000314	 0.000723	0.563905	 0.502480	 0.018165	 0.008686	 0.027828
116	 0.005130	 0.003942	 0.000094	 0.000723	 0.000317	0.569035	 0.506422	 0.018259	 0.009409	 0.028145
117	 0.005356	 0.004278	 0.000153	 0.000377	 0.000488	0.574391	 0.510700	 0.018412	 0.009786	 0.028633
118	 0.005749	 0.004399	 0.000100	 0.000839	 0.000331	0.580140	 0.515099	 0.018512	 0.010625	 0.028964
119	 0.005072	 0.003986	 0.000213	 0.000328	 0.000449	0.585212	 0.519085	 0.018725	 0.010953	 0.029413
120	 0.005291	 0.004317	 0.000178	 0.000286	 0.000456	0.590503	 0.523402	 0.018903	 0.011239	 0.029869
121	 0.005620	 0.004464	 0.000260	 0.000224	 0.000610	0.596123	 0.527866	 0.019163	 0.011463	 0.030479
122	 0.004974	 0.004043	 0.000174	 0.000289	 0.000417	0.601097	 0.531909	 0.019337	 0.011752	 0.030896
123	 0.004359	 0.003197	 0.000222	 0.000296	 0.000586	0.605456	 0.535106	 0.019559	 0.012048	 0.031482
124	 0.004840	 0.003728	 0.000134	 0.000523	 0.000386	0.610296	 0.538834	 0.019693	 0.012571	 0.031868
125	 0.005341	 0.004099	 0.000230	 0.000258	 0.000695	0.615637	 0.542933	 0.019923	 0.012829	 0.032563
126	 0.005374	 0.004461	 0.000183	 0.000256	 0.000425	0.621011	 0.547394	 0.020106	 0.013085	 0.032988
127	 0.005088	 0.003756	 0.000222	 0.000432	 0.000598	0.626099	 0.551150	 0.020328	 0.013517	 0.033586
128	 0.004459	 0.003623	 0.000173	 0.000213	 0.000377	0.630558	 0.554773	 0.020501	 0.013730	 0.033963
129	 0.005362	 0.003927	 0.000132	 0.000813	 0.000406	0.635920	 0.558700	 0.020633	 0.014543	 0.034369
130	 0.004743	 0.003795	 0.000187	 0.000251	 0.000460	0.640663	 0.562495	 0.020820	 0.014794	 0.034829
131	 0.005499	 0.004086	 0.000254	 0.000367	 0.000733	0.646162	 0.566581	 0.021074	 0.015161	 0.035562
132	 0.003643	 0.002529	 0.000282	 0.000160	 0.000577	0.649805	 0.569110	 0.021356	 0.015321	 0.036139
133	 0.005158	 0.003054	 0.000270	 0.000288	 0.001431	0.654963	 0.572164	 0.021626	 0.015609	 0.037570
134	 0.004708	 0.003522	 0.000122	 0.000451	 0.000542	0.659671	 0.575686	 0.021748	 0.016060	 0.038112
135	 0.004947	 0.003678	 0.000165	 0.000254	 0.000776	0.664618	 0.579364	 0.021913	 0.016314	 0.038888
136	 0.004341	 0.003461	 0.000090	 0.000309	 0.000419	0.668959	 0.582825	 0.022003	 0.016623	 0.039307
137	 0.005151	 0.003962	 0.000172	 0.000170	 0.000757	0.674110	 0.586787	 0.022175	 0.016793	 0.040064
138	 0.004558	 0.003564	 0.000146	 0.000241	 0.000535	0.678668	 0.590351	 0.022321	 0.017034	 0.040599
139	 0.006223	 0.004672	 0.000143	 0.000657	 0.000690	0.684891	 0.595023	 0.022464	 0.017691	 0.041289
140	 0.006681	 0.005115	 0.000184	 0.000361	 0.000864	0.691572	 0.600138	 0.022648	 0.018052	 0.042153
141	 0.005595	 0.004292	 0.000160	 0.000562	 0.000507	0.697167	 0.604430	 0.022808	 0.018614	 0.042660
142	 0.005464	 0.004168	 0.000168	 0.000235	 0.000817	0.702631	 0.608598	 0.022976	 0.018849	 0.043477
143	 0.006006	 0.004701	 0.000110	 0.000536	 0.000589	0.708637	 0.613299	 0.023086	 0.019385	 0.044066
144	 0.005453	 0.004024	 0.000188	 0.000384	 0.000792	0.714090	 0.617323	 0.023274	 0.019769	 0.044858
145	 0.005295	 0.004400	 0.000117	 0.000378	 0.000342	0.719385	 0.621723	 0.023391	 0.020147	 0.045200
146	 0.007794	 0.004446	 0.000331	 0.001934	 0.000977	0.727179	 0.626169	 0.023722	 0.022081	 0.046177
147	 0.005657	 0.004609	 0.000152	 0.000375	 0.000429	0.732836	 0.630778	 0.023874	 0.022456	 0.046606
148	 0.005286	 0.004250	 0.000143	 0.000396	 0.000443	0.738122	 0.635028	 0.024017	 0.022852	 0.047049
149	 0.006258	 0.004585	 0.000199	 0.000637	 0.000766	0.744380	 0.639613	 0.024216	 0.023489	 0.047815
150	 0.006280	 0.004400	 0.000191	 0.001180	 0.000446	0.750660	 0.644013	 0.024407	 0.024669	 0.048261
151	 0.005429	 0.003774	 0.000262	 0.000587	 0.000734	0.756089	 0.647787	 0.024669	 0.025256	 0.048995
152	 0.005347	 0.003831	 0.000202	 0.000627	 0.000599	0.761436	 0.651618	 0.024871	 0.025883	 0.049594
153	 0.005539	 0.004289	 0.000217	 0.000627	 0.000972	0.766975	 0.655907	 0.025088	 0.025883	 0.050566
154	 0.005130	 0.004071	 0.000086	 0.000470	 0.000448	0.772105	 0.659978	 0.025174	 0.026353	 0.051014
155	 0.006094	 0.004822	 0.000133	 0.000417	 0.000657	0.778199	 0.664800	 0.025307	 0.026770	 0.051671
156	 0.005367	 0.004041	 0.000176	 0.000364	 0.000698	0.783566	 0.668841	 0.025483	 0.027134	 0.052369
157	 0.005923	 0.004244	 0.000252	 0.000393	 0.000970	0.789489	 0.673085	 0.025735	 0.027527	 0.053339
158	 0.005987	 0.004267	 0.000231	 0.000935	 0.000492	0.795476	 0.677352	 0.025966	 0.028462	 0.053831
159	 0.006154	 0.004278	 0.000190	 0.000728	 0.000889	0.801630	 0.681630	 0.026156	 0.029190	 0.054720
160	 0.006307	 0.004309	 0.000151	 0.001238	 0.000520	0.807937	 0.685939	 0.026307	 0.030428	 0.055240
161	 0.005853	 0.003967	 0.000118	 0.001162	 0.000539	0.813790	 0.689906	 0.026425	 0.031590	 0.055779
162	 0.006602	 0.004089	 0.000164	 0.001404	 0.000874	0.820392	 0.693995	 0.026589	 0.032994	 0.056653
163	 0.005317	 0.003699	 0.000134	 0.000915	 0.000507	0.825709	 0.697694	 0.026723	 0.033909	 0.057160
164	 0.005730	 0.003959	 0.000194	 0.000655	 0.000855	0.831439	 0.701653	 0.026917	 0.034564	 0.058015
165	 0.005816	 0.003853	 0.000145	 0.001243	 0.000505	0.837255	 0.705506	 0.027062	 0.035807	 0.058520
166	 0.007396	 0.004213	 0.000285	 0.001991	 0.000832	0.844651	 0.709719	 0.027347	 0.037798	 0.059352
167	 0.008035	 0.004447	 0.000195	 0.002554	 0.000754	0.852686	 0.714166	 0.027542	 0.040352	 0.060106
