Iter	 Iter_time	 Master	 Subprob	 Full_Test	 argmax	Iter_acc	 Master_acc	 Subprob_acc	 Full_Test_acc	 argmax_acc
1	 0.008713	 0.006777	 0.001757	 0.000000	 0.000076	0.008713	 0.006777	 0.001757	 0.000000	 0.000076
2	 0.013683	 0.013051	 0.000408	 0.000000	 0.000105	0.022396	 0.019828	 0.002165	 0.000000	 0.000181
3	 0.012671	 0.012316	 0.000229	 0.000000	 0.000059	0.035067	 0.032144	 0.002394	 0.000000	 0.000240
4	 0.012834	 0.012417	 0.000235	 0.000000	 0.000099	0.047901	 0.044561	 0.002629	 0.000000	 0.000339
5	 0.012827	 0.012597	 0.000120	 0.000000	 0.000045	0.060728	 0.057158	 0.002749	 0.000000	 0.000384
6	 0.012886	 0.012454	 0.000236	 0.000000	 0.000106	0.073614	 0.069612	 0.002985	 0.000000	 0.000490
7	 0.013001	 0.012702	 0.000172	 0.000000	 0.000047	0.086615	 0.082314	 0.003157	 0.000000	 0.000537
8	 0.013239	 0.012890	 0.000145	 0.000000	 0.000094	0.099854	 0.095204	 0.003302	 0.000000	 0.000631
9	 0.013248	 0.012884	 0.000201	 0.000000	 0.000074	0.113102	 0.108088	 0.003503	 0.000000	 0.000705
10	 0.015906	 0.015356	 0.000350	 0.000000	 0.000087	0.129008	 0.123444	 0.003853	 0.000000	 0.000792
11	 0.013106	 0.012865	 0.000085	 0.000000	 0.000059	0.142114	 0.136309	 0.003938	 0.000000	 0.000851
12	 0.013549	 0.013047	 0.000234	 0.000000	 0.000099	0.155663	 0.149356	 0.004172	 0.000000	 0.000950
13	 0.014932	 0.014591	 0.000172	 0.000000	 0.000062	0.170595	 0.163947	 0.004344	 0.000000	 0.001012
14	 0.013314	 0.012894	 0.000199	 0.000000	 0.000093	0.183909	 0.176841	 0.004543	 0.000000	 0.001105
15	 0.014182	 0.013959	 0.000070	 0.000000	 0.000049	0.198091	 0.190800	 0.004613	 0.000000	 0.001154
16	 0.014101	 0.013617	 0.000266	 0.000000	 0.000088	0.212192	 0.204417	 0.004879	 0.000000	 0.001242
17	 0.014817	 0.014473	 0.000171	 0.000000	 0.000051	0.227009	 0.218890	 0.005050	 0.000000	 0.001293
18	 0.014582	 0.014188	 0.000147	 0.000000	 0.000099	0.241591	 0.233078	 0.005197	 0.000000	 0.001392
19	 0.015999	 0.015639	 0.000164	 0.000000	 0.000065	0.257590	 0.248717	 0.005361	 0.000000	 0.001457
20	 0.014636	 0.014174	 0.000206	 0.000000	 0.000103	0.272226	 0.262891	 0.005567	 0.000000	 0.001560
21	 0.014349	 0.014116	 0.000065	 0.000000	 0.000045	0.286575	 0.277007	 0.005632	 0.000000	 0.001605
22	 0.015045	 0.014544	 0.000254	 0.000000	 0.000092	0.301620	 0.291551	 0.005886	 0.000000	 0.001697
23	 0.014710	 0.014341	 0.000179	 0.000000	 0.000051	0.316330	 0.305892	 0.006065	 0.000000	 0.001748
24	 0.015739	 0.015253	 0.000241	 0.000000	 0.000088	0.332069	 0.321145	 0.006306	 0.000000	 0.001836
25	 0.015572	 0.015111	 0.000272	 0.000000	 0.000050	0.347641	 0.336256	 0.006578	 0.000000	 0.001886
26	 0.016334	 0.015843	 0.000241	 0.000000	 0.000087	0.363975	 0.352099	 0.006819	 0.000000	 0.001973
27	 0.016702	 0.016317	 0.000181	 0.000000	 0.000052	0.380677	 0.368416	 0.007000	 0.000000	 0.002025
28	 0.016488	 0.015988	 0.000240	 0.000000	 0.000087	0.397165	 0.384404	 0.007240	 0.000000	 0.002112
29	 0.016534	 0.016178	 0.000141	 0.000000	 0.000053	0.413699	 0.400582	 0.007381	 0.000000	 0.002165
30	 0.016735	 0.016190	 0.000268	 0.000000	 0.000097	0.430434	 0.416772	 0.007649	 0.000000	 0.002262
31	 0.015121	 0.014714	 0.000187	 0.000000	 0.000052	0.445555	 0.431486	 0.007836	 0.000000	 0.002314
32	 0.015296	 0.014828	 0.000179	 0.000000	 0.000092	0.460851	 0.446314	 0.008015	 0.000000	 0.002406
33	 0.015506	 0.015150	 0.000119	 0.000000	 0.000058	0.476357	 0.461464	 0.008134	 0.000000	 0.002464
34	 0.016506	 0.016050	 0.000176	 0.000000	 0.000090	0.492863	 0.477514	 0.008310	 0.000000	 0.002554
35	 0.014844	 0.014444	 0.000172	 0.000000	 0.000048	0.507707	 0.491958	 0.008482	 0.000000	 0.002602
36	 0.016066	 0.015546	 0.000223	 0.000000	 0.000091	0.523773	 0.507504	 0.008705	 0.000000	 0.002693
37	 0.016537	 0.016188	 0.000108	 0.000000	 0.000053	0.540310	 0.523692	 0.008813	 0.000000	 0.002746
38	 0.017562	 0.017093	 0.000162	 0.000000	 0.000092	0.557872	 0.540785	 0.008975	 0.000000	 0.002838
39	 0.017398	 0.017008	 0.000129	 0.000000	 0.000061	0.575270	 0.557793	 0.009104	 0.000000	 0.002899
40	 0.016758	 0.016282	 0.000173	 0.000000	 0.000089	0.592028	 0.574075	 0.009277	 0.000000	 0.002988
41	 0.017301	 0.016936	 0.000107	 0.000000	 0.000053	0.609329	 0.591011	 0.009384	 0.000000	 0.003041
42	 0.017695	 0.017207	 0.000177	 0.000000	 0.000088	0.627024	 0.608218	 0.009561	 0.000000	 0.003129
43	 0.017854	 0.017409	 0.000185	 0.000000	 0.000057	0.644878	 0.625627	 0.009746	 0.000000	 0.003186
44	 0.019410	 0.018829	 0.000245	 0.000000	 0.000096	0.664288	 0.644456	 0.009991	 0.000000	 0.003282
45	 0.020220	 0.019785	 0.000132	 0.000000	 0.000065	0.684508	 0.664241	 0.010123	 0.000000	 0.003347
46	 0.019581	 0.018918	 0.000294	 0.000000	 0.000107	0.704089	 0.683159	 0.010417	 0.000000	 0.003454
47	 0.018534	 0.018130	 0.000090	 0.000000	 0.000060	0.722623	 0.701289	 0.010507	 0.000000	 0.003514
48	 0.018319	 0.017469	 0.000375	 0.000000	 0.000128	0.740942	 0.718758	 0.010882	 0.000000	 0.003642
49	 0.016756	 0.016080	 0.000266	 0.000000	 0.000091	0.757698	 0.734838	 0.011148	 0.000000	 0.003733
50	 0.016337	 0.015683	 0.000297	 0.000000	 0.000099	0.774035	 0.750521	 0.011445	 0.000000	 0.003832
51	 0.017393	 0.016919	 0.000183	 0.000000	 0.000054	0.791428	 0.767440	 0.011628	 0.000000	 0.003886
52	 0.016635	 0.016087	 0.000191	 0.000000	 0.000091	0.808063	 0.783527	 0.011819	 0.000000	 0.003977
53	 0.018700	 0.018205	 0.000195	 0.000000	 0.000055	0.826763	 0.801732	 0.012014	 0.000000	 0.004032
54	 0.018563	 0.017968	 0.000231	 0.000000	 0.000094	0.845326	 0.819700	 0.012245	 0.000000	 0.004126
55	 0.017762	 0.017271	 0.000184	 0.000000	 0.000056	0.863088	 0.836971	 0.012429	 0.000000	 0.004182
56	 0.017683	 0.017081	 0.000231	 0.000000	 0.000098	0.880771	 0.854052	 0.012660	 0.000000	 0.004280
57	 0.019342	 0.018904	 0.000124	 0.000000	 0.000051	0.900113	 0.872956	 0.012784	 0.000000	 0.004331
58	 0.018211	 0.017654	 0.000182	 0.000000	 0.000094	0.918324	 0.890610	 0.012966	 0.000000	 0.004425
59	 0.017207	 0.016705	 0.000182	 0.000000	 0.000056	0.935531	 0.907315	 0.013148	 0.000000	 0.004481
60	 0.018337	 0.017603	 0.000348	 0.000000	 0.000092	0.953868	 0.924918	 0.013496	 0.000000	 0.004573
61	 0.019126	 0.018619	 0.000177	 0.000000	 0.000058	0.972994	 0.943537	 0.013673	 0.000000	 0.004631
62	 0.020336	 0.019758	 0.000178	 0.000000	 0.000093	0.993330	 0.963295	 0.013851	 0.000000	 0.004724
63	 0.019881	 0.019415	 0.000124	 0.000000	 0.000060	1.013211	 0.982710	 0.013975	 0.000000	 0.004784
64	 0.018983	 0.018446	 0.000142	 0.000000	 0.000091	1.032194	 1.001156	 0.014117	 0.000000	 0.004875
65	 0.019119	 0.018580	 0.000195	 0.000000	 0.000053	1.051313	 1.019736	 0.014312	 0.000000	 0.004928
66	 0.018928	 0.018268	 0.000249	 0.000000	 0.000096	1.070241	 1.038004	 0.014561	 0.000000	 0.005024
67	 0.020124	 0.019464	 0.000128	 0.000000	 0.000060	1.090365	 1.057468	 0.014689	 0.000000	 0.005084
68	 0.020473	 0.019993	 0.000084	 0.000000	 0.000037	1.110838	 1.077461	 0.014773	 0.000000	 0.005121
69	 0.019838	 0.019302	 0.000126	 0.000000	 0.000088	1.130676	 1.096763	 0.014899	 0.000000	 0.005209
70	 0.019991	 0.019545	 0.000067	 0.000000	 0.000049	1.150667	 1.116308	 0.014966	 0.000000	 0.005258
71	 0.021905	 0.021131	 0.000260	 0.000000	 0.000130	1.172572	 1.137439	 0.015226	 0.000000	 0.005388
72	 0.020660	 0.020185	 0.000084	 0.000000	 0.000069	1.193232	 1.157624	 0.015310	 0.000000	 0.005457
73	 0.019428	 0.018730	 0.000260	 0.000000	 0.000093	1.212660	 1.176354	 0.015570	 0.000000	 0.005550
74	 0.019617	 0.019155	 0.000073	 0.000000	 0.000055	1.232277	 1.195509	 0.015643	 0.000000	 0.005605
75	 0.039603	 0.038887	 0.000265	 0.000000	 0.000095	1.271880	 1.234396	 0.015908	 0.000000	 0.005700
76	 0.021892	 0.021217	 0.000231	 0.000000	 0.000062	1.293772	 1.255613	 0.016139	 0.000000	 0.005762
77	 0.022815	 0.021719	 0.000457	 0.000000	 0.000153	1.316587	 1.277332	 0.016596	 0.000000	 0.005915
78	 0.021252	 0.020761	 0.000081	 0.000000	 0.000067	1.337839	 1.298093	 0.016677	 0.000000	 0.005982
79	 0.023054	 0.022181	 0.000341	 0.000000	 0.000095	1.360893	 1.320274	 0.017018	 0.000000	 0.006077
80	 0.022567	 0.021820	 0.000108	 0.000000	 0.000097	1.383460	 1.342094	 0.017126	 0.000000	 0.006174
81	 0.022109	 0.021398	 0.000216	 0.000000	 0.000103	1.405569	 1.363492	 0.017342	 0.000000	 0.006277
82	 0.022339	 0.021826	 0.000086	 0.000000	 0.000065	1.427908	 1.385318	 0.017428	 0.000000	 0.006342
83	 0.021604	 0.020927	 0.000196	 0.000000	 0.000099	1.449512	 1.406245	 0.017624	 0.000000	 0.006441
84	 0.021648	 0.021008	 0.000215	 0.000000	 0.000057	1.471160	 1.427253	 0.017839	 0.000000	 0.006498
85	 0.022203	 0.021380	 0.000337	 0.000000	 0.000096	1.493363	 1.448633	 0.018176	 0.000000	 0.006594
86	 0.021790	 0.021243	 0.000114	 0.000000	 0.000060	1.515153	 1.469876	 0.018290	 0.000000	 0.006654
87	 0.022406	 0.021735	 0.000180	 0.000000	 0.000101	1.537559	 1.491611	 0.018470	 0.000000	 0.006755
88	 0.022210	 0.021709	 0.000068	 0.000000	 0.000050	1.559769	 1.513320	 0.018538	 0.000000	 0.006805
89	 0.022970	 0.022337	 0.000130	 0.000000	 0.000100	1.582739	 1.535657	 0.018668	 0.000000	 0.006905
90	 0.021732	 0.021157	 0.000132	 0.000000	 0.000058	1.604471	 1.556814	 0.018800	 0.000000	 0.006963
91	 0.025107	 0.024402	 0.000187	 0.000000	 0.000099	1.629578	 1.581216	 0.018987	 0.000000	 0.007062
92	 0.021883	 0.021278	 0.000146	 0.000000	 0.000065	1.651461	 1.602494	 0.019133	 0.000000	 0.007127
93	 0.022337	 0.021651	 0.000170	 0.000000	 0.000099	1.673798	 1.624145	 0.019303	 0.000000	 0.007226
94	 0.046845	 0.046189	 0.000134	 0.000000	 0.000058	1.720643	 1.670334	 0.019437	 0.000000	 0.007284
95	 0.060127	 0.059139	 0.000224	 0.000000	 0.000161	1.780770	 1.729473	 0.019661	 0.000000	 0.007445
96	 0.026866	 0.026222	 0.000142	 0.000000	 0.000065	1.807636	 1.755695	 0.019803	 0.000000	 0.007510
97	 0.025279	 0.024518	 0.000194	 0.000000	 0.000105	1.832915	 1.780213	 0.019997	 0.000000	 0.007615
98	 0.052479	 0.051888	 0.000084	 0.000000	 0.000063	1.885394	 1.832101	 0.020081	 0.000000	 0.007678
99	 0.047580	 0.046647	 0.000316	 0.000000	 0.000138	1.932974	 1.878748	 0.020397	 0.000000	 0.007816
100	 0.047641	 0.046862	 0.000280	 0.000000	 0.000057	1.980615	 1.925610	 0.020677	 0.000000	 0.007873
101	 0.027025	 0.026124	 0.000277	 0.000000	 0.000112	2.007640	 1.951734	 0.020954	 0.000000	 0.007985
102	 0.024833	 0.024151	 0.000135	 0.000000	 0.000064	2.032473	 1.975885	 0.021089	 0.000000	 0.008049
103	 0.026727	 0.025891	 0.000262	 0.000000	 0.000100	2.059200	 2.001776	 0.021351	 0.000000	 0.008149
104	 0.028818	 0.028084	 0.000205	 0.000000	 0.000064	2.088018	 2.029860	 0.021556	 0.000000	 0.008213
105	 0.054880	 0.054153	 0.000150	 0.000000	 0.000104	2.142898	 2.084013	 0.021706	 0.000000	 0.008317
106	 0.026664	 0.026074	 0.000076	 0.000000	 0.000064	2.169562	 2.110087	 0.021782	 0.000000	 0.008381
107	 0.055310	 0.054506	 0.000227	 0.000000	 0.000100	2.224872	 2.164593	 0.022009	 0.000000	 0.008481
108	 0.053770	 0.053119	 0.000131	 0.000000	 0.000061	2.278642	 2.217712	 0.022140	 0.000000	 0.008542
109	 0.054433	 0.053654	 0.000191	 0.000000	 0.000098	2.333075	 2.271366	 0.022331	 0.000000	 0.008640
110	 0.055653	 0.055043	 0.000083	 0.000000	 0.000063	2.388728	 2.326409	 0.022414	 0.000000	 0.008703
111	 0.028459	 0.027670	 0.000199	 0.000000	 0.000098	2.417187	 2.354079	 0.022613	 0.000000	 0.008801
112	 0.057629	 0.057011	 0.000084	 0.000000	 0.000057	2.474816	 2.411090	 0.022697	 0.000000	 0.008858
113	 0.029023	 0.028143	 0.000284	 0.000000	 0.000100	2.503839	 2.439233	 0.022981	 0.000000	 0.008958
114	 0.059072	 0.058340	 0.000197	 0.000000	 0.000055	2.562911	 2.497573	 0.023178	 0.000000	 0.009013
115	 0.060783	 0.059902	 0.000272	 0.000000	 0.000100	2.623694	 2.557475	 0.023450	 0.000000	 0.009113
116	 0.060395	 0.059591	 0.000209	 0.000000	 0.000065	2.684089	 2.617066	 0.023659	 0.000000	 0.009178
117	 0.061942	 0.061134	 0.000191	 0.000000	 0.000100	2.746031	 2.678200	 0.023850	 0.000000	 0.009278
118	 0.063404	 0.062692	 0.000140	 0.000000	 0.000063	2.809435	 2.740892	 0.023990	 0.000000	 0.009341
119	 0.066532	 0.065640	 0.000263	 0.000000	 0.000103	2.875967	 2.806532	 0.024253	 0.000000	 0.009444
120	 0.032629	 0.031878	 0.000187	 0.000000	 0.000061	2.908596	 2.838410	 0.024440	 0.000000	 0.009505
121	 0.065451	 0.064569	 0.000243	 0.000000	 0.000099	2.974047	 2.902979	 0.024683	 0.000000	 0.009604
122	 0.033894	 0.033061	 0.000257	 0.000000	 0.000063	3.007941	 2.936040	 0.024940	 0.000000	 0.009667
123	 0.034592	 0.033827	 0.000140	 0.000000	 0.000097	3.042533	 2.969867	 0.025080	 0.000000	 0.009764
124	 0.067364	 0.066588	 0.000190	 0.000000	 0.000057	3.109897	 3.036455	 0.025270	 0.000000	 0.009821
125	 0.069496	 0.068589	 0.000258	 0.000000	 0.000105	3.179393	 3.105044	 0.025528	 0.000000	 0.009926
126	 0.032693	 0.032033	 0.000082	 0.000000	 0.000058	3.212086	 3.137077	 0.025610	 0.000000	 0.009984
127	 0.072452	 0.071546	 0.000251	 0.000000	 0.000110	3.284538	 3.208623	 0.025861	 0.000000	 0.010094
128	 0.038888	 0.038199	 0.000087	 0.000000	 0.000065	3.323426	 3.246822	 0.025948	 0.000000	 0.010159
129	 0.037080	 0.036261	 0.000135	 0.000000	 0.000131	3.360506	 3.283083	 0.026083	 0.000000	 0.010290
130	 0.072839	 0.072017	 0.000202	 0.000000	 0.000080	3.433345	 3.355100	 0.026285	 0.000000	 0.010370
131	 0.038916	 0.037965	 0.000263	 0.000000	 0.000135	3.472261	 3.393065	 0.026548	 0.000000	 0.010505
132	 0.036061	 0.035309	 0.000143	 0.000000	 0.000075	3.508322	 3.428374	 0.026691	 0.000000	 0.010580
133	 0.073442	 0.072575	 0.000194	 0.000000	 0.000131	3.581764	 3.500949	 0.026885	 0.000000	 0.010711
134	 0.072272	 0.071570	 0.000082	 0.000000	 0.000076	3.654036	 3.572519	 0.026967	 0.000000	 0.010787
135	 0.038170	 0.037272	 0.000207	 0.000000	 0.000134	3.692206	 3.609791	 0.027174	 0.000000	 0.010921
136	 0.039690	 0.038936	 0.000132	 0.000000	 0.000083	3.731896	 3.648727	 0.027306	 0.000000	 0.011004
137	 0.078787	 0.077961	 0.000141	 0.000000	 0.000133	3.810683	 3.726688	 0.027447	 0.000000	 0.011137
138	 0.077168	 0.076335	 0.000203	 0.000000	 0.000080	3.887851	 3.803023	 0.027650	 0.000000	 0.011217
139	 0.079037	 0.078061	 0.000278	 0.000000	 0.000135	3.966888	 3.881084	 0.027928	 0.000000	 0.011352
140	 0.039569	 0.038873	 0.000082	 0.000000	 0.000078	4.006457	 3.919957	 0.028010	 0.000000	 0.011430
141	 0.076144	 0.075171	 0.000276	 0.000000	 0.000135	4.082601	 3.995128	 0.028286	 0.000000	 0.011565
142	 0.036330	 0.035511	 0.000200	 0.000000	 0.000078	4.118931	 4.030639	 0.028486	 0.000000	 0.011643
143	 0.074498	 0.073521	 0.000251	 0.000000	 0.000134	4.193429	 4.104160	 0.028737	 0.000000	 0.011777
144	 0.076576	 0.075692	 0.000218	 0.000000	 0.000092	4.270005	 4.179852	 0.028955	 0.000000	 0.011869
145	 0.076179	 0.075213	 0.000268	 0.000000	 0.000135	4.346184	 4.255065	 0.029223	 0.000000	 0.012004
146	 0.074420	 0.073533	 0.000262	 0.000000	 0.000084	4.420604	 4.328598	 0.029485	 0.000000	 0.012088
147	 0.039934	 0.039005	 0.000242	 0.000000	 0.000132	4.460538	 4.367603	 0.029727	 0.000000	 0.012220
148	 0.076953	 0.076082	 0.000246	 0.000000	 0.000081	4.537491	 4.443685	 0.029973	 0.000000	 0.012301
149	 0.075128	 0.074297	 0.000144	 0.000000	 0.000130	4.612619	 4.517982	 0.030117	 0.000000	 0.012431
150	 0.078246	 0.077418	 0.000199	 0.000000	 0.000088	4.690865	 4.595400	 0.030316	 0.000000	 0.012519
151	 0.039699	 0.038771	 0.000261	 0.000000	 0.000133	4.730564	 4.634171	 0.030577	 0.000000	 0.012652
152	 0.040948	 0.040134	 0.000203	 0.000000	 0.000084	4.771512	 4.674305	 0.030780	 0.000000	 0.012736
153	 0.042962	 0.042145	 0.000143	 0.000000	 0.000132	4.814474	 4.716450	 0.030923	 0.000000	 0.012868
154	 0.042694	 0.041997	 0.000082	 0.000000	 0.000079	4.857168	 4.758447	 0.031005	 0.000000	 0.012947
155	 0.043264	 0.042294	 0.000269	 0.000000	 0.000127	4.900432	 4.800741	 0.031274	 0.000000	 0.013074
156	 0.082767	 0.081858	 0.000279	 0.000000	 0.000085	4.983199	 4.882599	 0.031553	 0.000000	 0.013159
157	 0.044153	 0.043205	 0.000244	 0.000000	 0.000135	5.027352	 4.925804	 0.031797	 0.000000	 0.013294
158	 0.082103	 0.081223	 0.000248	 0.000000	 0.000083	5.109455	 5.007027	 0.032045	 0.000000	 0.013377
159	 0.084371	 0.083415	 0.000251	 0.000000	 0.000135	5.193826	 5.090442	 0.032296	 0.000000	 0.013512
160	 0.079983	 0.079210	 0.000140	 0.000000	 0.000083	5.273809	 5.169652	 0.032436	 0.000000	 0.013595
161	 0.085713	 0.084807	 0.000207	 0.000000	 0.000136	5.359522	 5.254459	 0.032643	 0.000000	 0.013731
162	 0.082701	 0.081935	 0.000134	 0.000000	 0.000085	5.442223	 5.336394	 0.032777	 0.000000	 0.013816
163	 0.081977	 0.081077	 0.000197	 0.000000	 0.000152	5.524200	 5.417471	 0.032974	 0.000000	 0.013968
164	 0.075834	 0.075091	 0.000146	 0.000000	 0.000077	5.600034	 5.492562	 0.033120	 0.000000	 0.014045
165	 0.041553	 0.040715	 0.000141	 0.000000	 0.000131	5.641587	 5.533277	 0.033261	 0.000000	 0.014176
166	 0.040184	 0.039445	 0.000140	 0.000000	 0.000080	5.681771	 5.572722	 0.033401	 0.000000	 0.014256
167	 0.037358	 0.036415	 0.000256	 0.000000	 0.000130	5.719129	 5.609137	 0.033657	 0.000000	 0.014386
168	 0.080367	 0.079534	 0.000211	 0.000000	 0.000077	5.799496	 5.688671	 0.033868	 0.000000	 0.014463
169	 0.082079	 0.081212	 0.000194	 0.000000	 0.000126	5.881575	 5.769883	 0.034062	 0.000000	 0.014589
170	 0.085767	 0.084944	 0.000204	 0.000000	 0.000083	5.967342	 5.854827	 0.034266	 0.000000	 0.014672
171	 0.038559	 0.037632	 0.000268	 0.000000	 0.000128	6.005901	 5.892459	 0.034534	 0.000000	 0.014800
172	 0.038829	 0.038066	 0.000156	 0.000000	 0.000075	6.044730	 5.930525	 0.034690	 0.000000	 0.014875
173	 0.039122	 0.038230	 0.000205	 0.000000	 0.000130	6.083852	 5.968755	 0.034895	 0.000000	 0.015005
174	 0.038879	 0.038190	 0.000082	 0.000000	 0.000076	6.122731	 6.006945	 0.034977	 0.000000	 0.015081
175	 0.039425	 0.038475	 0.000261	 0.000000	 0.000133	6.162156	 6.045420	 0.035238	 0.000000	 0.015214
176	 0.081368	 0.080476	 0.000287	 0.000000	 0.000087	6.243524	 6.125896	 0.035525	 0.000000	 0.015301
177	 0.082411	 0.081399	 0.000309	 0.000000	 0.000136	6.325935	 6.207295	 0.035834	 0.000000	 0.015437
178	 0.078005	 0.077297	 0.000080	 0.000000	 0.000079	6.403940	 6.284592	 0.035914	 0.000000	 0.015516
179	 0.076332	 0.075401	 0.000263	 0.000000	 0.000131	6.480272	 6.359993	 0.036177	 0.000000	 0.015647
180	 0.076356	 0.075602	 0.000138	 0.000000	 0.000077	6.556628	 6.435595	 0.036315	 0.000000	 0.015724
181	 0.079191	 0.078358	 0.000144	 0.000000	 0.000130	6.635819	 6.513953	 0.036459	 0.000000	 0.015854
182	 0.079885	 0.079060	 0.000202	 0.000000	 0.000083	6.715704	 6.593013	 0.036661	 0.000000	 0.015937
183	 0.082332	 0.081292	 0.000331	 0.000000	 0.000136	6.798036	 6.674305	 0.036992	 0.000000	 0.016073
184	 0.084356	 0.083529	 0.000185	 0.000000	 0.000086	6.882392	 6.757834	 0.037177	 0.000000	 0.016159
185	 0.083534	 0.082517	 0.000266	 0.000000	 0.000139	6.965926	 6.840351	 0.037443	 0.000000	 0.016298
186	 0.078100	 0.077292	 0.000192	 0.000000	 0.000085	7.044026	 6.917643	 0.037635	 0.000000	 0.016383
187	 0.076772	 0.075888	 0.000198	 0.000000	 0.000144	7.120798	 6.993531	 0.037833	 0.000000	 0.016527
188	 0.077192	 0.076357	 0.000205	 0.000000	 0.000083	7.197990	 7.069888	 0.038038	 0.000000	 0.016610
189	 0.082544	 0.081584	 0.000258	 0.000000	 0.000136	7.280534	 7.151472	 0.038296	 0.000000	 0.016746
190	 0.089871	 0.089153	 0.000083	 0.000000	 0.000085	7.370405	 7.240625	 0.038379	 0.000000	 0.016831
191	 0.088428	 0.087485	 0.000274	 0.000000	 0.000131	7.458833	 7.328110	 0.038653	 0.000000	 0.016962
192	 0.088125	 0.087281	 0.000213	 0.000000	 0.000084	7.546958	 7.415391	 0.038866	 0.000000	 0.017046
193	 0.090689	 0.089798	 0.000198	 0.000000	 0.000146	7.637647	 7.505189	 0.039064	 0.000000	 0.017192
194	 0.089127	 0.088414	 0.000088	 0.000000	 0.000082	7.726774	 7.593603	 0.039152	 0.000000	 0.017274
195	 0.087531	 0.086585	 0.000279	 0.000000	 0.000128	7.814305	 7.680188	 0.039431	 0.000000	 0.017402
196	 0.087883	 0.086961	 0.000292	 0.000000	 0.000099	7.902188	 7.767149	 0.039723	 0.000000	 0.017501
197	 0.090829	 0.089902	 0.000248	 0.000000	 0.000139	7.993017	 7.857051	 0.039971	 0.000000	 0.017640
198	 0.045718	 0.044964	 0.000142	 0.000000	 0.000085	8.038735	 7.902015	 0.040113	 0.000000	 0.017725
199	 0.088708	 0.087751	 0.000257	 0.000000	 0.000134	8.127443	 7.989766	 0.040370	 0.000000	 0.017859
200	 0.088194	 0.087472	 0.000082	 0.000000	 0.000082	8.215637	 8.077238	 0.040452	 0.000000	 0.017941
201	 0.091892	 0.090574	 0.000463	 0.000000	 0.000177	8.307529	 8.167812	 0.040915	 0.000000	 0.018118
202	 0.092767	 0.091487	 0.000360	 0.000000	 0.000168	8.400296	 8.259299	 0.041275	 0.000000	 0.018286
203	 0.089145	 0.088269	 0.000207	 0.000000	 0.000127	8.489441	 8.347568	 0.041482	 0.000000	 0.018413
204	 0.093245	 0.092426	 0.000202	 0.000000	 0.000083	8.582686	 8.439994	 0.041684	 0.000000	 0.018496
205	 0.045294	 0.044328	 0.000265	 0.000000	 0.000138	8.627980	 8.484322	 0.041949	 0.000000	 0.018634
206	 0.044314	 0.043613	 0.000085	 0.000000	 0.000082	8.672294	 8.527935	 0.042034	 0.000000	 0.018716
207	 0.044040	 0.043153	 0.000216	 0.000000	 0.000140	8.716334	 8.571088	 0.042250	 0.000000	 0.018856
208	 0.044894	 0.044225	 0.000090	 0.000000	 0.000070	8.761228	 8.615313	 0.042340	 0.000000	 0.018926
209	 0.045031	 0.044163	 0.000199	 0.000000	 0.000131	8.806259	 8.659476	 0.042539	 0.000000	 0.019057
210	 0.045124	 0.044314	 0.000137	 0.000000	 0.000082	8.851383	 8.703790	 0.042676	 0.000000	 0.019139
211	 0.045691	 0.044581	 0.000291	 0.000000	 0.000205	8.897074	 8.748371	 0.042967	 0.000000	 0.019344
212	 0.044956	 0.044244	 0.000085	 0.000000	 0.000086	8.942030	 8.792615	 0.043052	 0.000000	 0.019430
213	 0.044882	 0.044063	 0.000134	 0.000000	 0.000131	8.986912	 8.836678	 0.043186	 0.000000	 0.019561
214	 0.045351	 0.044589	 0.000138	 0.000000	 0.000081	9.032263	 8.881267	 0.043324	 0.000000	 0.019642
215	 0.045716	 0.044829	 0.000195	 0.000000	 0.000149	9.077979	 8.926096	 0.043519	 0.000000	 0.019791
216	 0.045579	 0.044838	 0.000135	 0.000000	 0.000083	9.123558	 8.970934	 0.043654	 0.000000	 0.019874
217	 0.091170	 0.090241	 0.000267	 0.000000	 0.000123	9.214728	 9.061175	 0.043921	 0.000000	 0.019997
218	 0.045934	 0.045104	 0.000216	 0.000000	 0.000089	9.260662	 9.106279	 0.044137	 0.000000	 0.020086
219	 0.047608	 0.046744	 0.000193	 0.000000	 0.000133	9.308270	 9.153023	 0.044330	 0.000000	 0.020219
220	 0.045891	 0.045201	 0.000081	 0.000000	 0.000074	9.354161	 9.198224	 0.044411	 0.000000	 0.020293
221	 0.048691	 0.047790	 0.000207	 0.000000	 0.000134	9.402852	 9.246014	 0.044618	 0.000000	 0.020427
222	 0.048081	 0.047333	 0.000143	 0.000000	 0.000077	9.450933	 9.293347	 0.044761	 0.000000	 0.020504
223	 0.046390	 0.045572	 0.000140	 0.000000	 0.000124	9.497323	 9.338919	 0.044901	 0.000000	 0.020628
224	 0.048517	 0.047832	 0.000092	 0.000000	 0.000076	9.545840	 9.386751	 0.044993	 0.000000	 0.020704
225	 0.048138	 0.047266	 0.000201	 0.000000	 0.000133	9.593978	 9.434017	 0.045194	 0.000000	 0.020837
226	 0.048559	 0.047809	 0.000125	 0.000000	 0.000078	9.642537	 9.481826	 0.045319	 0.000000	 0.020915
227	 0.048738	 0.047786	 0.000290	 0.000000	 0.000132	9.691275	 9.529612	 0.045609	 0.000000	 0.021047
228	 0.048824	 0.047942	 0.000272	 0.000000	 0.000088	9.740099	 9.577554	 0.045881	 0.000000	 0.021135
229	 0.047124	 0.046306	 0.000137	 0.000000	 0.000134	9.787223	 9.623860	 0.046018	 0.000000	 0.021269
230	 0.047295	 0.046482	 0.000178	 0.000000	 0.000087	9.834518	 9.670342	 0.046196	 0.000000	 0.021356
231	 0.047352	 0.046419	 0.000239	 0.000000	 0.000133	9.881870	 9.716761	 0.046435	 0.000000	 0.021489
232	 0.046676	 0.045992	 0.000081	 0.000000	 0.000074	9.928546	 9.762753	 0.046516	 0.000000	 0.021563
233	 0.047551	 0.046592	 0.000276	 0.000000	 0.000131	9.976097	 9.809345	 0.046792	 0.000000	 0.021694
234	 0.047458	 0.046765	 0.000082	 0.000000	 0.000078	10.023555	 9.856110	 0.046874	 0.000000	 0.021772
235	 0.047558	 0.046597	 0.000279	 0.000000	 0.000128	10.071113	 9.902707	 0.047153	 0.000000	 0.021900
236	 0.048493	 0.047731	 0.000135	 0.000000	 0.000083	10.119606	 9.950438	 0.047288	 0.000000	 0.021983
237	 0.047760	 0.046937	 0.000142	 0.000000	 0.000135	10.167366	 9.997375	 0.047430	 0.000000	 0.022118
238	 0.047663	 0.046970	 0.000080	 0.000000	 0.000081	10.215029	 10.044345	 0.047510	 0.000000	 0.022199
239	 0.048314	 0.047485	 0.000134	 0.000000	 0.000130	10.263343	 10.091830	 0.047644	 0.000000	 0.022329
240	 0.047674	 0.046977	 0.000082	 0.000000	 0.000085	10.311017	 10.138807	 0.047726	 0.000000	 0.022414
241	 0.047960	 0.047159	 0.000135	 0.000000	 0.000127	10.358977	 10.185966	 0.047861	 0.000000	 0.022541
242	 0.048328	 0.047582	 0.000136	 0.000000	 0.000080	10.407305	 10.233548	 0.047997	 0.000000	 0.022621
243	 0.049968	 0.049074	 0.000194	 0.000000	 0.000135	10.457273	 10.282622	 0.048191	 0.000000	 0.022756
244	 0.048727	 0.047958	 0.000088	 0.000000	 0.000089	10.506000	 10.330580	 0.048279	 0.000000	 0.022845
245	 0.049285	 0.048408	 0.000198	 0.000000	 0.000131	10.555285	 10.378988	 0.048477	 0.000000	 0.022976
246	 0.049186	 0.048358	 0.000214	 0.000000	 0.000083	10.604471	 10.427346	 0.048691	 0.000000	 0.023059
247	 0.049362	 0.048328	 0.000361	 0.000000	 0.000137	10.653833	 10.475674	 0.049052	 0.000000	 0.023196
248	 0.049047	 0.048271	 0.000194	 0.000000	 0.000073	10.702880	 10.523945	 0.049246	 0.000000	 0.023269
249	 0.049730	 0.048909	 0.000139	 0.000000	 0.000125	10.752610	 10.572854	 0.049385	 0.000000	 0.023394
250	 0.049148	 0.048312	 0.000205	 0.000000	 0.000085	10.801758	 10.621166	 0.049590	 0.000000	 0.023479
251	 0.049516	 0.048615	 0.000234	 0.000000	 0.000136	10.851274	 10.669781	 0.049824	 0.000000	 0.023615
252	 0.049486	 0.048745	 0.000129	 0.000000	 0.000083	10.900760	 10.718526	 0.049953	 0.000000	 0.023698
253	 0.049752	 0.048894	 0.000182	 0.000000	 0.000134	10.950512	 10.767420	 0.050135	 0.000000	 0.023832
254	 0.049820	 0.049043	 0.000141	 0.000000	 0.000084	11.000332	 10.816463	 0.050276	 0.000000	 0.023916
255	 0.050023	 0.049141	 0.000200	 0.000000	 0.000144	11.050355	 10.865604	 0.050476	 0.000000	 0.024060
256	 0.050086	 0.049307	 0.000177	 0.000000	 0.000085	11.100441	 10.914911	 0.050653	 0.000000	 0.024145
257	 0.050251	 0.049332	 0.000252	 0.000000	 0.000131	11.150692	 10.964243	 0.050905	 0.000000	 0.024276
258	 0.050147	 0.049394	 0.000133	 0.000000	 0.000088	11.200839	 11.013637	 0.051038	 0.000000	 0.024364
