124.699176
152.746188

124.789217
151.192507

119.311757
160.680781

124.822159
160.388808

117.430027
153.642941

119.224226
159.322196

119.374556
157.911906

124.637119
151.086026

119.336139
161.655846

124.803343
153.364438

124.691287
144.968999

119.195298
160.516309

119.573518
159.792162

119.166076
144.706492

124.774192
152.964593

119.280003
165.952532

124.712229
160.497860

124.699176
152.746188

130.576611
156.084809

111.075872
159.920403

124.941402
161.824395

119.425334
162.420692

124.750515
157.913736

130.410943
155.926538

124.857192
151.346599

119.317390
165.849473

124.747522
154.074075

113.966081
155.962458

119.266024
151.569016

124.706280
161.109314

