93.624485
192.448126

93.829900
186.480072

90.030799
196.238176

89.593333
195.559512

88.624969
177.152338

88.647700
186.846989

98.769840
182.253614

98.900557
179.541277

93.706403
191.110465

93.590613
187.197785

93.769981
178.260218

89.446182
191.642652

88.875844
191.148401

93.770057
172.980924

93.716928
185.973852

88.804369
196.771375

91.422703
198.684449

93.624485
192.448126

93.728550
193.387637

88.698811
186.441962

93.695724
200.399887

88.637038
194.602074

93.777737
191.557196

98.930010
188.555248

98.905910
179.556529

88.631056
196.522500

88.428681
190.903505

88.645557
184.107518

93.788556
179.660928

93.703222
193.137149

