Problem:                                baa99_m
First Stage Rows:                       1
First Stage Columns:                    2
First Stage Non-zeros:                  0
Number of replications:                 30
Status:                                 COMPROMISE SOLUTION
Total Objective Function Upper Bound:   -330.253,[-335.566915,-324.938616],half-width:5.314, stdev:2.711
Total Objective Function Lower Bound:   -336.491,[-341.744903,-331.237407],half-width:5.254, stdev:2.680

First Stage Solutions:
   No.   Row name   Activity      Lower bound   Upper bound   Dual          Dual STDEV
------ ------------ ------------- ------------- ------------- ------------- -------------
     0 obj          -3.302528e+02 

   No. Column name  Activity      Lower bound   Upper bound   Reduced Cost  RC STDEV
------ ------------ ------------- ------------- ------------- ------------- -------------
     1 x1            8.459954e+01  0.000000e+00  2.170000e+02  0.000000e+00  0.000000e+00 
     2 x2            1.970930e+02  0.000000e+00  2.170000e+02  0.000000e+00  0.000000e+00 


Problem:                                baa99_m
First Stage Rows:                       1
First Stage Columns:                    2
First Stage Non-zeros:                  0
Number of replications:                 30
Status:                                 MEAN SOLUTION
Total Objective Function Upper Bound:   -330.292,[-335.606704,-324.977465],half-width:5.315, stdev:2.712
Total Objective Function Lower Bound:   -336.491,[-341.744903,-331.237407],half-width:5.254, stdev:2.680

First Stage Solutions:
   No.   Row name   Activity      Lower bound   Upper bound   Dual          Dual STDEV
------ ------------ ------------- ------------- ------------- ------------- -------------
     0 obj          -3.302921e+02 

   No. Column name  Activity      Lower bound   Upper bound   Reduced Cost  RC STDEV
------ ------------ ------------- ------------- ------------- ------------- -------------
     1 x1            8.460978e+01  0.000000e+00  2.170000e+02  0.000000e+00  0.000000e+00 
     2 x2            1.970975e+02  0.000000e+00  2.170000e+02  0.000000e+00  0.000000e+00 


