Problem:                                baa99_m
First Stage Rows:                       1
First Stage Columns:                    2
First Stage Non-zeros:                  0
Replication No. 0
Status:                                 REPLICATION SOLUTION
Total Objective Function Upper Bound:   
Total Objective Function Lower Bound:   -336.914097

First Stage Solutions:
   No.   Row name   Activity      Lower bound   Upper bound   Dual          Dual STDEV
------ ------------ ------------- ------------- ------------- ------------- -------------
     0 obj           0.000000e+00 

   No. Column name  Activity      Lower bound   Upper bound   Reduced Cost  RC STDEV
------ ------------ ------------- ------------- ------------- ------------- -------------
     1 x1            8.344376e+01  0.000000e+00  2.170000e+02  0.000000e+00 
     2 x2            2.025500e+02  0.000000e+00  2.170000e+02  0.000000e+00 


Problem:                                baa99_m
First Stage Rows:                       1
First Stage Columns:                    2
First Stage Non-zeros:                  0
Replication No. 1
Status:                                 REPLICATION SOLUTION
Total Objective Function Upper Bound:   
Total Objective Function Lower Bound:   -343.560064

First Stage Solutions:
   No.   Row name   Activity      Lower bound   Upper bound   Dual          Dual STDEV
------ ------------ ------------- ------------- ------------- ------------- -------------
     0 obj           0.000000e+00 

   No. Column name  Activity      Lower bound   Upper bound   Reduced Cost  RC STDEV
------ ------------ ------------- ------------- ------------- ------------- -------------
     1 x1            8.353563e+01  0.000000e+00  2.170000e+02  0.000000e+00 
     2 x2            1.947009e+02  0.000000e+00  2.170000e+02  0.000000e+00 


Problem:                                baa99_m
First Stage Rows:                       1
First Stage Columns:                    2
First Stage Non-zeros:                  0
Replication No. 2
Status:                                 REPLICATION SOLUTION
Total Objective Function Upper Bound:   
Total Objective Function Lower Bound:   -313.682624

First Stage Solutions:
   No.   Row name   Activity      Lower bound   Upper bound   Dual          Dual STDEV
------ ------------ ------------- ------------- ------------- ------------- -------------
     0 obj           4.767742e+06 

   No. Column name  Activity      Lower bound   Upper bound   Reduced Cost  RC STDEV
------ ------------ ------------- ------------- ------------- ------------- -------------
     1 x1            7.801639e+01  0.000000e+00  2.170000e+02  0.000000e+00 
     2 x2            2.076215e+02  0.000000e+00  2.170000e+02  0.000000e+00 


Problem:                                baa99_m
First Stage Rows:                       1
First Stage Columns:                    2
First Stage Non-zeros:                  0
Replication No. 3
Status:                                 REPLICATION SOLUTION
Total Objective Function Upper Bound:   
Total Objective Function Lower Bound:   -321.018646

First Stage Solutions:
   No.   Row name   Activity      Lower bound   Upper bound   Dual          Dual STDEV
------ ------------ ------------- ------------- ------------- ------------- -------------
     0 obj          2.686793e+154 

   No. Column name  Activity      Lower bound   Upper bound   Reduced Cost  RC STDEV
------ ------------ ------------- ------------- ------------- ------------- -------------
     1 x1            8.346096e+01  0.000000e+00  2.170000e+02  0.000000e+00 
     2 x2            2.013518e+02  0.000000e+00  2.170000e+02  0.000000e+00 


Problem:                                baa99_m
First Stage Rows:                       1
First Stage Columns:                    2
First Stage Non-zeros:                  0
Replication No. 4
Status:                                 REPLICATION SOLUTION
Total Objective Function Upper Bound:   
Total Objective Function Lower Bound:   -323.119454

First Stage Solutions:
   No.   Row name   Activity      Lower bound   Upper bound   Dual          Dual STDEV
------ ------------ ------------- ------------- ------------- ------------- -------------
     0 obj           0.000000e+00 

   No. Column name  Activity      Lower bound   Upper bound   Reduced Cost  RC STDEV
------ ------------ ------------- ------------- ------------- ------------- -------------
     1 x1            8.308004e+01  0.000000e+00  2.170000e+02  0.000000e+00 
     2 x2            1.849907e+02  0.000000e+00  2.170000e+02  0.000000e+00 


Problem:                                baa99_m
First Stage Rows:                       1
First Stage Columns:                    2
First Stage Non-zeros:                  0
Replication No. 5
Status:                                 REPLICATION SOLUTION
Total Objective Function Upper Bound:   
Total Objective Function Lower Bound:   -326.489859

First Stage Solutions:
   No.   Row name   Activity      Lower bound   Upper bound   Dual          Dual STDEV
------ ------------ ------------- ------------- ------------- ------------- -------------
     0 obj           0.000000e+00 

   No. Column name  Activity      Lower bound   Upper bound   Reduced Cost  RC STDEV
------ ------------ ------------- ------------- ------------- ------------- -------------
     1 x1            8.345478e+01  0.000000e+00  2.170000e+02  0.000000e+00 
     2 x2            1.965674e+02  0.000000e+00  2.170000e+02  0.000000e+00 


Problem:                                baa99_m
First Stage Rows:                       1
First Stage Columns:                    2
First Stage Non-zeros:                  0
Replication No. 6
Status:                                 REPLICATION SOLUTION
Total Objective Function Upper Bound:   
Total Objective Function Lower Bound:   -360.356087

First Stage Solutions:
   No.   Row name   Activity      Lower bound   Upper bound   Dual          Dual STDEV
------ ------------ ------------- ------------- ------------- ------------- -------------
     0 obj           0.000000e+00 

   No. Column name  Activity      Lower bound   Upper bound   Reduced Cost  RC STDEV
------ ------------ ------------- ------------- ------------- ------------- -------------
     1 x1            9.371666e+01  0.000000e+00  2.170000e+02  0.000000e+00 
     2 x2            1.873140e+02  0.000000e+00  2.170000e+02  0.000000e+00 


Problem:                                baa99_m
First Stage Rows:                       1
First Stage Columns:                    2
First Stage Non-zeros:                  0
Replication No. 7
Status:                                 REPLICATION SOLUTION
Total Objective Function Upper Bound:   
Total Objective Function Lower Bound:   -350.791979

First Stage Solutions:
   No.   Row name   Activity      Lower bound   Upper bound   Dual          Dual STDEV
------ ------------ ------------- ------------- ------------- ------------- -------------
     0 obj           0.000000e+00 

   No. Column name  Activity      Lower bound   Upper bound   Reduced Cost  RC STDEV
------ ------------ ------------- ------------- ------------- ------------- -------------
     1 x1            8.881829e+01  0.000000e+00  2.170000e+02  0.000000e+00 
     2 x2            1.889700e+02  0.000000e+00  2.170000e+02  0.000000e+00 


Problem:                                baa99_m
First Stage Rows:                       1
First Stage Columns:                    2
First Stage Non-zeros:                  0
Replication No. 8
Status:                                 REPLICATION SOLUTION
Total Objective Function Upper Bound:   
Total Objective Function Lower Bound:   -327.870996

First Stage Solutions:
   No.   Row name   Activity      Lower bound   Upper bound   Dual          Dual STDEV
------ ------------ ------------- ------------- ------------- ------------- -------------
     0 obj           0.000000e+00 

   No. Column name  Activity      Lower bound   Upper bound   Reduced Cost  RC STDEV
------ ------------ ------------- ------------- ------------- ------------- -------------
     1 x1            8.858646e+01  0.000000e+00  2.170000e+02  0.000000e+00 
     2 x2            1.966074e+02  0.000000e+00  2.170000e+02  0.000000e+00 


Problem:                                baa99_m
First Stage Rows:                       1
First Stage Columns:                    2
First Stage Non-zeros:                  0
Replication No. 9
Status:                                 REPLICATION SOLUTION
Total Objective Function Upper Bound:   
Total Objective Function Lower Bound:   -339.375154

First Stage Solutions:
   No.   Row name   Activity      Lower bound   Upper bound   Dual          Dual STDEV
------ ------------ ------------- ------------- ------------- ------------- -------------
     0 obj           0.000000e+00 

   No. Column name  Activity      Lower bound   Upper bound   Reduced Cost  RC STDEV
------ ------------ ------------- ------------- ------------- ------------- -------------
     1 x1            8.345659e+01  0.000000e+00  2.170000e+02  0.000000e+00 
     2 x2            1.980984e+02  0.000000e+00  2.170000e+02  0.000000e+00 


Problem:                                baa99_m
First Stage Rows:                       1
First Stage Columns:                    2
First Stage Non-zeros:                  0
Replication No. 10
Status:                                 REPLICATION SOLUTION
Total Objective Function Upper Bound:   
Total Objective Function Lower Bound:   -359.803941

First Stage Solutions:
   No.   Row name   Activity      Lower bound   Upper bound   Dual          Dual STDEV
------ ------------ ------------- ------------- ------------- ------------- -------------
     0 obj           0.000000e+00 

   No. Column name  Activity      Lower bound   Upper bound   Reduced Cost  RC STDEV
------ ------------ ------------- ------------- ------------- ------------- -------------
     1 x1            8.862274e+01  0.000000e+00  2.170000e+02  0.000000e+00 
     2 x2            1.824360e+02  0.000000e+00  2.170000e+02  0.000000e+00 


Problem:                                baa99_m
First Stage Rows:                       1
First Stage Columns:                    2
First Stage Non-zeros:                  0
Replication No. 11
Status:                                 REPLICATION SOLUTION
Total Objective Function Upper Bound:   
Total Objective Function Lower Bound:   -304.310648

First Stage Solutions:
   No.   Row name   Activity      Lower bound   Upper bound   Dual          Dual STDEV
------ ------------ ------------- ------------- ------------- ------------- -------------
     0 obj           0.000000e+00 

   No. Column name  Activity      Lower bound   Upper bound   Reduced Cost  RC STDEV
------ ------------ ------------- ------------- ------------- ------------- -------------
     1 x1            8.343303e+01  0.000000e+00  2.170000e+02  0.000000e+00 
     2 x2            2.076005e+02  0.000000e+00  2.170000e+02  0.000000e+00 


Problem:                                baa99_m
First Stage Rows:                       1
First Stage Columns:                    2
First Stage Non-zeros:                  0
Replication No. 12
Status:                                 REPLICATION SOLUTION
Total Objective Function Upper Bound:   
Total Objective Function Lower Bound:   -317.497853

First Stage Solutions:
   No.   Row name   Activity      Lower bound   Upper bound   Dual          Dual STDEV
------ ------------ ------------- ------------- ------------- ------------- -------------
     0 obj           0.000000e+00 

   No. Column name  Activity      Lower bound   Upper bound   Reduced Cost  RC STDEV
------ ------------ ------------- ------------- ------------- ------------- -------------
     1 x1            8.328497e+01  0.000000e+00  2.170000e+02  0.000000e+00 
     2 x2            1.967343e+02  0.000000e+00  2.170000e+02  0.000000e+00 


Problem:                                baa99_m
First Stage Rows:                       1
First Stage Columns:                    2
First Stage Non-zeros:                  0
Replication No. 13
Status:                                 REPLICATION SOLUTION
Total Objective Function Upper Bound:   
Total Objective Function Lower Bound:   -357.328765

First Stage Solutions:
   No.   Row name   Activity      Lower bound   Upper bound   Dual          Dual STDEV
------ ------------ ------------- ------------- ------------- ------------- -------------
     0 obj           0.000000e+00 

   No. Column name  Activity      Lower bound   Upper bound   Reduced Cost  RC STDEV
------ ------------ ------------- ------------- ------------- ------------- -------------
     1 x1            8.859174e+01  0.000000e+00  2.170000e+02  0.000000e+00 
     2 x2            1.771516e+02  0.000000e+00  2.170000e+02  0.000000e+00 


Problem:                                baa99_m
First Stage Rows:                       1
First Stage Columns:                    2
First Stage Non-zeros:                  0
Replication No. 14
Status:                                 REPLICATION SOLUTION
Total Objective Function Upper Bound:   
Total Objective Function Lower Bound:   -334.550986

First Stage Solutions:
   No.   Row name   Activity      Lower bound   Upper bound   Dual          Dual STDEV
------ ------------ ------------- ------------- ------------- ------------- -------------
     0 obj           0.000000e+00 

   No. Column name  Activity      Lower bound   Upper bound   Reduced Cost  RC STDEV
------ ------------ ------------- ------------- ------------- ------------- -------------
     1 x1            8.353744e+01  0.000000e+00  2.170000e+02  0.000000e+00 
     2 x2            1.965363e+02  0.000000e+00  2.170000e+02  0.000000e+00 


Problem:                                baa99_m
First Stage Rows:                       1
First Stage Columns:                    2
First Stage Non-zeros:                  0
Replication No. 15
Status:                                 REPLICATION SOLUTION
Total Objective Function Upper Bound:   
Total Objective Function Lower Bound:   -331.622979

First Stage Solutions:
   No.   Row name   Activity      Lower bound   Upper bound   Dual          Dual STDEV
------ ------------ ------------- ------------- ------------- ------------- -------------
     0 obj           0.000000e+00 

   No. Column name  Activity      Lower bound   Upper bound   Reduced Cost  RC STDEV
------ ------------ ------------- ------------- ------------- ------------- -------------
     1 x1            8.095838e+01  0.000000e+00  2.170000e+02  0.000000e+00 
     2 x2            2.046386e+02  0.000000e+00  2.170000e+02  0.000000e+00 


Problem:                                baa99_m
First Stage Rows:                       1
First Stage Columns:                    2
First Stage Non-zeros:                  0
Replication No. 16
Status:                                 REPLICATION SOLUTION
Total Objective Function Upper Bound:   
Total Objective Function Lower Bound:   -329.942827

First Stage Solutions:
   No.   Row name   Activity      Lower bound   Upper bound   Dual          Dual STDEV
------ ------------ ------------- ------------- ------------- ------------- -------------
     0 obj           0.000000e+00 

   No. Column name  Activity      Lower bound   Upper bound   Reduced Cost  RC STDEV
------ ------------ ------------- ------------- ------------- ------------- -------------
     1 x1            8.351443e+01  0.000000e+00  2.170000e+02  0.000000e+00 
     2 x2            2.076511e+02  0.000000e+00  2.170000e+02  0.000000e+00 


Problem:                                baa99_m
First Stage Rows:                       1
First Stage Columns:                    2
First Stage Non-zeros:                  0
Replication No. 17
Status:                                 REPLICATION SOLUTION
Total Objective Function Upper Bound:   
Total Objective Function Lower Bound:   -336.914097

First Stage Solutions:
   No.   Row name   Activity      Lower bound   Upper bound   Dual          Dual STDEV
------ ------------ ------------- ------------- ------------- ------------- -------------
     0 obj           0.000000e+00 

   No. Column name  Activity      Lower bound   Upper bound   Reduced Cost  RC STDEV
------ ------------ ------------- ------------- ------------- ------------- -------------
     1 x1            8.344376e+01  0.000000e+00  2.170000e+02  0.000000e+00 
     2 x2            2.025500e+02  0.000000e+00  2.170000e+02  0.000000e+00 


Problem:                                baa99_m
First Stage Rows:                       1
First Stage Columns:                    2
First Stage Non-zeros:                  0
Replication No. 18
Status:                                 REPLICATION SOLUTION
Total Objective Function Upper Bound:   
Total Objective Function Lower Bound:   -352.002817

First Stage Solutions:
   No.   Row name   Activity      Lower bound   Upper bound   Dual          Dual STDEV
------ ------------ ------------- ------------- ------------- ------------- -------------
     0 obj           0.000000e+00 

   No. Column name  Activity      Lower bound   Upper bound   Reduced Cost  RC STDEV
------ ------------ ------------- ------------- ------------- ------------- -------------
     1 x1            8.883146e+01  0.000000e+00  2.170000e+02  0.000000e+00 
     2 x2            2.028282e+02  0.000000e+00  2.170000e+02  0.000000e+00 


Problem:                                baa99_m
First Stage Rows:                       1
First Stage Columns:                    2
First Stage Non-zeros:                  0
Replication No. 19
Status:                                 REPLICATION SOLUTION
Total Objective Function Upper Bound:   
Total Objective Function Lower Bound:   -322.396881

First Stage Solutions:
   No.   Row name   Activity      Lower bound   Upper bound   Dual          Dual STDEV
------ ------------ ------------- ------------- ------------- ------------- -------------
     0 obj           0.000000e+00 

   No. Column name  Activity      Lower bound   Upper bound   Reduced Cost  RC STDEV
------ ------------ ------------- ------------- ------------- ------------- -------------
     1 x1            7.798749e+01  0.000000e+00  2.170000e+02  0.000000e+00 
     2 x2            1.976074e+02  0.000000e+00  2.170000e+02  0.000000e+00 


Problem:                                baa99_m
First Stage Rows:                       1
First Stage Columns:                    2
First Stage Non-zeros:                  0
Replication No. 20
Status:                                 REPLICATION SOLUTION
Total Objective Function Upper Bound:   
Total Objective Function Lower Bound:   -347.838591

First Stage Solutions:
   No.   Row name   Activity      Lower bound   Upper bound   Dual          Dual STDEV
------ ------------ ------------- ------------- ------------- ------------- -------------
     0 obj           0.000000e+00 

   No. Column name  Activity      Lower bound   Upper bound   Reduced Cost  RC STDEV
------ ------------ ------------- ------------- ------------- ------------- -------------
     1 x1            8.857304e+01  0.000000e+00  2.170000e+02  0.000000e+00 
     2 x2            2.020880e+02  0.000000e+00  2.170000e+02  0.000000e+00 


Problem:                                baa99_m
First Stage Rows:                       1
First Stage Columns:                    2
First Stage Non-zeros:                  0
Replication No. 21
Status:                                 REPLICATION SOLUTION
Total Objective Function Upper Bound:   
Total Objective Function Lower Bound:   -352.542410

First Stage Solutions:
   No.   Row name   Activity      Lower bound   Upper bound   Dual          Dual STDEV
------ ------------ ------------- ------------- ------------- ------------- -------------
     0 obj           0.000000e+00 

   No. Column name  Activity      Lower bound   Upper bound   Reduced Cost  RC STDEV
------ ------------ ------------- ------------- ------------- ------------- -------------
     1 x1            8.351435e+01  0.000000e+00  2.170000e+02  0.000000e+00 
     2 x2            1.991859e+02  0.000000e+00  2.170000e+02  0.000000e+00 


Problem:                                baa99_m
First Stage Rows:                       1
First Stage Columns:                    2
First Stage Non-zeros:                  0
Replication No. 22
Status:                                 REPLICATION SOLUTION
Total Objective Function Upper Bound:   
Total Objective Function Lower Bound:   -346.096808

First Stage Solutions:
   No.   Row name   Activity      Lower bound   Upper bound   Dual          Dual STDEV
------ ------------ ------------- ------------- ------------- ------------- -------------
     0 obj           0.000000e+00 

   No. Column name  Activity      Lower bound   Upper bound   Reduced Cost  RC STDEV
------ ------------ ------------- ------------- ------------- ------------- -------------
     1 x1            8.862484e+01  0.000000e+00  2.170000e+02  0.000000e+00 
     2 x2            1.961477e+02  0.000000e+00  2.170000e+02  0.000000e+00 


Problem:                                baa99_m
First Stage Rows:                       1
First Stage Columns:                    2
First Stage Non-zeros:                  0
Replication No. 23
Status:                                 REPLICATION SOLUTION
Total Objective Function Upper Bound:   
Total Objective Function Lower Bound:   -353.392900

First Stage Solutions:
   No.   Row name   Activity      Lower bound   Upper bound   Dual          Dual STDEV
------ ------------ ------------- ------------- ------------- ------------- -------------
     0 obj           2.142761e+00 

   No. Column name  Activity      Lower bound   Upper bound   Reduced Cost  RC STDEV
------ ------------ ------------- ------------- ------------- ------------- -------------
     1 x1            8.334621e+01  0.000000e+00  2.170000e+02  0.000000e+00 
     2 x2            2.037805e+02  0.000000e+00  2.170000e+02  0.000000e+00 


Problem:                                baa99_m
First Stage Rows:                       1
First Stage Columns:                    2
First Stage Non-zeros:                  0
Replication No. 24
Status:                                 REPLICATION SOLUTION
Total Objective Function Upper Bound:   
Total Objective Function Lower Bound:   -329.865049

First Stage Solutions:
   No.   Row name   Activity      Lower bound   Upper bound   Dual          Dual STDEV
------ ------------ ------------- ------------- ------------- ------------- -------------
     0 obj           0.000000e+00 

   No. Column name  Activity      Lower bound   Upper bound   Reduced Cost  RC STDEV
------ ------------ ------------- ------------- ------------- ------------- -------------
     1 x1            8.765023e+01  0.000000e+00  2.170000e+02  0.000000e+00 
     2 x2            1.917177e+02  0.000000e+00  2.170000e+02  0.000000e+00 


Problem:                                baa99_m
First Stage Rows:                       1
First Stage Columns:                    2
First Stage Non-zeros:                  0
Replication No. 25
Status:                                 REPLICATION SOLUTION
Total Objective Function Upper Bound:   
Total Objective Function Lower Bound:   -320.673684

First Stage Solutions:
   No.   Row name   Activity      Lower bound   Upper bound   Dual          Dual STDEV
------ ------------ ------------- ------------- ------------- ------------- -------------
     0 obj           0.000000e+00 

   No. Column name  Activity      Lower bound   Upper bound   Reduced Cost  RC STDEV
------ ------------ ------------- ------------- ------------- ------------- -------------
     1 x1            8.328772e+01  0.000000e+00  2.170000e+02  0.000000e+00 
     2 x2            2.051043e+02  0.000000e+00  2.170000e+02  0.000000e+00 


Problem:                                baa99_m
First Stage Rows:                       1
First Stage Columns:                    2
First Stage Non-zeros:                  0
Replication No. 26
Status:                                 REPLICATION SOLUTION
Total Objective Function Upper Bound:   
Total Objective Function Lower Bound:   -335.644806

First Stage Solutions:
   No.   Row name   Activity      Lower bound   Upper bound   Dual          Dual STDEV
------ ------------ ------------- ------------- ------------- ------------- -------------
     0 obj           0.000000e+00 

   No. Column name  Activity      Lower bound   Upper bound   Reduced Cost  RC STDEV
------ ------------ ------------- ------------- ------------- ------------- -------------
     1 x1            8.086418e+01  0.000000e+00  2.170000e+02  0.000000e+00 
     2 x2            1.984737e+02  0.000000e+00  2.170000e+02  0.000000e+00 


Problem:                                baa99_m
First Stage Rows:                       1
First Stage Columns:                    2
First Stage Non-zeros:                  0
Replication No. 27
Status:                                 REPLICATION SOLUTION
Total Objective Function Upper Bound:   
Total Objective Function Lower Bound:   -336.978865

First Stage Solutions:
   No.   Row name   Activity      Lower bound   Upper bound   Dual          Dual STDEV
------ ------------ ------------- ------------- ------------- ------------- -------------
     0 obj           0.000000e+00 

   No. Column name  Activity      Lower bound   Upper bound   Reduced Cost  RC STDEV
------ ------------ ------------- ------------- ------------- ------------- -------------
     1 x1            7.824062e+01  0.000000e+00  2.170000e+02  0.000000e+00 
     2 x2            1.945917e+02  0.000000e+00  2.170000e+02  0.000000e+00 


Problem:                                baa99_m
First Stage Rows:                       1
First Stage Columns:                    2
First Stage Non-zeros:                  0
Replication No. 28
Status:                                 REPLICATION SOLUTION
Total Objective Function Upper Bound:   
Total Objective Function Lower Bound:   -353.733073

First Stage Solutions:
   No.   Row name   Activity      Lower bound   Upper bound   Dual          Dual STDEV
------ ------------ ------------- ------------- ------------- ------------- -------------
     0 obj           0.000000e+00 

   No. Column name  Activity      Lower bound   Upper bound   Reduced Cost  RC STDEV
------ ------------ ------------- ------------- ------------- ------------- -------------
     1 x1            8.873512e+01  0.000000e+00  2.170000e+02  0.000000e+00 
     2 x2            1.839299e+02  0.000000e+00  2.170000e+02  0.000000e+00 


Problem:                                baa99_m
First Stage Rows:                       1
First Stage Columns:                    2
First Stage Non-zeros:                  0
Replication No. 29
Status:                                 REPLICATION SOLUTION
Total Objective Function Upper Bound:   
Total Objective Function Lower Bound:   -328.417699

First Stage Solutions:
   No.   Row name   Activity      Lower bound   Upper bound   Dual          Dual STDEV
------ ------------ ------------- ------------- ------------- ------------- -------------
     0 obj           0.000000e+00 

   No. Column name  Activity      Lower bound   Upper bound   Reduced Cost  RC STDEV
------ ------------ ------------- ------------- ------------- ------------- -------------
     1 x1            8.368199e+01  0.000000e+00  2.170000e+02  0.000000e+00 
     2 x2            2.033989e+02  0.000000e+00  2.170000e+02  0.000000e+00 


