83.443760
202.549975

83.535626
194.700936

78.016386
207.621520

83.460961
201.351812

83.080040
184.990680

83.454777
196.567354

93.716656
187.314017

88.818288
188.970037

88.586460
196.607442

83.456590
198.098361

88.622736
182.435989

83.433026
207.600470

83.284972
196.734265

88.591744
177.151605

83.537443
196.536288

80.958376
204.638638

83.514427
207.651109

83.443760
202.549975

88.831458
202.828165

77.987486
197.607426

88.573039
202.087985

83.514346
199.185872

88.624844
196.147702

83.346214
203.780525

87.650225
191.717678

83.287717
205.104315

80.864178
198.473742

78.240620
194.591651

88.735116
183.929897

83.681991
203.398925

