150.042196
100.000001
249.957803

149.960795
99.999999
250.039206

150.152889
99.847108
250.000002

149.981605
99.977798
250.040596

150.047848
99.980330
249.971822

150.284003
99.715996
250.000000

149.972879
99.999997
250.027123

150.195744
99.864540
249.939716

150.264605
99.704569
250.030825

149.973678
99.970031
250.056291

150.124322
99.839166
250.036511

150.140175
99.859825
250.000000

150.100169
99.899830
250.000000

150.184310
99.815689
250.000000

150.063098
100.000001
249.936900

150.251553
99.748446
250.000001

150.033515
99.988167
249.978317

150.042196
100.000001
249.957803

149.942270
99.904882
250.152848

149.878508
100.121491
250.000001

150.117907
99.882092
250.000001

150.114413
99.906571
249.979016

149.930644
99.932486
250.136870

149.894077
100.085081
250.020842

150.079353
99.896923
250.023725

150.061258
99.919630
250.019112

149.932449
100.087935
249.979616

150.042365
99.916596
250.041039

149.979248
100.000005
250.020746

150.060209
100.000002
249.939789

