53.018975
217.000000

46.281246
217.000000

50.609475
217.000000

52.317876
217.000000

42.481240
217.000000

47.875665
217.000000

47.583275
216.999999

46.598511
216.999999

47.604449
216.999999

47.775902
216.999999

47.510135
217.000000

58.994859
216.999999

48.606145
217.000000

42.569832
216.999999

47.545975
217.000000

52.945464
217.000000

48.268661
216.999999

53.018975
217.000000

58.847032
217.000000

47.955648
217.000000

48.690809
216.999998

51.553541
216.999870

52.303878
217.000000

55.521777
216.999999

48.138255
217.000000

55.739683
216.999999

48.769922
216.999999

43.059374
216.999999

43.323862
216.999999

52.218967
217.000000

