Problem:                                baa99_m
First Stage Rows:                       1
First Stage Columns:                    2
First Stage Non-zeros:                  0
Number of replications:                 30
Status:                                 COMPROMISE SOLUTION
Total Objective Function Upper Bound:   -394.062,[-399.285709,-388.837524],half-width:5.224, stdev:2.665
Total Objective Function Lower Bound:   -398.290,[-403.455145,-393.125394],half-width:5.165, stdev:2.635

First Stage Solutions:
   No.   Row name   Activity      Lower bound   Upper bound   Dual          Dual STDEV
------ ------------ ------------- ------------- ------------- ------------- -------------
     0 obj          -3.940616e+02 

   No. Column name  Activity      Lower bound   Upper bound   Reduced Cost  RC STDEV
------ ------------ ------------- ------------- ------------- ------------- -------------
     1 x1            5.420655e+01  0.000000e+00  2.170000e+02  0.000000e+00  0.000000e+00 
     2 x2            2.170000e+02  0.000000e+00  2.170000e+02 -5.520482e-01  0.000000e+00 


Problem:                                baa99_m
First Stage Rows:                       1
First Stage Columns:                    2
First Stage Non-zeros:                  0
Number of replications:                 30
Status:                                 MEAN SOLUTION
Total Objective Function Upper Bound:   -394.057,[-399.282149,-388.832411],half-width:5.225, stdev:2.666
Total Objective Function Lower Bound:   -398.290,[-403.455145,-393.125394],half-width:5.165, stdev:2.635

First Stage Solutions:
   No.   Row name   Activity      Lower bound   Upper bound   Dual          Dual STDEV
------ ------------ ------------- ------------- ------------- ------------- -------------
     0 obj          -3.940573e+02 

   No. Column name  Activity      Lower bound   Upper bound   Reduced Cost  RC STDEV
------ ------------ ------------- ------------- ------------- ------------- -------------
     1 x1            5.424530e+01  0.000000e+00  2.170000e+02  0.000000e+00  0.000000e+00 
     2 x2            2.170000e+02  0.000000e+00  2.170000e+02 -5.520495e-01  7.141785e-02 


