Iter 	incumb_est 	candid_est 	error
1 	-1547.350575 	-3110.779133 	-1.010391
2 	-562.467519 	-880.692485 	-0.565766
3 	-700.222191 	-926.136624 	-0.322632
4 	-565.829964 	-570.173996 	-0.007677
5 	-466.503087 	-700.641562 	-0.501901
6 	-518.570235 	-637.166975 	-0.228699
7 	-627.252987 	-633.179955 	-0.009449
8 	-529.195104 	-581.670090 	-0.099160
9 	-431.959455 	-484.699580 	-0.122095
10 	-426.877157 	-473.231831 	-0.108590
11 	-437.958824 	-466.571262 	-0.065331
12 	-408.404120 	-433.043688 	-0.060331
13 	-470.490004 	-470.576985 	-0.000185
14 	-413.499876 	-418.585522 	-0.012299
15 	-466.967925 	-480.035933 	-0.027985
16 	-442.525322 	-462.315695 	-0.044721
17 	-471.478146 	-485.776094 	-0.030326
18 	-447.468345 	-453.629490 	-0.013769
19 	-487.892148 	-488.141915 	-0.000512
20 	-464.538352 	-488.028775 	-0.050567
21 	-486.298184 	-496.767943 	-0.021530
22 	-474.163438 	-483.417092 	-0.019516
23 	-498.722179 	-504.509164 	-0.011604
24 	-486.039416 	-507.377986 	-0.043903
25 	-515.218664 	-520.476200 	-0.010204
26 	-491.415515 	-504.925056 	-0.027491
27 	-516.700965 	-518.730814 	-0.003928
28 	-487.911116 	-488.629365 	-0.001472
29 	-482.030444 	-482.576058 	-0.001132
30 	-499.043957 	-512.037289 	-0.026036
31 	-479.300058 	-486.584048 	-0.015197
32 	-486.024580 	-497.484365 	-0.023579
33 	-450.641455 	-464.739199 	-0.031284
34 	-471.203347 	-475.057557 	-0.008180
35 	-448.989410 	-465.399689 	-0.036549
36 	-447.849085 	-459.975132 	-0.027076
37 	-435.990016 	-451.511972 	-0.035602
38 	-446.051225 	-450.109224 	-0.009098
39 	-433.510722 	-453.828091 	-0.046867
40 	-434.826290 	-442.773572 	-0.018277
41 	-403.087373 	-426.751370 	-0.058707
42 	-421.616779 	-432.052033 	-0.024751
43 	-426.208320 	-426.877763 	-0.001571
44 	-409.679048 	-424.849792 	-0.037031
45 	-407.817247 	-409.208551 	-0.003412
46 	-408.154193 	-423.235382 	-0.036950
47 	-398.326163 	-404.367536 	-0.015167
48 	-415.966708 	-417.361240 	-0.003353
49 	-399.687663 	-400.455341 	-0.001921
50 	-395.634058 	-402.013582 	-0.016125
51 	-392.287666 	-397.995362 	-0.014550
52 	-408.687372 	-410.396248 	-0.004181
53 	-381.713288 	-382.327126 	-0.001608
54 	-387.399246 	-391.981818 	-0.011829
55 	-379.909195 	-381.709241 	-0.004738
56 	-386.199201 	-393.364393 	-0.018553
57 	-383.080990 	-386.915649 	-0.010010
58 	-396.878971 	-397.666637 	-0.001985
59 	-388.910428 	-395.487523 	-0.016912
60 	-403.179793 	-404.036785 	-0.002126
61 	-396.816896 	-396.987322 	-0.000429
62 	-401.325869 	-404.150653 	-0.007039
63 	-412.067855 	-414.330437 	-0.005491
64 	-402.980686 	-407.525023 	-0.011277
65 	-409.388882 	-414.278681 	-0.011944
66 	-400.376005 	-406.494788 	-0.015283
67 	-402.399806 	-409.969942 	-0.018812
68 	-387.537873 	-395.973761 	-0.021768
69 	-395.564752 	-398.483459 	-0.007379
70 	-385.587308 	-394.265485 	-0.022506
71 	-390.977473 	-394.215583 	-0.008282
72 	-387.480520 	-395.945217 	-0.021845
73 	-392.053618 	-395.569543 	-0.008968
74 	-393.321060 	-397.800689 	-0.011389
75 	-399.388760 	-402.141793 	-0.006893
76 	-400.319964 	-405.577327 	-0.013133
77 	-396.231156 	-402.578469 	-0.016019
78 	-398.550573 	-403.881034 	-0.013375
79 	-409.119276 	-409.247924 	-0.000314
80 	-400.471878 	-409.689792 	-0.023018
81 	-410.986058 	-412.451948 	-0.003567
82 	-399.526251 	-399.767169 	-0.000603
83 	-398.554827 	-403.599970 	-0.012659
84 	-406.525232 	-408.064315 	-0.003786
85 	-397.494877 	-403.930665 	-0.016191
86 	-407.457353 	-407.963443 	-0.001242
87 	-394.448179 	-395.085646 	-0.001616
88 	-399.665649 	-401.285631 	-0.004053
89 	-402.504507 	-402.508872 	-0.000011
90 	-401.385472 	-401.446395 	-0.000152
91 	-400.765348 	-401.435716 	-0.001673
92 	-405.277005 	-405.741322 	-0.001146
93 	-409.909326 	-410.099284 	-0.000463
94 	-408.818741 	-409.715950 	-0.002195
95 	-405.161572 	-405.899558 	-0.001821
96 	-406.006043 	-407.624170 	-0.003985
97 	-404.534333 	-406.269150 	-0.004288
98 	-406.643096 	-407.111239 	-0.001151
99 	-406.042960 	-406.091382 	-0.000119
100 	-409.256226 	-410.047929 	-0.001934
101 	-413.672934 	-413.674458 	-0.000004
102 	-411.141739 	-412.519811 	-0.003352
103 	-408.371298 	-408.425654 	-0.000133
104 	-408.509860 	-410.456851 	-0.004766
105 	-407.547862 	-407.553319 	-0.000013
106 	-401.830493 	-404.463802 	-0.006553
107 	-400.595470 	-400.653579 	-0.000145
108 	-393.511965 	-396.935166 	-0.008699
109 	-397.794802 	-397.847097 	-0.000131
110 	-392.064412 	-395.971091 	-0.009964
111 	-399.367278 	-399.368337 	-0.000003
112 	-394.846976 	-398.922580 	-0.010322
113 	-400.283430 	-400.399570 	-0.000290
114 	-401.331103 	-402.588658 	-0.003133
115 	-401.647159 	-401.658628 	-0.000029
116 	-402.600384 	-403.219580 	-0.001538
117 	-405.932831 	-407.854590 	-0.004734
118 	-413.305669 	-414.332483 	-0.002484
119 	-401.030450 	-401.412534 	-0.000953
120 	-399.684406 	-403.152870 	-0.008678
121 	-397.058156 	-402.304672 	-0.013213
122 	-404.262005 	-406.482907 	-0.005494
123 	-395.989427 	-396.974459 	-0.002488
124 	-399.909846 	-400.781029 	-0.002178
125 	-400.043140 	-405.620847 	-0.013943
126 	-406.994604 	-409.809812 	-0.006917
127 	-404.605685 	-405.400058 	-0.001963
128 	-404.610134 	-408.077558 	-0.008570
129 	-402.019409 	-403.676657 	-0.004122
130 	-408.741781 	-409.132599 	-0.000956
131 	-400.055442 	-400.129292 	-0.000185
132 	-400.465149 	-400.798632 	-0.000833
133 	-393.603832 	-395.076577 	-0.003742
134 	-395.421038 	-398.376577 	-0.007474
135 	-388.346902 	-391.373696 	-0.007794
136 	-394.873232 	-395.314077 	-0.001116
137 	-384.325058 	-385.368776 	-0.002716
138 	-384.170993 	-388.432529 	-0.011093
139 	-384.428576 	-384.473001 	-0.000116
140 	-383.786591 	-385.578139 	-0.004668
141 	-382.390184 	-382.888704 	-0.001304
142 	-386.948061 	-388.412810 	-0.003785
143 	-385.047614 	-385.047664 	-0.000000
144 	-388.740852 	-389.378402 	-0.001640
145 	-388.881144 	-389.240579 	-0.000924
146 	-391.375932 	-394.651859 	-0.008370
147 	-391.804521 	-393.109981 	-0.003332
148 	-395.068363 	-397.556684 	-0.006298
149 	-391.598484 	-392.204206 	-0.001547
150 	-394.755963 	-396.648401 	-0.004794
151 	-393.891914 	-395.415260 	-0.003867
152 	-399.539346 	-399.732250 	-0.000483
153 	-394.222293 	-396.514167 	-0.005814
154 	-400.014488 	-400.193757 	-0.000448
155 	-394.525233 	-396.270732 	-0.004424
156 	-400.215673 	-400.602970 	-0.000968
157 	-399.539778 	-400.520335 	-0.002454
158 	-402.114203 	-404.620093 	-0.006232
159 	-396.576474 	-398.481295 	-0.004803
160 	-402.045292 	-402.191259 	-0.000363
161 	-400.513577 	-401.405924 	-0.002228
162 	-402.379661 	-404.970057 	-0.006438
163 	-398.049704 	-398.760624 	-0.001786
164 	-401.040926 	-402.809140 	-0.004409
165 	-399.731754 	-401.030474 	-0.003249
166 	-398.235233 	-403.158947 	-0.012364
167 	-395.523515 	-397.308936 	-0.004514
168 	-399.941000 	-400.539659 	-0.001497
169 	-397.712075 	-399.815375 	-0.005288
170 	-400.944834 	-402.183408 	-0.003089
171 	-395.262229 	-396.839801 	-0.003991
172 	-399.679124 	-400.131406 	-0.001132
173 	-399.926254 	-400.992019 	-0.002665
174 	-398.814128 	-402.936016 	-0.010335
175 	-396.973548 	-397.588933 	-0.001550
176 	-399.869964 	-401.459759 	-0.003976
177 	-398.365000 	-398.733569 	-0.000925
178 	-397.377642 	-398.822326 	-0.003636
179 	-397.549109 	-397.750208 	-0.000506
180 	-399.368088 	-400.199534 	-0.002082
181 	-396.612056 	-396.683826 	-0.000181
182 	-396.006780 	-397.017674 	-0.002553
183 	-394.758925 	-394.770497 	-0.000029
184 	-392.664095 	-393.918426 	-0.003194
185 	-394.920706 	-394.921887 	-0.000003
186 	-397.394978 	-397.402111 	-0.000018
187 	-397.243680 	-397.422651 	-0.000451
188 	-396.692913 	-396.696802 	-0.000010
189 	-395.785317 	-395.785589 	-0.000001
190 	-394.114475 	-394.123116 	-0.000022
191 	-393.433080 	-393.446686 	-0.000035
192 	-393.636575 	-393.666531 	-0.000076
193 	-391.737903 	-391.738610 	-0.000002
194 	-389.466023 	-389.539289 	-0.000188
195 	-389.225958 	-389.572330 	-0.000890
196 	-393.731139 	-393.879351 	-0.000376
197 	-393.459796 	-393.657746 	-0.000503
198 	-397.400624 	-397.897784 	-0.001251
199 	-395.706207 	-395.714643 	-0.000021
200 	-394.735683 	-395.313683 	-0.001464
201 	-399.138504 	-399.743668 	-0.001516
202 	-393.873135 	-394.253457 	-0.000966
203 	-395.098484 	-397.512595 	-0.006110
204 	-396.995046 	-397.026753 	-0.000080
205 	-399.342120 	-401.168182 	-0.004573
206 	-399.544893 	-399.662921 	-0.000295
207 	-401.575758 	-403.715067 	-0.005327
208 	-403.056817 	-403.116378 	-0.000148
209 	-405.603090 	-407.280955 	-0.004137
210 	-403.399614 	-403.797020 	-0.000985
211 	-406.500680 	-407.511454 	-0.002487
212 	-399.830278 	-400.083489 	-0.000633
213 	-403.961136 	-403.961362 	-0.000001
214 	-402.866717 	-403.388022 	-0.001294
215 	-404.265233 	-406.794190 	-0.006256
216 	-400.074335 	-400.973004 	-0.002246
217 	-403.888029 	-404.096115 	-0.000515
218 	-397.136566 	-398.783460 	-0.004147
219 	-401.157731 	-401.573490 	-0.001036
220 	-398.584498 	-398.852881 	-0.000673
221 	-399.365081 	-400.212972 	-0.002123
222 	-399.746330 	-401.905729 	-0.005402
223 	-403.683663 	-404.091335 	-0.001010
224 	-399.353648 	-399.535739 	-0.000456
225 	-398.041762 	-398.182129 	-0.000353
226 	-395.991660 	-396.886287 	-0.002259
227 	-396.326561 	-397.014707 	-0.001736
228 	-397.777962 	-399.761409 	-0.004986
229 	-399.028048 	-399.865601 	-0.002099
230 	-399.376433 	-401.704339 	-0.005829
231 	-400.314897 	-401.151190 	-0.002089
232 	-400.102125 	-402.266997 	-0.005411
233 	-403.814186 	-404.040837 	-0.000561
234 	-402.678145 	-402.679623 	-0.000004
235 	-400.893173 	-403.095717 	-0.005494
236 	-400.536559 	-400.653126 	-0.000291
237 	-399.784163 	-403.717967 	-0.009840
238 	-398.391562 	-399.088267 	-0.001749
239 	-402.032032 	-402.107453 	-0.000188
240 	-396.458899 	-396.481532 	-0.000057
241 	-395.735489 	-397.030944 	-0.003274
242 	-395.236385 	-395.707647 	-0.001192
243 	-396.583782 	-398.482650 	-0.004788
244 	-395.955681 	-396.740809 	-0.001983
245 	-397.973165 	-398.877300 	-0.002272
246 	-396.885747 	-397.870578 	-0.002481
247 	-399.362155 	-399.871434 	-0.001275
248 	-395.937509 	-398.042936 	-0.005318
249 	-399.441631 	-399.935851 	-0.001237
250 	-392.752848 	-392.854401 	-0.000259
251 	-391.025256 	-391.143153 	-0.000302
252 	-392.896706 	-393.156919 	-0.000662
253 	-393.065942 	-394.263887 	-0.003048
254 	-392.971249 	-393.610813 	-0.001628
255 	-396.191934 	-396.356062 	-0.000414
256 	-393.771510 	-394.883335 	-0.002824
257 	-397.174982 	-397.188725 	-0.000035
258 	-395.265671 	-395.650738 	-0.000974
259 	-395.532718 	-398.015760 	-0.006278
260 	-395.063496 	-395.686827 	-0.001578
261 	-395.840506 	-397.015603 	-0.002969
262 	-395.013247 	-395.891477 	-0.002223
263 	-396.465381 	-397.255807 	-0.001994
264 	-392.813851 	-394.084313 	-0.003234
265 	-394.340138 	-395.133712 	-0.002012
266 	-392.515560 	-394.038683 	-0.003880
267 	-394.918664 	-395.400938 	-0.001221
268 	-391.703282 	-393.608418 	-0.004864
269 	-394.366279 	-394.686632 	-0.000812
270 	-392.356168 	-394.313303 	-0.004988
271 	-394.609932 	-394.955987 	-0.000877
272 	-393.556644 	-395.786922 	-0.005667
273 	-394.573098 	-395.226067 	-0.001655
274 	-393.415562 	-395.896983 	-0.006307
275 	-396.599424 	-396.742891 	-0.000362
276 	-395.505817 	-395.832782 	-0.000827
277 	-393.504874 	-394.841241 	-0.003396
278 	-396.722572 	-397.641248 	-0.002316
279 	-396.391230 	-396.897607 	-0.001277
280 	-397.829620 	-399.276236 	-0.003636
281 	-395.460921 	-395.947602 	-0.001231
282 	-398.626042 	-398.627181 	-0.000003
283 	-393.669274 	-394.326556 	-0.001670
284 	-396.150455 	-396.740954 	-0.001491
285 	-393.060090 	-393.333675 	-0.000696
286 	-395.048968 	-396.111504 	-0.002690
287 	-393.357328 	-393.723951 	-0.000932
288 	-393.136518 	-395.819143 	-0.006824
289 	-392.173409 	-392.768567 	-0.001518
290 	-393.281349 	-394.913203 	-0.004149
291 	-392.041598 	-392.465374 	-0.001081
292 	-393.864608 	-394.960428 	-0.002782
293 	-390.200446 	-390.895528 	-0.001781
294 	-393.254600 	-393.400858 	-0.000372
295 	-392.639318 	-392.718958 	-0.000203
296 	-392.347610 	-392.812775 	-0.001186
297 	-395.378752 	-395.604310 	-0.000570
298 	-394.311866 	-394.311918 	-0.000000
299 	-392.360346 	-392.455606 	-0.000243
300 	-393.930369 	-395.252152 	-0.003355
301 	-394.182585 	-394.215441 	-0.000083
302 	-394.824013 	-395.406174 	-0.001474
303 	-396.048515 	-396.048555 	-0.000000
304 	-393.495833 	-394.495462 	-0.002540
305 	-394.448121 	-394.616416 	-0.000427
306 	-397.385266 	-397.387149 	-0.000005
307 	-396.899299 	-396.899598 	-0.000001
308 	-395.859505 	-395.918748 	-0.000150
309 	-396.600067 	-397.588567 	-0.002492
310 	-399.492372 	-400.005517 	-0.001284
311 	-395.921218 	-396.038717 	-0.000297
312 	-394.440867 	-397.756643 	-0.008406
313 	-395.187593 	-395.215678 	-0.000071
314 	-396.308712 	-397.881842 	-0.003969
315 	-397.148513 	-397.491301 	-0.000863
316 	-396.986211 	-397.219572 	-0.000588
317 	-396.822050 	-397.139278 	-0.000799
318 	-398.944983 	-399.589716 	-0.001616
319 	-395.238608 	-395.307162 	-0.000173
320 	-396.007268 	-396.689788 	-0.001724
321 	-396.893715 	-396.896969 	-0.000008
322 	-395.369632 	-395.620053 	-0.000633
323 	-395.328774 	-397.936693 	-0.006597
324 	-392.771547 	-392.801064 	-0.000075
325 	-392.906644 	-393.077935 	-0.000436
326 	-391.766928 	-391.771049 	-0.000011
327 	-391.493432 	-391.831267 	-0.000863
328 	-390.560110 	-390.635415 	-0.000193
329 	-390.588055 	-392.070883 	-0.003796
330 	-387.947245 	-387.948344 	-0.000003
331 	-385.727471 	-385.823788 	-0.000250
332 	-385.205799 	-385.238050 	-0.000084
333 	-385.703567 	-385.760100 	-0.000147
334 	-384.884365 	-384.885780 	-0.000004
335 	-384.305089 	-384.428222 	-0.000320
336 	-384.741994 	-384.956680 	-0.000558
337 	-385.648408 	-385.690391 	-0.000109
338 	-386.309763 	-386.354457 	-0.000116
339 	-384.496778 	-384.497897 	-0.000003
340 	-384.530770 	-384.656942 	-0.000328
341 	-384.115013 	-384.172209 	-0.000149
342 	-385.228510 	-385.246400 	-0.000046
343 	-384.476789 	-384.654801 	-0.000463
344 	-384.732410 	-384.785250 	-0.000137
345 	-384.226515 	-384.315239 	-0.000231
346 	-382.774105 	-382.895322 	-0.000317
347 	-382.981969 	-383.161671 	-0.000469
348 	-383.690562 	-383.701830 	-0.000029
349 	-383.904781 	-383.908213 	-0.000009
350 	-383.402676 	-383.402798 	-0.000000
351 	-383.894892 	-383.896043 	-0.000003
352 	-385.330113 	-385.359172 	-0.000075
353 	-385.649540 	-385.725097 	-0.000196
354 	-385.385069 	-385.550092 	-0.000428
355 	-385.522924 	-386.433809 	-0.002363
356 	-384.139697 	-384.518396 	-0.000986
357 	-386.637747 	-386.640304 	-0.000007
358 	-386.154829 	-386.738512 	-0.001512
359 	-386.386488 	-388.080246 	-0.004384
360 	-384.275751 	-385.251253 	-0.002539
361 	-386.746209 	-386.749871 	-0.000009
362 	-381.883220 	-383.235633 	-0.003541
363 	-384.347071 	-384.673383 	-0.000849
364 	-382.433913 	-383.087053 	-0.001708
365 	-384.189890 	-384.749814 	-0.001457
366 	-383.393501 	-384.126462 	-0.001912
367 	-385.857195 	-385.926797 	-0.000180
368 	-383.955628 	-384.401058 	-0.001160
369 	-383.948557 	-385.580943 	-0.004252
370 	-382.872771 	-383.449313 	-0.001506
371 	-385.318611 	-385.398103 	-0.000206
372 	-384.399909 	-384.471194 	-0.000185
373 	-384.254641 	-384.763168 	-0.001323
374 	-384.779493 	-384.916524 	-0.000356
375 	-385.669429 	-385.982181 	-0.000811
376 	-385.266275 	-385.478978 	-0.000552
377 	-386.821240 	-387.133455 	-0.000807
378 	-386.510506 	-386.569129 	-0.000152
379 	-386.491006 	-386.833641 	-0.000887
380 	-386.004798 	-386.112570 	-0.000279
381 	-385.990245 	-386.198598 	-0.000540
382 	-385.400862 	-385.564280 	-0.000424
383 	-386.306104 	-386.665540 	-0.000930
384 	-387.446683 	-387.494452 	-0.000123
385 	-386.771189 	-386.826380 	-0.000143
386 	-385.730465 	-385.814869 	-0.000219
387 	-386.761145 	-386.899698 	-0.000358
388 	-386.611506 	-386.736773 	-0.000324
389 	-388.178742 	-388.422528 	-0.000628
390 	-389.298436 	-389.337051 	-0.000099
391 	-389.452547 	-389.487391 	-0.000089
392 	-389.979911 	-390.045763 	-0.000169
393 	-391.185411 	-391.196969 	-0.000030
394 	-391.503785 	-391.599607 	-0.000245
395 	-391.985497 	-392.025229 	-0.000101
396 	-393.005518 	-393.044560 	-0.000099
397 	-392.564511 	-392.580599 	-0.000041
398 	-391.131257 	-391.202537 	-0.000182
399 	-389.850151 	-389.850640 	-0.000001
400 	-390.651061 	-390.679113 	-0.000072
401 	-391.541421 	-391.576541 	-0.000090
402 	-391.449152 	-393.558306 	-0.005388
403 	-391.661511 	-391.948351 	-0.000732
404 	-393.902036 	-394.051636 	-0.000380
405 	-391.558217 	-391.625747 	-0.000172
406 	-391.567595 	-392.408271 	-0.002147
407 	-391.424802 	-392.613765 	-0.003038
408 	-393.643941 	-394.302774 	-0.001674
409 	-392.317168 	-392.457893 	-0.000359
410 	-393.244572 	-394.235812 	-0.002521
411 	-392.883025 	-393.444234 	-0.001428
412 	-395.077080 	-395.335011 	-0.000653
413 	-394.049885 	-394.176415 	-0.000321
414 	-393.431979 	-393.989627 	-0.001417
415 	-393.651982 	-393.937536 	-0.000725
416 	-395.368620 	-395.781820 	-0.001045
417 	-393.270190 	-393.292814 	-0.000058
418 	-393.712027 	-394.642650 	-0.002364
419 	-394.054565 	-394.091912 	-0.000095
420 	-393.673743 	-396.008599 	-0.005931
421 	-393.743744 	-393.993640 	-0.000635
422 	-394.333476 	-395.734702 	-0.003553
423 	-394.626650 	-394.691297 	-0.000164
424 	-395.800309 	-396.414124 	-0.001551
425 	-395.862191 	-395.869639 	-0.000019
426 	-396.572450 	-397.136886 	-0.001423
427 	-397.320126 	-397.324229 	-0.000010
428 	-395.619312 	-396.008007 	-0.000982
429 	-395.721150 	-395.781301 	-0.000152
430 	-396.228585 	-396.733474 	-0.001274
431 	-397.314950 	-397.446139 	-0.000330
432 	-397.422914 	-398.386496 	-0.002425
433 	-397.413743 	-397.630623 	-0.000546
434 	-398.873334 	-399.311584 	-0.001099
435 	-398.235680 	-398.545802 	-0.000779
436 	-400.296684 	-400.297896 	-0.000003
437 	-400.063188 	-400.173624 	-0.000276
438 	-399.943936 	-401.709195 	-0.004414
439 	-399.292612 	-399.306438 	-0.000035
440 	-399.983597 	-400.500680 	-0.001293
441 	-399.725789 	-399.770854 	-0.000113
442 	-399.305582 	-399.644268 	-0.000848
443 	-398.273559 	-398.361389 	-0.000221
444 	-398.908285 	-399.117508 	-0.000524
445 	-398.325722 	-398.486866 	-0.000405
446 	-397.862270 	-398.477358 	-0.001546
447 	-397.599787 	-397.662984 	-0.000159
448 	-397.782444 	-397.960891 	-0.000449
449 	-397.723543 	-397.825066 	-0.000255
450 	-397.224490 	-397.311008 	-0.000218
451 	-398.125378 	-398.288467 	-0.000410
452 	-397.603479 	-397.635348 	-0.000080
453 	-397.581952 	-397.656725 	-0.000188
454 	-397.969312 	-398.058294 	-0.000224
455 	-398.747402 	-398.854366 	-0.000268
456 	-399.540026 	-399.703710 	-0.000410
457 	-399.647437 	-399.683638 	-0.000091
458 	-400.314577 	-400.416806 	-0.000255
459 	-401.528078 	-401.586244 	-0.000145
460 	-400.625016 	-400.794731 	-0.000424
461 	-400.302852 	-400.317636 	-0.000037
462 	-401.554475 	-401.554657 	-0.000000
463 	-402.594507 	-402.594710 	-0.000001
464 	-402.637967 	-402.639691 	-0.000004
465 	-403.327021 	-403.382211 	-0.000137
466 	-403.375444 	-403.378560 	-0.000008
467 	-403.879737 	-403.880631 	-0.000002
468 	-404.543612 	-404.562785 	-0.000047
469 	-404.245832 	-404.247206 	-0.000003
470 	-404.332416 	-404.336180 	-0.000009
471 	-404.399551 	-404.402167 	-0.000006
472 	-405.424721 	-405.425240 	-0.000001
473 	-404.767607 	-404.767621 	-0.000000
474 	-404.218765 	-404.240003 	-0.000053
475 	-404.633052 	-404.675888 	-0.000106
476 	-404.231302 	-404.234909 	-0.000009
477 	-404.635396 	-404.636829 	-0.000004
478 	-404.525289 	-404.534663 	-0.000023
479 	-403.292274 	-403.292540 	-0.000001
480 	-404.226799 	-404.228076 	-0.000003
481 	-404.175077 	-404.182699 	-0.000019
482 	-405.021512 	-405.024539 	-0.000007
483 	-404.906382 	-404.926196 	-0.000049
484 	-406.017290 	-406.041672 	-0.000060
485 	-406.324829 	-406.360247 	-0.000087
486 	-407.033213 	-407.042088 	-0.000022
487 	-406.499433 	-406.552386 	-0.000130
488 	-407.773540 	-407.879896 	-0.000261
489 	-407.426196 	-407.497471 	-0.000175
490 	-407.098149 	-407.157857 	-0.000147
491 	-406.504822 	-406.604072 	-0.000244
492 	-406.094036 	-406.128580 	-0.000085
493 	-406.342596 	-406.389660 	-0.000116
494 	-407.144767 	-407.162446 	-0.000043
495 	-406.711250 	-406.727762 	-0.000041
496 	-407.277863 	-407.285126 	-0.000018
497 	-406.748175 	-406.750571 	-0.000006
498 	-406.912788 	-406.917488 	-0.000012
499 	-407.017338 	-407.034716 	-0.000043
500 	-406.443018 	-406.443033 	-0.000000
501 	-406.778518 	-406.778729 	-0.000001
502 	-406.342062 	-406.342182 	-0.000000
503 	-406.751613 	-406.770056 	-0.000045
504 	-407.188680 	-407.196547 	-0.000019
505 	-406.725420 	-406.987744 	-0.000645
506 	-407.318874 	-407.320150 	-0.000003
507 	-407.417636 	-407.429846 	-0.000030
508 	-407.480019 	-407.825425 	-0.000848
509 	-406.587974 	-406.623650 	-0.000088
510 	-406.386453 	-406.611235 	-0.000553
511 	-406.942127 	-407.008965 	-0.000164
512 	-407.001889 	-407.139550 	-0.000338
513 	-407.342679 	-407.445175 	-0.000252
514 	-407.239697 	-407.303543 	-0.000157
515 	-407.196558 	-407.355529 	-0.000390
516 	-408.102388 	-408.510976 	-0.001001
517 	-407.802908 	-408.000870 	-0.000485
518 	-407.447498 	-408.156389 	-0.001740
519 	-407.445576 	-407.680843 	-0.000577
520 	-406.973798 	-407.482707 	-0.001250
521 	-407.383149 	-407.674931 	-0.000716
522 	-407.648297 	-408.028006 	-0.000931
523 	-407.658404 	-407.981605 	-0.000793
524 	-408.938261 	-409.108794 	-0.000417
525 	-408.080655 	-408.431428 	-0.000860
526 	-409.400669 	-409.558134 	-0.000385
527 	-409.699693 	-410.074043 	-0.000914
528 	-410.205449 	-410.635965 	-0.001050
529 	-409.244831 	-409.484606 	-0.000586
530 	-410.155222 	-410.156580 	-0.000003
531 	-409.614615 	-409.758133 	-0.000350
532 	-410.155767 	-410.215405 	-0.000145
533 	-410.663370 	-410.740923 	-0.000189
534 	-410.762987 	-410.798632 	-0.000087
535 	-411.181714 	-411.274588 	-0.000226
536 	-410.538089 	-410.557306 	-0.000047
537 	-410.630961 	-410.677927 	-0.000114
538 	-410.623605 	-410.663997 	-0.000098
539 	-409.718132 	-409.782928 	-0.000158
540 	-410.762859 	-410.783059 	-0.000049
541 	-409.996595 	-410.079377 	-0.000202
542 	-409.227708 	-409.233707 	-0.000015
543 	-409.589696 	-409.639315 	-0.000121
544 	-409.413855 	-409.463935 	-0.000122
545 	-408.231613 	-408.258482 	-0.000066
546 	-408.636558 	-408.665812 	-0.000072
547 	-408.747705 	-408.781842 	-0.000084
548 	-409.473907 	-409.491619 	-0.000043
549 	-409.674679 	-409.715841 	-0.000100
550 	-410.565210 	-410.596237 	-0.000076
551 	-410.801908 	-410.806512 	-0.000011
552 	-411.564514 	-411.571093 	-0.000016
553 	-411.102868 	-411.105864 	-0.000007
554 	-411.498339 	-411.508708 	-0.000025
555 	-411.134144 	-411.134904 	-0.000002
556 	-411.472961 	-411.487386 	-0.000035
557 	-411.368629 	-411.386570 	-0.000044
558 	-411.452976 	-411.471512 	-0.000045
559 	-411.559061 	-411.570077 	-0.000027
560 	-411.133498 	-411.156039 	-0.000055
561 	-411.406009 	-411.412200 	-0.000015
562 	-410.732042 	-410.760632 	-0.000070
563 	-410.477063 	-410.479396 	-0.000006
