Iter 	incumb_est 	candid_est 	error
1 	-1728.696652 	-2944.631372 	-0.703382
2 	-774.888194 	-933.813345 	-0.205094
3 	-740.977283 	-989.624896 	-0.335567
4 	-759.345049 	-839.757108 	-0.105897
5 	-518.644589 	-735.747896 	-0.418597
6 	-536.439769 	-597.241379 	-0.113343
7 	-458.662330 	-695.797828 	-0.517015
8 	-555.161966 	-613.784771 	-0.105596
9 	-438.669639 	-550.028943 	-0.253857
10 	-523.485174 	-613.840420 	-0.172603
11 	-508.561043 	-534.082948 	-0.050185
12 	-506.746961 	-532.221322 	-0.050270
13 	-506.298803 	-519.059061 	-0.025203
14 	-581.316184 	-584.808813 	-0.006008
15 	-518.126108 	-542.628650 	-0.047291
16 	-583.027110 	-584.512322 	-0.002547
17 	-518.677626 	-558.259891 	-0.076314
18 	-575.016579 	-580.555833 	-0.009633
19 	-566.103468 	-574.054131 	-0.014045
20 	-589.441836 	-605.912686 	-0.027943
21 	-568.496437 	-569.658965 	-0.002045
22 	-586.356406 	-598.417008 	-0.020569
23 	-586.577686 	-589.110341 	-0.004318
24 	-600.363950 	-626.873747 	-0.044156
25 	-597.213169 	-609.051744 	-0.019823
26 	-608.566121 	-627.921439 	-0.031805
27 	-586.639408 	-586.687708 	-0.000082
28 	-589.793543 	-595.029496 	-0.008878
29 	-586.016416 	-590.291379 	-0.007295
30 	-601.187022 	-611.893483 	-0.017809
31 	-582.694737 	-586.658149 	-0.006802
32 	-611.113096 	-613.809682 	-0.004413
33 	-560.504922 	-563.168173 	-0.004752
34 	-565.514007 	-565.854333 	-0.000602
35 	-561.871072 	-563.533941 	-0.002960
36 	-544.811658 	-555.249174 	-0.019158
37 	-550.338594 	-561.848503 	-0.020914
38 	-564.684854 	-574.335958 	-0.017091
39 	-553.952518 	-558.149841 	-0.007577
40 	-538.036254 	-564.583848 	-0.049342
41 	-516.365614 	-529.921142 	-0.026252
42 	-540.974471 	-543.564698 	-0.004788
43 	-533.235670 	-534.807182 	-0.002947
44 	-515.666349 	-515.680359 	-0.000027
45 	-515.539360 	-536.500103 	-0.040658
46 	-537.168103 	-543.996182 	-0.012711
47 	-507.780751 	-510.124439 	-0.004616
48 	-507.583317 	-509.665634 	-0.004102
49 	-511.946075 	-520.811673 	-0.017317
50 	-533.028213 	-534.115691 	-0.002040
51 	-499.480348 	-501.280240 	-0.003604
52 	-498.774385 	-502.597337 	-0.007665
53 	-492.293446 	-495.860421 	-0.007246
54 	-512.177881 	-512.233415 	-0.000108
55 	-487.256286 	-487.345801 	-0.000184
56 	-488.687213 	-493.946298 	-0.010762
57 	-494.557095 	-495.031928 	-0.000960
58 	-509.357935 	-513.466833 	-0.008067
59 	-505.082761 	-505.936878 	-0.001691
60 	-502.778485 	-517.863098 	-0.030003
61 	-505.244015 	-508.028086 	-0.005510
62 	-516.960808 	-521.144186 	-0.008092
63 	-517.244762 	-519.176273 	-0.003734
64 	-525.097981 	-532.563818 	-0.014218
65 	-516.296465 	-516.617287 	-0.000621
66 	-516.421031 	-519.001347 	-0.004997
67 	-505.590098 	-511.963797 	-0.012606
68 	-521.185140 	-524.509262 	-0.006378
69 	-500.632093 	-502.914379 	-0.004559
70 	-505.933107 	-506.645862 	-0.001409
71 	-503.361064 	-518.086511 	-0.029254
72 	-518.120674 	-526.077774 	-0.015358
73 	-502.237580 	-504.675249 	-0.004854
74 	-508.549185 	-511.554270 	-0.005909
75 	-510.546586 	-517.655828 	-0.013925
76 	-524.434827 	-528.794647 	-0.008313
77 	-509.925088 	-512.742277 	-0.005525
78 	-513.275250 	-516.447588 	-0.006181
79 	-514.365926 	-514.906558 	-0.001051
80 	-513.816411 	-518.398637 	-0.008918
81 	-515.626799 	-515.632977 	-0.000012
82 	-508.159112 	-513.200302 	-0.009920
83 	-507.902421 	-508.800007 	-0.001767
84 	-512.989686 	-516.670098 	-0.007174
85 	-508.489051 	-511.820889 	-0.006552
86 	-513.504617 	-518.708761 	-0.010135
87 	-502.357583 	-503.540535 	-0.002355
88 	-505.930336 	-510.180339 	-0.008400
89 	-508.364061 	-508.563643 	-0.000393
90 	-508.129266 	-508.384777 	-0.000503
91 	-507.325762 	-508.701822 	-0.002712
92 	-515.570283 	-517.436433 	-0.003620
93 	-518.098241 	-518.133872 	-0.000069
94 	-517.637645 	-517.691639 	-0.000104
95 	-513.095103 	-514.653960 	-0.003038
96 	-516.235337 	-516.422215 	-0.000362
97 	-513.247235 	-513.354589 	-0.000209
98 	-514.316226 	-514.316226 	-0.000000
99 	-514.254094 	-514.335008 	-0.000157
100 	-518.648211 	-520.569539 	-0.003704
101 	-523.195928 	-524.154481 	-0.001832
102 	-522.496359 	-526.371138 	-0.007416
103 	-517.534840 	-517.754637 	-0.000425
104 	-519.537225 	-519.950818 	-0.000796
105 	-517.806793 	-517.808908 	-0.000004
106 	-513.224202 	-513.305269 	-0.000158
107 	-510.630368 	-510.705949 	-0.000148
108 	-505.194619 	-505.700824 	-0.001002
109 	-508.693584 	-508.800725 	-0.000211
110 	-506.007907 	-509.748266 	-0.007392
111 	-511.168585 	-511.215044 	-0.000091
112 	-509.402366 	-509.426752 	-0.000048
113 	-509.215497 	-509.687793 	-0.000927
114 	-510.182970 	-510.865085 	-0.001337
115 	-507.369440 	-512.236792 	-0.009593
116 	-516.629961 	-517.470243 	-0.001626
117 	-513.730504 	-515.700737 	-0.003835
118 	-520.422938 	-522.266911 	-0.003543
119 	-509.526213 	-510.163122 	-0.001250
120 	-510.010576 	-515.882901 	-0.011514
121 	-506.055930 	-506.094432 	-0.000076
122 	-504.177321 	-505.125419 	-0.001880
123 	-505.504220 	-505.613170 	-0.000216
124 	-510.018912 	-510.092813 	-0.000145
125 	-511.137408 	-511.759194 	-0.001216
126 	-512.850834 	-513.181014 	-0.000644
127 	-516.223320 	-516.406013 	-0.000354
128 	-514.220520 	-514.921140 	-0.001362
129 	-512.994395 	-513.006480 	-0.000024
130 	-510.259712 	-510.401821 	-0.000279
131 	-508.719973 	-508.729034 	-0.000018
132 	-509.003937 	-509.004674 	-0.000001
133 	-502.348652 	-502.395055 	-0.000092
134 	-501.150793 	-501.201759 	-0.000102
135 	-497.483911 	-497.791305 	-0.000618
136 	-493.057408 	-493.111088 	-0.000109
137 	-494.380681 	-494.607611 	-0.000459
138 	-492.539859 	-493.158157 	-0.001255
139 	-495.051987 	-498.341921 	-0.006646
140 	-493.098275 	-493.233820 	-0.000275
141 	-492.292342 	-492.358911 	-0.000135
142 	-493.988310 	-493.988310 	0.000000
143 	-494.234717 	-494.293126 	-0.000118
144 	-496.805750 	-496.910105 	-0.000210
145 	-497.912623 	-498.374058 	-0.000927
146 	-499.949768 	-499.968178 	-0.000037
147 	-499.131656 	-499.271416 	-0.000280
148 	-497.496699 	-497.521193 	-0.000049
149 	-500.395752 	-500.397994 	-0.000004
150 	-502.161697 	-502.221514 	-0.000119
151 	-501.787695 	-502.536340 	-0.001492
152 	-502.461422 	-502.462121 	-0.000001
153 	-500.832638 	-501.048252 	-0.000431
154 	-502.544402 	-502.653878 	-0.000218
155 	-501.520162 	-501.528330 	-0.000016
156 	-503.164598 	-503.412548 	-0.000493
157 	-505.678570 	-505.738632 	-0.000119
158 	-506.058598 	-506.079761 	-0.000042
159 	-501.847622 	-502.123239 	-0.000549
160 	-503.476588 	-503.956477 	-0.000953
161 	-505.320201 	-505.809585 	-0.000968
162 	-506.332737 	-506.534745 	-0.000399
163 	-503.416876 	-503.557577 	-0.000279
164 	-504.139174 	-504.193467 	-0.000108
165 	-504.871499 	-505.006644 	-0.000268
166 	-501.604523 	-501.606436 	-0.000004
167 	-498.972453 	-499.040212 	-0.000136
168 	-501.925643 	-501.933216 	-0.000015
169 	-501.343509 	-501.519740 	-0.000352
170 	-502.795432 	-502.808200 	-0.000025
171 	-499.620110 	-499.647081 	-0.000054
172 	-502.966367 	-502.968901 	-0.000005
173 	-505.908165 	-505.912396 	-0.000008
174 	-503.485140 	-503.516768 	-0.000063
175 	-503.897235 	-503.905118 	-0.000016
176 	-506.694476 	-506.838583 	-0.000284
177 	-507.131546 	-507.276254 	-0.000285
178 	-506.660323 	-511.731104 	-0.010008
179 	-506.770182 	-507.687350 	-0.001810
180 	-512.671839 	-512.826312 	-0.000301
181 	-506.892933 	-507.167052 	-0.000541
182 	-508.109800 	-511.434511 	-0.006543
183 	-505.678569 	-506.751209 	-0.002121
184 	-506.927878 	-510.382313 	-0.006814
185 	-505.244643 	-505.629608 	-0.000762
186 	-510.480790 	-510.912004 	-0.000845
187 	-507.542191 	-507.605465 	-0.000125
188 	-507.388017 	-508.592355 	-0.002374
189 	-506.328981 	-506.802082 	-0.000934
190 	-506.213218 	-509.640403 	-0.006770
191 	-504.611421 	-505.758281 	-0.002273
192 	-508.472046 	-509.849721 	-0.002709
193 	-503.377548 	-505.353703 	-0.003926
194 	-504.477874 	-507.485986 	-0.005963
195 	-501.513697 	-504.024185 	-0.005006
196 	-506.480981 	-506.841355 	-0.000712
197 	-505.499300 	-506.070593 	-0.001130
198 	-508.506697 	-510.282886 	-0.003493
199 	-508.836069 	-509.922984 	-0.002136
200 	-509.292155 	-511.546996 	-0.004427
201 	-506.908377 	-508.579112 	-0.003296
202 	-510.468157 	-511.672163 	-0.002359
203 	-508.266911 	-510.544957 	-0.004482
204 	-513.498251 	-513.599656 	-0.000197
205 	-510.364322 	-510.976363 	-0.001199
206 	-511.306775 	-514.381600 	-0.006014
207 	-511.452987 	-511.757717 	-0.000596
208 	-515.431300 	-516.143717 	-0.001382
209 	-514.421937 	-514.541841 	-0.000233
210 	-513.975393 	-514.577620 	-0.001172
211 	-513.319633 	-513.346176 	-0.000052
212 	-510.422517 	-510.435615 	-0.000026
213 	-511.657686 	-511.657685 	0.000000
214 	-513.050864 	-513.062465 	-0.000023
215 	-511.337354 	-512.643549 	-0.002554
216 	-516.282911 	-516.980662 	-0.001351
217 	-508.670813 	-513.828666 	-0.010140
218 	-513.583230 	-515.026946 	-0.002811
219 	-507.427418 	-509.259620 	-0.003611
220 	-512.300828 	-512.714030 	-0.000807
221 	-509.064750 	-509.198886 	-0.000263
222 	-508.313677 	-509.729281 	-0.002785
223 	-507.683451 	-509.211339 	-0.003010
224 	-512.468693 	-512.798804 	-0.000644
225 	-506.811985 	-506.905673 	-0.000185
226 	-505.318688 	-507.846082 	-0.005002
227 	-505.581406 	-505.665294 	-0.000166
228 	-510.291917 	-510.339659 	-0.000094
229 	-509.557869 	-509.590575 	-0.000064
230 	-511.561041 	-511.563843 	-0.000005
231 	-510.614544 	-510.628884 	-0.000028
232 	-510.314155 	-513.725379 	-0.006685
233 	-513.079130 	-514.476004 	-0.002723
234 	-517.636816 	-517.995652 	-0.000693
235 	-511.965603 	-512.063714 	-0.000192
236 	-512.039792 	-515.666357 	-0.007083
237 	-510.175088 	-510.197667 	-0.000044
238 	-510.649832 	-514.413080 	-0.007370
239 	-509.659926 	-510.286756 	-0.001230
240 	-514.117917 	-514.282118 	-0.000319
241 	-506.333773 	-506.354876 	-0.000042
242 	-506.253825 	-508.648907 	-0.004731
243 	-506.452018 	-507.690590 	-0.002446
244 	-510.850075 	-511.410747 	-0.001098
245 	-506.392568 	-506.498170 	-0.000209
246 	-508.703613 	-510.499275 	-0.003530
247 	-508.744521 	-508.748585 	-0.000008
248 	-506.964524 	-508.850909 	-0.003721
249 	-504.301083 	-504.442065 	-0.000280
250 	-503.389976 	-508.510747 	-0.010173
251 	-500.989954 	-501.047855 	-0.000116
252 	-502.862927 	-505.112985 	-0.004474
253 	-501.216801 	-501.242427 	-0.000051
254 	-502.886226 	-504.877911 	-0.003961
255 	-504.008134 	-504.273913 	-0.000527
256 	-503.757450 	-506.042268 	-0.004536
257 	-502.362688 	-503.051041 	-0.001370
258 	-506.537940 	-506.680190 	-0.000281
259 	-503.495545 	-503.547026 	-0.000102
260 	-504.632016 	-505.114036 	-0.000955
261 	-504.210198 	-504.570647 	-0.000715
262 	-506.014045 	-507.389375 	-0.002718
263 	-505.877837 	-505.900023 	-0.000044
264 	-503.570589 	-504.121802 	-0.001095
265 	-503.585783 	-503.649683 	-0.000127
266 	-504.509987 	-507.216512 	-0.005365
267 	-504.316982 	-504.687998 	-0.000736
268 	-504.496155 	-506.889063 	-0.004743
269 	-503.338206 	-504.191907 	-0.001696
270 	-507.324279 	-507.395909 	-0.000141
271 	-505.489668 	-505.925759 	-0.000863
272 	-508.199582 	-509.162205 	-0.001894
273 	-505.904007 	-506.790864 	-0.001753
274 	-509.456141 	-509.759260 	-0.000595
275 	-507.276733 	-507.739716 	-0.000913
276 	-510.375499 	-510.980576 	-0.001186
277 	-506.486002 	-507.342470 	-0.001691
278 	-510.356666 	-510.401455 	-0.000088
279 	-509.532675 	-510.031092 	-0.000978
280 	-510.629592 	-512.875646 	-0.004399
281 	-508.144724 	-508.381994 	-0.000467
282 	-506.927212 	-509.325716 	-0.004731
283 	-506.825260 	-507.320534 	-0.000977
284 	-505.824342 	-508.074340 	-0.004448
285 	-505.186581 	-505.441370 	-0.000504
286 	-504.860924 	-506.728138 	-0.003698
287 	-505.274445 	-505.380704 	-0.000210
288 	-503.506448 	-505.362623 	-0.003686
289 	-504.524588 	-504.787478 	-0.000521
290 	-504.233717 	-506.023057 	-0.003549
291 	-503.956916 	-504.079513 	-0.000243
292 	-503.623108 	-504.956120 	-0.002647
293 	-502.550125 	-502.813221 	-0.000524
294 	-503.530371 	-504.947794 	-0.002815
295 	-504.041877 	-504.047328 	-0.000011
296 	-503.873180 	-503.889434 	-0.000032
297 	-504.599905 	-504.602749 	-0.000006
298 	-505.480945 	-505.626496 	-0.000288
299 	-503.527208 	-503.547324 	-0.000040
300 	-504.735352 	-504.742483 	-0.000014
301 	-504.973852 	-504.973926 	-0.000000
302 	-505.838353 	-505.848150 	-0.000019
303 	-507.713169 	-508.652710 	-0.001851
304 	-511.253280 	-511.807202 	-0.001083
305 	-505.792134 	-505.856252 	-0.000127
306 	-507.809215 	-509.247798 	-0.002833
307 	-506.930361 	-506.982681 	-0.000103
308 	-505.942221 	-505.974194 	-0.000063
309 	-507.087115 	-508.225922 	-0.002246
310 	-510.560727 	-510.843164 	-0.000553
311 	-505.743511 	-506.184420 	-0.000872
312 	-505.319362 	-508.794043 	-0.006876
313 	-504.040984 	-504.882532 	-0.001670
314 	-507.480048 	-507.653666 	-0.000342
315 	-504.829420 	-504.841914 	-0.000025
316 	-504.882739 	-505.246551 	-0.000721
317 	-504.873092 	-506.064767 	-0.002360
318 	-508.223950 	-509.001835 	-0.001531
319 	-503.621559 	-504.187841 	-0.001124
320 	-506.375336 	-506.860483 	-0.000958
321 	-506.142719 	-506.831259 	-0.001360
322 	-505.843081 	-508.486809 	-0.005226
323 	-502.132600 	-503.206726 	-0.002139
324 	-505.429864 	-505.702828 	-0.000540
325 	-501.820841 	-501.889060 	-0.000136
326 	-500.820126 	-501.679785 	-0.001717
327 	-500.585713 	-500.682535 	-0.000193
328 	-500.896328 	-503.367102 	-0.004933
329 	-498.857792 	-499.318505 	-0.000924
330 	-502.146580 	-502.195065 	-0.000097
331 	-493.832711 	-493.880198 	-0.000096
332 	-493.522124 	-493.557736 	-0.000072
333 	-494.050549 	-494.272915 	-0.000450
334 	-495.251959 	-496.661586 	-0.002846
335 	-491.855167 	-492.464575 	-0.001239
336 	-495.106068 	-495.264506 	-0.000320
337 	-493.486404 	-493.669262 	-0.000371
338 	-494.228023 	-494.841547 	-0.001241
339 	-492.239902 	-493.617647 	-0.002799
340 	-495.451425 	-495.813759 	-0.000731
341 	-491.657402 	-491.971996 	-0.000640
342 	-492.671276 	-493.360618 	-0.001399
343 	-491.895826 	-493.813654 	-0.003899
344 	-495.071006 	-495.680861 	-0.001232
345 	-492.348348 	-492.632701 	-0.000578
346 	-491.198208 	-492.674967 	-0.003006
347 	-490.767659 	-492.466779 	-0.003462
348 	-493.909585 	-494.443005 	-0.001080
349 	-491.618297 	-492.016683 	-0.000810
350 	-491.604978 	-492.362439 	-0.001541
351 	-492.118946 	-493.542249 	-0.002892
352 	-495.221329 	-495.840323 	-0.001250
353 	-494.586112 	-495.037304 	-0.000912
354 	-494.941973 	-496.256964 	-0.002657
355 	-493.982523 	-494.967417 	-0.001994
356 	-497.044813 	-497.146366 	-0.000204
357 	-494.797936 	-494.836524 	-0.000078
358 	-496.175848 	-497.146744 	-0.001957
359 	-494.782426 	-494.789346 	-0.000014
360 	-494.199417 	-494.650657 	-0.000913
361 	-493.724661 	-493.835222 	-0.000224
362 	-492.666791 	-494.924122 	-0.004582
363 	-491.355652 	-491.662600 	-0.000625
364 	-493.773006 	-494.237307 	-0.000940
365 	-493.299530 	-493.862161 	-0.001141
366 	-495.638342 	-496.107943 	-0.000947
367 	-495.988982 	-496.303527 	-0.000634
368 	-496.429798 	-498.267894 	-0.003703
369 	-494.623983 	-495.160164 	-0.001084
370 	-495.547025 	-496.729561 	-0.002386
371 	-495.777667 	-496.091130 	-0.000632
372 	-497.036901 	-498.091238 	-0.002121
373 	-496.072957 	-496.576598 	-0.001015
374 	-497.841369 	-498.576896 	-0.001477
375 	-497.730404 	-498.035919 	-0.000614
376 	-498.331807 	-499.585123 	-0.002515
377 	-499.500722 	-499.968051 	-0.000936
378 	-499.752163 	-501.271289 	-0.003040
379 	-498.834050 	-499.126471 	-0.000586
380 	-499.246233 	-500.545004 	-0.002601
381 	-498.745200 	-499.174319 	-0.000860
382 	-499.097719 	-500.294434 	-0.002398
383 	-498.695044 	-498.970746 	-0.000553
384 	-500.777540 	-501.176580 	-0.000797
385 	-500.015209 	-500.405684 	-0.000781
386 	-499.814555 	-501.430434 	-0.003233
387 	-500.417789 	-500.924954 	-0.001013
388 	-501.238858 	-502.266499 	-0.002050
389 	-501.493173 	-501.845681 	-0.000703
390 	-502.511504 	-502.986120 	-0.000944
391 	-502.469928 	-502.706279 	-0.000470
392 	-503.288145 	-503.585769 	-0.000591
393 	-504.640265 	-504.791291 	-0.000299
394 	-505.334737 	-505.676435 	-0.000676
395 	-505.218678 	-505.308873 	-0.000179
396 	-505.936733 	-506.318229 	-0.000754
397 	-505.419220 	-505.467861 	-0.000096
398 	-504.117758 	-504.362442 	-0.000485
399 	-502.681721 	-502.768840 	-0.000173
400 	-503.001126 	-503.277561 	-0.000550
401 	-503.466935 	-503.473973 	-0.000014
402 	-503.054080 	-503.075972 	-0.000044
403 	-503.678803 	-503.703378 	-0.000049
404 	-505.090961 	-505.095128 	-0.000008
405 	-504.028427 	-504.077453 	-0.000097
406 	-504.185999 	-504.309122 	-0.000244
407 	-504.004490 	-504.082071 	-0.000154
408 	-504.001015 	-504.070927 	-0.000139
409 	-504.726328 	-504.773909 	-0.000094
410 	-505.547931 	-505.634304 	-0.000171
411 	-505.724185 	-505.796051 	-0.000142
412 	-506.635486 	-506.737487 	-0.000201
413 	-507.571218 	-507.668517 	-0.000192
414 	-507.033412 	-507.093473 	-0.000118
415 	-506.977473 	-507.043381 	-0.000130
416 	-506.759676 	-506.791337 	-0.000062
417 	-506.356054 	-506.398747 	-0.000084
418 	-506.352677 	-506.353667 	-0.000002
419 	-507.098506 	-507.124499 	-0.000051
420 	-506.309950 	-506.313911 	-0.000008
421 	-506.744241 	-506.758682 	-0.000028
422 	-506.547552 	-506.584929 	-0.000074
423 	-507.668239 	-507.923954 	-0.000504
424 	-508.100209 	-508.101897 	-0.000003
425 	-508.510728 	-508.526798 	-0.000032
426 	-509.152706 	-509.152706 	0.000000
427 	-509.880848 	-509.885091 	-0.000008
428 	-508.136680 	-508.503961 	-0.000723
429 	-510.632008 	-510.665457 	-0.000066
430 	-508.995851 	-509.061843 	-0.000130
431 	-511.477605 	-511.500558 	-0.000045
432 	-509.682704 	-509.772083 	-0.000175
433 	-512.151409 	-512.152476 	-0.000002
434 	-511.493550 	-511.498389 	-0.000009
435 	-511.696436 	-512.151138 	-0.000889
436 	-512.147811 	-512.150323 	-0.000005
437 	-512.709221 	-512.794764 	-0.000167
438 	-512.258482 	-512.441770 	-0.000358
439 	-514.687579 	-514.709130 	-0.000042
440 	-512.642640 	-512.723150 	-0.000157
441 	-512.832353 	-514.172202 	-0.002613
442 	-512.181042 	-512.253134 	-0.000141
443 	-513.217379 	-514.589759 	-0.002674
444 	-511.733500 	-511.908695 	-0.000342
445 	-512.812958 	-513.731969 	-0.001792
446 	-510.459357 	-510.465109 	-0.000011
447 	-510.271836 	-510.680758 	-0.000801
448 	-510.391891 	-510.566933 	-0.000343
449 	-512.771045 	-512.792143 	-0.000041
450 	-509.914680 	-509.920943 	-0.000012
451 	-510.942289 	-511.972663 	-0.002017
452 	-510.217746 	-510.246011 	-0.000055
453 	-510.026698 	-511.702884 	-0.003286
454 	-510.378412 	-510.644443 	-0.000521
455 	-512.726222 	-512.789042 	-0.000123
456 	-511.739781 	-511.968845 	-0.000448
457 	-512.336372 	-513.173899 	-0.001635
458 	-512.997066 	-513.638081 	-0.001250
459 	-515.318711 	-515.569846 	-0.000487
460 	-513.000524 	-513.359616 	-0.000700
461 	-513.550994 	-514.643722 	-0.002128
462 	-513.912321 	-514.728340 	-0.001588
463 	-516.211932 	-516.248420 	-0.000071
464 	-514.984811 	-515.939313 	-0.001853
465 	-517.167500 	-517.245399 	-0.000151
466 	-515.458458 	-516.497337 	-0.002015
467 	-517.731743 	-517.817504 	-0.000166
468 	-517.074072 	-517.745575 	-0.001299
469 	-517.957250 	-519.005655 	-0.002024
470 	-516.883855 	-517.592801 	-0.001372
471 	-518.947245 	-519.099813 	-0.000294
472 	-517.779662 	-518.421934 	-0.001240
473 	-518.417363 	-519.658644 	-0.002394
474 	-516.679615 	-517.474231 	-0.001538
475 	-518.905932 	-519.020050 	-0.000220
476 	-516.335848 	-516.343749 	-0.000015
477 	-516.992220 	-517.813957 	-0.001589
478 	-516.776702 	-516.799609 	-0.000044
479 	-515.561269 	-516.370588 	-0.001570
480 	-516.288333 	-516.288445 	-0.000000
481 	-516.340169 	-516.349774 	-0.000019
482 	-517.329503 	-517.353693 	-0.000047
483 	-517.451495 	-518.894320 	-0.002788
484 	-518.410788 	-518.491889 	-0.000156
485 	-519.427080 	-520.510554 	-0.002086
486 	-519.881887 	-519.888421 	-0.000013
487 	-519.394521 	-519.498997 	-0.000201
488 	-520.756168 	-520.796042 	-0.000077
489 	-520.918548 	-522.070058 	-0.002211
490 	-520.144327 	-520.144731 	-0.000001
491 	-519.759311 	-519.763224 	-0.000008
492 	-519.375860 	-519.380453 	-0.000009
493 	-519.381018 	-519.383331 	-0.000004
494 	-519.870101 	-519.870747 	-0.000001
495 	-519.474254 	-519.486641 	-0.000024
496 	-519.862106 	-520.625181 	-0.001468
497 	-519.325408 	-519.325408 	-0.000000
498 	-519.619250 	-519.625040 	-0.000011
499 	-519.606510 	-519.969870 	-0.000699
500 	-519.062698 	-519.063450 	-0.000001
501 	-519.477701 	-519.479581 	-0.000004
502 	-519.120135 	-519.120139 	-0.000000
503 	-519.642079 	-519.673785 	-0.000061
504 	-520.456505 	-520.885749 	-0.000825
505 	-519.869629 	-519.957963 	-0.000170
506 	-520.724122 	-521.108461 	-0.000738
507 	-520.692142 	-520.854557 	-0.000312
508 	-521.050308 	-521.352764 	-0.000580
509 	-520.088667 	-520.335260 	-0.000474
510 	-520.502798 	-521.266114 	-0.001466
511 	-520.671489 	-520.827212 	-0.000299
512 	-520.840314 	-521.051579 	-0.000406
513 	-521.287131 	-521.514285 	-0.000436
514 	-521.191936 	-521.303881 	-0.000215
515 	-521.186457 	-521.487487 	-0.000578
516 	-522.140676 	-522.508445 	-0.000704
517 	-521.967143 	-522.174543 	-0.000397
518 	-521.332642 	-521.406519 	-0.000142
519 	-521.691711 	-521.960468 	-0.000515
520 	-520.937108 	-520.966746 	-0.000057
521 	-521.481942 	-521.669836 	-0.000360
522 	-521.564524 	-521.612269 	-0.000092
523 	-521.900064 	-522.138729 	-0.000457
524 	-522.827188 	-522.894474 	-0.000129
525 	-522.167322 	-522.336378 	-0.000324
526 	-522.995035 	-523.082219 	-0.000167
527 	-523.769027 	-523.885099 	-0.000222
528 	-523.915562 	-524.022203 	-0.000204
529 	-523.178459 	-523.254966 	-0.000146
530 	-524.044211 	-524.169283 	-0.000239
531 	-523.341486 	-523.354073 	-0.000024
532 	-523.657272 	-523.661754 	-0.000009
533 	-524.372424 	-524.376666 	-0.000008
534 	-524.521800 	-524.521830 	-0.000000
535 	-524.975472 	-524.975990 	-0.000001
536 	-524.315476 	-524.317327 	-0.000004
537 	-524.155776 	-524.156210 	-0.000001
538 	-524.148510 	-524.148741 	-0.000000
539 	-523.237976 	-523.240538 	-0.000005
540 	-524.222721 	-524.245033 	-0.000043
541 	-523.449177 	-523.449179 	-0.000000
542 	-522.602218 	-522.603447 	-0.000002
543 	-522.820227 	-522.843798 	-0.000045
544 	-522.310935 	-522.450637 	-0.000267
545 	-521.775996 	-524.097998 	-0.004450
546 	-521.537735 	-521.564396 	-0.000051
547 	-521.912421 	-523.076235 	-0.002230
548 	-522.698892 	-522.699556 	-0.000001
549 	-522.970984 	-522.984369 	-0.000026
550 	-523.746348 	-524.717767 	-0.001855
551 	-523.575391 	-523.663068 	-0.000167
552 	-524.512053 	-525.403847 	-0.001700
553 	-523.690998 	-523.844372 	-0.000293
554 	-524.729909 	-525.388339 	-0.001255
555 	-523.850951 	-523.898503 	-0.000091
556 	-524.694301 	-525.452366 	-0.001445
557 	-524.348043 	-524.351878 	-0.000007
558 	-524.448990 	-525.299193 	-0.001621
559 	-524.677064 	-524.683173 	-0.000012
560 	-524.357069 	-524.363856 	-0.000013
561 	-524.683352 	-524.724747 	-0.000079
562 	-524.110762 	-524.756881 	-0.001233
563 	-523.743435 	-523.842762 	-0.000190
564 	-523.323472 	-523.735202 	-0.000787
565 	-523.229323 	-523.401024 	-0.000328
566 	-522.979252 	-523.223827 	-0.000468
567 	-522.273350 	-522.525449 	-0.000483
568 	-522.175246 	-522.642058 	-0.000894
569 	-521.679388 	-522.014962 	-0.000643
570 	-522.032498 	-522.618999 	-0.001123
571 	-520.890342 	-521.121157 	-0.000443
572 	-521.491451 	-521.577976 	-0.000166
573 	-520.643166 	-520.943470 	-0.000577
574 	-521.101886 	-521.218215 	-0.000223
575 	-521.682738 	-521.892390 	-0.000402
576 	-521.450725 	-521.506923 	-0.000108
577 	-521.481661 	-521.748940 	-0.000513
578 	-522.464645 	-522.485141 	-0.000039
579 	-521.850808 	-522.039905 	-0.000362
580 	-522.081036 	-522.116628 	-0.000068
581 	-521.966213 	-522.095816 	-0.000248
582 	-522.427149 	-522.551065 	-0.000237
583 	-521.656920 	-521.742126 	-0.000163
584 	-522.763056 	-522.832921 	-0.000134
585 	-523.100467 	-523.153381 	-0.000101
586 	-522.818393 	-522.823958 	-0.000011
587 	-522.572960 	-522.652093 	-0.000151
588 	-522.469179 	-522.469257 	-0.000000
589 	-523.433060 	-523.483599 	-0.000097
590 	-524.142170 	-525.448098 	-0.002492
591 	-525.910608 	-526.621762 	-0.001352
592 	-523.294688 	-523.699089 	-0.000773
593 	-525.058590 	-525.170267 	-0.000213
594 	-523.274132 	-523.289235 	-0.000029
595 	-523.579875 	-523.829127 	-0.000476
596 	-525.335997 	-525.407534 	-0.000136
597 	-523.740704 	-523.788456 	-0.000091
598 	-523.751773 	-523.764428 	-0.000024
599 	-522.917614 	-523.610630 	-0.001325
600 	-524.663131 	-524.914858 	-0.000480
601 	-523.184725 	-523.332648 	-0.000283
602 	-523.614966 	-523.616975 	-0.000004
603 	-523.941322 	-524.019555 	-0.000149
604 	-525.683597 	-525.730522 	-0.000089
605 	-525.536420 	-525.564504 	-0.000053
606 	-525.579937 	-526.924282 	-0.002558
607 	-526.246597 	-526.360202 	-0.000216
608 	-527.973617 	-528.007398 	-0.000064
609 	-526.736633 	-526.763725 	-0.000051
610 	-526.844820 	-526.988363 	-0.000272
611 	-527.829816 	-528.000945 	-0.000324
612 	-529.542962 	-529.584105 	-0.000078
613 	-527.620774 	-527.628175 	-0.000014
614 	-528.325501 	-528.662370 	-0.000638
615 	-528.595445 	-528.861725 	-0.000504
616 	-530.296224 	-530.403186 	-0.000202
617 	-528.087890 	-528.163437 	-0.000143
618 	-529.783986 	-529.793006 	-0.000017
619 	-528.590101 	-528.591983 	-0.000004
620 	-528.464910 	-528.841508 	-0.000713
621 	-528.516655 	-528.624642 	-0.000204
622 	-530.201154 	-530.225395 	-0.000046
623 	-529.356020 	-529.360979 	-0.000009
624 	-529.352869 	-529.419899 	-0.000127
625 	-529.419367 	-530.964911 	-0.002919
626 	-527.679752 	-527.876937 	-0.000374
627 	-529.357339 	-529.361912 	-0.000009
628 	-526.623398 	-526.623399 	-0.000000
629 	-527.389431 	-527.389717 	-0.000001
630 	-527.683436 	-527.689306 	-0.000011
631 	-527.991931 	-528.261128 	-0.000510
632 	-528.243240 	-528.361263 	-0.000223
633 	-529.804597 	-529.899215 	-0.000179
634 	-528.008840 	-528.218726 	-0.000398
635 	-529.378859 	-529.644938 	-0.000503
636 	-527.311814 	-527.447814 	-0.000258
637 	-527.843940 	-528.895719 	-0.001993
638 	-527.141748 	-527.315811 	-0.000330
639 	-527.485614 	-528.650432 	-0.002208
640 	-527.159124 	-527.374378 	-0.000408
641 	-528.676672 	-528.785627 	-0.000206
642 	-527.786215 	-528.133464 	-0.000658
643 	-528.925961 	-529.353519 	-0.000808
644 	-528.160841 	-528.523098 	-0.000686
645 	-529.356766 	-529.713077 	-0.000673
646 	-529.107168 	-529.394854 	-0.000544
647 	-529.579868 	-530.546867 	-0.001826
648 	-528.034278 	-528.585970 	-0.001045
649 	-529.416022 	-529.618266 	-0.000382
650 	-528.700253 	-529.003481 	-0.000574
651 	-529.771228 	-530.222920 	-0.000853
652 	-528.588486 	-529.099496 	-0.000967
653 	-529.652445 	-530.107798 	-0.000860
654 	-527.597952 	-528.085309 	-0.000924
655 	-527.812264 	-528.996844 	-0.002244
656 	-526.263368 	-526.602793 	-0.000645
657 	-527.779204 	-527.852739 	-0.000139
658 	-527.130384 	-527.517463 	-0.000734
659 	-528.402613 	-528.666973 	-0.000500
660 	-527.832415 	-528.139559 	-0.000582
661 	-529.156909 	-529.381129 	-0.000424
662 	-528.057562 	-528.267458 	-0.000397
663 	-527.941237 	-529.351560 	-0.002671
664 	-528.263766 	-528.501406 	-0.000450
665 	-529.639396 	-529.802670 	-0.000308
666 	-529.133927 	-529.325632 	-0.000362
667 	-529.511062 	-530.352390 	-0.001589
668 	-529.186937 	-529.433811 	-0.000467
669 	-530.316626 	-530.667450 	-0.000662
670 	-529.810855 	-529.984644 	-0.000328
671 	-530.005121 	-530.935633 	-0.001756
672 	-529.180013 	-529.399565 	-0.000415
673 	-529.892803 	-530.454750 	-0.001060
674 	-529.608871 	-529.765379 	-0.000296
675 	-529.923427 	-530.301333 	-0.000713
676 	-529.876370 	-529.984650 	-0.000204
677 	-529.635304 	-530.028076 	-0.000742
678 	-529.802061 	-529.942176 	-0.000264
679 	-529.890114 	-530.173847 	-0.000535
680 	-528.993899 	-529.165200 	-0.000324
681 	-529.603247 	-529.899637 	-0.000560
682 	-529.066340 	-529.191115 	-0.000236
683 	-528.814707 	-529.027216 	-0.000402
684 	-529.107298 	-529.257705 	-0.000284
685 	-528.217851 	-528.441041 	-0.000423
686 	-528.511831 	-528.622416 	-0.000209
687 	-528.452450 	-528.684182 	-0.000439
688 	-528.932001 	-528.972514 	-0.000077
689 	-529.154198 	-529.263709 	-0.000207
690 	-528.996929 	-529.052579 	-0.000105
691 	-529.119655 	-529.237903 	-0.000223
692 	-529.427165 	-529.464750 	-0.000071
693 	-529.987165 	-530.067834 	-0.000152
694 	-530.615457 	-530.665741 	-0.000095
695 	-530.250325 	-530.303011 	-0.000099
696 	-529.721077 	-529.784013 	-0.000119
697 	-529.742897 	-529.775300 	-0.000061
698 	-529.262621 	-529.337735 	-0.000142
699 	-529.920703 	-529.958727 	-0.000072
700 	-530.246270 	-530.277764 	-0.000059
701 	-529.515411 	-529.558636 	-0.000082
702 	-529.727478 	-529.767798 	-0.000076
703 	-529.765548 	-529.792818 	-0.000051
704 	-530.353611 	-530.402532 	-0.000092
705 	-530.421405 	-530.437356 	-0.000030
706 	-529.558685 	-529.615740 	-0.000108
707 	-530.180727 	-530.200147 	-0.000037
