Iter	 Iter_time	 Master	 Subprob	 Full_Test	 argmax	Iter_acc	 Master_acc	 Subprob_acc	 Full_Test_acc	 argmax_acc
1	 0.001255	 0.000918	 0.000226	 0.000000	 0.000056	0.001255	 0.000918	 0.000226	 0.000000	 0.000056
2	 0.003707	 0.003482	 0.000123	 0.000000	 0.000048	0.004962	 0.004400	 0.000349	 0.000000	 0.000104
3	 0.003334	 0.003236	 0.000046	 0.000000	 0.000019	0.008296	 0.007636	 0.000395	 0.000000	 0.000123
4	 0.003714	 0.003613	 0.000053	 0.000000	 0.000018	0.012010	 0.011249	 0.000448	 0.000000	 0.000141
5	 0.004035	 0.003780	 0.000134	 0.000000	 0.000073	0.016045	 0.015029	 0.000582	 0.000000	 0.000214
6	 0.004171	 0.004053	 0.000044	 0.000000	 0.000034	0.020216	 0.019082	 0.000626	 0.000000	 0.000248
7	 0.003776	 0.003650	 0.000069	 0.000000	 0.000023	0.023992	 0.022732	 0.000695	 0.000000	 0.000271
8	 0.003941	 0.003779	 0.000088	 0.000000	 0.000037	0.027933	 0.026511	 0.000783	 0.000000	 0.000308
9	 0.004203	 0.004013	 0.000112	 0.000000	 0.000036	0.032136	 0.030524	 0.000895	 0.000000	 0.000344
10	 0.003604	 0.003381	 0.000093	 0.000000	 0.000088	0.035740	 0.033905	 0.000988	 0.000000	 0.000432
11	 0.004245	 0.004066	 0.000094	 0.000000	 0.000032	0.039985	 0.037971	 0.001082	 0.000000	 0.000464
12	 0.003914	 0.003747	 0.000078	 0.000000	 0.000043	0.043899	 0.041718	 0.001160	 0.000000	 0.000507
13	 0.003535	 0.003396	 0.000068	 0.000000	 0.000034	0.047434	 0.045114	 0.001228	 0.000000	 0.000541
14	 0.004084	 0.003917	 0.000090	 0.000000	 0.000041	0.051518	 0.049031	 0.001318	 0.000000	 0.000582
15	 0.003895	 0.003761	 0.000063	 0.000000	 0.000027	0.055413	 0.052792	 0.001381	 0.000000	 0.000609
16	 0.004038	 0.003900	 0.000072	 0.000000	 0.000028	0.059451	 0.056692	 0.001453	 0.000000	 0.000637
17	 0.004152	 0.003976	 0.000092	 0.000000	 0.000048	0.063603	 0.060668	 0.001545	 0.000000	 0.000685
18	 0.004016	 0.003913	 0.000048	 0.000000	 0.000025	0.067619	 0.064581	 0.001593	 0.000000	 0.000710
19	 0.003871	 0.003718	 0.000078	 0.000000	 0.000041	0.071490	 0.068299	 0.001671	 0.000000	 0.000751
20	 0.004168	 0.004058	 0.000045	 0.000000	 0.000032	0.075658	 0.072357	 0.001716	 0.000000	 0.000783
21	 0.004740	 0.004538	 0.000109	 0.000000	 0.000054	0.080398	 0.076895	 0.001825	 0.000000	 0.000837
22	 0.004050	 0.003933	 0.000048	 0.000000	 0.000032	0.084448	 0.080828	 0.001873	 0.000000	 0.000869
23	 0.004362	 0.004156	 0.000111	 0.000000	 0.000056	0.088810	 0.084984	 0.001984	 0.000000	 0.000925
24	 0.003988	 0.003898	 0.000044	 0.000000	 0.000020	0.092798	 0.088882	 0.002028	 0.000000	 0.000945
25	 0.003893	 0.003691	 0.000104	 0.000000	 0.000059	0.096691	 0.092573	 0.002132	 0.000000	 0.001004
26	 0.004470	 0.004371	 0.000045	 0.000000	 0.000024	0.101161	 0.096944	 0.002177	 0.000000	 0.001028
27	 0.003836	 0.003695	 0.000068	 0.000000	 0.000042	0.104997	 0.100639	 0.002245	 0.000000	 0.001070
28	 0.003927	 0.003783	 0.000070	 0.000000	 0.000038	0.108924	 0.104422	 0.002315	 0.000000	 0.001108
29	 0.004189	 0.004030	 0.000081	 0.000000	 0.000044	0.113113	 0.108452	 0.002396	 0.000000	 0.001152
30	 0.003514	 0.003397	 0.000054	 0.000000	 0.000027	0.116627	 0.111849	 0.002450	 0.000000	 0.001179
31	 0.004971	 0.004663	 0.000156	 0.000000	 0.000076	0.121598	 0.116512	 0.002606	 0.000000	 0.001255
32	 0.004240	 0.004061	 0.000073	 0.000000	 0.000047	0.125838	 0.120573	 0.002679	 0.000000	 0.001302
33	 0.005131	 0.004837	 0.000161	 0.000000	 0.000073	0.130969	 0.125410	 0.002840	 0.000000	 0.001375
34	 0.004683	 0.004487	 0.000097	 0.000000	 0.000047	0.135652	 0.129897	 0.002937	 0.000000	 0.001422
35	 0.003846	 0.003638	 0.000091	 0.000000	 0.000061	0.139498	 0.133535	 0.003028	 0.000000	 0.001483
36	 0.003449	 0.003356	 0.000036	 0.000000	 0.000025	0.142947	 0.136891	 0.003064	 0.000000	 0.001508
37	 0.004062	 0.003914	 0.000065	 0.000000	 0.000048	0.147009	 0.140805	 0.003129	 0.000000	 0.001556
38	 0.003835	 0.003735	 0.000038	 0.000000	 0.000028	0.150844	 0.144540	 0.003167	 0.000000	 0.001584
39	 0.003682	 0.003540	 0.000062	 0.000000	 0.000048	0.154526	 0.148080	 0.003229	 0.000000	 0.001632
40	 0.004220	 0.004090	 0.000073	 0.000000	 0.000027	0.158746	 0.152170	 0.003302	 0.000000	 0.001659
41	 0.003939	 0.003762	 0.000087	 0.000000	 0.000056	0.162685	 0.155932	 0.003389	 0.000000	 0.001715
42	 0.004102	 0.004009	 0.000036	 0.000000	 0.000028	0.166787	 0.159941	 0.003425	 0.000000	 0.001743
43	 0.004012	 0.003842	 0.000084	 0.000000	 0.000050	0.170799	 0.163783	 0.003509	 0.000000	 0.001793
44	 0.004121	 0.004016	 0.000051	 0.000000	 0.000027	0.174920	 0.167799	 0.003560	 0.000000	 0.001820
45	 0.003879	 0.003736	 0.000063	 0.000000	 0.000048	0.178799	 0.171535	 0.003623	 0.000000	 0.001868
46	 0.004169	 0.004079	 0.000032	 0.000000	 0.000026	0.182968	 0.175614	 0.003655	 0.000000	 0.001894
47	 0.004244	 0.004055	 0.000083	 0.000000	 0.000063	0.187212	 0.179669	 0.003738	 0.000000	 0.001957
48	 0.003928	 0.003791	 0.000069	 0.000000	 0.000034	0.191140	 0.183460	 0.003807	 0.000000	 0.001991
49	 0.004326	 0.004152	 0.000081	 0.000000	 0.000059	0.195466	 0.187612	 0.003888	 0.000000	 0.002050
50	 0.003995	 0.003862	 0.000066	 0.000000	 0.000032	0.199461	 0.191474	 0.003954	 0.000000	 0.002082
51	 0.004513	 0.004295	 0.000105	 0.000000	 0.000063	0.203974	 0.195769	 0.004059	 0.000000	 0.002145
52	 0.003985	 0.003887	 0.000040	 0.000000	 0.000030	0.207959	 0.199656	 0.004099	 0.000000	 0.002175
53	 0.003973	 0.003828	 0.000063	 0.000000	 0.000049	0.211932	 0.203484	 0.004162	 0.000000	 0.002224
54	 0.003319	 0.003189	 0.000067	 0.000000	 0.000030	0.215251	 0.206673	 0.004229	 0.000000	 0.002254
55	 0.003244	 0.002956	 0.000146	 0.000000	 0.000086	0.218495	 0.209629	 0.004375	 0.000000	 0.002340
56	 0.003730	 0.003597	 0.000055	 0.000000	 0.000037	0.222225	 0.213226	 0.004430	 0.000000	 0.002377
57	 0.003861	 0.003685	 0.000095	 0.000000	 0.000050	0.226086	 0.216911	 0.004525	 0.000000	 0.002427
58	 0.004258	 0.004171	 0.000032	 0.000000	 0.000027	0.230344	 0.221082	 0.004557	 0.000000	 0.002454
59	 0.003502	 0.003341	 0.000082	 0.000000	 0.000052	0.233846	 0.224423	 0.004639	 0.000000	 0.002506
60	 0.003991	 0.003885	 0.000052	 0.000000	 0.000028	0.237837	 0.228308	 0.004691	 0.000000	 0.002534
61	 0.004245	 0.004073	 0.000077	 0.000000	 0.000053	0.242082	 0.232381	 0.004768	 0.000000	 0.002587
62	 0.004095	 0.003982	 0.000047	 0.000000	 0.000038	0.246177	 0.236363	 0.004815	 0.000000	 0.002625
63	 0.004141	 0.003983	 0.000064	 0.000000	 0.000064	0.250318	 0.240346	 0.004879	 0.000000	 0.002689
64	 0.003649	 0.003565	 0.000031	 0.000000	 0.000026	0.253967	 0.243911	 0.004910	 0.000000	 0.002715
65	 0.003315	 0.003174	 0.000059	 0.000000	 0.000052	0.257282	 0.247085	 0.004969	 0.000000	 0.002767
66	 0.004003	 0.003916	 0.000032	 0.000000	 0.000028	0.261285	 0.251001	 0.005001	 0.000000	 0.002795
67	 0.003557	 0.003418	 0.000057	 0.000000	 0.000051	0.264842	 0.254419	 0.005058	 0.000000	 0.002846
68	 0.003631	 0.003545	 0.000033	 0.000000	 0.000028	0.268473	 0.257964	 0.005091	 0.000000	 0.002874
69	 0.003747	 0.003603	 0.000057	 0.000000	 0.000057	0.272220	 0.261567	 0.005148	 0.000000	 0.002931
70	 0.003178	 0.003091	 0.000031	 0.000000	 0.000028	0.275398	 0.264658	 0.005179	 0.000000	 0.002959
71	 0.003741	 0.003601	 0.000056	 0.000000	 0.000053	0.279139	 0.268259	 0.005235	 0.000000	 0.003012
72	 0.003903	 0.003795	 0.000054	 0.000000	 0.000030	0.283042	 0.272054	 0.005289	 0.000000	 0.003042
73	 0.004168	 0.003975	 0.000079	 0.000000	 0.000084	0.287210	 0.276029	 0.005368	 0.000000	 0.003126
74	 0.003339	 0.003233	 0.000048	 0.000000	 0.000032	0.290549	 0.279262	 0.005416	 0.000000	 0.003158
75	 0.003403	 0.003237	 0.000078	 0.000000	 0.000057	0.293952	 0.282499	 0.005494	 0.000000	 0.003215
76	 0.003542	 0.003449	 0.000034	 0.000000	 0.000032	0.297494	 0.285948	 0.005528	 0.000000	 0.003247
77	 0.003499	 0.003323	 0.000077	 0.000000	 0.000060	0.300993	 0.289271	 0.005605	 0.000000	 0.003307
78	 0.003298	 0.003194	 0.000046	 0.000000	 0.000032	0.304291	 0.292465	 0.005651	 0.000000	 0.003339
79	 0.003448	 0.003285	 0.000073	 0.000000	 0.000061	0.307739	 0.295750	 0.005724	 0.000000	 0.003400
80	 0.004328	 0.004215	 0.000045	 0.000000	 0.000041	0.312067	 0.299965	 0.005769	 0.000000	 0.003441
81	 0.003679	 0.003500	 0.000081	 0.000000	 0.000072	0.315746	 0.303465	 0.005850	 0.000000	 0.003513
82	 0.003672	 0.003566	 0.000050	 0.000000	 0.000030	0.319418	 0.307031	 0.005900	 0.000000	 0.003543
83	 0.003781	 0.003638	 0.000059	 0.000000	 0.000055	0.323199	 0.310669	 0.005959	 0.000000	 0.003598
84	 0.003660	 0.003569	 0.000033	 0.000000	 0.000034	0.326859	 0.314238	 0.005992	 0.000000	 0.003632
85	 0.003362	 0.003213	 0.000058	 0.000000	 0.000060	0.330221	 0.317451	 0.006050	 0.000000	 0.003692
86	 0.003852	 0.003731	 0.000050	 0.000000	 0.000043	0.334073	 0.321182	 0.006100	 0.000000	 0.003735
87	 0.003963	 0.003788	 0.000074	 0.000000	 0.000070	0.338036	 0.324970	 0.006174	 0.000000	 0.003805
88	 0.003217	 0.003107	 0.000049	 0.000000	 0.000034	0.341253	 0.328077	 0.006223	 0.000000	 0.003839
89	 0.003749	 0.003581	 0.000075	 0.000000	 0.000062	0.345002	 0.331658	 0.006298	 0.000000	 0.003901
90	 0.003871	 0.003783	 0.000032	 0.000000	 0.000029	0.348873	 0.335441	 0.006330	 0.000000	 0.003930
91	 0.003625	 0.003476	 0.000058	 0.000000	 0.000061	0.352498	 0.338917	 0.006388	 0.000000	 0.003991
92	 0.004000	 0.003890	 0.000047	 0.000000	 0.000036	0.356498	 0.342807	 0.006435	 0.000000	 0.004027
93	 0.003831	 0.003683	 0.000062	 0.000000	 0.000058	0.360329	 0.346490	 0.006497	 0.000000	 0.004085
94	 0.003844	 0.003739	 0.000047	 0.000000	 0.000034	0.364173	 0.350229	 0.006544	 0.000000	 0.004119
95	 0.003912	 0.003762	 0.000059	 0.000000	 0.000061	0.368085	 0.353991	 0.006603	 0.000000	 0.004180
96	 0.004023	 0.003918	 0.000045	 0.000000	 0.000033	0.372108	 0.357909	 0.006648	 0.000000	 0.004213
97	 0.004025	 0.003856	 0.000072	 0.000000	 0.000065	0.376133	 0.361765	 0.006720	 0.000000	 0.004278
98	 0.003474	 0.003366	 0.000050	 0.000000	 0.000031	0.379607	 0.365131	 0.006770	 0.000000	 0.004309
99	 0.003981	 0.003811	 0.000075	 0.000000	 0.000064	0.383588	 0.368942	 0.006845	 0.000000	 0.004373
100	 0.004107	 0.003999	 0.000045	 0.000000	 0.000035	0.387695	 0.372941	 0.006890	 0.000000	 0.004408
101	 0.004035	 0.003880	 0.000058	 0.000000	 0.000063	0.391730	 0.376821	 0.006948	 0.000000	 0.004471
102	 0.003588	 0.003426	 0.000053	 0.000000	 0.000036	0.395318	 0.380247	 0.007001	 0.000000	 0.004507
103	 0.003657	 0.003459	 0.000081	 0.000000	 0.000075	0.398975	 0.383706	 0.007082	 0.000000	 0.004582
104	 0.003588	 0.003472	 0.000042	 0.000000	 0.000039	0.402563	 0.387178	 0.007124	 0.000000	 0.004621
105	 0.003487	 0.003294	 0.000094	 0.000000	 0.000067	0.406050	 0.390472	 0.007218	 0.000000	 0.004688
106	 0.003544	 0.003440	 0.000046	 0.000000	 0.000032	0.409594	 0.393912	 0.007264	 0.000000	 0.004720
107	 0.003882	 0.003726	 0.000058	 0.000000	 0.000065	0.413476	 0.397638	 0.007322	 0.000000	 0.004785
108	 0.003521	 0.003427	 0.000032	 0.000000	 0.000036	0.416997	 0.401065	 0.007354	 0.000000	 0.004821
109	 0.003598	 0.003427	 0.000075	 0.000000	 0.000070	0.420595	 0.404492	 0.007429	 0.000000	 0.004891
110	 0.003534	 0.003429	 0.000043	 0.000000	 0.000034	0.424129	 0.407921	 0.007472	 0.000000	 0.004925
111	 0.003691	 0.003516	 0.000078	 0.000000	 0.000070	0.427820	 0.411437	 0.007550	 0.000000	 0.004995
112	 0.003479	 0.003368	 0.000047	 0.000000	 0.000036	0.431299	 0.414805	 0.007597	 0.000000	 0.005031
113	 0.003547	 0.003380	 0.000073	 0.000000	 0.000065	0.434846	 0.418185	 0.007670	 0.000000	 0.005096
114	 0.003051	 0.002939	 0.000049	 0.000000	 0.000036	0.437897	 0.421124	 0.007719	 0.000000	 0.005132
115	 0.003782	 0.003612	 0.000070	 0.000000	 0.000069	0.441679	 0.424736	 0.007789	 0.000000	 0.005201
116	 0.004096	 0.003959	 0.000050	 0.000000	 0.000046	0.445775	 0.428695	 0.007839	 0.000000	 0.005247
117	 0.003753	 0.003639	 0.000046	 0.000000	 0.000042	0.449528	 0.432334	 0.007885	 0.000000	 0.005289
118	 0.003727	 0.003547	 0.000076	 0.000000	 0.000075	0.453255	 0.435881	 0.007961	 0.000000	 0.005364
119	 0.003414	 0.003313	 0.000036	 0.000000	 0.000041	0.456669	 0.439194	 0.007997	 0.000000	 0.005405
120	 0.003622	 0.003466	 0.000056	 0.000000	 0.000069	0.460291	 0.442660	 0.008053	 0.000000	 0.005474
121	 0.003327	 0.003228	 0.000033	 0.000000	 0.000038	0.463618	 0.445888	 0.008086	 0.000000	 0.005512
122	 0.003792	 0.003636	 0.000058	 0.000000	 0.000068	0.467410	 0.449524	 0.008144	 0.000000	 0.005580
123	 0.003486	 0.003393	 0.000031	 0.000000	 0.000036	0.470896	 0.452917	 0.008175	 0.000000	 0.005616
124	 0.003426	 0.003241	 0.000078	 0.000000	 0.000067	0.474322	 0.456158	 0.008253	 0.000000	 0.005683
125	 0.003878	 0.003761	 0.000046	 0.000000	 0.000045	0.478200	 0.459919	 0.008299	 0.000000	 0.005728
126	 0.004449	 0.004265	 0.000074	 0.000000	 0.000079	0.482649	 0.464184	 0.008373	 0.000000	 0.005807
127	 0.004103	 0.003993	 0.000046	 0.000000	 0.000037	0.486752	 0.468177	 0.008419	 0.000000	 0.005844
128	 0.004109	 0.003936	 0.000070	 0.000000	 0.000071	0.490861	 0.472113	 0.008489	 0.000000	 0.005915
129	 0.004294	 0.004178	 0.000051	 0.000000	 0.000039	0.495155	 0.476291	 0.008540	 0.000000	 0.005954
130	 0.003966	 0.003787	 0.000075	 0.000000	 0.000073	0.499121	 0.480078	 0.008615	 0.000000	 0.006027
131	 0.003816	 0.003705	 0.000049	 0.000000	 0.000035	0.502937	 0.483783	 0.008664	 0.000000	 0.006062
132	 0.003513	 0.003336	 0.000071	 0.000000	 0.000072	0.506450	 0.487119	 0.008735	 0.000000	 0.006134
133	 0.003978	 0.003866	 0.000047	 0.000000	 0.000039	0.510428	 0.490985	 0.008782	 0.000000	 0.006173
134	 0.004031	 0.003868	 0.000059	 0.000000	 0.000071	0.514459	 0.494853	 0.008841	 0.000000	 0.006244
135	 0.003695	 0.003597	 0.000032	 0.000000	 0.000039	0.518154	 0.498450	 0.008873	 0.000000	 0.006283
136	 0.003763	 0.003600	 0.000059	 0.000000	 0.000073	0.521917	 0.502050	 0.008932	 0.000000	 0.006356
137	 0.004301	 0.004187	 0.000047	 0.000000	 0.000040	0.526218	 0.506237	 0.008979	 0.000000	 0.006396
138	 0.003896	 0.003708	 0.000072	 0.000000	 0.000074	0.530114	 0.509945	 0.009051	 0.000000	 0.006470
139	 0.003884	 0.003771	 0.000051	 0.000000	 0.000037	0.533998	 0.513716	 0.009102	 0.000000	 0.006507
140	 0.004072	 0.003894	 0.000077	 0.000000	 0.000070	0.538070	 0.517610	 0.009179	 0.000000	 0.006577
141	 0.003408	 0.003310	 0.000032	 0.000000	 0.000038	0.541478	 0.520920	 0.009211	 0.000000	 0.006615
142	 0.003946	 0.003768	 0.000076	 0.000000	 0.000070	0.545424	 0.524688	 0.009287	 0.000000	 0.006685
143	 0.003360	 0.003264	 0.000031	 0.000000	 0.000037	0.548784	 0.527952	 0.009318	 0.000000	 0.006722
144	 0.003741	 0.003576	 0.000058	 0.000000	 0.000076	0.552525	 0.531528	 0.009376	 0.000000	 0.006798
145	 0.003410	 0.003298	 0.000046	 0.000000	 0.000039	0.555935	 0.534826	 0.009422	 0.000000	 0.006837
146	 0.003926	 0.003748	 0.000073	 0.000000	 0.000075	0.559861	 0.538574	 0.009495	 0.000000	 0.006912
147	 0.003608	 0.003489	 0.000051	 0.000000	 0.000040	0.563469	 0.542063	 0.009546	 0.000000	 0.006952
148	 0.003758	 0.003574	 0.000076	 0.000000	 0.000078	0.567227	 0.545637	 0.009622	 0.000000	 0.007030
149	 0.004234	 0.004118	 0.000046	 0.000000	 0.000041	0.571461	 0.549755	 0.009668	 0.000000	 0.007071
150	 0.004407	 0.004229	 0.000061	 0.000000	 0.000077	0.575868	 0.553984	 0.009729	 0.000000	 0.007148
151	 0.003977	 0.003857	 0.000052	 0.000000	 0.000039	0.579845	 0.557841	 0.009781	 0.000000	 0.007187
152	 0.003708	 0.003525	 0.000078	 0.000000	 0.000078	0.583553	 0.561366	 0.009859	 0.000000	 0.007265
153	 0.003464	 0.003334	 0.000053	 0.000000	 0.000040	0.587017	 0.564700	 0.009912	 0.000000	 0.007305
154	 0.003884	 0.003758	 0.000048	 0.000000	 0.000041	0.590901	 0.568458	 0.009960	 0.000000	 0.007346
155	 0.003601	 0.003500	 0.000035	 0.000000	 0.000039	0.594502	 0.571958	 0.009995	 0.000000	 0.007385
156	 0.004043	 0.003863	 0.000077	 0.000000	 0.000075	0.598545	 0.575821	 0.010072	 0.000000	 0.007460
157	 0.003536	 0.003440	 0.000032	 0.000000	 0.000039	0.602081	 0.579261	 0.010104	 0.000000	 0.007499
158	 0.003871	 0.003686	 0.000075	 0.000000	 0.000079	0.605952	 0.582947	 0.010179	 0.000000	 0.007578
159	 0.003879	 0.003756	 0.000053	 0.000000	 0.000041	0.609831	 0.586703	 0.010232	 0.000000	 0.007619
160	 0.004010	 0.003827	 0.000077	 0.000000	 0.000075	0.613841	 0.590530	 0.010309	 0.000000	 0.007694
161	 0.003877	 0.003754	 0.000052	 0.000000	 0.000044	0.617718	 0.594284	 0.010361	 0.000000	 0.007738
162	 0.003784	 0.003597	 0.000075	 0.000000	 0.000080	0.621502	 0.597881	 0.010436	 0.000000	 0.007818
163	 0.003892	 0.003791	 0.000033	 0.000000	 0.000042	0.625394	 0.601672	 0.010469	 0.000000	 0.007860
164	 0.003746	 0.003553	 0.000082	 0.000000	 0.000082	0.629140	 0.605225	 0.010551	 0.000000	 0.007942
165	 0.003794	 0.003673	 0.000050	 0.000000	 0.000042	0.632934	 0.608898	 0.010601	 0.000000	 0.007984
166	 0.003548	 0.003366	 0.000060	 0.000000	 0.000081	0.636482	 0.612264	 0.010661	 0.000000	 0.008065
167	 0.003640	 0.003497	 0.000053	 0.000000	 0.000050	0.640122	 0.615761	 0.010714	 0.000000	 0.008115
168	 0.004050	 0.003927	 0.000049	 0.000000	 0.000047	0.644172	 0.619688	 0.010763	 0.000000	 0.008162
169	 0.003841	 0.003640	 0.000078	 0.000000	 0.000092	0.648013	 0.623328	 0.010841	 0.000000	 0.008254
170	 0.003899	 0.003775	 0.000049	 0.000000	 0.000050	0.651912	 0.627103	 0.010890	 0.000000	 0.008304
171	 0.004575	 0.004393	 0.000059	 0.000000	 0.000080	0.656487	 0.631496	 0.010949	 0.000000	 0.008384
172	 0.003934	 0.003822	 0.000047	 0.000000	 0.000039	0.660421	 0.635318	 0.010996	 0.000000	 0.008423
173	 0.003974	 0.003802	 0.000059	 0.000000	 0.000081	0.664395	 0.639120	 0.011055	 0.000000	 0.008504
174	 0.003915	 0.003800	 0.000046	 0.000000	 0.000042	0.668310	 0.642920	 0.011101	 0.000000	 0.008546
175	 0.003918	 0.003728	 0.000074	 0.000000	 0.000083	0.672228	 0.646648	 0.011175	 0.000000	 0.008629
176	 0.003961	 0.003861	 0.000032	 0.000000	 0.000041	0.676189	 0.650509	 0.011207	 0.000000	 0.008670
177	 0.003838	 0.003661	 0.000055	 0.000000	 0.000079	0.680027	 0.654170	 0.011262	 0.000000	 0.008749
178	 0.003572	 0.003454	 0.000048	 0.000000	 0.000044	0.683599	 0.657624	 0.011310	 0.000000	 0.008793
179	 0.003506	 0.003331	 0.000061	 0.000000	 0.000083	0.687105	 0.660955	 0.011371	 0.000000	 0.008876
180	 0.003401	 0.003283	 0.000045	 0.000000	 0.000043	0.690506	 0.664238	 0.011416	 0.000000	 0.008919
181	 0.004418	 0.004230	 0.000071	 0.000000	 0.000082	0.694924	 0.668468	 0.011487	 0.000000	 0.009001
182	 0.004352	 0.004250	 0.000033	 0.000000	 0.000043	0.699276	 0.672718	 0.011520	 0.000000	 0.009044
183	 0.004154	 0.003977	 0.000058	 0.000000	 0.000082	0.703430	 0.676695	 0.011578	 0.000000	 0.009126
184	 0.004665	 0.004558	 0.000032	 0.000000	 0.000044	0.708095	 0.681253	 0.011610	 0.000000	 0.009170
185	 0.004281	 0.004083	 0.000082	 0.000000	 0.000088	0.712376	 0.685336	 0.011692	 0.000000	 0.009258
186	 0.004417	 0.004312	 0.000033	 0.000000	 0.000045	0.716793	 0.689648	 0.011725	 0.000000	 0.009303
187	 0.003890	 0.003678	 0.000082	 0.000000	 0.000088	0.720683	 0.693326	 0.011807	 0.000000	 0.009391
188	 0.004023	 0.003882	 0.000055	 0.000000	 0.000054	0.724706	 0.697208	 0.011862	 0.000000	 0.009445
189	 0.004623	 0.004434	 0.000064	 0.000000	 0.000097	0.729329	 0.701642	 0.011926	 0.000000	 0.009542
190	 0.004649	 0.004545	 0.000032	 0.000000	 0.000044	0.733978	 0.706187	 0.011958	 0.000000	 0.009586
191	 0.004402	 0.004227	 0.000057	 0.000000	 0.000085	0.738380	 0.710414	 0.012015	 0.000000	 0.009671
192	 0.003706	 0.003608	 0.000032	 0.000000	 0.000041	0.742086	 0.714022	 0.012047	 0.000000	 0.009712
193	 0.003954	 0.003786	 0.000057	 0.000000	 0.000081	0.746040	 0.717808	 0.012104	 0.000000	 0.009793
194	 0.004388	 0.004284	 0.000031	 0.000000	 0.000045	0.750428	 0.722092	 0.012135	 0.000000	 0.009838
195	 0.003681	 0.003506	 0.000058	 0.000000	 0.000088	0.754109	 0.725598	 0.012193	 0.000000	 0.009926
196	 0.003829	 0.003696	 0.000053	 0.000000	 0.000052	0.757938	 0.729294	 0.012246	 0.000000	 0.009978
197	 0.003745	 0.003542	 0.000074	 0.000000	 0.000098	0.761683	 0.732836	 0.012320	 0.000000	 0.010076
198	 0.003436	 0.003327	 0.000033	 0.000000	 0.000051	0.765119	 0.736163	 0.012353	 0.000000	 0.010127
199	 0.003993	 0.003790	 0.000078	 0.000000	 0.000095	0.769112	 0.739953	 0.012431	 0.000000	 0.010222
200	 0.004846	 0.004738	 0.000033	 0.000000	 0.000045	0.773958	 0.744691	 0.012464	 0.000000	 0.010267
201	 0.004059	 0.003884	 0.000055	 0.000000	 0.000089	0.778017	 0.748575	 0.012519	 0.000000	 0.010356
202	 0.004006	 0.003879	 0.000032	 0.000000	 0.000046	0.782023	 0.752454	 0.012551	 0.000000	 0.010402
203	 0.004029	 0.003847	 0.000059	 0.000000	 0.000089	0.786052	 0.756301	 0.012610	 0.000000	 0.010491
204	 0.003841	 0.003720	 0.000051	 0.000000	 0.000042	0.789893	 0.760021	 0.012661	 0.000000	 0.010533
205	 0.004303	 0.004111	 0.000061	 0.000000	 0.000088	0.794196	 0.764132	 0.012722	 0.000000	 0.010621
206	 0.003865	 0.003738	 0.000053	 0.000000	 0.000048	0.798061	 0.767870	 0.012775	 0.000000	 0.010669
207	 0.004081	 0.003886	 0.000074	 0.000000	 0.000090	0.802142	 0.771756	 0.012849	 0.000000	 0.010759
208	 0.003988	 0.003872	 0.000046	 0.000000	 0.000046	0.806130	 0.775628	 0.012895	 0.000000	 0.010805
209	 0.003709	 0.003513	 0.000071	 0.000000	 0.000090	0.809839	 0.779141	 0.012966	 0.000000	 0.010895
210	 0.004403	 0.004268	 0.000051	 0.000000	 0.000055	0.814242	 0.783409	 0.013017	 0.000000	 0.010950
211	 0.004318	 0.004097	 0.000078	 0.000000	 0.000099	0.818560	 0.787506	 0.013095	 0.000000	 0.011049
212	 0.003661	 0.003554	 0.000032	 0.000000	 0.000047	0.822221	 0.791060	 0.013127	 0.000000	 0.011096
213	 0.004452	 0.004247	 0.000080	 0.000000	 0.000091	0.826673	 0.795307	 0.013207	 0.000000	 0.011187
214	 0.004126	 0.003999	 0.000052	 0.000000	 0.000048	0.830799	 0.799306	 0.013259	 0.000000	 0.011235
215	 0.003750	 0.003563	 0.000062	 0.000000	 0.000094	0.834549	 0.802869	 0.013321	 0.000000	 0.011329
216	 0.003775	 0.003647	 0.000054	 0.000000	 0.000046	0.838324	 0.806516	 0.013375	 0.000000	 0.011375
217	 0.004064	 0.003873	 0.000071	 0.000000	 0.000088	0.842388	 0.810389	 0.013446	 0.000000	 0.011463
218	 0.004119	 0.003996	 0.000050	 0.000000	 0.000048	0.846507	 0.814385	 0.013496	 0.000000	 0.011511
219	 0.005196	 0.004996	 0.000072	 0.000000	 0.000093	0.851703	 0.819381	 0.013568	 0.000000	 0.011604
220	 0.004118	 0.004010	 0.000033	 0.000000	 0.000044	0.855821	 0.823391	 0.013601	 0.000000	 0.011648
221	 0.004141	 0.003956	 0.000060	 0.000000	 0.000097	0.859962	 0.827347	 0.013661	 0.000000	 0.011745
222	 0.004403	 0.004274	 0.000054	 0.000000	 0.000047	0.864365	 0.831621	 0.013715	 0.000000	 0.011792
223	 0.004250	 0.004049	 0.000077	 0.000000	 0.000092	0.868615	 0.835670	 0.013792	 0.000000	 0.011884
224	 0.003865	 0.003746	 0.000031	 0.000000	 0.000058	0.872480	 0.839416	 0.013823	 0.000000	 0.011942
225	 0.004166	 0.003971	 0.000059	 0.000000	 0.000103	0.876646	 0.843387	 0.013882	 0.000000	 0.012045
226	 0.003727	 0.003624	 0.000031	 0.000000	 0.000043	0.880373	 0.847011	 0.013913	 0.000000	 0.012088
227	 0.004105	 0.003923	 0.000057	 0.000000	 0.000094	0.884478	 0.850934	 0.013970	 0.000000	 0.012182
228	 0.004035	 0.003918	 0.000047	 0.000000	 0.000045	0.888513	 0.854852	 0.014017	 0.000000	 0.012227
229	 0.003791	 0.003605	 0.000059	 0.000000	 0.000093	0.892304	 0.858457	 0.014076	 0.000000	 0.012320
230	 0.004237	 0.004129	 0.000032	 0.000000	 0.000047	0.896541	 0.862586	 0.014108	 0.000000	 0.012367
231	 0.003804	 0.003604	 0.000076	 0.000000	 0.000092	0.900345	 0.866190	 0.014184	 0.000000	 0.012459
232	 0.003582	 0.003465	 0.000032	 0.000000	 0.000057	0.903927	 0.869655	 0.014216	 0.000000	 0.012516
233	 0.004024	 0.003811	 0.000076	 0.000000	 0.000105	0.907951	 0.873466	 0.014292	 0.000000	 0.012621
234	 0.003573	 0.003452	 0.000047	 0.000000	 0.000045	0.911524	 0.876918	 0.014339	 0.000000	 0.012666
235	 0.003291	 0.003103	 0.000060	 0.000000	 0.000097	0.914815	 0.880021	 0.014399	 0.000000	 0.012763
236	 0.004463	 0.004353	 0.000031	 0.000000	 0.000049	0.919278	 0.884374	 0.014430	 0.000000	 0.012812
237	 0.004237	 0.004037	 0.000058	 0.000000	 0.000098	0.923515	 0.888411	 0.014488	 0.000000	 0.012910
238	 0.003894	 0.003766	 0.000047	 0.000000	 0.000051	0.927409	 0.892177	 0.014535	 0.000000	 0.012961
239	 0.004219	 0.004021	 0.000071	 0.000000	 0.000093	0.931628	 0.896198	 0.014606	 0.000000	 0.013054
240	 0.003855	 0.003740	 0.000033	 0.000000	 0.000051	0.935483	 0.899938	 0.014639	 0.000000	 0.013105
241	 0.003892	 0.003683	 0.000084	 0.000000	 0.000096	0.939375	 0.903621	 0.014723	 0.000000	 0.013201
242	 0.003800	 0.003666	 0.000053	 0.000000	 0.000050	0.943175	 0.907287	 0.014776	 0.000000	 0.013251
243	 0.004650	 0.004467	 0.000060	 0.000000	 0.000095	0.947825	 0.911754	 0.014836	 0.000000	 0.013346
244	 0.003668	 0.003550	 0.000046	 0.000000	 0.000045	0.951493	 0.915304	 0.014882	 0.000000	 0.013391
245	 0.004432	 0.004229	 0.000071	 0.000000	 0.000097	0.955925	 0.919533	 0.014953	 0.000000	 0.013488
246	 0.003525	 0.003402	 0.000047	 0.000000	 0.000049	0.959450	 0.922935	 0.015000	 0.000000	 0.013537
247	 0.004184	 0.003972	 0.000077	 0.000000	 0.000101	0.963634	 0.926907	 0.015077	 0.000000	 0.013638
248	 0.003509	 0.003387	 0.000046	 0.000000	 0.000047	0.967143	 0.930294	 0.015123	 0.000000	 0.013685
249	 0.004063	 0.003851	 0.000079	 0.000000	 0.000100	0.971206	 0.934145	 0.015202	 0.000000	 0.013785
250	 0.003493	 0.003349	 0.000054	 0.000000	 0.000048	0.974699	 0.937494	 0.015256	 0.000000	 0.013833
251	 0.004076	 0.003951	 0.000034	 0.000000	 0.000050	0.978775	 0.941445	 0.015290	 0.000000	 0.013883
252	 0.003729	 0.003598	 0.000051	 0.000000	 0.000052	0.982504	 0.945043	 0.015341	 0.000000	 0.013935
253	 0.003816	 0.003612	 0.000078	 0.000000	 0.000098	0.986320	 0.948655	 0.015419	 0.000000	 0.014033
254	 0.004118	 0.003988	 0.000046	 0.000000	 0.000046	0.990438	 0.952643	 0.015465	 0.000000	 0.014079
255	 0.004450	 0.004337	 0.000035	 0.000000	 0.000049	0.994888	 0.956980	 0.015500	 0.000000	 0.014128
256	 0.004381	 0.004170	 0.000078	 0.000000	 0.000101	0.999269	 0.961150	 0.015578	 0.000000	 0.014229
257	 0.003968	 0.003826	 0.000049	 0.000000	 0.000051	1.003237	 0.964976	 0.015627	 0.000000	 0.014280
258	 0.003858	 0.003728	 0.000044	 0.000000	 0.000056	1.007095	 0.968704	 0.015671	 0.000000	 0.014336
259	 0.003791	 0.003575	 0.000074	 0.000000	 0.000108	1.010886	 0.972279	 0.015745	 0.000000	 0.014444
260	 0.004315	 0.004170	 0.000049	 0.000000	 0.000067	1.015201	 0.976449	 0.015794	 0.000000	 0.014511
261	 0.004171	 0.003944	 0.000075	 0.000000	 0.000122	1.019372	 0.980393	 0.015869	 0.000000	 0.014633
262	 0.004048	 0.003910	 0.000047	 0.000000	 0.000064	1.023420	 0.984303	 0.015916	 0.000000	 0.014697
263	 0.004184	 0.003955	 0.000075	 0.000000	 0.000122	1.027604	 0.988258	 0.015991	 0.000000	 0.014819
264	 0.003756	 0.003617	 0.000034	 0.000000	 0.000063	1.031360	 0.991875	 0.016025	 0.000000	 0.014882
265	 0.003746	 0.003625	 0.000033	 0.000000	 0.000063	1.035106	 0.995500	 0.016058	 0.000000	 0.014945
266	 0.004163	 0.003952	 0.000057	 0.000000	 0.000119	1.039269	 0.999452	 0.016115	 0.000000	 0.015064
267	 0.004112	 0.003987	 0.000033	 0.000000	 0.000065	1.043381	 1.003439	 0.016148	 0.000000	 0.015129
268	 0.004639	 0.004131	 0.000060	 0.000294	 0.000120	1.048020	 1.007570	 0.016208	 0.000294	 0.015249
269	 0.004092	 0.003692	 0.000050	 0.000258	 0.000059	1.052112	 1.011262	 0.016258	 0.000552	 0.015308
270	 0.003984	 0.003448	 0.000089	 0.000288	 0.000120	1.056096	 1.014710	 0.016347	 0.000840	 0.015428
271	 0.004135	 0.003697	 0.000054	 0.000289	 0.000060	1.060231	 1.018407	 0.016401	 0.001129	 0.015488
272	 0.004840	 0.004189	 0.000062	 0.000439	 0.000114	1.065071	 1.022596	 0.016463	 0.001568	 0.015602
273	 0.004916	 0.004294	 0.000046	 0.000490	 0.000052	1.069987	 1.026890	 0.016509	 0.002058	 0.015654
274	 0.004737	 0.004222	 0.000059	 0.000297	 0.000120	1.074724	 1.031112	 0.016568	 0.002355	 0.015774
275	 0.004751	 0.004189	 0.000056	 0.000400	 0.000060	1.079475	 1.035301	 0.016624	 0.002755	 0.015834
276	 0.004295	 0.003688	 0.000084	 0.000337	 0.000138	1.083770	 1.038989	 0.016708	 0.003092	 0.015972
277	 0.004209	 0.003800	 0.000048	 0.000265	 0.000063	1.087979	 1.042789	 0.016756	 0.003357	 0.016035
278	 0.004090	 0.003871	 0.000075	 0.000265	 0.000113	1.092069	 1.046660	 0.016831	 0.003357	 0.016148
279	 0.004285	 0.003882	 0.000033	 0.000272	 0.000064	1.096354	 1.050542	 0.016864	 0.003629	 0.016212
280	 0.004716	 0.004151	 0.000088	 0.000307	 0.000127	1.101070	 1.054693	 0.016952	 0.003936	 0.016339
281	 0.003810	 0.003196	 0.000052	 0.000464	 0.000063	1.104880	 1.057889	 0.017004	 0.004400	 0.016402
282	 0.004377	 0.003775	 0.000065	 0.000372	 0.000123	1.109257	 1.061664	 0.017069	 0.004772	 0.016525
283	 0.004430	 0.003814	 0.000052	 0.000466	 0.000061	1.113687	 1.065478	 0.017121	 0.005238	 0.016586
284	 0.004685	 0.004118	 0.000089	 0.000312	 0.000124	1.118372	 1.069596	 0.017210	 0.005550	 0.016710
285	 0.004299	 0.003773	 0.000050	 0.000385	 0.000056	1.122671	 1.073369	 0.017260	 0.005935	 0.016766
286	 0.004683	 0.003983	 0.000064	 0.000477	 0.000119	1.127354	 1.077352	 0.017324	 0.006412	 0.016885
287	 0.004174	 0.003659	 0.000037	 0.000380	 0.000061	1.131528	 1.081011	 0.017361	 0.006792	 0.016946
288	 0.004054	 0.003499	 0.000063	 0.000329	 0.000113	1.135582	 1.084510	 0.017424	 0.007121	 0.017059
289	 0.004020	 0.003578	 0.000059	 0.000293	 0.000055	1.139602	 1.088088	 0.017483	 0.007414	 0.017114
290	 0.004942	 0.004181	 0.000070	 0.000535	 0.000109	1.144544	 1.092269	 0.017553	 0.007949	 0.017223
291	 0.004669	 0.003940	 0.000051	 0.000586	 0.000056	1.149213	 1.096209	 0.017604	 0.008535	 0.017279
292	 0.005054	 0.004504	 0.000083	 0.000304	 0.000123	1.154267	 1.100713	 0.017687	 0.008839	 0.017402
293	 0.003931	 0.003206	 0.000035	 0.000594	 0.000058	1.158198	 1.103919	 0.017722	 0.009433	 0.017460
294	 0.004663	 0.004121	 0.000067	 0.000309	 0.000122	1.162861	 1.108040	 0.017789	 0.009742	 0.017582
295	 0.004809	 0.003802	 0.000033	 0.000881	 0.000057	1.167670	 1.111842	 0.017822	 0.010623	 0.017639
296	 0.004564	 0.003653	 0.000058	 0.000705	 0.000107	1.172234	 1.115495	 0.017880	 0.011328	 0.017746
297	 0.003754	 0.003296	 0.000064	 0.000303	 0.000057	1.175988	 1.118791	 0.017944	 0.011631	 0.017803
298	 0.004632	 0.003900	 0.000084	 0.000496	 0.000110	1.180620	 1.122691	 0.018028	 0.012127	 0.017913
299	 0.004232	 0.003790	 0.000036	 0.000309	 0.000064	1.184852	 1.126481	 0.018064	 0.012436	 0.017977
300	 0.004731	 0.004074	 0.000083	 0.000414	 0.000122	1.189583	 1.130555	 0.018147	 0.012850	 0.018099
301	 0.004665	 0.003841	 0.000044	 0.000696	 0.000052	1.194248	 1.134396	 0.018191	 0.013546	 0.018151
302	 0.004726	 0.003486	 0.000074	 0.000991	 0.000106	1.198974	 1.137882	 0.018265	 0.014537	 0.018257
303	 0.004051	 0.003596	 0.000053	 0.000312	 0.000056	1.203025	 1.141478	 0.018318	 0.014849	 0.018313
304	 0.004199	 0.003540	 0.000077	 0.000417	 0.000122	1.207224	 1.145018	 0.018395	 0.015266	 0.018435
305	 0.004669	 0.003914	 0.000045	 0.000628	 0.000050	1.211893	 1.148932	 0.018440	 0.015894	 0.018485
306	 0.004379	 0.003725	 0.000073	 0.000422	 0.000113	1.216272	 1.152657	 0.018513	 0.016316	 0.018598
307	 0.005106	 0.004354	 0.000030	 0.000637	 0.000050	1.221378	 1.157011	 0.018543	 0.016953	 0.018648
308	 0.004550	 0.003238	 0.000054	 0.001114	 0.000108	1.225928	 1.160249	 0.018597	 0.018067	 0.018756
309	 0.005268	 0.004014	 0.000046	 0.001111	 0.000064	1.231196	 1.164263	 0.018643	 0.019178	 0.018820
310	 0.005189	 0.003752	 0.000071	 0.001210	 0.000120	1.236385	 1.168015	 0.018714	 0.020388	 0.018940
311	 0.004524	 0.003834	 0.000053	 0.000534	 0.000057	1.240909	 1.171849	 0.018767	 0.020922	 0.018997
312	 0.004204	 0.003549	 0.000061	 0.000433	 0.000121	1.245113	 1.175398	 0.018828	 0.021355	 0.019118
313	 0.005558	 0.003873	 0.000053	 0.001548	 0.000054	1.250671	 1.179271	 0.018881	 0.022903	 0.019172
314	 0.005318	 0.004454	 0.000073	 0.000644	 0.000111	1.255989	 1.183725	 0.018954	 0.023547	 0.019283
315	 0.005079	 0.003800	 0.000046	 0.001149	 0.000052	1.261068	 1.187525	 0.019000	 0.024696	 0.019335
316	 0.004220	 0.003653	 0.000085	 0.000318	 0.000116	1.265288	 1.191178	 0.019085	 0.025014	 0.019451
317	 0.004398	 0.003597	 0.000048	 0.000664	 0.000057	1.269686	 1.194775	 0.019133	 0.025678	 0.019508
318	 0.004591	 0.003814	 0.000071	 0.000560	 0.000108	1.274277	 1.198589	 0.019204	 0.026238	 0.019616
319	 0.004690	 0.003812	 0.000043	 0.000751	 0.000054	1.278967	 1.202401	 0.019247	 0.026989	 0.019670
320	 0.006280	 0.003748	 0.000078	 0.002309	 0.000110	1.285247	 1.206149	 0.019325	 0.029298	 0.019780
321	 0.004857	 0.004058	 0.000034	 0.000678	 0.000057	1.290104	 1.210207	 0.019359	 0.029976	 0.019837
322	 0.004875	 0.003876	 0.000081	 0.000765	 0.000114	1.294979	 1.214083	 0.019440	 0.030741	 0.019951
323	 0.005328	 0.003886	 0.000055	 0.001299	 0.000055	1.300307	 1.217969	 0.019495	 0.032040	 0.020006
324	 0.007458	 0.003836	 0.000061	 0.003407	 0.000112	1.307765	 1.221805	 0.019556	 0.035447	 0.020118
325	 0.004779	 0.003652	 0.000035	 0.000991	 0.000069	1.312544	 1.225457	 0.019591	 0.036438	 0.020187
326	 0.006021	 0.004084	 0.000059	 0.001720	 0.000121	1.318565	 1.229541	 0.019650	 0.038158	 0.020308
327	 0.006761	 0.003809	 0.000033	 0.002825	 0.000059	1.325326	 1.233350	 0.019683	 0.040983	 0.020367
328	 0.006057	 0.004127	 0.000058	 0.001726	 0.000111	1.331383	 1.237477	 0.019741	 0.042709	 0.020478
329	 0.006246	 0.003976	 0.000056	 0.002121	 0.000061	1.337629	 1.241453	 0.019797	 0.044830	 0.020539
330	 0.005056	 0.003600	 0.000074	 0.001225	 0.000118	1.342685	 1.245053	 0.019871	 0.046055	 0.020657
331	 0.007856	 0.003830	 0.000055	 0.003868	 0.000067	1.350541	 1.248883	 0.019926	 0.049923	 0.020724
332	 0.008383	 0.004162	 0.000079	 0.003977	 0.000124	1.358924	 1.253045	 0.020005	 0.053900	 0.020848
