119.143587
156.750322

119.259320
158.909942

119.250973
163.493725

119.311856
166.109150

113.833406
152.625337

107.614960
170.797828

114.377312
165.997506

119.503133
156.459915

113.921843
166.846512

119.275165
158.907346

119.293424
151.022408

112.976983
167.861473

114.004587
165.699232

119.257403
144.061789

119.161446
158.475783

119.169158
165.677674

119.058537
171.173979

119.143587
156.750322

124.787235
161.024963

106.943760
164.049801

124.799249
166.575377

119.371797
164.996812

119.368815
166.300262

124.633376
160.756876

119.244979
157.550977

119.194156
166.045597

115.580583
163.590578

108.786451
163.182313

116.185742
156.518361

122.068857
164.253179

