Problem:                                baa99_m
First Stage Rows:                       1
First Stage Columns:                    2
First Stage Non-zeros:                  0
Replication No. 0
Status:                                 REPLICATION SOLUTION
Total Objective Function Upper Bound:   
Total Objective Function Lower Bound:   -284.147908

First Stage Solutions:
   No.   Row name   Activity      Lower bound   Upper bound   Dual          Dual STDEV
------ ------------ ------------- ------------- ------------- ------------- -------------
     0 obj           0.000000e+00 

   No. Column name  Activity      Lower bound   Upper bound   Reduced Cost  RC STDEV
------ ------------ ------------- ------------- ------------- ------------- -------------
     1 x1            1.137461e+02  0.000000e+00  2.170000e+02  0.000000e+00 
     2 x2            1.622971e+02  0.000000e+00  2.170000e+02  0.000000e+00 


Problem:                                baa99_m
First Stage Rows:                       1
First Stage Columns:                    2
First Stage Non-zeros:                  0
Replication No. 1
Status:                                 REPLICATION SOLUTION
Total Objective Function Upper Bound:   
Total Objective Function Lower Bound:   -310.844833

First Stage Solutions:
   No.   Row name   Activity      Lower bound   Upper bound   Dual          Dual STDEV
------ ------------ ------------- ------------- ------------- ------------- -------------
     0 obj           4.000000e+00 

   No. Column name  Activity      Lower bound   Upper bound   Reduced Cost  RC STDEV
------ ------------ ------------- ------------- ------------- ------------- -------------
     1 x1            1.140304e+02  0.000000e+00  2.170000e+02  0.000000e+00 
     2 x2            1.654616e+02  0.000000e+00  2.170000e+02  0.000000e+00 


Problem:                                baa99_m
First Stage Rows:                       1
First Stage Columns:                    2
First Stage Non-zeros:                  0
Replication No. 2
Status:                                 REPLICATION SOLUTION
Total Objective Function Upper Bound:   
Total Objective Function Lower Bound:   -280.869360

First Stage Solutions:
   No.   Row name   Activity      Lower bound   Upper bound   Dual          Dual STDEV
------ ------------ ------------- ------------- ------------- ------------- -------------
     0 obj           0.000000e+00 

   No. Column name  Activity      Lower bound   Upper bound   Reduced Cost  RC STDEV
------ ------------ ------------- ------------- ------------- ------------- -------------
     1 x1            1.192660e+02  0.000000e+00  2.170000e+02  0.000000e+00 
     2 x2            1.641212e+02  0.000000e+00  2.170000e+02  0.000000e+00 


Problem:                                baa99_m
First Stage Rows:                       1
First Stage Columns:                    2
First Stage Non-zeros:                  0
Replication No. 3
Status:                                 REPLICATION SOLUTION
Total Objective Function Upper Bound:   
Total Objective Function Lower Bound:   -271.379002

First Stage Solutions:
   No.   Row name   Activity      Lower bound   Upper bound   Dual          Dual STDEV
------ ------------ ------------- ------------- ------------- ------------- -------------
     0 obj           0.000000e+00 

   No. Column name  Activity      Lower bound   Upper bound   Reduced Cost  RC STDEV
------ ------------ ------------- ------------- ------------- ------------- -------------
     1 x1            1.088267e+02  0.000000e+00  2.170000e+02  0.000000e+00 
     2 x2            1.737905e+02  0.000000e+00  2.170000e+02  0.000000e+00 


Problem:                                baa99_m
First Stage Rows:                       1
First Stage Columns:                    2
First Stage Non-zeros:                  0
Replication No. 4
Status:                                 REPLICATION SOLUTION
Total Objective Function Upper Bound:   
Total Objective Function Lower Bound:   -306.879482

First Stage Solutions:
   No.   Row name   Activity      Lower bound   Upper bound   Dual          Dual STDEV
------ ------------ ------------- ------------- ------------- ------------- -------------
     0 obj           0.000000e+00 

   No. Column name  Activity      Lower bound   Upper bound   Reduced Cost  RC STDEV
------ ------------ ------------- ------------- ------------- ------------- -------------
     1 x1            1.139659e+02  0.000000e+00  2.170000e+02  0.000000e+00 
     2 x2            1.571512e+02  0.000000e+00  2.170000e+02  0.000000e+00 


Problem:                                baa99_m
First Stage Rows:                       1
First Stage Columns:                    2
First Stage Non-zeros:                  0
Replication No. 5
Status:                                 REPLICATION SOLUTION
Total Objective Function Upper Bound:   
Total Objective Function Lower Bound:   -281.312190

First Stage Solutions:
   No.   Row name   Activity      Lower bound   Upper bound   Dual          Dual STDEV
------ ------------ ------------- ------------- ------------- ------------- -------------
     0 obj          3.111086e+231 

   No. Column name  Activity      Lower bound   Upper bound   Reduced Cost  RC STDEV
------ ------------ ------------- ------------- ------------- ------------- -------------
     1 x1            1.037208e+02  0.000000e+00  2.170000e+02  0.000000e+00 
     2 x2            1.756476e+02  0.000000e+00  2.170000e+02  0.000000e+00 


Problem:                                baa99_m
First Stage Rows:                       1
First Stage Columns:                    2
First Stage Non-zeros:                  0
Replication No. 6
Status:                                 REPLICATION SOLUTION
Total Objective Function Upper Bound:   
Total Objective Function Lower Bound:   -305.886084

First Stage Solutions:
   No.   Row name   Activity      Lower bound   Upper bound   Dual          Dual STDEV
------ ------------ ------------- ------------- ------------- ------------- -------------
     0 obj          3.111086e+231 

   No. Column name  Activity      Lower bound   Upper bound   Reduced Cost  RC STDEV
------ ------------ ------------- ------------- ------------- ------------- -------------
     1 x1            1.140145e+02  0.000000e+00  2.170000e+02  0.000000e+00 
     2 x2            1.669795e+02  0.000000e+00  2.170000e+02  0.000000e+00 


Problem:                                baa99_m
First Stage Rows:                       1
First Stage Columns:                    2
First Stage Non-zeros:                  0
Replication No. 7
Status:                                 REPLICATION SOLUTION
Total Objective Function Upper Bound:   
Total Objective Function Lower Bound:   -319.442174

First Stage Solutions:
   No.   Row name   Activity      Lower bound   Upper bound   Dual          Dual STDEV
------ ------------ ------------- ------------- ------------- ------------- -------------
     0 obj          3.111086e+231 

   No. Column name  Activity      Lower bound   Upper bound   Reduced Cost  RC STDEV
------ ------------ ------------- ------------- ------------- ------------- -------------
     1 x1            1.192826e+02  0.000000e+00  2.170000e+02  0.000000e+00 
     2 x2            1.563534e+02  0.000000e+00  2.170000e+02  0.000000e+00 


Problem:                                baa99_m
First Stage Rows:                       1
First Stage Columns:                    2
First Stage Non-zeros:                  0
Replication No. 8
Status:                                 REPLICATION SOLUTION
Total Objective Function Upper Bound:   
Total Objective Function Lower Bound:   -302.122276

First Stage Solutions:
   No.   Row name   Activity      Lower bound   Upper bound   Dual          Dual STDEV
------ ------------ ------------- ------------- ------------- ------------- -------------
     0 obj          3.111086e+231 

   No. Column name  Activity      Lower bound   Upper bound   Reduced Cost  RC STDEV
------ ------------ ------------- ------------- ------------- ------------- -------------
     1 x1            1.087737e+02  0.000000e+00  2.170000e+02  0.000000e+00 
     2 x2            1.665786e+02  0.000000e+00  2.170000e+02  0.000000e+00 


Problem:                                baa99_m
First Stage Rows:                       1
First Stage Columns:                    2
First Stage Non-zeros:                  0
Replication No. 9
Status:                                 REPLICATION SOLUTION
Total Objective Function Upper Bound:   
Total Objective Function Lower Bound:   -308.657381

First Stage Solutions:
   No.   Row name   Activity      Lower bound   Upper bound   Dual          Dual STDEV
------ ------------ ------------- ------------- ------------- ------------- -------------
     0 obj          3.111086e+231 

   No. Column name  Activity      Lower bound   Upper bound   Reduced Cost  RC STDEV
------ ------------ ------------- ------------- ------------- ------------- -------------
     1 x1            1.139660e+02  0.000000e+00  2.170000e+02  0.000000e+00 
     2 x2            1.671184e+02  0.000000e+00  2.170000e+02  0.000000e+00 


Problem:                                baa99_m
First Stage Rows:                       1
First Stage Columns:                    2
First Stage Non-zeros:                  0
Replication No. 10
Status:                                 REPLICATION SOLUTION
Total Objective Function Upper Bound:   
Total Objective Function Lower Bound:   -327.218508

First Stage Solutions:
   No.   Row name   Activity      Lower bound   Upper bound   Dual          Dual STDEV
------ ------------ ------------- ------------- ------------- ------------- -------------
     0 obj          3.111086e+231 

   No. Column name  Activity      Lower bound   Upper bound   Reduced Cost  RC STDEV
------ ------------ ------------- ------------- ------------- ------------- -------------
     1 x1            1.192660e+02  0.000000e+00  2.170000e+02  0.000000e+00 
     2 x2            1.502104e+02  0.000000e+00  2.170000e+02  0.000000e+00 


Problem:                                baa99_m
First Stage Rows:                       1
First Stage Columns:                    2
First Stage Non-zeros:                  0
Replication No. 11
Status:                                 REPLICATION SOLUTION
Total Objective Function Upper Bound:   
Total Objective Function Lower Bound:   -280.776290

First Stage Solutions:
   No.   Row name   Activity      Lower bound   Upper bound   Dual          Dual STDEV
------ ------------ ------------- ------------- ------------- ------------- -------------
     0 obj           0.000000e+00 

   No. Column name  Activity      Lower bound   Upper bound   Reduced Cost  RC STDEV
------ ------------ ------------- ------------- ------------- ------------- -------------
     1 x1            1.138808e+02  0.000000e+00  2.170000e+02  0.000000e+00 
     2 x2            1.779065e+02  0.000000e+00  2.170000e+02  0.000000e+00 


Problem:                                baa99_m
First Stage Rows:                       1
First Stage Columns:                    2
First Stage Non-zeros:                  0
Replication No. 12
Status:                                 REPLICATION SOLUTION
Total Objective Function Upper Bound:   
Total Objective Function Lower Bound:   -282.725231

First Stage Solutions:
   No.   Row name   Activity      Lower bound   Upper bound   Dual          Dual STDEV
------ ------------ ------------- ------------- ------------- ------------- -------------
     0 obj          3.111086e+231 

   No. Column name  Activity      Lower bound   Upper bound   Reduced Cost  RC STDEV
------ ------------ ------------- ------------- ------------- ------------- -------------
     1 x1            1.130308e+02  0.000000e+00  2.170000e+02  0.000000e+00 
     2 x2            1.669364e+02  0.000000e+00  2.170000e+02  0.000000e+00 


Problem:                                baa99_m
First Stage Rows:                       1
First Stage Columns:                    2
First Stage Non-zeros:                  0
Replication No. 13
Status:                                 REPLICATION SOLUTION
Total Objective Function Upper Bound:   
Total Objective Function Lower Bound:   -321.661030

First Stage Solutions:
   No.   Row name   Activity      Lower bound   Upper bound   Dual          Dual STDEV
------ ------------ ------------- ------------- ------------- ------------- -------------
     0 obj           0.000000e+00 

   No. Column name  Activity      Lower bound   Upper bound   Reduced Cost  RC STDEV
------ ------------ ------------- ------------- ------------- ------------- -------------
     1 x1            1.192654e+02  0.000000e+00  2.170000e+02  0.000000e+00 
     2 x2            1.441616e+02  0.000000e+00  2.170000e+02  0.000000e+00 


Problem:                                baa99_m
First Stage Rows:                       1
First Stage Columns:                    2
First Stage Non-zeros:                  0
Replication No. 14
Status:                                 REPLICATION SOLUTION
Total Objective Function Upper Bound:   
Total Objective Function Lower Bound:   -292.619294

First Stage Solutions:
   No.   Row name   Activity      Lower bound   Upper bound   Dual          Dual STDEV
------ ------------ ------------- ------------- ------------- ------------- -------------
     0 obj           0.000000e+00 

   No. Column name  Activity      Lower bound   Upper bound   Reduced Cost  RC STDEV
------ ------------ ------------- ------------- ------------- ------------- -------------
     1 x1            1.139659e+02  0.000000e+00  2.170000e+02  0.000000e+00 
     2 x2            1.639116e+02  0.000000e+00  2.170000e+02  0.000000e+00 


Problem:                                baa99_m
First Stage Rows:                       1
First Stage Columns:                    2
First Stage Non-zeros:                  0
Replication No. 15
Status:                                 REPLICATION SOLUTION
Total Objective Function Upper Bound:   
Total Objective Function Lower Bound:   -285.847378

First Stage Solutions:
   No.   Row name   Activity      Lower bound   Upper bound   Dual          Dual STDEV
------ ------------ ------------- ------------- ------------- ------------- -------------
     0 obj           2.003897e+00 

   No. Column name  Activity      Lower bound   Upper bound   Reduced Cost  RC STDEV
------ ------------ ------------- ------------- ------------- ------------- -------------
     1 x1            1.139666e+02  0.000000e+00  2.170000e+02  0.000000e+00 
     2 x2            1.706542e+02  0.000000e+00  2.170000e+02  0.000000e+00 


Problem:                                baa99_m
First Stage Rows:                       1
First Stage Columns:                    2
First Stage Non-zeros:                  0
Replication No. 16
Status:                                 REPLICATION SOLUTION
Total Objective Function Upper Bound:   
Total Objective Function Lower Bound:   -284.224270

First Stage Solutions:
   No.   Row name   Activity      Lower bound   Upper bound   Dual          Dual STDEV
------ ------------ ------------- ------------- ------------- ------------- -------------
     0 obj           1.000000e+20 

   No. Column name  Activity      Lower bound   Upper bound   Reduced Cost  RC STDEV
------ ------------ ------------- ------------- ------------- ------------- -------------
     1 x1            1.192345e+02  0.000000e+00  2.170000e+02  0.000000e+00 
     2 x2            1.708679e+02  0.000000e+00  2.170000e+02  0.000000e+00 


Problem:                                baa99_m
First Stage Rows:                       1
First Stage Columns:                    2
First Stage Non-zeros:                  0
Replication No. 17
Status:                                 REPLICATION SOLUTION
Total Objective Function Upper Bound:   
Total Objective Function Lower Bound:   -284.147908

First Stage Solutions:
   No.   Row name   Activity      Lower bound   Upper bound   Dual          Dual STDEV
------ ------------ ------------- ------------- ------------- ------------- -------------
     0 obj           1.003676e+00 

   No. Column name  Activity      Lower bound   Upper bound   Reduced Cost  RC STDEV
------ ------------ ------------- ------------- ------------- ------------- -------------
     1 x1            1.137461e+02  0.000000e+00  2.170000e+02  0.000000e+00 
     2 x2            1.622971e+02  0.000000e+00  2.170000e+02  0.000000e+00 


Problem:                                baa99_m
First Stage Rows:                       1
First Stage Columns:                    2
First Stage Non-zeros:                  0
Replication No. 18
Status:                                 REPLICATION SOLUTION
Total Objective Function Upper Bound:   
Total Objective Function Lower Bound:   -299.828857

First Stage Solutions:
   No.   Row name   Activity      Lower bound   Upper bound   Dual          Dual STDEV
------ ------------ ------------- ------------- ------------- ------------- -------------
     0 obj           1.003676e+00 

   No. Column name  Activity      Lower bound   Upper bound   Reduced Cost  RC STDEV
------ ------------ ------------- ------------- ------------- ------------- -------------
     1 x1            1.201410e+02  0.000000e+00  2.170000e+02  0.000000e+00 
     2 x2            1.653023e+02  0.000000e+00  2.170000e+02  0.000000e+00 


Problem:                                baa99_m
First Stage Rows:                       1
First Stage Columns:                    2
First Stage Non-zeros:                  0
Replication No. 19
Status:                                 REPLICATION SOLUTION
Total Objective Function Upper Bound:   
Total Objective Function Lower Bound:   -287.303554

First Stage Solutions:
   No.   Row name   Activity      Lower bound   Upper bound   Dual          Dual STDEV
------ ------------ ------------- ------------- ------------- ------------- -------------
     0 obj           1.003676e+00 

   No. Column name  Activity      Lower bound   Upper bound   Reduced Cost  RC STDEV
------ ------------ ------------- ------------- ------------- ------------- -------------
     1 x1            1.037553e+02  0.000000e+00  2.170000e+02  0.000000e+00 
     2 x2            1.710019e+02  0.000000e+00  2.170000e+02  0.000000e+00 


Problem:                                baa99_m
First Stage Rows:                       1
First Stage Columns:                    2
First Stage Non-zeros:                  0
Replication No. 20
Status:                                 REPLICATION SOLUTION
Total Objective Function Upper Bound:   
Total Objective Function Lower Bound:   -311.733275

First Stage Solutions:
   No.   Row name   Activity      Lower bound   Upper bound   Dual          Dual STDEV
------ ------------ ------------- ------------- ------------- ------------- -------------
     0 obj           1.003676e+00 

   No. Column name  Activity      Lower bound   Upper bound   Reduced Cost  RC STDEV
------ ------------ ------------- ------------- ------------- ------------- -------------
     1 x1            1.194639e+02  0.000000e+00  2.170000e+02  0.000000e+00 
     2 x2            1.708118e+02  0.000000e+00  2.170000e+02  0.000000e+00 


Problem:                                baa99_m
First Stage Rows:                       1
First Stage Columns:                    2
First Stage Non-zeros:                  0
Replication No. 21
Status:                                 REPLICATION SOLUTION
Total Objective Function Upper Bound:   
Total Objective Function Lower Bound:   -314.465194

First Stage Solutions:
   No.   Row name   Activity      Lower bound   Upper bound   Dual          Dual STDEV
------ ------------ ------------- ------------- ------------- ------------- -------------
     0 obj           1.003676e+00 

   No. Column name  Activity      Lower bound   Upper bound   Reduced Cost  RC STDEV
------ ------------ ------------- ------------- ------------- ------------- -------------
     1 x1            1.139727e+02  0.000000e+00  2.170000e+02  0.000000e+00 
     2 x2            1.686201e+02  0.000000e+00  2.170000e+02  0.000000e+00 


Problem:                                baa99_m
First Stage Rows:                       1
First Stage Columns:                    2
First Stage Non-zeros:                  0
Replication No. 22
Status:                                 REPLICATION SOLUTION
Total Objective Function Upper Bound:   
Total Objective Function Lower Bound:   -312.622998

First Stage Solutions:
   No.   Row name   Activity      Lower bound   Upper bound   Dual          Dual STDEV
------ ------------ ------------- ------------- ------------- ------------- -------------
     0 obj           0.000000e+00 

   No. Column name  Activity      Lower bound   Upper bound   Reduced Cost  RC STDEV
------ ------------ ------------- ------------- ------------- ------------- -------------
     1 x1            1.192227e+02  0.000000e+00  2.170000e+02  0.000000e+00 
     2 x2            1.665789e+02  0.000000e+00  2.170000e+02  0.000000e+00 


Problem:                                baa99_m
First Stage Rows:                       1
First Stage Columns:                    2
First Stage Non-zeros:                  0
Replication No. 23
Status:                                 REPLICATION SOLUTION
Total Objective Function Upper Bound:   
Total Objective Function Lower Bound:   -316.958277

First Stage Solutions:
   No.   Row name   Activity      Lower bound   Upper bound   Dual          Dual STDEV
------ ------------ ------------- ------------- ------------- ------------- -------------
     0 obj           0.000000e+00 

   No. Column name  Activity      Lower bound   Upper bound   Reduced Cost  RC STDEV
------ ------------ ------------- ------------- ------------- ------------- -------------
     1 x1            1.200380e+02  0.000000e+00  2.170000e+02  0.000000e+00 
     2 x2            1.662414e+02  0.000000e+00  2.170000e+02  0.000000e+00 


Problem:                                baa99_m
First Stage Rows:                       1
First Stage Columns:                    2
First Stage Non-zeros:                  0
Replication No. 24
Status:                                 REPLICATION SOLUTION
Total Objective Function Upper Bound:   
Total Objective Function Lower Bound:   -297.816511

First Stage Solutions:
   No.   Row name   Activity      Lower bound   Upper bound   Dual          Dual STDEV
------ ------------ ------------- ------------- ------------- ------------- -------------
     0 obj           0.000000e+00 

   No. Column name  Activity      Lower bound   Upper bound   Reduced Cost  RC STDEV
------ ------------ ------------- ------------- ------------- ------------- -------------
     1 x1            1.139663e+02  0.000000e+00  2.170000e+02  0.000000e+00 
     2 x2            1.632133e+02  0.000000e+00  2.170000e+02  0.000000e+00 


Problem:                                baa99_m
First Stage Rows:                       1
First Stage Columns:                    2
First Stage Non-zeros:                  0
Replication No. 25
Status:                                 REPLICATION SOLUTION
Total Objective Function Upper Bound:   
Total Objective Function Lower Bound:   -280.826045

First Stage Solutions:
   No.   Row name   Activity      Lower bound   Upper bound   Dual          Dual STDEV
------ ------------ ------------- ------------- ------------- ------------- -------------
     0 obj           0.000000e+00 

   No. Column name  Activity      Lower bound   Upper bound   Reduced Cost  RC STDEV
------ ------------ ------------- ------------- ------------- ------------- -------------
     1 x1            1.180183e+02  0.000000e+00  2.170000e+02  0.000000e+00 
     2 x2            1.672250e+02  0.000000e+00  2.170000e+02  0.000000e+00 


Problem:                                baa99_m
First Stage Rows:                       1
First Stage Columns:                    2
First Stage Non-zeros:                  0
Replication No. 26
Status:                                 REPLICATION SOLUTION
Total Objective Function Upper Bound:   
Total Objective Function Lower Bound:   -303.073545

First Stage Solutions:
   No.   Row name   Activity      Lower bound   Upper bound   Dual          Dual STDEV
------ ------------ ------------- ------------- ------------- ------------- -------------
     0 obj          -1.087233e+03 

   No. Column name  Activity      Lower bound   Upper bound   Reduced Cost  RC STDEV
------ ------------ ------------- ------------- ------------- ------------- -------------
     1 x1            1.139660e+02  0.000000e+00  2.170000e+02  0.000000e+00 
     2 x2            1.653381e+02  0.000000e+00  2.170000e+02  0.000000e+00 


Problem:                                baa99_m
First Stage Rows:                       1
First Stage Columns:                    2
First Stage Non-zeros:                  0
Replication No. 27
Status:                                 REPLICATION SOLUTION
Total Objective Function Upper Bound:   
Total Objective Function Lower Bound:   -296.357894

First Stage Solutions:
   No.   Row name   Activity      Lower bound   Upper bound   Dual          Dual STDEV
------ ------------ ------------- ------------- ------------- ------------- -------------
     0 obj           0.000000e+00 

   No. Column name  Activity      Lower bound   Upper bound   Reduced Cost  RC STDEV
------ ------------ ------------- ------------- ------------- ------------- -------------
     1 x1            1.088185e+02  0.000000e+00  2.170000e+02  0.000000e+00 
     2 x2            1.625093e+02  0.000000e+00  2.170000e+02  0.000000e+00 


Problem:                                baa99_m
First Stage Rows:                       1
First Stage Columns:                    2
First Stage Non-zeros:                  0
Replication No. 28
Status:                                 REPLICATION SOLUTION
Total Objective Function Upper Bound:   
Total Objective Function Lower Bound:   -320.480599

First Stage Solutions:
   No.   Row name   Activity      Lower bound   Upper bound   Dual          Dual STDEV
------ ------------ ------------- ------------- ------------- ------------- -------------
     0 obj           7.532129e+06 

   No. Column name  Activity      Lower bound   Upper bound   Reduced Cost  RC STDEV
------ ------------ ------------- ------------- ------------- ------------- -------------
     1 x1            1.134803e+02  0.000000e+00  2.170000e+02  0.000000e+00 
     2 x2            1.594139e+02  0.000000e+00  2.170000e+02  0.000000e+00 


Problem:                                baa99_m
First Stage Rows:                       1
First Stage Columns:                    2
First Stage Non-zeros:                  0
Replication No. 29
Status:                                 REPLICATION SOLUTION
Total Objective Function Upper Bound:   
Total Objective Function Lower Bound:   -289.376638

First Stage Solutions:
   No.   Row name   Activity      Lower bound   Upper bound   Dual          Dual STDEV
------ ------------ ------------- ------------- ------------- ------------- -------------
     0 obj           7.532129e+06 

   No. Column name  Activity      Lower bound   Upper bound   Reduced Cost  RC STDEV
------ ------------ ------------- ------------- ------------- ------------- -------------
     1 x1            1.191748e+02  0.000000e+00  2.170000e+02  0.000000e+00 
     2 x2            1.688959e+02  0.000000e+00  2.170000e+02  0.000000e+00 


