Iter	 Iter_time	 Master	 Subprob	 Full_Test	 argmax	Iter_acc	 Master_acc	 Subprob_acc	 Full_Test_acc	 argmax_acc
1	 0.001194	 0.000846	 0.000227	 0.000000	 0.000059	0.001194	 0.000846	 0.000227	 0.000000	 0.000059
2	 0.004372	 0.003998	 0.000209	 0.000000	 0.000079	0.005566	 0.004844	 0.000436	 0.000000	 0.000138
3	 0.003496	 0.003399	 0.000046	 0.000000	 0.000018	0.009062	 0.008243	 0.000482	 0.000000	 0.000156
4	 0.003451	 0.003349	 0.000055	 0.000000	 0.000018	0.012513	 0.011592	 0.000537	 0.000000	 0.000174
5	 0.004478	 0.004214	 0.000137	 0.000000	 0.000077	0.016991	 0.015806	 0.000674	 0.000000	 0.000251
6	 0.003647	 0.003527	 0.000044	 0.000000	 0.000034	0.020638	 0.019333	 0.000718	 0.000000	 0.000285
7	 0.003715	 0.003592	 0.000071	 0.000000	 0.000024	0.024353	 0.022925	 0.000789	 0.000000	 0.000309
8	 0.003942	 0.003778	 0.000091	 0.000000	 0.000037	0.028295	 0.026703	 0.000880	 0.000000	 0.000346
9	 0.004205	 0.004003	 0.000103	 0.000000	 0.000049	0.032500	 0.030706	 0.000983	 0.000000	 0.000395
10	 0.003627	 0.003435	 0.000101	 0.000000	 0.000055	0.036127	 0.034141	 0.001084	 0.000000	 0.000450
11	 0.003971	 0.003781	 0.000095	 0.000000	 0.000050	0.040098	 0.037922	 0.001179	 0.000000	 0.000500
12	 0.004336	 0.004164	 0.000079	 0.000000	 0.000045	0.044434	 0.042086	 0.001258	 0.000000	 0.000545
13	 0.003328	 0.003202	 0.000066	 0.000000	 0.000027	0.047762	 0.045288	 0.001324	 0.000000	 0.000572
14	 0.003933	 0.003764	 0.000093	 0.000000	 0.000041	0.051695	 0.049052	 0.001417	 0.000000	 0.000613
15	 0.004043	 0.003879	 0.000087	 0.000000	 0.000029	0.055738	 0.052931	 0.001504	 0.000000	 0.000642
16	 0.004280	 0.004081	 0.000107	 0.000000	 0.000041	0.060018	 0.057012	 0.001611	 0.000000	 0.000683
17	 0.004481	 0.004287	 0.000110	 0.000000	 0.000044	0.064499	 0.061299	 0.001721	 0.000000	 0.000727
18	 0.003876	 0.003781	 0.000040	 0.000000	 0.000024	0.068375	 0.065080	 0.001761	 0.000000	 0.000751
19	 0.004457	 0.004250	 0.000114	 0.000000	 0.000047	0.072832	 0.069330	 0.001875	 0.000000	 0.000798
20	 0.004627	 0.004433	 0.000100	 0.000000	 0.000041	0.077459	 0.073763	 0.001975	 0.000000	 0.000839
21	 0.004475	 0.004204	 0.000156	 0.000000	 0.000067	0.081934	 0.077967	 0.002131	 0.000000	 0.000906
22	 0.004782	 0.004648	 0.000070	 0.000000	 0.000033	0.086716	 0.082615	 0.002201	 0.000000	 0.000939
23	 0.004375	 0.004216	 0.000084	 0.000000	 0.000043	0.091091	 0.086831	 0.002285	 0.000000	 0.000982
24	 0.004034	 0.003918	 0.000055	 0.000000	 0.000028	0.095125	 0.090749	 0.002340	 0.000000	 0.001010
25	 0.004642	 0.004442	 0.000104	 0.000000	 0.000056	0.099767	 0.095191	 0.002444	 0.000000	 0.001066
26	 0.003966	 0.003858	 0.000051	 0.000000	 0.000025	0.103733	 0.099049	 0.002495	 0.000000	 0.001091
27	 0.004670	 0.004516	 0.000073	 0.000000	 0.000045	0.108403	 0.103565	 0.002568	 0.000000	 0.001136
28	 0.004588	 0.004494	 0.000040	 0.000000	 0.000026	0.112991	 0.108059	 0.002608	 0.000000	 0.001162
29	 0.005043	 0.004892	 0.000062	 0.000000	 0.000043	0.118034	 0.112951	 0.002670	 0.000000	 0.001205
30	 0.004336	 0.004190	 0.000077	 0.000000	 0.000029	0.122370	 0.117141	 0.002747	 0.000000	 0.001234
31	 0.005362	 0.005053	 0.000169	 0.000000	 0.000081	0.127732	 0.122194	 0.002916	 0.000000	 0.001315
32	 0.004459	 0.004337	 0.000050	 0.000000	 0.000033	0.132191	 0.126531	 0.002966	 0.000000	 0.001348
33	 0.005151	 0.004952	 0.000108	 0.000000	 0.000050	0.137342	 0.131483	 0.003074	 0.000000	 0.001398
34	 0.003536	 0.003396	 0.000070	 0.000000	 0.000032	0.140878	 0.134879	 0.003144	 0.000000	 0.001430
35	 0.004291	 0.004111	 0.000078	 0.000000	 0.000051	0.145169	 0.138990	 0.003222	 0.000000	 0.001481
36	 0.004038	 0.003900	 0.000058	 0.000000	 0.000040	0.149207	 0.142890	 0.003280	 0.000000	 0.001521
37	 0.003771	 0.003583	 0.000103	 0.000000	 0.000053	0.152978	 0.146473	 0.003383	 0.000000	 0.001574
38	 0.004141	 0.004047	 0.000040	 0.000000	 0.000027	0.157119	 0.150520	 0.003423	 0.000000	 0.001601
39	 0.004005	 0.003875	 0.000059	 0.000000	 0.000043	0.161124	 0.154395	 0.003482	 0.000000	 0.001644
40	 0.004102	 0.003993	 0.000057	 0.000000	 0.000025	0.165226	 0.158388	 0.003539	 0.000000	 0.001669
41	 0.003889	 0.003729	 0.000084	 0.000000	 0.000046	0.169115	 0.162117	 0.003623	 0.000000	 0.001715
42	 0.003296	 0.003194	 0.000047	 0.000000	 0.000026	0.172411	 0.165311	 0.003670	 0.000000	 0.001741
43	 0.004371	 0.004215	 0.000080	 0.000000	 0.000046	0.176782	 0.169526	 0.003750	 0.000000	 0.001787
44	 0.003525	 0.003433	 0.000042	 0.000000	 0.000025	0.180307	 0.172959	 0.003792	 0.000000	 0.001812
45	 0.003918	 0.003765	 0.000077	 0.000000	 0.000046	0.184225	 0.176724	 0.003869	 0.000000	 0.001858
46	 0.003906	 0.003808	 0.000046	 0.000000	 0.000027	0.188131	 0.180532	 0.003915	 0.000000	 0.001885
47	 0.004084	 0.003931	 0.000075	 0.000000	 0.000048	0.192215	 0.184463	 0.003990	 0.000000	 0.001933
48	 0.004313	 0.004212	 0.000048	 0.000000	 0.000028	0.196528	 0.188675	 0.004038	 0.000000	 0.001961
49	 0.004017	 0.003858	 0.000075	 0.000000	 0.000048	0.200545	 0.192533	 0.004113	 0.000000	 0.002009
50	 0.003941	 0.003838	 0.000053	 0.000000	 0.000026	0.204486	 0.196371	 0.004166	 0.000000	 0.002035
51	 0.004503	 0.004337	 0.000078	 0.000000	 0.000047	0.208989	 0.200708	 0.004244	 0.000000	 0.002082
52	 0.004174	 0.004059	 0.000044	 0.000000	 0.000035	0.213163	 0.204767	 0.004288	 0.000000	 0.002117
53	 0.004638	 0.004444	 0.000088	 0.000000	 0.000059	0.217801	 0.209211	 0.004376	 0.000000	 0.002176
54	 0.003515	 0.003378	 0.000073	 0.000000	 0.000031	0.221316	 0.212589	 0.004449	 0.000000	 0.002207
55	 0.003766	 0.003589	 0.000091	 0.000000	 0.000053	0.225082	 0.216178	 0.004540	 0.000000	 0.002260
56	 0.003881	 0.003794	 0.000035	 0.000000	 0.000026	0.228963	 0.219972	 0.004575	 0.000000	 0.002286
57	 0.003584	 0.003425	 0.000081	 0.000000	 0.000051	0.232547	 0.223397	 0.004656	 0.000000	 0.002337
58	 0.004157	 0.004070	 0.000033	 0.000000	 0.000026	0.236704	 0.227467	 0.004689	 0.000000	 0.002363
59	 0.003639	 0.003476	 0.000078	 0.000000	 0.000047	0.240343	 0.230943	 0.004767	 0.000000	 0.002410
60	 0.004022	 0.003914	 0.000055	 0.000000	 0.000028	0.244365	 0.234857	 0.004822	 0.000000	 0.002438
61	 0.003947	 0.003789	 0.000078	 0.000000	 0.000052	0.248312	 0.238646	 0.004900	 0.000000	 0.002490
62	 0.004294	 0.004195	 0.000045	 0.000000	 0.000027	0.252606	 0.242841	 0.004945	 0.000000	 0.002517
63	 0.003968	 0.003826	 0.000061	 0.000000	 0.000051	0.256574	 0.246667	 0.005006	 0.000000	 0.002568
64	 0.003955	 0.003868	 0.000032	 0.000000	 0.000028	0.260529	 0.250535	 0.005038	 0.000000	 0.002596
65	 0.003447	 0.003307	 0.000060	 0.000000	 0.000051	0.263976	 0.253842	 0.005098	 0.000000	 0.002647
66	 0.003722	 0.003638	 0.000032	 0.000000	 0.000028	0.267698	 0.257480	 0.005130	 0.000000	 0.002675
67	 0.003755	 0.003619	 0.000057	 0.000000	 0.000051	0.271453	 0.261099	 0.005187	 0.000000	 0.002726
68	 0.003301	 0.003215	 0.000030	 0.000000	 0.000028	0.274754	 0.264314	 0.005217	 0.000000	 0.002754
69	 0.003778	 0.003640	 0.000055	 0.000000	 0.000053	0.278532	 0.267954	 0.005272	 0.000000	 0.002807
70	 0.004385	 0.004301	 0.000032	 0.000000	 0.000028	0.282917	 0.272255	 0.005304	 0.000000	 0.002835
71	 0.003871	 0.003733	 0.000057	 0.000000	 0.000052	0.286788	 0.275988	 0.005361	 0.000000	 0.002887
72	 0.004771	 0.004668	 0.000050	 0.000000	 0.000029	0.291559	 0.280656	 0.005411	 0.000000	 0.002916
73	 0.003761	 0.003601	 0.000076	 0.000000	 0.000055	0.295320	 0.284257	 0.005487	 0.000000	 0.002971
74	 0.003762	 0.003658	 0.000050	 0.000000	 0.000029	0.299082	 0.287915	 0.005537	 0.000000	 0.003000
75	 0.003659	 0.003497	 0.000077	 0.000000	 0.000055	0.302741	 0.291412	 0.005614	 0.000000	 0.003055
76	 0.003717	 0.003625	 0.000034	 0.000000	 0.000029	0.306458	 0.295037	 0.005648	 0.000000	 0.003084
77	 0.003367	 0.003194	 0.000076	 0.000000	 0.000055	0.309825	 0.298231	 0.005724	 0.000000	 0.003139
78	 0.003571	 0.003485	 0.000032	 0.000000	 0.000029	0.313396	 0.301716	 0.005756	 0.000000	 0.003168
79	 0.003886	 0.003714	 0.000079	 0.000000	 0.000056	0.317282	 0.305430	 0.005835	 0.000000	 0.003224
80	 0.004308	 0.004196	 0.000047	 0.000000	 0.000040	0.321590	 0.309626	 0.005882	 0.000000	 0.003264
81	 0.003533	 0.003350	 0.000084	 0.000000	 0.000067	0.325123	 0.312976	 0.005966	 0.000000	 0.003331
82	 0.004028	 0.003926	 0.000042	 0.000000	 0.000030	0.329151	 0.316902	 0.006008	 0.000000	 0.003361
83	 0.003588	 0.003442	 0.000063	 0.000000	 0.000054	0.332739	 0.320344	 0.006071	 0.000000	 0.003415
84	 0.004296	 0.004208	 0.000032	 0.000000	 0.000032	0.337035	 0.324552	 0.006103	 0.000000	 0.003447
85	 0.003539	 0.003397	 0.000056	 0.000000	 0.000056	0.340574	 0.327949	 0.006159	 0.000000	 0.003503
86	 0.004260	 0.004155	 0.000048	 0.000000	 0.000031	0.344834	 0.332104	 0.006207	 0.000000	 0.003534
87	 0.003867	 0.003699	 0.000072	 0.000000	 0.000058	0.348701	 0.335803	 0.006279	 0.000000	 0.003592
88	 0.003823	 0.003707	 0.000050	 0.000000	 0.000040	0.352524	 0.339510	 0.006329	 0.000000	 0.003632
89	 0.004106	 0.003930	 0.000080	 0.000000	 0.000069	0.356630	 0.343440	 0.006409	 0.000000	 0.003701
90	 0.003956	 0.003871	 0.000033	 0.000000	 0.000028	0.360586	 0.347311	 0.006442	 0.000000	 0.003729
91	 0.003877	 0.003732	 0.000056	 0.000000	 0.000060	0.364463	 0.351043	 0.006498	 0.000000	 0.003789
92	 0.003876	 0.003769	 0.000046	 0.000000	 0.000032	0.368339	 0.354812	 0.006544	 0.000000	 0.003821
93	 0.004202	 0.004058	 0.000061	 0.000000	 0.000057	0.372541	 0.358870	 0.006605	 0.000000	 0.003878
94	 0.003661	 0.003558	 0.000046	 0.000000	 0.000032	0.376202	 0.362428	 0.006651	 0.000000	 0.003910
95	 0.003634	 0.003478	 0.000062	 0.000000	 0.000060	0.379836	 0.365906	 0.006713	 0.000000	 0.003970
96	 0.003929	 0.003826	 0.000045	 0.000000	 0.000031	0.383765	 0.369732	 0.006758	 0.000000	 0.004001
97	 0.003365	 0.003203	 0.000073	 0.000000	 0.000060	0.387130	 0.372935	 0.006831	 0.000000	 0.004061
98	 0.004183	 0.004078	 0.000050	 0.000000	 0.000030	0.391313	 0.377013	 0.006881	 0.000000	 0.004091
99	 0.003875	 0.003703	 0.000077	 0.000000	 0.000063	0.395188	 0.380716	 0.006958	 0.000000	 0.004154
100	 0.003471	 0.003347	 0.000047	 0.000000	 0.000042	0.398659	 0.384063	 0.007005	 0.000000	 0.004196
101	 0.003807	 0.003706	 0.000034	 0.000000	 0.000040	0.402466	 0.387769	 0.007039	 0.000000	 0.004236
102	 0.003736	 0.003526	 0.000077	 0.000000	 0.000072	0.406202	 0.391295	 0.007116	 0.000000	 0.004308
103	 0.004426	 0.004322	 0.000033	 0.000000	 0.000043	0.410628	 0.395617	 0.007149	 0.000000	 0.004351
104	 0.004033	 0.003885	 0.000059	 0.000000	 0.000059	0.414661	 0.399502	 0.007208	 0.000000	 0.004410
105	 0.003700	 0.003591	 0.000048	 0.000000	 0.000033	0.418361	 0.403093	 0.007256	 0.000000	 0.004443
106	 0.003931	 0.003766	 0.000076	 0.000000	 0.000060	0.422292	 0.406859	 0.007332	 0.000000	 0.004503
107	 0.003760	 0.003671	 0.000032	 0.000000	 0.000032	0.426052	 0.410530	 0.007364	 0.000000	 0.004535
108	 0.003797	 0.003649	 0.000055	 0.000000	 0.000060	0.429849	 0.414179	 0.007419	 0.000000	 0.004595
109	 0.003989	 0.003881	 0.000047	 0.000000	 0.000034	0.433838	 0.418060	 0.007466	 0.000000	 0.004629
110	 0.003765	 0.003598	 0.000072	 0.000000	 0.000064	0.437603	 0.421658	 0.007538	 0.000000	 0.004693
111	 0.003487	 0.003371	 0.000045	 0.000000	 0.000044	0.441090	 0.425029	 0.007583	 0.000000	 0.004737
112	 0.004422	 0.004230	 0.000074	 0.000000	 0.000076	0.445512	 0.429259	 0.007657	 0.000000	 0.004813
113	 0.004558	 0.004404	 0.000051	 0.000000	 0.000078	0.450070	 0.433663	 0.007708	 0.000000	 0.004891
114	 0.004311	 0.004121	 0.000082	 0.000000	 0.000078	0.454381	 0.437784	 0.007790	 0.000000	 0.004969
115	 0.003393	 0.003294	 0.000036	 0.000000	 0.000036	0.457774	 0.441078	 0.007826	 0.000000	 0.005005
116	 0.004117	 0.003941	 0.000080	 0.000000	 0.000067	0.461891	 0.445019	 0.007906	 0.000000	 0.005072
117	 0.003265	 0.003160	 0.000045	 0.000000	 0.000033	0.465156	 0.448179	 0.007951	 0.000000	 0.005105
118	 0.003857	 0.003686	 0.000074	 0.000000	 0.000068	0.469013	 0.451865	 0.008025	 0.000000	 0.005173
119	 0.003558	 0.003466	 0.000032	 0.000000	 0.000033	0.472571	 0.455331	 0.008057	 0.000000	 0.005206
120	 0.003640	 0.003485	 0.000056	 0.000000	 0.000068	0.476211	 0.458816	 0.008113	 0.000000	 0.005274
121	 0.003924	 0.003825	 0.000034	 0.000000	 0.000037	0.480135	 0.462641	 0.008147	 0.000000	 0.005311
122	 0.003870	 0.003713	 0.000058	 0.000000	 0.000070	0.484005	 0.466354	 0.008205	 0.000000	 0.005381
123	 0.003326	 0.003230	 0.000033	 0.000000	 0.000038	0.487331	 0.469584	 0.008238	 0.000000	 0.005419
124	 0.004135	 0.003958	 0.000079	 0.000000	 0.000069	0.491466	 0.473542	 0.008317	 0.000000	 0.005488
125	 0.003516	 0.003406	 0.000045	 0.000000	 0.000037	0.494982	 0.476948	 0.008362	 0.000000	 0.005525
126	 0.003957	 0.003787	 0.000076	 0.000000	 0.000066	0.498939	 0.480735	 0.008438	 0.000000	 0.005591
127	 0.003636	 0.003526	 0.000047	 0.000000	 0.000037	0.502575	 0.484261	 0.008485	 0.000000	 0.005628
128	 0.003642	 0.003467	 0.000074	 0.000000	 0.000072	0.506217	 0.487728	 0.008559	 0.000000	 0.005700
129	 0.003514	 0.003401	 0.000049	 0.000000	 0.000036	0.509731	 0.491129	 0.008608	 0.000000	 0.005736
130	 0.003900	 0.003722	 0.000077	 0.000000	 0.000071	0.513631	 0.494851	 0.008685	 0.000000	 0.005807
131	 0.003566	 0.003456	 0.000050	 0.000000	 0.000035	0.517197	 0.498307	 0.008735	 0.000000	 0.005842
132	 0.004084	 0.003905	 0.000075	 0.000000	 0.000073	0.521281	 0.502212	 0.008810	 0.000000	 0.005915
133	 0.003503	 0.003391	 0.000047	 0.000000	 0.000039	0.524784	 0.505603	 0.008857	 0.000000	 0.005954
134	 0.003742	 0.003581	 0.000058	 0.000000	 0.000069	0.528526	 0.509184	 0.008915	 0.000000	 0.006023
135	 0.003460	 0.003336	 0.000039	 0.000000	 0.000052	0.531986	 0.512520	 0.008954	 0.000000	 0.006075
136	 0.003886	 0.003723	 0.000059	 0.000000	 0.000073	0.535872	 0.516243	 0.009013	 0.000000	 0.006148
137	 0.003673	 0.003553	 0.000054	 0.000000	 0.000040	0.539545	 0.519796	 0.009067	 0.000000	 0.006188
138	 0.003798	 0.003621	 0.000075	 0.000000	 0.000073	0.543343	 0.523417	 0.009142	 0.000000	 0.006261
139	 0.003555	 0.003445	 0.000049	 0.000000	 0.000035	0.546898	 0.526862	 0.009191	 0.000000	 0.006296
140	 0.003274	 0.003094	 0.000082	 0.000000	 0.000069	0.550172	 0.529956	 0.009273	 0.000000	 0.006365
141	 0.003693	 0.003593	 0.000033	 0.000000	 0.000039	0.553865	 0.533549	 0.009306	 0.000000	 0.006404
142	 0.003646	 0.003468	 0.000077	 0.000000	 0.000072	0.557511	 0.537017	 0.009383	 0.000000	 0.006476
143	 0.003664	 0.003567	 0.000032	 0.000000	 0.000039	0.561175	 0.540584	 0.009415	 0.000000	 0.006515
144	 0.003544	 0.003382	 0.000058	 0.000000	 0.000076	0.564719	 0.543966	 0.009473	 0.000000	 0.006591
145	 0.003548	 0.003453	 0.000030	 0.000000	 0.000037	0.568267	 0.547419	 0.009503	 0.000000	 0.006628
146	 0.003642	 0.003479	 0.000057	 0.000000	 0.000073	0.571909	 0.550898	 0.009560	 0.000000	 0.006701
147	 0.003798	 0.003671	 0.000051	 0.000000	 0.000051	0.575707	 0.554569	 0.009611	 0.000000	 0.006752
148	 0.003994	 0.003801	 0.000075	 0.000000	 0.000084	0.579701	 0.558370	 0.009686	 0.000000	 0.006836
149	 0.003952	 0.003826	 0.000047	 0.000000	 0.000050	0.583653	 0.562196	 0.009733	 0.000000	 0.006886
150	 0.004238	 0.004062	 0.000060	 0.000000	 0.000082	0.587891	 0.566258	 0.009793	 0.000000	 0.006968
151	 0.003467	 0.003338	 0.000053	 0.000000	 0.000049	0.591358	 0.569596	 0.009846	 0.000000	 0.007017
152	 0.003812	 0.003619	 0.000080	 0.000000	 0.000086	0.595170	 0.573215	 0.009926	 0.000000	 0.007103
153	 0.004250	 0.004119	 0.000053	 0.000000	 0.000051	0.599420	 0.577334	 0.009979	 0.000000	 0.007154
154	 0.003631	 0.003430	 0.000081	 0.000000	 0.000088	0.603051	 0.580764	 0.010060	 0.000000	 0.007242
155	 0.003982	 0.003861	 0.000032	 0.000000	 0.000048	0.607033	 0.584625	 0.010092	 0.000000	 0.007290
156	 0.004118	 0.003999	 0.000048	 0.000000	 0.000046	0.611151	 0.588624	 0.010140	 0.000000	 0.007336
157	 0.003651	 0.003478	 0.000061	 0.000000	 0.000083	0.614802	 0.592102	 0.010201	 0.000000	 0.007419
158	 0.003786	 0.003649	 0.000047	 0.000000	 0.000051	0.618588	 0.595751	 0.010248	 0.000000	 0.007470
159	 0.003650	 0.003532	 0.000049	 0.000000	 0.000040	0.622238	 0.599283	 0.010297	 0.000000	 0.007510
160	 0.003699	 0.003515	 0.000077	 0.000000	 0.000076	0.625937	 0.602798	 0.010374	 0.000000	 0.007586
161	 0.003877	 0.003746	 0.000050	 0.000000	 0.000041	0.629814	 0.606544	 0.010424	 0.000000	 0.007627
162	 0.003411	 0.003286	 0.000048	 0.000000	 0.000041	0.633225	 0.609830	 0.010472	 0.000000	 0.007668
163	 0.003835	 0.003724	 0.000035	 0.000000	 0.000042	0.637060	 0.613554	 0.010507	 0.000000	 0.007710
164	 0.003788	 0.003656	 0.000050	 0.000000	 0.000044	0.640848	 0.617210	 0.010557	 0.000000	 0.007754
165	 0.003795	 0.003680	 0.000048	 0.000000	 0.000041	0.644643	 0.620890	 0.010605	 0.000000	 0.007795
166	 0.004727	 0.004558	 0.000058	 0.000000	 0.000077	0.649370	 0.625448	 0.010663	 0.000000	 0.007872
167	 0.003754	 0.003624	 0.000052	 0.000000	 0.000038	0.653124	 0.629072	 0.010715	 0.000000	 0.007910
168	 0.003801	 0.003680	 0.000048	 0.000000	 0.000038	0.656925	 0.632752	 0.010763	 0.000000	 0.007948
169	 0.003629	 0.003508	 0.000043	 0.000000	 0.000041	0.660554	 0.636260	 0.010806	 0.000000	 0.007989
170	 0.003706	 0.003580	 0.000047	 0.000000	 0.000041	0.664260	 0.639840	 0.010853	 0.000000	 0.008030
171	 0.003711	 0.003596	 0.000033	 0.000000	 0.000041	0.667971	 0.643436	 0.010886	 0.000000	 0.008071
172	 0.004179	 0.004067	 0.000047	 0.000000	 0.000039	0.672150	 0.647503	 0.010933	 0.000000	 0.008110
173	 0.003952	 0.003778	 0.000060	 0.000000	 0.000080	0.676102	 0.651281	 0.010993	 0.000000	 0.008190
174	 0.003382	 0.003267	 0.000047	 0.000000	 0.000042	0.679484	 0.654548	 0.011040	 0.000000	 0.008232
175	 0.003613	 0.003428	 0.000072	 0.000000	 0.000081	0.683097	 0.657976	 0.011112	 0.000000	 0.008313
176	 0.003575	 0.003474	 0.000032	 0.000000	 0.000043	0.686672	 0.661450	 0.011144	 0.000000	 0.008356
177	 0.003780	 0.003618	 0.000054	 0.000000	 0.000076	0.690452	 0.665068	 0.011198	 0.000000	 0.008432
178	 0.003865	 0.003729	 0.000046	 0.000000	 0.000052	0.694317	 0.668797	 0.011244	 0.000000	 0.008484
179	 0.003743	 0.003628	 0.000035	 0.000000	 0.000053	0.698060	 0.672425	 0.011279	 0.000000	 0.008537
180	 0.004051	 0.003848	 0.000082	 0.000000	 0.000093	0.702111	 0.676273	 0.011361	 0.000000	 0.008630
181	 0.003983	 0.003845	 0.000048	 0.000000	 0.000051	0.706094	 0.680118	 0.011409	 0.000000	 0.008681
182	 0.003329	 0.003198	 0.000036	 0.000000	 0.000054	0.709423	 0.683316	 0.011445	 0.000000	 0.008735
183	 0.004417	 0.004311	 0.000031	 0.000000	 0.000048	0.713840	 0.687627	 0.011476	 0.000000	 0.008783
184	 0.003863	 0.003682	 0.000058	 0.000000	 0.000090	0.717703	 0.691309	 0.011534	 0.000000	 0.008873
185	 0.004601	 0.004480	 0.000046	 0.000000	 0.000045	0.722304	 0.695789	 0.011580	 0.000000	 0.008918
186	 0.004080	 0.003904	 0.000058	 0.000000	 0.000086	0.726384	 0.699693	 0.011638	 0.000000	 0.009004
187	 0.004935	 0.004812	 0.000051	 0.000000	 0.000044	0.731319	 0.704505	 0.011689	 0.000000	 0.009048
188	 0.004037	 0.003841	 0.000078	 0.000000	 0.000085	0.735356	 0.708346	 0.011767	 0.000000	 0.009133
189	 0.003910	 0.003805	 0.000032	 0.000000	 0.000045	0.739266	 0.712151	 0.011799	 0.000000	 0.009178
190	 0.004141	 0.003968	 0.000056	 0.000000	 0.000085	0.743407	 0.716119	 0.011855	 0.000000	 0.009263
191	 0.004116	 0.004014	 0.000030	 0.000000	 0.000043	0.747523	 0.720133	 0.011885	 0.000000	 0.009306
192	 0.003853	 0.003683	 0.000058	 0.000000	 0.000084	0.751376	 0.723816	 0.011943	 0.000000	 0.009390
193	 0.003559	 0.003461	 0.000032	 0.000000	 0.000040	0.754935	 0.727277	 0.011975	 0.000000	 0.009430
194	 0.003925	 0.003750	 0.000056	 0.000000	 0.000086	0.758860	 0.731027	 0.012031	 0.000000	 0.009516
195	 0.004084	 0.003961	 0.000051	 0.000000	 0.000045	0.762944	 0.734988	 0.012082	 0.000000	 0.009561
196	 0.004261	 0.004056	 0.000075	 0.000000	 0.000086	0.767205	 0.739044	 0.012157	 0.000000	 0.009647
197	 0.004276	 0.004156	 0.000046	 0.000000	 0.000045	0.771481	 0.743200	 0.012203	 0.000000	 0.009692
198	 0.004521	 0.004345	 0.000062	 0.000000	 0.000087	0.776002	 0.747545	 0.012265	 0.000000	 0.009779
199	 0.004112	 0.003993	 0.000048	 0.000000	 0.000046	0.780114	 0.751538	 0.012313	 0.000000	 0.009825
200	 0.003782	 0.003598	 0.000063	 0.000000	 0.000089	0.783896	 0.755136	 0.012376	 0.000000	 0.009914
201	 0.003912	 0.003806	 0.000032	 0.000000	 0.000045	0.787808	 0.758942	 0.012408	 0.000000	 0.009959
202	 0.003859	 0.003659	 0.000059	 0.000000	 0.000089	0.791667	 0.762601	 0.012467	 0.000000	 0.010048
203	 0.003632	 0.003523	 0.000033	 0.000000	 0.000045	0.795299	 0.766124	 0.012500	 0.000000	 0.010093
204	 0.004080	 0.003877	 0.000087	 0.000000	 0.000086	0.799379	 0.770001	 0.012587	 0.000000	 0.010179
205	 0.003891	 0.003775	 0.000042	 0.000000	 0.000046	0.803270	 0.773776	 0.012629	 0.000000	 0.010225
206	 0.003922	 0.003718	 0.000082	 0.000000	 0.000092	0.807192	 0.777494	 0.012711	 0.000000	 0.010317
207	 0.003423	 0.003303	 0.000046	 0.000000	 0.000046	0.810615	 0.780797	 0.012757	 0.000000	 0.010363
208	 0.004280	 0.004082	 0.000074	 0.000000	 0.000092	0.814895	 0.784879	 0.012831	 0.000000	 0.010455
209	 0.003686	 0.003565	 0.000046	 0.000000	 0.000046	0.818581	 0.788444	 0.012877	 0.000000	 0.010501
210	 0.003453	 0.003251	 0.000081	 0.000000	 0.000089	0.822034	 0.791695	 0.012958	 0.000000	 0.010590
211	 0.003429	 0.003312	 0.000042	 0.000000	 0.000047	0.825463	 0.795007	 0.013000	 0.000000	 0.010637
212	 0.003540	 0.003355	 0.000060	 0.000000	 0.000092	0.829003	 0.798362	 0.013060	 0.000000	 0.010729
213	 0.004130	 0.004006	 0.000051	 0.000000	 0.000046	0.833133	 0.802368	 0.013111	 0.000000	 0.010775
214	 0.003447	 0.003248	 0.000076	 0.000000	 0.000091	0.836580	 0.805616	 0.013187	 0.000000	 0.010866
215	 0.003874	 0.003768	 0.000031	 0.000000	 0.000046	0.840454	 0.809384	 0.013218	 0.000000	 0.010912
216	 0.003920	 0.003710	 0.000085	 0.000000	 0.000094	0.844374	 0.813094	 0.013303	 0.000000	 0.011006
217	 0.003996	 0.003881	 0.000047	 0.000000	 0.000045	0.848370	 0.816975	 0.013350	 0.000000	 0.011051
218	 0.003640	 0.003435	 0.000080	 0.000000	 0.000097	0.852010	 0.820410	 0.013430	 0.000000	 0.011148
219	 0.003794	 0.003669	 0.000046	 0.000000	 0.000048	0.855804	 0.824079	 0.013476	 0.000000	 0.011196
220	 0.004362	 0.004180	 0.000062	 0.000000	 0.000091	0.860166	 0.828259	 0.013538	 0.000000	 0.011287
221	 0.003961	 0.003854	 0.000032	 0.000000	 0.000046	0.864127	 0.832113	 0.013570	 0.000000	 0.011333
222	 0.004801	 0.004588	 0.000085	 0.000000	 0.000097	0.868928	 0.836701	 0.013655	 0.000000	 0.011430
223	 0.003819	 0.003691	 0.000050	 0.000000	 0.000048	0.872747	 0.840392	 0.013705	 0.000000	 0.011478
224	 0.003954	 0.003766	 0.000063	 0.000000	 0.000096	0.876701	 0.844158	 0.013768	 0.000000	 0.011574
225	 0.003573	 0.003464	 0.000032	 0.000000	 0.000049	0.880274	 0.847622	 0.013800	 0.000000	 0.011623
226	 0.003953	 0.003774	 0.000059	 0.000000	 0.000091	0.884227	 0.851396	 0.013859	 0.000000	 0.011714
227	 0.003585	 0.003478	 0.000032	 0.000000	 0.000047	0.887812	 0.854874	 0.013891	 0.000000	 0.011761
228	 0.004557	 0.004356	 0.000077	 0.000000	 0.000093	0.892369	 0.859230	 0.013968	 0.000000	 0.011854
229	 0.003928	 0.003822	 0.000033	 0.000000	 0.000047	0.896297	 0.863052	 0.014001	 0.000000	 0.011901
230	 0.004277	 0.004092	 0.000057	 0.000000	 0.000094	0.900574	 0.867144	 0.014058	 0.000000	 0.011995
231	 0.003801	 0.003681	 0.000048	 0.000000	 0.000046	0.904375	 0.870825	 0.014106	 0.000000	 0.012041
232	 0.003925	 0.003736	 0.000062	 0.000000	 0.000097	0.908300	 0.874561	 0.014168	 0.000000	 0.012138
233	 0.003671	 0.003539	 0.000046	 0.000000	 0.000057	0.911971	 0.878100	 0.014214	 0.000000	 0.012195
234	 0.004246	 0.004037	 0.000075	 0.000000	 0.000103	0.916217	 0.882137	 0.014289	 0.000000	 0.012298
235	 0.003737	 0.003621	 0.000032	 0.000000	 0.000055	0.919954	 0.885758	 0.014321	 0.000000	 0.012353
236	 0.003927	 0.003733	 0.000058	 0.000000	 0.000102	0.923881	 0.889491	 0.014379	 0.000000	 0.012455
237	 0.003615	 0.003500	 0.000032	 0.000000	 0.000057	0.927496	 0.892991	 0.014411	 0.000000	 0.012512
238	 0.004055	 0.003835	 0.000079	 0.000000	 0.000107	0.931551	 0.896826	 0.014490	 0.000000	 0.012619
239	 0.003913	 0.003787	 0.000047	 0.000000	 0.000053	0.935464	 0.900613	 0.014537	 0.000000	 0.012672
240	 0.003996	 0.003796	 0.000062	 0.000000	 0.000104	0.939460	 0.904409	 0.014599	 0.000000	 0.012776
241	 0.004133	 0.003994	 0.000055	 0.000000	 0.000054	0.943593	 0.908403	 0.014654	 0.000000	 0.012830
242	 0.004413	 0.004191	 0.000081	 0.000000	 0.000110	0.948006	 0.912594	 0.014735	 0.000000	 0.012940
243	 0.004167	 0.004053	 0.000033	 0.000000	 0.000055	0.952173	 0.916647	 0.014768	 0.000000	 0.012995
244	 0.003865	 0.003651	 0.000079	 0.000000	 0.000104	0.956038	 0.920298	 0.014847	 0.000000	 0.013099
245	 0.003933	 0.003797	 0.000047	 0.000000	 0.000059	0.959971	 0.924095	 0.014894	 0.000000	 0.013158
246	 0.004113	 0.003898	 0.000075	 0.000000	 0.000106	0.964084	 0.927993	 0.014969	 0.000000	 0.013264
247	 0.003771	 0.003635	 0.000047	 0.000000	 0.000060	0.967855	 0.931628	 0.015016	 0.000000	 0.013324
248	 0.003797	 0.003602	 0.000062	 0.000000	 0.000103	0.971652	 0.935230	 0.015078	 0.000000	 0.013427
249	 0.003923	 0.003751	 0.000054	 0.000000	 0.000073	0.975575	 0.938981	 0.015132	 0.000000	 0.013500
250	 0.003913	 0.003780	 0.000049	 0.000000	 0.000055	0.979488	 0.942761	 0.015181	 0.000000	 0.013555
251	 0.003763	 0.003562	 0.000061	 0.000000	 0.000105	0.983251	 0.946323	 0.015242	 0.000000	 0.013660
252	 0.003626	 0.003488	 0.000051	 0.000000	 0.000059	0.986877	 0.949811	 0.015293	 0.000000	 0.013719
253	 0.004390	 0.004178	 0.000076	 0.000000	 0.000105	0.991267	 0.953989	 0.015369	 0.000000	 0.013824
254	 0.003947	 0.003814	 0.000047	 0.000000	 0.000059	0.995214	 0.957803	 0.015416	 0.000000	 0.013883
255	 0.004006	 0.003803	 0.000061	 0.000000	 0.000108	0.999220	 0.961606	 0.015477	 0.000000	 0.013991
256	 0.004316	 0.004181	 0.000047	 0.000000	 0.000059	1.003536	 0.965787	 0.015524	 0.000000	 0.014050
257	 0.004047	 0.003827	 0.000078	 0.000000	 0.000112	1.007583	 0.969614	 0.015602	 0.000000	 0.014162
258	 0.004088	 0.003947	 0.000047	 0.000000	 0.000066	1.011671	 0.973561	 0.015649	 0.000000	 0.014228
259	 0.004264	 0.004034	 0.000074	 0.000000	 0.000121	1.015935	 0.977595	 0.015723	 0.000000	 0.014349
260	 0.004048	 0.003925	 0.000033	 0.000000	 0.000063	1.019983	 0.981520	 0.015756	 0.000000	 0.014412
261	 0.004078	 0.003865	 0.000058	 0.000000	 0.000121	1.024061	 0.985385	 0.015814	 0.000000	 0.014533
262	 0.004222	 0.004085	 0.000048	 0.000000	 0.000061	1.028283	 0.989470	 0.015862	 0.000000	 0.014594
263	 0.004274	 0.004046	 0.000076	 0.000000	 0.000121	1.032557	 0.993516	 0.015938	 0.000000	 0.014715
264	 0.004215	 0.004096	 0.000033	 0.000000	 0.000062	1.036772	 0.997612	 0.015971	 0.000000	 0.014777
265	 0.004316	 0.004113	 0.000058	 0.000000	 0.000114	1.041088	 1.001725	 0.016029	 0.000000	 0.014891
266	 0.004171	 0.004047	 0.000033	 0.000000	 0.000064	1.045259	 1.005772	 0.016062	 0.000000	 0.014955
267	 0.004316	 0.004109	 0.000058	 0.000000	 0.000117	1.049575	 1.009881	 0.016120	 0.000000	 0.015072
