113.965990
176.288557

113.780644
163.829541

113.980277
168.627028

103.766024
180.381897

108.732977
156.242163

103.122474
173.382893

108.870909
172.093544

114.190715
163.005178

108.758307
172.484364

108.871109
172.090594

119.762837
149.399308

108.748648
181.401585

106.297383
173.736759

114.005840
149.912662

113.749999
165.529847

112.155496
173.324708

109.075707
176.976974

113.965990
176.288557

119.263162
166.471887

103.984007
171.200763

119.098900
171.416400

108.862708
174.201848

113.824591
171.601600

119.174667
167.829439

114.018065
164.708682

114.076019
172.052809

113.947874
165.089385

102.992929
171.277128

108.874154
163.812019

119.121942
167.883869

