119.294440
156.513339

119.342113
157.841380

119.433257
163.489102

119.177872
160.138599

113.961653
149.062415

108.479045
170.111801

114.390201
166.494343

119.248946
156.262250

119.266008
161.932433

119.341519
161.264620

119.188306
156.559272

113.725685
172.302298

119.165101
160.407983

119.136348
144.174671

119.343746
158.038893

119.216790
165.158999

119.363139
166.709845

119.294440
156.513339

127.091881
158.688288

108.828297
162.028646

124.773351
165.949858

119.152724
164.126449

124.636497
160.897151

124.807695
162.385253

119.309317
156.758663

119.348658
165.216517

119.378549
159.474113

108.920072
163.726484

119.345705
153.354148

124.802579
161.504391

