130.698131
144.737898

124.952456
150.910605

124.861504
156.639845

124.792517
151.604658

119.352644
141.354042

118.906804
147.813374

124.537073
156.364900

130.645934
144.728705

119.263634
152.801337

124.820359
150.222545

128.923860
140.358927

119.290027
161.028941

121.742723
156.306453

124.802931
138.391948

124.875142
149.555233

124.797887
158.661485

124.804704
161.153554

130.698131
144.737898

136.857726
149.036688

119.250073
156.005628

130.605498
155.970088

124.840546
158.569955

125.087937
148.506285

130.665673
155.622414

130.640646
142.051217

130.364687
152.984344

124.777316
151.411639

119.212947
146.519095

124.757031
140.823669

130.640729
155.638983

