Problem:                                baa99_m
First Stage Rows:                       1
First Stage Columns:                    2
First Stage Non-zeros:                  0
Number of replications:                 30
Status:                                 COMPROMISE SOLUTION
Total Objective Function Upper Bound:   -277.744,[-283.183416,-272.304926],half-width:5.439, stdev:2.775
Total Objective Function Lower Bound:   -280.732,[-286.876085,-274.587954],half-width:6.144, stdev:3.135

First Stage Solutions:
   No.   Row name   Activity      Lower bound   Upper bound   Dual          Dual STDEV
------ ------------ ------------- ------------- ------------- ------------- -------------
     0 obj          -2.777442e+02 

   No. Column name  Activity      Lower bound   Upper bound   Reduced Cost  RC STDEV
------ ------------ ------------- ------------- ------------- ------------- -------------
     1 x1            1.288427e+02  0.000000e+00  2.170000e+02  0.000000e+00  0.000000e+00 
     2 x2            1.474067e+02  0.000000e+00  2.170000e+02  0.000000e+00  0.000000e+00 


Problem:                                baa99_m
First Stage Rows:                       1
First Stage Columns:                    2
First Stage Non-zeros:                  0
Number of replications:                 30
Status:                                 MEAN SOLUTION
Total Objective Function Upper Bound:   -277.729,[-283.167519,-272.290507],half-width:5.439, stdev:2.775
Total Objective Function Lower Bound:   -280.732,[-286.876085,-274.587954],half-width:6.144, stdev:3.135

First Stage Solutions:
   No.   Row name   Activity      Lower bound   Upper bound   Dual          Dual STDEV
------ ------------ ------------- ------------- ------------- ------------- -------------
     0 obj          -2.777290e+02 

   No. Column name  Activity      Lower bound   Upper bound   Reduced Cost  RC STDEV
------ ------------ ------------- ------------- ------------- ------------- -------------
     1 x1            1.288115e+02  0.000000e+00  2.170000e+02  0.000000e+00  0.000000e+00 
     2 x2            1.473901e+02  0.000000e+00  2.170000e+02  0.000000e+00  0.000000e+00 


