130.598514
144.540494

130.618654
146.208573

130.751379
151.146631

125.664978
150.371013

124.081291
134.402573

119.204611
146.417857

124.917042
155.957498

130.695259
144.426360

124.928246
155.500133

130.637913
141.741395

130.644316
135.342339

124.778001
160.440425

124.728470
148.239035

130.524265
132.825713

130.574039
146.712890

124.869731
156.246479

124.796119
161.620957

130.598514
144.540494

136.906669
147.920516

119.339044
149.215051

130.644007
155.017520

130.640645
149.498420

130.532440
140.913544

136.878920
148.986792

130.654789
145.159222

136.717668
145.268443

130.510622
147.904030

120.503541
145.652929

130.449955
140.310320

136.955071
149.175585

