72.105553
213.721781

72.398298
207.034679

72.228085
212.974285

72.184508
212.955864

72.177068
200.321949

66.324151
205.506625

78.156463
202.486277

72.342223
204.823912

72.381411
213.074967

72.383232
202.909907

72.415381
198.606705

72.425867
216.999986

68.250305
211.803150

70.386383
196.542971

67.144013
212.936208

68.546161
216.999994

72.330765
216.999997

72.105553
213.721781

78.108164
209.261426

66.823224
208.052539

78.005486
214.098589

72.348898
213.110332

78.004334
207.698491

75.132195
211.288573

77.913915
200.369532

71.963282
213.221558

67.360649
211.946303

67.534771
204.887802

78.127872
194.695245

72.021858
214.938353

