Problem:                                baa99_m
First Stage Rows:                       1
First Stage Columns:                    2
First Stage Non-zeros:                  0
Number of replications:                 30
Status:                                 COMPROMISE SOLUTION
Total Objective Function Upper Bound:   -316.307,[-321.670695,-310.943691],half-width:5.364, stdev:2.736
Total Objective Function Lower Bound:   -320.943,[-325.990280,-315.896303],half-width:5.047, stdev:2.575

First Stage Solutions:
   No.   Row name   Activity      Lower bound   Upper bound   Dual          Dual STDEV
------ ------------ ------------- ------------- ------------- ------------- -------------
     0 obj          -3.163072e+02 

   No. Column name  Activity      Lower bound   Upper bound   Reduced Cost  RC STDEV
------ ------------ ------------- ------------- ------------- ------------- -------------
     1 x1            9.654073e+01  0.000000e+00  2.170000e+02  0.000000e+00  0.000000e+00 
     2 x2            1.851584e+02  0.000000e+00  2.170000e+02  0.000000e+00  0.000000e+00 


Problem:                                baa99_m
First Stage Rows:                       1
First Stage Columns:                    2
First Stage Non-zeros:                  0
Number of replications:                 30
Status:                                 MEAN SOLUTION
Total Objective Function Upper Bound:   -316.307,[-321.670900,-310.943383],half-width:5.364, stdev:2.737
Total Objective Function Lower Bound:   -320.943,[-325.990280,-315.896303],half-width:5.047, stdev:2.575

First Stage Solutions:
   No.   Row name   Activity      Lower bound   Upper bound   Dual          Dual STDEV
------ ------------ ------------- ------------- ------------- ------------- -------------
     0 obj          -3.163071e+02 

   No. Column name  Activity      Lower bound   Upper bound   Reduced Cost  RC STDEV
------ ------------ ------------- ------------- ------------- ------------- -------------
     1 x1            9.655422e+01  0.000000e+00  2.170000e+02  0.000000e+00  0.000000e+00 
     2 x2            1.851461e+02  0.000000e+00  2.170000e+02  0.000000e+00  0.000000e+00 


