98.830652
192.193192

98.393457
182.576917

93.843508
191.955916

93.647306
190.283130

93.580881
176.016806

93.729782
188.714444

103.386096
177.584302

103.800605
173.434102

93.492401
193.111630

93.627151
181.113085

97.977667
174.760106

88.481728
191.543006

93.716780
186.544952

99.072216
171.809730

98.819203
181.253779

93.549251
191.578717

94.048374
196.310991

98.830652
192.193192

103.522120
183.481570

88.622751
189.252259

98.782995
191.852369

98.871115
185.312281

98.706117
185.070451

98.788811
188.161829

98.779590
180.380813

98.277120
187.616110

95.594709
183.646369

88.552028
184.745852

98.632934
173.984460

98.668712
187.901927

