Iter	 Iter_time	 Master	 Subprob	 Full_Test	 argmax	Iter_acc	 Master_acc	 Subprob_acc	 Full_Test_acc	 argmax_acc
1	 0.000598	 0.000296	 0.000108	 0.000000	 0.000105	0.000598	 0.000296	 0.000108	 0.000000	 0.000105
2	 0.005283	 0.005102	 0.000071	 0.000000	 0.000053	0.005881	 0.005398	 0.000179	 0.000000	 0.000158
3	 0.005032	 0.004948	 0.000044	 0.000000	 0.000019	0.010913	 0.010346	 0.000223	 0.000000	 0.000177
4	 0.006748	 0.006572	 0.000112	 0.000000	 0.000036	0.017661	 0.016918	 0.000335	 0.000000	 0.000213
5	 0.006396	 0.006159	 0.000052	 0.000000	 0.000108	0.024057	 0.023077	 0.000387	 0.000000	 0.000321
6	 0.005843	 0.005694	 0.000084	 0.000000	 0.000038	0.029900	 0.028771	 0.000471	 0.000000	 0.000359
7	 0.005972	 0.005886	 0.000033	 0.000000	 0.000025	0.035872	 0.034657	 0.000504	 0.000000	 0.000384
8	 0.007260	 0.007088	 0.000091	 0.000000	 0.000046	0.043132	 0.041745	 0.000595	 0.000000	 0.000430
9	 0.008266	 0.008154	 0.000056	 0.000000	 0.000027	0.051398	 0.049899	 0.000651	 0.000000	 0.000457
10	 0.008347	 0.008168	 0.000098	 0.000000	 0.000042	0.059745	 0.058067	 0.000749	 0.000000	 0.000499
11	 0.007668	 0.007569	 0.000039	 0.000000	 0.000032	0.067413	 0.065636	 0.000788	 0.000000	 0.000531
12	 0.005100	 0.004784	 0.000074	 0.000000	 0.000160	0.072513	 0.070420	 0.000862	 0.000000	 0.000691
13	 0.006161	 0.006057	 0.000053	 0.000000	 0.000028	0.078674	 0.076477	 0.000915	 0.000000	 0.000719
14	 0.005663	 0.005554	 0.000043	 0.000000	 0.000041	0.084337	 0.082031	 0.000958	 0.000000	 0.000760
15	 0.006636	 0.006548	 0.000034	 0.000000	 0.000032	0.090973	 0.088579	 0.000992	 0.000000	 0.000792
16	 0.005424	 0.005285	 0.000067	 0.000000	 0.000045	0.096397	 0.093864	 0.001059	 0.000000	 0.000837
17	 0.005562	 0.005464	 0.000041	 0.000000	 0.000033	0.101959	 0.099328	 0.001100	 0.000000	 0.000870
18	 0.006014	 0.005873	 0.000064	 0.000000	 0.000044	0.107973	 0.105201	 0.001164	 0.000000	 0.000914
19	 0.005846	 0.005768	 0.000025	 0.000000	 0.000030	0.113819	 0.110969	 0.001189	 0.000000	 0.000944
20	 0.005957	 0.005818	 0.000064	 0.000000	 0.000047	0.119776	 0.116787	 0.001253	 0.000000	 0.000991
21	 0.006896	 0.006797	 0.000041	 0.000000	 0.000034	0.126672	 0.123584	 0.001294	 0.000000	 0.001025
22	 0.007279	 0.007132	 0.000068	 0.000000	 0.000050	0.133951	 0.130716	 0.001362	 0.000000	 0.001075
23	 0.006654	 0.006534	 0.000027	 0.000000	 0.000033	0.140605	 0.137250	 0.001389	 0.000000	 0.001108
24	 0.006265	 0.006120	 0.000063	 0.000000	 0.000054	0.146870	 0.143370	 0.001452	 0.000000	 0.001162
25	 0.005637	 0.005544	 0.000037	 0.000000	 0.000034	0.152507	 0.148914	 0.001489	 0.000000	 0.001196
26	 0.006081	 0.005924	 0.000057	 0.000000	 0.000066	0.158588	 0.154838	 0.001546	 0.000000	 0.001262
27	 0.006071	 0.005979	 0.000033	 0.000000	 0.000035	0.164659	 0.160817	 0.001579	 0.000000	 0.001297
28	 0.005219	 0.005102	 0.000041	 0.000000	 0.000050	0.169878	 0.165919	 0.001620	 0.000000	 0.001347
29	 0.006155	 0.006052	 0.000042	 0.000000	 0.000037	0.176033	 0.171971	 0.001662	 0.000000	 0.001384
30	 0.005914	 0.005752	 0.000069	 0.000000	 0.000057	0.181947	 0.177723	 0.001731	 0.000000	 0.001441
31	 0.005473	 0.005383	 0.000028	 0.000000	 0.000038	0.187420	 0.183106	 0.001759	 0.000000	 0.001479
32	 0.005288	 0.005162	 0.000042	 0.000000	 0.000053	0.192708	 0.188268	 0.001801	 0.000000	 0.001532
33	 0.004797	 0.004710	 0.000028	 0.000000	 0.000034	0.197505	 0.192978	 0.001829	 0.000000	 0.001566
34	 0.005648	 0.005520	 0.000044	 0.000000	 0.000056	0.203153	 0.198498	 0.001873	 0.000000	 0.001622
35	 0.006670	 0.006564	 0.000043	 0.000000	 0.000039	0.209823	 0.205062	 0.001916	 0.000000	 0.001661
36	 0.005659	 0.005521	 0.000045	 0.000000	 0.000060	0.215482	 0.210583	 0.001961	 0.000000	 0.001721
37	 0.005942	 0.005838	 0.000040	 0.000000	 0.000039	0.221424	 0.216421	 0.002001	 0.000000	 0.001760
38	 0.005529	 0.005364	 0.000067	 0.000000	 0.000068	0.226953	 0.221785	 0.002068	 0.000000	 0.001828
39	 0.005341	 0.005228	 0.000044	 0.000000	 0.000042	0.232294	 0.227013	 0.002112	 0.000000	 0.001870
40	 0.006631	 0.006482	 0.000062	 0.000000	 0.000059	0.238925	 0.233495	 0.002174	 0.000000	 0.001929
41	 0.006469	 0.006366	 0.000032	 0.000000	 0.000045	0.245394	 0.239861	 0.002206	 0.000000	 0.001974
42	 0.005503	 0.005367	 0.000044	 0.000000	 0.000065	0.250897	 0.245228	 0.002250	 0.000000	 0.002039
43	 0.005596	 0.005505	 0.000029	 0.000000	 0.000040	0.256493	 0.250733	 0.002279	 0.000000	 0.002079
44	 0.004973	 0.004843	 0.000042	 0.000000	 0.000061	0.261466	 0.255576	 0.002321	 0.000000	 0.002140
45	 0.005712	 0.005606	 0.000042	 0.000000	 0.000041	0.267178	 0.261182	 0.002363	 0.000000	 0.002181
46	 0.006225	 0.006058	 0.000066	 0.000000	 0.000070	0.273403	 0.267240	 0.002429	 0.000000	 0.002251
47	 0.007007	 0.006900	 0.000041	 0.000000	 0.000042	0.280410	 0.274140	 0.002470	 0.000000	 0.002293
48	 0.005285	 0.005121	 0.000062	 0.000000	 0.000064	0.285695	 0.279261	 0.002532	 0.000000	 0.002357
49	 0.006144	 0.006026	 0.000045	 0.000000	 0.000041	0.291839	 0.285287	 0.002577	 0.000000	 0.002398
50	 0.005244	 0.005152	 0.000027	 0.000000	 0.000041	0.297083	 0.290439	 0.002604	 0.000000	 0.002439
51	 0.005940	 0.005781	 0.000062	 0.000000	 0.000068	0.303023	 0.296220	 0.002666	 0.000000	 0.002507
52	 0.006048	 0.005932	 0.000041	 0.000000	 0.000045	0.309071	 0.302152	 0.002707	 0.000000	 0.002552
53	 0.004980	 0.004893	 0.000026	 0.000000	 0.000040	0.314051	 0.307045	 0.002733	 0.000000	 0.002592
54	 0.005977	 0.005832	 0.000048	 0.000000	 0.000071	0.320028	 0.312877	 0.002781	 0.000000	 0.002663
55	 0.006733	 0.006639	 0.000027	 0.000000	 0.000043	0.326761	 0.319516	 0.002808	 0.000000	 0.002706
56	 0.005610	 0.005439	 0.000066	 0.000000	 0.000077	0.332371	 0.324955	 0.002874	 0.000000	 0.002783
57	 0.004946	 0.004828	 0.000040	 0.000000	 0.000043	0.337317	 0.329783	 0.002914	 0.000000	 0.002826
58	 0.006037	 0.005879	 0.000061	 0.000000	 0.000068	0.343354	 0.335662	 0.002975	 0.000000	 0.002894
59	 0.005353	 0.005246	 0.000037	 0.000000	 0.000047	0.348707	 0.340908	 0.003012	 0.000000	 0.002941
60	 0.005841	 0.005681	 0.000048	 0.000000	 0.000082	0.354548	 0.346589	 0.003060	 0.000000	 0.003023
61	 0.005476	 0.005362	 0.000041	 0.000000	 0.000047	0.360024	 0.351951	 0.003101	 0.000000	 0.003070
62	 0.006209	 0.006041	 0.000062	 0.000000	 0.000076	0.366233	 0.357992	 0.003163	 0.000000	 0.003146
63	 0.005499	 0.005393	 0.000030	 0.000000	 0.000049	0.371732	 0.363385	 0.003193	 0.000000	 0.003195
64	 0.005766	 0.005619	 0.000043	 0.000000	 0.000075	0.377498	 0.369004	 0.003236	 0.000000	 0.003270
65	 0.006440	 0.006328	 0.000039	 0.000000	 0.000047	0.383938	 0.375332	 0.003275	 0.000000	 0.003317
66	 0.005626	 0.005481	 0.000045	 0.000000	 0.000073	0.389564	 0.380813	 0.003320	 0.000000	 0.003390
67	 0.005203	 0.005100	 0.000028	 0.000000	 0.000051	0.394767	 0.385913	 0.003348	 0.000000	 0.003441
68	 0.005945	 0.005777	 0.000061	 0.000000	 0.000076	0.400712	 0.391690	 0.003409	 0.000000	 0.003517
69	 0.005646	 0.005529	 0.000030	 0.000000	 0.000052	0.406358	 0.397219	 0.003439	 0.000000	 0.003569
70	 0.005771	 0.005661	 0.000031	 0.000000	 0.000053	0.412129	 0.402880	 0.003470	 0.000000	 0.003622
71	 0.005621	 0.005471	 0.000043	 0.000000	 0.000080	0.417750	 0.408351	 0.003513	 0.000000	 0.003702
72	 0.005610	 0.005497	 0.000042	 0.000000	 0.000045	0.423360	 0.413848	 0.003555	 0.000000	 0.003747
73	 0.005193	 0.005031	 0.000048	 0.000000	 0.000086	0.428553	 0.418879	 0.003603	 0.000000	 0.003833
74	 0.007099	 0.006985	 0.000040	 0.000000	 0.000048	0.435652	 0.425864	 0.003643	 0.000000	 0.003881
75	 0.006109	 0.005917	 0.000068	 0.000000	 0.000096	0.441761	 0.431781	 0.003711	 0.000000	 0.003977
76	 0.005586	 0.005487	 0.000026	 0.000000	 0.000049	0.447347	 0.437268	 0.003737	 0.000000	 0.004026
77	 0.006724	 0.006575	 0.000043	 0.000000	 0.000079	0.454071	 0.443843	 0.003780	 0.000000	 0.004105
78	 0.005791	 0.005685	 0.000029	 0.000000	 0.000051	0.459862	 0.449528	 0.003809	 0.000000	 0.004156
79	 0.005883	 0.005684	 0.000073	 0.000000	 0.000097	0.465745	 0.455212	 0.003882	 0.000000	 0.004253
80	 0.006074	 0.005972	 0.000027	 0.000000	 0.000052	0.471819	 0.461184	 0.003909	 0.000000	 0.004305
81	 0.005606	 0.005443	 0.000047	 0.000000	 0.000084	0.477425	 0.466627	 0.003956	 0.000000	 0.004389
82	 0.004927	 0.004821	 0.000028	 0.000000	 0.000053	0.482352	 0.471448	 0.003984	 0.000000	 0.004442
83	 0.007274	 0.007120	 0.000041	 0.000000	 0.000083	0.489626	 0.478568	 0.004025	 0.000000	 0.004525
84	 0.005188	 0.005078	 0.000029	 0.000000	 0.000055	0.494814	 0.483646	 0.004054	 0.000000	 0.004580
85	 0.006113	 0.005911	 0.000071	 0.000000	 0.000100	0.500927	 0.489557	 0.004125	 0.000000	 0.004680
86	 0.005529	 0.005426	 0.000027	 0.000000	 0.000052	0.506456	 0.494983	 0.004152	 0.000000	 0.004732
87	 0.006156	 0.005974	 0.000064	 0.000000	 0.000089	0.512612	 0.500957	 0.004216	 0.000000	 0.004821
88	 0.005106	 0.004978	 0.000030	 0.000000	 0.000059	0.517718	 0.505935	 0.004246	 0.000000	 0.004880
89	 0.006007	 0.005901	 0.000027	 0.000000	 0.000052	0.523725	 0.511836	 0.004273	 0.000000	 0.004932
90	 0.006120	 0.005944	 0.000048	 0.000000	 0.000098	0.529845	 0.517780	 0.004321	 0.000000	 0.005030
91	 0.005606	 0.005491	 0.000029	 0.000000	 0.000054	0.535451	 0.523271	 0.004350	 0.000000	 0.005084
92	 0.004966	 0.004859	 0.000025	 0.000000	 0.000051	0.540417	 0.528130	 0.004375	 0.000000	 0.005135
93	 0.004576	 0.004456	 0.000040	 0.000000	 0.000055	0.544993	 0.532586	 0.004415	 0.000000	 0.005190
94	 0.004829	 0.004664	 0.000045	 0.000000	 0.000092	0.549822	 0.537250	 0.004460	 0.000000	 0.005282
95	 0.005786	 0.005671	 0.000038	 0.000000	 0.000054	0.555608	 0.542921	 0.004498	 0.000000	 0.005336
96	 0.004946	 0.004757	 0.000059	 0.000000	 0.000103	0.560554	 0.547678	 0.004557	 0.000000	 0.005439
97	 0.005870	 0.005756	 0.000035	 0.000000	 0.000054	0.566424	 0.553434	 0.004592	 0.000000	 0.005493
98	 0.006059	 0.005893	 0.000045	 0.000000	 0.000095	0.572483	 0.559327	 0.004637	 0.000000	 0.005588
99	 0.005353	 0.005229	 0.000041	 0.000000	 0.000057	0.577836	 0.564556	 0.004678	 0.000000	 0.005645
100	 0.005738	 0.005541	 0.000060	 0.000000	 0.000099	0.583574	 0.570097	 0.004738	 0.000000	 0.005744
101	 0.005871	 0.005746	 0.000045	 0.000000	 0.000056	0.589445	 0.575843	 0.004783	 0.000000	 0.005800
102	 0.004761	 0.004601	 0.000043	 0.000000	 0.000091	0.594206	 0.580444	 0.004826	 0.000000	 0.005891
103	 0.005675	 0.005562	 0.000026	 0.000000	 0.000052	0.599881	 0.586006	 0.004852	 0.000000	 0.005943
104	 0.005903	 0.005779	 0.000046	 0.000000	 0.000053	0.605784	 0.591785	 0.004898	 0.000000	 0.005996
105	 0.004954	 0.004765	 0.000061	 0.000000	 0.000100	0.610738	 0.596550	 0.004959	 0.000000	 0.006096
106	 0.005208	 0.005085	 0.000040	 0.000000	 0.000058	0.615946	 0.601635	 0.004999	 0.000000	 0.006154
107	 0.006061	 0.005889	 0.000044	 0.000000	 0.000098	0.622007	 0.607524	 0.005043	 0.000000	 0.006252
108	 0.005112	 0.005000	 0.000038	 0.000000	 0.000053	0.627119	 0.612524	 0.005081	 0.000000	 0.006305
109	 0.005257	 0.005068	 0.000059	 0.000000	 0.000098	0.632376	 0.617592	 0.005140	 0.000000	 0.006403
110	 0.005790	 0.005669	 0.000028	 0.000000	 0.000059	0.638166	 0.623261	 0.005168	 0.000000	 0.006462
111	 0.005549	 0.005446	 0.000025	 0.000000	 0.000055	0.643715	 0.628707	 0.005193	 0.000000	 0.006517
112	 0.006556	 0.006385	 0.000042	 0.000000	 0.000099	0.650271	 0.635092	 0.005235	 0.000000	 0.006616
113	 0.007875	 0.007753	 0.000030	 0.000000	 0.000064	0.658146	 0.642845	 0.005265	 0.000000	 0.006680
114	 0.007252	 0.007039	 0.000069	 0.000000	 0.000112	0.665398	 0.649884	 0.005334	 0.000000	 0.006792
115	 0.006471	 0.006347	 0.000042	 0.000000	 0.000057	0.671869	 0.656231	 0.005376	 0.000000	 0.006849
116	 0.006802	 0.006602	 0.000066	 0.000000	 0.000106	0.678671	 0.662833	 0.005442	 0.000000	 0.006955
117	 0.005303	 0.005171	 0.000042	 0.000000	 0.000064	0.683974	 0.668004	 0.005484	 0.000000	 0.007019
118	 0.006314	 0.006071	 0.000066	 0.000000	 0.000141	0.690288	 0.674075	 0.005550	 0.000000	 0.007160
119	 0.005323	 0.005208	 0.000039	 0.000000	 0.000056	0.695611	 0.679283	 0.005589	 0.000000	 0.007216
120	 0.005490	 0.005288	 0.000062	 0.000000	 0.000112	0.701101	 0.684571	 0.005651	 0.000000	 0.007328
121	 0.005613	 0.005499	 0.000028	 0.000000	 0.000062	0.706714	 0.690070	 0.005679	 0.000000	 0.007390
122	 0.005286	 0.005115	 0.000040	 0.000000	 0.000104	0.712000	 0.695185	 0.005719	 0.000000	 0.007494
123	 0.005259	 0.005126	 0.000027	 0.000000	 0.000062	0.717259	 0.700311	 0.005746	 0.000000	 0.007556
124	 0.005602	 0.005400	 0.000065	 0.000000	 0.000109	0.722861	 0.705711	 0.005811	 0.000000	 0.007665
125	 0.005115	 0.005009	 0.000025	 0.000000	 0.000058	0.727976	 0.710720	 0.005836	 0.000000	 0.007723
126	 0.005454	 0.005237	 0.000065	 0.000000	 0.000112	0.733430	 0.715957	 0.005901	 0.000000	 0.007835
127	 0.005409	 0.005281	 0.000040	 0.000000	 0.000063	0.738839	 0.721238	 0.005941	 0.000000	 0.007898
128	 0.005592	 0.005426	 0.000042	 0.000000	 0.000099	0.744431	 0.726664	 0.005983	 0.000000	 0.007997
129	 0.005413	 0.005299	 0.000026	 0.000000	 0.000062	0.749844	 0.731963	 0.006009	 0.000000	 0.008059
130	 0.005774	 0.005562	 0.000072	 0.000000	 0.000112	0.755618	 0.737525	 0.006081	 0.000000	 0.008171
131	 0.005571	 0.005463	 0.000024	 0.000000	 0.000062	0.761189	 0.742988	 0.006105	 0.000000	 0.008233
132	 0.005350	 0.005147	 0.000062	 0.000000	 0.000113	0.766539	 0.748135	 0.006167	 0.000000	 0.008346
133	 0.005626	 0.005506	 0.000027	 0.000000	 0.000067	0.772165	 0.753641	 0.006194	 0.000000	 0.008413
134	 0.005439	 0.005235	 0.000063	 0.000000	 0.000113	0.777604	 0.758876	 0.006257	 0.000000	 0.008526
135	 0.005492	 0.005364	 0.000040	 0.000000	 0.000063	0.783096	 0.764240	 0.006297	 0.000000	 0.008589
136	 0.006079	 0.005891	 0.000044	 0.000000	 0.000114	0.789175	 0.770131	 0.006341	 0.000000	 0.008703
137	 0.006059	 0.005958	 0.000022	 0.000000	 0.000058	0.795234	 0.776089	 0.006363	 0.000000	 0.008761
138	 0.005419	 0.005233	 0.000042	 0.000000	 0.000114	0.800653	 0.781322	 0.006405	 0.000000	 0.008875
139	 0.004742	 0.004640	 0.000022	 0.000000	 0.000060	0.805395	 0.785962	 0.006427	 0.000000	 0.008935
140	 0.005197	 0.005028	 0.000038	 0.000000	 0.000109	0.810592	 0.790990	 0.006465	 0.000000	 0.009044
141	 0.005434	 0.005313	 0.000026	 0.000000	 0.000063	0.816026	 0.796303	 0.006491	 0.000000	 0.009107
142	 0.005645	 0.005506	 0.000040	 0.000000	 0.000065	0.821671	 0.801809	 0.006531	 0.000000	 0.009172
143	 0.005164	 0.005035	 0.000035	 0.000000	 0.000061	0.826835	 0.806844	 0.006566	 0.000000	 0.009233
144	 0.005323	 0.005206	 0.000027	 0.000000	 0.000062	0.832158	 0.812050	 0.006593	 0.000000	 0.009295
145	 0.005238	 0.005119	 0.000027	 0.000000	 0.000066	0.837396	 0.817169	 0.006620	 0.000000	 0.009361
146	 0.006435	 0.006215	 0.000064	 0.000000	 0.000120	0.843831	 0.823384	 0.006684	 0.000000	 0.009481
147	 0.005135	 0.004994	 0.000039	 0.000000	 0.000068	0.848966	 0.828378	 0.006723	 0.000000	 0.009549
148	 0.005319	 0.005198	 0.000029	 0.000000	 0.000068	0.854285	 0.833576	 0.006752	 0.000000	 0.009617
149	 0.006471	 0.006284	 0.000044	 0.000000	 0.000116	0.860756	 0.839860	 0.006796	 0.000000	 0.009733
150	 0.005498	 0.005363	 0.000042	 0.000000	 0.000070	0.866254	 0.845223	 0.006838	 0.000000	 0.009803
151	 0.005411	 0.005229	 0.000043	 0.000000	 0.000113	0.871665	 0.850452	 0.006881	 0.000000	 0.009916
152	 0.005865	 0.005747	 0.000033	 0.000000	 0.000063	0.877530	 0.856199	 0.006914	 0.000000	 0.009979
153	 0.006260	 0.006078	 0.000042	 0.000000	 0.000116	0.883790	 0.862277	 0.006956	 0.000000	 0.010095
154	 0.005035	 0.004913	 0.000028	 0.000000	 0.000069	0.888825	 0.867190	 0.006984	 0.000000	 0.010164
155	 0.006616	 0.006407	 0.000060	 0.000000	 0.000120	0.895441	 0.873597	 0.007044	 0.000000	 0.010284
156	 0.006165	 0.006029	 0.000039	 0.000000	 0.000072	0.901606	 0.879626	 0.007083	 0.000000	 0.010356
157	 0.005926	 0.005693	 0.000065	 0.000000	 0.000137	0.907532	 0.885319	 0.007148	 0.000000	 0.010493
158	 0.006077	 0.005942	 0.000039	 0.000000	 0.000071	0.913609	 0.891261	 0.007187	 0.000000	 0.010564
159	 0.006222	 0.006006	 0.000060	 0.000000	 0.000127	0.919831	 0.897267	 0.007247	 0.000000	 0.010691
160	 0.006509	 0.006373	 0.000041	 0.000000	 0.000070	0.926340	 0.903640	 0.007288	 0.000000	 0.010761
161	 0.005622	 0.005404	 0.000062	 0.000000	 0.000127	0.931962	 0.909044	 0.007350	 0.000000	 0.010888
162	 0.005972	 0.005854	 0.000026	 0.000000	 0.000068	0.937934	 0.914898	 0.007376	 0.000000	 0.010956
163	 0.006162	 0.005969	 0.000043	 0.000000	 0.000121	0.944096	 0.920867	 0.007419	 0.000000	 0.011077
164	 0.006235	 0.006099	 0.000028	 0.000000	 0.000079	0.950331	 0.926966	 0.007447	 0.000000	 0.011156
165	 0.006057	 0.005856	 0.000043	 0.000000	 0.000127	0.956388	 0.932822	 0.007490	 0.000000	 0.011283
166	 0.006129	 0.005999	 0.000032	 0.000000	 0.000072	0.962517	 0.938821	 0.007522	 0.000000	 0.011355
167	 0.006505	 0.006304	 0.000043	 0.000000	 0.000127	0.969022	 0.945125	 0.007565	 0.000000	 0.011482
168	 0.007689	 0.007562	 0.000026	 0.000000	 0.000072	0.976711	 0.952687	 0.007591	 0.000000	 0.011554
169	 0.005791	 0.005595	 0.000042	 0.000000	 0.000126	0.982502	 0.958282	 0.007633	 0.000000	 0.011680
170	 0.006546	 0.006411	 0.000041	 0.000000	 0.000069	0.989048	 0.964693	 0.007674	 0.000000	 0.011749
171	 0.006425	 0.006197	 0.000063	 0.000000	 0.000136	0.995473	 0.970890	 0.007737	 0.000000	 0.011885
172	 0.005979	 0.005852	 0.000029	 0.000000	 0.000073	1.001452	 0.976742	 0.007766	 0.000000	 0.011958
173	 0.006287	 0.006071	 0.000045	 0.000000	 0.000136	1.007739	 0.982813	 0.007811	 0.000000	 0.012094
174	 0.006303	 0.006161	 0.000041	 0.000000	 0.000075	1.014042	 0.988974	 0.007852	 0.000000	 0.012169
175	 0.006483	 0.006230	 0.000065	 0.000000	 0.000158	1.020525	 0.995204	 0.007917	 0.000000	 0.012327
176	 0.006961	 0.006822	 0.000041	 0.000000	 0.000072	1.027486	 1.002026	 0.007958	 0.000000	 0.012399
177	 0.006730	 0.006507	 0.000060	 0.000000	 0.000133	1.034216	 1.008533	 0.008018	 0.000000	 0.012532
178	 0.006037	 0.005906	 0.000027	 0.000000	 0.000077	1.040253	 1.014439	 0.008045	 0.000000	 0.012609
179	 0.006682	 0.006459	 0.000063	 0.000000	 0.000131	1.046935	 1.020898	 0.008108	 0.000000	 0.012740
180	 0.005889	 0.005761	 0.000026	 0.000000	 0.000076	1.052824	 1.026659	 0.008134	 0.000000	 0.012816
181	 0.007002	 0.006763	 0.000048	 0.000000	 0.000160	1.059826	 1.033422	 0.008182	 0.000000	 0.012976
182	 0.006231	 0.006089	 0.000041	 0.000000	 0.000076	1.066057	 1.039511	 0.008223	 0.000000	 0.013052
183	 0.005810	 0.005598	 0.000044	 0.000000	 0.000135	1.071867	 1.045109	 0.008267	 0.000000	 0.013187
184	 0.006923	 0.006795	 0.000027	 0.000000	 0.000075	1.078790	 1.051904	 0.008294	 0.000000	 0.013262
185	 0.006213	 0.005985	 0.000065	 0.000000	 0.000135	1.085003	 1.057889	 0.008359	 0.000000	 0.013397
186	 0.005749	 0.005587	 0.000047	 0.000000	 0.000087	1.090752	 1.063476	 0.008406	 0.000000	 0.013484
187	 0.006932	 0.006719	 0.000044	 0.000000	 0.000135	1.097684	 1.070195	 0.008450	 0.000000	 0.013619
188	 0.006176	 0.006015	 0.000047	 0.000000	 0.000088	1.103860	 1.076210	 0.008497	 0.000000	 0.013707
189	 0.006563	 0.006314	 0.000063	 0.000000	 0.000154	1.110423	 1.082524	 0.008560	 0.000000	 0.013861
190	 0.006359	 0.006233	 0.000027	 0.000000	 0.000076	1.116782	 1.088757	 0.008587	 0.000000	 0.013937
191	 0.006566	 0.006334	 0.000062	 0.000000	 0.000139	1.123348	 1.095091	 0.008649	 0.000000	 0.014076
192	 0.006770	 0.006587	 0.000043	 0.000000	 0.000096	1.130118	 1.101678	 0.008692	 0.000000	 0.014172
193	 0.006605	 0.006469	 0.000031	 0.000000	 0.000079	1.136723	 1.108147	 0.008723	 0.000000	 0.014251
194	 0.006937	 0.006704	 0.000048	 0.000000	 0.000152	1.143660	 1.114851	 0.008771	 0.000000	 0.014403
195	 0.005843	 0.005716	 0.000025	 0.000000	 0.000076	1.149503	 1.120567	 0.008796	 0.000000	 0.014479
196	 0.006454	 0.006246	 0.000042	 0.000000	 0.000133	1.155957	 1.126813	 0.008838	 0.000000	 0.014612
197	 0.005977	 0.005831	 0.000042	 0.000000	 0.000079	1.161934	 1.132644	 0.008880	 0.000000	 0.014691
198	 0.006235	 0.005967	 0.000061	 0.000000	 0.000176	1.168169	 1.138611	 0.008941	 0.000000	 0.014867
199	 0.006748	 0.006595	 0.000046	 0.000000	 0.000079	1.174917	 1.145206	 0.008987	 0.000000	 0.014946
200	 0.006409	 0.006172	 0.000060	 0.000000	 0.000139	1.181326	 1.151378	 0.009047	 0.000000	 0.015085
201	 0.006525	 0.006389	 0.000028	 0.000000	 0.000080	1.187851	 1.157767	 0.009075	 0.000000	 0.015165
202	 0.008996	 0.008782	 0.000042	 0.000000	 0.000141	1.196847	 1.166549	 0.009117	 0.000000	 0.015306
203	 0.008951	 0.008801	 0.000030	 0.000000	 0.000087	1.205798	 1.175350	 0.009147	 0.000000	 0.015393
204	 0.010280	 0.009925	 0.000084	 0.000000	 0.000218	1.216078	 1.185275	 0.009231	 0.000000	 0.015611
205	 0.008789	 0.008467	 0.000102	 0.000000	 0.000177	1.224867	 1.193742	 0.009333	 0.000000	 0.015788
206	 0.008561	 0.008282	 0.000071	 0.000000	 0.000176	1.233428	 1.202024	 0.009404	 0.000000	 0.015964
207	 0.009631	 0.009490	 0.000029	 0.000000	 0.000084	1.243059	 1.211514	 0.009433	 0.000000	 0.016048
208	 0.008088	 0.007808	 0.000051	 0.000000	 0.000179	1.251147	 1.219322	 0.009484	 0.000000	 0.016227
209	 0.009483	 0.009343	 0.000028	 0.000000	 0.000084	1.260630	 1.228665	 0.009512	 0.000000	 0.016311
210	 0.006048	 0.005771	 0.000051	 0.000000	 0.000186	1.266678	 1.234436	 0.009563	 0.000000	 0.016497
211	 0.006410	 0.006213	 0.000069	 0.000000	 0.000099	1.273088	 1.240649	 0.009632	 0.000000	 0.016596
212	 0.006293	 0.006069	 0.000044	 0.000000	 0.000147	1.279381	 1.246718	 0.009676	 0.000000	 0.016743
213	 0.006713	 0.006553	 0.000046	 0.000000	 0.000086	1.286094	 1.253271	 0.009722	 0.000000	 0.016829
214	 0.007148	 0.006881	 0.000067	 0.000000	 0.000166	1.293242	 1.260152	 0.009789	 0.000000	 0.016995
215	 0.007455	 0.007282	 0.000047	 0.000000	 0.000095	1.300697	 1.267434	 0.009836	 0.000000	 0.017090
216	 0.007650	 0.007420	 0.000048	 0.000000	 0.000151	1.308347	 1.274854	 0.009884	 0.000000	 0.017241
217	 0.006646	 0.006482	 0.000045	 0.000000	 0.000093	1.314993	 1.281336	 0.009929	 0.000000	 0.017334
218	 0.007229	 0.007001	 0.000046	 0.000000	 0.000151	1.322222	 1.288337	 0.009975	 0.000000	 0.017485
219	 0.007362	 0.007185	 0.000050	 0.000000	 0.000096	1.329584	 1.295522	 0.010025	 0.000000	 0.017581
220	 0.006439	 0.006187	 0.000064	 0.000000	 0.000154	1.336023	 1.301709	 0.010089	 0.000000	 0.017735
221	 0.005706	 0.005540	 0.000044	 0.000000	 0.000094	1.341729	 1.307249	 0.010133	 0.000000	 0.017829
222	 0.006854	 0.006576	 0.000064	 0.000000	 0.000176	1.348583	 1.313825	 0.010197	 0.000000	 0.018005
223	 0.006693	 0.006498	 0.000064	 0.000000	 0.000095	1.355276	 1.320323	 0.010261	 0.000000	 0.018100
224	 0.006517	 0.006177	 0.000142	 0.000000	 0.000159	1.361793	 1.326500	 0.010403	 0.000000	 0.018259
225	 0.006041	 0.005889	 0.000030	 0.000000	 0.000095	1.367834	 1.332389	 0.010433	 0.000000	 0.018354
226	 0.006243	 0.005970	 0.000057	 0.000000	 0.000184	1.374077	 1.338359	 0.010490	 0.000000	 0.018538
227	 0.005584	 0.005421	 0.000044	 0.000000	 0.000094	1.379661	 1.343780	 0.010534	 0.000000	 0.018632
228	 0.007336	 0.007026	 0.000057	 0.000000	 0.000216	1.386997	 1.350806	 0.010591	 0.000000	 0.018848
229	 0.006614	 0.006442	 0.000047	 0.000000	 0.000098	1.393611	 1.357248	 0.010638	 0.000000	 0.018946
230	 0.006507	 0.006242	 0.000050	 0.000000	 0.000181	1.400118	 1.363490	 0.010688	 0.000000	 0.019127
231	 0.005792	 0.005629	 0.000043	 0.000000	 0.000094	1.405910	 1.369119	 0.010731	 0.000000	 0.019221
232	 0.006718	 0.006433	 0.000066	 0.000000	 0.000184	1.412628	 1.375552	 0.010797	 0.000000	 0.019405
233	 0.006502	 0.006338	 0.000029	 0.000000	 0.000103	1.419130	 1.381890	 0.010826	 0.000000	 0.019508
234	 0.007219	 0.006922	 0.000076	 0.000000	 0.000189	1.426349	 1.388812	 0.010902	 0.000000	 0.019697
235	 0.006997	 0.006842	 0.000028	 0.000000	 0.000097	1.433346	 1.395654	 0.010930	 0.000000	 0.019794
236	 0.006282	 0.005983	 0.000074	 0.000000	 0.000193	1.439628	 1.401637	 0.011004	 0.000000	 0.019987
237	 0.006539	 0.006388	 0.000029	 0.000000	 0.000095	1.446167	 1.408025	 0.011033	 0.000000	 0.020082
238	 0.007160	 0.006872	 0.000067	 0.000000	 0.000185	1.453327	 1.414897	 0.011100	 0.000000	 0.020267
239	 0.006994	 0.006830	 0.000042	 0.000000	 0.000094	1.460321	 1.421727	 0.011142	 0.000000	 0.020361
240	 0.006811	 0.006551	 0.000050	 0.000000	 0.000181	1.467132	 1.428278	 0.011192	 0.000000	 0.020542
241	 0.007874	 0.007721	 0.000029	 0.000000	 0.000096	1.475006	 1.435999	 0.011221	 0.000000	 0.020638
242	 0.007003	 0.006737	 0.000048	 0.000000	 0.000186	1.482009	 1.442736	 0.011269	 0.000000	 0.020824
243	 0.006859	 0.006682	 0.000027	 0.000000	 0.000100	1.488868	 1.449418	 0.011296	 0.000000	 0.020924
244	 0.008064	 0.007774	 0.000053	 0.000000	 0.000198	1.496932	 1.457192	 0.011349	 0.000000	 0.021122
245	 0.007700	 0.007534	 0.000032	 0.000000	 0.000103	1.504632	 1.464726	 0.011381	 0.000000	 0.021225
246	 0.007762	 0.007483	 0.000052	 0.000000	 0.000195	1.512394	 1.472209	 0.011433	 0.000000	 0.021420
247	 0.007873	 0.007710	 0.000031	 0.000000	 0.000101	1.520267	 1.479919	 0.011464	 0.000000	 0.021521
248	 0.007212	 0.006925	 0.000061	 0.000000	 0.000189	1.527479	 1.486844	 0.011525	 0.000000	 0.021710
249	 0.006923	 0.006739	 0.000047	 0.000000	 0.000103	1.534402	 1.493583	 0.011572	 0.000000	 0.021813
250	 0.006700	 0.006426	 0.000051	 0.000000	 0.000191	1.541102	 1.500009	 0.011623	 0.000000	 0.022004
251	 0.006217	 0.006041	 0.000030	 0.000000	 0.000117	1.547319	 1.506050	 0.011653	 0.000000	 0.022121
252	 0.006742	 0.006457	 0.000067	 0.000000	 0.000186	1.554061	 1.512507	 0.011720	 0.000000	 0.022307
253	 0.006284	 0.006125	 0.000028	 0.000000	 0.000102	1.560345	 1.518632	 0.011748	 0.000000	 0.022409
254	 0.007158	 0.006885	 0.000047	 0.000000	 0.000191	1.567503	 1.525517	 0.011795	 0.000000	 0.022600
255	 0.006623	 0.006462	 0.000029	 0.000000	 0.000102	1.574126	 1.531979	 0.011824	 0.000000	 0.022702
256	 0.007343	 0.007058	 0.000049	 0.000000	 0.000205	1.581469	 1.539037	 0.011873	 0.000000	 0.022907
257	 0.006595	 0.006421	 0.000031	 0.000000	 0.000111	1.588064	 1.545458	 0.011904	 0.000000	 0.023018
