Iter	 Iter_time	 Master	 Subprob	 Full_Test	 argmax	Iter_acc	 Master_acc	 Subprob_acc	 Full_Test_acc	 argmax_acc
1	 0.000791	 0.000398	 0.000307	 0.000000	 0.000058	0.000791	 0.000398	 0.000307	 0.000000	 0.000058
2	 0.003842	 0.003671	 0.000093	 0.000000	 0.000034	0.004633	 0.004069	 0.000400	 0.000000	 0.000092
3	 0.003116	 0.003029	 0.000041	 0.000000	 0.000015	0.007749	 0.007098	 0.000441	 0.000000	 0.000107
4	 0.003658	 0.003563	 0.000051	 0.000000	 0.000016	0.011407	 0.010661	 0.000492	 0.000000	 0.000123
5	 0.003369	 0.003215	 0.000078	 0.000000	 0.000044	0.014776	 0.013876	 0.000570	 0.000000	 0.000167
6	 0.003383	 0.003252	 0.000049	 0.000000	 0.000038	0.018159	 0.017128	 0.000619	 0.000000	 0.000205
7	 0.004305	 0.004174	 0.000073	 0.000000	 0.000024	0.022464	 0.021302	 0.000692	 0.000000	 0.000229
8	 0.004682	 0.004494	 0.000109	 0.000000	 0.000040	0.027146	 0.025796	 0.000801	 0.000000	 0.000269
9	 0.003766	 0.003622	 0.000078	 0.000000	 0.000027	0.030912	 0.029418	 0.000879	 0.000000	 0.000296
10	 0.004051	 0.003864	 0.000095	 0.000000	 0.000051	0.034963	 0.033282	 0.000974	 0.000000	 0.000347
11	 0.004379	 0.004237	 0.000074	 0.000000	 0.000028	0.039342	 0.037519	 0.001048	 0.000000	 0.000375
12	 0.003693	 0.003502	 0.000103	 0.000000	 0.000044	0.043035	 0.041021	 0.001151	 0.000000	 0.000419
13	 0.003886	 0.003683	 0.000109	 0.000000	 0.000040	0.046921	 0.044704	 0.001260	 0.000000	 0.000459
14	 0.002860	 0.002657	 0.000101	 0.000000	 0.000051	0.049781	 0.047361	 0.001361	 0.000000	 0.000510
15	 0.003880	 0.003659	 0.000125	 0.000000	 0.000041	0.053661	 0.051020	 0.001486	 0.000000	 0.000551
16	 0.003575	 0.003365	 0.000113	 0.000000	 0.000047	0.057236	 0.054385	 0.001599	 0.000000	 0.000598
17	 0.003924	 0.003791	 0.000068	 0.000000	 0.000027	0.061160	 0.058176	 0.001667	 0.000000	 0.000625
18	 0.003400	 0.003250	 0.000077	 0.000000	 0.000042	0.064560	 0.061426	 0.001744	 0.000000	 0.000667
19	 0.003386	 0.003280	 0.000056	 0.000000	 0.000021	0.067946	 0.064706	 0.001800	 0.000000	 0.000688
20	 0.004182	 0.004011	 0.000093	 0.000000	 0.000043	0.072128	 0.068717	 0.001893	 0.000000	 0.000731
21	 0.004108	 0.003969	 0.000047	 0.000000	 0.000036	0.076236	 0.072686	 0.001940	 0.000000	 0.000767
22	 0.004201	 0.004003	 0.000109	 0.000000	 0.000041	0.080437	 0.076689	 0.002049	 0.000000	 0.000808
23	 0.003757	 0.003590	 0.000081	 0.000000	 0.000044	0.084194	 0.080279	 0.002130	 0.000000	 0.000852
24	 0.003678	 0.003566	 0.000064	 0.000000	 0.000020	0.087872	 0.083845	 0.002194	 0.000000	 0.000872
25	 0.003939	 0.003776	 0.000087	 0.000000	 0.000043	0.091811	 0.087621	 0.002281	 0.000000	 0.000915
26	 0.003736	 0.003640	 0.000049	 0.000000	 0.000022	0.095547	 0.091261	 0.002330	 0.000000	 0.000937
27	 0.003839	 0.003686	 0.000074	 0.000000	 0.000041	0.099386	 0.094947	 0.002404	 0.000000	 0.000978
28	 0.004182	 0.004099	 0.000031	 0.000000	 0.000021	0.103568	 0.099046	 0.002435	 0.000000	 0.000999
29	 0.004162	 0.004015	 0.000063	 0.000000	 0.000042	0.107730	 0.103061	 0.002498	 0.000000	 0.001041
30	 0.004542	 0.004427	 0.000057	 0.000000	 0.000034	0.112272	 0.107488	 0.002555	 0.000000	 0.001075
31	 0.003824	 0.003662	 0.000079	 0.000000	 0.000053	0.116096	 0.111150	 0.002634	 0.000000	 0.001128
32	 0.003678	 0.003590	 0.000034	 0.000000	 0.000023	0.119774	 0.114740	 0.002668	 0.000000	 0.001151
33	 0.004386	 0.004289	 0.000047	 0.000000	 0.000023	0.124160	 0.119029	 0.002715	 0.000000	 0.001174
34	 0.003421	 0.003289	 0.000061	 0.000000	 0.000042	0.127581	 0.122318	 0.002776	 0.000000	 0.001216
35	 0.003876	 0.003788	 0.000032	 0.000000	 0.000023	0.131457	 0.126106	 0.002808	 0.000000	 0.001239
36	 0.003720	 0.003639	 0.000032	 0.000000	 0.000023	0.135177	 0.129745	 0.002840	 0.000000	 0.001262
37	 0.004139	 0.004011	 0.000058	 0.000000	 0.000041	0.139316	 0.133756	 0.002898	 0.000000	 0.001303
38	 0.003913	 0.003804	 0.000049	 0.000000	 0.000034	0.143229	 0.137560	 0.002947	 0.000000	 0.001337
39	 0.003721	 0.003563	 0.000075	 0.000000	 0.000053	0.146950	 0.141123	 0.003022	 0.000000	 0.001390
40	 0.003544	 0.003451	 0.000046	 0.000000	 0.000025	0.150494	 0.144574	 0.003068	 0.000000	 0.001415
41	 0.004260	 0.004109	 0.000077	 0.000000	 0.000042	0.154754	 0.148683	 0.003145	 0.000000	 0.001457
42	 0.003738	 0.003634	 0.000052	 0.000000	 0.000027	0.158492	 0.152317	 0.003197	 0.000000	 0.001484
43	 0.003776	 0.003647	 0.000060	 0.000000	 0.000041	0.162268	 0.155964	 0.003257	 0.000000	 0.001525
44	 0.003658	 0.003560	 0.000050	 0.000000	 0.000023	0.165926	 0.159524	 0.003307	 0.000000	 0.001548
45	 0.004000	 0.003854	 0.000072	 0.000000	 0.000044	0.169926	 0.163378	 0.003379	 0.000000	 0.001592
46	 0.004268	 0.004181	 0.000035	 0.000000	 0.000025	0.174194	 0.167559	 0.003414	 0.000000	 0.001617
47	 0.003655	 0.003523	 0.000056	 0.000000	 0.000046	0.177849	 0.171082	 0.003470	 0.000000	 0.001663
48	 0.003701	 0.003604	 0.000046	 0.000000	 0.000024	0.181550	 0.174686	 0.003516	 0.000000	 0.001687
49	 0.004048	 0.003898	 0.000073	 0.000000	 0.000047	0.185598	 0.178584	 0.003589	 0.000000	 0.001734
50	 0.004034	 0.003919	 0.000054	 0.000000	 0.000028	0.189632	 0.182503	 0.003643	 0.000000	 0.001762
51	 0.003695	 0.003533	 0.000078	 0.000000	 0.000047	0.193327	 0.186036	 0.003721	 0.000000	 0.001809
52	 0.004034	 0.003953	 0.000031	 0.000000	 0.000025	0.197361	 0.189989	 0.003752	 0.000000	 0.001834
53	 0.003937	 0.003799	 0.000054	 0.000000	 0.000047	0.201298	 0.193788	 0.003806	 0.000000	 0.001881
54	 0.004113	 0.003998	 0.000048	 0.000000	 0.000036	0.205411	 0.197786	 0.003854	 0.000000	 0.001917
55	 0.003809	 0.003602	 0.000103	 0.000000	 0.000067	0.209220	 0.201388	 0.003957	 0.000000	 0.001984
56	 0.003286	 0.003189	 0.000045	 0.000000	 0.000027	0.212506	 0.204577	 0.004002	 0.000000	 0.002011
57	 0.003516	 0.003376	 0.000064	 0.000000	 0.000048	0.216022	 0.207953	 0.004066	 0.000000	 0.002059
58	 0.003989	 0.003890	 0.000046	 0.000000	 0.000025	0.220011	 0.211843	 0.004112	 0.000000	 0.002084
59	 0.003448	 0.003302	 0.000073	 0.000000	 0.000045	0.223459	 0.215145	 0.004185	 0.000000	 0.002129
60	 0.003360	 0.003264	 0.000045	 0.000000	 0.000024	0.226819	 0.218409	 0.004230	 0.000000	 0.002153
61	 0.003342	 0.003193	 0.000073	 0.000000	 0.000047	0.230161	 0.221602	 0.004303	 0.000000	 0.002200
62	 0.004097	 0.004009	 0.000031	 0.000000	 0.000025	0.234258	 0.225611	 0.004334	 0.000000	 0.002225
63	 0.003771	 0.003551	 0.000079	 0.000000	 0.000067	0.238029	 0.229162	 0.004413	 0.000000	 0.002292
64	 0.003559	 0.003466	 0.000035	 0.000000	 0.000028	0.241588	 0.232628	 0.004448	 0.000000	 0.002320
65	 0.004999	 0.004818	 0.000100	 0.000000	 0.000052	0.246587	 0.237446	 0.004548	 0.000000	 0.002372
66	 0.003511	 0.003423	 0.000036	 0.000000	 0.000028	0.250098	 0.240869	 0.004584	 0.000000	 0.002400
67	 0.003500	 0.003343	 0.000075	 0.000000	 0.000052	0.253598	 0.244212	 0.004659	 0.000000	 0.002452
68	 0.004124	 0.004026	 0.000045	 0.000000	 0.000026	0.257722	 0.248238	 0.004704	 0.000000	 0.002478
69	 0.003538	 0.003375	 0.000073	 0.000000	 0.000049	0.261260	 0.251613	 0.004777	 0.000000	 0.002527
70	 0.003631	 0.003527	 0.000048	 0.000000	 0.000028	0.264891	 0.255140	 0.004825	 0.000000	 0.002555
71	 0.003690	 0.003550	 0.000062	 0.000000	 0.000050	0.268581	 0.258690	 0.004887	 0.000000	 0.002605
72	 0.003964	 0.003879	 0.000031	 0.000000	 0.000027	0.272545	 0.262569	 0.004918	 0.000000	 0.002632
73	 0.003845	 0.003685	 0.000077	 0.000000	 0.000052	0.276390	 0.266254	 0.004995	 0.000000	 0.002684
74	 0.003557	 0.003471	 0.000033	 0.000000	 0.000026	0.279947	 0.269725	 0.005028	 0.000000	 0.002710
75	 0.004220	 0.004058	 0.000079	 0.000000	 0.000052	0.284167	 0.273783	 0.005107	 0.000000	 0.002762
76	 0.003580	 0.003495	 0.000031	 0.000000	 0.000027	0.287747	 0.277278	 0.005138	 0.000000	 0.002789
77	 0.003312	 0.003154	 0.000074	 0.000000	 0.000053	0.291059	 0.280432	 0.005212	 0.000000	 0.002842
78	 0.003802	 0.003700	 0.000049	 0.000000	 0.000027	0.294861	 0.284132	 0.005261	 0.000000	 0.002869
79	 0.003780	 0.003623	 0.000074	 0.000000	 0.000052	0.298641	 0.287755	 0.005335	 0.000000	 0.002921
80	 0.003415	 0.003329	 0.000032	 0.000000	 0.000029	0.302056	 0.291084	 0.005367	 0.000000	 0.002950
81	 0.004039	 0.003877	 0.000075	 0.000000	 0.000055	0.306095	 0.294961	 0.005442	 0.000000	 0.003005
82	 0.004090	 0.003989	 0.000045	 0.000000	 0.000029	0.310185	 0.298950	 0.005487	 0.000000	 0.003034
83	 0.003434	 0.003282	 0.000072	 0.000000	 0.000052	0.313619	 0.302232	 0.005559	 0.000000	 0.003086
84	 0.003794	 0.003708	 0.000031	 0.000000	 0.000029	0.317413	 0.305940	 0.005590	 0.000000	 0.003115
85	 0.004057	 0.003861	 0.000083	 0.000000	 0.000075	0.321470	 0.309801	 0.005673	 0.000000	 0.003190
86	 0.003729	 0.003643	 0.000033	 0.000000	 0.000028	0.325199	 0.313444	 0.005706	 0.000000	 0.003218
87	 0.003650	 0.003491	 0.000077	 0.000000	 0.000054	0.328849	 0.316935	 0.005783	 0.000000	 0.003272
88	 0.003460	 0.003344	 0.000054	 0.000000	 0.000032	0.332309	 0.320279	 0.005837	 0.000000	 0.003304
89	 0.004180	 0.004012	 0.000077	 0.000000	 0.000056	0.336489	 0.324291	 0.005914	 0.000000	 0.003360
90	 0.003642	 0.003525	 0.000041	 0.000000	 0.000045	0.340131	 0.327816	 0.005955	 0.000000	 0.003405
91	 0.003471	 0.003273	 0.000093	 0.000000	 0.000071	0.343602	 0.331089	 0.006048	 0.000000	 0.003476
92	 0.004067	 0.003963	 0.000045	 0.000000	 0.000030	0.347669	 0.335052	 0.006093	 0.000000	 0.003506
93	 0.003722	 0.003571	 0.000062	 0.000000	 0.000054	0.351391	 0.338623	 0.006155	 0.000000	 0.003560
94	 0.003366	 0.003277	 0.000032	 0.000000	 0.000031	0.354757	 0.341900	 0.006187	 0.000000	 0.003591
95	 0.004042	 0.003877	 0.000080	 0.000000	 0.000056	0.358799	 0.345777	 0.006267	 0.000000	 0.003647
96	 0.004056	 0.003928	 0.000048	 0.000000	 0.000051	0.362855	 0.349705	 0.006315	 0.000000	 0.003698
97	 0.003908	 0.003762	 0.000060	 0.000000	 0.000057	0.366763	 0.353467	 0.006375	 0.000000	 0.003755
98	 0.003625	 0.003525	 0.000047	 0.000000	 0.000027	0.370388	 0.356992	 0.006422	 0.000000	 0.003782
99	 0.003890	 0.003733	 0.000072	 0.000000	 0.000058	0.374278	 0.360725	 0.006494	 0.000000	 0.003840
100	 0.003658	 0.003558	 0.000033	 0.000000	 0.000039	0.377936	 0.364283	 0.006527	 0.000000	 0.003879
101	 0.004005	 0.003840	 0.000062	 0.000000	 0.000070	0.381941	 0.368123	 0.006589	 0.000000	 0.003949
102	 0.003946	 0.003799	 0.000053	 0.000000	 0.000031	0.385887	 0.371922	 0.006642	 0.000000	 0.003980
103	 0.003941	 0.003789	 0.000059	 0.000000	 0.000058	0.389828	 0.375711	 0.006701	 0.000000	 0.004038
104	 0.003410	 0.003245	 0.000071	 0.000000	 0.000059	0.393238	 0.378956	 0.006772	 0.000000	 0.004097
105	 0.004009	 0.003829	 0.000077	 0.000000	 0.000070	0.397247	 0.382785	 0.006849	 0.000000	 0.004167
106	 0.003497	 0.003391	 0.000047	 0.000000	 0.000029	0.400744	 0.386176	 0.006896	 0.000000	 0.004196
107	 0.003664	 0.003493	 0.000078	 0.000000	 0.000060	0.404408	 0.389669	 0.006974	 0.000000	 0.004256
108	 0.003751	 0.003649	 0.000034	 0.000000	 0.000042	0.408159	 0.393318	 0.007008	 0.000000	 0.004298
109	 0.004326	 0.004139	 0.000079	 0.000000	 0.000068	0.412485	 0.397457	 0.007087	 0.000000	 0.004366
110	 0.003745	 0.003644	 0.000034	 0.000000	 0.000041	0.416230	 0.401101	 0.007121	 0.000000	 0.004407
111	 0.004068	 0.003908	 0.000057	 0.000000	 0.000069	0.420298	 0.405009	 0.007178	 0.000000	 0.004476
112	 0.003571	 0.003479	 0.000033	 0.000000	 0.000032	0.423869	 0.408488	 0.007211	 0.000000	 0.004508
113	 0.003676	 0.003487	 0.000090	 0.000000	 0.000062	0.427545	 0.411975	 0.007301	 0.000000	 0.004570
114	 0.003836	 0.003734	 0.000032	 0.000000	 0.000042	0.431381	 0.415709	 0.007333	 0.000000	 0.004612
115	 0.003764	 0.003606	 0.000058	 0.000000	 0.000070	0.435145	 0.419315	 0.007391	 0.000000	 0.004682
116	 0.004154	 0.004023	 0.000049	 0.000000	 0.000041	0.439299	 0.423338	 0.007440	 0.000000	 0.004723
117	 0.003866	 0.003730	 0.000057	 0.000000	 0.000042	0.443165	 0.427068	 0.007497	 0.000000	 0.004765
118	 0.004030	 0.003859	 0.000064	 0.000000	 0.000073	0.447195	 0.430927	 0.007561	 0.000000	 0.004838
119	 0.003546	 0.003446	 0.000034	 0.000000	 0.000041	0.450741	 0.434373	 0.007595	 0.000000	 0.004879
120	 0.004030	 0.003881	 0.000054	 0.000000	 0.000061	0.454771	 0.438254	 0.007649	 0.000000	 0.004940
121	 0.003528	 0.003435	 0.000034	 0.000000	 0.000033	0.458299	 0.441689	 0.007683	 0.000000	 0.004973
122	 0.003855	 0.003666	 0.000095	 0.000000	 0.000063	0.462154	 0.445355	 0.007778	 0.000000	 0.005036
123	 0.003448	 0.003355	 0.000035	 0.000000	 0.000033	0.465602	 0.448710	 0.007813	 0.000000	 0.005069
124	 0.004194	 0.004050	 0.000055	 0.000000	 0.000060	0.469796	 0.452760	 0.007868	 0.000000	 0.005129
125	 0.003636	 0.003545	 0.000030	 0.000000	 0.000032	0.473432	 0.456305	 0.007898	 0.000000	 0.005161
126	 0.004004	 0.003835	 0.000078	 0.000000	 0.000060	0.477436	 0.460140	 0.007976	 0.000000	 0.005221
127	 0.003854	 0.003738	 0.000048	 0.000000	 0.000041	0.481290	 0.463878	 0.008024	 0.000000	 0.005262
128	 0.004063	 0.003882	 0.000076	 0.000000	 0.000071	0.485353	 0.467760	 0.008100	 0.000000	 0.005333
129	 0.003717	 0.003613	 0.000046	 0.000000	 0.000034	0.489070	 0.471373	 0.008146	 0.000000	 0.005367
130	 0.004492	 0.004324	 0.000074	 0.000000	 0.000065	0.493562	 0.475697	 0.008220	 0.000000	 0.005432
131	 0.003987	 0.003869	 0.000050	 0.000000	 0.000041	0.497549	 0.479566	 0.008270	 0.000000	 0.005473
132	 0.004426	 0.004250	 0.000061	 0.000000	 0.000072	0.501975	 0.483816	 0.008331	 0.000000	 0.005545
133	 0.004128	 0.004026	 0.000034	 0.000000	 0.000042	0.506103	 0.487842	 0.008365	 0.000000	 0.005587
134	 0.003903	 0.003717	 0.000079	 0.000000	 0.000074	0.510006	 0.491559	 0.008444	 0.000000	 0.005661
135	 0.003949	 0.003833	 0.000047	 0.000000	 0.000044	0.513955	 0.495392	 0.008491	 0.000000	 0.005705
136	 0.003865	 0.003699	 0.000062	 0.000000	 0.000075	0.517820	 0.499091	 0.008553	 0.000000	 0.005780
137	 0.004219	 0.004097	 0.000048	 0.000000	 0.000044	0.522039	 0.503188	 0.008601	 0.000000	 0.005824
138	 0.004089	 0.003903	 0.000071	 0.000000	 0.000081	0.526128	 0.507091	 0.008672	 0.000000	 0.005905
139	 0.003711	 0.003576	 0.000063	 0.000000	 0.000045	0.529839	 0.510667	 0.008735	 0.000000	 0.005950
140	 0.004275	 0.004097	 0.000078	 0.000000	 0.000072	0.534114	 0.514764	 0.008813	 0.000000	 0.006022
141	 0.004116	 0.003993	 0.000050	 0.000000	 0.000046	0.538230	 0.518757	 0.008863	 0.000000	 0.006068
142	 0.003772	 0.003585	 0.000071	 0.000000	 0.000073	0.542002	 0.522342	 0.008934	 0.000000	 0.006141
143	 0.003613	 0.003494	 0.000045	 0.000000	 0.000036	0.545615	 0.525836	 0.008979	 0.000000	 0.006177
144	 0.004160	 0.004054	 0.000044	 0.000000	 0.000036	0.549775	 0.529890	 0.009023	 0.000000	 0.006213
145	 0.003937	 0.003768	 0.000072	 0.000000	 0.000067	0.553712	 0.533658	 0.009095	 0.000000	 0.006280
146	 0.004012	 0.003907	 0.000033	 0.000000	 0.000035	0.557724	 0.537565	 0.009128	 0.000000	 0.006315
147	 0.004176	 0.004066	 0.000047	 0.000000	 0.000034	0.561900	 0.541631	 0.009175	 0.000000	 0.006349
148	 0.004478	 0.004288	 0.000078	 0.000000	 0.000071	0.566378	 0.545919	 0.009253	 0.000000	 0.006420
149	 0.004454	 0.004336	 0.000034	 0.000000	 0.000045	0.570832	 0.550255	 0.009287	 0.000000	 0.006465
150	 0.003912	 0.003793	 0.000039	 0.000000	 0.000049	0.574744	 0.554048	 0.009326	 0.000000	 0.006514
151	 0.004280	 0.004062	 0.000096	 0.000000	 0.000085	0.579024	 0.558110	 0.009422	 0.000000	 0.006599
152	 0.003717	 0.003593	 0.000051	 0.000000	 0.000045	0.582741	 0.561703	 0.009473	 0.000000	 0.006644
153	 0.004129	 0.003945	 0.000074	 0.000000	 0.000078	0.586870	 0.565648	 0.009547	 0.000000	 0.006722
154	 0.003931	 0.003813	 0.000046	 0.000000	 0.000045	0.590801	 0.569461	 0.009593	 0.000000	 0.006767
155	 0.004516	 0.004329	 0.000065	 0.000000	 0.000079	0.595317	 0.573790	 0.009658	 0.000000	 0.006846
156	 0.003836	 0.003707	 0.000047	 0.000000	 0.000045	0.599153	 0.577497	 0.009705	 0.000000	 0.006891
157	 0.003940	 0.003829	 0.000043	 0.000000	 0.000043	0.603093	 0.581326	 0.009748	 0.000000	 0.006934
158	 0.004303	 0.004134	 0.000062	 0.000000	 0.000077	0.607396	 0.585460	 0.009810	 0.000000	 0.007011
159	 0.003999	 0.003878	 0.000048	 0.000000	 0.000044	0.611395	 0.589338	 0.009858	 0.000000	 0.007055
160	 0.003285	 0.003103	 0.000074	 0.000000	 0.000076	0.614680	 0.592441	 0.009932	 0.000000	 0.007131
161	 0.004585	 0.004469	 0.000049	 0.000000	 0.000036	0.619265	 0.596910	 0.009981	 0.000000	 0.007167
162	 0.003722	 0.003522	 0.000082	 0.000000	 0.000075	0.622987	 0.600432	 0.010063	 0.000000	 0.007242
163	 0.004311	 0.004187	 0.000049	 0.000000	 0.000048	0.627298	 0.604619	 0.010112	 0.000000	 0.007290
164	 0.004154	 0.003937	 0.000092	 0.000000	 0.000087	0.631452	 0.608556	 0.010204	 0.000000	 0.007377
165	 0.003793	 0.003678	 0.000050	 0.000000	 0.000038	0.635245	 0.612234	 0.010254	 0.000000	 0.007415
166	 0.003878	 0.003701	 0.000072	 0.000000	 0.000072	0.639123	 0.615935	 0.010326	 0.000000	 0.007487
167	 0.004042	 0.003933	 0.000050	 0.000000	 0.000033	0.643165	 0.619868	 0.010376	 0.000000	 0.007520
168	 0.004299	 0.004119	 0.000077	 0.000000	 0.000069	0.647464	 0.623987	 0.010453	 0.000000	 0.007589
169	 0.004292	 0.004169	 0.000047	 0.000000	 0.000047	0.651756	 0.628156	 0.010500	 0.000000	 0.007636
170	 0.004191	 0.004008	 0.000073	 0.000000	 0.000081	0.655947	 0.632164	 0.010573	 0.000000	 0.007717
171	 0.003858	 0.003747	 0.000046	 0.000000	 0.000037	0.659805	 0.635911	 0.010619	 0.000000	 0.007754
172	 0.003663	 0.003486	 0.000077	 0.000000	 0.000072	0.663468	 0.639397	 0.010696	 0.000000	 0.007826
173	 0.003944	 0.003848	 0.000032	 0.000000	 0.000037	0.667412	 0.643245	 0.010728	 0.000000	 0.007863
174	 0.004022	 0.003840	 0.000080	 0.000000	 0.000074	0.671434	 0.647085	 0.010808	 0.000000	 0.007937
175	 0.003806	 0.003683	 0.000047	 0.000000	 0.000047	0.675240	 0.650768	 0.010855	 0.000000	 0.007984
176	 0.003743	 0.003570	 0.000063	 0.000000	 0.000083	0.678983	 0.654338	 0.010918	 0.000000	 0.008067
177	 0.003870	 0.003764	 0.000031	 0.000000	 0.000044	0.682853	 0.658102	 0.010949	 0.000000	 0.008111
178	 0.003582	 0.003407	 0.000059	 0.000000	 0.000083	0.686435	 0.661509	 0.011008	 0.000000	 0.008194
179	 0.003863	 0.003760	 0.000033	 0.000000	 0.000038	0.690298	 0.665269	 0.011041	 0.000000	 0.008232
180	 0.003863	 0.003700	 0.000060	 0.000000	 0.000075	0.694161	 0.668969	 0.011101	 0.000000	 0.008307
181	 0.004087	 0.003971	 0.000052	 0.000000	 0.000037	0.698248	 0.672940	 0.011153	 0.000000	 0.008344
182	 0.004224	 0.004045	 0.000073	 0.000000	 0.000076	0.702472	 0.676985	 0.011226	 0.000000	 0.008420
183	 0.003929	 0.003820	 0.000045	 0.000000	 0.000035	0.706401	 0.680805	 0.011271	 0.000000	 0.008455
184	 0.003915	 0.003748	 0.000062	 0.000000	 0.000074	0.710316	 0.684553	 0.011333	 0.000000	 0.008529
185	 0.004613	 0.004501	 0.000046	 0.000000	 0.000039	0.714929	 0.689054	 0.011379	 0.000000	 0.008568
186	 0.004637	 0.004443	 0.000065	 0.000000	 0.000080	0.719566	 0.693497	 0.011444	 0.000000	 0.008648
187	 0.004948	 0.004810	 0.000057	 0.000000	 0.000049	0.724514	 0.698307	 0.011501	 0.000000	 0.008697
188	 0.004388	 0.004180	 0.000078	 0.000000	 0.000095	0.728902	 0.702487	 0.011579	 0.000000	 0.008792
189	 0.004353	 0.004253	 0.000033	 0.000000	 0.000038	0.733255	 0.706740	 0.011612	 0.000000	 0.008830
190	 0.004384	 0.004154	 0.000083	 0.000000	 0.000101	0.737639	 0.710894	 0.011695	 0.000000	 0.008931
191	 0.004658	 0.004533	 0.000057	 0.000000	 0.000040	0.742297	 0.715427	 0.011752	 0.000000	 0.008971
192	 0.004008	 0.003846	 0.000059	 0.000000	 0.000074	0.746305	 0.719273	 0.011811	 0.000000	 0.009045
193	 0.003887	 0.003793	 0.000030	 0.000000	 0.000036	0.750192	 0.723066	 0.011841	 0.000000	 0.009081
194	 0.004043	 0.003860	 0.000075	 0.000000	 0.000078	0.754235	 0.726926	 0.011916	 0.000000	 0.009159
195	 0.003930	 0.003809	 0.000050	 0.000000	 0.000041	0.758165	 0.730735	 0.011966	 0.000000	 0.009200
196	 0.004251	 0.004071	 0.000074	 0.000000	 0.000075	0.762416	 0.734806	 0.012040	 0.000000	 0.009275
197	 0.004320	 0.004192	 0.000053	 0.000000	 0.000043	0.766736	 0.738998	 0.012093	 0.000000	 0.009318
198	 0.004847	 0.004677	 0.000061	 0.000000	 0.000075	0.771583	 0.743675	 0.012154	 0.000000	 0.009393
199	 0.004483	 0.004382	 0.000034	 0.000000	 0.000039	0.776066	 0.748057	 0.012188	 0.000000	 0.009432
200	 0.004938	 0.004757	 0.000061	 0.000000	 0.000076	0.781004	 0.752814	 0.012249	 0.000000	 0.009508
201	 0.004141	 0.004009	 0.000052	 0.000000	 0.000051	0.785145	 0.756823	 0.012301	 0.000000	 0.009559
202	 0.004938	 0.004691	 0.000083	 0.000000	 0.000099	0.790083	 0.761514	 0.012384	 0.000000	 0.009658
203	 0.004537	 0.004414	 0.000037	 0.000000	 0.000053	0.794620	 0.765928	 0.012421	 0.000000	 0.009711
204	 0.004874	 0.004675	 0.000084	 0.000000	 0.000086	0.799494	 0.770603	 0.012505	 0.000000	 0.009797
205	 0.003935	 0.003813	 0.000036	 0.000000	 0.000050	0.803429	 0.774416	 0.012541	 0.000000	 0.009847
206	 0.004760	 0.004492	 0.000113	 0.000000	 0.000104	0.808189	 0.778908	 0.012654	 0.000000	 0.009951
207	 0.004942	 0.004713	 0.000079	 0.000000	 0.000095	0.813131	 0.783621	 0.012733	 0.000000	 0.010046
208	 0.005133	 0.004752	 0.000124	 0.000000	 0.000166	0.818264	 0.788373	 0.012857	 0.000000	 0.010212
209	 0.004259	 0.003965	 0.000092	 0.000000	 0.000121	0.822523	 0.792338	 0.012949	 0.000000	 0.010333
210	 0.004717	 0.004332	 0.000172	 0.000000	 0.000145	0.827240	 0.796670	 0.013121	 0.000000	 0.010478
211	 0.004333	 0.004147	 0.000076	 0.000000	 0.000056	0.831573	 0.800817	 0.013197	 0.000000	 0.010534
212	 0.004211	 0.003982	 0.000100	 0.000000	 0.000089	0.835784	 0.804799	 0.013297	 0.000000	 0.010623
213	 0.003968	 0.003831	 0.000058	 0.000000	 0.000044	0.839752	 0.808630	 0.013355	 0.000000	 0.010667
214	 0.004121	 0.003906	 0.000082	 0.000000	 0.000085	0.843873	 0.812536	 0.013437	 0.000000	 0.010752
215	 0.004062	 0.003922	 0.000058	 0.000000	 0.000045	0.847935	 0.816458	 0.013495	 0.000000	 0.010797
216	 0.004147	 0.003895	 0.000103	 0.000000	 0.000108	0.852082	 0.820353	 0.013598	 0.000000	 0.010905
217	 0.003938	 0.003815	 0.000037	 0.000000	 0.000041	0.856020	 0.824168	 0.013635	 0.000000	 0.010946
218	 0.004430	 0.004293	 0.000059	 0.000000	 0.000044	0.860450	 0.828461	 0.013694	 0.000000	 0.010990
219	 0.004564	 0.004350	 0.000089	 0.000000	 0.000087	0.865014	 0.832811	 0.013783	 0.000000	 0.011077
220	 0.004012	 0.003900	 0.000036	 0.000000	 0.000043	0.869026	 0.836711	 0.013819	 0.000000	 0.011120
221	 0.004962	 0.004775	 0.000062	 0.000000	 0.000083	0.873988	 0.841486	 0.013881	 0.000000	 0.011203
222	 0.004015	 0.003842	 0.000079	 0.000000	 0.000053	0.878003	 0.845328	 0.013960	 0.000000	 0.011256
223	 0.004340	 0.004133	 0.000083	 0.000000	 0.000086	0.882343	 0.849461	 0.014043	 0.000000	 0.011342
224	 0.004752	 0.004641	 0.000034	 0.000000	 0.000043	0.887095	 0.854102	 0.014077	 0.000000	 0.011385
225	 0.004397	 0.004200	 0.000066	 0.000000	 0.000089	0.891492	 0.858302	 0.014143	 0.000000	 0.011474
226	 0.004249	 0.004108	 0.000063	 0.000000	 0.000041	0.895741	 0.862410	 0.014206	 0.000000	 0.011515
227	 0.004275	 0.003888	 0.000155	 0.000000	 0.000173	0.900016	 0.866298	 0.014361	 0.000000	 0.011688
228	 0.004369	 0.004259	 0.000038	 0.000000	 0.000042	0.904385	 0.870557	 0.014399	 0.000000	 0.011730
229	 0.004356	 0.004124	 0.000064	 0.000000	 0.000112	0.908741	 0.874681	 0.014463	 0.000000	 0.011842
230	 0.004475	 0.004345	 0.000039	 0.000000	 0.000057	0.913216	 0.879026	 0.014502	 0.000000	 0.011899
231	 0.005698	 0.005443	 0.000119	 0.000000	 0.000098	0.918914	 0.884469	 0.014621	 0.000000	 0.011997
232	 0.004777	 0.004639	 0.000038	 0.000000	 0.000058	0.923691	 0.889108	 0.014659	 0.000000	 0.012055
233	 0.004899	 0.004651	 0.000112	 0.000000	 0.000087	0.928590	 0.893759	 0.014771	 0.000000	 0.012142
234	 0.004362	 0.004235	 0.000036	 0.000000	 0.000055	0.932952	 0.897994	 0.014807	 0.000000	 0.012197
235	 0.004454	 0.004225	 0.000073	 0.000000	 0.000110	0.937406	 0.902219	 0.014880	 0.000000	 0.012307
236	 0.004258	 0.004097	 0.000068	 0.000000	 0.000057	0.941664	 0.906316	 0.014948	 0.000000	 0.012364
237	 0.004118	 0.003895	 0.000085	 0.000000	 0.000097	0.945782	 0.910211	 0.015033	 0.000000	 0.012461
238	 0.004251	 0.004072	 0.000072	 0.000000	 0.000066	0.950033	 0.914283	 0.015105	 0.000000	 0.012527
239	 0.003897	 0.003694	 0.000070	 0.000000	 0.000097	0.953930	 0.917977	 0.015175	 0.000000	 0.012624
240	 0.004095	 0.003923	 0.000054	 0.000000	 0.000054	0.958025	 0.921900	 0.015229	 0.000000	 0.012678
241	 0.004204	 0.004051	 0.000072	 0.000000	 0.000045	0.962229	 0.925951	 0.015301	 0.000000	 0.012723
242	 0.004187	 0.003980	 0.000081	 0.000000	 0.000087	0.966416	 0.929931	 0.015382	 0.000000	 0.012810
243	 0.004209	 0.004103	 0.000036	 0.000000	 0.000042	0.970625	 0.934034	 0.015418	 0.000000	 0.012852
244	 0.004332	 0.004105	 0.000089	 0.000000	 0.000089	0.974957	 0.938139	 0.015507	 0.000000	 0.012941
245	 0.004119	 0.003981	 0.000057	 0.000000	 0.000048	0.979076	 0.942120	 0.015564	 0.000000	 0.012989
246	 0.004073	 0.003864	 0.000065	 0.000000	 0.000106	0.983149	 0.945984	 0.015629	 0.000000	 0.013095
247	 0.004449	 0.004318	 0.000037	 0.000000	 0.000056	0.987598	 0.950302	 0.015666	 0.000000	 0.013151
248	 0.005600	 0.005383	 0.000073	 0.000000	 0.000109	0.993198	 0.955685	 0.015739	 0.000000	 0.013260
249	 0.004529	 0.004378	 0.000063	 0.000000	 0.000046	0.997727	 0.960063	 0.015802	 0.000000	 0.013306
250	 0.004373	 0.004147	 0.000087	 0.000000	 0.000091	1.002100	 0.964210	 0.015889	 0.000000	 0.013397
251	 0.004611	 0.004475	 0.000052	 0.000000	 0.000046	1.006711	 0.968685	 0.015941	 0.000000	 0.013443
252	 0.004263	 0.004019	 0.000086	 0.000000	 0.000116	1.010974	 0.972704	 0.016027	 0.000000	 0.013559
253	 0.004292	 0.004156	 0.000058	 0.000000	 0.000045	1.015266	 0.976860	 0.016085	 0.000000	 0.013604
254	 0.004576	 0.004342	 0.000094	 0.000000	 0.000101	1.019842	 0.981202	 0.016179	 0.000000	 0.013705
255	 0.005053	 0.004891	 0.000069	 0.000000	 0.000051	1.024895	 0.986093	 0.016248	 0.000000	 0.013756
256	 0.004522	 0.004271	 0.000107	 0.000000	 0.000100	1.029417	 0.990364	 0.016355	 0.000000	 0.013856
257	 0.004053	 0.003902	 0.000058	 0.000000	 0.000059	1.033470	 0.994266	 0.016413	 0.000000	 0.013915
258	 0.005919	 0.005691	 0.000081	 0.000000	 0.000108	1.039389	 0.999957	 0.016494	 0.000000	 0.014023
259	 0.003711	 0.003575	 0.000035	 0.000000	 0.000050	1.043100	 1.003532	 0.016529	 0.000000	 0.014073
260	 0.005148	 0.004985	 0.000051	 0.000000	 0.000061	1.048248	 1.008517	 0.016580	 0.000000	 0.014134
261	 0.004648	 0.004417	 0.000063	 0.000000	 0.000127	1.052896	 1.012934	 0.016643	 0.000000	 0.014261
262	 0.004751	 0.004611	 0.000037	 0.000000	 0.000068	1.057647	 1.017545	 0.016680	 0.000000	 0.014329
263	 0.004596	 0.004396	 0.000062	 0.000000	 0.000102	1.062243	 1.021941	 0.016742	 0.000000	 0.014431
264	 0.004132	 0.004007	 0.000035	 0.000000	 0.000048	1.066375	 1.025948	 0.016777	 0.000000	 0.014479
265	 0.003922	 0.003705	 0.000066	 0.000000	 0.000110	1.070297	 1.029653	 0.016843	 0.000000	 0.014589
266	 0.003914	 0.003742	 0.000066	 0.000000	 0.000058	1.074211	 1.033395	 0.016909	 0.000000	 0.014647
267	 0.004649	 0.004413	 0.000061	 0.000000	 0.000099	1.078860	 1.037808	 0.016970	 0.000000	 0.014746
268	 0.004399	 0.003833	 0.000071	 0.000387	 0.000050	1.083259	 1.041641	 0.017041	 0.000387	 0.014796
269	 0.004884	 0.004349	 0.000070	 0.000305	 0.000114	1.088143	 1.045990	 0.017111	 0.000692	 0.014910
270	 0.005280	 0.004656	 0.000081	 0.000445	 0.000052	1.093423	 1.050646	 0.017192	 0.001137	 0.014962
271	 0.005109	 0.004553	 0.000090	 0.000306	 0.000104	1.098532	 1.055199	 0.017282	 0.001443	 0.015066
272	 0.004652	 0.004245	 0.000035	 0.000269	 0.000060	1.103184	 1.059444	 0.017317	 0.001712	 0.015126
273	 0.004776	 0.004175	 0.000097	 0.000316	 0.000118	1.107960	 1.063619	 0.017414	 0.002028	 0.015244
274	 0.004962	 0.004510	 0.000038	 0.000288	 0.000050	1.112922	 1.068129	 0.017452	 0.002316	 0.015294
275	 0.005183	 0.004572	 0.000114	 0.000314	 0.000123	1.118105	 1.072701	 0.017566	 0.002630	 0.015417
276	 0.004710	 0.004240	 0.000062	 0.000298	 0.000053	1.122815	 1.076941	 0.017628	 0.002928	 0.015470
277	 0.004562	 0.004010	 0.000108	 0.000293	 0.000100	1.127377	 1.080951	 0.017736	 0.003221	 0.015570
278	 0.004921	 0.004488	 0.000075	 0.000266	 0.000052	1.132298	 1.085439	 0.017811	 0.003487	 0.015622
279	 0.005627	 0.005043	 0.000123	 0.000307	 0.000106	1.137925	 1.090482	 0.017934	 0.003794	 0.015728
280	 0.004652	 0.004210	 0.000060	 0.000279	 0.000053	1.142577	 1.094692	 0.017994	 0.004073	 0.015781
281	 0.005322	 0.004711	 0.000114	 0.000331	 0.000109	1.147899	 1.099403	 0.018108	 0.004404	 0.015890
282	 0.004269	 0.003857	 0.000037	 0.000280	 0.000051	1.152168	 1.103260	 0.018145	 0.004684	 0.015941
283	 0.004587	 0.003708	 0.000094	 0.000638	 0.000105	1.156755	 1.106968	 0.018239	 0.005322	 0.016046
284	 0.004531	 0.004098	 0.000054	 0.000289	 0.000052	1.161286	 1.111066	 0.018293	 0.005611	 0.016098
285	 0.004626	 0.004059	 0.000099	 0.000301	 0.000115	1.165912	 1.115125	 0.018392	 0.005912	 0.016213
286	 0.004410	 0.003967	 0.000045	 0.000306	 0.000051	1.170322	 1.119092	 0.018437	 0.006218	 0.016264
287	 0.004845	 0.004321	 0.000068	 0.000307	 0.000103	1.175167	 1.123413	 0.018505	 0.006525	 0.016367
288	 0.004838	 0.003983	 0.000065	 0.000699	 0.000052	1.180005	 1.127396	 0.018570	 0.007224	 0.016419
289	 0.005206	 0.004556	 0.000085	 0.000420	 0.000099	1.185211	 1.131952	 0.018655	 0.007644	 0.016518
290	 0.004582	 0.003896	 0.000056	 0.000526	 0.000053	1.189793	 1.135848	 0.018711	 0.008170	 0.016571
291	 0.005091	 0.004308	 0.000101	 0.000521	 0.000105	1.194884	 1.140156	 0.018812	 0.008691	 0.016676
292	 0.005175	 0.004575	 0.000083	 0.000415	 0.000060	1.200059	 1.144731	 0.018895	 0.009106	 0.016736
293	 0.004897	 0.004059	 0.000070	 0.000597	 0.000104	1.204956	 1.148790	 0.018965	 0.009703	 0.016840
294	 0.005549	 0.004799	 0.000109	 0.000472	 0.000088	1.210505	 1.153589	 0.019074	 0.010175	 0.016928
295	 0.006546	 0.005663	 0.000104	 0.000616	 0.000110	1.217051	 1.159252	 0.019178	 0.010791	 0.017038
296	 0.004338	 0.003701	 0.000037	 0.000505	 0.000051	1.221389	 1.162953	 0.019215	 0.011296	 0.017089
297	 0.004710	 0.003910	 0.000115	 0.000527	 0.000114	1.226099	 1.166863	 0.019330	 0.011823	 0.017203
298	 0.004747	 0.004273	 0.000058	 0.000318	 0.000053	1.230846	 1.171136	 0.019388	 0.012141	 0.017256
299	 0.004402	 0.003712	 0.000100	 0.000427	 0.000105	1.235248	 1.174848	 0.019488	 0.012568	 0.017361
300	 0.004368	 0.003844	 0.000073	 0.000346	 0.000063	1.239616	 1.178692	 0.019561	 0.012914	 0.017424
301	 0.004524	 0.003825	 0.000106	 0.000419	 0.000127	1.244140	 1.182517	 0.019667	 0.013333	 0.017551
302	 0.004946	 0.004341	 0.000061	 0.000409	 0.000069	1.249086	 1.186858	 0.019728	 0.013742	 0.017620
303	 0.004951	 0.004409	 0.000070	 0.000307	 0.000106	1.254037	 1.191267	 0.019798	 0.014049	 0.017726
304	 0.004596	 0.003961	 0.000082	 0.000424	 0.000072	1.258633	 1.195228	 0.019880	 0.014473	 0.017798
305	 0.005150	 0.004371	 0.000127	 0.000449	 0.000148	1.263783	 1.199599	 0.020007	 0.014922	 0.017946
306	 0.004628	 0.004063	 0.000041	 0.000418	 0.000063	1.268411	 1.203662	 0.020048	 0.015340	 0.018009
307	 0.005527	 0.004824	 0.000111	 0.000422	 0.000121	1.273938	 1.208486	 0.020159	 0.015762	 0.018130
308	 0.004912	 0.004174	 0.000117	 0.000463	 0.000094	1.278850	 1.212660	 0.020276	 0.016225	 0.018224
309	 0.004783	 0.004006	 0.000115	 0.000479	 0.000112	1.283633	 1.216666	 0.020391	 0.016704	 0.018336
310	 0.005348	 0.004247	 0.000068	 0.000916	 0.000069	1.288981	 1.220913	 0.020459	 0.017620	 0.018405
311	 0.004899	 0.004155	 0.000099	 0.000461	 0.000132	1.293880	 1.225068	 0.020558	 0.018081	 0.018537
312	 0.005057	 0.004157	 0.000040	 0.000768	 0.000050	1.298937	 1.229225	 0.020598	 0.018849	 0.018587
313	 0.005391	 0.004148	 0.000103	 0.000977	 0.000105	1.304328	 1.233373	 0.020701	 0.019826	 0.018692
314	 0.005180	 0.004599	 0.000038	 0.000426	 0.000075	1.309508	 1.237972	 0.020739	 0.020252	 0.018767
315	 0.004614	 0.003945	 0.000064	 0.000450	 0.000114	1.314122	 1.241917	 0.020803	 0.020702	 0.018881
316	 0.005941	 0.004025	 0.000099	 0.001671	 0.000078	1.320063	 1.245942	 0.020902	 0.022373	 0.018959
317	 0.005307	 0.004172	 0.000056	 0.000939	 0.000084	1.325370	 1.250114	 0.020958	 0.023312	 0.019043
318	 0.005506	 0.004283	 0.000095	 0.000964	 0.000116	1.330876	 1.254397	 0.021053	 0.024276	 0.019159
319	 0.004709	 0.004180	 0.000058	 0.000365	 0.000072	1.335585	 1.258577	 0.021111	 0.024641	 0.019231
320	 0.004957	 0.004089	 0.000110	 0.000593	 0.000122	1.340542	 1.262666	 0.021221	 0.025234	 0.019353
321	 0.006460	 0.005551	 0.000058	 0.000713	 0.000071	1.347002	 1.268217	 0.021279	 0.025947	 0.019424
322	 0.005009	 0.004470	 0.000078	 0.000351	 0.000067	1.352011	 1.272687	 0.021357	 0.026298	 0.019491
323	 0.004423	 0.003743	 0.000092	 0.000401	 0.000144	1.356434	 1.276430	 0.021449	 0.026699	 0.019635
324	 0.004910	 0.004381	 0.000063	 0.000347	 0.000069	1.361344	 1.280811	 0.021512	 0.027046	 0.019704
325	 0.004525	 0.003913	 0.000105	 0.000345	 0.000110	1.365869	 1.284724	 0.021617	 0.027391	 0.019814
326	 0.004445	 0.003949	 0.000058	 0.000344	 0.000053	1.370314	 1.288673	 0.021675	 0.027735	 0.019867
327	 0.005440	 0.004779	 0.000106	 0.000378	 0.000125	1.375754	 1.293452	 0.021781	 0.028113	 0.019992
328	 0.004396	 0.003850	 0.000058	 0.000384	 0.000061	1.380150	 1.297302	 0.021839	 0.028497	 0.020053
329	 0.004343	 0.003666	 0.000088	 0.000404	 0.000132	1.384493	 1.300968	 0.021927	 0.028901	 0.020185
330	 0.004649	 0.004109	 0.000058	 0.000379	 0.000061	1.389142	 1.305077	 0.021985	 0.029280	 0.020246
331	 0.005416	 0.004604	 0.000092	 0.000547	 0.000123	1.394558	 1.309681	 0.022077	 0.029827	 0.020369
332	 0.004753	 0.004151	 0.000093	 0.000408	 0.000056	1.399311	 1.313832	 0.022170	 0.030235	 0.020425
333	 0.004946	 0.004217	 0.000071	 0.000476	 0.000129	1.404257	 1.318049	 0.022241	 0.030711	 0.020554
334	 0.004993	 0.004437	 0.000071	 0.000365	 0.000069	1.409250	 1.322486	 0.022312	 0.031076	 0.020623
335	 0.004422	 0.003718	 0.000112	 0.000437	 0.000112	1.413672	 1.326204	 0.022424	 0.031513	 0.020735
336	 0.006106	 0.005317	 0.000125	 0.000486	 0.000089	1.419778	 1.331521	 0.022549	 0.031999	 0.020824
337	 0.007551	 0.006190	 0.000206	 0.000826	 0.000233	1.427329	 1.337711	 0.022755	 0.032825	 0.021057
338	 0.004869	 0.004306	 0.000043	 0.000403	 0.000066	1.432198	 1.342017	 0.022798	 0.033228	 0.021123
339	 0.005027	 0.004293	 0.000131	 0.000435	 0.000115	1.437225	 1.346310	 0.022929	 0.033663	 0.021238
340	 0.004110	 0.003494	 0.000096	 0.000404	 0.000060	1.441335	 1.349804	 0.023025	 0.034067	 0.021298
341	 0.004543	 0.003666	 0.000112	 0.000603	 0.000113	1.445878	 1.353470	 0.023137	 0.034670	 0.021411
342	 0.004543	 0.003814	 0.000040	 0.000584	 0.000057	1.450421	 1.357284	 0.023177	 0.035254	 0.021468
343	 0.004894	 0.004133	 0.000135	 0.000443	 0.000124	1.455315	 1.361417	 0.023312	 0.035697	 0.021592
344	 0.004716	 0.004101	 0.000054	 0.000456	 0.000056	1.460031	 1.365518	 0.023366	 0.036153	 0.021648
345	 0.004826	 0.003968	 0.000086	 0.000556	 0.000149	1.464857	 1.369486	 0.023452	 0.036709	 0.021797
346	 0.004183	 0.003419	 0.000077	 0.000570	 0.000062	1.469040	 1.372905	 0.023529	 0.037279	 0.021859
347	 0.004603	 0.003909	 0.000098	 0.000439	 0.000112	1.473643	 1.376814	 0.023627	 0.037718	 0.021971
348	 0.004761	 0.004106	 0.000045	 0.000472	 0.000074	1.478404	 1.380920	 0.023672	 0.038190	 0.022045
349	 0.004390	 0.003651	 0.000100	 0.000471	 0.000114	1.482794	 1.384571	 0.023772	 0.038661	 0.022159
350	 0.005252	 0.004620	 0.000042	 0.000471	 0.000078	1.488046	 1.389191	 0.023814	 0.039132	 0.022237
351	 0.005413	 0.004704	 0.000071	 0.000473	 0.000113	1.493459	 1.393895	 0.023885	 0.039605	 0.022350
352	 0.004589	 0.003956	 0.000061	 0.000463	 0.000060	1.498048	 1.397851	 0.023946	 0.040068	 0.022410
353	 0.004291	 0.003608	 0.000066	 0.000452	 0.000112	1.502339	 1.401459	 0.024012	 0.040520	 0.022522
354	 0.004487	 0.003871	 0.000075	 0.000429	 0.000057	1.506826	 1.405330	 0.024087	 0.040949	 0.022579
355	 0.004206	 0.003268	 0.000136	 0.000595	 0.000139	1.511032	 1.408598	 0.024223	 0.041544	 0.022718
356	 0.004770	 0.004190	 0.000056	 0.000400	 0.000068	1.515802	 1.412788	 0.024279	 0.041944	 0.022786
357	 0.005407	 0.004638	 0.000115	 0.000466	 0.000139	1.521209	 1.417426	 0.024394	 0.042410	 0.022925
358	 0.005201	 0.004498	 0.000041	 0.000556	 0.000057	1.526410	 1.421924	 0.024435	 0.042966	 0.022982
359	 0.004449	 0.003671	 0.000112	 0.000474	 0.000121	1.530859	 1.425595	 0.024547	 0.043440	 0.023103
360	 0.005084	 0.004533	 0.000037	 0.000403	 0.000065	1.535943	 1.430128	 0.024584	 0.043843	 0.023168
361	 0.005267	 0.004497	 0.000110	 0.000461	 0.000139	1.541210	 1.434625	 0.024694	 0.044304	 0.023307
362	 0.004895	 0.004169	 0.000067	 0.000542	 0.000063	1.546105	 1.438794	 0.024761	 0.044846	 0.023370
363	 0.004270	 0.003534	 0.000105	 0.000459	 0.000115	1.550375	 1.442328	 0.024866	 0.045305	 0.023485
364	 0.004726	 0.004120	 0.000061	 0.000421	 0.000065	1.555101	 1.446448	 0.024927	 0.045726	 0.023550
365	 0.005955	 0.005208	 0.000073	 0.000486	 0.000140	1.561056	 1.451656	 0.025000	 0.046212	 0.023690
366	 0.004542	 0.003934	 0.000039	 0.000473	 0.000055	1.565598	 1.455590	 0.025039	 0.046685	 0.023745
367	 0.005010	 0.004330	 0.000078	 0.000435	 0.000118	1.570608	 1.459920	 0.025117	 0.047120	 0.023863
368	 0.004614	 0.004037	 0.000039	 0.000437	 0.000056	1.575222	 1.463957	 0.025156	 0.047557	 0.023919
369	 0.004230	 0.003520	 0.000069	 0.000482	 0.000113	1.579452	 1.467477	 0.025225	 0.048039	 0.024032
370	 0.004172	 0.003491	 0.000040	 0.000505	 0.000063	1.583624	 1.470968	 0.025265	 0.048544	 0.024095
371	 0.004358	 0.003610	 0.000040	 0.000599	 0.000059	1.587982	 1.474578	 0.025305	 0.049143	 0.024154
372	 0.004270	 0.003487	 0.000066	 0.000556	 0.000113	1.592252	 1.478065	 0.025371	 0.049699	 0.024267
373	 0.004782	 0.004207	 0.000040	 0.000421	 0.000067	1.597034	 1.482272	 0.025411	 0.050120	 0.024334
374	 0.004749	 0.004049	 0.000068	 0.000463	 0.000118	1.601783	 1.486321	 0.025479	 0.050583	 0.024452
375	 0.004954	 0.004343	 0.000052	 0.000441	 0.000064	1.606737	 1.490664	 0.025531	 0.051024	 0.024516
376	 0.005034	 0.004040	 0.000082	 0.000738	 0.000123	1.611771	 1.494704	 0.025613	 0.051762	 0.024639
377	 0.005140	 0.004538	 0.000040	 0.000460	 0.000056	1.616911	 1.499242	 0.025653	 0.052222	 0.024695
378	 0.006278	 0.005376	 0.000133	 0.000563	 0.000144	1.623189	 1.504618	 0.025786	 0.052785	 0.024839
379	 0.004718	 0.003834	 0.000067	 0.000686	 0.000080	1.627907	 1.508452	 0.025853	 0.053471	 0.024919
380	 0.005918	 0.005006	 0.000072	 0.000615	 0.000146	1.633825	 1.513458	 0.025925	 0.054086	 0.025065
381	 0.006225	 0.005454	 0.000088	 0.000507	 0.000069	1.640050	 1.518912	 0.026013	 0.054593	 0.025134
382	 0.004816	 0.003863	 0.000041	 0.000785	 0.000081	1.644866	 1.522775	 0.026054	 0.055378	 0.025215
383	 0.006070	 0.005219	 0.000109	 0.000543	 0.000147	1.650936	 1.527994	 0.026163	 0.055921	 0.025362
384	 0.005653	 0.004555	 0.000060	 0.000934	 0.000059	1.656589	 1.532549	 0.026223	 0.056855	 0.025421
385	 0.010733	 0.009980	 0.000082	 0.000468	 0.000122	1.667322	 1.542529	 0.026305	 0.057323	 0.025543
386	 0.005508	 0.004291	 0.000093	 0.000904	 0.000138	1.672830	 1.546820	 0.026398	 0.058227	 0.025681
387	 0.005387	 0.004654	 0.000074	 0.000482	 0.000128	1.678217	 1.551474	 0.026472	 0.058709	 0.025809
388	 0.005480	 0.004779	 0.000038	 0.000495	 0.000096	1.683697	 1.556253	 0.026510	 0.059204	 0.025905
389	 0.004347	 0.003457	 0.000129	 0.000535	 0.000169	1.688044	 1.559710	 0.026639	 0.059739	 0.026074
390	 0.005036	 0.004223	 0.000062	 0.000653	 0.000057	1.693080	 1.563933	 0.026701	 0.060392	 0.026131
391	 0.004749	 0.003909	 0.000114	 0.000540	 0.000123	1.697829	 1.567842	 0.026815	 0.060932	 0.026254
392	 0.004687	 0.003700	 0.000040	 0.000835	 0.000068	1.702516	 1.571542	 0.026855	 0.061767	 0.026322
393	 0.005562	 0.004727	 0.000089	 0.000539	 0.000155	1.708078	 1.576269	 0.026944	 0.062306	 0.026477
394	 0.005302	 0.004648	 0.000049	 0.000488	 0.000064	1.713380	 1.580917	 0.026993	 0.062794	 0.026541
395	 0.004922	 0.004077	 0.000122	 0.000542	 0.000125	1.718302	 1.584994	 0.027115	 0.063336	 0.026666
396	 0.005136	 0.004285	 0.000082	 0.000647	 0.000064	1.723438	 1.589279	 0.027197	 0.063983	 0.026730
397	 0.004838	 0.004014	 0.000116	 0.000519	 0.000125	1.728276	 1.593293	 0.027313	 0.064502	 0.026855
398	 0.004767	 0.004075	 0.000083	 0.000500	 0.000059	1.733043	 1.597368	 0.027396	 0.065002	 0.026914
399	 0.004782	 0.003955	 0.000074	 0.000585	 0.000118	1.737825	 1.601323	 0.027470	 0.065587	 0.027032
400	 0.004889	 0.004033	 0.000069	 0.000691	 0.000055	1.742714	 1.605356	 0.027539	 0.066278	 0.027087
401	 0.005026	 0.004037	 0.000090	 0.000742	 0.000117	1.747740	 1.609393	 0.027629	 0.067020	 0.027204
402	 0.005193	 0.004464	 0.000061	 0.000514	 0.000082	1.752933	 1.613857	 0.027690	 0.067534	 0.027286
403	 0.005036	 0.004209	 0.000091	 0.000563	 0.000120	1.757969	 1.618066	 0.027781	 0.068097	 0.027406
404	 0.005283	 0.004602	 0.000047	 0.000526	 0.000060	1.763252	 1.622668	 0.027828	 0.068623	 0.027466
405	 0.004831	 0.004011	 0.000075	 0.000571	 0.000119	1.768083	 1.626679	 0.027903	 0.069194	 0.027585
406	 0.005630	 0.004622	 0.000060	 0.000851	 0.000059	1.773713	 1.631301	 0.027963	 0.070045	 0.027644
407	 0.005095	 0.004335	 0.000112	 0.000468	 0.000123	1.778808	 1.635636	 0.028075	 0.070513	 0.027767
408	 0.004860	 0.004120	 0.000081	 0.000518	 0.000084	1.783668	 1.639756	 0.028156	 0.071031	 0.027851
409	 0.004907	 0.003847	 0.000093	 0.000800	 0.000118	1.788575	 1.643603	 0.028249	 0.071831	 0.027969
410	 0.006023	 0.005127	 0.000063	 0.000720	 0.000062	1.794598	 1.648730	 0.028312	 0.072551	 0.028031
411	 0.004734	 0.003797	 0.000077	 0.000677	 0.000125	1.799332	 1.652527	 0.028389	 0.073228	 0.028156
412	 0.006320	 0.004649	 0.000058	 0.001473	 0.000080	1.805652	 1.657176	 0.028447	 0.074701	 0.028236
413	 0.005877	 0.004310	 0.000078	 0.001290	 0.000141	1.811529	 1.661486	 0.028525	 0.075991	 0.028377
414	 0.005205	 0.004190	 0.000078	 0.000768	 0.000093	1.816734	 1.665676	 0.028603	 0.076759	 0.028470
415	 0.006110	 0.005025	 0.000105	 0.000812	 0.000122	1.822844	 1.670701	 0.028708	 0.077571	 0.028592
416	 0.006738	 0.005513	 0.000065	 0.001018	 0.000074	1.829582	 1.676214	 0.028773	 0.078589	 0.028666
417	 0.005470	 0.003922	 0.000142	 0.001216	 0.000128	1.835052	 1.680136	 0.028915	 0.079805	 0.028794
418	 0.004844	 0.003715	 0.000041	 0.000909	 0.000092	1.839896	 1.683851	 0.028956	 0.080714	 0.028886
419	 0.007248	 0.006447	 0.000104	 0.000541	 0.000102	1.847144	 1.690298	 0.029060	 0.081255	 0.028988
420	 0.005238	 0.004401	 0.000102	 0.000543	 0.000136	1.852382	 1.694699	 0.029162	 0.081798	 0.029124
421	 0.004828	 0.004153	 0.000058	 0.000486	 0.000070	1.857210	 1.698852	 0.029220	 0.082284	 0.029194
422	 0.005508	 0.004618	 0.000116	 0.000563	 0.000141	1.862718	 1.703470	 0.029336	 0.082847	 0.029335
423	 0.005551	 0.004673	 0.000079	 0.000685	 0.000063	1.868269	 1.708143	 0.029415	 0.083532	 0.029398
424	 0.006071	 0.004637	 0.000193	 0.000881	 0.000250	1.874340	 1.712780	 0.029608	 0.084413	 0.029648
425	 0.005778	 0.004484	 0.000086	 0.000991	 0.000122	1.880118	 1.717264	 0.029694	 0.085404	 0.029770
426	 0.005844	 0.004720	 0.000130	 0.000683	 0.000207	1.885962	 1.721984	 0.029824	 0.086087	 0.029977
427	 0.005683	 0.004541	 0.000089	 0.000839	 0.000117	1.891645	 1.726525	 0.029913	 0.086926	 0.030094
428	 0.006064	 0.004693	 0.000168	 0.000909	 0.000199	1.897709	 1.731218	 0.030081	 0.087835	 0.030293
429	 0.005344	 0.004451	 0.000101	 0.000626	 0.000098	1.903053	 1.735669	 0.030182	 0.088461	 0.030391
430	 0.006942	 0.005570	 0.000140	 0.000876	 0.000214	1.909995	 1.741239	 0.030322	 0.089337	 0.030605
431	 0.006941	 0.005765	 0.000085	 0.000838	 0.000129	1.916936	 1.747004	 0.030407	 0.090175	 0.030734
432	 0.005232	 0.004321	 0.000075	 0.000639	 0.000127	1.922168	 1.751325	 0.030482	 0.090814	 0.030861
433	 0.007099	 0.005750	 0.000122	 0.000904	 0.000242	1.929267	 1.757075	 0.030604	 0.091718	 0.031103
434	 0.005786	 0.004760	 0.000082	 0.000727	 0.000128	1.935053	 1.761835	 0.030686	 0.092445	 0.031231
435	 0.005611	 0.004460	 0.000128	 0.000708	 0.000214	1.940664	 1.766295	 0.030814	 0.093153	 0.031445
436	 0.005439	 0.004408	 0.000102	 0.000720	 0.000118	1.946103	 1.770703	 0.030916	 0.093873	 0.031563
437	 0.006406	 0.005312	 0.000115	 0.000680	 0.000219	1.952509	 1.776015	 0.031031	 0.094553	 0.031782
438	 0.005862	 0.004833	 0.000118	 0.000718	 0.000106	1.958371	 1.780848	 0.031149	 0.095271	 0.031888
439	 0.005677	 0.004357	 0.000165	 0.000865	 0.000210	1.964048	 1.785205	 0.031314	 0.096136	 0.032098
440	 0.005107	 0.004171	 0.000119	 0.000627	 0.000109	1.969155	 1.789376	 0.031433	 0.096763	 0.032207
441	 0.005836	 0.004597	 0.000114	 0.000838	 0.000202	1.974991	 1.793973	 0.031547	 0.097601	 0.032409
442	 0.005311	 0.004118	 0.000073	 0.000948	 0.000101	1.980302	 1.798091	 0.031620	 0.098549	 0.032510
443	 0.005141	 0.004042	 0.000175	 0.000626	 0.000212	1.985443	 1.802133	 0.031795	 0.099175	 0.032722
444	 0.004908	 0.003983	 0.000080	 0.000657	 0.000103	1.990351	 1.806116	 0.031875	 0.099832	 0.032825
445	 0.005517	 0.004324	 0.000163	 0.000737	 0.000207	1.995868	 1.810440	 0.032038	 0.100569	 0.033032
446	 0.005113	 0.004213	 0.000068	 0.000636	 0.000120	2.000981	 1.814653	 0.032106	 0.101205	 0.033152
447	 0.005572	 0.004350	 0.000177	 0.000742	 0.000231	2.006553	 1.819003	 0.032283	 0.101947	 0.033383
448	 0.005943	 0.004988	 0.000117	 0.000649	 0.000114	2.012496	 1.823991	 0.032400	 0.102596	 0.033497
449	 0.006287	 0.004831	 0.000128	 0.001026	 0.000206	2.018783	 1.828822	 0.032528	 0.103622	 0.033703
450	 0.006098	 0.004483	 0.000118	 0.001303	 0.000109	2.024881	 1.833305	 0.032646	 0.104925	 0.033812
451	 0.005341	 0.004136	 0.000171	 0.000746	 0.000209	2.030222	 1.837441	 0.032817	 0.105671	 0.034021
452	 0.005474	 0.004173	 0.000120	 0.000969	 0.000113	2.035696	 1.841614	 0.032937	 0.106640	 0.034134
453	 0.005415	 0.004175	 0.000184	 0.000737	 0.000219	2.041111	 1.845789	 0.033121	 0.107377	 0.034353
454	 0.005084	 0.003908	 0.000126	 0.000863	 0.000109	2.046195	 1.849697	 0.033247	 0.108240	 0.034462
455	 0.005715	 0.004511	 0.000140	 0.000751	 0.000212	2.051910	 1.854208	 0.033387	 0.108991	 0.034674
456	 0.005125	 0.004128	 0.000119	 0.000672	 0.000111	2.057035	 1.858336	 0.033506	 0.109663	 0.034785
457	 0.005886	 0.004636	 0.000181	 0.000741	 0.000226	2.062921	 1.862972	 0.033687	 0.110404	 0.035011
458	 0.005912	 0.004694	 0.000083	 0.000901	 0.000135	2.068833	 1.867666	 0.033770	 0.111305	 0.035146
459	 0.006312	 0.005087	 0.000134	 0.000768	 0.000233	2.075145	 1.872753	 0.033904	 0.112073	 0.035379
460	 0.005096	 0.004122	 0.000104	 0.000681	 0.000100	2.080241	 1.876875	 0.034008	 0.112754	 0.035479
461	 0.006110	 0.005009	 0.000152	 0.000736	 0.000136	2.086351	 1.881884	 0.034160	 0.113490	 0.035615
462	 0.006548	 0.005619	 0.000145	 0.000609	 0.000083	2.092899	 1.887503	 0.034305	 0.114099	 0.035698
463	 0.006315	 0.005356	 0.000094	 0.000675	 0.000133	2.099214	 1.892859	 0.034399	 0.114774	 0.035831
464	 0.006154	 0.005354	 0.000068	 0.000624	 0.000060	2.105368	 1.898213	 0.034467	 0.115398	 0.035891
465	 0.005951	 0.004994	 0.000148	 0.000607	 0.000133	2.111319	 1.903207	 0.034615	 0.116005	 0.036024
466	 0.007341	 0.006010	 0.000126	 0.001033	 0.000081	2.118660	 1.909217	 0.034741	 0.117038	 0.036105
467	 0.007754	 0.006024	 0.000117	 0.001391	 0.000139	2.126414	 1.915241	 0.034858	 0.118429	 0.036244
468	 0.005127	 0.004358	 0.000053	 0.000598	 0.000063	2.131541	 1.919599	 0.034911	 0.119027	 0.036307
469	 0.005901	 0.004893	 0.000143	 0.000652	 0.000140	2.137442	 1.924492	 0.035054	 0.119679	 0.036447
470	 0.005303	 0.004550	 0.000054	 0.000592	 0.000063	2.142745	 1.929042	 0.035108	 0.120271	 0.036510
471	 0.007159	 0.005598	 0.000078	 0.001305	 0.000122	2.149904	 1.934640	 0.035186	 0.121576	 0.036632
472	 0.006160	 0.005199	 0.000065	 0.000779	 0.000061	2.156064	 1.939839	 0.035251	 0.122355	 0.036693
473	 0.005119	 0.004196	 0.000049	 0.000779	 0.000060	2.161183	 1.944035	 0.035300	 0.123134	 0.036753
474	 0.005861	 0.004950	 0.000067	 0.000658	 0.000141	2.167044	 1.948985	 0.035367	 0.123792	 0.036894
475	 0.005967	 0.005235	 0.000056	 0.000585	 0.000055	2.173011	 1.954220	 0.035423	 0.124377	 0.036949
476	 0.005201	 0.004375	 0.000082	 0.000580	 0.000125	2.178212	 1.958595	 0.035505	 0.124957	 0.037074
477	 0.005291	 0.004381	 0.000033	 0.000783	 0.000058	2.183503	 1.962976	 0.035538	 0.125740	 0.037132
478	 0.006495	 0.005343	 0.000089	 0.000896	 0.000122	2.189998	 1.968319	 0.035627	 0.126636	 0.037254
479	 0.005598	 0.004278	 0.000061	 0.001160	 0.000058	2.195596	 1.972597	 0.035688	 0.127796	 0.037312
480	 0.006080	 0.004578	 0.000111	 0.001194	 0.000135	2.201676	 1.977175	 0.035799	 0.128990	 0.037447
481	 0.005853	 0.004479	 0.000043	 0.001210	 0.000066	2.207529	 1.981654	 0.035842	 0.130200	 0.037513
482	 0.005613	 0.004518	 0.000076	 0.000824	 0.000127	2.213142	 1.986172	 0.035918	 0.131024	 0.037640
483	 0.004928	 0.004004	 0.000035	 0.000799	 0.000055	2.218070	 1.990176	 0.035953	 0.131823	 0.037695
484	 0.006459	 0.005446	 0.000058	 0.000795	 0.000118	2.224529	 1.995622	 0.036011	 0.132618	 0.037813
485	 0.005415	 0.004490	 0.000035	 0.000799	 0.000057	2.229944	 2.000112	 0.036046	 0.133417	 0.037870
486	 0.005449	 0.004385	 0.000059	 0.000829	 0.000119	2.235393	 2.004497	 0.036105	 0.134246	 0.037989
487	 0.007129	 0.005238	 0.000034	 0.001731	 0.000069	2.242522	 2.009735	 0.036139	 0.135977	 0.038058
488	 0.005894	 0.005132	 0.000031	 0.000635	 0.000063	2.248416	 2.014867	 0.036170	 0.136612	 0.038121
489	 0.006140	 0.005031	 0.000059	 0.000874	 0.000126	2.254556	 2.019898	 0.036229	 0.137486	 0.038247
490	 0.004725	 0.003890	 0.000063	 0.000675	 0.000064	2.259281	 2.023788	 0.036292	 0.138161	 0.038311
491	 0.004963	 0.004014	 0.000079	 0.000672	 0.000154	2.264244	 2.027802	 0.036371	 0.138833	 0.038465
492	 0.004978	 0.003973	 0.000037	 0.000878	 0.000056	2.269222	 2.031775	 0.036408	 0.139711	 0.038521
493	 0.004508	 0.003605	 0.000110	 0.000612	 0.000144	2.273730	 2.035380	 0.036518	 0.140323	 0.038665
494	 0.005115	 0.004360	 0.000036	 0.000623	 0.000059	2.278845	 2.039740	 0.036554	 0.140946	 0.038724
495	 0.005403	 0.004280	 0.000077	 0.000895	 0.000117	2.284248	 2.044020	 0.036631	 0.141841	 0.038841
496	 0.005586	 0.004806	 0.000045	 0.000621	 0.000065	2.289834	 2.048826	 0.036676	 0.142462	 0.038906
497	 0.005794	 0.005023	 0.000043	 0.000632	 0.000063	2.295628	 2.053849	 0.036719	 0.143094	 0.038969
498	 0.005047	 0.004124	 0.000062	 0.000688	 0.000128	2.300675	 2.057973	 0.036781	 0.143782	 0.039097
499	 0.004965	 0.004156	 0.000061	 0.000642	 0.000067	2.305640	 2.062129	 0.036842	 0.144424	 0.039164
500	 0.005307	 0.004298	 0.000110	 0.000711	 0.000128	2.310947	 2.066427	 0.036952	 0.145135	 0.039292
501	 0.004765	 0.003988	 0.000034	 0.000647	 0.000058	2.315712	 2.070415	 0.036986	 0.145782	 0.039350
502	 0.005403	 0.004475	 0.000053	 0.000687	 0.000116	2.321115	 2.074890	 0.037039	 0.146469	 0.039466
503	 0.005791	 0.004636	 0.000035	 0.001025	 0.000059	2.326906	 2.079526	 0.037074	 0.147494	 0.039525
504	 0.005421	 0.004282	 0.000057	 0.000928	 0.000116	2.332327	 2.083808	 0.037131	 0.148422	 0.039641
505	 0.005158	 0.004363	 0.000051	 0.000655	 0.000055	2.337485	 2.088171	 0.037182	 0.149077	 0.039696
506	 0.005066	 0.004108	 0.000087	 0.000710	 0.000121	2.342551	 2.092279	 0.037269	 0.149787	 0.039817
507	 0.005934	 0.004663	 0.000049	 0.001116	 0.000056	2.348485	 2.096942	 0.037318	 0.150903	 0.039873
508	 0.004928	 0.004096	 0.000051	 0.000664	 0.000071	2.353413	 2.101038	 0.037369	 0.151567	 0.039944
509	 0.005027	 0.003869	 0.000071	 0.000919	 0.000122	2.358440	 2.104907	 0.037440	 0.152486	 0.040066
510	 0.005418	 0.004435	 0.000031	 0.000861	 0.000055	2.363858	 2.109342	 0.037471	 0.153347	 0.040121
511	 0.005249	 0.004115	 0.000058	 0.000922	 0.000118	2.369107	 2.113457	 0.037529	 0.154269	 0.040239
512	 0.005300	 0.004129	 0.000034	 0.001044	 0.000060	2.374407	 2.117586	 0.037563	 0.155313	 0.040299
513	 0.004970	 0.004004	 0.000074	 0.000717	 0.000122	2.379377	 2.121590	 0.037637	 0.156030	 0.040421
514	 0.004830	 0.003762	 0.000105	 0.000782	 0.000107	2.384207	 2.125352	 0.037742	 0.156812	 0.040528
515	 0.005603	 0.004537	 0.000107	 0.000785	 0.000128	2.389810	 2.129889	 0.037849	 0.157597	 0.040656
516	 0.005302	 0.004461	 0.000033	 0.000725	 0.000056	2.395112	 2.134350	 0.037882	 0.158322	 0.040712
517	 0.005249	 0.004315	 0.000054	 0.000717	 0.000116	2.400361	 2.138665	 0.037936	 0.159039	 0.040828
518	 0.006202	 0.004845	 0.000043	 0.001190	 0.000076	2.406563	 2.143510	 0.037979	 0.160229	 0.040904
519	 0.005980	 0.004907	 0.000082	 0.000780	 0.000144	2.412543	 2.148417	 0.038061	 0.161009	 0.041048
520	 0.006007	 0.005008	 0.000100	 0.000755	 0.000090	2.418550	 2.153425	 0.038161	 0.161764	 0.041138
521	 0.005502	 0.004495	 0.000087	 0.000739	 0.000131	2.424052	 2.157920	 0.038248	 0.162503	 0.041269
522	 0.005282	 0.004153	 0.000040	 0.000985	 0.000063	2.429334	 2.162073	 0.038288	 0.163488	 0.041332
523	 0.005688	 0.004653	 0.000061	 0.000797	 0.000129	2.435022	 2.166726	 0.038349	 0.164285	 0.041461
524	 0.004895	 0.003945	 0.000065	 0.000766	 0.000075	2.439917	 2.170671	 0.038414	 0.165051	 0.041536
525	 0.005768	 0.004777	 0.000079	 0.000736	 0.000120	2.445685	 2.175448	 0.038493	 0.165787	 0.041656
526	 0.004962	 0.004046	 0.000048	 0.000759	 0.000057	2.450647	 2.179494	 0.038541	 0.166546	 0.041713
527	 0.005867	 0.004414	 0.000041	 0.001322	 0.000057	2.456514	 2.183908	 0.038582	 0.167868	 0.041770
528	 0.005293	 0.004169	 0.000070	 0.000902	 0.000116	2.461807	 2.188077	 0.038652	 0.168770	 0.041886
529	 0.004869	 0.004063	 0.000044	 0.000666	 0.000058	2.466676	 2.192140	 0.038696	 0.169436	 0.041944
530	 0.006238	 0.004778	 0.000086	 0.001206	 0.000123	2.472914	 2.196918	 0.038782	 0.170642	 0.042067
531	 0.006923	 0.005431	 0.000053	 0.001333	 0.000061	2.479837	 2.202349	 0.038835	 0.171975	 0.042128
532	 0.004820	 0.003855	 0.000074	 0.000719	 0.000129	2.484657	 2.206204	 0.038909	 0.172694	 0.042257
533	 0.006000	 0.004746	 0.000052	 0.001105	 0.000061	2.490657	 2.210950	 0.038961	 0.173799	 0.042318
534	 0.005390	 0.003702	 0.000062	 0.001469	 0.000121	2.496047	 2.214652	 0.039023	 0.175268	 0.042439
535	 0.006240	 0.004334	 0.000033	 0.001782	 0.000057	2.502287	 2.218986	 0.039056	 0.177050	 0.042496
536	 0.005169	 0.004190	 0.000052	 0.000768	 0.000121	2.507456	 2.223176	 0.039108	 0.177818	 0.042617
537	 0.005925	 0.004877	 0.000048	 0.000906	 0.000058	2.513381	 2.228053	 0.039156	 0.178724	 0.042675
538	 0.006395	 0.004925	 0.000092	 0.001205	 0.000123	2.519776	 2.232978	 0.039248	 0.179929	 0.042798
539	 0.006063	 0.003773	 0.000070	 0.002099	 0.000067	2.525839	 2.236751	 0.039318	 0.182028	 0.042865
540	 0.005973	 0.004145	 0.000083	 0.001574	 0.000122	2.531812	 2.240896	 0.039401	 0.183602	 0.042987
541	 0.006475	 0.004109	 0.000039	 0.002233	 0.000058	2.538287	 2.245005	 0.039440	 0.185835	 0.043045
542	 0.005917	 0.004698	 0.000069	 0.000984	 0.000125	2.544204	 2.249703	 0.039509	 0.186819	 0.043170
543	 0.006096	 0.004794	 0.000053	 0.001152	 0.000059	2.550300	 2.254497	 0.039562	 0.187971	 0.043229
544	 0.005706	 0.004309	 0.000064	 0.001174	 0.000121	2.556006	 2.258806	 0.039626	 0.189145	 0.043350
545	 0.005716	 0.004805	 0.000060	 0.000742	 0.000073	2.561722	 2.263611	 0.039686	 0.189887	 0.043423
546	 0.006263	 0.005075	 0.000075	 0.000952	 0.000121	2.567985	 2.268686	 0.039761	 0.190839	 0.043544
547	 0.005901	 0.004388	 0.000031	 0.001387	 0.000059	2.573886	 2.273074	 0.039792	 0.192226	 0.043603
548	 0.006295	 0.003826	 0.000056	 0.002260	 0.000120	2.580181	 2.276900	 0.039848	 0.194486	 0.043723
549	 0.003635	 0.002730	 0.000031	 0.000778	 0.000059	2.583816	 2.279630	 0.039879	 0.195264	 0.043782
550	 0.004949	 0.003762	 0.000088	 0.000936	 0.000129	2.588765	 2.283392	 0.039967	 0.196200	 0.043911
551	 0.006871	 0.004274	 0.000031	 0.002467	 0.000059	2.595636	 2.287666	 0.039998	 0.198667	 0.043970
552	 0.006536	 0.004155	 0.000134	 0.002047	 0.000134	2.602172	 2.291821	 0.040132	 0.200714	 0.044104
553	 0.006002	 0.004635	 0.000032	 0.001217	 0.000085	2.608174	 2.296456	 0.040164	 0.201931	 0.044189
554	 0.006723	 0.004234	 0.000064	 0.002241	 0.000134	2.614897	 2.300690	 0.040228	 0.204172	 0.044323
555	 0.005811	 0.004481	 0.000031	 0.001198	 0.000064	2.620708	 2.305171	 0.040259	 0.205370	 0.044387
556	 0.005210	 0.004188	 0.000064	 0.000777	 0.000137	2.625918	 2.309359	 0.040323	 0.206147	 0.044524
557	 0.006476	 0.005133	 0.000034	 0.001200	 0.000071	2.632394	 2.314492	 0.040357	 0.207347	 0.044595
558	 0.008055	 0.004220	 0.000068	 0.003578	 0.000140	2.640449	 2.318712	 0.040425	 0.210925	 0.044735
559	 0.005596	 0.004702	 0.000033	 0.000753	 0.000070	2.646045	 2.323414	 0.040458	 0.211678	 0.044805
560	 0.006010	 0.003888	 0.000057	 0.001894	 0.000134	2.652055	 2.327302	 0.040515	 0.213572	 0.044939
561	 0.008332	 0.004627	 0.000061	 0.003492	 0.000091	2.660387	 2.331929	 0.040576	 0.217064	 0.045030
562	 0.005862	 0.003941	 0.000094	 0.001652	 0.000134	2.666249	 2.335870	 0.040670	 0.218716	 0.045164
563	 0.005920	 0.004082	 0.000049	 0.001679	 0.000071	2.672169	 2.339952	 0.040719	 0.220395	 0.045235
564	 0.008102	 0.004474	 0.000084	 0.003348	 0.000148	2.680271	 2.344426	 0.040803	 0.223743	 0.045383
565	 0.006158	 0.004207	 0.000038	 0.001809	 0.000063	2.686429	 2.348633	 0.040841	 0.225552	 0.045446
566	 0.006589	 0.004109	 0.000106	 0.002205	 0.000126	2.693018	 2.352742	 0.040947	 0.227757	 0.045572
567	 0.006480	 0.004592	 0.000050	 0.001719	 0.000073	2.699498	 2.357334	 0.040997	 0.229476	 0.045645
568	 0.005066	 0.003791	 0.000073	 0.001017	 0.000141	2.704564	 2.361125	 0.041070	 0.230493	 0.045786
569	 0.006588	 0.003740	 0.000036	 0.002683	 0.000073	2.711152	 2.364865	 0.041106	 0.233176	 0.045859
570	 0.014446	 0.003882	 0.000079	 0.010347	 0.000083	2.725598	 2.368747	 0.041185	 0.243523	 0.045942
571	 0.006414	 0.003937	 0.000086	 0.002200	 0.000137	2.732012	 2.372684	 0.041271	 0.245723	 0.046079
572	 0.009213	 0.003959	 0.000051	 0.005089	 0.000073	2.741225	 2.376643	 0.041322	 0.250812	 0.046152
573	 0.006968	 0.003801	 0.000081	 0.002903	 0.000140	2.748193	 2.380444	 0.041403	 0.253715	 0.046292
574	 0.010546	 0.003984	 0.000068	 0.006370	 0.000077	2.758739	 2.384428	 0.041471	 0.260085	 0.046369
575	 0.008574	 0.004020	 0.000104	 0.004252	 0.000143	2.767313	 2.388448	 0.041575	 0.264337	 0.046512
576	 0.010820	 0.004580	 0.000051	 0.006086	 0.000071	2.778133	 2.393028	 0.041626	 0.270423	 0.046583
577	 0.008563	 0.003919	 0.000090	 0.004363	 0.000141	2.786696	 2.396947	 0.041716	 0.274786	 0.046724
