Iter	 Iter_time	 Master	 Subprob	 Full_Test	 argmax	Iter_acc	 Master_acc	 Subprob_acc	 Full_Test_acc	 argmax_acc
1	 0.001167	 0.000839	 0.000220	 0.000000	 0.000056	0.001167	 0.000839	 0.000220	 0.000000	 0.000056
2	 0.003618	 0.003394	 0.000112	 0.000000	 0.000047	0.004785	 0.004233	 0.000332	 0.000000	 0.000103
3	 0.003529	 0.003431	 0.000045	 0.000000	 0.000018	0.008314	 0.007664	 0.000377	 0.000000	 0.000121
4	 0.003796	 0.003693	 0.000054	 0.000000	 0.000016	0.012110	 0.011357	 0.000431	 0.000000	 0.000137
5	 0.003245	 0.003005	 0.000138	 0.000000	 0.000053	0.015355	 0.014362	 0.000569	 0.000000	 0.000190
6	 0.004178	 0.004070	 0.000043	 0.000000	 0.000022	0.019533	 0.018432	 0.000612	 0.000000	 0.000212
7	 0.003325	 0.003205	 0.000068	 0.000000	 0.000022	0.022858	 0.021637	 0.000680	 0.000000	 0.000234
8	 0.003652	 0.003469	 0.000092	 0.000000	 0.000037	0.026510	 0.025106	 0.000772	 0.000000	 0.000271
9	 0.003694	 0.003463	 0.000110	 0.000000	 0.000076	0.030204	 0.028569	 0.000882	 0.000000	 0.000347
10	 0.003760	 0.003512	 0.000106	 0.000000	 0.000103	0.033964	 0.032081	 0.000988	 0.000000	 0.000450
11	 0.003672	 0.003521	 0.000067	 0.000000	 0.000043	0.037636	 0.035602	 0.001055	 0.000000	 0.000493
12	 0.004510	 0.004353	 0.000077	 0.000000	 0.000043	0.042146	 0.039955	 0.001132	 0.000000	 0.000536
13	 0.003487	 0.003364	 0.000068	 0.000000	 0.000024	0.045633	 0.043319	 0.001200	 0.000000	 0.000560
14	 0.003791	 0.003641	 0.000070	 0.000000	 0.000041	0.049424	 0.046960	 0.001270	 0.000000	 0.000601
15	 0.003696	 0.003547	 0.000073	 0.000000	 0.000034	0.053120	 0.050507	 0.001343	 0.000000	 0.000635
16	 0.004410	 0.004178	 0.000127	 0.000000	 0.000047	0.057530	 0.054685	 0.001470	 0.000000	 0.000682
17	 0.004058	 0.003925	 0.000071	 0.000000	 0.000029	0.061588	 0.058610	 0.001541	 0.000000	 0.000711
18	 0.003894	 0.003735	 0.000085	 0.000000	 0.000040	0.065482	 0.062345	 0.001626	 0.000000	 0.000751
19	 0.003894	 0.003781	 0.000050	 0.000000	 0.000035	0.069376	 0.066126	 0.001676	 0.000000	 0.000786
20	 0.003710	 0.003474	 0.000121	 0.000000	 0.000075	0.073086	 0.069600	 0.001797	 0.000000	 0.000861
21	 0.003274	 0.003181	 0.000043	 0.000000	 0.000022	0.076360	 0.072781	 0.001840	 0.000000	 0.000883
22	 0.003680	 0.003549	 0.000063	 0.000000	 0.000037	0.080040	 0.076330	 0.001903	 0.000000	 0.000920
23	 0.003450	 0.003345	 0.000047	 0.000000	 0.000031	0.083490	 0.079675	 0.001950	 0.000000	 0.000951
24	 0.003876	 0.003719	 0.000078	 0.000000	 0.000048	0.087366	 0.083394	 0.002028	 0.000000	 0.000999
25	 0.004344	 0.004241	 0.000046	 0.000000	 0.000030	0.091710	 0.087635	 0.002074	 0.000000	 0.001029
26	 0.004286	 0.004131	 0.000079	 0.000000	 0.000049	0.095996	 0.091766	 0.002153	 0.000000	 0.001078
27	 0.004312	 0.004233	 0.000033	 0.000000	 0.000021	0.100308	 0.095999	 0.002186	 0.000000	 0.001099
28	 0.003918	 0.003772	 0.000077	 0.000000	 0.000038	0.104226	 0.099771	 0.002263	 0.000000	 0.001137
29	 0.003530	 0.003431	 0.000048	 0.000000	 0.000022	0.107756	 0.103202	 0.002311	 0.000000	 0.001159
30	 0.003715	 0.003564	 0.000082	 0.000000	 0.000041	0.111471	 0.106766	 0.002393	 0.000000	 0.001200
31	 0.004018	 0.003926	 0.000042	 0.000000	 0.000023	0.115489	 0.110692	 0.002435	 0.000000	 0.001223
32	 0.003533	 0.003406	 0.000059	 0.000000	 0.000039	0.119022	 0.114098	 0.002494	 0.000000	 0.001262
33	 0.003467	 0.003372	 0.000047	 0.000000	 0.000022	0.122489	 0.117470	 0.002541	 0.000000	 0.001284
34	 0.003996	 0.003865	 0.000061	 0.000000	 0.000039	0.126485	 0.121335	 0.002602	 0.000000	 0.001323
35	 0.003441	 0.003359	 0.000032	 0.000000	 0.000023	0.129926	 0.124694	 0.002634	 0.000000	 0.001346
36	 0.003871	 0.003714	 0.000077	 0.000000	 0.000041	0.133797	 0.128408	 0.002711	 0.000000	 0.001387
37	 0.003757	 0.003658	 0.000051	 0.000000	 0.000023	0.137554	 0.132066	 0.002762	 0.000000	 0.001410
38	 0.003841	 0.003691	 0.000078	 0.000000	 0.000043	0.141395	 0.135757	 0.002840	 0.000000	 0.001453
39	 0.003737	 0.003641	 0.000047	 0.000000	 0.000023	0.145132	 0.139398	 0.002887	 0.000000	 0.001476
40	 0.003668	 0.003522	 0.000073	 0.000000	 0.000045	0.148800	 0.142920	 0.002960	 0.000000	 0.001521
41	 0.003416	 0.003312	 0.000051	 0.000000	 0.000025	0.152216	 0.146232	 0.003011	 0.000000	 0.001546
42	 0.003343	 0.003186	 0.000083	 0.000000	 0.000043	0.155559	 0.149418	 0.003094	 0.000000	 0.001589
43	 0.003440	 0.003349	 0.000043	 0.000000	 0.000024	0.158999	 0.152767	 0.003137	 0.000000	 0.001613
44	 0.003493	 0.003341	 0.000078	 0.000000	 0.000045	0.162492	 0.156108	 0.003215	 0.000000	 0.001658
45	 0.003520	 0.003422	 0.000048	 0.000000	 0.000026	0.166012	 0.159530	 0.003263	 0.000000	 0.001684
46	 0.003396	 0.003250	 0.000074	 0.000000	 0.000045	0.169408	 0.162780	 0.003337	 0.000000	 0.001729
47	 0.003427	 0.003332	 0.000045	 0.000000	 0.000024	0.172835	 0.166112	 0.003382	 0.000000	 0.001753
48	 0.003903	 0.003756	 0.000074	 0.000000	 0.000046	0.176738	 0.169868	 0.003456	 0.000000	 0.001799
49	 0.003441	 0.003343	 0.000046	 0.000000	 0.000025	0.180179	 0.173211	 0.003502	 0.000000	 0.001824
50	 0.003625	 0.003477	 0.000073	 0.000000	 0.000044	0.183804	 0.176688	 0.003575	 0.000000	 0.001868
51	 0.003953	 0.003855	 0.000047	 0.000000	 0.000026	0.187757	 0.180543	 0.003622	 0.000000	 0.001894
52	 0.003398	 0.003263	 0.000059	 0.000000	 0.000047	0.191155	 0.183806	 0.003681	 0.000000	 0.001941
53	 0.003127	 0.003042	 0.000032	 0.000000	 0.000025	0.194282	 0.186848	 0.003713	 0.000000	 0.001966
54	 0.003740	 0.003581	 0.000079	 0.000000	 0.000044	0.198022	 0.190429	 0.003792	 0.000000	 0.002010
55	 0.004518	 0.004408	 0.000046	 0.000000	 0.000036	0.202540	 0.194837	 0.003838	 0.000000	 0.002046
56	 0.004080	 0.003932	 0.000062	 0.000000	 0.000058	0.206620	 0.198769	 0.003900	 0.000000	 0.002104
57	 0.004105	 0.004012	 0.000033	 0.000000	 0.000035	0.210725	 0.202781	 0.003933	 0.000000	 0.002139
58	 0.003298	 0.003143	 0.000059	 0.000000	 0.000058	0.214023	 0.205924	 0.003992	 0.000000	 0.002197
59	 0.003850	 0.003758	 0.000033	 0.000000	 0.000033	0.217873	 0.209682	 0.004025	 0.000000	 0.002230
60	 0.004014	 0.003847	 0.000081	 0.000000	 0.000057	0.221887	 0.213529	 0.004106	 0.000000	 0.002287
61	 0.003992	 0.003887	 0.000046	 0.000000	 0.000036	0.225879	 0.217416	 0.004152	 0.000000	 0.002323
62	 0.003740	 0.003591	 0.000062	 0.000000	 0.000057	0.229619	 0.221007	 0.004214	 0.000000	 0.002380
63	 0.003619	 0.003528	 0.000033	 0.000000	 0.000026	0.233238	 0.224535	 0.004247	 0.000000	 0.002406
64	 0.003520	 0.003435	 0.000032	 0.000000	 0.000026	0.236758	 0.227970	 0.004279	 0.000000	 0.002432
65	 0.003888	 0.003732	 0.000077	 0.000000	 0.000049	0.240646	 0.231702	 0.004356	 0.000000	 0.002481
66	 0.003552	 0.003453	 0.000045	 0.000000	 0.000026	0.244198	 0.235155	 0.004401	 0.000000	 0.002507
67	 0.004827	 0.004674	 0.000072	 0.000000	 0.000050	0.249025	 0.239829	 0.004473	 0.000000	 0.002557
68	 0.004204	 0.004102	 0.000048	 0.000000	 0.000027	0.253229	 0.243931	 0.004521	 0.000000	 0.002584
69	 0.003666	 0.003505	 0.000074	 0.000000	 0.000051	0.256895	 0.247436	 0.004595	 0.000000	 0.002635
70	 0.004067	 0.003968	 0.000047	 0.000000	 0.000027	0.260962	 0.251404	 0.004642	 0.000000	 0.002662
71	 0.003735	 0.003588	 0.000059	 0.000000	 0.000051	0.264697	 0.254992	 0.004701	 0.000000	 0.002713
72	 0.003605	 0.003508	 0.000032	 0.000000	 0.000037	0.268302	 0.258500	 0.004733	 0.000000	 0.002750
73	 0.004466	 0.004298	 0.000077	 0.000000	 0.000061	0.272768	 0.262798	 0.004810	 0.000000	 0.002811
74	 0.003663	 0.003562	 0.000048	 0.000000	 0.000029	0.276431	 0.266360	 0.004858	 0.000000	 0.002840
75	 0.003690	 0.003551	 0.000059	 0.000000	 0.000050	0.280121	 0.269911	 0.004917	 0.000000	 0.002890
76	 0.003516	 0.003432	 0.000032	 0.000000	 0.000028	0.283637	 0.273343	 0.004949	 0.000000	 0.002918
77	 0.003639	 0.003483	 0.000076	 0.000000	 0.000052	0.287276	 0.276826	 0.005025	 0.000000	 0.002970
78	 0.004201	 0.004099	 0.000051	 0.000000	 0.000028	0.291477	 0.280925	 0.005076	 0.000000	 0.002998
79	 0.004080	 0.003918	 0.000071	 0.000000	 0.000053	0.295557	 0.284843	 0.005147	 0.000000	 0.003051
80	 0.003774	 0.003680	 0.000032	 0.000000	 0.000028	0.299331	 0.288523	 0.005179	 0.000000	 0.003079
81	 0.004133	 0.004027	 0.000049	 0.000000	 0.000030	0.303464	 0.292550	 0.005228	 0.000000	 0.003109
82	 0.003717	 0.003558	 0.000076	 0.000000	 0.000053	0.307181	 0.296108	 0.005304	 0.000000	 0.003162
83	 0.003670	 0.003563	 0.000047	 0.000000	 0.000026	0.310851	 0.299671	 0.005351	 0.000000	 0.003188
84	 0.003846	 0.003755	 0.000033	 0.000000	 0.000028	0.314697	 0.303426	 0.005384	 0.000000	 0.003216
85	 0.003564	 0.003403	 0.000079	 0.000000	 0.000055	0.318261	 0.306829	 0.005463	 0.000000	 0.003271
86	 0.003783	 0.003688	 0.000032	 0.000000	 0.000028	0.322044	 0.310517	 0.005495	 0.000000	 0.003299
87	 0.003612	 0.003509	 0.000046	 0.000000	 0.000029	0.325656	 0.314026	 0.005541	 0.000000	 0.003328
88	 0.004202	 0.004039	 0.000076	 0.000000	 0.000056	0.329858	 0.318065	 0.005617	 0.000000	 0.003384
89	 0.003710	 0.003608	 0.000043	 0.000000	 0.000029	0.333568	 0.321673	 0.005660	 0.000000	 0.003413
90	 0.003909	 0.003761	 0.000066	 0.000000	 0.000055	0.337477	 0.325434	 0.005726	 0.000000	 0.003468
91	 0.003786	 0.003680	 0.000047	 0.000000	 0.000029	0.341263	 0.329114	 0.005773	 0.000000	 0.003497
92	 0.003388	 0.003228	 0.000075	 0.000000	 0.000056	0.344651	 0.332342	 0.005848	 0.000000	 0.003553
93	 0.004226	 0.004136	 0.000032	 0.000000	 0.000026	0.348877	 0.336478	 0.005880	 0.000000	 0.003579
94	 0.003342	 0.003255	 0.000033	 0.000000	 0.000029	0.352219	 0.339733	 0.005913	 0.000000	 0.003608
95	 0.003490	 0.003325	 0.000077	 0.000000	 0.000058	0.355709	 0.343058	 0.005990	 0.000000	 0.003666
96	 0.003546	 0.003443	 0.000047	 0.000000	 0.000032	0.359255	 0.346501	 0.006037	 0.000000	 0.003698
97	 0.003871	 0.003721	 0.000062	 0.000000	 0.000057	0.363126	 0.350222	 0.006099	 0.000000	 0.003755
98	 0.003648	 0.003539	 0.000050	 0.000000	 0.000029	0.366774	 0.353761	 0.006149	 0.000000	 0.003784
99	 0.003833	 0.003672	 0.000073	 0.000000	 0.000058	0.370607	 0.357433	 0.006222	 0.000000	 0.003842
100	 0.003767	 0.003678	 0.000032	 0.000000	 0.000029	0.374374	 0.361111	 0.006254	 0.000000	 0.003871
101	 0.004025	 0.003878	 0.000058	 0.000000	 0.000058	0.378399	 0.364989	 0.006312	 0.000000	 0.003929
102	 0.003794	 0.003655	 0.000048	 0.000000	 0.000031	0.382193	 0.368644	 0.006360	 0.000000	 0.003960
103	 0.004007	 0.003852	 0.000064	 0.000000	 0.000060	0.386200	 0.372496	 0.006424	 0.000000	 0.004020
104	 0.003479	 0.003372	 0.000047	 0.000000	 0.000031	0.389679	 0.375868	 0.006471	 0.000000	 0.004051
105	 0.003856	 0.003694	 0.000072	 0.000000	 0.000058	0.393535	 0.379562	 0.006543	 0.000000	 0.004109
106	 0.003390	 0.003289	 0.000046	 0.000000	 0.000027	0.396925	 0.382851	 0.006589	 0.000000	 0.004136
107	 0.003725	 0.003561	 0.000074	 0.000000	 0.000059	0.400650	 0.386412	 0.006663	 0.000000	 0.004195
108	 0.003509	 0.003421	 0.000032	 0.000000	 0.000031	0.404159	 0.389833	 0.006695	 0.000000	 0.004226
109	 0.004036	 0.003868	 0.000075	 0.000000	 0.000060	0.408195	 0.393701	 0.006770	 0.000000	 0.004286
110	 0.003774	 0.003667	 0.000048	 0.000000	 0.000031	0.411969	 0.397368	 0.006818	 0.000000	 0.004317
111	 0.003598	 0.003432	 0.000074	 0.000000	 0.000061	0.415567	 0.400800	 0.006892	 0.000000	 0.004378
112	 0.003725	 0.003634	 0.000032	 0.000000	 0.000031	0.419292	 0.404434	 0.006924	 0.000000	 0.004409
113	 0.003514	 0.003370	 0.000056	 0.000000	 0.000056	0.422806	 0.407804	 0.006980	 0.000000	 0.004465
114	 0.003608	 0.003502	 0.000048	 0.000000	 0.000033	0.426414	 0.411306	 0.007028	 0.000000	 0.004498
115	 0.003809	 0.003657	 0.000060	 0.000000	 0.000060	0.430223	 0.414963	 0.007088	 0.000000	 0.004558
116	 0.003480	 0.003367	 0.000047	 0.000000	 0.000041	0.433703	 0.418330	 0.007135	 0.000000	 0.004599
117	 0.003917	 0.003755	 0.000061	 0.000000	 0.000069	0.437620	 0.422085	 0.007196	 0.000000	 0.004668
118	 0.003591	 0.003501	 0.000032	 0.000000	 0.000029	0.441211	 0.425586	 0.007228	 0.000000	 0.004697
119	 0.003976	 0.003810	 0.000077	 0.000000	 0.000058	0.445187	 0.429396	 0.007305	 0.000000	 0.004755
120	 0.003509	 0.003400	 0.000047	 0.000000	 0.000033	0.448696	 0.432796	 0.007352	 0.000000	 0.004788
121	 0.003930	 0.003762	 0.000074	 0.000000	 0.000063	0.452626	 0.436558	 0.007426	 0.000000	 0.004851
122	 0.003849	 0.003756	 0.000033	 0.000000	 0.000033	0.456475	 0.440314	 0.007459	 0.000000	 0.004884
123	 0.004195	 0.004024	 0.000076	 0.000000	 0.000062	0.460670	 0.444338	 0.007535	 0.000000	 0.004946
124	 0.003771	 0.003683	 0.000033	 0.000000	 0.000031	0.464441	 0.448021	 0.007568	 0.000000	 0.004977
125	 0.003909	 0.003759	 0.000057	 0.000000	 0.000062	0.468350	 0.451780	 0.007625	 0.000000	 0.005039
126	 0.003928	 0.003818	 0.000046	 0.000000	 0.000039	0.472278	 0.455598	 0.007671	 0.000000	 0.005078
127	 0.003935	 0.003756	 0.000075	 0.000000	 0.000075	0.476213	 0.459354	 0.007746	 0.000000	 0.005153
128	 0.003365	 0.003259	 0.000047	 0.000000	 0.000034	0.479578	 0.462613	 0.007793	 0.000000	 0.005187
129	 0.004066	 0.003899	 0.000074	 0.000000	 0.000064	0.483644	 0.466512	 0.007867	 0.000000	 0.005251
130	 0.003638	 0.003523	 0.000046	 0.000000	 0.000042	0.487282	 0.470035	 0.007913	 0.000000	 0.005293
131	 0.004038	 0.003858	 0.000076	 0.000000	 0.000072	0.491320	 0.473893	 0.007989	 0.000000	 0.005365
132	 0.003520	 0.003424	 0.000033	 0.000000	 0.000033	0.494840	 0.477317	 0.008022	 0.000000	 0.005398
133	 0.003981	 0.003832	 0.000058	 0.000000	 0.000064	0.498821	 0.481149	 0.008080	 0.000000	 0.005462
134	 0.003507	 0.003388	 0.000047	 0.000000	 0.000045	0.502328	 0.484537	 0.008127	 0.000000	 0.005507
135	 0.003692	 0.003511	 0.000075	 0.000000	 0.000076	0.506020	 0.488048	 0.008202	 0.000000	 0.005583
136	 0.004153	 0.004053	 0.000033	 0.000000	 0.000043	0.510173	 0.492101	 0.008235	 0.000000	 0.005626
137	 0.004037	 0.003851	 0.000078	 0.000000	 0.000076	0.514210	 0.495952	 0.008313	 0.000000	 0.005702
138	 0.004140	 0.004038	 0.000032	 0.000000	 0.000043	0.518350	 0.499990	 0.008345	 0.000000	 0.005745
139	 0.004112	 0.003933	 0.000078	 0.000000	 0.000074	0.522462	 0.503923	 0.008423	 0.000000	 0.005819
140	 0.004158	 0.004040	 0.000050	 0.000000	 0.000041	0.526620	 0.507963	 0.008473	 0.000000	 0.005860
141	 0.004218	 0.004039	 0.000075	 0.000000	 0.000074	0.530838	 0.512002	 0.008548	 0.000000	 0.005934
142	 0.004051	 0.003950	 0.000034	 0.000000	 0.000041	0.534889	 0.515952	 0.008582	 0.000000	 0.005975
143	 0.003882	 0.003706	 0.000060	 0.000000	 0.000075	0.538771	 0.519658	 0.008642	 0.000000	 0.006050
144	 0.003489	 0.003384	 0.000032	 0.000000	 0.000033	0.542260	 0.523042	 0.008674	 0.000000	 0.006083
145	 0.003867	 0.003773	 0.000032	 0.000000	 0.000034	0.546127	 0.526815	 0.008706	 0.000000	 0.006117
146	 0.003928	 0.003774	 0.000056	 0.000000	 0.000067	0.550055	 0.530589	 0.008762	 0.000000	 0.006184
147	 0.003652	 0.003539	 0.000049	 0.000000	 0.000036	0.553707	 0.534128	 0.008811	 0.000000	 0.006220
148	 0.004158	 0.003987	 0.000074	 0.000000	 0.000068	0.557865	 0.538115	 0.008885	 0.000000	 0.006288
149	 0.003133	 0.003039	 0.000032	 0.000000	 0.000035	0.560998	 0.541154	 0.008917	 0.000000	 0.006323
150	 0.003886	 0.003730	 0.000057	 0.000000	 0.000066	0.564884	 0.544884	 0.008974	 0.000000	 0.006389
151	 0.004190	 0.004080	 0.000047	 0.000000	 0.000035	0.569074	 0.548964	 0.009021	 0.000000	 0.006424
152	 0.003690	 0.003521	 0.000073	 0.000000	 0.000067	0.572764	 0.552485	 0.009094	 0.000000	 0.006491
153	 0.003996	 0.003888	 0.000046	 0.000000	 0.000035	0.576760	 0.556373	 0.009140	 0.000000	 0.006526
154	 0.003969	 0.003794	 0.000074	 0.000000	 0.000070	0.580729	 0.560167	 0.009214	 0.000000	 0.006596
155	 0.003726	 0.003630	 0.000032	 0.000000	 0.000035	0.584455	 0.563797	 0.009246	 0.000000	 0.006631
156	 0.003457	 0.003305	 0.000058	 0.000000	 0.000067	0.587912	 0.567102	 0.009304	 0.000000	 0.006698
157	 0.004295	 0.004200	 0.000030	 0.000000	 0.000032	0.592207	 0.571302	 0.009334	 0.000000	 0.006730
158	 0.004467	 0.004211	 0.000114	 0.000000	 0.000104	0.596674	 0.575513	 0.009448	 0.000000	 0.006834
159	 0.004192	 0.004080	 0.000044	 0.000000	 0.000037	0.600866	 0.579593	 0.009492	 0.000000	 0.006871
160	 0.004880	 0.004637	 0.000100	 0.000000	 0.000101	0.605746	 0.584230	 0.009592	 0.000000	 0.006972
161	 0.004084	 0.003962	 0.000053	 0.000000	 0.000038	0.609830	 0.588192	 0.009645	 0.000000	 0.007010
162	 0.004662	 0.004416	 0.000101	 0.000000	 0.000102	0.614492	 0.592608	 0.009746	 0.000000	 0.007112
163	 0.004275	 0.004172	 0.000036	 0.000000	 0.000037	0.618767	 0.596780	 0.009782	 0.000000	 0.007149
164	 0.004681	 0.004468	 0.000089	 0.000000	 0.000081	0.623448	 0.601248	 0.009871	 0.000000	 0.007230
165	 0.004543	 0.004396	 0.000066	 0.000000	 0.000039	0.627991	 0.605644	 0.009937	 0.000000	 0.007269
166	 0.004650	 0.004434	 0.000095	 0.000000	 0.000080	0.632641	 0.610078	 0.010032	 0.000000	 0.007349
167	 0.004423	 0.004257	 0.000074	 0.000000	 0.000041	0.637064	 0.614335	 0.010106	 0.000000	 0.007390
168	 0.004164	 0.004035	 0.000053	 0.000000	 0.000039	0.641228	 0.618370	 0.010159	 0.000000	 0.007429
169	 0.004763	 0.004445	 0.000131	 0.000000	 0.000119	0.645991	 0.622815	 0.010290	 0.000000	 0.007548
170	 0.005135	 0.004985	 0.000059	 0.000000	 0.000040	0.651126	 0.627800	 0.010349	 0.000000	 0.007588
171	 0.004498	 0.004348	 0.000063	 0.000000	 0.000043	0.655624	 0.632148	 0.010412	 0.000000	 0.007631
172	 0.004634	 0.004393	 0.000115	 0.000000	 0.000077	0.660258	 0.636541	 0.010527	 0.000000	 0.007708
173	 0.004475	 0.004341	 0.000049	 0.000000	 0.000044	0.664733	 0.640882	 0.010576	 0.000000	 0.007752
174	 0.004553	 0.004300	 0.000104	 0.000000	 0.000099	0.669286	 0.645182	 0.010680	 0.000000	 0.007851
175	 0.003700	 0.003549	 0.000066	 0.000000	 0.000043	0.672986	 0.648731	 0.010746	 0.000000	 0.007894
176	 0.004602	 0.004325	 0.000110	 0.000000	 0.000112	0.677588	 0.653056	 0.010856	 0.000000	 0.008006
177	 0.004384	 0.004263	 0.000044	 0.000000	 0.000039	0.681972	 0.657319	 0.010900	 0.000000	 0.008045
178	 0.004139	 0.003912	 0.000106	 0.000000	 0.000081	0.686111	 0.661231	 0.011006	 0.000000	 0.008126
179	 0.004105	 0.003991	 0.000047	 0.000000	 0.000038	0.690216	 0.665222	 0.011053	 0.000000	 0.008164
180	 0.003829	 0.003666	 0.000061	 0.000000	 0.000073	0.694045	 0.668888	 0.011114	 0.000000	 0.008237
181	 0.004182	 0.004066	 0.000050	 0.000000	 0.000038	0.698227	 0.672954	 0.011164	 0.000000	 0.008275
182	 0.003809	 0.003630	 0.000072	 0.000000	 0.000075	0.702036	 0.676584	 0.011236	 0.000000	 0.008350
183	 0.003577	 0.003467	 0.000048	 0.000000	 0.000036	0.705613	 0.680051	 0.011284	 0.000000	 0.008386
184	 0.004148	 0.003971	 0.000060	 0.000000	 0.000074	0.709761	 0.684022	 0.011344	 0.000000	 0.008460
185	 0.003988	 0.003865	 0.000047	 0.000000	 0.000049	0.713749	 0.687887	 0.011391	 0.000000	 0.008509
186	 0.004042	 0.003861	 0.000064	 0.000000	 0.000086	0.717791	 0.691748	 0.011455	 0.000000	 0.008595
187	 0.003719	 0.003606	 0.000048	 0.000000	 0.000038	0.721510	 0.695354	 0.011503	 0.000000	 0.008633
188	 0.004179	 0.003993	 0.000077	 0.000000	 0.000075	0.725689	 0.699347	 0.011580	 0.000000	 0.008708
189	 0.003356	 0.003258	 0.000032	 0.000000	 0.000037	0.729045	 0.702605	 0.011612	 0.000000	 0.008745
190	 0.003774	 0.003609	 0.000055	 0.000000	 0.000076	0.732819	 0.706214	 0.011667	 0.000000	 0.008821
191	 0.004060	 0.003946	 0.000047	 0.000000	 0.000038	0.736879	 0.710160	 0.011714	 0.000000	 0.008859
192	 0.003815	 0.003640	 0.000063	 0.000000	 0.000075	0.740694	 0.713800	 0.011777	 0.000000	 0.008934
193	 0.003614	 0.003506	 0.000046	 0.000000	 0.000036	0.744308	 0.717306	 0.011823	 0.000000	 0.008970
194	 0.003729	 0.003565	 0.000059	 0.000000	 0.000075	0.748037	 0.720871	 0.011882	 0.000000	 0.009045
195	 0.004002	 0.003885	 0.000047	 0.000000	 0.000039	0.752039	 0.724756	 0.011929	 0.000000	 0.009084
196	 0.004144	 0.003963	 0.000074	 0.000000	 0.000076	0.756183	 0.728719	 0.012003	 0.000000	 0.009160
197	 0.004158	 0.004042	 0.000048	 0.000000	 0.000039	0.760341	 0.732761	 0.012051	 0.000000	 0.009199
198	 0.004246	 0.004081	 0.000059	 0.000000	 0.000073	0.764587	 0.736842	 0.012110	 0.000000	 0.009272
199	 0.003820	 0.003719	 0.000033	 0.000000	 0.000039	0.768407	 0.740561	 0.012143	 0.000000	 0.009311
200	 0.004211	 0.004008	 0.000078	 0.000000	 0.000077	0.772618	 0.744569	 0.012221	 0.000000	 0.009388
201	 0.003261	 0.003160	 0.000033	 0.000000	 0.000040	0.775879	 0.747729	 0.012254	 0.000000	 0.009428
202	 0.004138	 0.003928	 0.000078	 0.000000	 0.000079	0.780017	 0.751657	 0.012332	 0.000000	 0.009507
203	 0.003494	 0.003392	 0.000034	 0.000000	 0.000041	0.783511	 0.755049	 0.012366	 0.000000	 0.009548
204	 0.003521	 0.003330	 0.000085	 0.000000	 0.000077	0.787032	 0.758379	 0.012451	 0.000000	 0.009625
205	 0.003087	 0.002975	 0.000044	 0.000000	 0.000040	0.790119	 0.761354	 0.012495	 0.000000	 0.009665
206	 0.004158	 0.003969	 0.000079	 0.000000	 0.000079	0.794277	 0.765323	 0.012574	 0.000000	 0.009744
207	 0.004716	 0.004599	 0.000046	 0.000000	 0.000041	0.798993	 0.769922	 0.012620	 0.000000	 0.009785
208	 0.004118	 0.003947	 0.000061	 0.000000	 0.000078	0.803111	 0.773869	 0.012681	 0.000000	 0.009863
209	 0.003525	 0.003425	 0.000032	 0.000000	 0.000040	0.806636	 0.777294	 0.012713	 0.000000	 0.009903
210	 0.003589	 0.003390	 0.000088	 0.000000	 0.000078	0.810225	 0.780684	 0.012801	 0.000000	 0.009981
211	 0.003782	 0.003678	 0.000035	 0.000000	 0.000040	0.814007	 0.784362	 0.012836	 0.000000	 0.010021
212	 0.003702	 0.003531	 0.000059	 0.000000	 0.000082	0.817709	 0.787893	 0.012895	 0.000000	 0.010103
213	 0.003910	 0.003790	 0.000051	 0.000000	 0.000042	0.821619	 0.791683	 0.012946	 0.000000	 0.010145
214	 0.003705	 0.003520	 0.000074	 0.000000	 0.000082	0.825324	 0.795203	 0.013020	 0.000000	 0.010227
215	 0.003501	 0.003386	 0.000047	 0.000000	 0.000041	0.828825	 0.798589	 0.013067	 0.000000	 0.010268
216	 0.003723	 0.003535	 0.000076	 0.000000	 0.000081	0.832548	 0.802124	 0.013143	 0.000000	 0.010349
217	 0.003658	 0.003562	 0.000032	 0.000000	 0.000038	0.836206	 0.805686	 0.013175	 0.000000	 0.010387
218	 0.003681	 0.003488	 0.000081	 0.000000	 0.000083	0.839887	 0.809174	 0.013256	 0.000000	 0.010470
219	 0.003783	 0.003666	 0.000047	 0.000000	 0.000041	0.843670	 0.812840	 0.013303	 0.000000	 0.010511
220	 0.003482	 0.003312	 0.000059	 0.000000	 0.000078	0.847152	 0.816152	 0.013362	 0.000000	 0.010589
221	 0.003850	 0.003749	 0.000032	 0.000000	 0.000040	0.851002	 0.819901	 0.013394	 0.000000	 0.010629
222	 0.003786	 0.003595	 0.000077	 0.000000	 0.000084	0.854788	 0.823496	 0.013471	 0.000000	 0.010713
223	 0.003697	 0.003581	 0.000045	 0.000000	 0.000043	0.858485	 0.827077	 0.013516	 0.000000	 0.010756
224	 0.003761	 0.003585	 0.000060	 0.000000	 0.000083	0.862246	 0.830662	 0.013576	 0.000000	 0.010839
225	 0.003807	 0.003692	 0.000046	 0.000000	 0.000041	0.866053	 0.834354	 0.013622	 0.000000	 0.010880
226	 0.003747	 0.003576	 0.000060	 0.000000	 0.000080	0.869800	 0.837930	 0.013682	 0.000000	 0.010960
227	 0.003574	 0.003457	 0.000047	 0.000000	 0.000043	0.873374	 0.841387	 0.013729	 0.000000	 0.011003
228	 0.003872	 0.003703	 0.000061	 0.000000	 0.000081	0.877246	 0.845090	 0.013790	 0.000000	 0.011084
229	 0.003477	 0.003374	 0.000032	 0.000000	 0.000041	0.880723	 0.848464	 0.013822	 0.000000	 0.011125
230	 0.003760	 0.003588	 0.000058	 0.000000	 0.000084	0.884483	 0.852052	 0.013880	 0.000000	 0.011209
231	 0.003936	 0.003824	 0.000046	 0.000000	 0.000040	0.888419	 0.855876	 0.013926	 0.000000	 0.011249
232	 0.003722	 0.003544	 0.000060	 0.000000	 0.000083	0.892141	 0.859420	 0.013986	 0.000000	 0.011332
233	 0.004017	 0.003902	 0.000048	 0.000000	 0.000040	0.896158	 0.863322	 0.014034	 0.000000	 0.011372
234	 0.003942	 0.003769	 0.000060	 0.000000	 0.000081	0.900100	 0.867091	 0.014094	 0.000000	 0.011453
235	 0.003516	 0.003414	 0.000031	 0.000000	 0.000042	0.903616	 0.870505	 0.014125	 0.000000	 0.011495
236	 0.003817	 0.003627	 0.000073	 0.000000	 0.000085	0.907433	 0.874132	 0.014198	 0.000000	 0.011580
237	 0.004035	 0.003919	 0.000042	 0.000000	 0.000043	0.911468	 0.878051	 0.014240	 0.000000	 0.011623
238	 0.003905	 0.003714	 0.000074	 0.000000	 0.000086	0.915373	 0.881765	 0.014314	 0.000000	 0.011709
239	 0.003605	 0.003505	 0.000033	 0.000000	 0.000039	0.918978	 0.885270	 0.014347	 0.000000	 0.011748
240	 0.003852	 0.003669	 0.000062	 0.000000	 0.000086	0.922830	 0.888939	 0.014409	 0.000000	 0.011834
241	 0.003816	 0.003695	 0.000054	 0.000000	 0.000041	0.926646	 0.892634	 0.014463	 0.000000	 0.011875
242	 0.004157	 0.003969	 0.000071	 0.000000	 0.000086	0.930803	 0.896603	 0.014534	 0.000000	 0.011961
243	 0.003883	 0.003788	 0.000032	 0.000000	 0.000039	0.934686	 0.900391	 0.014566	 0.000000	 0.012000
244	 0.003898	 0.003706	 0.000077	 0.000000	 0.000083	0.938584	 0.904097	 0.014643	 0.000000	 0.012083
245	 0.004076	 0.003959	 0.000045	 0.000000	 0.000043	0.942660	 0.908056	 0.014688	 0.000000	 0.012126
246	 0.004134	 0.003956	 0.000061	 0.000000	 0.000086	0.946794	 0.912012	 0.014749	 0.000000	 0.012212
247	 0.003914	 0.003811	 0.000033	 0.000000	 0.000043	0.950708	 0.915823	 0.014782	 0.000000	 0.012255
248	 0.003794	 0.003624	 0.000055	 0.000000	 0.000082	0.954502	 0.919447	 0.014837	 0.000000	 0.012337
249	 0.003689	 0.003570	 0.000047	 0.000000	 0.000043	0.958191	 0.923017	 0.014884	 0.000000	 0.012380
250	 0.004325	 0.004133	 0.000074	 0.000000	 0.000083	0.962516	 0.927150	 0.014958	 0.000000	 0.012463
251	 0.004262	 0.004159	 0.000033	 0.000000	 0.000044	0.966778	 0.931309	 0.014991	 0.000000	 0.012507
252	 0.004366	 0.004168	 0.000082	 0.000000	 0.000088	0.971144	 0.935477	 0.015073	 0.000000	 0.012595
253	 0.003672	 0.003556	 0.000049	 0.000000	 0.000041	0.974816	 0.939033	 0.015122	 0.000000	 0.012636
254	 0.004295	 0.004105	 0.000072	 0.000000	 0.000085	0.979111	 0.943138	 0.015194	 0.000000	 0.012721
255	 0.004217	 0.004113	 0.000032	 0.000000	 0.000043	0.983328	 0.947251	 0.015226	 0.000000	 0.012764
256	 0.004552	 0.004354	 0.000076	 0.000000	 0.000088	0.987880	 0.951605	 0.015302	 0.000000	 0.012852
257	 0.004352	 0.004228	 0.000051	 0.000000	 0.000045	0.992232	 0.955833	 0.015353	 0.000000	 0.012897
258	 0.003952	 0.003751	 0.000071	 0.000000	 0.000097	0.996184	 0.959584	 0.015424	 0.000000	 0.012994
259	 0.004029	 0.003908	 0.000033	 0.000000	 0.000060	1.000213	 0.963492	 0.015457	 0.000000	 0.013054
260	 0.004152	 0.003953	 0.000060	 0.000000	 0.000106	1.004365	 0.967445	 0.015517	 0.000000	 0.013160
261	 0.004132	 0.004015	 0.000032	 0.000000	 0.000056	1.008497	 0.971460	 0.015549	 0.000000	 0.013216
262	 0.003919	 0.003724	 0.000062	 0.000000	 0.000106	1.012416	 0.975184	 0.015611	 0.000000	 0.013322
263	 0.003913	 0.003795	 0.000032	 0.000000	 0.000057	1.016329	 0.978979	 0.015643	 0.000000	 0.013379
264	 0.003999	 0.003786	 0.000078	 0.000000	 0.000104	1.020328	 0.982765	 0.015721	 0.000000	 0.013483
265	 0.004035	 0.003916	 0.000048	 0.000000	 0.000046	1.024363	 0.986681	 0.015769	 0.000000	 0.013529
266	 0.004054	 0.003861	 0.000061	 0.000000	 0.000098	1.028417	 0.990542	 0.015830	 0.000000	 0.013627
267	 0.003943	 0.003825	 0.000031	 0.000000	 0.000057	1.032360	 0.994367	 0.015861	 0.000000	 0.013684
268	 0.004288	 0.003555	 0.000084	 0.000515	 0.000098	1.036648	 0.997922	 0.015945	 0.000515	 0.013782
269	 0.004265	 0.003880	 0.000033	 0.000255	 0.000059	1.040913	 1.001802	 0.015978	 0.000770	 0.013841
270	 0.006989	 0.004159	 0.000071	 0.002610	 0.000097	1.047902	 1.005961	 0.016049	 0.003380	 0.013938
271	 0.004360	 0.003971	 0.000033	 0.000261	 0.000060	1.052262	 1.009932	 0.016082	 0.003641	 0.013998
272	 0.004298	 0.003782	 0.000068	 0.000296	 0.000110	1.056560	 1.013714	 0.016150	 0.003937	 0.014108
273	 0.004700	 0.004318	 0.000033	 0.000260	 0.000051	1.061260	 1.018032	 0.016183	 0.004197	 0.014159
274	 0.004299	 0.003798	 0.000059	 0.000299	 0.000104	1.065559	 1.021830	 0.016242	 0.004496	 0.014263
275	 0.003998	 0.003562	 0.000056	 0.000297	 0.000050	1.069557	 1.025392	 0.016298	 0.004793	 0.014313
276	 0.004782	 0.004248	 0.000087	 0.000307	 0.000102	1.074339	 1.029640	 0.016385	 0.005100	 0.014415
277	 0.004157	 0.003737	 0.000054	 0.000273	 0.000056	1.078496	 1.033377	 0.016439	 0.005373	 0.014471
278	 0.004861	 0.004364	 0.000077	 0.000275	 0.000109	1.083357	 1.037741	 0.016516	 0.005648	 0.014580
279	 0.004099	 0.003693	 0.000037	 0.000273	 0.000059	1.087456	 1.041434	 0.016553	 0.005921	 0.014639
280	 0.004459	 0.003923	 0.000086	 0.000305	 0.000106	1.091915	 1.045357	 0.016639	 0.006226	 0.014745
281	 0.004219	 0.003657	 0.000057	 0.000407	 0.000050	1.096134	 1.049014	 0.016696	 0.006633	 0.014795
282	 0.004394	 0.003863	 0.000074	 0.000316	 0.000104	1.100528	 1.052877	 0.016770	 0.006949	 0.014899
283	 0.004269	 0.003657	 0.000053	 0.000467	 0.000048	1.104797	 1.056534	 0.016823	 0.007416	 0.014947
284	 0.004279	 0.003762	 0.000079	 0.000285	 0.000110	1.109076	 1.060296	 0.016902	 0.007701	 0.015057
285	 0.004165	 0.003615	 0.000096	 0.000344	 0.000055	1.113241	 1.063911	 0.016998	 0.008045	 0.015112
286	 0.004354	 0.003784	 0.000090	 0.000322	 0.000113	1.117595	 1.067695	 0.017088	 0.008367	 0.015225
287	 0.003980	 0.003540	 0.000052	 0.000297	 0.000054	1.121575	 1.071235	 0.017140	 0.008664	 0.015279
288	 0.004416	 0.003899	 0.000081	 0.000288	 0.000108	1.125991	 1.075134	 0.017221	 0.008952	 0.015387
289	 0.003985	 0.003543	 0.000058	 0.000296	 0.000051	1.129976	 1.078677	 0.017279	 0.009248	 0.015438
290	 0.003945	 0.003353	 0.000076	 0.000368	 0.000107	1.133921	 1.082030	 0.017355	 0.009616	 0.015545
291	 0.003782	 0.003261	 0.000058	 0.000377	 0.000049	1.137703	 1.085291	 0.017413	 0.009993	 0.015594
292	 0.004878	 0.004208	 0.000080	 0.000449	 0.000105	1.142581	 1.089499	 0.017493	 0.010442	 0.015699
293	 0.004208	 0.003781	 0.000033	 0.000300	 0.000058	1.146789	 1.093280	 0.017526	 0.010742	 0.015757
294	 0.004722	 0.004108	 0.000070	 0.000405	 0.000099	1.151511	 1.097388	 0.017596	 0.011147	 0.015856
295	 0.004248	 0.003727	 0.000032	 0.000401	 0.000050	1.155759	 1.101115	 0.017628	 0.011548	 0.015906
296	 0.004977	 0.004362	 0.000063	 0.000404	 0.000101	1.160736	 1.105477	 0.017691	 0.011952	 0.016007
297	 0.004658	 0.004120	 0.000050	 0.000403	 0.000050	1.165394	 1.109597	 0.017741	 0.012355	 0.016057
298	 0.004617	 0.004043	 0.000087	 0.000332	 0.000115	1.170011	 1.113640	 0.017828	 0.012687	 0.016172
299	 0.004462	 0.003537	 0.000045	 0.000785	 0.000048	1.174473	 1.117177	 0.017873	 0.013472	 0.016220
300	 0.004321	 0.003869	 0.000055	 0.000313	 0.000051	1.178794	 1.121046	 0.017928	 0.013785	 0.016271
301	 0.004742	 0.004205	 0.000081	 0.000318	 0.000102	1.183536	 1.125251	 0.018009	 0.014103	 0.016373
302	 0.004443	 0.003805	 0.000045	 0.000469	 0.000057	1.187979	 1.129056	 0.018054	 0.014572	 0.016430
303	 0.004222	 0.003696	 0.000068	 0.000315	 0.000100	1.192201	 1.132752	 0.018122	 0.014887	 0.016530
304	 0.004774	 0.004206	 0.000054	 0.000417	 0.000062	1.196975	 1.136958	 0.018176	 0.015304	 0.016592
305	 0.005364	 0.004802	 0.000082	 0.000313	 0.000104	1.202339	 1.141760	 0.018258	 0.015617	 0.016696
306	 0.005500	 0.005009	 0.000036	 0.000365	 0.000052	1.207839	 1.146769	 0.018294	 0.015982	 0.016748
307	 0.004899	 0.004377	 0.000058	 0.000326	 0.000099	1.212738	 1.151146	 0.018352	 0.016308	 0.016847
308	 0.004456	 0.003983	 0.000059	 0.000326	 0.000053	1.217194	 1.155129	 0.018411	 0.016634	 0.016900
309	 0.004911	 0.004307	 0.000082	 0.000354	 0.000113	1.222105	 1.159436	 0.018493	 0.016988	 0.017013
310	 0.004461	 0.003933	 0.000054	 0.000371	 0.000065	1.226566	 1.163369	 0.018547	 0.017359	 0.017078
311	 0.005115	 0.004287	 0.000077	 0.000606	 0.000105	1.231681	 1.167656	 0.018624	 0.017965	 0.017183
312	 0.004039	 0.003423	 0.000046	 0.000487	 0.000046	1.235720	 1.171079	 0.018670	 0.018452	 0.017229
313	 0.006221	 0.005556	 0.000084	 0.000440	 0.000106	1.241941	 1.176635	 0.018754	 0.018892	 0.017335
314	 0.005070	 0.004573	 0.000036	 0.000369	 0.000052	1.247011	 1.181208	 0.018790	 0.019261	 0.017387
315	 0.004977	 0.004370	 0.000089	 0.000366	 0.000110	1.251988	 1.185578	 0.018879	 0.019627	 0.017497
316	 0.004608	 0.004108	 0.000048	 0.000365	 0.000051	1.256596	 1.189686	 0.018927	 0.019992	 0.017548
317	 0.004900	 0.003994	 0.000081	 0.000660	 0.000120	1.261496	 1.193680	 0.019008	 0.020652	 0.017668
318	 0.004134	 0.003619	 0.000054	 0.000372	 0.000051	1.265630	 1.197299	 0.019062	 0.021024	 0.017719
319	 0.004705	 0.004104	 0.000077	 0.000379	 0.000111	1.270335	 1.201403	 0.019139	 0.021403	 0.017830
320	 0.004480	 0.003845	 0.000051	 0.000497	 0.000049	1.274815	 1.205248	 0.019190	 0.021900	 0.017879
321	 0.004399	 0.003859	 0.000062	 0.000336	 0.000103	1.279214	 1.209107	 0.019252	 0.022236	 0.017982
322	 0.004269	 0.003733	 0.000054	 0.000389	 0.000055	1.283483	 1.212840	 0.019306	 0.022625	 0.018037
323	 0.005529	 0.004919	 0.000079	 0.000384	 0.000110	1.289012	 1.217759	 0.019385	 0.023009	 0.018147
324	 0.004258	 0.003622	 0.000041	 0.000510	 0.000048	1.293270	 1.221381	 0.019426	 0.023519	 0.018195
325	 0.004235	 0.003619	 0.000080	 0.000387	 0.000111	1.297505	 1.225000	 0.019506	 0.023906	 0.018306
326	 0.004565	 0.003909	 0.000056	 0.000514	 0.000055	1.302070	 1.228909	 0.019562	 0.024420	 0.018361
327	 0.004545	 0.003913	 0.000093	 0.000384	 0.000114	1.306615	 1.232822	 0.019655	 0.024804	 0.018475
328	 0.004505	 0.003985	 0.000049	 0.000389	 0.000050	1.311120	 1.236807	 0.019704	 0.025193	 0.018525
329	 0.005348	 0.004682	 0.000084	 0.000432	 0.000113	1.316468	 1.241489	 0.019788	 0.025625	 0.018638
330	 0.004310	 0.003656	 0.000059	 0.000515	 0.000047	1.320778	 1.245145	 0.019847	 0.026140	 0.018685
331	 0.004593	 0.003968	 0.000087	 0.000396	 0.000103	1.325371	 1.249113	 0.019934	 0.026536	 0.018788
332	 0.004649	 0.004153	 0.000048	 0.000356	 0.000054	1.330020	 1.253266	 0.019982	 0.026892	 0.018842
333	 0.003721	 0.003114	 0.000063	 0.000396	 0.000113	1.333741	 1.256380	 0.020045	 0.027288	 0.018955
334	 0.004378	 0.003843	 0.000049	 0.000388	 0.000061	1.338119	 1.260223	 0.020094	 0.027676	 0.019016
335	 0.004261	 0.003628	 0.000089	 0.000390	 0.000117	1.342380	 1.263851	 0.020183	 0.028066	 0.019133
336	 0.004673	 0.003873	 0.000055	 0.000659	 0.000053	1.347053	 1.267724	 0.020238	 0.028725	 0.019186
337	 0.004259	 0.003614	 0.000090	 0.000408	 0.000105	1.351312	 1.271338	 0.020328	 0.029133	 0.019291
338	 0.004660	 0.003853	 0.000050	 0.000665	 0.000060	1.355972	 1.275191	 0.020378	 0.029798	 0.019351
339	 0.004486	 0.003839	 0.000076	 0.000415	 0.000114	1.360458	 1.279030	 0.020454	 0.030213	 0.019465
340	 0.005409	 0.004478	 0.000070	 0.000753	 0.000063	1.365867	 1.283508	 0.020524	 0.030966	 0.019528
341	 0.004337	 0.003665	 0.000082	 0.000419	 0.000124	1.370204	 1.287173	 0.020606	 0.031385	 0.019652
342	 0.005400	 0.004674	 0.000056	 0.000549	 0.000063	1.375604	 1.291847	 0.020662	 0.031934	 0.019715
343	 0.004529	 0.003827	 0.000111	 0.000418	 0.000116	1.380133	 1.295674	 0.020773	 0.032352	 0.019831
344	 0.004632	 0.004105	 0.000039	 0.000384	 0.000067	1.384765	 1.299779	 0.020812	 0.032736	 0.019898
345	 0.004596	 0.003947	 0.000059	 0.000429	 0.000122	1.389361	 1.303726	 0.020871	 0.033165	 0.020020
346	 0.004214	 0.003682	 0.000055	 0.000382	 0.000056	1.393575	 1.307408	 0.020926	 0.033547	 0.020076
347	 0.004616	 0.003826	 0.000079	 0.000573	 0.000100	1.398191	 1.311234	 0.021005	 0.034120	 0.020176
348	 0.004988	 0.003988	 0.000032	 0.000887	 0.000047	1.403179	 1.315222	 0.021037	 0.035007	 0.020223
349	 0.005097	 0.003911	 0.000079	 0.000958	 0.000106	1.408276	 1.319133	 0.021116	 0.035965	 0.020329
350	 0.004801	 0.004033	 0.000034	 0.000653	 0.000049	1.413077	 1.323166	 0.021150	 0.036618	 0.020378
351	 0.004975	 0.003942	 0.000056	 0.000839	 0.000101	1.418052	 1.327108	 0.021206	 0.037457	 0.020479
352	 0.004809	 0.004273	 0.000037	 0.000403	 0.000056	1.422861	 1.331381	 0.021243	 0.037860	 0.020535
353	 0.004434	 0.003781	 0.000060	 0.000441	 0.000116	1.427295	 1.335162	 0.021303	 0.038301	 0.020651
354	 0.005393	 0.004455	 0.000055	 0.000779	 0.000067	1.432688	 1.339617	 0.021358	 0.039080	 0.020718
355	 0.004617	 0.003869	 0.000062	 0.000525	 0.000112	1.437305	 1.343486	 0.021420	 0.039605	 0.020830
356	 0.004732	 0.004177	 0.000045	 0.000404	 0.000067	1.442037	 1.347663	 0.021465	 0.040009	 0.020897
357	 0.004957	 0.004181	 0.000093	 0.000529	 0.000115	1.446994	 1.351844	 0.021558	 0.040538	 0.021012
358	 0.004807	 0.003897	 0.000034	 0.000788	 0.000051	1.451801	 1.355741	 0.021592	 0.041326	 0.021063
359	 0.005160	 0.004119	 0.000099	 0.000789	 0.000110	1.456961	 1.359860	 0.021691	 0.042115	 0.021173
360	 0.004835	 0.003820	 0.000031	 0.000900	 0.000048	1.461796	 1.363680	 0.021722	 0.043015	 0.021221
361	 0.004954	 0.004061	 0.000079	 0.000670	 0.000106	1.466750	 1.367741	 0.021801	 0.043685	 0.021327
362	 0.004815	 0.004145	 0.000045	 0.000532	 0.000050	1.471565	 1.371886	 0.021846	 0.044217	 0.021377
363	 0.005030	 0.003768	 0.000075	 0.001043	 0.000103	1.476595	 1.375654	 0.021921	 0.045260	 0.021480
364	 0.004945	 0.004259	 0.000034	 0.000552	 0.000064	1.481540	 1.379913	 0.021955	 0.045812	 0.021544
365	 0.005379	 0.004357	 0.000061	 0.000817	 0.000114	1.486919	 1.384270	 0.022016	 0.046629	 0.021658
366	 0.005988	 0.004779	 0.000037	 0.001074	 0.000064	1.492907	 1.389049	 0.022053	 0.047703	 0.021722
367	 0.005657	 0.004138	 0.000058	 0.001308	 0.000115	1.498564	 1.393187	 0.022111	 0.049011	 0.021837
368	 0.005380	 0.003741	 0.000051	 0.001494	 0.000061	1.503944	 1.396928	 0.022162	 0.050505	 0.021898
369	 0.006381	 0.004209	 0.000061	 0.001947	 0.000113	1.510325	 1.401137	 0.022223	 0.052452	 0.022011
370	 0.004652	 0.003886	 0.000047	 0.000624	 0.000050	1.514977	 1.405023	 0.022270	 0.053076	 0.022061
371	 0.005136	 0.003799	 0.000034	 0.001216	 0.000051	1.520113	 1.408822	 0.022304	 0.054292	 0.022112
372	 0.004613	 0.003834	 0.000059	 0.000579	 0.000104	1.524726	 1.412656	 0.022363	 0.054871	 0.022216
373	 0.006061	 0.004084	 0.000031	 0.001853	 0.000061	1.530787	 1.416740	 0.022394	 0.056724	 0.022277
374	 0.006242	 0.003800	 0.000060	 0.002226	 0.000116	1.537029	 1.420540	 0.022454	 0.058950	 0.022393
375	 0.005025	 0.003802	 0.000035	 0.001093	 0.000063	1.542054	 1.424342	 0.022489	 0.060043	 0.022456
376	 0.006476	 0.003864	 0.000059	 0.002394	 0.000113	1.548530	 1.428206	 0.022548	 0.062437	 0.022569
377	 0.005235	 0.004011	 0.000031	 0.001102	 0.000058	1.553765	 1.432217	 0.022579	 0.063539	 0.022627
378	 0.006266	 0.003892	 0.000085	 0.002136	 0.000116	1.560031	 1.436109	 0.022664	 0.065675	 0.022743
379	 0.005424	 0.004223	 0.000064	 0.001007	 0.000074	1.565455	 1.440332	 0.022728	 0.066682	 0.022817
380	 0.006042	 0.004065	 0.000128	 0.001570	 0.000201	1.571497	 1.444397	 0.022856	 0.068252	 0.023018
381	 0.006944	 0.004283	 0.000084	 0.002379	 0.000116	1.578441	 1.448680	 0.022940	 0.070631	 0.023134
382	 0.007362	 0.004199	 0.000132	 0.002714	 0.000222	1.585803	 1.452879	 0.023072	 0.073345	 0.023356
383	 0.007475	 0.004265	 0.000124	 0.002869	 0.000126	1.593278	 1.457144	 0.023196	 0.076214	 0.023482
384	 0.007078	 0.004466	 0.000128	 0.002276	 0.000143	1.600356	 1.461610	 0.023324	 0.078490	 0.023625
385	 0.007794	 0.004083	 0.000075	 0.003496	 0.000082	1.608150	 1.465693	 0.023399	 0.081986	 0.023707
386	 0.007400	 0.003543	 0.000139	 0.003412	 0.000213	1.615550	 1.469236	 0.023538	 0.085398	 0.023920
387	 0.006346	 0.003899	 0.000071	 0.002213	 0.000109	1.621896	 1.473135	 0.023609	 0.087611	 0.024029
388	 0.008895	 0.004721	 0.000068	 0.003937	 0.000122	1.630791	 1.477856	 0.023677	 0.091548	 0.024151
