69.394823
216.999997

59.657087
215.175722

59.680902
216.999994

68.154643
216.999999

59.609805
211.205208

63.983992
216.999993

59.649469
216.997888

59.757285
216.793491

66.275515
216.999998

64.076328
216.999995

60.229488
216.999994

68.244217
216.999998

62.413658
216.999996

59.797233
209.618949

63.052776
216.999995

66.165181
216.999996

66.160222
216.999983

69.394823
216.999997

68.811981
216.999997

62.997724
216.999994

68.357607
216.999994

66.196158
216.999994

66.395882
216.999996

69.130451
216.999988

60.347280
216.999988

66.196262
216.999997

59.884589
216.999964

55.879250
216.999979

66.668347
205.856318

68.221062
216.999999

