Iter	 Iter_time	 Master	 Subprob	 Full_Test	 argmax	Iter_acc	 Master_acc	 Subprob_acc	 Full_Test_acc	 argmax_acc
1	 0.000647	 0.000426	 0.000120	 0.000000	 0.000072	0.000647	 0.000426	 0.000120	 0.000000	 0.000072
2	 0.003799	 0.003622	 0.000098	 0.000000	 0.000036	0.004446	 0.004048	 0.000218	 0.000000	 0.000108
3	 0.003483	 0.003391	 0.000045	 0.000000	 0.000018	0.007929	 0.007439	 0.000263	 0.000000	 0.000126
4	 0.003604	 0.003507	 0.000054	 0.000000	 0.000015	0.011533	 0.010946	 0.000317	 0.000000	 0.000141
5	 0.003602	 0.003444	 0.000077	 0.000000	 0.000047	0.015135	 0.014390	 0.000394	 0.000000	 0.000188
6	 0.004046	 0.003917	 0.000051	 0.000000	 0.000040	0.019181	 0.018307	 0.000445	 0.000000	 0.000228
7	 0.004148	 0.003790	 0.000200	 0.000000	 0.000076	0.023329	 0.022097	 0.000645	 0.000000	 0.000304
8	 0.003388	 0.003213	 0.000069	 0.000000	 0.000059	0.026717	 0.025310	 0.000714	 0.000000	 0.000363
9	 0.003304	 0.003105	 0.000112	 0.000000	 0.000041	0.030021	 0.028415	 0.000826	 0.000000	 0.000404
10	 0.003763	 0.003620	 0.000069	 0.000000	 0.000038	0.033784	 0.032035	 0.000895	 0.000000	 0.000442
11	 0.004684	 0.004292	 0.000169	 0.000000	 0.000167	0.038468	 0.036327	 0.001064	 0.000000	 0.000609
12	 0.003492	 0.003364	 0.000054	 0.000000	 0.000028	0.041960	 0.039691	 0.001118	 0.000000	 0.000637
13	 0.003302	 0.003158	 0.000075	 0.000000	 0.000027	0.045262	 0.042849	 0.001193	 0.000000	 0.000664
14	 0.003948	 0.003688	 0.000133	 0.000000	 0.000063	0.049210	 0.046537	 0.001326	 0.000000	 0.000727
15	 0.003512	 0.003354	 0.000081	 0.000000	 0.000030	0.052722	 0.049891	 0.001407	 0.000000	 0.000757
16	 0.003489	 0.003346	 0.000073	 0.000000	 0.000030	0.056211	 0.053237	 0.001480	 0.000000	 0.000787
17	 0.003813	 0.003657	 0.000079	 0.000000	 0.000042	0.060024	 0.056894	 0.001559	 0.000000	 0.000829
18	 0.003413	 0.003320	 0.000035	 0.000000	 0.000034	0.063437	 0.060214	 0.001594	 0.000000	 0.000863
19	 0.003713	 0.003535	 0.000090	 0.000000	 0.000044	0.067150	 0.063749	 0.001684	 0.000000	 0.000907
20	 0.003991	 0.003861	 0.000065	 0.000000	 0.000028	0.071141	 0.067610	 0.001749	 0.000000	 0.000935
21	 0.004091	 0.003928	 0.000078	 0.000000	 0.000044	0.075232	 0.071538	 0.001827	 0.000000	 0.000979
22	 0.004210	 0.004091	 0.000054	 0.000000	 0.000030	0.079442	 0.075629	 0.001881	 0.000000	 0.001009
23	 0.003590	 0.003417	 0.000095	 0.000000	 0.000039	0.083032	 0.079046	 0.001976	 0.000000	 0.001048
24	 0.003770	 0.003677	 0.000047	 0.000000	 0.000021	0.086802	 0.082723	 0.002023	 0.000000	 0.001069
25	 0.003738	 0.003599	 0.000072	 0.000000	 0.000039	0.090540	 0.086322	 0.002095	 0.000000	 0.001108
26	 0.003931	 0.003821	 0.000053	 0.000000	 0.000033	0.094471	 0.090143	 0.002148	 0.000000	 0.001141
27	 0.003552	 0.003402	 0.000072	 0.000000	 0.000049	0.098023	 0.093545	 0.002220	 0.000000	 0.001190
28	 0.003642	 0.003560	 0.000033	 0.000000	 0.000022	0.101665	 0.097105	 0.002253	 0.000000	 0.001212
29	 0.003484	 0.003360	 0.000056	 0.000000	 0.000038	0.105149	 0.100465	 0.002309	 0.000000	 0.001250
30	 0.003532	 0.003433	 0.000050	 0.000000	 0.000022	0.108681	 0.103898	 0.002359	 0.000000	 0.001272
31	 0.003475	 0.003327	 0.000079	 0.000000	 0.000041	0.112156	 0.107225	 0.002438	 0.000000	 0.001313
32	 0.003491	 0.003409	 0.000034	 0.000000	 0.000022	0.115647	 0.110634	 0.002472	 0.000000	 0.001335
33	 0.003466	 0.003320	 0.000077	 0.000000	 0.000041	0.119113	 0.113954	 0.002549	 0.000000	 0.001376
34	 0.003281	 0.003193	 0.000031	 0.000000	 0.000022	0.122394	 0.117147	 0.002580	 0.000000	 0.001398
35	 0.003745	 0.003665	 0.000033	 0.000000	 0.000022	0.126139	 0.120812	 0.002613	 0.000000	 0.001420
36	 0.003599	 0.003446	 0.000077	 0.000000	 0.000043	0.129738	 0.124258	 0.002690	 0.000000	 0.001463
37	 0.003424	 0.003327	 0.000048	 0.000000	 0.000025	0.133162	 0.127585	 0.002738	 0.000000	 0.001488
38	 0.003574	 0.003425	 0.000077	 0.000000	 0.000042	0.136736	 0.131010	 0.002815	 0.000000	 0.001530
39	 0.004269	 0.004172	 0.000050	 0.000000	 0.000023	0.141005	 0.135182	 0.002865	 0.000000	 0.001553
40	 0.004188	 0.004057	 0.000059	 0.000000	 0.000042	0.145193	 0.139239	 0.002924	 0.000000	 0.001595
41	 0.003485	 0.003386	 0.000048	 0.000000	 0.000024	0.148678	 0.142625	 0.002972	 0.000000	 0.001619
42	 0.004245	 0.004113	 0.000058	 0.000000	 0.000042	0.152923	 0.146738	 0.003030	 0.000000	 0.001661
43	 0.004119	 0.004017	 0.000051	 0.000000	 0.000026	0.157042	 0.150755	 0.003081	 0.000000	 0.001687
44	 0.003925	 0.003773	 0.000079	 0.000000	 0.000044	0.160967	 0.154528	 0.003160	 0.000000	 0.001731
45	 0.003596	 0.003502	 0.000047	 0.000000	 0.000024	0.164563	 0.158030	 0.003207	 0.000000	 0.001755
46	 0.004090	 0.003944	 0.000075	 0.000000	 0.000043	0.168653	 0.161974	 0.003282	 0.000000	 0.001798
47	 0.003374	 0.003280	 0.000046	 0.000000	 0.000023	0.172027	 0.165254	 0.003328	 0.000000	 0.001821
48	 0.003768	 0.003619	 0.000072	 0.000000	 0.000047	0.175795	 0.168873	 0.003400	 0.000000	 0.001868
49	 0.003682	 0.003582	 0.000051	 0.000000	 0.000024	0.179477	 0.172455	 0.003451	 0.000000	 0.001892
50	 0.003830	 0.003667	 0.000078	 0.000000	 0.000047	0.183307	 0.176122	 0.003529	 0.000000	 0.001939
51	 0.004019	 0.003918	 0.000048	 0.000000	 0.000026	0.187326	 0.180040	 0.003577	 0.000000	 0.001965
52	 0.004704	 0.004569	 0.000061	 0.000000	 0.000045	0.192030	 0.184609	 0.003638	 0.000000	 0.002010
53	 0.003555	 0.003458	 0.000048	 0.000000	 0.000025	0.195585	 0.188067	 0.003686	 0.000000	 0.002035
54	 0.004071	 0.003921	 0.000077	 0.000000	 0.000046	0.199656	 0.191988	 0.003763	 0.000000	 0.002081
55	 0.003391	 0.003291	 0.000046	 0.000000	 0.000026	0.203047	 0.195279	 0.003809	 0.000000	 0.002107
56	 0.003931	 0.003798	 0.000060	 0.000000	 0.000045	0.206978	 0.199077	 0.003869	 0.000000	 0.002152
57	 0.003508	 0.003423	 0.000034	 0.000000	 0.000027	0.210486	 0.202500	 0.003903	 0.000000	 0.002179
58	 0.003388	 0.003224	 0.000085	 0.000000	 0.000048	0.213874	 0.205724	 0.003988	 0.000000	 0.002227
59	 0.004009	 0.003927	 0.000035	 0.000000	 0.000024	0.217883	 0.209651	 0.004023	 0.000000	 0.002251
60	 0.004058	 0.003906	 0.000075	 0.000000	 0.000046	0.221941	 0.213557	 0.004098	 0.000000	 0.002297
61	 0.004031	 0.003931	 0.000046	 0.000000	 0.000026	0.225972	 0.217488	 0.004144	 0.000000	 0.002323
62	 0.004124	 0.003988	 0.000060	 0.000000	 0.000047	0.230096	 0.221476	 0.004204	 0.000000	 0.002370
63	 0.003900	 0.003815	 0.000032	 0.000000	 0.000026	0.233996	 0.225291	 0.004236	 0.000000	 0.002396
64	 0.003883	 0.003747	 0.000058	 0.000000	 0.000047	0.237879	 0.229038	 0.004294	 0.000000	 0.002443
65	 0.004036	 0.003952	 0.000031	 0.000000	 0.000026	0.241915	 0.232990	 0.004325	 0.000000	 0.002469
66	 0.003707	 0.003574	 0.000056	 0.000000	 0.000048	0.245622	 0.236564	 0.004381	 0.000000	 0.002517
67	 0.003962	 0.003874	 0.000033	 0.000000	 0.000027	0.249584	 0.240438	 0.004414	 0.000000	 0.002544
68	 0.003129	 0.002995	 0.000057	 0.000000	 0.000050	0.252713	 0.243433	 0.004471	 0.000000	 0.002594
69	 0.003490	 0.003405	 0.000031	 0.000000	 0.000027	0.256203	 0.246838	 0.004502	 0.000000	 0.002621
70	 0.003662	 0.003523	 0.000062	 0.000000	 0.000050	0.259865	 0.250361	 0.004564	 0.000000	 0.002671
71	 0.003737	 0.003649	 0.000033	 0.000000	 0.000028	0.263602	 0.254010	 0.004597	 0.000000	 0.002699
72	 0.003771	 0.003635	 0.000057	 0.000000	 0.000049	0.267373	 0.257645	 0.004654	 0.000000	 0.002748
73	 0.004135	 0.004029	 0.000054	 0.000000	 0.000027	0.271508	 0.261674	 0.004708	 0.000000	 0.002775
74	 0.003680	 0.003543	 0.000057	 0.000000	 0.000051	0.275188	 0.265217	 0.004765	 0.000000	 0.002826
75	 0.003537	 0.003429	 0.000045	 0.000000	 0.000028	0.278725	 0.268646	 0.004810	 0.000000	 0.002854
76	 0.003728	 0.003629	 0.000035	 0.000000	 0.000027	0.282453	 0.272275	 0.004845	 0.000000	 0.002881
77	 0.003937	 0.003850	 0.000032	 0.000000	 0.000027	0.286390	 0.276125	 0.004877	 0.000000	 0.002908
78	 0.003536	 0.003365	 0.000082	 0.000000	 0.000054	0.289926	 0.279490	 0.004959	 0.000000	 0.002962
79	 0.003311	 0.003192	 0.000045	 0.000000	 0.000036	0.293237	 0.282682	 0.005004	 0.000000	 0.002998
80	 0.003477	 0.003212	 0.000131	 0.000000	 0.000087	0.296714	 0.285894	 0.005135	 0.000000	 0.003085
81	 0.004503	 0.004331	 0.000081	 0.000000	 0.000048	0.301217	 0.290225	 0.005216	 0.000000	 0.003133
82	 0.004988	 0.004608	 0.000194	 0.000000	 0.000122	0.306205	 0.294833	 0.005410	 0.000000	 0.003255
83	 0.003977	 0.003850	 0.000050	 0.000000	 0.000042	0.310182	 0.298683	 0.005460	 0.000000	 0.003297
84	 0.003859	 0.003566	 0.000132	 0.000000	 0.000101	0.314041	 0.302249	 0.005592	 0.000000	 0.003398
85	 0.003755	 0.003588	 0.000078	 0.000000	 0.000040	0.317796	 0.305837	 0.005670	 0.000000	 0.003438
86	 0.003980	 0.003754	 0.000115	 0.000000	 0.000067	0.321776	 0.309591	 0.005785	 0.000000	 0.003505
87	 0.004254	 0.004130	 0.000060	 0.000000	 0.000032	0.326030	 0.313721	 0.005845	 0.000000	 0.003537
88	 0.003722	 0.003551	 0.000075	 0.000000	 0.000056	0.329752	 0.317272	 0.005920	 0.000000	 0.003593
89	 0.004322	 0.004210	 0.000047	 0.000000	 0.000040	0.334074	 0.321482	 0.005967	 0.000000	 0.003633
90	 0.004421	 0.004254	 0.000061	 0.000000	 0.000062	0.338495	 0.325736	 0.006028	 0.000000	 0.003695
91	 0.005816	 0.005624	 0.000102	 0.000000	 0.000048	0.344311	 0.331360	 0.006130	 0.000000	 0.003743
92	 0.003529	 0.003360	 0.000081	 0.000000	 0.000056	0.347840	 0.334720	 0.006211	 0.000000	 0.003799
93	 0.004075	 0.003960	 0.000049	 0.000000	 0.000028	0.351915	 0.338680	 0.006260	 0.000000	 0.003827
94	 0.003436	 0.003337	 0.000043	 0.000000	 0.000029	0.355351	 0.342017	 0.006303	 0.000000	 0.003856
95	 0.005047	 0.004901	 0.000061	 0.000000	 0.000055	0.360398	 0.346918	 0.006364	 0.000000	 0.003911
96	 0.004165	 0.004075	 0.000033	 0.000000	 0.000031	0.364563	 0.350993	 0.006397	 0.000000	 0.003942
97	 0.003749	 0.003595	 0.000059	 0.000000	 0.000057	0.368312	 0.354588	 0.006456	 0.000000	 0.003999
98	 0.003865	 0.003749	 0.000051	 0.000000	 0.000039	0.372177	 0.358337	 0.006507	 0.000000	 0.004038
99	 0.003860	 0.003692	 0.000074	 0.000000	 0.000065	0.376037	 0.362029	 0.006581	 0.000000	 0.004103
100	 0.004399	 0.004310	 0.000032	 0.000000	 0.000029	0.380436	 0.366339	 0.006613	 0.000000	 0.004132
101	 0.003821	 0.003654	 0.000076	 0.000000	 0.000058	0.384257	 0.369993	 0.006689	 0.000000	 0.004190
102	 0.004061	 0.003917	 0.000051	 0.000000	 0.000030	0.388318	 0.373910	 0.006740	 0.000000	 0.004220
103	 0.004845	 0.004672	 0.000080	 0.000000	 0.000061	0.393163	 0.378582	 0.006820	 0.000000	 0.004281
104	 0.003697	 0.003605	 0.000033	 0.000000	 0.000031	0.396860	 0.382187	 0.006853	 0.000000	 0.004312
105	 0.004301	 0.004133	 0.000077	 0.000000	 0.000059	0.401161	 0.386320	 0.006930	 0.000000	 0.004371
106	 0.004115	 0.004013	 0.000049	 0.000000	 0.000028	0.405276	 0.390333	 0.006979	 0.000000	 0.004399
107	 0.004237	 0.004071	 0.000076	 0.000000	 0.000059	0.409513	 0.394404	 0.007055	 0.000000	 0.004458
108	 0.004200	 0.004107	 0.000034	 0.000000	 0.000030	0.413713	 0.398511	 0.007089	 0.000000	 0.004488
109	 0.003871	 0.003725	 0.000056	 0.000000	 0.000059	0.417584	 0.402236	 0.007145	 0.000000	 0.004547
110	 0.004251	 0.004157	 0.000034	 0.000000	 0.000032	0.421835	 0.406393	 0.007179	 0.000000	 0.004579
111	 0.003544	 0.003376	 0.000077	 0.000000	 0.000061	0.425379	 0.409769	 0.007256	 0.000000	 0.004640
112	 0.003827	 0.003724	 0.000042	 0.000000	 0.000031	0.429206	 0.413493	 0.007298	 0.000000	 0.004671
113	 0.004193	 0.004034	 0.000072	 0.000000	 0.000058	0.433399	 0.417527	 0.007370	 0.000000	 0.004729
114	 0.003607	 0.003519	 0.000033	 0.000000	 0.000031	0.437006	 0.421046	 0.007403	 0.000000	 0.004760
115	 0.004189	 0.004041	 0.000058	 0.000000	 0.000061	0.441195	 0.425087	 0.007461	 0.000000	 0.004821
116	 0.004063	 0.003958	 0.000048	 0.000000	 0.000029	0.445258	 0.429045	 0.007509	 0.000000	 0.004850
117	 0.004055	 0.003905	 0.000062	 0.000000	 0.000058	0.449313	 0.432950	 0.007571	 0.000000	 0.004908
118	 0.003970	 0.003883	 0.000032	 0.000000	 0.000029	0.453283	 0.436833	 0.007603	 0.000000	 0.004937
119	 0.003834	 0.003688	 0.000058	 0.000000	 0.000057	0.457117	 0.440521	 0.007661	 0.000000	 0.004994
120	 0.003978	 0.003876	 0.000033	 0.000000	 0.000043	0.461095	 0.444397	 0.007694	 0.000000	 0.005037
121	 0.004056	 0.003867	 0.000089	 0.000000	 0.000073	0.465151	 0.448264	 0.007783	 0.000000	 0.005110
122	 0.003787	 0.003696	 0.000034	 0.000000	 0.000031	0.468938	 0.451960	 0.007817	 0.000000	 0.005141
123	 0.004090	 0.003939	 0.000058	 0.000000	 0.000061	0.473028	 0.455899	 0.007875	 0.000000	 0.005202
124	 0.003888	 0.003772	 0.000051	 0.000000	 0.000038	0.476916	 0.459671	 0.007926	 0.000000	 0.005240
125	 0.004059	 0.003881	 0.000075	 0.000000	 0.000072	0.480975	 0.463552	 0.008001	 0.000000	 0.005312
126	 0.003716	 0.003612	 0.000047	 0.000000	 0.000030	0.484691	 0.467164	 0.008048	 0.000000	 0.005342
127	 0.003937	 0.003772	 0.000072	 0.000000	 0.000061	0.488628	 0.470936	 0.008120	 0.000000	 0.005403
128	 0.004157	 0.004043	 0.000047	 0.000000	 0.000041	0.492785	 0.474979	 0.008167	 0.000000	 0.005444
129	 0.003895	 0.003705	 0.000076	 0.000000	 0.000075	0.496680	 0.478684	 0.008243	 0.000000	 0.005519
130	 0.004979	 0.004867	 0.000052	 0.000000	 0.000034	0.501659	 0.483551	 0.008295	 0.000000	 0.005553
131	 0.003987	 0.003816	 0.000081	 0.000000	 0.000061	0.505646	 0.487367	 0.008376	 0.000000	 0.005614
132	 0.003907	 0.003806	 0.000043	 0.000000	 0.000033	0.509553	 0.491173	 0.008419	 0.000000	 0.005647
133	 0.003762	 0.003609	 0.000062	 0.000000	 0.000061	0.513315	 0.494782	 0.008481	 0.000000	 0.005708
134	 0.003610	 0.003503	 0.000049	 0.000000	 0.000034	0.516925	 0.498285	 0.008530	 0.000000	 0.005742
135	 0.004014	 0.003844	 0.000076	 0.000000	 0.000064	0.520939	 0.502129	 0.008606	 0.000000	 0.005806
136	 0.003737	 0.003641	 0.000035	 0.000000	 0.000032	0.524676	 0.505770	 0.008641	 0.000000	 0.005838
137	 0.004039	 0.003884	 0.000060	 0.000000	 0.000064	0.528715	 0.509654	 0.008701	 0.000000	 0.005902
138	 0.003867	 0.003777	 0.000033	 0.000000	 0.000033	0.532582	 0.513431	 0.008734	 0.000000	 0.005935
139	 0.003784	 0.003616	 0.000077	 0.000000	 0.000061	0.536366	 0.517047	 0.008811	 0.000000	 0.005996
140	 0.004364	 0.004261	 0.000046	 0.000000	 0.000032	0.540730	 0.521308	 0.008857	 0.000000	 0.006028
141	 0.004093	 0.003938	 0.000061	 0.000000	 0.000065	0.544823	 0.525246	 0.008918	 0.000000	 0.006093
142	 0.004433	 0.004329	 0.000047	 0.000000	 0.000031	0.549256	 0.529575	 0.008965	 0.000000	 0.006124
143	 0.003905	 0.003730	 0.000078	 0.000000	 0.000066	0.553161	 0.533305	 0.009043	 0.000000	 0.006190
144	 0.003700	 0.003593	 0.000048	 0.000000	 0.000035	0.556861	 0.536898	 0.009091	 0.000000	 0.006225
145	 0.003631	 0.003462	 0.000072	 0.000000	 0.000066	0.560492	 0.540360	 0.009163	 0.000000	 0.006291
146	 0.003991	 0.003896	 0.000034	 0.000000	 0.000033	0.564483	 0.544256	 0.009197	 0.000000	 0.006324
147	 0.003971	 0.003796	 0.000077	 0.000000	 0.000065	0.568454	 0.548052	 0.009274	 0.000000	 0.006389
148	 0.003856	 0.003749	 0.000046	 0.000000	 0.000034	0.572310	 0.551801	 0.009320	 0.000000	 0.006423
149	 0.003960	 0.003801	 0.000061	 0.000000	 0.000067	0.576270	 0.555602	 0.009381	 0.000000	 0.006490
150	 0.003618	 0.003521	 0.000033	 0.000000	 0.000035	0.579888	 0.559123	 0.009414	 0.000000	 0.006525
151	 0.003715	 0.003537	 0.000080	 0.000000	 0.000068	0.583603	 0.562660	 0.009494	 0.000000	 0.006593
152	 0.003740	 0.003637	 0.000047	 0.000000	 0.000031	0.587343	 0.566297	 0.009541	 0.000000	 0.006624
153	 0.003752	 0.003580	 0.000073	 0.000000	 0.000067	0.591095	 0.569877	 0.009614	 0.000000	 0.006691
154	 0.003777	 0.003667	 0.000046	 0.000000	 0.000035	0.594872	 0.573544	 0.009660	 0.000000	 0.006726
155	 0.004405	 0.004247	 0.000060	 0.000000	 0.000066	0.599277	 0.577791	 0.009720	 0.000000	 0.006792
156	 0.003659	 0.003551	 0.000048	 0.000000	 0.000034	0.602936	 0.581342	 0.009768	 0.000000	 0.006826
157	 0.003717	 0.003539	 0.000078	 0.000000	 0.000068	0.606653	 0.584881	 0.009846	 0.000000	 0.006894
158	 0.003904	 0.003808	 0.000031	 0.000000	 0.000035	0.610557	 0.588689	 0.009877	 0.000000	 0.006929
159	 0.003461	 0.003283	 0.000078	 0.000000	 0.000069	0.614018	 0.591972	 0.009955	 0.000000	 0.006998
160	 0.003730	 0.003625	 0.000047	 0.000000	 0.000034	0.617748	 0.595597	 0.010002	 0.000000	 0.007032
161	 0.004324	 0.004151	 0.000076	 0.000000	 0.000070	0.622072	 0.599748	 0.010078	 0.000000	 0.007102
162	 0.005189	 0.005066	 0.000045	 0.000000	 0.000035	0.627261	 0.604814	 0.010123	 0.000000	 0.007137
163	 0.004585	 0.004486	 0.000035	 0.000000	 0.000036	0.631846	 0.609300	 0.010158	 0.000000	 0.007173
164	 0.004785	 0.004601	 0.000080	 0.000000	 0.000071	0.636631	 0.613901	 0.010238	 0.000000	 0.007244
165	 0.003901	 0.003792	 0.000047	 0.000000	 0.000037	0.640532	 0.617693	 0.010285	 0.000000	 0.007281
166	 0.003799	 0.003643	 0.000057	 0.000000	 0.000068	0.644331	 0.621336	 0.010342	 0.000000	 0.007349
167	 0.003967	 0.003858	 0.000048	 0.000000	 0.000033	0.648298	 0.625194	 0.010390	 0.000000	 0.007382
168	 0.004285	 0.004114	 0.000073	 0.000000	 0.000068	0.652583	 0.629308	 0.010463	 0.000000	 0.007450
169	 0.004543	 0.004433	 0.000048	 0.000000	 0.000037	0.657126	 0.633741	 0.010511	 0.000000	 0.007487
170	 0.004461	 0.004287	 0.000074	 0.000000	 0.000069	0.661587	 0.638028	 0.010585	 0.000000	 0.007556
171	 0.003681	 0.003574	 0.000046	 0.000000	 0.000035	0.665268	 0.641602	 0.010631	 0.000000	 0.007591
172	 0.003712	 0.003530	 0.000081	 0.000000	 0.000069	0.668980	 0.645132	 0.010712	 0.000000	 0.007660
173	 0.003722	 0.003623	 0.000034	 0.000000	 0.000036	0.672702	 0.648755	 0.010746	 0.000000	 0.007696
174	 0.003817	 0.003639	 0.000074	 0.000000	 0.000071	0.676519	 0.652394	 0.010820	 0.000000	 0.007767
175	 0.004173	 0.004054	 0.000043	 0.000000	 0.000036	0.680692	 0.656448	 0.010863	 0.000000	 0.007803
176	 0.003983	 0.003883	 0.000034	 0.000000	 0.000036	0.684675	 0.660331	 0.010897	 0.000000	 0.007839
177	 0.003668	 0.003509	 0.000057	 0.000000	 0.000069	0.688343	 0.663840	 0.010954	 0.000000	 0.007908
178	 0.004418	 0.004322	 0.000033	 0.000000	 0.000037	0.692761	 0.668162	 0.010987	 0.000000	 0.007945
179	 0.003851	 0.003692	 0.000056	 0.000000	 0.000071	0.696612	 0.671854	 0.011043	 0.000000	 0.008016
180	 0.003962	 0.003863	 0.000035	 0.000000	 0.000037	0.700574	 0.675717	 0.011078	 0.000000	 0.008053
181	 0.003967	 0.003805	 0.000060	 0.000000	 0.000072	0.704541	 0.679522	 0.011138	 0.000000	 0.008125
182	 0.003880	 0.003771	 0.000034	 0.000000	 0.000048	0.708421	 0.683293	 0.011172	 0.000000	 0.008173
183	 0.004287	 0.004116	 0.000060	 0.000000	 0.000081	0.712708	 0.687409	 0.011232	 0.000000	 0.008254
184	 0.003680	 0.003569	 0.000035	 0.000000	 0.000048	0.716388	 0.690978	 0.011267	 0.000000	 0.008302
185	 0.003893	 0.003687	 0.000091	 0.000000	 0.000084	0.720281	 0.694665	 0.011358	 0.000000	 0.008386
186	 0.004226	 0.004127	 0.000032	 0.000000	 0.000038	0.724507	 0.698792	 0.011390	 0.000000	 0.008424
187	 0.003869	 0.003707	 0.000057	 0.000000	 0.000073	0.728376	 0.702499	 0.011447	 0.000000	 0.008497
188	 0.003947	 0.003834	 0.000048	 0.000000	 0.000038	0.732323	 0.706333	 0.011495	 0.000000	 0.008535
189	 0.004051	 0.003883	 0.000060	 0.000000	 0.000073	0.736374	 0.710216	 0.011555	 0.000000	 0.008608
190	 0.004349	 0.004245	 0.000033	 0.000000	 0.000039	0.740723	 0.714461	 0.011588	 0.000000	 0.008647
191	 0.003560	 0.003379	 0.000064	 0.000000	 0.000080	0.744283	 0.717840	 0.011652	 0.000000	 0.008727
192	 0.004004	 0.003904	 0.000035	 0.000000	 0.000036	0.748287	 0.721744	 0.011687	 0.000000	 0.008763
193	 0.003405	 0.003231	 0.000056	 0.000000	 0.000072	0.751692	 0.724975	 0.011743	 0.000000	 0.008835
194	 0.003688	 0.003561	 0.000059	 0.000000	 0.000037	0.755380	 0.728536	 0.011802	 0.000000	 0.008872
195	 0.003876	 0.003693	 0.000077	 0.000000	 0.000077	0.759256	 0.732229	 0.011879	 0.000000	 0.008949
196	 0.003947	 0.003837	 0.000047	 0.000000	 0.000035	0.763203	 0.736066	 0.011926	 0.000000	 0.008984
197	 0.004058	 0.003872	 0.000076	 0.000000	 0.000077	0.767261	 0.739938	 0.012002	 0.000000	 0.009061
198	 0.003610	 0.003514	 0.000032	 0.000000	 0.000037	0.770871	 0.743452	 0.012034	 0.000000	 0.009098
199	 0.004102	 0.003937	 0.000059	 0.000000	 0.000076	0.774973	 0.747389	 0.012093	 0.000000	 0.009174
200	 0.003424	 0.003320	 0.000034	 0.000000	 0.000039	0.778397	 0.750709	 0.012127	 0.000000	 0.009213
201	 0.004021	 0.003833	 0.000080	 0.000000	 0.000077	0.782418	 0.754542	 0.012207	 0.000000	 0.009290
202	 0.003684	 0.003548	 0.000048	 0.000000	 0.000039	0.786102	 0.758090	 0.012255	 0.000000	 0.009329
203	 0.003556	 0.003385	 0.000061	 0.000000	 0.000078	0.789658	 0.761475	 0.012316	 0.000000	 0.009407
204	 0.003566	 0.003449	 0.000052	 0.000000	 0.000039	0.793224	 0.764924	 0.012368	 0.000000	 0.009446
205	 0.003911	 0.003743	 0.000060	 0.000000	 0.000074	0.797135	 0.768667	 0.012428	 0.000000	 0.009520
206	 0.003837	 0.003738	 0.000033	 0.000000	 0.000039	0.800972	 0.772405	 0.012461	 0.000000	 0.009559
207	 0.003418	 0.003233	 0.000076	 0.000000	 0.000077	0.804390	 0.775638	 0.012537	 0.000000	 0.009636
208	 0.004173	 0.004076	 0.000031	 0.000000	 0.000039	0.808563	 0.779714	 0.012568	 0.000000	 0.009675
209	 0.003727	 0.003560	 0.000057	 0.000000	 0.000078	0.812290	 0.783274	 0.012625	 0.000000	 0.009753
210	 0.003641	 0.003530	 0.000047	 0.000000	 0.000037	0.815931	 0.786804	 0.012672	 0.000000	 0.009790
211	 0.003745	 0.003557	 0.000078	 0.000000	 0.000082	0.819676	 0.790361	 0.012750	 0.000000	 0.009872
212	 0.003924	 0.003809	 0.000048	 0.000000	 0.000040	0.823600	 0.794170	 0.012798	 0.000000	 0.009912
213	 0.004190	 0.004003	 0.000077	 0.000000	 0.000079	0.827790	 0.798173	 0.012875	 0.000000	 0.009991
214	 0.004149	 0.004033	 0.000048	 0.000000	 0.000040	0.831939	 0.802206	 0.012923	 0.000000	 0.010031
215	 0.003901	 0.003715	 0.000076	 0.000000	 0.000080	0.835840	 0.805921	 0.012999	 0.000000	 0.010111
216	 0.003601	 0.003481	 0.000050	 0.000000	 0.000040	0.839441	 0.809402	 0.013049	 0.000000	 0.010151
217	 0.004592	 0.004429	 0.000060	 0.000000	 0.000077	0.844033	 0.813831	 0.013109	 0.000000	 0.010228
218	 0.004158	 0.004028	 0.000048	 0.000000	 0.000041	0.848191	 0.817859	 0.013157	 0.000000	 0.010269
219	 0.004386	 0.004273	 0.000045	 0.000000	 0.000042	0.852577	 0.822132	 0.013202	 0.000000	 0.010311
220	 0.004106	 0.003912	 0.000082	 0.000000	 0.000079	0.856683	 0.826044	 0.013284	 0.000000	 0.010390
221	 0.004140	 0.004040	 0.000033	 0.000000	 0.000042	0.860823	 0.830084	 0.013317	 0.000000	 0.010432
222	 0.004638	 0.004452	 0.000075	 0.000000	 0.000079	0.865461	 0.834536	 0.013392	 0.000000	 0.010511
223	 0.003795	 0.003674	 0.000049	 0.000000	 0.000043	0.869256	 0.838210	 0.013441	 0.000000	 0.010554
224	 0.004526	 0.004345	 0.000066	 0.000000	 0.000084	0.873782	 0.842555	 0.013507	 0.000000	 0.010638
225	 0.004456	 0.004357	 0.000033	 0.000000	 0.000041	0.878238	 0.846912	 0.013540	 0.000000	 0.010679
226	 0.004054	 0.003886	 0.000057	 0.000000	 0.000079	0.882292	 0.850798	 0.013597	 0.000000	 0.010758
227	 0.004324	 0.004223	 0.000033	 0.000000	 0.000041	0.886616	 0.855021	 0.013630	 0.000000	 0.010799
228	 0.004685	 0.004522	 0.000057	 0.000000	 0.000079	0.891301	 0.859543	 0.013687	 0.000000	 0.010878
229	 0.004332	 0.004216	 0.000031	 0.000000	 0.000040	0.895633	 0.863759	 0.013718	 0.000000	 0.010918
230	 0.004237	 0.004116	 0.000034	 0.000000	 0.000042	0.899870	 0.867875	 0.013752	 0.000000	 0.010960
231	 0.003916	 0.003794	 0.000057	 0.000000	 0.000039	0.903786	 0.871669	 0.013809	 0.000000	 0.010999
232	 0.004198	 0.004026	 0.000058	 0.000000	 0.000081	0.907984	 0.875695	 0.013867	 0.000000	 0.011080
233	 0.003901	 0.003791	 0.000031	 0.000000	 0.000038	0.911885	 0.879486	 0.013898	 0.000000	 0.011118
234	 0.004014	 0.003900	 0.000048	 0.000000	 0.000040	0.915899	 0.883386	 0.013946	 0.000000	 0.011158
235	 0.004439	 0.004261	 0.000063	 0.000000	 0.000084	0.920338	 0.887647	 0.014009	 0.000000	 0.011242
236	 0.004038	 0.003936	 0.000033	 0.000000	 0.000042	0.924376	 0.891583	 0.014042	 0.000000	 0.011284
237	 0.004487	 0.004311	 0.000058	 0.000000	 0.000085	0.928863	 0.895894	 0.014100	 0.000000	 0.011369
238	 0.004523	 0.004401	 0.000051	 0.000000	 0.000043	0.933386	 0.900295	 0.014151	 0.000000	 0.011412
239	 0.004306	 0.004107	 0.000072	 0.000000	 0.000080	0.937692	 0.904402	 0.014223	 0.000000	 0.011492
240	 0.004967	 0.004835	 0.000033	 0.000000	 0.000052	0.942659	 0.909237	 0.014256	 0.000000	 0.011544
241	 0.004092	 0.003967	 0.000048	 0.000000	 0.000048	0.946751	 0.913204	 0.014304	 0.000000	 0.011592
242	 0.004020	 0.003822	 0.000074	 0.000000	 0.000093	0.950771	 0.917026	 0.014378	 0.000000	 0.011685
243	 0.003923	 0.003814	 0.000032	 0.000000	 0.000049	0.954694	 0.920840	 0.014410	 0.000000	 0.011734
244	 0.004317	 0.004121	 0.000079	 0.000000	 0.000082	0.959011	 0.924961	 0.014489	 0.000000	 0.011816
245	 0.004021	 0.003903	 0.000047	 0.000000	 0.000042	0.963032	 0.928864	 0.014536	 0.000000	 0.011858
246	 0.004756	 0.004581	 0.000059	 0.000000	 0.000082	0.967788	 0.933445	 0.014595	 0.000000	 0.011940
247	 0.004154	 0.004035	 0.000048	 0.000000	 0.000043	0.971942	 0.937480	 0.014643	 0.000000	 0.011983
248	 0.005555	 0.005351	 0.000072	 0.000000	 0.000085	0.977497	 0.942831	 0.014715	 0.000000	 0.012068
249	 0.004775	 0.004641	 0.000051	 0.000000	 0.000055	0.982272	 0.947472	 0.014766	 0.000000	 0.012123
250	 0.003784	 0.003582	 0.000079	 0.000000	 0.000093	0.986056	 0.951054	 0.014845	 0.000000	 0.012216
251	 0.004199	 0.004083	 0.000046	 0.000000	 0.000043	0.990255	 0.955137	 0.014891	 0.000000	 0.012259
252	 0.004042	 0.003853	 0.000072	 0.000000	 0.000083	0.994297	 0.958990	 0.014963	 0.000000	 0.012342
253	 0.003832	 0.003708	 0.000050	 0.000000	 0.000043	0.998129	 0.962698	 0.015013	 0.000000	 0.012385
254	 0.004523	 0.004330	 0.000077	 0.000000	 0.000086	1.002652	 0.967028	 0.015090	 0.000000	 0.012471
255	 0.004924	 0.004801	 0.000051	 0.000000	 0.000043	1.007576	 0.971829	 0.015141	 0.000000	 0.012514
256	 0.004306	 0.004112	 0.000075	 0.000000	 0.000087	1.011882	 0.975941	 0.015216	 0.000000	 0.012601
257	 0.004369	 0.004252	 0.000045	 0.000000	 0.000042	1.016251	 0.980193	 0.015261	 0.000000	 0.012643
258	 0.004766	 0.004565	 0.000074	 0.000000	 0.000095	1.021017	 0.984758	 0.015335	 0.000000	 0.012738
259	 0.004383	 0.003972	 0.000033	 0.000285	 0.000058	1.025400	 0.988730	 0.015368	 0.000285	 0.012796
260	 0.004811	 0.004339	 0.000059	 0.000276	 0.000097	1.030211	 0.993069	 0.015427	 0.000561	 0.012893
261	 0.004970	 0.004570	 0.000034	 0.000274	 0.000057	1.035181	 0.997639	 0.015461	 0.000835	 0.012950
262	 0.004691	 0.004222	 0.000061	 0.000275	 0.000093	1.039872	 1.001861	 0.015522	 0.001110	 0.013043
263	 0.005251	 0.004835	 0.000036	 0.000284	 0.000058	1.045123	 1.006696	 0.015558	 0.001394	 0.013101
264	 0.004508	 0.004027	 0.000059	 0.000286	 0.000103	1.049631	 1.010723	 0.015617	 0.001680	 0.013204
265	 0.004507	 0.004088	 0.000037	 0.000280	 0.000056	1.054138	 1.014811	 0.015654	 0.001960	 0.013260
266	 0.005434	 0.005061	 0.000035	 0.000249	 0.000050	1.059572	 1.019872	 0.015689	 0.002209	 0.013310
267	 0.004916	 0.004334	 0.000057	 0.000385	 0.000102	1.064488	 1.024206	 0.015746	 0.002594	 0.013412
268	 0.004303	 0.003779	 0.000055	 0.000390	 0.000047	1.068791	 1.027985	 0.015801	 0.002984	 0.013459
269	 0.004276	 0.003828	 0.000065	 0.000254	 0.000091	1.073067	 1.031813	 0.015866	 0.003238	 0.013550
270	 0.004353	 0.003925	 0.000053	 0.000288	 0.000052	1.077420	 1.035738	 0.015919	 0.003526	 0.013602
271	 0.004411	 0.003896	 0.000083	 0.000290	 0.000102	1.081831	 1.039634	 0.016002	 0.003816	 0.013704
272	 0.004417	 0.003992	 0.000038	 0.000295	 0.000055	1.086248	 1.043626	 0.016040	 0.004111	 0.013759
273	 0.004411	 0.003906	 0.000065	 0.000299	 0.000098	1.090659	 1.047532	 0.016105	 0.004410	 0.013857
274	 0.004069	 0.003641	 0.000044	 0.000293	 0.000055	1.094728	 1.051173	 0.016149	 0.004703	 0.013912
275	 0.004621	 0.004090	 0.000095	 0.000296	 0.000099	1.099349	 1.055263	 0.016244	 0.004999	 0.014011
276	 0.004136	 0.003691	 0.000052	 0.000298	 0.000049	1.103485	 1.058954	 0.016296	 0.005297	 0.014060
277	 0.005485	 0.004710	 0.000100	 0.000541	 0.000094	1.108970	 1.063664	 0.016396	 0.005838	 0.014154
278	 0.005260	 0.004815	 0.000057	 0.000304	 0.000048	1.114230	 1.068479	 0.016453	 0.006142	 0.014202
279	 0.005315	 0.004778	 0.000087	 0.000309	 0.000100	1.119545	 1.073257	 0.016540	 0.006451	 0.014302
280	 0.003846	 0.003401	 0.000052	 0.000304	 0.000049	1.123391	 1.076658	 0.016592	 0.006755	 0.014351
281	 0.004183	 0.003660	 0.000078	 0.000306	 0.000099	1.127574	 1.080318	 0.016670	 0.007061	 0.014450
282	 0.003685	 0.003232	 0.000057	 0.000308	 0.000050	1.131259	 1.083550	 0.016727	 0.007369	 0.014500
283	 0.003884	 0.003358	 0.000080	 0.000282	 0.000106	1.135143	 1.086908	 0.016807	 0.007651	 0.014606
284	 0.004758	 0.004298	 0.000054	 0.000319	 0.000051	1.139901	 1.091206	 0.016861	 0.007970	 0.014657
285	 0.004144	 0.003505	 0.000086	 0.000422	 0.000094	1.144045	 1.094711	 0.016947	 0.008392	 0.014751
286	 0.004581	 0.003977	 0.000037	 0.000482	 0.000050	1.148626	 1.098688	 0.016984	 0.008874	 0.014801
287	 0.005099	 0.004533	 0.000083	 0.000335	 0.000099	1.153725	 1.103221	 0.017067	 0.009209	 0.014900
288	 0.004202	 0.003740	 0.000054	 0.000329	 0.000046	1.157927	 1.106961	 0.017121	 0.009538	 0.014946
289	 0.004817	 0.004256	 0.000078	 0.000337	 0.000097	1.162744	 1.111217	 0.017199	 0.009875	 0.015043
290	 0.004545	 0.004110	 0.000051	 0.000298	 0.000053	1.167289	 1.115327	 0.017250	 0.010173	 0.015096
291	 0.003962	 0.003445	 0.000079	 0.000295	 0.000104	1.171251	 1.118772	 0.017329	 0.010468	 0.015200
292	 0.004520	 0.003926	 0.000052	 0.000452	 0.000056	1.175771	 1.122698	 0.017381	 0.010920	 0.015256
293	 0.004537	 0.003978	 0.000070	 0.000337	 0.000103	1.180308	 1.126676	 0.017451	 0.011257	 0.015359
294	 0.004088	 0.003636	 0.000059	 0.000302	 0.000053	1.184396	 1.130312	 0.017510	 0.011559	 0.015412
295	 0.005682	 0.005109	 0.000085	 0.000341	 0.000107	1.190078	 1.135421	 0.017595	 0.011900	 0.015519
296	 0.004424	 0.003959	 0.000042	 0.000332	 0.000052	1.194502	 1.139380	 0.017637	 0.012232	 0.015571
297	 0.004047	 0.003477	 0.000081	 0.000343	 0.000108	1.198549	 1.142857	 0.017718	 0.012575	 0.015679
298	 0.004636	 0.004140	 0.000056	 0.000346	 0.000051	1.203185	 1.146997	 0.017774	 0.012921	 0.015730
299	 0.004474	 0.003915	 0.000064	 0.000341	 0.000100	1.207659	 1.150912	 0.017838	 0.013262	 0.015830
300	 0.004390	 0.003808	 0.000034	 0.000458	 0.000057	1.212049	 1.154720	 0.017872	 0.013720	 0.015887
301	 0.005830	 0.005237	 0.000096	 0.000341	 0.000101	1.217879	 1.159957	 0.017968	 0.014061	 0.015988
302	 0.005615	 0.005097	 0.000051	 0.000340	 0.000049	1.223494	 1.165054	 0.018019	 0.014401	 0.016037
303	 0.005107	 0.004578	 0.000065	 0.000321	 0.000097	1.228601	 1.169632	 0.018084	 0.014722	 0.016134
304	 0.004462	 0.003952	 0.000059	 0.000358	 0.000052	1.233063	 1.173584	 0.018143	 0.015080	 0.016186
305	 0.004493	 0.003895	 0.000089	 0.000356	 0.000106	1.237556	 1.177479	 0.018232	 0.015436	 0.016292
306	 0.005058	 0.004576	 0.000038	 0.000351	 0.000052	1.242614	 1.182055	 0.018270	 0.015787	 0.016344
307	 0.004158	 0.003550	 0.000094	 0.000364	 0.000109	1.246772	 1.185605	 0.018364	 0.016151	 0.016453
308	 0.004695	 0.004114	 0.000056	 0.000427	 0.000061	1.251467	 1.189719	 0.018420	 0.016578	 0.016514
309	 0.004438	 0.003845	 0.000079	 0.000362	 0.000109	1.255905	 1.193564	 0.018499	 0.016940	 0.016623
310	 0.005536	 0.004728	 0.000076	 0.000557	 0.000115	1.261441	 1.198292	 0.018575	 0.017497	 0.016738
311	 0.004399	 0.003700	 0.000116	 0.000408	 0.000112	1.265840	 1.201992	 0.018691	 0.017905	 0.016850
312	 0.004442	 0.003999	 0.000040	 0.000323	 0.000049	1.270282	 1.205991	 0.018731	 0.018228	 0.016899
313	 0.004206	 0.003605	 0.000083	 0.000379	 0.000107	1.274488	 1.209596	 0.018814	 0.018607	 0.017006
314	 0.004311	 0.003860	 0.000040	 0.000326	 0.000050	1.278799	 1.213456	 0.018854	 0.018933	 0.017056
315	 0.005030	 0.004424	 0.000063	 0.000378	 0.000109	1.283829	 1.217880	 0.018917	 0.019311	 0.017165
316	 0.004568	 0.003918	 0.000067	 0.000488	 0.000060	1.288397	 1.221798	 0.018984	 0.019799	 0.017225
317	 0.005109	 0.004509	 0.000066	 0.000376	 0.000119	1.293506	 1.226307	 0.019050	 0.020175	 0.017344
318	 0.004899	 0.004292	 0.000033	 0.000485	 0.000055	1.298405	 1.230599	 0.019083	 0.020660	 0.017399
319	 0.005221	 0.004622	 0.000084	 0.000374	 0.000107	1.303626	 1.235221	 0.019167	 0.021034	 0.017506
320	 0.005058	 0.004555	 0.000051	 0.000372	 0.000049	1.308684	 1.239776	 0.019218	 0.021406	 0.017555
321	 0.004462	 0.003867	 0.000069	 0.000377	 0.000111	1.313146	 1.243643	 0.019287	 0.021783	 0.017666
322	 0.004610	 0.003621	 0.000052	 0.000854	 0.000048	1.317756	 1.247264	 0.019339	 0.022637	 0.017714
323	 0.003910	 0.003350	 0.000082	 0.000335	 0.000100	1.321666	 1.250614	 0.019421	 0.022972	 0.017814
324	 0.005005	 0.004521	 0.000037	 0.000351	 0.000053	1.326671	 1.255135	 0.019458	 0.023323	 0.017867
325	 0.005302	 0.004476	 0.000052	 0.000642	 0.000094	1.331973	 1.259611	 0.019510	 0.023965	 0.017961
326	 0.004921	 0.004418	 0.000065	 0.000344	 0.000052	1.336894	 1.264029	 0.019575	 0.024309	 0.018013
327	 0.004321	 0.003689	 0.000094	 0.000393	 0.000102	1.341215	 1.267718	 0.019669	 0.024702	 0.018115
328	 0.005081	 0.004270	 0.000050	 0.000681	 0.000047	1.346296	 1.271988	 0.019719	 0.025383	 0.018162
329	 0.004591	 0.003952	 0.000091	 0.000401	 0.000106	1.350887	 1.275940	 0.019810	 0.025784	 0.018268
330	 0.004376	 0.003774	 0.000053	 0.000457	 0.000057	1.355263	 1.279714	 0.019863	 0.026241	 0.018325
331	 0.004201	 0.003594	 0.000089	 0.000363	 0.000114	1.359464	 1.283308	 0.019952	 0.026604	 0.018439
332	 0.004436	 0.003939	 0.000054	 0.000349	 0.000054	1.363900	 1.287247	 0.020006	 0.026953	 0.018493
333	 0.005080	 0.004098	 0.000063	 0.000773	 0.000106	1.368980	 1.291345	 0.020069	 0.027726	 0.018599
334	 0.004155	 0.003660	 0.000038	 0.000369	 0.000053	1.373135	 1.295005	 0.020107	 0.028095	 0.018652
335	 0.004778	 0.004178	 0.000090	 0.000365	 0.000112	1.377913	 1.299183	 0.020197	 0.028460	 0.018764
336	 0.005104	 0.004542	 0.000059	 0.000405	 0.000055	1.383017	 1.303725	 0.020256	 0.028865	 0.018819
337	 0.004983	 0.004011	 0.000062	 0.000773	 0.000098	1.388000	 1.307736	 0.020318	 0.029638	 0.018917
338	 0.004843	 0.003999	 0.000033	 0.000728	 0.000049	1.392843	 1.311735	 0.020351	 0.030366	 0.018966
339	 0.004348	 0.003737	 0.000085	 0.000374	 0.000110	1.397191	 1.315472	 0.020436	 0.030740	 0.019076
340	 0.004694	 0.004006	 0.000068	 0.000506	 0.000056	1.401885	 1.319478	 0.020504	 0.031246	 0.019132
341	 0.004383	 0.003733	 0.000089	 0.000419	 0.000103	1.406268	 1.323211	 0.020593	 0.031665	 0.019235
342	 0.004662	 0.004022	 0.000046	 0.000506	 0.000050	1.410930	 1.327233	 0.020639	 0.032171	 0.019285
343	 0.004240	 0.003469	 0.000097	 0.000422	 0.000200	1.415170	 1.330702	 0.020736	 0.032593	 0.019485
344	 0.004942	 0.003728	 0.000061	 0.001030	 0.000064	1.420112	 1.334430	 0.020797	 0.033623	 0.019549
345	 0.004812	 0.004094	 0.000072	 0.000503	 0.000102	1.424924	 1.338524	 0.020869	 0.034126	 0.019651
346	 0.004198	 0.003653	 0.000065	 0.000387	 0.000052	1.429122	 1.342177	 0.020934	 0.034513	 0.019703
347	 0.004550	 0.003849	 0.000126	 0.000400	 0.000119	1.433672	 1.346026	 0.021060	 0.034913	 0.019822
348	 0.004909	 0.003939	 0.000097	 0.000700	 0.000076	1.438581	 1.349965	 0.021157	 0.035613	 0.019898
349	 0.005211	 0.004614	 0.000085	 0.000390	 0.000065	1.443792	 1.354579	 0.021242	 0.036003	 0.019963
350	 0.004840	 0.003818	 0.000104	 0.000723	 0.000122	1.448632	 1.358397	 0.021346	 0.036726	 0.020085
351	 0.006281	 0.005548	 0.000059	 0.000537	 0.000065	1.454913	 1.363945	 0.021405	 0.037263	 0.020150
352	 0.005535	 0.004389	 0.000192	 0.000698	 0.000159	1.460448	 1.368334	 0.021597	 0.037961	 0.020309
353	 0.004572	 0.003935	 0.000073	 0.000424	 0.000066	1.465020	 1.372269	 0.021670	 0.038385	 0.020375
354	 0.003897	 0.003185	 0.000057	 0.000540	 0.000068	1.468917	 1.375454	 0.021727	 0.038925	 0.020443
355	 0.004539	 0.003641	 0.000062	 0.000682	 0.000108	1.473456	 1.379095	 0.021789	 0.039607	 0.020551
356	 0.004272	 0.003572	 0.000051	 0.000527	 0.000060	1.477728	 1.382667	 0.021840	 0.040134	 0.020611
357	 0.004718	 0.003636	 0.000196	 0.000608	 0.000190	1.482446	 1.386303	 0.022036	 0.040742	 0.020801
358	 0.003921	 0.003158	 0.000087	 0.000539	 0.000067	1.486367	 1.389461	 0.022123	 0.041281	 0.020868
359	 0.004910	 0.003807	 0.000169	 0.000644	 0.000192	1.491277	 1.393268	 0.022292	 0.041925	 0.021060
360	 0.004811	 0.004164	 0.000113	 0.000415	 0.000061	1.496088	 1.397432	 0.022405	 0.042340	 0.021121
361	 0.005014	 0.004268	 0.000124	 0.000419	 0.000124	1.501102	 1.401700	 0.022529	 0.042759	 0.021245
362	 0.004507	 0.003686	 0.000095	 0.000592	 0.000067	1.505609	 1.405386	 0.022624	 0.043351	 0.021312
363	 0.005562	 0.004518	 0.000145	 0.000687	 0.000127	1.511171	 1.409904	 0.022769	 0.044038	 0.021439
364	 0.005359	 0.004241	 0.000086	 0.000861	 0.000078	1.516530	 1.414145	 0.022855	 0.044899	 0.021517
365	 0.005132	 0.003698	 0.000107	 0.001131	 0.000129	1.521662	 1.417843	 0.022962	 0.046030	 0.021646
366	 0.004414	 0.003819	 0.000051	 0.000422	 0.000058	1.526076	 1.421662	 0.023013	 0.046452	 0.021704
367	 0.005685	 0.004299	 0.000081	 0.001124	 0.000118	1.531761	 1.425961	 0.023094	 0.047576	 0.021822
368	 0.004710	 0.003806	 0.000061	 0.000684	 0.000066	1.536471	 1.429767	 0.023155	 0.048260	 0.021888
369	 0.004555	 0.003748	 0.000075	 0.000558	 0.000124	1.541026	 1.433515	 0.023230	 0.048818	 0.022012
370	 0.004623	 0.003899	 0.000048	 0.000560	 0.000060	1.545649	 1.437414	 0.023278	 0.049378	 0.022072
371	 0.005840	 0.005020	 0.000137	 0.000455	 0.000138	1.551489	 1.442434	 0.023415	 0.049833	 0.022210
372	 0.005007	 0.004066	 0.000105	 0.000704	 0.000079	1.556496	 1.446500	 0.023520	 0.050537	 0.022289
373	 0.005223	 0.004550	 0.000070	 0.000430	 0.000128	1.561719	 1.451050	 0.023590	 0.050967	 0.022417
374	 0.005089	 0.003962	 0.000044	 0.000963	 0.000059	1.566808	 1.455012	 0.023634	 0.051930	 0.022476
375	 0.006015	 0.004581	 0.000157	 0.000965	 0.000177	1.572823	 1.459593	 0.023791	 0.052895	 0.022653
376	 0.005176	 0.004294	 0.000052	 0.000714	 0.000072	1.577999	 1.463887	 0.023843	 0.053609	 0.022725
377	 0.005459	 0.004184	 0.000124	 0.000810	 0.000243	1.583458	 1.468071	 0.023967	 0.054419	 0.022968
378	 0.004857	 0.004070	 0.000081	 0.000588	 0.000062	1.588315	 1.472141	 0.024048	 0.055007	 0.023030
379	 0.005483	 0.004519	 0.000142	 0.000589	 0.000145	1.593798	 1.476660	 0.024190	 0.055596	 0.023175
380	 0.006559	 0.005200	 0.000094	 0.001078	 0.000097	1.600357	 1.481860	 0.024284	 0.056674	 0.023272
381	 0.004612	 0.003983	 0.000051	 0.000451	 0.000081	1.604969	 1.485843	 0.024335	 0.057125	 0.023353
382	 0.004789	 0.004070	 0.000066	 0.000494	 0.000113	1.609758	 1.489913	 0.024401	 0.057619	 0.023466
383	 0.004505	 0.003699	 0.000093	 0.000540	 0.000080	1.614263	 1.493612	 0.024494	 0.058159	 0.023546
384	 0.005661	 0.004236	 0.000210	 0.000876	 0.000204	1.619924	 1.497848	 0.024704	 0.059035	 0.023750
385	 0.004332	 0.003672	 0.000059	 0.000497	 0.000058	1.624256	 1.501520	 0.024763	 0.059532	 0.023808
386	 0.004857	 0.004142	 0.000066	 0.000500	 0.000104	1.629113	 1.505662	 0.024829	 0.060032	 0.023912
387	 0.004207	 0.003526	 0.000069	 0.000494	 0.000065	1.633320	 1.509188	 0.024898	 0.060526	 0.023977
388	 0.004945	 0.004174	 0.000079	 0.000497	 0.000122	1.638265	 1.513362	 0.024977	 0.061023	 0.024099
389	 0.005424	 0.004610	 0.000142	 0.000537	 0.000065	1.643689	 1.517972	 0.025119	 0.061560	 0.024164
390	 0.003833	 0.002988	 0.000094	 0.000569	 0.000125	1.647522	 1.520960	 0.025213	 0.062129	 0.024289
391	 0.004901	 0.004198	 0.000081	 0.000517	 0.000058	1.652423	 1.525158	 0.025294	 0.062646	 0.024347
392	 0.004791	 0.004085	 0.000073	 0.000490	 0.000104	1.657214	 1.529243	 0.025367	 0.063136	 0.024451
393	 0.004835	 0.004033	 0.000108	 0.000561	 0.000065	1.662049	 1.533276	 0.025475	 0.063697	 0.024516
394	 0.006085	 0.004838	 0.000261	 0.000683	 0.000161	1.668134	 1.538114	 0.025736	 0.064380	 0.024677
395	 0.004919	 0.004199	 0.000078	 0.000514	 0.000061	1.673053	 1.542313	 0.025814	 0.064894	 0.024738
396	 0.004958	 0.004063	 0.000145	 0.000525	 0.000159	1.678011	 1.546376	 0.025959	 0.065419	 0.024897
397	 0.004554	 0.003879	 0.000084	 0.000464	 0.000064	1.682565	 1.550255	 0.026043	 0.065883	 0.024961
398	 0.004882	 0.004058	 0.000117	 0.000527	 0.000122	1.687447	 1.554313	 0.026160	 0.066410	 0.025083
399	 0.004953	 0.004246	 0.000056	 0.000526	 0.000066	1.692400	 1.558559	 0.026216	 0.066936	 0.025149
400	 0.004638	 0.003838	 0.000121	 0.000520	 0.000114	1.697038	 1.562397	 0.026337	 0.067456	 0.025263
401	 0.005613	 0.005004	 0.000033	 0.000483	 0.000060	1.702651	 1.567401	 0.026370	 0.067939	 0.025323
402	 0.005395	 0.004384	 0.000088	 0.000725	 0.000109	1.708046	 1.571785	 0.026458	 0.068664	 0.025432
403	 0.005135	 0.004308	 0.000071	 0.000619	 0.000069	1.713181	 1.576093	 0.026529	 0.069283	 0.025501
404	 0.005061	 0.004111	 0.000105	 0.000692	 0.000111	1.718242	 1.580204	 0.026634	 0.069975	 0.025612
405	 0.004994	 0.004400	 0.000038	 0.000464	 0.000054	1.723236	 1.584604	 0.026672	 0.070439	 0.025666
406	 0.005189	 0.004435	 0.000061	 0.000548	 0.000107	1.728425	 1.589039	 0.026733	 0.070987	 0.025773
407	 0.004569	 0.003731	 0.000036	 0.000704	 0.000055	1.732994	 1.592770	 0.026769	 0.071691	 0.025828
408	 0.005762	 0.004630	 0.000140	 0.000750	 0.000143	1.738756	 1.597400	 0.026909	 0.072441	 0.025971
409	 0.004859	 0.003954	 0.000086	 0.000707	 0.000064	1.743615	 1.601354	 0.026995	 0.073148	 0.026035
410	 0.005506	 0.004735	 0.000081	 0.000533	 0.000108	1.749121	 1.606089	 0.027076	 0.073681	 0.026143
411	 0.004995	 0.004361	 0.000033	 0.000486	 0.000062	1.754116	 1.610450	 0.027109	 0.074167	 0.026205
412	 0.004911	 0.003925	 0.000105	 0.000645	 0.000136	1.759027	 1.614375	 0.027214	 0.074812	 0.026341
413	 0.005686	 0.004974	 0.000044	 0.000560	 0.000060	1.764713	 1.619349	 0.027258	 0.075372	 0.026401
414	 0.004747	 0.003998	 0.000054	 0.000549	 0.000107	1.769460	 1.623347	 0.027312	 0.075921	 0.026508
415	 0.004363	 0.003654	 0.000069	 0.000555	 0.000053	1.773823	 1.627001	 0.027381	 0.076476	 0.026561
416	 0.004943	 0.004165	 0.000079	 0.000548	 0.000109	1.778766	 1.631166	 0.027460	 0.077024	 0.026670
417	 0.005163	 0.004272	 0.000145	 0.000577	 0.000094	1.783929	 1.635438	 0.027605	 0.077601	 0.026764
418	 0.004143	 0.003176	 0.000077	 0.000715	 0.000115	1.788072	 1.638614	 0.027682	 0.078316	 0.026879
419	 0.005112	 0.004116	 0.000086	 0.000788	 0.000066	1.793184	 1.642730	 0.027768	 0.079104	 0.026945
420	 0.005721	 0.004991	 0.000089	 0.000489	 0.000109	1.798905	 1.647721	 0.027857	 0.079593	 0.027054
421	 0.004939	 0.004271	 0.000053	 0.000521	 0.000052	1.803844	 1.651992	 0.027910	 0.080114	 0.027106
422	 0.004832	 0.003916	 0.000114	 0.000614	 0.000123	1.808676	 1.655908	 0.028024	 0.080728	 0.027229
423	 0.004924	 0.004252	 0.000066	 0.000497	 0.000053	1.813600	 1.660160	 0.028090	 0.081225	 0.027282
424	 0.004800	 0.004107	 0.000056	 0.000511	 0.000067	1.818400	 1.664267	 0.028146	 0.081736	 0.027349
425	 0.004689	 0.003830	 0.000115	 0.000555	 0.000128	1.823089	 1.668097	 0.028261	 0.082291	 0.027477
426	 0.005338	 0.004695	 0.000044	 0.000511	 0.000051	1.828427	 1.672792	 0.028305	 0.082802	 0.027528
427	 0.005108	 0.004279	 0.000087	 0.000569	 0.000115	1.833535	 1.677071	 0.028392	 0.083371	 0.027643
428	 0.004871	 0.003972	 0.000055	 0.000747	 0.000059	1.838406	 1.681043	 0.028447	 0.084118	 0.027702
429	 0.004878	 0.004105	 0.000086	 0.000529	 0.000111	1.843284	 1.685148	 0.028533	 0.084647	 0.027813
430	 0.005571	 0.004610	 0.000035	 0.000832	 0.000056	1.848855	 1.689758	 0.028568	 0.085479	 0.027869
431	 0.005258	 0.004347	 0.000092	 0.000652	 0.000120	1.854113	 1.694105	 0.028660	 0.086131	 0.027989
432	 0.005879	 0.004838	 0.000072	 0.000863	 0.000062	1.859992	 1.698943	 0.028732	 0.086994	 0.028051
433	 0.005582	 0.004614	 0.000065	 0.000758	 0.000110	1.865574	 1.703557	 0.028797	 0.087752	 0.028161
434	 0.005406	 0.004744	 0.000033	 0.000525	 0.000053	1.870980	 1.708301	 0.028830	 0.088277	 0.028214
435	 0.005481	 0.004472	 0.000055	 0.000782	 0.000122	1.876461	 1.712773	 0.028885	 0.089059	 0.028336
436	 0.005364	 0.004673	 0.000052	 0.000532	 0.000064	1.881825	 1.717446	 0.028937	 0.089591	 0.028400
437	 0.004793	 0.003994	 0.000066	 0.000578	 0.000119	1.886618	 1.721440	 0.029003	 0.090169	 0.028519
438	 0.005009	 0.004161	 0.000047	 0.000704	 0.000062	1.891627	 1.725601	 0.029050	 0.090873	 0.028581
439	 0.005304	 0.004528	 0.000077	 0.000541	 0.000119	1.896931	 1.730129	 0.029127	 0.091414	 0.028700
440	 0.006259	 0.005269	 0.000046	 0.000844	 0.000051	1.903190	 1.735398	 0.029173	 0.092258	 0.028751
441	 0.005895	 0.005215	 0.000038	 0.000548	 0.000056	1.909085	 1.740613	 0.029211	 0.092806	 0.028807
442	 0.004899	 0.004138	 0.000056	 0.000559	 0.000110	1.913984	 1.744751	 0.029267	 0.093365	 0.028917
443	 0.005013	 0.004184	 0.000034	 0.000693	 0.000054	1.918997	 1.748935	 0.029301	 0.094058	 0.028971
444	 0.005671	 0.004656	 0.000053	 0.000867	 0.000056	1.924668	 1.753591	 0.029354	 0.094925	 0.029027
445	 0.004925	 0.004038	 0.000123	 0.000545	 0.000163	1.929593	 1.757629	 0.029477	 0.095470	 0.029190
446	 0.005541	 0.004078	 0.000049	 0.001290	 0.000068	1.935134	 1.761707	 0.029526	 0.096760	 0.029258
447	 0.005505	 0.003790	 0.000197	 0.001224	 0.000213	1.940639	 1.765497	 0.029723	 0.097984	 0.029471
448	 0.004709	 0.003628	 0.000080	 0.000889	 0.000064	1.945348	 1.769125	 0.029803	 0.098873	 0.029535
449	 0.005429	 0.004139	 0.000132	 0.000861	 0.000206	1.950777	 1.773264	 0.029935	 0.099734	 0.029741
450	 0.005442	 0.004093	 0.000080	 0.001078	 0.000109	1.956219	 1.777357	 0.030015	 0.100812	 0.029850
451	 0.006058	 0.004909	 0.000143	 0.000743	 0.000194	1.962277	 1.782266	 0.030158	 0.101555	 0.030044
452	 0.004955	 0.003965	 0.000125	 0.000660	 0.000111	1.967232	 1.786231	 0.030283	 0.102215	 0.030155
453	 0.005557	 0.003969	 0.000166	 0.001119	 0.000207	1.972789	 1.790200	 0.030449	 0.103334	 0.030362
454	 0.005912	 0.004551	 0.000118	 0.001064	 0.000107	1.978701	 1.794751	 0.030567	 0.104398	 0.030469
455	 0.006731	 0.005415	 0.000126	 0.000875	 0.000218	1.985432	 1.800166	 0.030693	 0.105273	 0.030687
456	 0.006774	 0.004923	 0.000107	 0.001531	 0.000125	1.992206	 1.805089	 0.030800	 0.106804	 0.030812
457	 0.005804	 0.004637	 0.000168	 0.000663	 0.000238	1.998010	 1.809726	 0.030968	 0.107467	 0.031050
458	 0.005408	 0.004248	 0.000077	 0.000890	 0.000104	2.003418	 1.813974	 0.031045	 0.108357	 0.031154
459	 0.007731	 0.005525	 0.000156	 0.001762	 0.000206	2.011149	 1.819499	 0.031201	 0.110119	 0.031360
460	 0.006393	 0.004988	 0.000095	 0.001095	 0.000130	2.017542	 1.824487	 0.031296	 0.111214	 0.031490
461	 0.007538	 0.005888	 0.000181	 0.001125	 0.000224	2.025080	 1.830375	 0.031477	 0.112339	 0.031714
462	 0.005695	 0.004478	 0.000082	 0.000914	 0.000131	2.030775	 1.834853	 0.031559	 0.113253	 0.031845
463	 0.005290	 0.004138	 0.000171	 0.000669	 0.000224	2.036065	 1.838991	 0.031730	 0.113922	 0.032069
464	 0.005655	 0.004535	 0.000120	 0.000805	 0.000106	2.041720	 1.843526	 0.031850	 0.114727	 0.032175
465	 0.005922	 0.004461	 0.000162	 0.001027	 0.000199	2.047642	 1.847987	 0.032012	 0.115754	 0.032374
466	 0.005071	 0.004071	 0.000091	 0.000742	 0.000101	2.052713	 1.852058	 0.032103	 0.116496	 0.032475
467	 0.005805	 0.004784	 0.000089	 0.000722	 0.000129	2.058518	 1.856842	 0.032192	 0.117218	 0.032604
468	 0.004883	 0.004048	 0.000050	 0.000656	 0.000066	2.063401	 1.860890	 0.032242	 0.117874	 0.032670
469	 0.004988	 0.004217	 0.000036	 0.000635	 0.000056	2.068389	 1.865107	 0.032278	 0.118509	 0.032726
470	 0.004818	 0.003967	 0.000057	 0.000633	 0.000115	2.073207	 1.869074	 0.032335	 0.119142	 0.032841
471	 0.004881	 0.004115	 0.000035	 0.000641	 0.000056	2.078088	 1.873189	 0.032370	 0.119783	 0.032897
472	 0.004463	 0.003571	 0.000094	 0.000641	 0.000116	2.082551	 1.876760	 0.032464	 0.120424	 0.033013
473	 0.003874	 0.003100	 0.000049	 0.000637	 0.000054	2.086425	 1.879860	 0.032513	 0.121061	 0.033067
474	 0.004682	 0.003828	 0.000065	 0.000636	 0.000114	2.091107	 1.883688	 0.032578	 0.121697	 0.033181
475	 0.004752	 0.003975	 0.000050	 0.000637	 0.000055	2.095859	 1.887663	 0.032628	 0.122334	 0.033236
476	 0.004859	 0.003988	 0.000074	 0.000647	 0.000112	2.100718	 1.891651	 0.032702	 0.122981	 0.033348
477	 0.005277	 0.004567	 0.000033	 0.000581	 0.000059	2.105995	 1.896218	 0.032735	 0.123562	 0.033407
478	 0.004951	 0.004096	 0.000054	 0.000656	 0.000110	2.110946	 1.900314	 0.032789	 0.124218	 0.033517
479	 0.005262	 0.004486	 0.000036	 0.000650	 0.000056	2.116208	 1.904800	 0.032825	 0.124868	 0.033573
480	 0.004797	 0.003915	 0.000077	 0.000652	 0.000115	2.121005	 1.908715	 0.032902	 0.125520	 0.033688
481	 0.005066	 0.004183	 0.000061	 0.000712	 0.000065	2.126071	 1.912898	 0.032963	 0.126232	 0.033753
482	 0.005145	 0.004179	 0.000105	 0.000686	 0.000126	2.131216	 1.917077	 0.033068	 0.126918	 0.033879
483	 0.005302	 0.004294	 0.000040	 0.000880	 0.000054	2.136518	 1.921371	 0.033108	 0.127798	 0.033933
484	 0.004902	 0.004010	 0.000082	 0.000652	 0.000118	2.141420	 1.925381	 0.033190	 0.128450	 0.034051
485	 0.004957	 0.004153	 0.000045	 0.000670	 0.000055	2.146377	 1.929534	 0.033235	 0.129120	 0.034106
486	 0.004824	 0.003930	 0.000067	 0.000659	 0.000126	2.151201	 1.933464	 0.033302	 0.129779	 0.034232
487	 0.004826	 0.003824	 0.000034	 0.000874	 0.000057	2.156027	 1.937288	 0.033336	 0.130653	 0.034289
488	 0.004709	 0.003808	 0.000081	 0.000669	 0.000118	2.160736	 1.941096	 0.033417	 0.131322	 0.034407
489	 0.005096	 0.004305	 0.000042	 0.000664	 0.000053	2.165832	 1.945401	 0.033459	 0.131986	 0.034460
490	 0.004842	 0.003955	 0.000071	 0.000668	 0.000112	2.170674	 1.949356	 0.033530	 0.132654	 0.034572
491	 0.006064	 0.005244	 0.000049	 0.000679	 0.000056	2.176738	 1.954600	 0.033579	 0.133333	 0.034628
492	 0.005449	 0.004467	 0.000070	 0.000740	 0.000124	2.182187	 1.959067	 0.033649	 0.134073	 0.034752
493	 0.004731	 0.003614	 0.000072	 0.000915	 0.000080	2.186918	 1.962681	 0.033721	 0.134988	 0.034832
494	 0.008022	 0.006475	 0.000072	 0.001306	 0.000126	2.194940	 1.969156	 0.033793	 0.136294	 0.034958
495	 0.005517	 0.004455	 0.000061	 0.000894	 0.000057	2.200457	 1.973611	 0.033854	 0.137188	 0.035015
496	 0.005187	 0.004403	 0.000056	 0.000635	 0.000054	2.205644	 1.978014	 0.033910	 0.137823	 0.035069
497	 0.005769	 0.004870	 0.000077	 0.000670	 0.000115	2.211413	 1.982884	 0.033987	 0.138493	 0.035184
498	 0.005420	 0.004183	 0.000032	 0.001114	 0.000057	2.216833	 1.987067	 0.034019	 0.139607	 0.035241
499	 0.005917	 0.004887	 0.000074	 0.000807	 0.000114	2.222750	 1.991954	 0.034093	 0.140414	 0.035355
500	 0.004865	 0.004080	 0.000052	 0.000638	 0.000058	2.227615	 1.996034	 0.034145	 0.141052	 0.035413
501	 0.005303	 0.004355	 0.000069	 0.000708	 0.000126	2.232918	 2.000389	 0.034214	 0.141760	 0.035539
502	 0.005880	 0.004900	 0.000031	 0.000838	 0.000054	2.238798	 2.005289	 0.034245	 0.142598	 0.035593
503	 0.005452	 0.004537	 0.000054	 0.000705	 0.000116	2.244250	 2.009826	 0.034299	 0.143303	 0.035709
504	 0.004969	 0.004193	 0.000033	 0.000650	 0.000055	2.249219	 2.014019	 0.034332	 0.143953	 0.035764
505	 0.005518	 0.004335	 0.000085	 0.000925	 0.000134	2.254737	 2.018354	 0.034417	 0.144878	 0.035898
506	 0.005154	 0.004322	 0.000048	 0.000695	 0.000056	2.259891	 2.022676	 0.034465	 0.145573	 0.035954
507	 0.006046	 0.004452	 0.000086	 0.001348	 0.000119	2.265937	 2.027128	 0.034551	 0.146921	 0.036073
508	 0.005846	 0.004847	 0.000047	 0.000857	 0.000058	2.271783	 2.031975	 0.034598	 0.147778	 0.036131
509	 0.005212	 0.004082	 0.000058	 0.000921	 0.000114	2.276995	 2.036057	 0.034656	 0.148699	 0.036245
510	 0.005084	 0.004032	 0.000036	 0.000919	 0.000057	2.282079	 2.040089	 0.034692	 0.149618	 0.036302
511	 0.004861	 0.004001	 0.000058	 0.000651	 0.000116	2.286940	 2.044090	 0.034750	 0.150269	 0.036418
512	 0.005176	 0.004343	 0.000032	 0.000711	 0.000057	2.292116	 2.048433	 0.034782	 0.150980	 0.036475
513	 0.005185	 0.004055	 0.000054	 0.000923	 0.000114	2.297301	 2.052488	 0.034836	 0.151903	 0.036589
514	 0.005082	 0.004217	 0.000034	 0.000723	 0.000056	2.302383	 2.056705	 0.034870	 0.152626	 0.036645
515	 0.005082	 0.004099	 0.000035	 0.000860	 0.000056	2.307465	 2.060804	 0.034905	 0.153486	 0.036701
516	 0.005770	 0.004525	 0.000071	 0.001000	 0.000129	2.313235	 2.065329	 0.034976	 0.154486	 0.036830
517	 0.006302	 0.005277	 0.000036	 0.000881	 0.000060	2.319537	 2.070606	 0.035012	 0.155367	 0.036890
518	 0.005279	 0.004240	 0.000077	 0.000769	 0.000133	2.324816	 2.074846	 0.035089	 0.156136	 0.037023
519	 0.005795	 0.004363	 0.000039	 0.001293	 0.000060	2.330611	 2.079209	 0.035128	 0.157429	 0.037083
520	 0.005413	 0.004350	 0.000094	 0.000790	 0.000119	2.336024	 2.083559	 0.035222	 0.158219	 0.037202
521	 0.005162	 0.004079	 0.000058	 0.000911	 0.000074	2.341186	 2.087638	 0.035280	 0.159130	 0.037276
522	 0.006024	 0.004587	 0.000080	 0.001174	 0.000126	2.347210	 2.092225	 0.035360	 0.160304	 0.037402
523	 0.004960	 0.003981	 0.000046	 0.000809	 0.000077	2.352170	 2.096206	 0.035406	 0.161113	 0.037479
524	 0.006197	 0.004849	 0.000084	 0.001089	 0.000129	2.358367	 2.101055	 0.035490	 0.162202	 0.037608
525	 0.005681	 0.004851	 0.000047	 0.000690	 0.000057	2.364048	 2.105906	 0.035537	 0.162892	 0.037665
526	 0.005653	 0.004668	 0.000081	 0.000745	 0.000118	2.369701	 2.110574	 0.035618	 0.163637	 0.037783
527	 0.004769	 0.003932	 0.000047	 0.000696	 0.000056	2.374470	 2.114506	 0.035665	 0.164333	 0.037839
528	 0.005176	 0.004184	 0.000081	 0.000755	 0.000119	2.379646	 2.118690	 0.035746	 0.165088	 0.037958
529	 0.004844	 0.003964	 0.000059	 0.000715	 0.000065	2.384490	 2.122654	 0.035805	 0.165803	 0.038023
530	 0.005279	 0.004275	 0.000073	 0.000779	 0.000116	2.389769	 2.126929	 0.035878	 0.166582	 0.038139
531	 0.005148	 0.003839	 0.000035	 0.001181	 0.000056	2.394917	 2.130768	 0.035913	 0.167763	 0.038195
532	 0.005760	 0.004644	 0.000078	 0.000748	 0.000243	2.400677	 2.135412	 0.035991	 0.168511	 0.038438
533	 0.005248	 0.004329	 0.000058	 0.000763	 0.000060	2.405925	 2.139741	 0.036049	 0.169274	 0.038498
534	 0.005579	 0.004124	 0.000058	 0.001212	 0.000126	2.411504	 2.143865	 0.036107	 0.170486	 0.038624
535	 0.005214	 0.004097	 0.000042	 0.000971	 0.000062	2.416718	 2.147962	 0.036149	 0.171457	 0.038686
536	 0.004896	 0.003914	 0.000055	 0.000760	 0.000127	2.421614	 2.151876	 0.036204	 0.172217	 0.038813
537	 0.005586	 0.004077	 0.000053	 0.001359	 0.000058	2.427200	 2.155953	 0.036257	 0.173576	 0.038871
538	 0.006599	 0.004262	 0.000084	 0.002095	 0.000119	2.433799	 2.160215	 0.036341	 0.175671	 0.038990
539	 0.005198	 0.004157	 0.000033	 0.000910	 0.000067	2.438997	 2.164372	 0.036374	 0.176581	 0.039057
540	 0.006228	 0.004601	 0.000082	 0.001370	 0.000135	2.445225	 2.168973	 0.036456	 0.177951	 0.039192
541	 0.006134	 0.004346	 0.000055	 0.001632	 0.000060	2.451359	 2.173319	 0.036511	 0.179583	 0.039252
542	 0.006797	 0.004557	 0.000089	 0.001912	 0.000178	2.458156	 2.177876	 0.036600	 0.181495	 0.039430
543	 0.005168	 0.003940	 0.000076	 0.001012	 0.000065	2.463324	 2.181816	 0.036676	 0.182507	 0.039495
544	 0.005966	 0.004824	 0.000056	 0.000971	 0.000067	2.469290	 2.186640	 0.036732	 0.183478	 0.039562
545	 0.006422	 0.004390	 0.000124	 0.001706	 0.000141	2.475712	 2.191030	 0.036856	 0.185184	 0.039703
546	 0.007890	 0.005627	 0.000104	 0.002010	 0.000074	2.483602	 2.196657	 0.036960	 0.187194	 0.039777
547	 0.006200	 0.005118	 0.000085	 0.000766	 0.000151	2.489802	 2.201775	 0.037045	 0.187960	 0.039928
548	 0.006243	 0.004866	 0.000126	 0.001026	 0.000132	2.496045	 2.206641	 0.037171	 0.188986	 0.040060
549	 0.007735	 0.005111	 0.000119	 0.002232	 0.000180	2.503780	 2.211752	 0.037290	 0.191218	 0.040240
550	 0.006328	 0.005053	 0.000123	 0.000956	 0.000117	2.510108	 2.216805	 0.037413	 0.192174	 0.040357
551	 0.007057	 0.004875	 0.000154	 0.001621	 0.000264	2.517165	 2.221680	 0.037567	 0.193795	 0.040621
552	 0.005812	 0.004468	 0.000063	 0.001146	 0.000074	2.522977	 2.226148	 0.037630	 0.194941	 0.040695
553	 0.008373	 0.004453	 0.000195	 0.003452	 0.000170	2.531350	 2.230601	 0.037825	 0.198393	 0.040865
554	 0.005706	 0.004361	 0.000044	 0.001178	 0.000074	2.537056	 2.234962	 0.037869	 0.199571	 0.040939
555	 0.006023	 0.004591	 0.000061	 0.001192	 0.000131	2.543079	 2.239553	 0.037930	 0.200763	 0.041070
556	 0.005953	 0.004110	 0.000090	 0.001574	 0.000107	2.549032	 2.243663	 0.038020	 0.202337	 0.041177
557	 0.005659	 0.004590	 0.000091	 0.000750	 0.000157	2.554691	 2.248253	 0.038111	 0.203087	 0.041334
558	 0.006642	 0.005443	 0.000083	 0.000947	 0.000098	2.561333	 2.253696	 0.038194	 0.204034	 0.041432
559	 0.006627	 0.005117	 0.000076	 0.001230	 0.000145	2.567960	 2.258813	 0.038270	 0.205264	 0.041577
560	 0.005652	 0.004342	 0.000053	 0.001096	 0.000083	2.573612	 2.263155	 0.038323	 0.206360	 0.041660
561	 0.006846	 0.004324	 0.000095	 0.002195	 0.000162	2.580458	 2.267479	 0.038418	 0.208555	 0.041822
562	 0.006258	 0.005130	 0.000035	 0.000978	 0.000069	2.586716	 2.272609	 0.038453	 0.209533	 0.041891
563	 0.007276	 0.005100	 0.000095	 0.001848	 0.000155	2.593992	 2.277709	 0.038548	 0.211381	 0.042046
564	 0.005767	 0.004417	 0.000093	 0.001058	 0.000108	2.599759	 2.282126	 0.038641	 0.212439	 0.042154
565	 0.008198	 0.005207	 0.000096	 0.002624	 0.000183	2.607957	 2.287333	 0.038737	 0.215063	 0.042337
566	 0.009514	 0.005926	 0.000047	 0.003399	 0.000068	2.617471	 2.293259	 0.038784	 0.218462	 0.042405
567	 0.006117	 0.005003	 0.000083	 0.000866	 0.000079	2.623588	 2.298262	 0.038867	 0.219328	 0.042484
568	 0.005221	 0.004165	 0.000064	 0.000812	 0.000121	2.628809	 2.302427	 0.038931	 0.220140	 0.042605
569	 0.004652	 0.003322	 0.000096	 0.001023	 0.000117	2.633461	 2.305749	 0.039027	 0.221163	 0.042722
570	 0.005546	 0.004419	 0.000086	 0.000819	 0.000147	2.639007	 2.310168	 0.039113	 0.221982	 0.042869
571	 0.005435	 0.004260	 0.000121	 0.000897	 0.000090	2.644442	 2.314428	 0.039234	 0.222879	 0.042959
572	 0.006019	 0.004380	 0.000141	 0.001273	 0.000150	2.650461	 2.318808	 0.039375	 0.224152	 0.043109
573	 0.005692	 0.004270	 0.000041	 0.001251	 0.000065	2.656153	 2.323078	 0.039416	 0.225403	 0.043174
574	 0.006304	 0.004509	 0.000357	 0.000891	 0.000375	2.662457	 2.327587	 0.039773	 0.226294	 0.043549
575	 0.005583	 0.004294	 0.000083	 0.001063	 0.000075	2.668040	 2.331881	 0.039856	 0.227357	 0.043624
576	 0.005745	 0.004424	 0.000127	 0.000879	 0.000232	2.673785	 2.336305	 0.039983	 0.228236	 0.043856
577	 0.005037	 0.003886	 0.000099	 0.000857	 0.000091	2.678822	 2.340191	 0.040082	 0.229093	 0.043947
578	 0.006681	 0.004365	 0.000136	 0.001920	 0.000176	2.685503	 2.344556	 0.040218	 0.231013	 0.044123
579	 0.005702	 0.004380	 0.000102	 0.001092	 0.000074	2.691205	 2.348936	 0.040320	 0.232105	 0.044197
580	 0.005398	 0.003997	 0.000124	 0.001052	 0.000147	2.696603	 2.352933	 0.040444	 0.233157	 0.044344
581	 0.006303	 0.004750	 0.000114	 0.001247	 0.000118	2.702906	 2.357683	 0.040558	 0.234404	 0.044462
582	 0.006035	 0.004568	 0.000116	 0.001131	 0.000158	2.708941	 2.362251	 0.040674	 0.235535	 0.044620
583	 0.005091	 0.003195	 0.000097	 0.001603	 0.000121	2.714032	 2.365446	 0.040771	 0.237138	 0.044741
584	 0.005819	 0.004128	 0.000221	 0.001202	 0.000170	2.719851	 2.369574	 0.040992	 0.238340	 0.044911
585	 0.004385	 0.003094	 0.000081	 0.001066	 0.000074	2.724236	 2.372668	 0.041073	 0.239406	 0.044985
586	 0.005537	 0.004308	 0.000096	 0.000916	 0.000148	2.729773	 2.376976	 0.041169	 0.240322	 0.045133
587	 0.006049	 0.004346	 0.000043	 0.001542	 0.000066	2.735822	 2.381322	 0.041212	 0.241864	 0.045199
588	 0.005020	 0.003909	 0.000123	 0.000804	 0.000138	2.740842	 2.385231	 0.041335	 0.242668	 0.045337
589	 0.005316	 0.004385	 0.000035	 0.000799	 0.000060	2.746158	 2.389616	 0.041370	 0.243467	 0.045397
590	 0.005463	 0.004195	 0.000056	 0.001057	 0.000122	2.751621	 2.393811	 0.041426	 0.244524	 0.045519
591	 0.005315	 0.004369	 0.000032	 0.000801	 0.000061	2.756936	 2.398180	 0.041458	 0.245325	 0.045580
592	 0.005207	 0.003703	 0.000038	 0.001364	 0.000063	2.762143	 2.401883	 0.041496	 0.246689	 0.045643
593	 0.005271	 0.004240	 0.000055	 0.000812	 0.000126	2.767414	 2.406123	 0.041551	 0.247501	 0.045769
594	 0.006397	 0.004109	 0.000038	 0.002150	 0.000062	2.773811	 2.410232	 0.041589	 0.249651	 0.045831
595	 0.005241	 0.004139	 0.000059	 0.000875	 0.000127	2.779052	 2.414371	 0.041648	 0.250526	 0.045958
596	 0.005746	 0.004216	 0.000038	 0.001392	 0.000062	2.784798	 2.418587	 0.041686	 0.251918	 0.046020
597	 0.005412	 0.003999	 0.000060	 0.001182	 0.000129	2.790210	 2.422586	 0.041746	 0.253100	 0.046149
598	 0.007337	 0.004350	 0.000035	 0.002860	 0.000060	2.797547	 2.426936	 0.041781	 0.255960	 0.046209
599	 0.005082	 0.003661	 0.000099	 0.001151	 0.000129	2.802629	 2.430597	 0.041880	 0.257111	 0.046338
600	 0.005315	 0.004336	 0.000052	 0.000826	 0.000061	2.807944	 2.434933	 0.041932	 0.257937	 0.046399
601	 0.004621	 0.003449	 0.000062	 0.000943	 0.000130	2.812565	 2.438382	 0.041994	 0.258880	 0.046529
602	 0.007066	 0.004931	 0.000051	 0.001947	 0.000065	2.819631	 2.443313	 0.042045	 0.260827	 0.046594
603	 0.005543	 0.004311	 0.000086	 0.000972	 0.000133	2.825174	 2.447624	 0.042131	 0.261799	 0.046727
604	 0.006504	 0.004418	 0.000039	 0.001942	 0.000064	2.831678	 2.452042	 0.042170	 0.263741	 0.046791
605	 0.007537	 0.004353	 0.000070	 0.002932	 0.000133	2.839215	 2.456395	 0.042240	 0.266673	 0.046924
606	 0.005475	 0.003982	 0.000032	 0.001361	 0.000060	2.844690	 2.460377	 0.042272	 0.268034	 0.046984
607	 0.005723	 0.004113	 0.000113	 0.001282	 0.000147	2.850413	 2.464490	 0.042385	 0.269316	 0.047131
608	 0.006093	 0.004653	 0.000119	 0.001186	 0.000072	2.856506	 2.469143	 0.042504	 0.270502	 0.047203
609	 0.005732	 0.004301	 0.000067	 0.001189	 0.000127	2.862238	 2.473444	 0.042571	 0.271691	 0.047330
610	 0.005748	 0.003926	 0.000043	 0.001667	 0.000063	2.867986	 2.477370	 0.042614	 0.273358	 0.047393
611	 0.007655	 0.004089	 0.000135	 0.003207	 0.000151	2.875641	 2.481459	 0.042749	 0.276565	 0.047544
612	 0.005517	 0.003680	 0.000116	 0.001546	 0.000087	2.881158	 2.485139	 0.042865	 0.278111	 0.047631
613	 0.005451	 0.003682	 0.000162	 0.001356	 0.000158	2.886609	 2.488821	 0.043027	 0.279467	 0.047789
614	 0.005210	 0.003652	 0.000136	 0.001245	 0.000086	2.891819	 2.492473	 0.043163	 0.280712	 0.047875
615	 0.006878	 0.004348	 0.000086	 0.002257	 0.000136	2.898697	 2.496821	 0.043249	 0.282969	 0.048011
616	 0.006030	 0.003966	 0.000063	 0.001897	 0.000059	2.904727	 2.500787	 0.043312	 0.284866	 0.048070
617	 0.006014	 0.004184	 0.000065	 0.001583	 0.000140	2.910741	 2.504971	 0.043377	 0.286449	 0.048210
618	 0.005057	 0.003786	 0.000053	 0.001116	 0.000065	2.915798	 2.508757	 0.043430	 0.287565	 0.048275
619	 0.006036	 0.003895	 0.000063	 0.001913	 0.000128	2.921834	 2.512652	 0.043493	 0.289478	 0.048403
620	 0.006906	 0.004076	 0.000033	 0.002697	 0.000063	2.928740	 2.516728	 0.043526	 0.292175	 0.048466
621	 0.006459	 0.004065	 0.000054	 0.002181	 0.000125	2.935199	 2.520793	 0.043580	 0.294356	 0.048591
622	 0.008342	 0.004209	 0.000065	 0.003963	 0.000065	2.943541	 2.525002	 0.043645	 0.298319	 0.048656
623	 0.005481	 0.004113	 0.000075	 0.001125	 0.000130	2.949022	 2.529115	 0.043720	 0.299444	 0.048786
624	 0.006189	 0.003418	 0.000039	 0.002634	 0.000064	2.955211	 2.532533	 0.043759	 0.302078	 0.048850
625	 0.006578	 0.003871	 0.000058	 0.002485	 0.000127	2.961789	 2.536404	 0.043817	 0.304563	 0.048977
626	 0.008891	 0.003689	 0.000060	 0.005035	 0.000063	2.970680	 2.540093	 0.043877	 0.309598	 0.049040
627	 0.006802	 0.003808	 0.000059	 0.002769	 0.000126	2.977482	 2.543901	 0.043936	 0.312367	 0.049166
628	 0.005060	 0.003684	 0.000038	 0.001227	 0.000069	2.982542	 2.547585	 0.043974	 0.313594	 0.049235
629	 0.006302	 0.004888	 0.000089	 0.001152	 0.000132	2.988844	 2.552473	 0.044063	 0.314746	 0.049367
630	 0.010730	 0.004017	 0.000070	 0.006532	 0.000068	2.999574	 2.556490	 0.044133	 0.321278	 0.049435
631	 0.007046	 0.004731	 0.000069	 0.002078	 0.000131	3.006620	 2.561221	 0.044202	 0.323356	 0.049566
632	 0.012482	 0.003876	 0.000064	 0.008437	 0.000065	3.019102	 2.565097	 0.044266	 0.331793	 0.049631
633	 0.008295	 0.004788	 0.000073	 0.003251	 0.000134	3.027397	 2.569885	 0.044339	 0.335044	 0.049765
634	 0.008331	 0.004261	 0.000034	 0.003924	 0.000074	3.035728	 2.574146	 0.044373	 0.338968	 0.049839
635	 0.007935	 0.004576	 0.000093	 0.003083	 0.000143	3.043663	 2.578722	 0.044466	 0.342051	 0.049982
636	 0.009889	 0.004215	 0.000083	 0.005462	 0.000089	3.053552	 2.582937	 0.044549	 0.347513	 0.050071
