Problem:                                baa99_m
First Stage Rows:                       1
First Stage Columns:                    2
First Stage Non-zeros:                  0
Number of replications:                 30
Status:                                 COMPROMISE SOLUTION
Total Objective Function Upper Bound:   -479.759,[-485.028161,-474.490061],half-width:5.269, stdev:2.688
Total Objective Function Lower Bound:   -485.352,[-490.928227,-479.776433],half-width:5.576, stdev:2.845

First Stage Solutions:
   No.   Row name   Activity      Lower bound   Upper bound   Dual          Dual STDEV
------ ------------ ------------- ------------- ------------- ------------- -------------
     0 obj          -4.797591e+02 

   No. Column name  Activity      Lower bound   Upper bound   Reduced Cost  RC STDEV
------ ------------ ------------- ------------- ------------- ------------- -------------
     1 x1            3.502124e+01  0.000000e+00  2.170000e+02  0.000000e+00  0.000000e+00 
     2 x2            2.170000e+02  0.000000e+00  2.170000e+02 -1.610954e+00  0.000000e+00 


Problem:                                baa99_m
First Stage Rows:                       1
First Stage Columns:                    2
First Stage Non-zeros:                  0
Number of replications:                 30
Status:                                 MEAN SOLUTION
Total Objective Function Upper Bound:   -479.766,[-485.036563,-474.496229],half-width:5.270, stdev:2.689
Total Objective Function Lower Bound:   -485.352,[-490.928227,-479.776433],half-width:5.576, stdev:2.845

First Stage Solutions:
   No.   Row name   Activity      Lower bound   Upper bound   Dual          Dual STDEV
------ ------------ ------------- ------------- ------------- ------------- -------------
     0 obj          -4.797664e+02 

   No. Column name  Activity      Lower bound   Upper bound   Reduced Cost  RC STDEV
------ ------------ ------------- ------------- ------------- ------------- -------------
     1 x1            3.507174e+01  0.000000e+00  2.170000e+02  0.000000e+00  0.000000e+00 
     2 x2            2.170000e+02  0.000000e+00  2.170000e+02 -1.610263e+00  4.503605e-02 


