Problem:                                baa99_m
First Stage Rows:                       1
First Stage Columns:                    2
First Stage Non-zeros:                  0
Number of replications:                 30
Status:                                 COMPROMISE SOLUTION
Total Objective Function Upper Bound:   -368.120,[-373.346260,-362.894693],half-width:5.226, stdev:2.666
Total Objective Function Lower Bound:   -373.321,[-377.580480,-369.062441],half-width:4.259, stdev:2.173

First Stage Solutions:
   No.   Row name   Activity      Lower bound   Upper bound   Dual          Dual STDEV
------ ------------ ------------- ------------- ------------- ------------- -------------
     0 obj          -3.681205e+02 

   No. Column name  Activity      Lower bound   Upper bound   Reduced Cost  RC STDEV
------ ------------ ------------- ------------- ------------- ------------- -------------
     1 x1            6.076526e+01  0.000000e+00  2.170000e+02  0.000000e+00  0.000000e+00 
     2 x2            2.170000e+02  0.000000e+00  2.170000e+02 -1.932685e-01  0.000000e+00 


Problem:                                baa99_m
First Stage Rows:                       1
First Stage Columns:                    2
First Stage Non-zeros:                  0
Number of replications:                 30
Status:                                 MEAN SOLUTION
Total Objective Function Upper Bound:   -368.108,[-373.334086,-362.881095],half-width:5.226, stdev:2.667
Total Objective Function Lower Bound:   -373.321,[-377.580480,-369.062441],half-width:4.259, stdev:2.173

First Stage Solutions:
   No.   Row name   Activity      Lower bound   Upper bound   Dual          Dual STDEV
------ ------------ ------------- ------------- ------------- ------------- -------------
     0 obj          -3.681076e+02 

   No. Column name  Activity      Lower bound   Upper bound   Reduced Cost  RC STDEV
------ ------------ ------------- ------------- ------------- ------------- -------------
     1 x1            6.081232e+01  0.000000e+00  2.170000e+02  0.000000e+00  0.000000e+00 
     2 x2            2.170000e+02  0.000000e+00  2.170000e+02 -1.946472e-01  8.232642e-02 


