58.807602
216.999998

58.190296
216.999999

59.678849
216.999995

66.456671
216.999998

53.776276
216.999994

62.366551
216.999999

59.740326
216.999996

58.837034
216.999998

59.821722
216.999999

59.533795
216.999999

52.404281
216.999998

68.713852
216.999997

59.678938
216.999999

52.155339
216.999999

58.862448
216.999996

63.973606
216.999999

59.814400
216.999998

58.807602
216.999998

66.344424
216.999999

58.920082
216.999999

66.508407
216.999999

63.066980
216.999999

63.116449
216.999999

67.363152
216.999998

58.887841
216.999995

65.639962
216.999998

59.679000
216.999997

55.391515
216.999999

59.617521
216.999998

68.214702
216.999997

