Iter	 Iter_time	 Master	 Subprob	 Full_Test	 argmax	Iter_acc	 Master_acc	 Subprob_acc	 Full_Test_acc	 argmax_acc
1	 0.001236	 0.000892	 0.000230	 0.000000	 0.000058	0.001236	 0.000892	 0.000230	 0.000000	 0.000058
2	 0.003767	 0.003553	 0.000111	 0.000000	 0.000042	0.005003	 0.004445	 0.000341	 0.000000	 0.000100
3	 0.003776	 0.003679	 0.000045	 0.000000	 0.000017	0.008779	 0.008124	 0.000386	 0.000000	 0.000117
4	 0.003534	 0.003431	 0.000054	 0.000000	 0.000016	0.012313	 0.011555	 0.000440	 0.000000	 0.000133
5	 0.003136	 0.002875	 0.000151	 0.000000	 0.000055	0.015449	 0.014430	 0.000591	 0.000000	 0.000188
6	 0.003912	 0.003805	 0.000042	 0.000000	 0.000021	0.019361	 0.018235	 0.000633	 0.000000	 0.000209
7	 0.003444	 0.003302	 0.000078	 0.000000	 0.000026	0.022805	 0.021537	 0.000711	 0.000000	 0.000235
8	 0.003543	 0.003226	 0.000182	 0.000000	 0.000078	0.026348	 0.024763	 0.000893	 0.000000	 0.000313
9	 0.003234	 0.003085	 0.000074	 0.000000	 0.000041	0.029582	 0.027848	 0.000967	 0.000000	 0.000354
10	 0.003806	 0.003568	 0.000110	 0.000000	 0.000080	0.033388	 0.031416	 0.001077	 0.000000	 0.000434
11	 0.004144	 0.003943	 0.000111	 0.000000	 0.000048	0.037532	 0.035359	 0.001188	 0.000000	 0.000482
12	 0.003768	 0.003610	 0.000081	 0.000000	 0.000040	0.041300	 0.038969	 0.001269	 0.000000	 0.000522
13	 0.003408	 0.003260	 0.000079	 0.000000	 0.000030	0.044708	 0.042229	 0.001348	 0.000000	 0.000552
14	 0.004032	 0.003772	 0.000123	 0.000000	 0.000076	0.048740	 0.046001	 0.001471	 0.000000	 0.000628
15	 0.003422	 0.003267	 0.000075	 0.000000	 0.000038	0.052162	 0.049268	 0.001546	 0.000000	 0.000666
16	 0.003867	 0.003662	 0.000109	 0.000000	 0.000047	0.056029	 0.052930	 0.001655	 0.000000	 0.000713
17	 0.003572	 0.003425	 0.000077	 0.000000	 0.000029	0.059601	 0.056355	 0.001732	 0.000000	 0.000742
18	 0.003922	 0.003741	 0.000101	 0.000000	 0.000044	0.063523	 0.060096	 0.001833	 0.000000	 0.000786
19	 0.003566	 0.003453	 0.000051	 0.000000	 0.000035	0.067089	 0.063549	 0.001884	 0.000000	 0.000821
20	 0.003362	 0.003140	 0.000106	 0.000000	 0.000078	0.070451	 0.066689	 0.001990	 0.000000	 0.000899
21	 0.003404	 0.003311	 0.000043	 0.000000	 0.000021	0.073855	 0.070000	 0.002033	 0.000000	 0.000920
22	 0.003635	 0.003506	 0.000066	 0.000000	 0.000037	0.077490	 0.073506	 0.002099	 0.000000	 0.000957
23	 0.003468	 0.003358	 0.000052	 0.000000	 0.000032	0.080958	 0.076864	 0.002151	 0.000000	 0.000989
24	 0.003867	 0.003720	 0.000075	 0.000000	 0.000045	0.084825	 0.080584	 0.002226	 0.000000	 0.001034
25	 0.004318	 0.004213	 0.000048	 0.000000	 0.000032	0.089143	 0.084797	 0.002274	 0.000000	 0.001066
26	 0.003841	 0.003689	 0.000075	 0.000000	 0.000048	0.092984	 0.088486	 0.002349	 0.000000	 0.001114
27	 0.003865	 0.003787	 0.000033	 0.000000	 0.000021	0.096849	 0.092273	 0.002382	 0.000000	 0.001135
28	 0.003863	 0.003718	 0.000075	 0.000000	 0.000038	0.100712	 0.095991	 0.002457	 0.000000	 0.001173
29	 0.003486	 0.003396	 0.000046	 0.000000	 0.000022	0.104198	 0.099387	 0.002503	 0.000000	 0.001195
30	 0.003947	 0.003799	 0.000079	 0.000000	 0.000041	0.108145	 0.103186	 0.002582	 0.000000	 0.001236
31	 0.003739	 0.003650	 0.000041	 0.000000	 0.000021	0.111884	 0.106836	 0.002623	 0.000000	 0.001257
32	 0.004237	 0.004103	 0.000058	 0.000000	 0.000040	0.116121	 0.110939	 0.002681	 0.000000	 0.001297
33	 0.003180	 0.003075	 0.000048	 0.000000	 0.000033	0.119301	 0.114014	 0.002729	 0.000000	 0.001330
34	 0.004438	 0.004299	 0.000063	 0.000000	 0.000051	0.123739	 0.118313	 0.002792	 0.000000	 0.001381
35	 0.003295	 0.003192	 0.000048	 0.000000	 0.000023	0.127034	 0.121505	 0.002840	 0.000000	 0.001404
36	 0.003642	 0.003550	 0.000044	 0.000000	 0.000024	0.130676	 0.125055	 0.002884	 0.000000	 0.001428
37	 0.003666	 0.003530	 0.000060	 0.000000	 0.000041	0.134342	 0.128585	 0.002944	 0.000000	 0.001469
38	 0.003784	 0.003687	 0.000047	 0.000000	 0.000024	0.138126	 0.132272	 0.002991	 0.000000	 0.001493
39	 0.003445	 0.003302	 0.000073	 0.000000	 0.000043	0.141571	 0.135574	 0.003064	 0.000000	 0.001536
40	 0.003912	 0.003816	 0.000046	 0.000000	 0.000024	0.145483	 0.139390	 0.003110	 0.000000	 0.001560
41	 0.003750	 0.003599	 0.000078	 0.000000	 0.000044	0.149233	 0.142989	 0.003188	 0.000000	 0.001604
42	 0.003477	 0.003394	 0.000032	 0.000000	 0.000024	0.152710	 0.146383	 0.003220	 0.000000	 0.001628
43	 0.003579	 0.003434	 0.000075	 0.000000	 0.000043	0.156289	 0.149817	 0.003295	 0.000000	 0.001671
44	 0.004080	 0.003986	 0.000045	 0.000000	 0.000024	0.160369	 0.153803	 0.003340	 0.000000	 0.001695
45	 0.003700	 0.003552	 0.000075	 0.000000	 0.000044	0.164069	 0.157355	 0.003415	 0.000000	 0.001739
46	 0.003737	 0.003641	 0.000047	 0.000000	 0.000025	0.167806	 0.160996	 0.003462	 0.000000	 0.001764
47	 0.003669	 0.003522	 0.000070	 0.000000	 0.000045	0.171475	 0.164518	 0.003532	 0.000000	 0.001809
48	 0.003363	 0.003269	 0.000045	 0.000000	 0.000024	0.174838	 0.167787	 0.003577	 0.000000	 0.001833
49	 0.004000	 0.003855	 0.000071	 0.000000	 0.000044	0.178838	 0.171642	 0.003648	 0.000000	 0.001877
50	 0.003493	 0.003396	 0.000048	 0.000000	 0.000026	0.182331	 0.175038	 0.003696	 0.000000	 0.001903
51	 0.003352	 0.003203	 0.000072	 0.000000	 0.000047	0.185683	 0.178241	 0.003768	 0.000000	 0.001950
52	 0.003435	 0.003354	 0.000031	 0.000000	 0.000024	0.189118	 0.181595	 0.003799	 0.000000	 0.001974
53	 0.003843	 0.003687	 0.000081	 0.000000	 0.000046	0.192961	 0.185282	 0.003880	 0.000000	 0.002020
54	 0.003828	 0.003734	 0.000042	 0.000000	 0.000026	0.196789	 0.189016	 0.003922	 0.000000	 0.002046
55	 0.004091	 0.003942	 0.000074	 0.000000	 0.000047	0.200880	 0.192958	 0.003996	 0.000000	 0.002093
56	 0.003887	 0.003782	 0.000045	 0.000000	 0.000034	0.204767	 0.196740	 0.004041	 0.000000	 0.002127
57	 0.003297	 0.003157	 0.000058	 0.000000	 0.000055	0.208064	 0.199897	 0.004099	 0.000000	 0.002182
58	 0.003804	 0.003725	 0.000030	 0.000000	 0.000024	0.211868	 0.203622	 0.004129	 0.000000	 0.002206
59	 0.003401	 0.003241	 0.000083	 0.000000	 0.000047	0.215269	 0.206863	 0.004212	 0.000000	 0.002253
60	 0.003405	 0.003310	 0.000044	 0.000000	 0.000026	0.218674	 0.210173	 0.004256	 0.000000	 0.002279
61	 0.004147	 0.003998	 0.000072	 0.000000	 0.000048	0.222821	 0.214171	 0.004328	 0.000000	 0.002327
62	 0.003414	 0.003332	 0.000032	 0.000000	 0.000025	0.226235	 0.217503	 0.004360	 0.000000	 0.002352
63	 0.003401	 0.003269	 0.000055	 0.000000	 0.000048	0.229636	 0.220772	 0.004415	 0.000000	 0.002400
64	 0.003859	 0.003778	 0.000032	 0.000000	 0.000027	0.233495	 0.224550	 0.004447	 0.000000	 0.002427
65	 0.003776	 0.003623	 0.000073	 0.000000	 0.000051	0.237271	 0.228173	 0.004520	 0.000000	 0.002478
66	 0.003848	 0.003755	 0.000043	 0.000000	 0.000027	0.241119	 0.231928	 0.004563	 0.000000	 0.002505
67	 0.003844	 0.003694	 0.000071	 0.000000	 0.000049	0.244963	 0.235622	 0.004634	 0.000000	 0.002554
68	 0.003956	 0.003859	 0.000045	 0.000000	 0.000026	0.248919	 0.239481	 0.004679	 0.000000	 0.002580
69	 0.003709	 0.003554	 0.000074	 0.000000	 0.000050	0.252628	 0.243035	 0.004753	 0.000000	 0.002630
70	 0.003747	 0.003638	 0.000047	 0.000000	 0.000036	0.256375	 0.246673	 0.004800	 0.000000	 0.002666
71	 0.003836	 0.003678	 0.000060	 0.000000	 0.000059	0.260211	 0.250351	 0.004860	 0.000000	 0.002725
72	 0.003722	 0.003628	 0.000032	 0.000000	 0.000036	0.263933	 0.253979	 0.004892	 0.000000	 0.002761
73	 0.004605	 0.004437	 0.000078	 0.000000	 0.000061	0.268538	 0.258416	 0.004970	 0.000000	 0.002822
74	 0.003822	 0.003720	 0.000046	 0.000000	 0.000029	0.272360	 0.262136	 0.005016	 0.000000	 0.002851
75	 0.004055	 0.003915	 0.000061	 0.000000	 0.000052	0.276415	 0.266051	 0.005077	 0.000000	 0.002903
76	 0.003969	 0.003874	 0.000032	 0.000000	 0.000037	0.280384	 0.269925	 0.005109	 0.000000	 0.002940
77	 0.004231	 0.004055	 0.000076	 0.000000	 0.000060	0.284615	 0.273980	 0.005185	 0.000000	 0.003000
78	 0.004465	 0.004351	 0.000052	 0.000000	 0.000038	0.289080	 0.278331	 0.005237	 0.000000	 0.003038
79	 0.004274	 0.004100	 0.000073	 0.000000	 0.000063	0.293354	 0.282431	 0.005310	 0.000000	 0.003101
80	 0.004039	 0.003954	 0.000033	 0.000000	 0.000029	0.297393	 0.286385	 0.005343	 0.000000	 0.003130
81	 0.003590	 0.003428	 0.000077	 0.000000	 0.000056	0.300983	 0.289813	 0.005420	 0.000000	 0.003186
82	 0.003948	 0.003848	 0.000045	 0.000000	 0.000029	0.304931	 0.293661	 0.005465	 0.000000	 0.003215
83	 0.003758	 0.003599	 0.000078	 0.000000	 0.000053	0.308689	 0.297260	 0.005543	 0.000000	 0.003268
84	 0.003741	 0.003657	 0.000031	 0.000000	 0.000028	0.312430	 0.300917	 0.005574	 0.000000	 0.003296
85	 0.003841	 0.003676	 0.000078	 0.000000	 0.000055	0.316271	 0.304593	 0.005652	 0.000000	 0.003351
86	 0.003535	 0.003449	 0.000032	 0.000000	 0.000029	0.319806	 0.308042	 0.005684	 0.000000	 0.003380
87	 0.004071	 0.003911	 0.000077	 0.000000	 0.000055	0.323877	 0.311953	 0.005761	 0.000000	 0.003435
88	 0.003854	 0.003751	 0.000047	 0.000000	 0.000028	0.327731	 0.315704	 0.005808	 0.000000	 0.003463
89	 0.003491	 0.003334	 0.000071	 0.000000	 0.000055	0.331222	 0.319038	 0.005879	 0.000000	 0.003518
90	 0.003386	 0.003302	 0.000031	 0.000000	 0.000026	0.334608	 0.322340	 0.005910	 0.000000	 0.003544
91	 0.004170	 0.004006	 0.000077	 0.000000	 0.000057	0.338778	 0.326346	 0.005987	 0.000000	 0.003601
92	 0.003830	 0.003727	 0.000047	 0.000000	 0.000031	0.342608	 0.330073	 0.006034	 0.000000	 0.003632
93	 0.003904	 0.003763	 0.000059	 0.000000	 0.000052	0.346512	 0.333836	 0.006093	 0.000000	 0.003684
94	 0.003700	 0.003613	 0.000033	 0.000000	 0.000030	0.350212	 0.337449	 0.006126	 0.000000	 0.003714
95	 0.004193	 0.004026	 0.000080	 0.000000	 0.000058	0.354405	 0.341475	 0.006206	 0.000000	 0.003772
96	 0.004151	 0.004048	 0.000045	 0.000000	 0.000029	0.358556	 0.345523	 0.006251	 0.000000	 0.003801
97	 0.004370	 0.004225	 0.000057	 0.000000	 0.000054	0.362926	 0.349748	 0.006308	 0.000000	 0.003855
98	 0.003422	 0.003318	 0.000047	 0.000000	 0.000028	0.366348	 0.353066	 0.006355	 0.000000	 0.003883
99	 0.003637	 0.003476	 0.000072	 0.000000	 0.000059	0.369985	 0.356542	 0.006427	 0.000000	 0.003942
100	 0.003656	 0.003567	 0.000032	 0.000000	 0.000029	0.373641	 0.360109	 0.006459	 0.000000	 0.003971
101	 0.004233	 0.004089	 0.000057	 0.000000	 0.000057	0.377874	 0.364198	 0.006516	 0.000000	 0.004028
102	 0.003310	 0.003172	 0.000048	 0.000000	 0.000031	0.381184	 0.367370	 0.006564	 0.000000	 0.004059
103	 0.004384	 0.004237	 0.000062	 0.000000	 0.000060	0.385568	 0.371607	 0.006626	 0.000000	 0.004119
104	 0.003568	 0.003463	 0.000047	 0.000000	 0.000031	0.389136	 0.375070	 0.006673	 0.000000	 0.004150
105	 0.004096	 0.003935	 0.000072	 0.000000	 0.000058	0.393232	 0.379005	 0.006745	 0.000000	 0.004208
106	 0.003939	 0.003840	 0.000045	 0.000000	 0.000028	0.397171	 0.382845	 0.006790	 0.000000	 0.004236
107	 0.004124	 0.003966	 0.000071	 0.000000	 0.000059	0.401295	 0.386811	 0.006861	 0.000000	 0.004295
108	 0.003726	 0.003638	 0.000031	 0.000000	 0.000030	0.405021	 0.390449	 0.006892	 0.000000	 0.004325
109	 0.003895	 0.003727	 0.000077	 0.000000	 0.000059	0.408916	 0.394176	 0.006969	 0.000000	 0.004384
110	 0.003542	 0.003440	 0.000045	 0.000000	 0.000030	0.412458	 0.397616	 0.007014	 0.000000	 0.004414
111	 0.003782	 0.003619	 0.000071	 0.000000	 0.000061	0.416240	 0.401235	 0.007085	 0.000000	 0.004475
112	 0.003854	 0.003765	 0.000033	 0.000000	 0.000032	0.420094	 0.405000	 0.007118	 0.000000	 0.004507
113	 0.003462	 0.003316	 0.000056	 0.000000	 0.000058	0.423556	 0.408316	 0.007174	 0.000000	 0.004565
114	 0.003817	 0.003711	 0.000047	 0.000000	 0.000032	0.427373	 0.412027	 0.007221	 0.000000	 0.004597
115	 0.004323	 0.004174	 0.000059	 0.000000	 0.000061	0.431696	 0.416201	 0.007280	 0.000000	 0.004658
116	 0.003864	 0.003747	 0.000047	 0.000000	 0.000031	0.435560	 0.419948	 0.007327	 0.000000	 0.004689
117	 0.003952	 0.003860	 0.000035	 0.000000	 0.000032	0.439512	 0.423808	 0.007362	 0.000000	 0.004721
118	 0.003670	 0.003526	 0.000057	 0.000000	 0.000059	0.443182	 0.427334	 0.007419	 0.000000	 0.004780
119	 0.003630	 0.003545	 0.000031	 0.000000	 0.000029	0.446812	 0.430879	 0.007450	 0.000000	 0.004809
120	 0.004249	 0.004105	 0.000055	 0.000000	 0.000060	0.451061	 0.434984	 0.007505	 0.000000	 0.004869
121	 0.003809	 0.003698	 0.000051	 0.000000	 0.000033	0.454870	 0.438682	 0.007556	 0.000000	 0.004902
122	 0.004163	 0.004013	 0.000060	 0.000000	 0.000063	0.459033	 0.442695	 0.007616	 0.000000	 0.004965
123	 0.003734	 0.003626	 0.000048	 0.000000	 0.000032	0.462767	 0.446321	 0.007664	 0.000000	 0.004997
124	 0.004337	 0.004190	 0.000058	 0.000000	 0.000061	0.467104	 0.450511	 0.007722	 0.000000	 0.005058
125	 0.003608	 0.003516	 0.000031	 0.000000	 0.000032	0.470712	 0.454027	 0.007753	 0.000000	 0.005090
126	 0.003716	 0.003549	 0.000077	 0.000000	 0.000060	0.474428	 0.457576	 0.007830	 0.000000	 0.005150
127	 0.003721	 0.003613	 0.000048	 0.000000	 0.000033	0.478149	 0.461189	 0.007878	 0.000000	 0.005183
128	 0.003795	 0.003632	 0.000071	 0.000000	 0.000063	0.481944	 0.464821	 0.007949	 0.000000	 0.005246
129	 0.003568	 0.003459	 0.000047	 0.000000	 0.000034	0.485512	 0.468280	 0.007996	 0.000000	 0.005280
130	 0.003614	 0.003450	 0.000071	 0.000000	 0.000065	0.489126	 0.471730	 0.008067	 0.000000	 0.005345
131	 0.003276	 0.003172	 0.000049	 0.000000	 0.000030	0.492402	 0.474902	 0.008116	 0.000000	 0.005375
132	 0.003907	 0.003752	 0.000062	 0.000000	 0.000064	0.496309	 0.478654	 0.008178	 0.000000	 0.005439
133	 0.003295	 0.003204	 0.000031	 0.000000	 0.000032	0.499604	 0.481858	 0.008209	 0.000000	 0.005471
134	 0.003731	 0.003562	 0.000074	 0.000000	 0.000064	0.503335	 0.485420	 0.008283	 0.000000	 0.005535
135	 0.003572	 0.003465	 0.000046	 0.000000	 0.000034	0.506907	 0.488885	 0.008329	 0.000000	 0.005569
136	 0.003971	 0.003819	 0.000059	 0.000000	 0.000064	0.510878	 0.492704	 0.008388	 0.000000	 0.005633
137	 0.004169	 0.004062	 0.000046	 0.000000	 0.000033	0.515047	 0.496766	 0.008434	 0.000000	 0.005666
138	 0.004090	 0.003938	 0.000059	 0.000000	 0.000066	0.519137	 0.500704	 0.008493	 0.000000	 0.005732
139	 0.003911	 0.003810	 0.000047	 0.000000	 0.000031	0.523048	 0.504514	 0.008540	 0.000000	 0.005763
140	 0.004042	 0.003872	 0.000076	 0.000000	 0.000064	0.527090	 0.508386	 0.008616	 0.000000	 0.005827
141	 0.003924	 0.003819	 0.000047	 0.000000	 0.000034	0.531014	 0.512205	 0.008663	 0.000000	 0.005861
142	 0.003508	 0.003354	 0.000058	 0.000000	 0.000064	0.534522	 0.515559	 0.008721	 0.000000	 0.005925
143	 0.003363	 0.003269	 0.000033	 0.000000	 0.000034	0.537885	 0.518828	 0.008754	 0.000000	 0.005959
144	 0.003995	 0.003843	 0.000056	 0.000000	 0.000064	0.541880	 0.522671	 0.008810	 0.000000	 0.006023
145	 0.003924	 0.003831	 0.000032	 0.000000	 0.000034	0.545804	 0.526502	 0.008842	 0.000000	 0.006057
146	 0.004451	 0.004296	 0.000059	 0.000000	 0.000067	0.550255	 0.530798	 0.008901	 0.000000	 0.006124
147	 0.003803	 0.003694	 0.000049	 0.000000	 0.000036	0.554058	 0.534492	 0.008950	 0.000000	 0.006160
148	 0.004158	 0.003989	 0.000071	 0.000000	 0.000067	0.558216	 0.538481	 0.009021	 0.000000	 0.006227
149	 0.003541	 0.003448	 0.000034	 0.000000	 0.000034	0.561757	 0.541929	 0.009055	 0.000000	 0.006261
150	 0.003696	 0.003542	 0.000056	 0.000000	 0.000067	0.565453	 0.545471	 0.009111	 0.000000	 0.006328
151	 0.003677	 0.003570	 0.000047	 0.000000	 0.000035	0.569130	 0.549041	 0.009158	 0.000000	 0.006363
152	 0.003969	 0.003802	 0.000071	 0.000000	 0.000066	0.573099	 0.552843	 0.009229	 0.000000	 0.006429
153	 0.003630	 0.003524	 0.000045	 0.000000	 0.000034	0.576729	 0.556367	 0.009274	 0.000000	 0.006463
154	 0.003906	 0.003736	 0.000072	 0.000000	 0.000067	0.580635	 0.560103	 0.009346	 0.000000	 0.006530
155	 0.003508	 0.003416	 0.000031	 0.000000	 0.000033	0.584143	 0.563519	 0.009377	 0.000000	 0.006563
156	 0.004208	 0.004059	 0.000054	 0.000000	 0.000066	0.588351	 0.567578	 0.009431	 0.000000	 0.006629
157	 0.003650	 0.003558	 0.000033	 0.000000	 0.000032	0.592001	 0.571136	 0.009464	 0.000000	 0.006661
158	 0.004386	 0.004233	 0.000055	 0.000000	 0.000069	0.596387	 0.575369	 0.009519	 0.000000	 0.006730
159	 0.003875	 0.003756	 0.000047	 0.000000	 0.000045	0.600262	 0.579125	 0.009566	 0.000000	 0.006775
160	 0.004178	 0.003996	 0.000076	 0.000000	 0.000076	0.604440	 0.583121	 0.009642	 0.000000	 0.006851
161	 0.003751	 0.003640	 0.000049	 0.000000	 0.000036	0.608191	 0.586761	 0.009691	 0.000000	 0.006887
162	 0.003956	 0.003781	 0.000073	 0.000000	 0.000070	0.612147	 0.590542	 0.009764	 0.000000	 0.006957
163	 0.003918	 0.003824	 0.000032	 0.000000	 0.000036	0.616065	 0.594366	 0.009796	 0.000000	 0.006993
164	 0.004197	 0.004020	 0.000075	 0.000000	 0.000071	0.620262	 0.598386	 0.009871	 0.000000	 0.007064
165	 0.003951	 0.003816	 0.000046	 0.000000	 0.000046	0.624213	 0.602202	 0.009917	 0.000000	 0.007110
166	 0.004005	 0.003889	 0.000043	 0.000000	 0.000046	0.628218	 0.606091	 0.009960	 0.000000	 0.007156
167	 0.003981	 0.003784	 0.000076	 0.000000	 0.000078	0.632199	 0.609875	 0.010036	 0.000000	 0.007234
168	 0.003720	 0.003607	 0.000045	 0.000000	 0.000042	0.635919	 0.613482	 0.010081	 0.000000	 0.007276
169	 0.003903	 0.003722	 0.000072	 0.000000	 0.000079	0.639822	 0.617204	 0.010153	 0.000000	 0.007355
170	 0.003932	 0.003826	 0.000045	 0.000000	 0.000033	0.643754	 0.621030	 0.010198	 0.000000	 0.007388
171	 0.003761	 0.003589	 0.000072	 0.000000	 0.000071	0.647515	 0.624619	 0.010270	 0.000000	 0.007459
172	 0.004094	 0.003975	 0.000047	 0.000000	 0.000044	0.651609	 0.628594	 0.010317	 0.000000	 0.007503
173	 0.004212	 0.004040	 0.000062	 0.000000	 0.000083	0.655821	 0.632634	 0.010379	 0.000000	 0.007586
174	 0.004384	 0.004275	 0.000045	 0.000000	 0.000037	0.660205	 0.636909	 0.010424	 0.000000	 0.007623
175	 0.004582	 0.004403	 0.000072	 0.000000	 0.000074	0.664787	 0.641312	 0.010496	 0.000000	 0.007697
176	 0.004039	 0.003932	 0.000032	 0.000000	 0.000036	0.668826	 0.645244	 0.010528	 0.000000	 0.007733
177	 0.004269	 0.004163	 0.000031	 0.000000	 0.000034	0.673095	 0.649407	 0.010559	 0.000000	 0.007767
178	 0.004381	 0.004271	 0.000048	 0.000000	 0.000038	0.677476	 0.653678	 0.010607	 0.000000	 0.007805
179	 0.004165	 0.003988	 0.000073	 0.000000	 0.000074	0.681641	 0.657666	 0.010680	 0.000000	 0.007879
180	 0.004087	 0.003991	 0.000031	 0.000000	 0.000037	0.685728	 0.661657	 0.010711	 0.000000	 0.007916
181	 0.004188	 0.004007	 0.000077	 0.000000	 0.000074	0.689916	 0.665664	 0.010788	 0.000000	 0.007990
182	 0.003588	 0.003476	 0.000045	 0.000000	 0.000038	0.693504	 0.669140	 0.010833	 0.000000	 0.008028
183	 0.004127	 0.003952	 0.000074	 0.000000	 0.000073	0.697631	 0.673092	 0.010907	 0.000000	 0.008101
184	 0.003609	 0.003513	 0.000033	 0.000000	 0.000037	0.701240	 0.676605	 0.010940	 0.000000	 0.008138
185	 0.004469	 0.004286	 0.000076	 0.000000	 0.000076	0.705709	 0.680891	 0.011016	 0.000000	 0.008214
186	 0.004273	 0.004176	 0.000032	 0.000000	 0.000037	0.709982	 0.685067	 0.011048	 0.000000	 0.008251
187	 0.003797	 0.003614	 0.000075	 0.000000	 0.000076	0.713779	 0.688681	 0.011123	 0.000000	 0.008327
188	 0.003529	 0.003412	 0.000051	 0.000000	 0.000039	0.717308	 0.692093	 0.011174	 0.000000	 0.008366
189	 0.004169	 0.004005	 0.000059	 0.000000	 0.000075	0.721477	 0.696098	 0.011233	 0.000000	 0.008441
190	 0.003851	 0.003754	 0.000032	 0.000000	 0.000038	0.725328	 0.699852	 0.011265	 0.000000	 0.008479
191	 0.003954	 0.003769	 0.000076	 0.000000	 0.000077	0.729282	 0.703621	 0.011341	 0.000000	 0.008556
192	 0.003780	 0.003684	 0.000031	 0.000000	 0.000037	0.733062	 0.707305	 0.011372	 0.000000	 0.008593
193	 0.003868	 0.003688	 0.000075	 0.000000	 0.000073	0.736930	 0.710993	 0.011447	 0.000000	 0.008666
194	 0.003667	 0.003570	 0.000031	 0.000000	 0.000038	0.740597	 0.714563	 0.011478	 0.000000	 0.008704
195	 0.004056	 0.003873	 0.000076	 0.000000	 0.000076	0.744653	 0.718436	 0.011554	 0.000000	 0.008780
196	 0.003768	 0.003657	 0.000048	 0.000000	 0.000038	0.748421	 0.722093	 0.011602	 0.000000	 0.008818
197	 0.004016	 0.003823	 0.000072	 0.000000	 0.000076	0.752437	 0.725916	 0.011674	 0.000000	 0.008894
198	 0.003768	 0.003673	 0.000032	 0.000000	 0.000037	0.756205	 0.729589	 0.011706	 0.000000	 0.008931
199	 0.003911	 0.003747	 0.000058	 0.000000	 0.000077	0.760116	 0.733336	 0.011764	 0.000000	 0.009008
200	 0.004192	 0.004072	 0.000050	 0.000000	 0.000040	0.764308	 0.737408	 0.011814	 0.000000	 0.009048
201	 0.004229	 0.004062	 0.000059	 0.000000	 0.000078	0.768537	 0.741470	 0.011873	 0.000000	 0.009126
202	 0.004066	 0.003930	 0.000047	 0.000000	 0.000039	0.772603	 0.745400	 0.011920	 0.000000	 0.009165
203	 0.003809	 0.003637	 0.000060	 0.000000	 0.000078	0.776412	 0.749037	 0.011980	 0.000000	 0.009243
204	 0.003555	 0.003443	 0.000048	 0.000000	 0.000038	0.779967	 0.752480	 0.012028	 0.000000	 0.009281
205	 0.003804	 0.003635	 0.000059	 0.000000	 0.000079	0.783771	 0.756115	 0.012087	 0.000000	 0.009360
206	 0.003564	 0.003446	 0.000050	 0.000000	 0.000041	0.787335	 0.759561	 0.012137	 0.000000	 0.009401
207	 0.003911	 0.003719	 0.000073	 0.000000	 0.000080	0.791246	 0.763280	 0.012210	 0.000000	 0.009481
208	 0.004060	 0.003953	 0.000032	 0.000000	 0.000049	0.795306	 0.767233	 0.012242	 0.000000	 0.009530
209	 0.004084	 0.003909	 0.000056	 0.000000	 0.000086	0.799390	 0.771142	 0.012298	 0.000000	 0.009616
210	 0.004138	 0.004029	 0.000046	 0.000000	 0.000037	0.803528	 0.775171	 0.012344	 0.000000	 0.009653
211	 0.003708	 0.003534	 0.000060	 0.000000	 0.000081	0.807236	 0.778705	 0.012404	 0.000000	 0.009734
212	 0.004101	 0.004000	 0.000032	 0.000000	 0.000040	0.811337	 0.782705	 0.012436	 0.000000	 0.009774
213	 0.004220	 0.004029	 0.000079	 0.000000	 0.000081	0.815557	 0.786734	 0.012515	 0.000000	 0.009855
214	 0.003648	 0.003532	 0.000046	 0.000000	 0.000041	0.819205	 0.790266	 0.012561	 0.000000	 0.009896
215	 0.003919	 0.003733	 0.000074	 0.000000	 0.000081	0.823124	 0.793999	 0.012635	 0.000000	 0.009977
216	 0.004144	 0.004025	 0.000051	 0.000000	 0.000041	0.827268	 0.798024	 0.012686	 0.000000	 0.010018
217	 0.004046	 0.003879	 0.000061	 0.000000	 0.000077	0.831314	 0.801903	 0.012747	 0.000000	 0.010095
218	 0.003828	 0.003708	 0.000051	 0.000000	 0.000042	0.835142	 0.805611	 0.012798	 0.000000	 0.010137
219	 0.004513	 0.004327	 0.000072	 0.000000	 0.000083	0.839655	 0.809938	 0.012870	 0.000000	 0.010220
220	 0.003977	 0.003869	 0.000032	 0.000000	 0.000038	0.843632	 0.813807	 0.012902	 0.000000	 0.010258
221	 0.003868	 0.003755	 0.000031	 0.000000	 0.000040	0.847500	 0.817562	 0.012933	 0.000000	 0.010298
222	 0.004118	 0.003991	 0.000048	 0.000000	 0.000042	0.851618	 0.821553	 0.012981	 0.000000	 0.010340
223	 0.003892	 0.003776	 0.000045	 0.000000	 0.000042	0.855510	 0.825329	 0.013026	 0.000000	 0.010382
224	 0.004323	 0.004145	 0.000061	 0.000000	 0.000083	0.859833	 0.829474	 0.013087	 0.000000	 0.010465
225	 0.004107	 0.003990	 0.000048	 0.000000	 0.000041	0.863940	 0.833464	 0.013135	 0.000000	 0.010506
226	 0.004373	 0.004204	 0.000058	 0.000000	 0.000081	0.868313	 0.837668	 0.013193	 0.000000	 0.010587
227	 0.004341	 0.004223	 0.000049	 0.000000	 0.000042	0.872654	 0.841891	 0.013242	 0.000000	 0.010629
228	 0.003642	 0.003457	 0.000059	 0.000000	 0.000079	0.876296	 0.845348	 0.013301	 0.000000	 0.010708
229	 0.005013	 0.004888	 0.000033	 0.000000	 0.000052	0.881309	 0.850236	 0.013334	 0.000000	 0.010760
230	 0.003910	 0.003800	 0.000032	 0.000000	 0.000052	0.885219	 0.854036	 0.013366	 0.000000	 0.010812
231	 0.003304	 0.003105	 0.000078	 0.000000	 0.000089	0.888523	 0.857141	 0.013444	 0.000000	 0.010901
232	 0.003938	 0.003827	 0.000031	 0.000000	 0.000050	0.892461	 0.860968	 0.013475	 0.000000	 0.010951
233	 0.004111	 0.003922	 0.000076	 0.000000	 0.000082	0.896572	 0.864890	 0.013551	 0.000000	 0.011033
234	 0.003956	 0.003856	 0.000031	 0.000000	 0.000039	0.900528	 0.868746	 0.013582	 0.000000	 0.011072
235	 0.003944	 0.003769	 0.000060	 0.000000	 0.000086	0.904472	 0.872515	 0.013642	 0.000000	 0.011158
236	 0.004002	 0.003884	 0.000047	 0.000000	 0.000042	0.908474	 0.876399	 0.013689	 0.000000	 0.011200
237	 0.003989	 0.003801	 0.000073	 0.000000	 0.000084	0.912463	 0.880200	 0.013762	 0.000000	 0.011284
238	 0.004154	 0.004035	 0.000048	 0.000000	 0.000043	0.916617	 0.884235	 0.013810	 0.000000	 0.011327
239	 0.004364	 0.004192	 0.000060	 0.000000	 0.000084	0.920981	 0.888427	 0.013870	 0.000000	 0.011411
240	 0.003875	 0.003771	 0.000034	 0.000000	 0.000043	0.924856	 0.892198	 0.013904	 0.000000	 0.011454
241	 0.004775	 0.004579	 0.000082	 0.000000	 0.000083	0.929631	 0.896777	 0.013986	 0.000000	 0.011537
242	 0.004332	 0.004217	 0.000047	 0.000000	 0.000044	0.933963	 0.900994	 0.014033	 0.000000	 0.011581
243	 0.003805	 0.003631	 0.000060	 0.000000	 0.000083	0.937768	 0.904625	 0.014093	 0.000000	 0.011664
244	 0.003779	 0.003661	 0.000046	 0.000000	 0.000040	0.941547	 0.908286	 0.014139	 0.000000	 0.011704
245	 0.004038	 0.003847	 0.000075	 0.000000	 0.000085	0.945585	 0.912133	 0.014214	 0.000000	 0.011789
246	 0.003505	 0.003401	 0.000032	 0.000000	 0.000042	0.949090	 0.915534	 0.014246	 0.000000	 0.011831
247	 0.004082	 0.003909	 0.000058	 0.000000	 0.000085	0.953172	 0.919443	 0.014304	 0.000000	 0.011916
248	 0.004206	 0.004107	 0.000031	 0.000000	 0.000041	0.957378	 0.923550	 0.014335	 0.000000	 0.011957
249	 0.004045	 0.003851	 0.000078	 0.000000	 0.000086	0.961423	 0.927401	 0.014413	 0.000000	 0.012043
250	 0.003603	 0.003480	 0.000051	 0.000000	 0.000041	0.965026	 0.930881	 0.014464	 0.000000	 0.012084
251	 0.003593	 0.003395	 0.000079	 0.000000	 0.000088	0.968619	 0.934276	 0.014543	 0.000000	 0.012172
252	 0.004005	 0.003886	 0.000046	 0.000000	 0.000043	0.972624	 0.938162	 0.014589	 0.000000	 0.012215
253	 0.003847	 0.003654	 0.000077	 0.000000	 0.000086	0.976471	 0.941816	 0.014666	 0.000000	 0.012301
254	 0.003852	 0.003740	 0.000047	 0.000000	 0.000041	0.980323	 0.945556	 0.014713	 0.000000	 0.012342
255	 0.004123	 0.003948	 0.000058	 0.000000	 0.000084	0.984446	 0.949504	 0.014771	 0.000000	 0.012426
256	 0.003778	 0.003661	 0.000046	 0.000000	 0.000044	0.988224	 0.953165	 0.014817	 0.000000	 0.012470
257	 0.003671	 0.003474	 0.000076	 0.000000	 0.000089	0.991895	 0.956639	 0.014893	 0.000000	 0.012559
258	 0.003438	 0.003316	 0.000046	 0.000000	 0.000048	0.995333	 0.959955	 0.014939	 0.000000	 0.012607
259	 0.003882	 0.003696	 0.000059	 0.000000	 0.000096	0.999215	 0.963651	 0.014998	 0.000000	 0.012703
260	 0.003812	 0.003702	 0.000032	 0.000000	 0.000047	1.003027	 0.967353	 0.015030	 0.000000	 0.012750
261	 0.003742	 0.003558	 0.000056	 0.000000	 0.000098	1.006769	 0.970911	 0.015086	 0.000000	 0.012848
262	 0.003771	 0.003664	 0.000032	 0.000000	 0.000045	1.010540	 0.974575	 0.015118	 0.000000	 0.012893
263	 0.004099	 0.003912	 0.000057	 0.000000	 0.000098	1.014639	 0.978487	 0.015175	 0.000000	 0.012991
264	 0.004137	 0.004017	 0.000048	 0.000000	 0.000046	1.018776	 0.982504	 0.015223	 0.000000	 0.013037
265	 0.004107	 0.003908	 0.000075	 0.000000	 0.000097	1.022883	 0.986412	 0.015298	 0.000000	 0.013134
266	 0.004099	 0.003991	 0.000033	 0.000000	 0.000048	1.026982	 0.990403	 0.015331	 0.000000	 0.013182
267	 0.004463	 0.004279	 0.000056	 0.000000	 0.000096	1.031445	 0.994682	 0.015387	 0.000000	 0.013278
268	 0.004212	 0.003733	 0.000048	 0.000349	 0.000046	1.035657	 0.998415	 0.015435	 0.000349	 0.013324
269	 0.004446	 0.003951	 0.000070	 0.000288	 0.000096	1.040103	 1.002366	 0.015505	 0.000637	 0.013420
270	 0.004457	 0.003809	 0.000061	 0.000508	 0.000045	1.044560	 1.006175	 0.015566	 0.001145	 0.013465
271	 0.004335	 0.003798	 0.000072	 0.000331	 0.000097	1.048895	 1.009973	 0.015638	 0.001476	 0.013562
272	 0.003997	 0.003523	 0.000040	 0.000350	 0.000047	1.052892	 1.013496	 0.015678	 0.001826	 0.013609
273	 0.004669	 0.004179	 0.000061	 0.000288	 0.000106	1.057561	 1.017675	 0.015739	 0.002114	 0.013715
274	 0.004565	 0.004087	 0.000035	 0.000359	 0.000049	1.062126	 1.021762	 0.015774	 0.002473	 0.013764
275	 0.004445	 0.003917	 0.000087	 0.000304	 0.000100	1.066571	 1.025679	 0.015861	 0.002777	 0.013864
276	 0.004548	 0.004056	 0.000049	 0.000357	 0.000049	1.071119	 1.029735	 0.015910	 0.003134	 0.013913
277	 0.004669	 0.004139	 0.000084	 0.000302	 0.000106	1.075788	 1.033874	 0.015994	 0.003436	 0.014019
278	 0.003985	 0.003571	 0.000049	 0.000269	 0.000058	1.079773	 1.037445	 0.016043	 0.003705	 0.014077
279	 0.004911	 0.004196	 0.000072	 0.000512	 0.000094	1.084684	 1.041641	 0.016115	 0.004217	 0.014171
280	 0.004564	 0.003978	 0.000060	 0.000447	 0.000046	1.089248	 1.045619	 0.016175	 0.004664	 0.014217
281	 0.004884	 0.004250	 0.000087	 0.000414	 0.000095	1.094132	 1.049869	 0.016262	 0.005078	 0.014312
282	 0.004288	 0.003891	 0.000033	 0.000274	 0.000057	1.098420	 1.053760	 0.016295	 0.005352	 0.014369
283	 0.004123	 0.003609	 0.000078	 0.000288	 0.000107	1.102543	 1.057369	 0.016373	 0.005640	 0.014476
284	 0.004897	 0.004358	 0.000054	 0.000382	 0.000063	1.107440	 1.061727	 0.016427	 0.006022	 0.014539
285	 0.005115	 0.004359	 0.000154	 0.000343	 0.000180	1.112555	 1.066086	 0.016581	 0.006365	 0.014719
286	 0.004808	 0.004074	 0.000052	 0.000568	 0.000059	1.117363	 1.070160	 0.016633	 0.006933	 0.014778
287	 0.004899	 0.004075	 0.000100	 0.000572	 0.000107	1.122262	 1.074235	 0.016733	 0.007505	 0.014885
288	 0.004372	 0.003827	 0.000052	 0.000386	 0.000061	1.126634	 1.078062	 0.016785	 0.007891	 0.014946
289	 0.005263	 0.004605	 0.000083	 0.000390	 0.000120	1.131897	 1.082667	 0.016868	 0.008281	 0.015066
290	 0.005214	 0.004628	 0.000067	 0.000389	 0.000067	1.137111	 1.087295	 0.016935	 0.008670	 0.015133
291	 0.004887	 0.004415	 0.000058	 0.000308	 0.000060	1.141998	 1.091710	 0.016993	 0.008978	 0.015193
292	 0.004404	 0.003822	 0.000089	 0.000332	 0.000115	1.146402	 1.095532	 0.017082	 0.009310	 0.015308
293	 0.004843	 0.004398	 0.000037	 0.000305	 0.000061	1.151245	 1.099930	 0.017119	 0.009615	 0.015369
294	 0.004456	 0.003906	 0.000095	 0.000303	 0.000104	1.155701	 1.103836	 0.017214	 0.009918	 0.015473
295	 0.004810	 0.004333	 0.000041	 0.000341	 0.000053	1.160511	 1.108169	 0.017255	 0.010259	 0.015526
296	 0.005041	 0.004471	 0.000069	 0.000347	 0.000105	1.165552	 1.112640	 0.017324	 0.010606	 0.015631
297	 0.005125	 0.004598	 0.000081	 0.000346	 0.000053	1.170677	 1.117238	 0.017405	 0.010952	 0.015684
298	 0.005631	 0.004961	 0.000105	 0.000379	 0.000131	1.176308	 1.122199	 0.017510	 0.011331	 0.015815
299	 0.005600	 0.004920	 0.000067	 0.000497	 0.000065	1.181908	 1.127119	 0.017577	 0.011828	 0.015880
300	 0.005063	 0.004409	 0.000101	 0.000377	 0.000130	1.186971	 1.131528	 0.017678	 0.012205	 0.016010
301	 0.004518	 0.004039	 0.000060	 0.000319	 0.000064	1.191489	 1.135567	 0.017738	 0.012524	 0.016074
302	 0.004997	 0.004345	 0.000092	 0.000345	 0.000121	1.196486	 1.139912	 0.017830	 0.012869	 0.016195
303	 0.003695	 0.003069	 0.000063	 0.000422	 0.000080	1.200181	 1.142981	 0.017893	 0.013291	 0.016275
304	 0.004263	 0.003568	 0.000127	 0.000395	 0.000115	1.204444	 1.146549	 0.018020	 0.013686	 0.016390
305	 0.004486	 0.004027	 0.000064	 0.000305	 0.000051	1.208930	 1.150576	 0.018084	 0.013991	 0.016441
306	 0.004139	 0.003614	 0.000067	 0.000314	 0.000106	1.213069	 1.154190	 0.018151	 0.014305	 0.016547
307	 0.005833	 0.005359	 0.000035	 0.000354	 0.000049	1.218902	 1.159549	 0.018186	 0.014659	 0.016596
308	 0.004354	 0.003752	 0.000079	 0.000372	 0.000112	1.223256	 1.163301	 0.018265	 0.015031	 0.016708
309	 0.005111	 0.004642	 0.000057	 0.000321	 0.000053	1.228367	 1.167943	 0.018322	 0.015352	 0.016761
310	 0.004534	 0.003937	 0.000079	 0.000363	 0.000114	1.232901	 1.171880	 0.018401	 0.015715	 0.016875
311	 0.004482	 0.004016	 0.000058	 0.000323	 0.000050	1.237383	 1.175896	 0.018459	 0.016038	 0.016925
312	 0.004909	 0.004331	 0.000060	 0.000370	 0.000110	1.242292	 1.180227	 0.018519	 0.016408	 0.017035
313	 0.004689	 0.004183	 0.000052	 0.000372	 0.000050	1.246981	 1.184410	 0.018571	 0.016780	 0.017085
314	 0.004646	 0.004056	 0.000060	 0.000381	 0.000113	1.251627	 1.188466	 0.018631	 0.017161	 0.017198
315	 0.005332	 0.004720	 0.000032	 0.000492	 0.000055	1.256959	 1.193186	 0.018663	 0.017653	 0.017253
316	 0.004771	 0.004164	 0.000085	 0.000370	 0.000112	1.261730	 1.197350	 0.018748	 0.018023	 0.017365
317	 0.004490	 0.003964	 0.000053	 0.000382	 0.000053	1.266220	 1.201314	 0.018801	 0.018405	 0.017418
318	 0.004514	 0.003912	 0.000073	 0.000379	 0.000110	1.270734	 1.205226	 0.018874	 0.018784	 0.017528
319	 0.004130	 0.003626	 0.000048	 0.000378	 0.000049	1.274864	 1.208852	 0.018922	 0.019162	 0.017577
320	 0.004259	 0.003688	 0.000082	 0.000342	 0.000110	1.279123	 1.212540	 0.019004	 0.019504	 0.017687
321	 0.004589	 0.004085	 0.000035	 0.000380	 0.000050	1.283712	 1.216625	 0.019039	 0.019884	 0.017737
322	 0.004785	 0.004063	 0.000088	 0.000500	 0.000098	1.288497	 1.220688	 0.019127	 0.020384	 0.017835
323	 0.004217	 0.003704	 0.000051	 0.000380	 0.000048	1.292714	 1.224392	 0.019178	 0.020764	 0.017883
324	 0.004773	 0.004054	 0.000084	 0.000503	 0.000098	1.297487	 1.228446	 0.019262	 0.021267	 0.017981
325	 0.004585	 0.004000	 0.000042	 0.000448	 0.000061	1.302072	 1.232446	 0.019304	 0.021715	 0.018042
326	 0.004456	 0.003736	 0.000080	 0.000507	 0.000097	1.306528	 1.236182	 0.019384	 0.022222	 0.018139
327	 0.004559	 0.004020	 0.000055	 0.000393	 0.000055	1.311087	 1.240202	 0.019439	 0.022615	 0.018194
328	 0.004456	 0.003838	 0.000081	 0.000386	 0.000113	1.315543	 1.244040	 0.019520	 0.023001	 0.018307
329	 0.004163	 0.003676	 0.000054	 0.000349	 0.000050	1.319706	 1.247716	 0.019574	 0.023350	 0.018357
330	 0.004690	 0.004072	 0.000085	 0.000396	 0.000099	1.324396	 1.251788	 0.019659	 0.023746	 0.018456
331	 0.004798	 0.004290	 0.000057	 0.000357	 0.000055	1.329194	 1.256078	 0.019716	 0.024103	 0.018511
332	 0.005367	 0.004739	 0.000088	 0.000397	 0.000103	1.334561	 1.260817	 0.019804	 0.024500	 0.018614
333	 0.004468	 0.003933	 0.000048	 0.000398	 0.000053	1.339029	 1.264750	 0.019852	 0.024898	 0.018667
334	 0.004579	 0.003961	 0.000061	 0.000392	 0.000113	1.343608	 1.268711	 0.019913	 0.025290	 0.018780
335	 0.004312	 0.003742	 0.000057	 0.000410	 0.000072	1.347920	 1.272453	 0.019970	 0.025700	 0.018852
336	 0.004390	 0.003762	 0.000091	 0.000387	 0.000112	1.352310	 1.276215	 0.020061	 0.026087	 0.018964
337	 0.004843	 0.004270	 0.000052	 0.000411	 0.000074	1.357153	 1.280485	 0.020113	 0.026498	 0.019038
338	 0.004508	 0.003895	 0.000063	 0.000391	 0.000118	1.361661	 1.284380	 0.020176	 0.026889	 0.019156
339	 0.004319	 0.003675	 0.000088	 0.000426	 0.000076	1.365980	 1.288055	 0.020264	 0.027315	 0.019232
340	 0.004322	 0.003613	 0.000106	 0.000420	 0.000130	1.370302	 1.291668	 0.020370	 0.027735	 0.019362
341	 0.004916	 0.004224	 0.000051	 0.000551	 0.000052	1.375218	 1.295892	 0.020421	 0.028286	 0.019414
342	 0.004362	 0.003742	 0.000072	 0.000407	 0.000104	1.379580	 1.299634	 0.020493	 0.028693	 0.019518
343	 0.005053	 0.004495	 0.000048	 0.000402	 0.000063	1.384633	 1.304129	 0.020541	 0.029095	 0.019581
344	 0.005099	 0.004464	 0.000071	 0.000413	 0.000112	1.389732	 1.308593	 0.020612	 0.029508	 0.019693
345	 0.005416	 0.004849	 0.000037	 0.000418	 0.000073	1.395148	 1.313442	 0.020649	 0.029926	 0.019766
346	 0.004402	 0.003736	 0.000082	 0.000426	 0.000117	1.399550	 1.317178	 0.020731	 0.030352	 0.019883
347	 0.004174	 0.003591	 0.000056	 0.000424	 0.000072	1.403724	 1.320769	 0.020787	 0.030776	 0.019955
348	 0.004727	 0.004069	 0.000073	 0.000424	 0.000111	1.408451	 1.324838	 0.020860	 0.031200	 0.020066
349	 0.004875	 0.004285	 0.000055	 0.000435	 0.000063	1.413326	 1.329123	 0.020915	 0.031635	 0.020129
350	 0.004878	 0.004101	 0.000059	 0.000578	 0.000100	1.418204	 1.333224	 0.020974	 0.032213	 0.020229
351	 0.005219	 0.004568	 0.000034	 0.000524	 0.000052	1.423423	 1.337792	 0.021008	 0.032737	 0.020281
352	 0.004627	 0.003984	 0.000057	 0.000433	 0.000105	1.428050	 1.341776	 0.021065	 0.033170	 0.020386
353	 0.004694	 0.004134	 0.000034	 0.000429	 0.000054	1.432744	 1.345910	 0.021099	 0.033599	 0.020440
354	 0.004913	 0.004108	 0.000076	 0.000592	 0.000102	1.437657	 1.350018	 0.021175	 0.034191	 0.020542
355	 0.004858	 0.004211	 0.000035	 0.000526	 0.000052	1.442515	 1.354229	 0.021210	 0.034717	 0.020594
356	 0.004895	 0.004085	 0.000084	 0.000585	 0.000103	1.447410	 1.358314	 0.021294	 0.035302	 0.020697
357	 0.004928	 0.004364	 0.000050	 0.000411	 0.000057	1.452338	 1.362678	 0.021344	 0.035713	 0.020754
358	 0.004871	 0.004066	 0.000061	 0.000599	 0.000106	1.457209	 1.366744	 0.021405	 0.036312	 0.020860
359	 0.004656	 0.004103	 0.000053	 0.000402	 0.000063	1.461865	 1.370847	 0.021458	 0.036714	 0.020923
360	 0.004418	 0.003797	 0.000063	 0.000409	 0.000107	1.466283	 1.374644	 0.021521	 0.037123	 0.021030
361	 0.004892	 0.004204	 0.000045	 0.000558	 0.000050	1.471175	 1.378848	 0.021566	 0.037681	 0.021080
362	 0.004447	 0.003787	 0.000079	 0.000422	 0.000119	1.475622	 1.382635	 0.021645	 0.038103	 0.021199
363	 0.004684	 0.003991	 0.000049	 0.000558	 0.000050	1.480306	 1.386626	 0.021694	 0.038661	 0.021249
364	 0.004886	 0.003987	 0.000061	 0.000693	 0.000107	1.485192	 1.390613	 0.021755	 0.039354	 0.021356
365	 0.004712	 0.004152	 0.000036	 0.000427	 0.000054	1.489904	 1.394765	 0.021791	 0.039781	 0.021410
366	 0.004402	 0.003781	 0.000067	 0.000412	 0.000106	1.494306	 1.398546	 0.021858	 0.040193	 0.021516
367	 0.004715	 0.003920	 0.000031	 0.000681	 0.000051	1.499021	 1.402466	 0.021889	 0.040874	 0.021567
368	 0.004532	 0.003759	 0.000076	 0.000559	 0.000102	1.503553	 1.406225	 0.021965	 0.041433	 0.021669
369	 0.004842	 0.003789	 0.000030	 0.000942	 0.000049	1.508395	 1.410014	 0.021995	 0.042375	 0.021718
370	 0.004591	 0.003915	 0.000086	 0.000427	 0.000117	1.512986	 1.413929	 0.022081	 0.042802	 0.021835
371	 0.005274	 0.004590	 0.000031	 0.000559	 0.000060	1.518260	 1.418519	 0.022112	 0.043361	 0.021895
372	 0.004927	 0.004253	 0.000064	 0.000447	 0.000123	1.523187	 1.422772	 0.022176	 0.043808	 0.022018
373	 0.004168	 0.003625	 0.000033	 0.000421	 0.000054	1.527355	 1.426397	 0.022209	 0.044229	 0.022072
374	 0.005107	 0.004429	 0.000058	 0.000469	 0.000115	1.532462	 1.430826	 0.022267	 0.044698	 0.022187
375	 0.004566	 0.003749	 0.000031	 0.000702	 0.000051	1.537028	 1.434575	 0.022298	 0.045400	 0.022238
376	 0.005079	 0.004271	 0.000053	 0.000617	 0.000103	1.542107	 1.438846	 0.022351	 0.046017	 0.022341
377	 0.004821	 0.004256	 0.000038	 0.000431	 0.000062	1.546928	 1.443102	 0.022389	 0.046448	 0.022403
378	 0.005234	 0.004388	 0.000082	 0.000626	 0.000104	1.552162	 1.447490	 0.022471	 0.047074	 0.022507
379	 0.004439	 0.003856	 0.000049	 0.000435	 0.000065	1.556601	 1.451346	 0.022520	 0.047509	 0.022572
380	 0.004504	 0.003828	 0.000064	 0.000445	 0.000117	1.561105	 1.455174	 0.022584	 0.047954	 0.022689
381	 0.005836	 0.004065	 0.000031	 0.001648	 0.000048	1.566941	 1.459239	 0.022615	 0.049602	 0.022737
382	 0.004971	 0.004115	 0.000034	 0.000722	 0.000053	1.571912	 1.463354	 0.022649	 0.050324	 0.022790
383	 0.004754	 0.004162	 0.000052	 0.000439	 0.000064	1.576666	 1.467516	 0.022701	 0.050763	 0.022854
384	 0.004735	 0.004062	 0.000078	 0.000439	 0.000118	1.581401	 1.471578	 0.022779	 0.051202	 0.022972
385	 0.005228	 0.004096	 0.000031	 0.000997	 0.000060	1.586629	 1.475674	 0.022810	 0.052199	 0.023032
386	 0.005526	 0.004126	 0.000034	 0.001256	 0.000060	1.592155	 1.479800	 0.022844	 0.053455	 0.023092
387	 0.005753	 0.005180	 0.000033	 0.000437	 0.000071	1.597908	 1.484980	 0.022877	 0.053892	 0.023163
388	 0.004961	 0.004248	 0.000067	 0.000495	 0.000114	1.602869	 1.489228	 0.022944	 0.054387	 0.023277
389	 0.005268	 0.004550	 0.000031	 0.000602	 0.000052	1.608137	 1.493778	 0.022975	 0.054989	 0.023329
390	 0.004834	 0.003957	 0.000059	 0.000674	 0.000107	1.612971	 1.497735	 0.023034	 0.055663	 0.023436
391	 0.004815	 0.004220	 0.000037	 0.000457	 0.000065	1.617786	 1.501955	 0.023071	 0.056120	 0.023501
392	 0.005096	 0.004236	 0.000055	 0.000665	 0.000105	1.622882	 1.506191	 0.023126	 0.056785	 0.023606
393	 0.005351	 0.004344	 0.000035	 0.000884	 0.000053	1.628233	 1.510535	 0.023161	 0.057669	 0.023659
394	 0.004969	 0.004256	 0.000066	 0.000504	 0.000108	1.633202	 1.514791	 0.023227	 0.058173	 0.023767
395	 0.004608	 0.003983	 0.000068	 0.000464	 0.000055	1.637810	 1.518774	 0.023295	 0.058637	 0.023822
396	 0.005356	 0.004158	 0.000076	 0.000980	 0.000108	1.643166	 1.522932	 0.023371	 0.059617	 0.023930
397	 0.004435	 0.003565	 0.000031	 0.000757	 0.000049	1.647601	 1.526497	 0.023402	 0.060374	 0.023979
398	 0.004964	 0.003925	 0.000075	 0.000824	 0.000105	1.652565	 1.530422	 0.023477	 0.061198	 0.024084
399	 0.004539	 0.003937	 0.000044	 0.000468	 0.000051	1.657104	 1.534359	 0.023521	 0.061666	 0.024135
400	 0.004932	 0.003877	 0.000083	 0.000828	 0.000108	1.662036	 1.538236	 0.023604	 0.062494	 0.024243
401	 0.004989	 0.004179	 0.000055	 0.000650	 0.000074	1.667025	 1.542415	 0.023659	 0.063144	 0.024317
402	 0.005184	 0.004265	 0.000074	 0.000680	 0.000106	1.672209	 1.546680	 0.023733	 0.063824	 0.024423
403	 0.004933	 0.003897	 0.000046	 0.000906	 0.000052	1.677142	 1.550577	 0.023779	 0.064730	 0.024475
404	 0.005995	 0.004640	 0.000056	 0.001159	 0.000106	1.683137	 1.555217	 0.023835	 0.065889	 0.024581
405	 0.004492	 0.003891	 0.000036	 0.000469	 0.000062	1.687629	 1.559108	 0.023871	 0.066358	 0.024643
406	 0.004925	 0.003892	 0.000054	 0.000838	 0.000106	1.692554	 1.563000	 0.023925	 0.067196	 0.024749
407	 0.004416	 0.003505	 0.000051	 0.000772	 0.000055	1.696970	 1.566505	 0.023976	 0.067968	 0.024804
408	 0.004672	 0.003762	 0.000074	 0.000687	 0.000111	1.701642	 1.570267	 0.024050	 0.068655	 0.024915
409	 0.004929	 0.004008	 0.000049	 0.000786	 0.000052	1.706571	 1.574275	 0.024099	 0.069441	 0.024967
410	 0.005150	 0.004215	 0.000072	 0.000711	 0.000111	1.711721	 1.578490	 0.024171	 0.070152	 0.025078
411	 0.004749	 0.003840	 0.000034	 0.000786	 0.000053	1.716470	 1.582330	 0.024205	 0.070938	 0.025131
412	 0.005150	 0.004396	 0.000056	 0.000549	 0.000111	1.721620	 1.586726	 0.024261	 0.071487	 0.025242
413	 0.004344	 0.003721	 0.000041	 0.000494	 0.000052	1.725964	 1.590447	 0.024302	 0.071981	 0.025294
414	 0.005124	 0.004061	 0.000053	 0.000865	 0.000110	1.731088	 1.594508	 0.024355	 0.072846	 0.025404
415	 0.005112	 0.004172	 0.000050	 0.000804	 0.000052	1.736200	 1.598680	 0.024405	 0.073650	 0.025456
416	 0.004846	 0.003914	 0.000074	 0.000709	 0.000111	1.741046	 1.602594	 0.024479	 0.074359	 0.025567
417	 0.004162	 0.003529	 0.000056	 0.000496	 0.000051	1.745208	 1.606123	 0.024535	 0.074855	 0.025618
418	 0.004993	 0.003914	 0.000057	 0.000877	 0.000109	1.750201	 1.610037	 0.024592	 0.075732	 0.025727
419	 0.004699	 0.004052	 0.000057	 0.000492	 0.000052	1.754900	 1.614089	 0.024649	 0.076224	 0.025779
420	 0.004271	 0.003632	 0.000056	 0.000489	 0.000054	1.759171	 1.617721	 0.024705	 0.076713	 0.025833
421	 0.005215	 0.003997	 0.000073	 0.000979	 0.000113	1.764386	 1.621718	 0.024778	 0.077692	 0.025946
422	 0.004843	 0.003596	 0.000050	 0.001098	 0.000068	1.769229	 1.625314	 0.024828	 0.078790	 0.026014
423	 0.005536	 0.004033	 0.000074	 0.001264	 0.000117	1.774765	 1.629347	 0.024902	 0.080054	 0.026131
424	 0.005160	 0.004343	 0.000033	 0.000667	 0.000064	1.779925	 1.633690	 0.024935	 0.080721	 0.026195
425	 0.005935	 0.004952	 0.000034	 0.000831	 0.000063	1.785860	 1.638642	 0.024969	 0.081552	 0.026258
426	 0.004955	 0.004157	 0.000033	 0.000670	 0.000062	1.790815	 1.642799	 0.025002	 0.082222	 0.026320
427	 0.004907	 0.004119	 0.000062	 0.000569	 0.000122	1.795722	 1.646918	 0.025064	 0.082791	 0.026442
428	 0.004654	 0.003952	 0.000050	 0.000561	 0.000056	1.800376	 1.650870	 0.025114	 0.083352	 0.026498
429	 0.005228	 0.004425	 0.000079	 0.000577	 0.000111	1.805604	 1.655295	 0.025193	 0.083929	 0.026609
430	 0.005150	 0.004442	 0.000033	 0.000583	 0.000055	1.810754	 1.659737	 0.025226	 0.084512	 0.026664
431	 0.005306	 0.004334	 0.000060	 0.000760	 0.000112	1.816060	 1.664071	 0.025286	 0.085272	 0.026776
432	 0.004522	 0.003809	 0.000034	 0.000593	 0.000054	1.820582	 1.667880	 0.025320	 0.085865	 0.026830
433	 0.005197	 0.004416	 0.000054	 0.000582	 0.000109	1.825779	 1.672296	 0.025374	 0.086447	 0.026939
434	 0.004760	 0.004050	 0.000036	 0.000586	 0.000055	1.830539	 1.676346	 0.025410	 0.087033	 0.026994
435	 0.005245	 0.004456	 0.000056	 0.000585	 0.000111	1.835784	 1.680802	 0.025466	 0.087618	 0.027105
436	 0.004632	 0.003898	 0.000042	 0.000582	 0.000061	1.840416	 1.684700	 0.025508	 0.088200	 0.027166
437	 0.005781	 0.004547	 0.000165	 0.000791	 0.000193	1.846197	 1.689247	 0.025673	 0.088991	 0.027359
438	 0.005662	 0.004414	 0.000102	 0.000931	 0.000137	1.851859	 1.693661	 0.025775	 0.089922	 0.027496
439	 0.006595	 0.005448	 0.000159	 0.000708	 0.000211	1.858454	 1.699109	 0.025934	 0.090630	 0.027707
440	 0.005425	 0.004474	 0.000117	 0.000637	 0.000108	1.863879	 1.703583	 0.026051	 0.091267	 0.027815
441	 0.005321	 0.004134	 0.000115	 0.000785	 0.000198	1.869200	 1.707717	 0.026166	 0.092052	 0.028013
442	 0.005313	 0.004416	 0.000079	 0.000636	 0.000103	1.874513	 1.712133	 0.026245	 0.092688	 0.028116
443	 0.005659	 0.004234	 0.000171	 0.000963	 0.000201	1.880172	 1.716367	 0.026416	 0.093651	 0.028317
444	 0.005771	 0.004640	 0.000108	 0.000843	 0.000101	1.885943	 1.721007	 0.026524	 0.094494	 0.028418
445	 0.005495	 0.004586	 0.000110	 0.000611	 0.000131	1.891438	 1.725593	 0.026634	 0.095105	 0.028549
446	 0.005088	 0.004189	 0.000044	 0.000736	 0.000065	1.896526	 1.729782	 0.026678	 0.095841	 0.028614
447	 0.005528	 0.004401	 0.000116	 0.000797	 0.000163	1.902054	 1.734183	 0.026794	 0.096638	 0.028777
448	 0.005473	 0.004740	 0.000061	 0.000568	 0.000063	1.907527	 1.738923	 0.026855	 0.097206	 0.028840
449	 0.005206	 0.004130	 0.000081	 0.000834	 0.000113	1.912733	 1.743053	 0.026936	 0.098040	 0.028953
450	 0.005062	 0.004016	 0.000057	 0.000895	 0.000054	1.917795	 1.747069	 0.026993	 0.098935	 0.029007
451	 0.004849	 0.004019	 0.000078	 0.000605	 0.000113	1.922644	 1.751088	 0.027071	 0.099540	 0.029120
452	 0.004924	 0.003806	 0.000045	 0.000978	 0.000055	1.927568	 1.754894	 0.027116	 0.100518	 0.029175
453	 0.005340	 0.003966	 0.000077	 0.001139	 0.000115	1.932908	 1.758860	 0.027193	 0.101657	 0.029290
454	 0.004778	 0.004091	 0.000044	 0.000557	 0.000053	1.937686	 1.762951	 0.027237	 0.102214	 0.029343
455	 0.005690	 0.004674	 0.000063	 0.000801	 0.000115	1.943376	 1.767625	 0.027300	 0.103015	 0.029458
456	 0.005559	 0.004177	 0.000046	 0.001247	 0.000054	1.948935	 1.771802	 0.027346	 0.104262	 0.029512
457	 0.005361	 0.004473	 0.000073	 0.000657	 0.000116	1.954296	 1.776275	 0.027419	 0.104919	 0.029628
458	 0.005564	 0.004530	 0.000033	 0.000913	 0.000056	1.959860	 1.780805	 0.027452	 0.105832	 0.029684
459	 0.006182	 0.004991	 0.000055	 0.000990	 0.000113	1.966042	 1.785796	 0.027507	 0.106822	 0.029797
460	 0.004800	 0.004101	 0.000045	 0.000567	 0.000052	1.970842	 1.789897	 0.027552	 0.107389	 0.029849
461	 0.004638	 0.003790	 0.000074	 0.000620	 0.000114	1.975480	 1.793687	 0.027626	 0.108009	 0.029963
462	 0.005562	 0.004529	 0.000032	 0.000917	 0.000053	1.981042	 1.798216	 0.027658	 0.108926	 0.030016
463	 0.005813	 0.004592	 0.000073	 0.001001	 0.000113	1.986855	 1.802808	 0.027731	 0.109927	 0.030129
464	 0.006056	 0.005326	 0.000045	 0.000577	 0.000058	1.992911	 1.808134	 0.027776	 0.110504	 0.030187
465	 0.005332	 0.003900	 0.000046	 0.001285	 0.000055	1.998243	 1.812034	 0.027822	 0.111789	 0.030242
466	 0.005016	 0.004119	 0.000044	 0.000763	 0.000055	2.003259	 1.816153	 0.027866	 0.112552	 0.030297
467	 0.005826	 0.004514	 0.000060	 0.001105	 0.000113	2.009085	 1.820667	 0.027926	 0.113657	 0.030410
468	 0.005522	 0.004810	 0.000031	 0.000581	 0.000054	2.014607	 1.825477	 0.027957	 0.114238	 0.030464
469	 0.005643	 0.004397	 0.000044	 0.001111	 0.000055	2.020250	 1.829874	 0.028001	 0.115349	 0.030519
470	 0.006480	 0.004465	 0.000068	 0.001794	 0.000115	2.026730	 1.834339	 0.028069	 0.117143	 0.030634
471	 0.005675	 0.004587	 0.000036	 0.000956	 0.000058	2.032405	 1.838926	 0.028105	 0.118099	 0.030692
472	 0.006263	 0.004758	 0.000054	 0.001298	 0.000115	2.038668	 1.843684	 0.028159	 0.119397	 0.030807
473	 0.005629	 0.003833	 0.000032	 0.001678	 0.000054	2.044297	 1.847517	 0.028191	 0.121075	 0.030861
474	 0.006003	 0.004277	 0.000078	 0.001486	 0.000113	2.050300	 1.851794	 0.028269	 0.122561	 0.030974
475	 0.006061	 0.004074	 0.000049	 0.001843	 0.000063	2.056361	 1.855868	 0.028318	 0.124404	 0.031037
476	 0.004775	 0.003762	 0.000079	 0.000771	 0.000128	2.061136	 1.859630	 0.028397	 0.125175	 0.031165
477	 0.004649	 0.003674	 0.000031	 0.000839	 0.000056	2.065785	 1.863304	 0.028428	 0.126014	 0.031221
478	 0.005529	 0.004246	 0.000049	 0.001145	 0.000056	2.071314	 1.867550	 0.028477	 0.127159	 0.031277
479	 0.005915	 0.004482	 0.000064	 0.001203	 0.000125	2.077229	 1.872032	 0.028541	 0.128362	 0.031402
480	 0.006934	 0.004900	 0.000051	 0.001873	 0.000057	2.084163	 1.876932	 0.028592	 0.130235	 0.031459
481	 0.005140	 0.004219	 0.000036	 0.000778	 0.000059	2.089303	 1.881151	 0.028628	 0.131013	 0.031518
482	 0.006070	 0.004057	 0.000034	 0.001869	 0.000058	2.095373	 1.885208	 0.028662	 0.132882	 0.031576
483	 0.005366	 0.003862	 0.000050	 0.001350	 0.000056	2.100739	 1.889070	 0.028712	 0.134232	 0.031632
484	 0.006579	 0.003796	 0.000045	 0.002642	 0.000058	2.107318	 1.892866	 0.028757	 0.136874	 0.031690
485	 0.005939	 0.004645	 0.000061	 0.001070	 0.000124	2.113257	 1.897511	 0.028818	 0.137944	 0.031814
486	 0.005069	 0.003591	 0.000033	 0.001352	 0.000057	2.118326	 1.901102	 0.028851	 0.139296	 0.031871
487	 0.005446	 0.003862	 0.000058	 0.001370	 0.000117	2.123772	 1.904964	 0.028909	 0.140666	 0.031988
488	 0.005134	 0.003659	 0.000033	 0.001354	 0.000055	2.128906	 1.908623	 0.028942	 0.142020	 0.032043
489	 0.005140	 0.003987	 0.000058	 0.000943	 0.000114	2.134046	 1.912610	 0.029000	 0.142963	 0.032157
490	 0.004936	 0.003990	 0.000049	 0.000804	 0.000056	2.138982	 1.916600	 0.029049	 0.143767	 0.032213
491	 0.005710	 0.004112	 0.000075	 0.001366	 0.000117	2.144692	 1.920712	 0.029124	 0.145133	 0.032330
492	 0.006160	 0.004092	 0.000034	 0.001945	 0.000055	2.150852	 1.924804	 0.029158	 0.147078	 0.032385
493	 0.005896	 0.004644	 0.000079	 0.001016	 0.000118	2.156748	 1.929448	 0.029237	 0.148094	 0.032503
494	 0.005708	 0.003754	 0.000033	 0.001817	 0.000055	2.162456	 1.933202	 0.029270	 0.149911	 0.032558
495	 0.006018	 0.004108	 0.000047	 0.001775	 0.000054	2.168474	 1.937310	 0.029317	 0.151686	 0.032612
496	 0.005708	 0.004482	 0.000069	 0.001007	 0.000116	2.174182	 1.941792	 0.029386	 0.152693	 0.032728
497	 0.006300	 0.004197	 0.000043	 0.001972	 0.000055	2.180482	 1.945989	 0.029429	 0.154665	 0.032783
498	 0.007560	 0.004418	 0.000059	 0.002932	 0.000117	2.188042	 1.950407	 0.029488	 0.157597	 0.032900
499	 0.007742	 0.004024	 0.000045	 0.003588	 0.000055	2.195784	 1.954431	 0.029533	 0.161185	 0.032955
500	 0.008450	 0.005411	 0.000076	 0.002785	 0.000119	2.204234	 1.959842	 0.029609	 0.163970	 0.033074
501	 0.005675	 0.004896	 0.000032	 0.000645	 0.000066	2.209909	 1.964738	 0.029641	 0.164615	 0.033140
502	 0.005139	 0.004197	 0.000056	 0.000691	 0.000125	2.215048	 1.968935	 0.029697	 0.165306	 0.033265
503	 0.004947	 0.004140	 0.000031	 0.000686	 0.000058	2.219995	 1.973075	 0.029728	 0.165992	 0.033323
504	 0.005092	 0.004027	 0.000059	 0.000852	 0.000117	2.225087	 1.977102	 0.029787	 0.166844	 0.033440
505	 0.005400	 0.004557	 0.000050	 0.000700	 0.000056	2.230487	 1.981659	 0.029837	 0.167544	 0.033496
506	 0.005730	 0.004789	 0.000075	 0.000709	 0.000118	2.236217	 1.986448	 0.029912	 0.168253	 0.033614
507	 0.005399	 0.004560	 0.000048	 0.000704	 0.000057	2.241616	 1.991008	 0.029960	 0.168957	 0.033671
508	 0.005113	 0.004171	 0.000075	 0.000706	 0.000122	2.246729	 1.995179	 0.030035	 0.169663	 0.033793
509	 0.005069	 0.004243	 0.000030	 0.000706	 0.000055	2.251798	 1.999422	 0.030065	 0.170369	 0.033848
510	 0.004930	 0.004012	 0.000057	 0.000705	 0.000117	2.256728	 2.003434	 0.030122	 0.171074	 0.033965
511	 0.005423	 0.004599	 0.000030	 0.000707	 0.000054	2.262151	 2.008033	 0.030152	 0.171781	 0.034019
512	 0.004922	 0.003991	 0.000054	 0.000721	 0.000117	2.267073	 2.012024	 0.030206	 0.172502	 0.034136
513	 0.004912	 0.004076	 0.000032	 0.000706	 0.000066	2.271985	 2.016100	 0.030238	 0.173208	 0.034202
514	 0.005239	 0.004273	 0.000079	 0.000721	 0.000129	2.277224	 2.020373	 0.030317	 0.173929	 0.034331
515	 0.005638	 0.004770	 0.000050	 0.000730	 0.000057	2.282862	 2.025143	 0.030367	 0.174659	 0.034388
516	 0.005526	 0.004608	 0.000058	 0.000712	 0.000115	2.288388	 2.029751	 0.030425	 0.175371	 0.034503
517	 0.005321	 0.004263	 0.000031	 0.000937	 0.000054	2.293709	 2.034014	 0.030456	 0.176308	 0.034557
518	 0.005201	 0.004243	 0.000075	 0.000724	 0.000119	2.298910	 2.038257	 0.030531	 0.177032	 0.034676
519	 0.005562	 0.004476	 0.000050	 0.000943	 0.000057	2.304472	 2.042733	 0.030581	 0.177975	 0.034733
520	 0.006518	 0.005105	 0.000077	 0.001177	 0.000121	2.310990	 2.047838	 0.030658	 0.179152	 0.034854
521	 0.006061	 0.005181	 0.000048	 0.000733	 0.000061	2.317051	 2.053019	 0.030706	 0.179885	 0.034915
522	 0.005020	 0.004077	 0.000061	 0.000725	 0.000117	2.322071	 2.057096	 0.030767	 0.180610	 0.035032
523	 0.005040	 0.004131	 0.000032	 0.000784	 0.000058	2.327111	 2.061227	 0.030799	 0.181394	 0.035090
524	 0.004811	 0.003856	 0.000056	 0.000741	 0.000118	2.331922	 2.065083	 0.030855	 0.182135	 0.035208
525	 0.006224	 0.005349	 0.000050	 0.000734	 0.000057	2.338146	 2.070432	 0.030905	 0.182869	 0.035265
526	 0.005756	 0.004341	 0.000076	 0.001182	 0.000119	2.343902	 2.074773	 0.030981	 0.184051	 0.035384
527	 0.006163	 0.005090	 0.000031	 0.000952	 0.000055	2.350065	 2.079863	 0.031012	 0.185003	 0.035439
528	 0.005282	 0.004318	 0.000072	 0.000741	 0.000117	2.355347	 2.084181	 0.031084	 0.185744	 0.035556
529	 0.005204	 0.003799	 0.000053	 0.001250	 0.000065	2.360551	 2.087980	 0.031137	 0.186994	 0.035621
530	 0.004936	 0.003987	 0.000059	 0.000737	 0.000119	2.365487	 2.091967	 0.031196	 0.187731	 0.035740
531	 0.005334	 0.004457	 0.000045	 0.000742	 0.000056	2.370821	 2.096424	 0.031241	 0.188473	 0.035796
532	 0.005505	 0.004305	 0.000063	 0.000980	 0.000122	2.376326	 2.100729	 0.031304	 0.189453	 0.035918
533	 0.004806	 0.003910	 0.000047	 0.000755	 0.000059	2.381132	 2.104639	 0.031351	 0.190208	 0.035977
534	 0.004903	 0.003871	 0.000060	 0.000808	 0.000122	2.386035	 2.108510	 0.031411	 0.191016	 0.036099
535	 0.005261	 0.004373	 0.000030	 0.000766	 0.000057	2.391296	 2.112883	 0.031441	 0.191782	 0.036156
536	 0.004882	 0.003921	 0.000055	 0.000749	 0.000121	2.396178	 2.116804	 0.031496	 0.192531	 0.036277
537	 0.004784	 0.003884	 0.000048	 0.000751	 0.000068	2.400962	 2.120688	 0.031544	 0.193282	 0.036345
538	 0.004764	 0.003755	 0.000071	 0.000777	 0.000125	2.405726	 2.124443	 0.031615	 0.194059	 0.036470
539	 0.006148	 0.004508	 0.000049	 0.001492	 0.000069	2.411874	 2.128951	 0.031664	 0.195551	 0.036539
540	 0.005610	 0.004343	 0.000079	 0.001018	 0.000133	2.417484	 2.133294	 0.031743	 0.196569	 0.036672
541	 0.006160	 0.004774	 0.000048	 0.001239	 0.000061	2.423644	 2.138068	 0.031791	 0.197808	 0.036733
542	 0.005430	 0.004427	 0.000062	 0.000777	 0.000124	2.429074	 2.142495	 0.031853	 0.198585	 0.036857
543	 0.004699	 0.003792	 0.000053	 0.000760	 0.000059	2.433773	 2.146287	 0.031906	 0.199345	 0.036916
544	 0.005436	 0.004441	 0.000061	 0.000780	 0.000120	2.439209	 2.150728	 0.031967	 0.200125	 0.037036
545	 0.005786	 0.004627	 0.000051	 0.001019	 0.000056	2.444995	 2.155355	 0.032018	 0.201144	 0.037092
546	 0.005518	 0.004264	 0.000071	 0.001023	 0.000123	2.450513	 2.159619	 0.032089	 0.202167	 0.037215
547	 0.005851	 0.004771	 0.000031	 0.000953	 0.000059	2.456364	 2.164390	 0.032120	 0.203120	 0.037274
548	 0.005122	 0.004124	 0.000058	 0.000787	 0.000120	2.461486	 2.168514	 0.032178	 0.203907	 0.037394
549	 0.005960	 0.004586	 0.000030	 0.001251	 0.000058	2.467446	 2.173100	 0.032208	 0.205158	 0.037452
550	 0.005397	 0.004352	 0.000080	 0.000799	 0.000133	2.472843	 2.177452	 0.032288	 0.205957	 0.037585
551	 0.005010	 0.003864	 0.000032	 0.001018	 0.000058	2.477853	 2.181316	 0.032320	 0.206975	 0.037643
552	 0.006101	 0.004830	 0.000079	 0.001029	 0.000125	2.483954	 2.186146	 0.032399	 0.208004	 0.037768
553	 0.005239	 0.004397	 0.000035	 0.000718	 0.000059	2.489193	 2.190543	 0.032434	 0.208722	 0.037827
554	 0.005129	 0.004110	 0.000059	 0.000798	 0.000120	2.494322	 2.194653	 0.032493	 0.209520	 0.037947
555	 0.005827	 0.004495	 0.000034	 0.001207	 0.000060	2.500149	 2.199148	 0.032527	 0.210727	 0.038007
556	 0.005483	 0.004473	 0.000057	 0.000787	 0.000124	2.505632	 2.203621	 0.032584	 0.211514	 0.038131
557	 0.004578	 0.003702	 0.000034	 0.000748	 0.000061	2.510210	 2.207323	 0.032618	 0.212262	 0.038192
558	 0.005049	 0.004007	 0.000078	 0.000799	 0.000122	2.515259	 2.211330	 0.032696	 0.213061	 0.038314
559	 0.005475	 0.004362	 0.000050	 0.000966	 0.000061	2.520734	 2.215692	 0.032746	 0.214027	 0.038375
560	 0.005118	 0.003840	 0.000060	 0.001053	 0.000126	2.525852	 2.219532	 0.032806	 0.215080	 0.038501
561	 0.005262	 0.004167	 0.000032	 0.000968	 0.000060	2.531114	 2.223699	 0.032838	 0.216048	 0.038561
562	 0.004994	 0.003956	 0.000079	 0.000797	 0.000124	2.536108	 2.227655	 0.032917	 0.216845	 0.038685
563	 0.005450	 0.004072	 0.000045	 0.001236	 0.000061	2.541558	 2.231727	 0.032962	 0.218081	 0.038746
564	 0.005210	 0.003907	 0.000061	 0.001077	 0.000128	2.546768	 2.235634	 0.033023	 0.219158	 0.038874
565	 0.005659	 0.004537	 0.000034	 0.000991	 0.000060	2.552427	 2.240171	 0.033057	 0.220149	 0.038934
566	 0.005160	 0.004123	 0.000076	 0.000803	 0.000124	2.557587	 2.244294	 0.033133	 0.220952	 0.039058
567	 0.005418	 0.004050	 0.000031	 0.001242	 0.000059	2.563005	 2.248344	 0.033164	 0.222194	 0.039117
568	 0.005015	 0.003975	 0.000056	 0.000821	 0.000125	2.568020	 2.252319	 0.033220	 0.223015	 0.039242
569	 0.005296	 0.003902	 0.000046	 0.001252	 0.000060	2.573316	 2.256221	 0.033266	 0.224267	 0.039302
570	 0.005004	 0.003942	 0.000074	 0.000822	 0.000127	2.578320	 2.260163	 0.033340	 0.225089	 0.039429
571	 0.005110	 0.004220	 0.000049	 0.000752	 0.000059	2.583430	 2.264383	 0.033389	 0.225841	 0.039488
572	 0.006501	 0.004415	 0.000074	 0.001843	 0.000127	2.589931	 2.268798	 0.033463	 0.227684	 0.039615
573	 0.005071	 0.003675	 0.000049	 0.001248	 0.000062	2.595002	 2.272473	 0.033512	 0.228932	 0.039677
574	 0.006433	 0.004341	 0.000079	 0.001847	 0.000127	2.601435	 2.276814	 0.033591	 0.230779	 0.039804
575	 0.005254	 0.004083	 0.000051	 0.001026	 0.000059	2.606689	 2.280897	 0.033642	 0.231805	 0.039863
576	 0.006011	 0.004692	 0.000072	 0.001088	 0.000124	2.612700	 2.285589	 0.033714	 0.232893	 0.039987
577	 0.005709	 0.004533	 0.000046	 0.001038	 0.000058	2.618409	 2.290122	 0.033760	 0.233931	 0.040045
578	 0.005614	 0.004298	 0.000062	 0.001090	 0.000128	2.624023	 2.294420	 0.033822	 0.235021	 0.040173
579	 0.006254	 0.003998	 0.000053	 0.002104	 0.000065	2.630277	 2.298418	 0.033875	 0.237125	 0.040238
580	 0.007345	 0.004402	 0.000074	 0.002701	 0.000129	2.637622	 2.302820	 0.033949	 0.239826	 0.040367
581	 0.005272	 0.003837	 0.000050	 0.001290	 0.000061	2.642894	 2.306657	 0.033999	 0.241116	 0.040428
582	 0.007215	 0.004190	 0.000073	 0.002788	 0.000125	2.650109	 2.310847	 0.034072	 0.243904	 0.040553
583	 0.005106	 0.003705	 0.000034	 0.001276	 0.000059	2.655215	 2.314552	 0.034106	 0.245180	 0.040612
584	 0.006148	 0.004169	 0.000056	 0.001757	 0.000126	2.661363	 2.318721	 0.034162	 0.246937	 0.040738
585	 0.005738	 0.004263	 0.000035	 0.001342	 0.000062	2.667101	 2.322984	 0.034197	 0.248279	 0.040800
586	 0.006399	 0.004234	 0.000079	 0.001917	 0.000128	2.673500	 2.327218	 0.034276	 0.250196	 0.040928
587	 0.005194	 0.003503	 0.000049	 0.001541	 0.000063	2.678694	 2.330721	 0.034325	 0.251737	 0.040991
588	 0.006095	 0.004797	 0.000060	 0.001069	 0.000128	2.684789	 2.335518	 0.034385	 0.252806	 0.041119
589	 0.007431	 0.004266	 0.000034	 0.003036	 0.000060	2.692220	 2.339784	 0.034419	 0.255842	 0.041179
590	 0.007730	 0.004529	 0.000053	 0.002987	 0.000124	2.699950	 2.344313	 0.034472	 0.258829	 0.041303
591	 0.010266	 0.004343	 0.000031	 0.005797	 0.000062	2.710216	 2.348656	 0.034503	 0.264626	 0.041365
592	 0.006699	 0.004354	 0.000079	 0.002097	 0.000130	2.716915	 2.353010	 0.034582	 0.266723	 0.041495
593	 0.007307	 0.004105	 0.000046	 0.003060	 0.000061	2.724222	 2.357115	 0.034628	 0.269783	 0.041556
594	 0.005514	 0.004222	 0.000061	 0.001066	 0.000129	2.729736	 2.361337	 0.034689	 0.270849	 0.041685
595	 0.009072	 0.004651	 0.000033	 0.004291	 0.000063	2.738808	 2.365988	 0.034722	 0.275140	 0.041748
596	 0.006039	 0.004202	 0.000076	 0.001598	 0.000127	2.744847	 2.370190	 0.034798	 0.276738	 0.041875
597	 0.009494	 0.003971	 0.000048	 0.005370	 0.000071	2.754341	 2.374161	 0.034846	 0.282108	 0.041946
598	 0.006289	 0.004218	 0.000059	 0.001846	 0.000134	2.760630	 2.378379	 0.034905	 0.283954	 0.042080
599	 0.006570	 0.004059	 0.000047	 0.002360	 0.000070	2.767200	 2.382438	 0.034952	 0.286314	 0.042150
600	 0.012601	 0.004357	 0.000077	 0.007988	 0.000138	2.779801	 2.386795	 0.035029	 0.294302	 0.042288
601	 0.009053	 0.003708	 0.000051	 0.005146	 0.000091	2.788854	 2.390503	 0.035080	 0.299448	 0.042379
602	 0.005879	 0.003883	 0.000077	 0.001673	 0.000153	2.794733	 2.394386	 0.035157	 0.301121	 0.042532
603	 0.012424	 0.003982	 0.000032	 0.008303	 0.000071	2.807157	 2.398368	 0.035189	 0.309424	 0.042603
604	 0.015291	 0.004303	 0.000060	 0.010745	 0.000139	2.822448	 2.402671	 0.035249	 0.320169	 0.042742
605	 0.006634	 0.003826	 0.000038	 0.002661	 0.000073	2.829082	 2.406497	 0.035287	 0.322830	 0.042815
606	 0.008308	 0.004322	 0.000096	 0.003711	 0.000137	2.837390	 2.410819	 0.035383	 0.326541	 0.042952
607	 0.006706	 0.003616	 0.000046	 0.002937	 0.000071	2.844096	 2.414435	 0.035429	 0.329478	 0.043023
608	 0.010896	 0.004347	 0.000057	 0.006320	 0.000138	2.854992	 2.418782	 0.035486	 0.335798	 0.043161
609	 0.011351	 0.004304	 0.000032	 0.006896	 0.000088	2.866343	 2.423086	 0.035518	 0.342694	 0.043249
610	 0.012787	 0.004289	 0.000074	 0.008249	 0.000136	2.879130	 2.427375	 0.035592	 0.350943	 0.043385
611	 0.011654	 0.004159	 0.000050	 0.007341	 0.000069	2.890784	 2.431534	 0.035642	 0.358284	 0.043454
