59.008225
216.999991

58.788052
216.999993

59.672273
216.999998

66.582529
216.999996

57.773642
216.999990

62.374980
216.999995

58.081303
216.999996

59.529957
216.999979

63.093841
216.999995

63.882596
216.999998

58.490806
216.999997

67.956151
216.999999

60.933480
216.999999

52.291897
214.605163

59.678942
216.999998

66.369416
216.999996

67.930388
216.999999

59.008225
216.999991

68.511550
216.999994

59.619236
216.999998

66.747490
216.999998

63.120960
216.999997

63.975396
216.999997

69.018551
216.999991

59.678981
216.999999

65.592952
216.999997

59.769943
216.999989

55.542557
216.999995

63.987144
216.999997

66.499620
216.999999

