Iter	 Iter_time	 Master	 Subprob	 Full_Test	 argmax	Iter_acc	 Master_acc	 Subprob_acc	 Full_Test_acc	 argmax_acc
1	 0.003708	 0.003455	 0.000125	 0.000000	 0.000071	0.003708	 0.003455	 0.000125	 0.000000	 0.000071
2	 0.002659	 0.002456	 0.000111	 0.000000	 0.000059	0.006367	 0.005911	 0.000236	 0.000000	 0.000130
3	 0.003319	 0.003226	 0.000043	 0.000000	 0.000024	0.009686	 0.009137	 0.000279	 0.000000	 0.000154
4	 0.003731	 0.003593	 0.000073	 0.000000	 0.000026	0.013417	 0.012730	 0.000352	 0.000000	 0.000180
5	 0.002907	 0.002642	 0.000100	 0.000000	 0.000118	0.016324	 0.015372	 0.000452	 0.000000	 0.000298
6	 0.003559	 0.003336	 0.000124	 0.000000	 0.000046	0.019883	 0.018708	 0.000576	 0.000000	 0.000344
7	 0.003744	 0.003608	 0.000071	 0.000000	 0.000025	0.023627	 0.022316	 0.000647	 0.000000	 0.000369
8	 0.004444	 0.004120	 0.000191	 0.000000	 0.000065	0.028071	 0.026436	 0.000838	 0.000000	 0.000434
9	 0.003870	 0.003717	 0.000080	 0.000000	 0.000029	0.031941	 0.030153	 0.000918	 0.000000	 0.000463
10	 0.003909	 0.003748	 0.000082	 0.000000	 0.000041	0.035850	 0.033901	 0.001000	 0.000000	 0.000504
11	 0.003666	 0.003549	 0.000063	 0.000000	 0.000027	0.039516	 0.037450	 0.001063	 0.000000	 0.000531
12	 0.003363	 0.003198	 0.000091	 0.000000	 0.000044	0.042879	 0.040648	 0.001154	 0.000000	 0.000575
13	 0.004734	 0.004642	 0.000048	 0.000000	 0.000019	0.047613	 0.045290	 0.001202	 0.000000	 0.000594
14	 0.003727	 0.003584	 0.000082	 0.000000	 0.000033	0.051340	 0.048874	 0.001284	 0.000000	 0.000627
15	 0.003765	 0.003671	 0.000050	 0.000000	 0.000018	0.055105	 0.052545	 0.001334	 0.000000	 0.000645
16	 0.003706	 0.003565	 0.000080	 0.000000	 0.000032	0.058811	 0.056110	 0.001414	 0.000000	 0.000677
17	 0.003996	 0.003896	 0.000051	 0.000000	 0.000018	0.062807	 0.060006	 0.001465	 0.000000	 0.000695
18	 0.003799	 0.003622	 0.000082	 0.000000	 0.000040	0.066606	 0.063628	 0.001547	 0.000000	 0.000735
19	 0.003460	 0.003266	 0.000107	 0.000000	 0.000037	0.070066	 0.066894	 0.001654	 0.000000	 0.000772
20	 0.004251	 0.004001	 0.000145	 0.000000	 0.000055	0.074317	 0.070895	 0.001799	 0.000000	 0.000827
21	 0.002862	 0.002752	 0.000058	 0.000000	 0.000020	0.077179	 0.073647	 0.001857	 0.000000	 0.000847
22	 0.004000	 0.003747	 0.000131	 0.000000	 0.000043	0.081179	 0.077394	 0.001988	 0.000000	 0.000890
23	 0.003779	 0.003632	 0.000079	 0.000000	 0.000029	0.084958	 0.081026	 0.002067	 0.000000	 0.000919
24	 0.003902	 0.003714	 0.000107	 0.000000	 0.000041	0.088860	 0.084740	 0.002174	 0.000000	 0.000960
25	 0.003284	 0.003195	 0.000043	 0.000000	 0.000018	0.092144	 0.087935	 0.002217	 0.000000	 0.000978
26	 0.004035	 0.003861	 0.000085	 0.000000	 0.000036	0.096179	 0.091796	 0.002302	 0.000000	 0.001014
27	 0.003866	 0.003667	 0.000110	 0.000000	 0.000028	0.100045	 0.095463	 0.002412	 0.000000	 0.001042
28	 0.003755	 0.003561	 0.000121	 0.000000	 0.000031	0.103800	 0.099024	 0.002533	 0.000000	 0.001073
29	 0.003333	 0.003146	 0.000111	 0.000000	 0.000039	0.107133	 0.102170	 0.002644	 0.000000	 0.001112
30	 0.003407	 0.003317	 0.000043	 0.000000	 0.000018	0.110540	 0.105487	 0.002687	 0.000000	 0.001130
31	 0.003758	 0.003610	 0.000085	 0.000000	 0.000033	0.114298	 0.109097	 0.002772	 0.000000	 0.001163
32	 0.003289	 0.003196	 0.000050	 0.000000	 0.000020	0.117587	 0.112293	 0.002822	 0.000000	 0.001183
33	 0.003613	 0.003472	 0.000077	 0.000000	 0.000033	0.121200	 0.115765	 0.002899	 0.000000	 0.001216
34	 0.003613	 0.003515	 0.000054	 0.000000	 0.000019	0.124813	 0.119280	 0.002953	 0.000000	 0.001235
35	 0.003350	 0.003200	 0.000086	 0.000000	 0.000033	0.128163	 0.122480	 0.003039	 0.000000	 0.001268
36	 0.003713	 0.003626	 0.000043	 0.000000	 0.000018	0.131876	 0.126106	 0.003082	 0.000000	 0.001286
37	 0.003604	 0.003443	 0.000081	 0.000000	 0.000033	0.135480	 0.129549	 0.003163	 0.000000	 0.001319
38	 0.003485	 0.003378	 0.000056	 0.000000	 0.000020	0.138965	 0.132927	 0.003219	 0.000000	 0.001339
39	 0.003650	 0.003509	 0.000077	 0.000000	 0.000034	0.142615	 0.136436	 0.003296	 0.000000	 0.001373
40	 0.007906	 0.007803	 0.000058	 0.000000	 0.000018	0.150521	 0.144239	 0.003354	 0.000000	 0.001391
41	 0.003301	 0.003141	 0.000090	 0.000000	 0.000036	0.153822	 0.147380	 0.003444	 0.000000	 0.001427
42	 0.003703	 0.003607	 0.000051	 0.000000	 0.000019	0.157525	 0.150987	 0.003495	 0.000000	 0.001446
43	 0.003152	 0.003004	 0.000084	 0.000000	 0.000035	0.160677	 0.153991	 0.003579	 0.000000	 0.001481
44	 0.003530	 0.003445	 0.000044	 0.000000	 0.000019	0.164207	 0.157436	 0.003623	 0.000000	 0.001500
45	 0.003616	 0.003472	 0.000079	 0.000000	 0.000034	0.167823	 0.160908	 0.003702	 0.000000	 0.001534
46	 0.003471	 0.003371	 0.000056	 0.000000	 0.000019	0.171294	 0.164279	 0.003758	 0.000000	 0.001553
47	 0.003420	 0.003272	 0.000083	 0.000000	 0.000034	0.174714	 0.167551	 0.003841	 0.000000	 0.001587
48	 0.002901	 0.002807	 0.000049	 0.000000	 0.000019	0.177615	 0.170358	 0.003890	 0.000000	 0.001606
49	 0.003235	 0.003075	 0.000080	 0.000000	 0.000035	0.180850	 0.173433	 0.003970	 0.000000	 0.001641
50	 0.003421	 0.003268	 0.000089	 0.000000	 0.000028	0.184271	 0.176701	 0.004059	 0.000000	 0.001669
51	 0.002970	 0.002785	 0.000108	 0.000000	 0.000040	0.187241	 0.179486	 0.004167	 0.000000	 0.001709
52	 0.002712	 0.002588	 0.000062	 0.000000	 0.000022	0.189953	 0.182074	 0.004229	 0.000000	 0.001731
53	 0.003225	 0.003030	 0.000106	 0.000000	 0.000042	0.193178	 0.185104	 0.004335	 0.000000	 0.001773
54	 0.003075	 0.002949	 0.000067	 0.000000	 0.000020	0.196253	 0.188053	 0.004402	 0.000000	 0.001793
55	 0.003296	 0.003176	 0.000052	 0.000000	 0.000019	0.199549	 0.191229	 0.004454	 0.000000	 0.001812
56	 0.003812	 0.003506	 0.000180	 0.000000	 0.000075	0.203361	 0.194735	 0.004634	 0.000000	 0.001887
57	 0.002941	 0.002809	 0.000070	 0.000000	 0.000025	0.206302	 0.197544	 0.004704	 0.000000	 0.001912
58	 0.003586	 0.003384	 0.000110	 0.000000	 0.000042	0.209888	 0.200928	 0.004814	 0.000000	 0.001954
59	 0.003285	 0.003167	 0.000061	 0.000000	 0.000021	0.213173	 0.204095	 0.004875	 0.000000	 0.001975
60	 0.003072	 0.002966	 0.000053	 0.000000	 0.000021	0.216245	 0.207061	 0.004928	 0.000000	 0.001996
61	 0.003052	 0.002880	 0.000102	 0.000000	 0.000038	0.219297	 0.209941	 0.005030	 0.000000	 0.002034
62	 0.003236	 0.003136	 0.000051	 0.000000	 0.000019	0.222533	 0.213077	 0.005081	 0.000000	 0.002053
63	 0.004697	 0.004495	 0.000111	 0.000000	 0.000040	0.227230	 0.217572	 0.005192	 0.000000	 0.002093
64	 0.004105	 0.004009	 0.000039	 0.000000	 0.000020	0.231335	 0.221581	 0.005231	 0.000000	 0.002113
65	 0.003198	 0.003082	 0.000065	 0.000000	 0.000021	0.234533	 0.224663	 0.005296	 0.000000	 0.002134
66	 0.003173	 0.003027	 0.000085	 0.000000	 0.000034	0.237706	 0.227690	 0.005381	 0.000000	 0.002168
67	 0.003109	 0.003014	 0.000050	 0.000000	 0.000019	0.240815	 0.230704	 0.005431	 0.000000	 0.002187
68	 0.003245	 0.003119	 0.000064	 0.000000	 0.000030	0.244060	 0.233823	 0.005495	 0.000000	 0.002217
69	 0.003491	 0.003400	 0.000048	 0.000000	 0.000018	0.247551	 0.237223	 0.005543	 0.000000	 0.002235
70	 0.003528	 0.003388	 0.000079	 0.000000	 0.000034	0.251079	 0.240611	 0.005622	 0.000000	 0.002269
71	 0.003344	 0.003238	 0.000050	 0.000000	 0.000032	0.254423	 0.243849	 0.005672	 0.000000	 0.002301
72	 0.002976	 0.002820	 0.000065	 0.000000	 0.000042	0.257399	 0.246669	 0.005737	 0.000000	 0.002343
73	 0.003223	 0.003117	 0.000059	 0.000000	 0.000019	0.260622	 0.249786	 0.005796	 0.000000	 0.002362
74	 0.003615	 0.003470	 0.000082	 0.000000	 0.000032	0.264237	 0.253256	 0.005878	 0.000000	 0.002394
75	 0.003292	 0.003183	 0.000053	 0.000000	 0.000018	0.267529	 0.256439	 0.005931	 0.000000	 0.002412
76	 0.003219	 0.003117	 0.000053	 0.000000	 0.000021	0.270748	 0.259556	 0.005984	 0.000000	 0.002433
77	 0.003368	 0.003223	 0.000083	 0.000000	 0.000034	0.274116	 0.262779	 0.006067	 0.000000	 0.002467
78	 0.002754	 0.002648	 0.000051	 0.000000	 0.000029	0.276870	 0.265427	 0.006118	 0.000000	 0.002496
79	 0.003557	 0.003395	 0.000085	 0.000000	 0.000043	0.280427	 0.268822	 0.006203	 0.000000	 0.002539
80	 0.003378	 0.003285	 0.000044	 0.000000	 0.000019	0.283805	 0.272107	 0.006247	 0.000000	 0.002558
81	 0.003577	 0.003356	 0.000117	 0.000000	 0.000061	0.287382	 0.275463	 0.006364	 0.000000	 0.002619
82	 0.003562	 0.003430	 0.000044	 0.000000	 0.000023	0.290944	 0.278893	 0.006408	 0.000000	 0.002642
83	 0.003404	 0.003250	 0.000080	 0.000000	 0.000030	0.294348	 0.282143	 0.006488	 0.000000	 0.002672
84	 0.003581	 0.003404	 0.000095	 0.000000	 0.000037	0.297929	 0.285547	 0.006583	 0.000000	 0.002709
85	 0.003942	 0.003785	 0.000075	 0.000000	 0.000041	0.301871	 0.289332	 0.006658	 0.000000	 0.002750
86	 0.003875	 0.003679	 0.000093	 0.000000	 0.000060	0.305746	 0.293011	 0.006751	 0.000000	 0.002810
87	 0.003884	 0.003733	 0.000085	 0.000000	 0.000027	0.309630	 0.296744	 0.006836	 0.000000	 0.002837
88	 0.002845	 0.002689	 0.000089	 0.000000	 0.000035	0.312475	 0.299433	 0.006925	 0.000000	 0.002872
89	 0.003033	 0.002929	 0.000050	 0.000000	 0.000029	0.315508	 0.302362	 0.006975	 0.000000	 0.002901
90	 0.002825	 0.002681	 0.000068	 0.000000	 0.000045	0.318333	 0.305043	 0.007043	 0.000000	 0.002946
91	 0.003636	 0.003512	 0.000035	 0.000000	 0.000028	0.321969	 0.308555	 0.007078	 0.000000	 0.002974
92	 0.003026	 0.002869	 0.000082	 0.000000	 0.000044	0.324995	 0.311424	 0.007160	 0.000000	 0.003018
93	 0.003384	 0.003297	 0.000045	 0.000000	 0.000018	0.328379	 0.314721	 0.007205	 0.000000	 0.003036
94	 0.003663	 0.003520	 0.000082	 0.000000	 0.000033	0.332042	 0.318241	 0.007287	 0.000000	 0.003069
95	 0.003031	 0.002934	 0.000039	 0.000000	 0.000018	0.335073	 0.321175	 0.007326	 0.000000	 0.003087
96	 0.003214	 0.003103	 0.000062	 0.000000	 0.000021	0.338287	 0.324278	 0.007388	 0.000000	 0.003108
97	 0.003078	 0.002928	 0.000085	 0.000000	 0.000033	0.341365	 0.327206	 0.007473	 0.000000	 0.003141
98	 0.002914	 0.002836	 0.000035	 0.000000	 0.000018	0.344279	 0.330042	 0.007508	 0.000000	 0.003159
99	 0.003340	 0.003196	 0.000080	 0.000000	 0.000033	0.347619	 0.333238	 0.007588	 0.000000	 0.003192
100	 0.002921	 0.002808	 0.000048	 0.000000	 0.000028	0.350540	 0.336046	 0.007636	 0.000000	 0.003220
101	 0.003056	 0.002808	 0.000140	 0.000000	 0.000077	0.353596	 0.338854	 0.007776	 0.000000	 0.003297
102	 0.004008	 0.003904	 0.000054	 0.000000	 0.000022	0.357604	 0.342758	 0.007830	 0.000000	 0.003319
103	 0.002985	 0.002840	 0.000083	 0.000000	 0.000033	0.360589	 0.345598	 0.007913	 0.000000	 0.003352
104	 0.002824	 0.002735	 0.000048	 0.000000	 0.000018	0.363413	 0.348333	 0.007961	 0.000000	 0.003370
105	 0.003313	 0.003165	 0.000076	 0.000000	 0.000033	0.366726	 0.351498	 0.008037	 0.000000	 0.003403
106	 0.003269	 0.003158	 0.000038	 0.000000	 0.000031	0.369995	 0.354656	 0.008075	 0.000000	 0.003434
107	 0.003120	 0.003006	 0.000058	 0.000000	 0.000032	0.373115	 0.357662	 0.008133	 0.000000	 0.003466
108	 0.003477	 0.003316	 0.000082	 0.000000	 0.000043	0.376592	 0.360978	 0.008215	 0.000000	 0.003509
109	 0.003377	 0.003273	 0.000047	 0.000000	 0.000029	0.379969	 0.364251	 0.008262	 0.000000	 0.003538
110	 0.003319	 0.003133	 0.000083	 0.000000	 0.000045	0.383288	 0.367384	 0.008345	 0.000000	 0.003583
111	 0.003491	 0.003345	 0.000052	 0.000000	 0.000024	0.386779	 0.370729	 0.008397	 0.000000	 0.003607
112	 0.003283	 0.003163	 0.000053	 0.000000	 0.000028	0.390062	 0.373892	 0.008450	 0.000000	 0.003635
113	 0.003137	 0.002894	 0.000145	 0.000000	 0.000055	0.393199	 0.376786	 0.008595	 0.000000	 0.003690
114	 0.003016	 0.002907	 0.000059	 0.000000	 0.000021	0.396215	 0.379693	 0.008654	 0.000000	 0.003711
115	 0.003466	 0.003321	 0.000081	 0.000000	 0.000033	0.399681	 0.383014	 0.008735	 0.000000	 0.003744
116	 0.003086	 0.002997	 0.000035	 0.000000	 0.000017	0.402767	 0.386011	 0.008770	 0.000000	 0.003761
117	 0.003886	 0.003555	 0.000180	 0.000000	 0.000066	0.406653	 0.389566	 0.008950	 0.000000	 0.003827
118	 0.003747	 0.003591	 0.000079	 0.000000	 0.000040	0.410400	 0.393157	 0.009029	 0.000000	 0.003867
119	 0.003291	 0.003114	 0.000086	 0.000000	 0.000054	0.413691	 0.396271	 0.009115	 0.000000	 0.003921
120	 0.002775	 0.002698	 0.000033	 0.000000	 0.000017	0.416466	 0.398969	 0.009148	 0.000000	 0.003938
121	 0.002882	 0.002759	 0.000061	 0.000000	 0.000032	0.419348	 0.401728	 0.009209	 0.000000	 0.003970
122	 0.003250	 0.003155	 0.000039	 0.000000	 0.000030	0.422598	 0.404883	 0.009248	 0.000000	 0.004000
123	 0.003179	 0.003046	 0.000064	 0.000000	 0.000044	0.425777	 0.407929	 0.009312	 0.000000	 0.004044
124	 0.004189	 0.004064	 0.000064	 0.000000	 0.000018	0.429966	 0.411993	 0.009376	 0.000000	 0.004062
125	 0.004123	 0.004017	 0.000058	 0.000000	 0.000020	0.434089	 0.416010	 0.009434	 0.000000	 0.004082
126	 0.003824	 0.003665	 0.000093	 0.000000	 0.000036	0.437913	 0.419675	 0.009527	 0.000000	 0.004118
127	 0.003035	 0.002947	 0.000045	 0.000000	 0.000019	0.440948	 0.422622	 0.009572	 0.000000	 0.004137
128	 0.003395	 0.003238	 0.000081	 0.000000	 0.000034	0.444343	 0.425860	 0.009653	 0.000000	 0.004171
129	 0.002893	 0.002797	 0.000040	 0.000000	 0.000020	0.447236	 0.428657	 0.009693	 0.000000	 0.004191
130	 0.003133	 0.003021	 0.000064	 0.000000	 0.000021	0.450369	 0.431678	 0.009757	 0.000000	 0.004212
131	 0.003242	 0.003093	 0.000085	 0.000000	 0.000033	0.453611	 0.434771	 0.009842	 0.000000	 0.004245
132	 0.002998	 0.002902	 0.000053	 0.000000	 0.000018	0.456609	 0.437673	 0.009895	 0.000000	 0.004263
133	 0.003175	 0.003030	 0.000079	 0.000000	 0.000035	0.459784	 0.440703	 0.009974	 0.000000	 0.004298
134	 0.003074	 0.002982	 0.000035	 0.000000	 0.000018	0.462858	 0.443685	 0.010009	 0.000000	 0.004316
135	 0.003284	 0.003162	 0.000059	 0.000000	 0.000019	0.466142	 0.446847	 0.010068	 0.000000	 0.004335
136	 0.003060	 0.002972	 0.000042	 0.000000	 0.000019	0.469202	 0.449819	 0.010110	 0.000000	 0.004354
137	 0.002978	 0.002814	 0.000088	 0.000000	 0.000034	0.472180	 0.452633	 0.010198	 0.000000	 0.004388
138	 0.003092	 0.002979	 0.000057	 0.000000	 0.000020	0.475272	 0.455612	 0.010255	 0.000000	 0.004408
139	 0.002994	 0.002885	 0.000050	 0.000000	 0.000020	0.478266	 0.458497	 0.010305	 0.000000	 0.004428
140	 0.002918	 0.002822	 0.000048	 0.000000	 0.000019	0.481184	 0.461319	 0.010353	 0.000000	 0.004447
141	 0.003426	 0.003277	 0.000084	 0.000000	 0.000034	0.484610	 0.464596	 0.010437	 0.000000	 0.004481
142	 0.003472	 0.003384	 0.000040	 0.000000	 0.000019	0.488082	 0.467980	 0.010477	 0.000000	 0.004500
143	 0.003393	 0.003206	 0.000107	 0.000000	 0.000040	0.491475	 0.471186	 0.010584	 0.000000	 0.004540
144	 0.003008	 0.002913	 0.000041	 0.000000	 0.000020	0.494483	 0.474099	 0.010625	 0.000000	 0.004560
145	 0.003308	 0.003112	 0.000118	 0.000000	 0.000040	0.497791	 0.477211	 0.010743	 0.000000	 0.004600
146	 0.003214	 0.003078	 0.000065	 0.000000	 0.000037	0.501005	 0.480289	 0.010808	 0.000000	 0.004637
147	 0.004491	 0.004313	 0.000072	 0.000000	 0.000043	0.505496	 0.484602	 0.010880	 0.000000	 0.004680
148	 0.003563	 0.003365	 0.000123	 0.000000	 0.000031	0.509059	 0.487967	 0.011003	 0.000000	 0.004711
149	 0.003424	 0.003241	 0.000107	 0.000000	 0.000042	0.512483	 0.491208	 0.011110	 0.000000	 0.004753
150	 0.003672	 0.003537	 0.000068	 0.000000	 0.000034	0.516155	 0.494745	 0.011178	 0.000000	 0.004787
151	 0.003513	 0.003347	 0.000089	 0.000000	 0.000044	0.519668	 0.498092	 0.011267	 0.000000	 0.004831
152	 0.003613	 0.003519	 0.000051	 0.000000	 0.000018	0.523281	 0.501611	 0.011318	 0.000000	 0.004849
153	 0.003532	 0.003386	 0.000080	 0.000000	 0.000033	0.526813	 0.504997	 0.011398	 0.000000	 0.004882
154	 0.003505	 0.003412	 0.000048	 0.000000	 0.000018	0.530318	 0.508409	 0.011446	 0.000000	 0.004900
155	 0.003627	 0.003479	 0.000083	 0.000000	 0.000033	0.533945	 0.511888	 0.011529	 0.000000	 0.004933
156	 0.003551	 0.003464	 0.000045	 0.000000	 0.000018	0.537496	 0.515352	 0.011574	 0.000000	 0.004951
157	 0.003284	 0.003158	 0.000063	 0.000000	 0.000031	0.540780	 0.518510	 0.011637	 0.000000	 0.004982
158	 0.002856	 0.002776	 0.000034	 0.000000	 0.000017	0.543636	 0.521286	 0.011671	 0.000000	 0.004999
159	 0.003063	 0.002905	 0.000080	 0.000000	 0.000033	0.546699	 0.524191	 0.011751	 0.000000	 0.005032
160	 0.003489	 0.003368	 0.000060	 0.000000	 0.000033	0.550188	 0.527559	 0.011811	 0.000000	 0.005065
161	 0.003685	 0.003519	 0.000089	 0.000000	 0.000045	0.553873	 0.531078	 0.011900	 0.000000	 0.005110
162	 0.002918	 0.002822	 0.000053	 0.000000	 0.000018	0.556791	 0.533900	 0.011953	 0.000000	 0.005128
163	 0.003475	 0.003337	 0.000065	 0.000000	 0.000031	0.560266	 0.537237	 0.012018	 0.000000	 0.005159
164	 0.003170	 0.003049	 0.000062	 0.000000	 0.000033	0.563436	 0.540286	 0.012080	 0.000000	 0.005192
165	 0.003977	 0.003823	 0.000081	 0.000000	 0.000042	0.567413	 0.544109	 0.012161	 0.000000	 0.005234
166	 0.003866	 0.003764	 0.000048	 0.000000	 0.000027	0.571279	 0.547873	 0.012209	 0.000000	 0.005261
167	 0.003681	 0.003521	 0.000083	 0.000000	 0.000043	0.574960	 0.551394	 0.012292	 0.000000	 0.005304
168	 0.003683	 0.003595	 0.000046	 0.000000	 0.000019	0.578643	 0.554989	 0.012338	 0.000000	 0.005323
169	 0.003766	 0.003627	 0.000064	 0.000000	 0.000032	0.582409	 0.558616	 0.012402	 0.000000	 0.005355
170	 0.003310	 0.003189	 0.000061	 0.000000	 0.000031	0.585719	 0.561805	 0.012463	 0.000000	 0.005386
171	 0.003771	 0.003610	 0.000086	 0.000000	 0.000043	0.589490	 0.565415	 0.012549	 0.000000	 0.005429
172	 0.003471	 0.003363	 0.000053	 0.000000	 0.000030	0.592961	 0.568778	 0.012602	 0.000000	 0.005459
173	 0.003309	 0.003157	 0.000080	 0.000000	 0.000042	0.596270	 0.571935	 0.012682	 0.000000	 0.005501
174	 0.003190	 0.003105	 0.000034	 0.000000	 0.000027	0.599460	 0.575040	 0.012716	 0.000000	 0.005528
175	 0.003313	 0.003151	 0.000086	 0.000000	 0.000045	0.602773	 0.578191	 0.012802	 0.000000	 0.005573
176	 0.002915	 0.002838	 0.000035	 0.000000	 0.000019	0.605688	 0.581029	 0.012837	 0.000000	 0.005592
177	 0.003273	 0.003118	 0.000091	 0.000000	 0.000033	0.608961	 0.584147	 0.012928	 0.000000	 0.005625
178	 0.003104	 0.003013	 0.000044	 0.000000	 0.000018	0.612065	 0.587160	 0.012972	 0.000000	 0.005643
179	 0.003219	 0.003034	 0.000084	 0.000000	 0.000032	0.615284	 0.590194	 0.013056	 0.000000	 0.005675
180	 0.003965	 0.003856	 0.000057	 0.000000	 0.000024	0.619249	 0.594050	 0.013113	 0.000000	 0.005699
181	 0.003570	 0.003413	 0.000082	 0.000000	 0.000034	0.622819	 0.597463	 0.013195	 0.000000	 0.005733
182	 0.003517	 0.003367	 0.000078	 0.000000	 0.000038	0.626336	 0.600830	 0.013273	 0.000000	 0.005771
183	 0.003560	 0.003384	 0.000081	 0.000000	 0.000055	0.629896	 0.604214	 0.013354	 0.000000	 0.005826
184	 0.003101	 0.002963	 0.000076	 0.000000	 0.000031	0.632997	 0.607177	 0.013430	 0.000000	 0.005857
185	 0.003794	 0.003588	 0.000111	 0.000000	 0.000054	0.636791	 0.610765	 0.013541	 0.000000	 0.005911
186	 0.003203	 0.003097	 0.000060	 0.000000	 0.000020	0.639994	 0.613862	 0.013601	 0.000000	 0.005931
187	 0.003588	 0.003443	 0.000070	 0.000000	 0.000033	0.643582	 0.617305	 0.013671	 0.000000	 0.005964
188	 0.003075	 0.002962	 0.000057	 0.000000	 0.000029	0.646657	 0.620267	 0.013728	 0.000000	 0.005993
189	 0.003785	 0.003620	 0.000082	 0.000000	 0.000042	0.650442	 0.623887	 0.013810	 0.000000	 0.006035
190	 0.003597	 0.003500	 0.000035	 0.000000	 0.000028	0.654039	 0.627387	 0.013845	 0.000000	 0.006063
191	 0.003560	 0.003454	 0.000050	 0.000000	 0.000028	0.657599	 0.630841	 0.013895	 0.000000	 0.006091
192	 0.003861	 0.003694	 0.000071	 0.000000	 0.000045	0.661460	 0.634535	 0.013966	 0.000000	 0.006136
193	 0.003870	 0.003653	 0.000110	 0.000000	 0.000046	0.665330	 0.638188	 0.014076	 0.000000	 0.006182
194	 0.003407	 0.003176	 0.000095	 0.000000	 0.000086	0.668737	 0.641364	 0.014171	 0.000000	 0.006268
195	 0.003060	 0.002898	 0.000081	 0.000000	 0.000038	0.671797	 0.644262	 0.014252	 0.000000	 0.006306
196	 0.003150	 0.003056	 0.000043	 0.000000	 0.000021	0.674947	 0.647318	 0.014295	 0.000000	 0.006327
197	 0.003201	 0.003041	 0.000096	 0.000000	 0.000036	0.678148	 0.650359	 0.014391	 0.000000	 0.006363
198	 0.004007	 0.003921	 0.000044	 0.000000	 0.000019	0.682155	 0.654280	 0.014435	 0.000000	 0.006382
199	 0.003087	 0.002944	 0.000081	 0.000000	 0.000033	0.685242	 0.657224	 0.014516	 0.000000	 0.006415
200	 0.003371	 0.003284	 0.000035	 0.000000	 0.000018	0.688613	 0.660508	 0.014551	 0.000000	 0.006433
201	 0.003264	 0.003041	 0.000145	 0.000000	 0.000045	0.691877	 0.663549	 0.014696	 0.000000	 0.006478
202	 0.003144	 0.003041	 0.000057	 0.000000	 0.000020	0.695021	 0.666590	 0.014753	 0.000000	 0.006498
203	 0.003209	 0.003069	 0.000077	 0.000000	 0.000033	0.698230	 0.669659	 0.014830	 0.000000	 0.006531
204	 0.003751	 0.003657	 0.000051	 0.000000	 0.000019	0.701981	 0.673316	 0.014881	 0.000000	 0.006550
205	 0.003877	 0.003722	 0.000081	 0.000000	 0.000034	0.705858	 0.677038	 0.014962	 0.000000	 0.006584
206	 0.003309	 0.003214	 0.000038	 0.000000	 0.000020	0.709167	 0.680252	 0.015000	 0.000000	 0.006604
207	 0.003393	 0.003290	 0.000057	 0.000000	 0.000020	0.712560	 0.683542	 0.015057	 0.000000	 0.006624
208	 0.003610	 0.003467	 0.000082	 0.000000	 0.000033	0.716170	 0.687009	 0.015139	 0.000000	 0.006657
209	 0.003418	 0.003338	 0.000036	 0.000000	 0.000017	0.719588	 0.690347	 0.015175	 0.000000	 0.006674
210	 0.003524	 0.003376	 0.000086	 0.000000	 0.000034	0.723112	 0.693723	 0.015261	 0.000000	 0.006708
211	 0.003302	 0.003184	 0.000056	 0.000000	 0.000020	0.726414	 0.696907	 0.015317	 0.000000	 0.006728
212	 0.003356	 0.003255	 0.000052	 0.000000	 0.000020	0.729770	 0.700162	 0.015369	 0.000000	 0.006748
213	 0.003319	 0.003170	 0.000085	 0.000000	 0.000033	0.733089	 0.703332	 0.015454	 0.000000	 0.006781
214	 0.003392	 0.003295	 0.000044	 0.000000	 0.000018	0.736481	 0.706627	 0.015498	 0.000000	 0.006799
215	 0.003073	 0.002972	 0.000042	 0.000000	 0.000020	0.739554	 0.709599	 0.015540	 0.000000	 0.006819
216	 0.002917	 0.002829	 0.000040	 0.000000	 0.000020	0.742471	 0.712428	 0.015580	 0.000000	 0.006839
217	 0.003236	 0.003092	 0.000062	 0.000000	 0.000031	0.745707	 0.715520	 0.015642	 0.000000	 0.006870
218	 0.003466	 0.003299	 0.000058	 0.000000	 0.000027	0.749173	 0.718819	 0.015700	 0.000000	 0.006897
219	 0.003221	 0.003079	 0.000055	 0.000000	 0.000028	0.752394	 0.721898	 0.015755	 0.000000	 0.006925
220	 0.003081	 0.002898	 0.000111	 0.000000	 0.000040	0.755475	 0.724796	 0.015866	 0.000000	 0.006965
221	 0.003262	 0.003153	 0.000053	 0.000000	 0.000020	0.758737	 0.727949	 0.015919	 0.000000	 0.006985
222	 0.003663	 0.003566	 0.000045	 0.000000	 0.000018	0.762400	 0.731515	 0.015964	 0.000000	 0.007003
223	 0.003680	 0.003394	 0.000182	 0.000000	 0.000057	0.766080	 0.734909	 0.016146	 0.000000	 0.007060
224	 0.003306	 0.003192	 0.000052	 0.000000	 0.000025	0.769386	 0.738101	 0.016198	 0.000000	 0.007085
225	 0.003093	 0.002935	 0.000076	 0.000000	 0.000042	0.772479	 0.741036	 0.016274	 0.000000	 0.007127
226	 0.002971	 0.002857	 0.000068	 0.000000	 0.000019	0.775450	 0.743893	 0.016342	 0.000000	 0.007146
227	 0.003240	 0.003100	 0.000077	 0.000000	 0.000033	0.778690	 0.746993	 0.016419	 0.000000	 0.007179
228	 0.003093	 0.002986	 0.000049	 0.000000	 0.000031	0.781783	 0.749979	 0.016468	 0.000000	 0.007210
229	 0.003711	 0.003575	 0.000065	 0.000000	 0.000040	0.785494	 0.753554	 0.016533	 0.000000	 0.007250
230	 0.003180	 0.003104	 0.000033	 0.000000	 0.000018	0.788674	 0.756658	 0.016566	 0.000000	 0.007268
231	 0.003304	 0.003161	 0.000080	 0.000000	 0.000034	0.791978	 0.759819	 0.016646	 0.000000	 0.007302
232	 0.003415	 0.003311	 0.000051	 0.000000	 0.000030	0.795393	 0.763130	 0.016697	 0.000000	 0.007332
233	 0.003709	 0.003571	 0.000066	 0.000000	 0.000042	0.799102	 0.766701	 0.016763	 0.000000	 0.007374
234	 0.003244	 0.003149	 0.000049	 0.000000	 0.000018	0.802346	 0.769850	 0.016812	 0.000000	 0.007392
235	 0.003243	 0.003117	 0.000066	 0.000000	 0.000034	0.805589	 0.772967	 0.016878	 0.000000	 0.007426
236	 0.003501	 0.003413	 0.000035	 0.000000	 0.000027	0.809090	 0.776380	 0.016913	 0.000000	 0.007453
237	 0.003150	 0.002993	 0.000085	 0.000000	 0.000044	0.812240	 0.779373	 0.016998	 0.000000	 0.007497
238	 0.003443	 0.003350	 0.000034	 0.000000	 0.000018	0.815683	 0.782723	 0.017032	 0.000000	 0.007515
239	 0.002819	 0.002707	 0.000062	 0.000000	 0.000021	0.818502	 0.785430	 0.017094	 0.000000	 0.007536
240	 0.003209	 0.003044	 0.000087	 0.000000	 0.000033	0.821711	 0.788474	 0.017181	 0.000000	 0.007569
241	 0.003481	 0.003369	 0.000039	 0.000000	 0.000032	0.825192	 0.791843	 0.017220	 0.000000	 0.007601
242	 0.002870	 0.002734	 0.000066	 0.000000	 0.000033	0.828062	 0.794577	 0.017286	 0.000000	 0.007634
243	 0.003028	 0.002914	 0.000056	 0.000000	 0.000020	0.831090	 0.797491	 0.017342	 0.000000	 0.007654
244	 0.002808	 0.002705	 0.000055	 0.000000	 0.000019	0.833898	 0.800196	 0.017397	 0.000000	 0.007673
245	 0.002896	 0.002763	 0.000069	 0.000000	 0.000031	0.836794	 0.802959	 0.017466	 0.000000	 0.007704
246	 0.003521	 0.003419	 0.000034	 0.000000	 0.000028	0.840315	 0.806378	 0.017500	 0.000000	 0.007732
247	 0.002970	 0.002875	 0.000038	 0.000000	 0.000031	0.843285	 0.809253	 0.017538	 0.000000	 0.007763
248	 0.003501	 0.003311	 0.000099	 0.000000	 0.000045	0.846786	 0.812564	 0.017637	 0.000000	 0.007808
249	 0.003125	 0.002944	 0.000069	 0.000000	 0.000042	0.849911	 0.815508	 0.017706	 0.000000	 0.007850
250	 0.002934	 0.002796	 0.000059	 0.000000	 0.000036	0.852845	 0.818304	 0.017765	 0.000000	 0.007886
251	 0.003287	 0.003167	 0.000059	 0.000000	 0.000026	0.856132	 0.821471	 0.017824	 0.000000	 0.007912
252	 0.003039	 0.002855	 0.000107	 0.000000	 0.000038	0.859171	 0.824326	 0.017931	 0.000000	 0.007950
253	 0.003447	 0.003352	 0.000047	 0.000000	 0.000019	0.862618	 0.827678	 0.017978	 0.000000	 0.007969
254	 0.003642	 0.003472	 0.000093	 0.000000	 0.000033	0.866260	 0.831150	 0.018071	 0.000000	 0.008002
255	 0.003470	 0.003283	 0.000111	 0.000000	 0.000032	0.869730	 0.834433	 0.018182	 0.000000	 0.008034
256	 0.003275	 0.003079	 0.000083	 0.000000	 0.000041	0.873005	 0.837512	 0.018265	 0.000000	 0.008075
257	 0.003125	 0.003021	 0.000048	 0.000000	 0.000024	0.876130	 0.840533	 0.018313	 0.000000	 0.008099
258	 0.003092	 0.002914	 0.000106	 0.000000	 0.000040	0.879222	 0.843447	 0.018419	 0.000000	 0.008139
259	 0.008132	 0.008042	 0.000041	 0.000000	 0.000022	0.887354	 0.851489	 0.018460	 0.000000	 0.008161
260	 0.002996	 0.002839	 0.000083	 0.000000	 0.000041	0.890350	 0.854328	 0.018543	 0.000000	 0.008202
261	 0.003902	 0.003781	 0.000053	 0.000000	 0.000022	0.894252	 0.858109	 0.018596	 0.000000	 0.008224
