Problem:                                farmer
First Stage Rows:                       2
First Stage Columns:                    3
First Stage Non-zeros:                  3
Replication No. 0
Status:                                 REPLICATION SOLUTION
Total Objective Function Upper Bound:   
Total Objective Function Lower Bound:   -107333.491718

First Stage Solutions:
   No.   Row name   Activity      Lower bound   Upper bound   Dual          Dual STDEV
------ ------------ ------------- ------------- ------------- ------------- -------------
     0 cost          0.000000e+00 
     1 tLand         5.000000e+02                5.000000e+02 -2.721498e+02 

   No. Column name  Activity      Lower bound   Upper bound   Reduced Cost  RC STDEV
------ ------------ ------------- ------------- ------------- ------------- -------------
     1 x1            1.680261e+02  0.000000e+00               0.000000e+00 
     2 x2            8.197394e+01  0.000000e+00               0.000000e+00 
     3 x3            2.500000e+02  0.000000e+00               0.000000e+00 


Problem:                                farmer
First Stage Rows:                       2
First Stage Columns:                    3
First Stage Non-zeros:                  3
Replication No. 1
Status:                                 REPLICATION SOLUTION
Total Objective Function Upper Bound:   
Total Objective Function Lower Bound:   -108162.058601

First Stage Solutions:
   No.   Row name   Activity      Lower bound   Upper bound   Dual          Dual STDEV
------ ------------ ------------- ------------- ------------- ------------- -------------
     0 cost          0.000000e+00 
     1 tLand         5.000000e+02                5.000000e+02 -2.700468e+02 

   No. Column name  Activity      Lower bound   Upper bound   Reduced Cost  RC STDEV
------ ------------ ------------- ------------- ------------- ------------- -------------
     1 x1            1.649441e+02  0.000000e+00               0.000000e+00 
     2 x2            8.505590e+01  0.000000e+00               0.000000e+00 
     3 x3            2.499999e+02  0.000000e+00               0.000000e+00 


Problem:                                farmer
First Stage Rows:                       2
First Stage Columns:                    3
First Stage Non-zeros:                  3
Replication No. 2
Status:                                 REPLICATION SOLUTION
Total Objective Function Upper Bound:   
Total Objective Function Lower Bound:   -110086.596108

First Stage Solutions:
   No.   Row name   Activity      Lower bound   Upper bound   Dual          Dual STDEV
------ ------------ ------------- ------------- ------------- ------------- -------------
     0 cost          0.000000e+00 
     1 tLand         5.000000e+02                5.000000e+02 -2.753619e+02 

   No. Column name  Activity      Lower bound   Upper bound   Reduced Cost  RC STDEV
------ ------------ ------------- ------------- ------------- ------------- -------------
     1 x1            1.682122e+02  0.000000e+00               0.000000e+00 
     2 x2            8.178782e+01  0.000000e+00               0.000000e+00 
     3 x3            2.500000e+02  0.000000e+00               0.000000e+00 


Problem:                                farmer
First Stage Rows:                       2
First Stage Columns:                    3
First Stage Non-zeros:                  3
Replication No. 3
Status:                                 REPLICATION SOLUTION
Total Objective Function Upper Bound:   
Total Objective Function Lower Bound:   -110714.737395

First Stage Solutions:
   No.   Row name   Activity      Lower bound   Upper bound   Dual          Dual STDEV
------ ------------ ------------- ------------- ------------- ------------- -------------
     0 cost          0.000000e+00 
     1 tLand         5.000000e+02                5.000000e+02 -2.704544e+02 

   No. Column name  Activity      Lower bound   Upper bound   Reduced Cost  RC STDEV
------ ------------ ------------- ------------- ------------- ------------- -------------
     1 x1            1.693450e+02  0.000000e+00               0.000000e+00 
     2 x2            8.051951e+01  0.000000e+00               0.000000e+00 
     3 x3            2.501355e+02  0.000000e+00               0.000000e+00 


Problem:                                farmer
First Stage Rows:                       2
First Stage Columns:                    3
First Stage Non-zeros:                  3
Replication No. 4
Status:                                 REPLICATION SOLUTION
Total Objective Function Upper Bound:   
Total Objective Function Lower Bound:   -110491.510020

First Stage Solutions:
   No.   Row name   Activity      Lower bound   Upper bound   Dual          Dual STDEV
------ ------------ ------------- ------------- ------------- ------------- -------------
     0 cost          4.307331e+01 
     1 tLand         5.000000e+02                5.000000e+02 -2.777648e+02 

   No. Column name  Activity      Lower bound   Upper bound   Reduced Cost  RC STDEV
------ ------------ ------------- ------------- ------------- ------------- -------------
     1 x1            1.700040e+02  0.000000e+00               0.000000e+00 
     2 x2            7.983990e+01  0.000000e+00               0.000000e+00 
     3 x3            2.501561e+02  0.000000e+00               0.000000e+00 


Problem:                                farmer
First Stage Rows:                       2
First Stage Columns:                    3
First Stage Non-zeros:                  3
Replication No. 5
Status:                                 REPLICATION SOLUTION
Total Objective Function Upper Bound:   
Total Objective Function Lower Bound:   -110877.395568

First Stage Solutions:
   No.   Row name   Activity      Lower bound   Upper bound   Dual          Dual STDEV
------ ------------ ------------- ------------- ------------- ------------- -------------
     0 cost          0.000000e+00 
     1 tLand         5.000000e+02                5.000000e+02 -2.783570e+02 

   No. Column name  Activity      Lower bound   Upper bound   Reduced Cost  RC STDEV
------ ------------ ------------- ------------- ------------- ------------- -------------
     1 x1            1.668488e+02  0.000000e+00               0.000000e+00 
     2 x2            8.200692e+01  0.000000e+00               0.000000e+00 
     3 x3            2.511443e+02  0.000000e+00               0.000000e+00 


Problem:                                farmer
First Stage Rows:                       2
First Stage Columns:                    3
First Stage Non-zeros:                  3
Replication No. 6
Status:                                 REPLICATION SOLUTION
Total Objective Function Upper Bound:   
Total Objective Function Lower Bound:   -108286.197887

First Stage Solutions:
   No.   Row name   Activity      Lower bound   Upper bound   Dual          Dual STDEV
------ ------------ ------------- ------------- ------------- ------------- -------------
     0 cost          0.000000e+00 
     1 tLand         5.000000e+02                5.000000e+02 -2.714117e+02 

   No. Column name  Activity      Lower bound   Upper bound   Reduced Cost  RC STDEV
------ ------------ ------------- ------------- ------------- ------------- -------------
     1 x1            1.714701e+02  0.000000e+00               0.000000e+00 
     2 x2            7.852989e+01  0.000000e+00               0.000000e+00 
     3 x3            2.500000e+02  0.000000e+00               0.000000e+00 


Problem:                                farmer
First Stage Rows:                       2
First Stage Columns:                    3
First Stage Non-zeros:                  3
Replication No. 7
Status:                                 REPLICATION SOLUTION
Total Objective Function Upper Bound:   
Total Objective Function Lower Bound:   -107775.835145

First Stage Solutions:
   No.   Row name   Activity      Lower bound   Upper bound   Dual          Dual STDEV
------ ------------ ------------- ------------- ------------- ------------- -------------
     0 cost          0.000000e+00 
     1 tLand         5.000000e+02                5.000000e+02 -2.723032e+02 

   No. Column name  Activity      Lower bound   Upper bound   Reduced Cost  RC STDEV
------ ------------ ------------- ------------- ------------- ------------- -------------
     1 x1            1.697234e+02  0.000000e+00               0.000000e+00 
     2 x2            8.022197e+01  0.000000e+00               0.000000e+00 
     3 x3            2.500547e+02  0.000000e+00               0.000000e+00 


Problem:                                farmer
First Stage Rows:                       2
First Stage Columns:                    3
First Stage Non-zeros:                  3
Replication No. 8
Status:                                 REPLICATION SOLUTION
Total Objective Function Upper Bound:   
Total Objective Function Lower Bound:   -111778.960616

First Stage Solutions:
   No.   Row name   Activity      Lower bound   Upper bound   Dual          Dual STDEV
------ ------------ ------------- ------------- ------------- ------------- -------------
     0 cost         2.681562e+154 
     1 tLand         5.000000e+02                5.000000e+02 -2.795749e+02 

   No. Column name  Activity      Lower bound   Upper bound   Reduced Cost  RC STDEV
------ ------------ ------------- ------------- ------------- ------------- -------------
     1 x1            1.690263e+02  0.000000e+00               0.000000e+00 
     2 x2            8.000001e+01  0.000000e+00               0.000000e+00 
     3 x3            2.509737e+02  0.000000e+00               0.000000e+00 


Problem:                                farmer
First Stage Rows:                       2
First Stage Columns:                    3
First Stage Non-zeros:                  3
Replication No. 9
Status:                                 REPLICATION SOLUTION
Total Objective Function Upper Bound:   
Total Objective Function Lower Bound:   -108008.082268

First Stage Solutions:
   No.   Row name   Activity      Lower bound   Upper bound   Dual          Dual STDEV
------ ------------ ------------- ------------- ------------- ------------- -------------
     0 cost          0.000000e+00 
     1 tLand         5.000000e+02                5.000000e+02 -2.728112e+02 

   No. Column name  Activity      Lower bound   Upper bound   Reduced Cost  RC STDEV
------ ------------ ------------- ------------- ------------- ------------- -------------
     1 x1            1.677855e+02  0.000000e+00               0.000000e+00 
     2 x2            8.221453e+01  0.000000e+00               0.000000e+00 
     3 x3            2.500000e+02  0.000000e+00               0.000000e+00 


Problem:                                farmer
First Stage Rows:                       2
First Stage Columns:                    3
First Stage Non-zeros:                  3
Replication No. 10
Status:                                 REPLICATION SOLUTION
Total Objective Function Upper Bound:   
Total Objective Function Lower Bound:   -107300.739045

First Stage Solutions:
   No.   Row name   Activity      Lower bound   Upper bound   Dual          Dual STDEV
------ ------------ ------------- ------------- ------------- ------------- -------------
     0 cost          0.000000e+00 
     1 tLand         5.000000e+02                5.000000e+02 -2.736320e+02 

   No. Column name  Activity      Lower bound   Upper bound   Reduced Cost  RC STDEV
------ ------------ ------------- ------------- ------------- ------------- -------------
     1 x1            1.685518e+02  0.000000e+00               0.000000e+00 
     2 x2            8.192703e+01  0.000000e+00               0.000000e+00 
     3 x3            2.495212e+02  0.000000e+00               0.000000e+00 


Problem:                                farmer
First Stage Rows:                       2
First Stage Columns:                    3
First Stage Non-zeros:                  3
Replication No. 11
Status:                                 REPLICATION SOLUTION
Total Objective Function Upper Bound:   
Total Objective Function Lower Bound:   -108606.008663

First Stage Solutions:
   No.   Row name   Activity      Lower bound   Upper bound   Dual          Dual STDEV
------ ------------ ------------- ------------- ------------- ------------- -------------
     0 cost          0.000000e+00 
     1 tLand         5.000000e+02                5.000000e+02 -2.692156e+02 

   No. Column name  Activity      Lower bound   Upper bound   Reduced Cost  RC STDEV
------ ------------ ------------- ------------- ------------- ------------- -------------
     1 x1            1.696081e+02  0.000000e+00               0.000000e+00 
     2 x2            7.983415e+01  0.000000e+00               0.000000e+00 
     3 x3            2.505577e+02  0.000000e+00               0.000000e+00 


Problem:                                farmer
First Stage Rows:                       2
First Stage Columns:                    3
First Stage Non-zeros:                  3
Replication No. 12
Status:                                 REPLICATION SOLUTION
Total Objective Function Upper Bound:   
Total Objective Function Lower Bound:   -113049.115407

First Stage Solutions:
   No.   Row name   Activity      Lower bound   Upper bound   Dual          Dual STDEV
------ ------------ ------------- ------------- ------------- ------------- -------------
     0 cost          0.000000e+00 
     1 tLand         5.000000e+02                5.000000e+02 -2.813751e+02 

   No. Column name  Activity      Lower bound   Upper bound   Reduced Cost  RC STDEV
------ ------------ ------------- ------------- ------------- ------------- -------------
     1 x1            1.695010e+02  0.000000e+00               0.000000e+00 
     2 x2            8.000000e+01  0.000000e+00               0.000000e+00 
     3 x3            2.504990e+02  0.000000e+00               0.000000e+00 


Problem:                                farmer
First Stage Rows:                       2
First Stage Columns:                    3
First Stage Non-zeros:                  3
Replication No. 13
Status:                                 REPLICATION SOLUTION
Total Objective Function Upper Bound:   
Total Objective Function Lower Bound:   -107945.131727

First Stage Solutions:
   No.   Row name   Activity      Lower bound   Upper bound   Dual          Dual STDEV
------ ------------ ------------- ------------- ------------- ------------- -------------
     0 cost          0.000000e+00 
     1 tLand         5.000000e+02                5.000000e+02 -2.732854e+02 

   No. Column name  Activity      Lower bound   Upper bound   Reduced Cost  RC STDEV
------ ------------ ------------- ------------- ------------- ------------- -------------
     1 x1            1.664422e+02  0.000000e+00               0.000000e+00 
     2 x2            8.355779e+01  0.000000e+00               0.000000e+00 
     3 x3            2.500000e+02  0.000000e+00               0.000000e+00 


Problem:                                farmer
First Stage Rows:                       2
First Stage Columns:                    3
First Stage Non-zeros:                  3
Replication No. 14
Status:                                 REPLICATION SOLUTION
Total Objective Function Upper Bound:   
Total Objective Function Lower Bound:   -107123.593173

First Stage Solutions:
   No.   Row name   Activity      Lower bound   Upper bound   Dual          Dual STDEV
------ ------------ ------------- ------------- ------------- ------------- -------------
     0 cost          1.255000e+03 
     1 tLand         5.000000e+02                5.000000e+02 -2.726628e+02 

   No. Column name  Activity      Lower bound   Upper bound   Reduced Cost  RC STDEV
------ ------------ ------------- ------------- ------------- ------------- -------------
     1 x1            1.694350e+02  0.000000e+00               0.000000e+00 
     2 x2            8.000000e+01  0.000000e+00               0.000000e+00 
     3 x3            2.505650e+02  0.000000e+00               0.000000e+00 


Problem:                                farmer
First Stage Rows:                       2
First Stage Columns:                    3
First Stage Non-zeros:                  3
Replication No. 15
Status:                                 REPLICATION SOLUTION
Total Objective Function Upper Bound:   
Total Objective Function Lower Bound:   -110259.807320

First Stage Solutions:
   No.   Row name   Activity      Lower bound   Upper bound   Dual          Dual STDEV
------ ------------ ------------- ------------- ------------- ------------- -------------
     0 cost          1.255000e+03 
     1 tLand         5.000000e+02                5.000000e+02 -2.719624e+02 

   No. Column name  Activity      Lower bound   Upper bound   Reduced Cost  RC STDEV
------ ------------ ------------- ------------- ------------- ------------- -------------
     1 x1            1.705701e+02  0.000000e+00               0.000000e+00 
     2 x2            7.824308e+01  0.000000e+00               0.000000e+00 
     3 x3            2.511869e+02  0.000000e+00               0.000000e+00 


Problem:                                farmer
First Stage Rows:                       2
First Stage Columns:                    3
First Stage Non-zeros:                  3
Replication No. 16
Status:                                 REPLICATION SOLUTION
Total Objective Function Upper Bound:   
Total Objective Function Lower Bound:   -109000.999233

First Stage Solutions:
   No.   Row name   Activity      Lower bound   Upper bound   Dual          Dual STDEV
------ ------------ ------------- ------------- ------------- ------------- -------------
     0 cost          0.000000e+00 
     1 tLand         5.000000e+02                5.000000e+02 -2.734267e+02 

   No. Column name  Activity      Lower bound   Upper bound   Reduced Cost  RC STDEV
------ ------------ ------------- ------------- ------------- ------------- -------------
     1 x1            1.701808e+02  0.000000e+00               0.000000e+00 
     2 x2            7.981924e+01  0.000000e+00               0.000000e+00 
     3 x3            2.500000e+02  0.000000e+00               0.000000e+00 


Problem:                                farmer
First Stage Rows:                       2
First Stage Columns:                    3
First Stage Non-zeros:                  3
Replication No. 17
Status:                                 REPLICATION SOLUTION
Total Objective Function Upper Bound:   
Total Objective Function Lower Bound:   -107333.491718

First Stage Solutions:
   No.   Row name   Activity      Lower bound   Upper bound   Dual          Dual STDEV
------ ------------ ------------- ------------- ------------- ------------- -------------
     0 cost          0.000000e+00 
     1 tLand         5.000000e+02                5.000000e+02 -2.721498e+02 

   No. Column name  Activity      Lower bound   Upper bound   Reduced Cost  RC STDEV
------ ------------ ------------- ------------- ------------- ------------- -------------
     1 x1            1.680261e+02  0.000000e+00               0.000000e+00 
     2 x2            8.197394e+01  0.000000e+00               0.000000e+00 
     3 x3            2.500000e+02  0.000000e+00               0.000000e+00 


Problem:                                farmer
First Stage Rows:                       2
First Stage Columns:                    3
First Stage Non-zeros:                  3
Replication No. 18
Status:                                 REPLICATION SOLUTION
Total Objective Function Upper Bound:   
Total Objective Function Lower Bound:   -108769.324219

First Stage Solutions:
   No.   Row name   Activity      Lower bound   Upper bound   Dual          Dual STDEV
------ ------------ ------------- ------------- ------------- ------------- -------------
     0 cost          0.000000e+00 
     1 tLand         5.000000e+02                5.000000e+02 -2.754640e+02 

   No. Column name  Activity      Lower bound   Upper bound   Reduced Cost  RC STDEV
------ ------------ ------------- ------------- ------------- ------------- -------------
     1 x1            1.679990e+02  0.000000e+00               0.000000e+00 
     2 x2            8.153192e+01  0.000000e+00               0.000000e+00 
     3 x3            2.504690e+02  0.000000e+00               0.000000e+00 


Problem:                                farmer
First Stage Rows:                       2
First Stage Columns:                    3
First Stage Non-zeros:                  3
Replication No. 19
Status:                                 REPLICATION SOLUTION
Total Objective Function Upper Bound:   
Total Objective Function Lower Bound:   -111047.503209

First Stage Solutions:
   No.   Row name   Activity      Lower bound   Upper bound   Dual          Dual STDEV
------ ------------ ------------- ------------- ------------- ------------- -------------
     0 cost          0.000000e+00 
     1 tLand         5.000000e+02                5.000000e+02 -2.786862e+02 

   No. Column name  Activity      Lower bound   Upper bound   Reduced Cost  RC STDEV
------ ------------ ------------- ------------- ------------- ------------- -------------
     1 x1            1.708727e+02  0.000000e+00               0.000000e+00 
     2 x2            7.864953e+01  0.000000e+00               0.000000e+00 
     3 x3            2.504778e+02  0.000000e+00               0.000000e+00 


Problem:                                farmer
First Stage Rows:                       2
First Stage Columns:                    3
First Stage Non-zeros:                  3
Replication No. 20
Status:                                 REPLICATION SOLUTION
Total Objective Function Upper Bound:   
Total Objective Function Lower Bound:   -103812.991072

First Stage Solutions:
   No.   Row name   Activity      Lower bound   Upper bound   Dual          Dual STDEV
------ ------------ ------------- ------------- ------------- ------------- -------------
     0 cost          0.000000e+00 
     1 tLand         5.000000e+02                5.000000e+02 -2.652067e+02 

   No. Column name  Activity      Lower bound   Upper bound   Reduced Cost  RC STDEV
------ ------------ ------------- ------------- ------------- ------------- -------------
     1 x1            1.705498e+02  0.000000e+00               0.000000e+00 
     2 x2            8.000003e+01  0.000000e+00               0.000000e+00 
     3 x3            2.494502e+02  0.000000e+00               0.000000e+00 


Problem:                                farmer
First Stage Rows:                       2
First Stage Columns:                    3
First Stage Non-zeros:                  3
Replication No. 21
Status:                                 REPLICATION SOLUTION
Total Objective Function Upper Bound:   
Total Objective Function Lower Bound:   -109164.440040

First Stage Solutions:
   No.   Row name   Activity      Lower bound   Upper bound   Dual          Dual STDEV
------ ------------ ------------- ------------- ------------- ------------- -------------
     0 cost          0.000000e+00 
     1 tLand         5.000000e+02                5.000000e+02 -2.745542e+02 

   No. Column name  Activity      Lower bound   Upper bound   Reduced Cost  RC STDEV
------ ------------ ------------- ------------- ------------- ------------- -------------
     1 x1            1.694502e+02  0.000000e+00               0.000000e+00 
     2 x2            8.000001e+01  0.000000e+00               0.000000e+00 
     3 x3            2.505498e+02  0.000000e+00               0.000000e+00 


Problem:                                farmer
First Stage Rows:                       2
First Stage Columns:                    3
First Stage Non-zeros:                  3
Replication No. 22
Status:                                 REPLICATION SOLUTION
Total Objective Function Upper Bound:   
Total Objective Function Lower Bound:   -107055.658537

First Stage Solutions:
   No.   Row name   Activity      Lower bound   Upper bound   Dual          Dual STDEV
------ ------------ ------------- ------------- ------------- ------------- -------------
     0 cost          0.000000e+00 
     1 tLand         5.000000e+02                5.000000e+02 -2.713835e+02 

   No. Column name  Activity      Lower bound   Upper bound   Reduced Cost  RC STDEV
------ ------------ ------------- ------------- ------------- ------------- -------------
     1 x1            1.694173e+02  0.000000e+00               0.000000e+00 
     2 x2            8.000001e+01  0.000000e+00               0.000000e+00 
     3 x3            2.505827e+02  0.000000e+00               0.000000e+00 


Problem:                                farmer
First Stage Rows:                       2
First Stage Columns:                    3
First Stage Non-zeros:                  3
Replication No. 23
Status:                                 REPLICATION SOLUTION
Total Objective Function Upper Bound:   
Total Objective Function Lower Bound:   -105229.047159

First Stage Solutions:
   No.   Row name   Activity      Lower bound   Upper bound   Dual          Dual STDEV
------ ------------ ------------- ------------- ------------- ------------- -------------
     0 cost          0.000000e+00 
     1 tLand         5.000000e+02                5.000000e+02 -2.702334e+02 

   No. Column name  Activity      Lower bound   Upper bound   Reduced Cost  RC STDEV
------ ------------ ------------- ------------- ------------- ------------- -------------
     1 x1            1.680195e+02  0.000000e+00               0.000000e+00 
     2 x2            8.198046e+01  0.000000e+00               0.000000e+00 
     3 x3            2.500000e+02  0.000000e+00               0.000000e+00 


Problem:                                farmer
First Stage Rows:                       2
First Stage Columns:                    3
First Stage Non-zeros:                  3
Replication No. 24
Status:                                 REPLICATION SOLUTION
Total Objective Function Upper Bound:   
Total Objective Function Lower Bound:   -111655.516413

First Stage Solutions:
   No.   Row name   Activity      Lower bound   Upper bound   Dual          Dual STDEV
------ ------------ ------------- ------------- ------------- ------------- -------------
     0 cost          0.000000e+00 
     1 tLand         5.000000e+02                5.000000e+02 -2.785011e+02 

   No. Column name  Activity      Lower bound   Upper bound   Reduced Cost  RC STDEV
------ ------------ ------------- ------------- ------------- ------------- -------------
     1 x1            1.680241e+02  0.000000e+00               0.000000e+00 
     2 x2            8.192451e+01  0.000000e+00               0.000000e+00 
     3 x3            2.500514e+02  0.000000e+00               0.000000e+00 


Problem:                                farmer
First Stage Rows:                       2
First Stage Columns:                    3
First Stage Non-zeros:                  3
Replication No. 25
Status:                                 REPLICATION SOLUTION
Total Objective Function Upper Bound:   
Total Objective Function Lower Bound:   -107360.662741

First Stage Solutions:
   No.   Row name   Activity      Lower bound   Upper bound   Dual          Dual STDEV
------ ------------ ------------- ------------- ------------- ------------- -------------
     0 cost          5.120000e+02 
     1 tLand         5.000000e+02                5.000000e+02 -2.718435e+02 

   No. Column name  Activity      Lower bound   Upper bound   Reduced Cost  RC STDEV
------ ------------ ------------- ------------- ------------- ------------- -------------
     1 x1            1.692777e+02  0.000000e+00               0.000000e+00 
     2 x2            8.019778e+01  0.000000e+00               0.000000e+00 
     3 x3            2.505245e+02  0.000000e+00               0.000000e+00 


Problem:                                farmer
First Stage Rows:                       2
First Stage Columns:                    3
First Stage Non-zeros:                  3
Replication No. 26
Status:                                 REPLICATION SOLUTION
Total Objective Function Upper Bound:   
Total Objective Function Lower Bound:   -110189.265387

First Stage Solutions:
   No.   Row name   Activity      Lower bound   Upper bound   Dual          Dual STDEV
------ ------------ ------------- ------------- ------------- ------------- -------------
     0 cost          5.120000e+02 
     1 tLand         5.000000e+02                5.000000e+02 -2.768104e+02 

   No. Column name  Activity      Lower bound   Upper bound   Reduced Cost  RC STDEV
------ ------------ ------------- ------------- ------------- ------------- -------------
     1 x1            1.688136e+02  0.000000e+00               0.000000e+00 
     2 x2            8.118639e+01  0.000000e+00               0.000000e+00 
     3 x3            2.500000e+02  0.000000e+00               0.000000e+00 


Problem:                                farmer
First Stage Rows:                       2
First Stage Columns:                    3
First Stage Non-zeros:                  3
Replication No. 27
Status:                                 REPLICATION SOLUTION
Total Objective Function Upper Bound:   
Total Objective Function Lower Bound:   -109161.058220

First Stage Solutions:
   No.   Row name   Activity      Lower bound   Upper bound   Dual          Dual STDEV
------ ------------ ------------- ------------- ------------- ------------- -------------
     0 cost          5.120000e+02 
     1 tLand         5.000000e+02                5.000000e+02 -2.747801e+02 

   No. Column name  Activity      Lower bound   Upper bound   Reduced Cost  RC STDEV
------ ------------ ------------- ------------- ------------- ------------- -------------
     1 x1            1.698081e+02  0.000000e+00               0.000000e+00 
     2 x2            8.019189e+01  0.000000e+00               0.000000e+00 
     3 x3            2.500000e+02  0.000000e+00               0.000000e+00 


Problem:                                farmer
First Stage Rows:                       2
First Stage Columns:                    3
First Stage Non-zeros:                  3
Replication No. 28
Status:                                 REPLICATION SOLUTION
Total Objective Function Upper Bound:   
Total Objective Function Lower Bound:   -110261.968897

First Stage Solutions:
   No.   Row name   Activity      Lower bound   Upper bound   Dual          Dual STDEV
------ ------------ ------------- ------------- ------------- ------------- -------------
     0 cost          5.120000e+02 
     1 tLand         5.000000e+02                5.000000e+02 -2.769721e+02 

   No. Column name  Activity      Lower bound   Upper bound   Reduced Cost  RC STDEV
------ ------------ ------------- ------------- ------------- ------------- -------------
     1 x1            1.700160e+02  0.000000e+00               0.000000e+00 
     2 x2            7.980709e+01  0.000000e+00               0.000000e+00 
     3 x3            2.501769e+02  0.000000e+00               0.000000e+00 


Problem:                                farmer
First Stage Rows:                       2
First Stage Columns:                    3
First Stage Non-zeros:                  3
Replication No. 29
Status:                                 REPLICATION SOLUTION
Total Objective Function Upper Bound:   
Total Objective Function Lower Bound:   -106834.078951

First Stage Solutions:
   No.   Row name   Activity      Lower bound   Upper bound   Dual          Dual STDEV
------ ------------ ------------- ------------- ------------- ------------- -------------
     0 cost          0.000000e+00 
     1 tLand         5.000000e+02                5.000000e+02 -2.699120e+02 

   No. Column name  Activity      Lower bound   Upper bound   Reduced Cost  RC STDEV
------ ------------ ------------- ------------- ------------- ------------- -------------
     1 x1            1.682551e+02  0.000000e+00               0.000000e+00 
     2 x2            7.982389e+01  0.000000e+00               0.000000e+00 
     3 x3            2.519210e+02  0.000000e+00               0.000000e+00 


