168.026052
81.973937
250.000011

164.944147
85.055904
249.999949

168.212178
81.787822
250.000001

169.345021
80.519513
250.135466

170.004039
79.839902
250.156059

166.848780
82.006922
251.144298

171.470091
78.529890
250.000019

169.723358
80.221966
250.054676

169.026314
80.000009
250.973677

167.785465
82.214534
250.000001

168.551771
81.927030
249.521199

169.608129
79.834146
250.557724

169.501005
80.000005
250.498990

166.442209
83.557786
250.000004

169.434987
80.000003
250.565010

170.570065
78.243082
251.186852

170.180781
79.819239
249.999980

168.026052
81.973937
250.000011

167.999033
81.531921
250.469045

170.872696
78.649528
250.477776

170.549816
80.000030
249.450155

169.450241
80.000007
250.549751

169.417297
80.000011
250.582692

168.019522
81.980462
250.000015

168.024066
81.924505
250.051429

169.277727
80.197783
250.524490

168.813599
81.186386
250.000015

169.808112
80.191887
250.000001

170.016002
79.807094
250.176903

168.255090
79.823894
251.921015

