69.177809
216.999995

66.234488
212.920124

66.255863
216.999996

68.437335
216.999998

59.831359
210.958959

66.194975
216.308074

65.968886
215.194209

66.360494
210.653013

66.275446
214.792323

64.009378
216.996921

60.158840
212.534120

69.924413
216.999999

63.062594
216.999989

63.214278
207.335622

63.128705
216.999976

68.545687
216.999996

68.168484
216.999972

69.177809
216.999995

69.948594
216.999947

59.678910
216.999952

72.349448
216.999997

66.177584
216.999974

68.692920
216.999962

70.723487
215.637886

66.316245
212.126794

66.365207
216.999993

63.082663
216.948070

58.585256
213.976119

72.222531
199.950084

69.077021
216.999992

