136.937356
137.718295

130.680199
142.182153

136.699291
135.716923

130.643330
145.319122

124.792885
135.961172

124.477019
140.315330

136.913052
142.781911

136.942344
135.071711

130.587276
146.187460

130.702069
140.596350

136.938411
128.159225

130.661956
147.637088

124.819078
150.116153

130.639866
132.400490

130.689408
144.314900

130.649047
151.582050

130.682665
154.612135

136.937356
137.718295

137.763890
147.827851

124.794794
146.822262

137.313320
150.107145

130.611830
148.317039

136.730992
134.172970

136.936407
148.838389

136.898456
136.598596

137.031629
146.601459

130.699442
145.272370

125.024184
145.687391

130.466842
140.429808

139.515940
146.438765

