43.693336
216.999999

36.016656
217.000000

40.159428
216.999999

41.577829
217.000000

35.990405
217.000000

42.534659
217.000000

43.792667
217.000000

36.055187
216.999999

35.956920
217.000000

43.486800
216.999999

33.136403
217.000000

48.821905
217.000000

41.309858
217.000000

35.667546
217.000000

38.337212
217.000000

38.660509
217.000000

42.939765
217.000000

43.693336
216.999999

48.113253
217.000000

43.272587
217.000000

43.575589
217.000000

42.930468
217.000000

43.250455
216.999999

47.611566
217.000000

41.406787
217.000000

43.547033
217.000000

37.809648
217.000000

36.665362
217.000000

39.529913
217.000000

43.797044
217.000000

