216.999952
186.960063
164.155360
132.432206
110.084399
102.523054
122.734959
119.078689
102.405838
120.513846
107.008109
104.232883
110.322483
96.970343
114.153689
110.137801
94.385916
112.027472
113.609804
120.917614
112.162212
105.755330
112.413138
123.227825
122.824315
111.785006
84.099392
92.704888
106.697282
105.729960
88.514777
92.292918
79.361944
91.347515
108.236928
110.144970
128.421164
116.060409
115.821562
134.751121
122.783078
137.465171
134.300180
95.029529
93.840447
113.609224
99.799777
105.794957
67.825555
82.282303
95.776411
108.489800
91.725950
102.941429
117.352676
125.227605
84.185502
100.751844
105.547440
110.929216
130.206026
110.015947
109.591913
114.337158
123.611008
81.685256
91.423472
91.091129
106.031437
100.780129
105.324655
110.178476
125.465946
144.911333
41.665375
61.773777
72.508412
75.296950
92.198383
88.548355
108.695003
103.281568
95.452109
114.968701
132.337079
73.245407
87.700257
103.845828
113.811233
95.282933
107.025249
65.534571
75.067686
90.836988
92.678560
104.095795
118.634521
126.382031
119.822764
127.028510
143.611116
95.022253
114.796743
107.181010
126.656210
91.559735
107.858078
125.706629
82.990522
58.405068
75.788029
88.328745
101.865048
96.596464
84.518387
101.922121
104.321587
122.002971
74.850575
93.654278
80.707125
98.515416
97.709579
113.158676
109.806857
102.522741
120.277553
97.065568
109.082920
115.163893
95.905624
84.801364
90.371959
96.602888
87.355906
97.630319
76.784076
93.866861
89.922525
108.875067
122.818242
114.234345
106.172443
104.545839
90.430613
88.284618
86.927556
99.733391
104.734758
98.671279
109.660058
97.917367
111.780815
62.229256
78.388174
93.062178
104.859901
106.667073
120.868602
135.697929
135.880225
139.751838
155.514799
161.184224
37.550321
48.236460
64.321960
81.057405
93.346679
83.306099
94.507675
109.639909
79.540859
93.870223
78.069229
73.963034
89.890339
103.144794
106.862514
115.382527
122.021557
111.906357
122.506375
121.142621
78.259359
95.414435
50.406289
61.266144
79.950734
77.082903
83.383292
95.805039
106.217784
113.349986
111.355065
115.384283
129.235741
119.405523
76.880880
89.646991
99.368771
81.778341
98.267989
105.681720
70.743494
84.882169
82.261214
87.708076
81.182835
93.193442
105.676866
93.435432
103.920412
102.416229
107.552008
119.793242
90.779781
105.007215
117.134520
125.645481
61.948210
72.587327
83.440247
88.320599
97.622642
94.252381
96.360095
101.285657
109.917652
84.637220
74.999961
83.877548
89.904246
97.446493
82.639234
87.324496
90.891340
96.040793
87.321077
84.624958
91.002611
90.556407
93.680370
99.386798
100.557200
99.016550
99.019194
84.429405
86.360268
83.315814
85.295681
85.896719
89.821602
93.884671
91.211042
90.023347

216.999035
179.033766
138.039000
129.060680
139.871236
118.209100
106.030322
116.670416
129.045040
117.088769
104.157926
117.204240
132.582216
133.559995
147.063157
82.625721
97.405639
91.487630
83.084081
94.766810
103.155059
85.886267
94.270026
106.078832
120.584866
93.326813
100.016027
97.967294
103.838891
115.116416
120.241268
127.271386
115.938409
86.235996
97.681109
107.288670
121.879248
100.255528
96.654220
108.162638
117.003838
90.587224
96.736185
105.176760
113.558734
128.135203
142.822209
101.005980
114.652257
110.786254
103.997567
117.120371
99.201157
109.131533
105.775142
99.665399
110.306905
113.611191
107.848049
113.556289
94.055388
101.116952
105.148026
120.428471
115.815970
70.873196
81.500827
77.965235
93.180437
101.863448
81.454475
90.988591
101.036509
105.803507
106.615383
119.630669
105.637734
89.383374
82.449068
96.887186
109.231902
115.449970
124.353141
107.286331
117.264534
100.660641
97.828417
107.401884
108.845648
101.317525
92.112858
104.621858
85.798731
98.805655
96.459081
102.707786
112.322095
126.059519
73.455159
78.116300
84.528162
80.644774
80.107844
83.235134
94.884507
98.662115
95.860829
110.104499
124.041075
77.205595
90.136052
88.071667
84.742794
88.786417
103.603051
117.559574
130.176618
144.895590
68.557535
81.674115
71.855764
85.149567
96.890749
110.866380
103.859232
93.512908
102.420379
115.800444
127.366526
101.567493
110.130567
112.355840
125.823368
80.367407
93.230463
100.384981
90.102251
100.825816
114.764078
107.751877
88.573226
97.533568
110.393976
114.448338
98.601927
72.689170
82.657466
86.550638
101.644519
103.218523
82.361921
63.191264
76.825166
85.653545
83.957520
97.331947
110.495328
120.692035
130.041716
87.963571
97.177669
98.442509
104.715289
102.959969
113.580453
113.411032
89.845573
95.350387
105.831110
86.880918
99.220992
92.627380
96.191399
108.578435
90.250098
90.338940
100.362772
111.973541
100.935044
115.228822
62.337867
76.591031
91.361582
105.510273
85.826753
93.875861
102.143208
108.174770
116.060881
98.813324
97.140449
100.303785
107.442180
82.632604
83.720758
93.213591
103.716400
104.132479
116.526893
85.371823
96.359296
95.325614
97.186830
89.649615
100.297273
111.863483
121.399646
81.627112
80.046403
84.328208
84.207432
95.708722
102.684094
109.147431
83.685964
92.383814
99.578247
90.145996
92.357345
97.302108
103.373989
95.035954
99.795339
104.756786
111.108519
82.258304
88.270936
85.514671
88.650739
87.888992
90.582543
92.390770
97.251176
102.484119
93.653656
97.846684
100.781974
94.951171
92.344496
87.630053
89.700117
95.509827
90.769134
88.225553
87.153837
81.242887
82.917860
82.392790
83.041930
88.160529
89.304851
89.628350
88.335410
86.730879
88.284533
91.014871

216.288067
169.935208
153.712238
156.072300
165.320918
109.600195
113.894543
129.372946
117.781733
106.091004
119.711462
136.139350
133.778199
72.529157
90.041606
93.243693
104.676032
102.022041
114.976041
97.798143
115.038227
93.292736
79.485317
92.866603
107.522994
92.444914
104.317828
110.416461
123.891360
133.633770
115.889070
93.372658
108.173433
113.212194
96.834432
113.760899
96.203046
114.314606
109.327929
87.157746
105.338976
120.384853
103.393230
110.842547
111.235934
122.085991
122.456585
137.464903
81.558990
95.519147
103.362851
108.954224
108.918676
81.976517
95.761553
92.292895
66.349949
80.452958
91.883473
103.877933
117.339888
123.024218
98.284760
104.591072
85.950723
101.796287
115.191837
103.842886
118.438998
73.781830
80.295046
79.524640
95.654397
110.298668
122.086542
121.241397
86.473632
99.122307
113.064596
81.974045
90.793189
104.552683
122.457400
100.470289
106.084896
108.785529
107.750195
118.939074
91.746983
108.459247
67.273406
84.141710
76.615657
89.042410
104.919477
105.933203
120.003641
103.727509
103.736994
115.115623
131.029010
108.996209
69.949597
84.240082
100.367780
114.329125
126.957042
99.260903
97.460887
69.223205
79.244426
94.334030
104.880438
113.832218
112.438636
100.059578
111.659309
96.794028
99.210185
110.555116
96.193011
83.482110
96.289733
101.920022
95.756392
110.602645
126.991846
143.147096
89.119541
107.291083
77.045205
85.552101
93.439934
80.902175
95.734869
92.748765
107.506807
95.238604
97.227623
110.986696
115.686862
116.773128
76.200761
85.075045
101.019046
96.834768
79.782609
91.698851
99.569153
115.006614
113.439678
125.258616
142.131692
58.080800
75.407612
91.424434
94.837690
111.616056
76.714528
76.056350
91.058538
105.409328
117.580460
108.606712
114.736026
86.840076
97.729870
103.459146
111.838292
124.484138
101.620525
110.629164
119.423932
132.310385
53.587996
67.154420
80.729139
90.842347
99.598092
88.419240
96.888046
84.879675
96.727819
97.868462
86.582011
97.889412
110.859615
110.030790
123.085734
136.772956
150.233945
59.775710
74.763753
84.016634
92.129033
102.789043
86.537193
96.827673
100.011589
88.579358
87.396782
92.066801
99.489438
102.532549
110.360622
118.203919
125.825050
67.190668
75.291047
84.869243
90.519220
101.282648
90.861959
97.068007
106.320920
103.768122
95.612179
106.928895
112.909965
91.709090
102.265050
110.140462
111.557958
121.047777
121.484168
118.651019
97.274798
110.050408
105.526960
114.541795
123.965715
129.732927
136.565733
25.109265
36.705072
45.244571
45.452791
49.502878
59.676307
64.865863
72.732554
77.452218
81.614114
83.456392
85.127369
88.210001
90.721782
89.634601
92.125141
93.442105
84.995991
87.339059
85.938815
86.760626
88.547751
87.096778

216.998063
164.330628
146.935756
135.374187
136.887567
103.063477
102.882764
122.299079
100.307119
108.075985
121.084132
126.604470
100.118358
119.133903
105.896984
111.650486
66.893970
94.879510
108.656542
130.558481
135.926934
129.454829
74.413657
99.671667
93.771038
103.218958
125.962690
99.807265
127.341703
104.043287
124.306140
85.273135
101.477505
69.624381
92.916351
119.027839
93.494820
111.291031
128.778553
132.720866
81.511978
76.261971
102.694253
129.215573
111.625152
99.329484
113.813647
127.732552
145.306790
132.741910
104.039763
130.248650
70.500011
89.911872
53.532404
68.404901
94.629014
114.760995
136.144724
162.025252
181.643362
60.705855
90.072583
117.256858
144.031734
29.947979
58.567846
87.447942
100.306644
55.494338
81.178916
88.836661
108.655460
106.213819
101.884639
120.521268
130.898341
74.834630
101.394708
111.040436
119.965714
144.828502
56.541023
85.393059
88.190274
82.974553
95.524871
109.148120
110.723339
113.874223
139.672915
169.322993
110.075708
43.521570
72.288197
95.725866
56.679332
81.526542
98.747227
126.209457
116.173122
117.349998
125.949057
152.502710
164.314522
170.939804
177.631357
184.636567
10.544537
21.262399
31.914227
42.401515
51.934961
60.886496
69.925809
78.761435
79.487778
100.662427
113.266227
125.667369
89.812204
104.976065
91.798523
105.711885
110.142022
102.873850
112.838667
81.120942
108.691652
132.635008
69.076853
94.865173
101.409845
94.320371
102.941149
113.531071
121.137331
131.520908
78.680401
92.016191
113.992771
141.704518
166.662948
184.276576
194.625721
64.878149
91.762761
114.454279
32.428334
39.216561
45.909321
52.495929
60.728101
70.892879
78.819718
87.779156
90.015186
97.426061
99.345728
105.129302
112.325859
117.755860
104.973602
122.534947
114.673752
101.130997
79.102977
97.335499
107.920961
100.472510
98.302143
102.760155
110.700025
132.687559
158.355539
154.320546
180.914413
37.764229
63.654016
41.392882
52.004291
65.294670
89.355866
98.715717
82.901996
98.665117
93.913764
96.133786
99.980969
116.111128
131.425564
90.718948
110.817516
131.116476
149.641782
37.658042
61.273473
83.136357
108.143606
74.772727
87.721675
97.501900
113.343930
120.208431
84.871284
86.088078
94.419497
84.948484
89.104458
73.553395
87.718271
98.220778
112.171500
116.348991
84.349346
86.206031
103.161638
124.134088
105.207475
118.364766
131.325593
115.841634
132.054360
145.055902
28.904026
46.224851
62.788832
70.937757
86.415177
55.422305
76.388972
93.888309
104.611289
97.389156
99.189851
103.930420
103.055779
108.598434
108.804145
112.425744
110.454078
109.999148
75.917020
70.741147
60.775840
67.580076
73.653988
80.402717
81.167493
74.034318
79.492084
76.264002
79.429420
83.915619
83.441737
86.876222

216.792433
173.719213
148.817902
128.605076
128.628064
112.654402
120.898117
120.204102
111.243650
111.533037
116.815281
123.395625
86.828351
81.045553
87.751050
94.337405
104.033491
104.010370
112.672406
100.471104
109.115533
117.700820
126.640982
106.209961
113.808316
98.031185
103.036837
111.420036
104.855078
112.983657
111.990316
109.918169
94.715152
103.480633
93.974047
100.172354
106.116691
102.593842
109.574860
110.482937
109.758016
115.365692
94.772722
99.790509
109.420841
112.885174
117.748756
123.128095
125.090309
131.073575
139.404920
148.564956
60.335841
61.174519
70.440732
71.754363
80.490789
89.183591
96.031547
101.005524
107.551162
115.359471
103.237807
93.814429
94.960117
97.986047
106.430849
102.698184
99.232126
102.043839
106.953977
98.946303
108.018971
99.748667
87.906634
97.417061
104.044566
102.538395
102.662287
109.313715
109.377648
118.651148
109.485627
90.140526
95.786115
104.053377
99.254236
100.405808
106.592811
94.695103
98.318873
82.377910
89.662662
99.440729
109.166242
91.450760
91.649965
99.869228
109.624099
117.084301
110.630849
98.945078
92.601534
82.173687
87.365871
88.861091
94.120782
101.480690
82.521011
91.594335
100.066020
101.127079
102.931758
109.120942
91.962009
87.273179
95.684909
103.916669
101.864110
108.981469
116.918723
121.810031
128.994251
135.605313
87.370842
97.061495
104.388803
70.976534
80.957102
90.672207
99.685482
109.084512
108.623759
98.713140
106.340468
99.872632
89.764276
87.901556
93.941979
98.566084
106.155153
95.322047
99.090885
103.316886
111.728906
115.165338
87.003948
96.232882
95.387936
99.273374
102.647341
98.778084
97.302009
106.396490
102.743874
110.413006
95.087799
94.897687
103.028592
109.357068
113.276675
119.485578
126.699593
81.506792
91.555887
100.890584
105.294914
108.951800
118.275425
126.290395
128.090779
89.673837
72.098518
80.219457
86.533170
92.082759
100.774813
71.193260
66.849378
70.142315
77.558321
84.027786
91.739589
96.331789
89.899794
97.494936
99.885793
96.731372
97.012085
101.559755
100.399630
106.806511
106.446016
110.216096
95.969809
102.350448
98.547172
103.299467
107.489127
96.847172
102.336497
105.276358
107.018688
82.176146
89.100767
94.973348
92.894284
97.672736
88.840002
90.007933
93.678136
95.167121
98.493979
100.278474
90.716502
89.348965
81.576240
84.054237
83.005665
85.758174
90.306657
91.895192
95.379190
90.847789
95.759598
98.677013
95.635326
98.383654
97.365635
91.677606
96.145053
94.399857
98.382480
100.700250
89.354552
89.664030
90.509116
91.717589
94.395862
93.176306
95.490053
92.958248
94.619302
86.493687
88.149479
89.198365
91.675379
90.684027
91.675897
88.724006
89.815878
91.409359
92.759530
90.217300
90.410341
93.078944

193.908047
157.216043
134.509917
141.457762
151.219259
162.113247
159.094924
143.699097
127.762179
98.854349
100.051732
110.562296
119.726711
79.045177
89.386103
99.860051
110.516262
70.400164
81.189730
77.662227
88.150916
98.643703
93.329528
104.013632
111.230652
119.683837
115.698323
113.978638
123.546918
108.168452
118.358350
108.440153
89.033970
99.912371
105.261249
114.358624
118.741312
94.208247
104.421123
111.602560
105.750489
99.679484
91.853024
102.809590
96.025462
106.158959
113.541432
104.508066
81.172609
91.280961
99.224201
100.728737
105.163659
102.466679
103.824035
104.893384
102.222502
112.167088
117.000264
99.142415
107.096855
115.705032
111.019256
102.630261
107.284556
117.255198
109.748844
119.662038
87.823142
88.132546
80.641820
89.103600
97.888950
94.094261
102.696460
102.662041
90.659369
99.297281
106.366789
113.536397
121.076407
131.250575
95.623016
105.621856
116.193951
109.253958
76.794032
87.263599
88.359468
96.423201
86.608334
91.150871
80.219230
89.329673
96.676524
102.112847
103.263761
111.048745
109.823774
116.546457
105.170193
114.281801
101.838425
109.855563
119.541241
105.061983
74.755154
83.988678
92.089283
100.802685
105.604712
108.625478
98.232247
97.709201
94.367616
100.388421
108.237097
107.858690
99.712733
108.669795
119.252912
127.455797
89.654985
100.177767
107.698823
81.093397
91.961410
94.419071
102.669838
113.337611
82.720205
93.285021
98.972501
106.335955
93.430225
93.727083
103.724336
95.104795
95.260897
90.019254
97.233645
107.133630
113.987677
111.205721
121.026441
105.011175
115.411019
125.784325
136.030231
49.360270
60.101458
69.756177
79.584113
88.030514
92.084213
102.021019
83.726946
92.985056
90.230864
88.255841
94.576995
99.531639
78.650757
87.591479
96.629529
95.701343
97.445594
107.251987
108.558150
116.441713
118.352456
91.619633
98.195093
84.458533
92.362244
100.324076
107.525649
112.329209
118.811899
102.790186
102.865854
108.247553
85.731419
89.141335
80.566985
89.499585
95.360196
104.237285
108.809386
116.537180
108.205989
117.094265
91.004870
96.147732
89.066176
97.341711
70.565445
79.380160
82.236444
89.104724
88.251510
96.368241
98.544917
97.995823
101.004563
102.385584
104.042581
107.481169
114.122606
108.857817
116.575531
96.584142
76.007008
82.414689
89.779080
95.730688
74.712005
81.925566
76.963532
82.800456
87.127567
91.838223
97.438150
99.354275
97.276274
100.867183
105.629535
102.981656
92.957288
96.086243
96.668798
96.179272
101.667095
101.084056
100.061220
98.259735
100.192175
101.109182
96.393048
95.589258
96.185412
89.716161
90.894777
95.063056
97.417834
94.555288
89.273355
92.668733
83.211476
87.225468
89.948694
87.651432
86.429026
89.949243
91.191135
92.712194

202.089414
165.715519
144.138408
153.713448
159.440087
169.263134
122.185003
96.330130
97.855056
84.393887
88.090150
97.075451
93.108643
104.986965
109.707615
125.583559
119.225053
99.607710
114.215685
128.844660
91.917354
109.650140
125.394105
105.524375
115.614088
98.424774
62.566570
77.705695
95.088240
104.524333
122.513345
97.250253
101.652044
87.101378
86.264449
102.775314
114.122131
101.236411
118.019658
93.346903
95.513675
113.901277
113.167594
104.180566
120.119234
76.416461
87.910874
98.995369
115.315842
120.079920
98.696126
114.038283
127.128482
135.846337
94.587147
83.277100
100.883114
105.856924
94.363191
111.748512
107.708611
99.859580
115.626028
128.256686
135.231050
90.354814
98.216398
114.425495
83.422537
91.990179
107.565523
119.471289
117.061438
116.985718
95.087702
111.901042
76.925562
88.509709
103.359657
112.531025
110.623581
109.428449
120.364923
137.017204
117.808712
131.461202
71.917163
79.586382
97.130926
97.988364
115.621534
108.322365
124.971947
84.907113
99.260542
104.607060
121.019503
84.249216
70.074690
82.190060
92.467386
84.906423
98.587692
91.067414
105.608295
83.301203
97.148777
107.274392
86.692813
103.303218
94.437186
103.133339
116.654801
94.118007
96.451137
88.719758
88.712915
105.584968
117.734198
88.301464
104.849228
119.545206
133.936731
145.746785
158.707504
168.867469
63.810304
81.125778
24.322223
41.892816
59.232757
75.180331
86.700836
96.025874
110.722527
79.481874
93.928680
107.257211
123.004447
106.481501
103.433552
114.726207
78.745561
93.992621
87.266328
92.525831
94.536011
108.518314
113.951320
78.010344
91.247383
107.699685
114.692670
132.526552
43.799881
61.943113
80.109688
86.400798
94.824491
110.706090
80.785795
96.428998
109.843414
109.117958
114.552813
89.133374
100.035656
108.789638
101.149550
93.191901
100.916790
118.008345
131.266271
107.234082
108.999344
94.541371
109.498789
122.222922
54.939222
66.880686
79.998788
94.401810
103.910356
84.409662
96.327040
103.035394
89.025150
88.883847
97.774077
95.006362
101.582822
107.757347
111.243656
116.407463
122.906442
105.343086
103.677088
61.396526
76.806903
90.794962
100.416897
105.429362
105.787011
111.479128
124.743995
91.757336
106.020908
72.486872
83.492102
87.792219
98.584104
97.713707
96.231855
89.994447
99.280487
99.997474
103.387395
102.821389
113.786656
119.625635
100.117646
111.687877
113.324984
103.327299
95.039227
83.576887
80.268008
81.283953
71.083790
78.856984
82.685792
83.721030
87.245521
90.229141
97.356236
86.023655
91.125255
95.355414
91.437955
89.632474
88.221426
95.090454
98.832697
98.069701
97.764811
100.094793
82.422007
82.422177
84.193279
87.821578
88.432514
82.166238
88.500166
88.308694
88.654402
87.618994

216.396704
165.325901
154.805893
157.474225
114.077598
116.135771
99.987902
122.150584
113.678300
138.807542
93.322278
117.974957
139.082793
132.209845
85.691908
104.969996
126.336140
112.505303
92.216226
117.214460
126.012201
102.772566
123.927274
135.651133
97.977918
97.002358
91.770112
112.221536
117.479678
102.791529
126.114009
46.163827
74.013425
99.287296
126.107061
109.039923
112.011238
103.951152
129.951390
123.790963
92.662616
44.525153
72.439798
99.312535
118.377660
84.589046
103.395204
130.815763
73.701350
77.776479
88.596928
114.108535
111.249872
128.542103
151.357955
65.307736
92.505323
106.988642
82.457277
100.590769
90.104559
117.572888
141.158657
162.271501
129.990616
156.490582
184.286554
205.482396
210.663457
12.336856
23.580672
34.244087
44.624635
54.870916
64.998927
74.820028
84.106388
82.941676
88.198205
90.810041
97.705113
92.754737
102.427715
99.952660
102.937244
125.239335
148.216406
69.337579
75.051162
66.463902
90.380682
104.590779
118.004609
137.011902
73.538376
95.666279
119.692555
122.800065
148.523415
174.867911
191.745450
14.453857
38.878052
59.384958
82.992965
93.252715
117.030448
59.767068
86.688404
106.595343
81.567720
102.904102
105.134503
127.014777
146.598097
69.556618
86.859899
97.624700
122.097541
148.129401
166.358643
123.389504
147.773329
158.966934
181.679943
23.657846
27.196905
35.134832
44.835568
64.880479
78.518264
69.259213
88.794963
105.727065
109.882574
103.022916
101.072567
106.452715
109.588815
111.726825
83.268840
107.084091
118.307686
135.046478
158.926407
69.106737
94.473260
31.636455
40.125138
65.256062
87.076213
91.285429
111.591639
124.971922
141.878966
62.308182
83.940091
88.801968
99.190208
111.567315
134.680971
98.204884
119.532413
144.504448
142.031201
166.304827
29.547542
55.249546
79.785068
102.268781
92.502066
106.255875
119.280213
140.713372
160.758529
62.439420
82.402179
97.802110
66.209161
73.999258
77.622682
70.521275
67.585739
85.016070
96.688440
92.776309
101.844577
110.554232
130.164921
85.154959
111.475442
135.228753
158.303945
174.403067
185.074086
19.928565
26.104296
34.972745
50.554518
52.558350
73.162551
91.772163
105.259216
116.423314
138.004627
158.190960
172.110187
54.322933
55.503340
61.032383
66.366707
74.521525
95.743837
84.709587
89.254782
93.149920
106.565374
114.632013
128.260187
100.346953
89.828021
79.328743
86.707668
91.376291
100.018889
103.850933
110.785860
112.775353
81.180380
92.385319
97.973942
101.000775
109.241756
119.224281
128.569118
139.229186
55.601940
60.353166
63.541723
67.001057
69.252814
69.694421
76.496578
79.476639
91.638302
96.808401
92.802021
96.219931
87.917428
88.029258
91.915782
90.017477
91.230713
84.161067
72.680721
81.841582

216.416961
170.101112
170.045056
137.987438
133.180447
120.942778
100.373487
114.516475
110.299488
101.471857
106.955183
100.154764
108.999801
116.481295
100.615868
114.584355
122.231825
135.475980
111.942963
109.467968
121.059621
107.343666
104.701191
109.146912
117.580183
128.587866
92.678956
105.391852
108.754840
114.129219
97.580464
96.910339
112.055717
101.556732
105.727737
104.252097
84.275954
98.186447
78.221173
83.342719
89.380803
95.652316
96.284779
108.969974
121.927271
126.657032
91.598414
105.011781
117.748390
102.072614
115.662483
101.745242
102.055375
96.223423
95.650624
103.582020
115.289486
93.015387
90.633763
87.565124
101.900738
114.783428
76.560862
86.699949
86.724708
97.986404
112.380336
104.141255
93.553273
92.870314
96.920492
96.600138
102.775668
117.194964
130.339950
103.864112
117.872315
91.435441
105.112021
104.824285
89.822859
87.736330
94.813319
102.979829
86.887021
100.231844
106.665067
114.683442
127.938513
105.177522
117.955621
93.331469
94.804793
100.968449
90.403494
97.000025
106.772338
116.651276
93.771265
97.654253
102.389472
113.213493
103.091262
114.473920
106.682355
118.400280
106.917521
121.361346
108.349686
64.656523
79.447301
64.276205
74.193873
85.123645
96.392372
109.215244
93.000204
99.034129
102.145836
96.198661
89.194659
102.596405
114.215040
118.819813
102.680853
108.116980
113.037170
122.768421
96.971888
92.785844
81.408881
91.109097
97.805419
107.819133
113.073051
105.588242
119.715388
74.303085
87.516138
96.841479
111.669917
93.015407
106.188152
81.594973
81.715819
95.765471
106.531170
114.085910
92.634618
92.706686
104.701009
113.957683
80.433281
91.503932
86.763404
92.120254
103.976361
100.490242
107.715693
99.134191
112.804377
101.256102
108.327270
112.683582
86.412660
93.017958
97.822054
109.218392
81.776406
90.303623
99.479354
104.681256
100.359630
113.929512
83.693586
89.621625
91.377554
99.972963
104.784149
106.938598
89.601423
94.164645
103.347497
104.204254
105.458810
99.179265
96.116505
105.387073
116.773748
107.744706
115.278031
100.555063
74.824979
85.856916
98.195355
105.499583
104.401895
105.347702
115.998720
100.242739
90.858157
72.517310
77.551284
77.221290
79.576368
89.160460
90.232521
98.455888
99.684736
107.765806
80.668518
91.185021
99.000077
93.752886
102.398955
109.743881
102.845063
109.245182
119.098291
113.700828
122.044458
126.278150
133.619435
73.618390
78.068410
89.097001
98.876376
109.538536
116.679477
124.971038
61.744767
54.243118
61.312257
67.874044
74.767336
77.778911
81.124894
84.444439
88.963689
89.395806
90.247404
95.928105
98.185673
97.814519
99.887917
94.626177
99.060579
96.988549
87.810257
87.742088
89.031726
82.931779
82.314799
79.553010
85.188478
89.891197

195.298433
169.350784
150.442932
155.963650
152.977156
129.252950
111.193418
109.336364
124.329840
99.043500
104.251272
119.452335
108.463846
111.068828
126.561207
101.199071
81.311655
94.719545
82.189753
97.735233
99.820266
99.844325
106.271856
115.482685
112.170659
110.387135
125.059446
101.088469
115.703411
84.759807
97.383997
107.201782
122.969595
119.065866
100.341330
100.197810
100.400989
109.746377
80.586890
87.412987
96.698651
111.688217
121.913632
125.237936
98.816899
113.425674
119.076103
94.705495
101.053751
80.097811
94.115935
104.002675
110.119035
113.693372
118.665688
122.267426
91.845669
106.935531
105.818433
118.256665
129.406421
104.232587
90.255933
94.343764
98.244362
103.390072
108.984646
122.834864
110.255826
118.089360
130.770475
82.086581
96.191707
97.976949
95.673227
73.537482
86.925609
93.210152
98.519108
106.084690
81.188564
92.159331
95.790474
111.209682
105.458389
113.137147
93.636301
108.582522
87.175621
101.775298
108.058411
105.161263
78.660147
82.305924
95.786770
84.027440
94.898221
79.935066
94.995550
100.265777
104.650438
110.616520
93.289094
106.560626
119.923316
107.313726
96.492433
108.076801
122.685384
107.817292
104.253212
112.225776
94.077006
106.609101
116.505627
108.525879
67.521734
81.330204
90.757542
103.882098
118.214557
125.584992
127.703551
75.352591
76.749493
82.128310
98.023754
68.827917
83.503640
92.175572
99.500719
101.086875
113.566620
118.910864
127.551961
113.965208
102.215171
90.067023
100.217354
112.285150
124.273495
97.633806
109.620188
83.398323
79.964471
87.152873
89.331737
91.229949
91.004666
99.565523
111.896197
118.911820
101.055652
115.003844
72.368920
77.455586
87.801995
101.975794
89.868232
95.793046
106.605558
115.888962
93.821512
91.836494
94.517006
105.082422
117.047741
115.084598
124.757498
94.919800
86.896284
57.335227
71.394318
83.969133
91.226910
88.859700
99.233724
105.913671
119.987715
132.247499
136.355915
143.398200
155.080516
155.628734
42.184360
49.479119
61.183734
72.416033
77.501840
86.149750
96.282460
100.627519
103.354006
85.554826
82.749622
91.733881
92.715546
98.696192
106.461360
96.761603
101.686359
109.979994
116.044702
115.122005
109.756316
102.757828
115.579079
88.685454
98.344811
82.728815
92.871348
94.841896
79.897934
87.552738
80.750610
89.271949
96.845001
103.409557
104.269993
108.737072
98.528395
107.727100
99.257045
97.716620
103.903858
101.230706
108.622620
81.531902
85.878896
85.265176
89.335911
92.867140
83.945222
87.957751
88.974110
85.149934
90.126237
96.509779
101.368251
103.873377
79.505246
84.186390
89.642141
86.425741
91.597900
94.424910
95.954197
99.477263
82.921935
85.506243
89.124331
89.523772
92.112869
94.900416
91.663648
88.207908

216.511722
150.881766
148.620218
147.160284
136.184234
139.435158
151.835004
164.313201
177.777472
157.135916
136.879773
50.245874
63.047051
76.252585
88.935595
101.623194
79.328868
91.060941
101.730738
108.620327
116.665389
87.444474
92.983178
102.886275
105.281061
107.424085
95.382227
85.003654
93.721276
106.047635
115.539243
105.408604
97.731477
93.239204
106.098477
96.715837
109.696362
116.102864
127.182244
139.256858
151.703194
131.046307
117.582656
130.013011
69.303698
70.709542
82.268739
72.910714
77.605963
89.753314
100.817048
105.347732
117.560420
87.538528
98.430404
110.049000
120.751922
104.539235
112.356165
78.803085
92.237200
83.668083
96.668298
109.309155
110.186278
122.843188
86.263615
90.882447
78.546403
89.090479
99.636037
108.815379
109.179638
116.016048
127.679849
97.958149
106.492165
109.740128
118.986799
99.090375
105.830543
116.446308
102.381969
115.574043
128.272668
102.937624
80.573873
91.522461
99.147084
108.150242
113.915558
74.259346
87.243618
95.786994
84.650289
95.598981
108.401611
120.132925
90.965192
93.725467
103.943909
110.972603
110.796642
112.480667
116.291385
78.467343
84.248558
95.708410
102.915359
114.560232
92.004945
101.484348
72.330648
82.018588
93.761015
70.550646
73.455900
80.149077
91.911782
102.975279
104.951967
116.298375
116.959068
107.186319
120.142409
131.018464
127.083030
121.446946
62.264451
74.291373
79.540871
82.511279
85.498018
91.674440
98.505022
89.509618
97.812287
108.551233
114.696862
95.216925
101.200906
111.542305
87.573022
84.079854
94.256965
97.096150
103.395204
108.662206
120.642024
104.738826
88.777222
83.237109
95.536561
106.007341
114.622359
121.596463
111.437382
122.327724
130.306164
123.493916
117.717235
52.887653
64.805134
71.013553
81.985830
92.188702
97.386630
107.841929
108.061387
118.894191
129.558160
59.984103
68.993707
80.567589
84.114140
81.599158
91.183902
98.731645
99.313579
104.617073
109.587714
105.144332
97.227983
101.556275
110.099185
108.029299
118.128112
107.997680
82.898700
92.888851
103.090802
106.746616
109.359770
117.438699
69.206197
78.535113
87.350190
83.468865
90.169981
97.280935
100.753913
98.763130
105.918065
84.896080
87.814883
92.242265
97.760006
102.864849
107.430389
113.235533
118.540260
87.410442
88.826912
90.548063
95.727725
98.863693
95.318313
97.515463
100.134985
107.167629
95.339650
104.109618
100.958722
91.934346
94.170745
90.334235
99.613695
85.826516
93.301078
100.564316
97.344812
98.949495
99.475044
81.673600
84.339991
87.353531
87.590443
91.027699
93.087250
94.790499
91.819524
90.719168
91.717205
86.075202
91.331490
92.150119
91.115384
86.387291
84.668206
84.988950
90.264229
89.868585
86.446361
87.684180
87.862684
90.208222

216.053999
157.943028
145.090906
147.047337
152.099626
129.183285
116.753981
87.846767
102.128759
108.157214
117.591973
123.875399
109.674242
116.483666
115.345206
109.152067
116.548577
104.304453
117.208573
99.805656
87.597218
96.828306
104.849290
115.474287
104.521618
114.440823
126.519320
122.164078
95.919358
102.266568
118.184034
127.572400
123.493432
83.586571
70.582494
86.695629
93.097867
101.311171
88.908218
100.217301
112.580933
102.350244
89.387922
104.783944
110.412893
125.475619
101.690760
110.006420
111.522870
106.744119
112.218478
95.976530
112.614649
102.752236
80.977680
94.027351
106.934271
121.904650
97.065205
111.777732
94.320378
104.877499
121.626600
136.255469
152.466242
61.218786
76.174515
92.058239
106.024215
91.552273
104.908382
80.261434
91.459646
107.169656
107.495153
120.048145
85.834918
96.692424
100.331978
108.320625
124.347163
139.918974
86.028754
96.968538
112.047131
82.643746
93.364307
102.603846
112.958345
121.656564
70.563977
81.804092
96.536323
108.100210
115.018018
114.441613
120.432405
124.311669
140.974646
145.639214
157.712372
60.979048
71.392869
79.001962
89.997675
43.372806
60.149846
75.708806
91.293657
84.930882
98.615509
110.709528
103.835434
99.699248
105.447888
100.154467
93.380973
96.093614
110.369484
115.845832
98.530216
114.058120
81.004099
84.941649
99.106124
109.926859
123.576455
103.903623
106.906928
122.127845
79.893868
95.226365
86.104791
101.469871
89.477339
96.685931
108.789563
83.544025
89.276672
94.443946
99.565041
110.707265
121.534479
124.936825
100.133191
98.021012
110.363228
81.807975
95.088068
105.774154
120.133256
108.498425
108.554451
108.217600
81.315997
87.056917
88.073179
84.163316
95.194048
106.995856
108.402505
93.468178
109.083989
110.631071
112.633827
117.153796
130.788746
139.499815
156.090279
35.004294
50.620513
57.152590
62.523056
75.217674
85.970384
92.760113
105.424446
117.364413
100.208935
108.210220
111.843111
86.637279
96.229181
110.710126
103.410275
102.769034
105.962788
99.589763
77.220972
87.685481
91.921062
99.243771
99.493146
80.914193
81.246390
89.272384
96.140576
100.518258
101.815039
113.072013
124.443475
129.561215
140.586676
155.364844
163.987916
178.144660
191.295337
12.281593
19.001992
29.985769
41.935597
55.990908
68.447712
78.869855
77.485696
86.588879
96.276373
85.058630
88.392617
93.036625
96.844169
104.426252
96.874033
93.843331
92.630257
96.123471
102.021147
103.062644
100.757907
101.874331
103.440846
104.695513
95.610826
84.927976
88.020335
93.403173
91.377991
96.144432
86.545930
85.067512
90.927619
87.639096
93.407032
92.872223
96.000261
97.977685
90.508097
92.876346
89.716798
91.386925
91.809834
91.824118
86.413735
87.993639
88.913102
84.870825

216.276292
163.454864
147.122081
129.206635
139.304155
129.815449
136.825629
147.546415
98.339598
119.325197
119.551757
119.300402
135.458306
137.247797
157.564554
124.119854
46.796512
65.117854
85.675172
106.227623
69.004574
90.086545
107.025136
128.595072
106.745171
108.265187
128.904800
95.468779
114.849586
136.369797
77.627040
97.891332
118.478464
124.168729
104.346237
114.402174
120.357490
104.127030
117.205817
137.496313
116.401176
106.234572
127.296907
73.059549
93.667192
56.117324
76.973226
93.553323
89.459076
109.896463
110.373635
98.786612
95.271626
86.918830
103.163666
105.090095
104.485883
90.361047
110.951843
130.524172
115.737770
135.642834
139.352359
157.785590
177.147258
184.047330
95.996531
115.832152
137.793165
20.799335
31.788628
42.627032
53.420557
63.568447
74.226209
84.887101
98.441407
113.160563
106.987966
91.685126
82.821310
98.529042
118.132169
110.372050
129.943108
150.178139
85.127558
81.686702
102.981882
64.848185
70.927418
90.087122
84.528003
100.227949
63.147616
80.989404
98.258006
93.660186
110.276804
126.714136
143.179823
162.650032
169.319005
190.432550
6.570837
25.075268
43.213755
62.717154
82.727251
100.172576
114.541453
131.415322
90.293377
106.487361
125.256790
144.020146
93.027034
72.118699
89.395906
79.107103
99.011205
93.346465
110.292858
93.595644
110.065050
109.863777
90.884067
106.346534
120.849701
113.737943
73.738864
92.681420
101.558872
121.042779
98.449089
114.472988
72.060283
92.557286
97.433967
106.835923
71.039759
76.726926
95.230920
104.756133
118.876310
99.925684
117.892457
137.521046
157.067145
176.515654
79.293041
94.470013
112.890778
20.185490
37.535724
44.792079
62.825689
81.747619
97.192404
101.763084
102.813168
105.591172
114.705395
120.786734
136.701845
136.807638
57.100171
74.624778
81.439588
96.218839
113.417511
89.666034
103.747246
115.853358
129.179847
95.420615
78.231260
94.519505
112.728479
105.332039
92.701255
70.940848
80.856422
94.874811
106.013157
120.735916
135.253591
120.170018
136.584328
39.369403
60.203724
78.676567
96.076438
105.981303
95.034424
110.428645
92.959901
78.863891
76.168480
89.150444
100.409169
100.703352
109.251642
120.708301
66.971836
73.446002
88.909282
99.318745
111.922345
101.987716
91.354335
97.587326
81.952368
88.770226
106.464411
99.319449
98.802222
99.519919
102.398083
115.464318
128.822445
142.916869
47.642553
57.081191
63.887151
80.298311
92.268459
100.328159
101.828954
105.194948
109.569537
116.741121
95.889232
79.861323
84.554017
87.787805
88.665984
87.240723
95.923114
89.382382
92.438776
95.737209
89.485739
95.240901
91.559378
95.796905
101.063434
90.983338
96.237872
99.160682
90.022592
75.980007
77.186150
79.221216
80.193213
85.237125

216.355213
153.054704
164.389803
152.428940
132.372277
122.916818
112.082501
124.934841
135.854720
80.232181
92.927489
106.079417
97.599693
109.183979
117.568623
117.258170
130.721880
102.732696
84.161199
98.302640
110.797407
124.470715
113.342097
99.422663
104.818609
110.631860
98.958047
111.615053
108.634824
104.266233
111.474143
81.499707
94.492884
99.916741
109.238874
98.888572
91.116227
105.031455
114.044096
127.350052
127.768897
106.895426
109.348245
122.203834
107.859107
100.177894
108.471214
119.716723
90.446101
94.413313
105.338668
118.142273
132.174083
143.637730
91.989643
93.442286
98.666549
77.183008
83.296101
91.280462
95.479692
97.770986
78.894005
91.390676
79.011217
90.352759
102.379114
115.316449
127.847653
90.500324
91.553193
104.002981
112.081845
123.491381
81.482842
75.247919
85.196341
98.061952
95.743445
98.064608
108.323367
110.264708
122.126676
81.950268
91.942634
102.847053
110.411116
101.487075
106.877787
105.966542
118.949738
85.775925
96.061471
109.890043
122.957817
110.565671
124.589386
128.111303
80.598507
93.898465
82.104326
95.265770
106.754031
107.731112
77.222383
91.318826
105.137440
117.047536
100.072158
81.651777
90.630208
78.221435
84.201671
98.004437
111.342997
115.249378
116.197181
113.483871
88.990227
79.202771
92.761667
100.666172
109.470165
113.222882
127.340626
106.532902
84.470405
96.603029
110.220522
78.534099
88.265018
102.030330
102.202521
84.222140
96.313152
103.186218
108.821805
96.072183
103.378008
106.842966
77.926193
77.952746
91.675015
102.216785
92.996806
94.006420
103.353917
112.544562
118.077049
129.328104
118.620188
130.450556
141.409980
152.033987
37.686197
51.439298
65.428678
79.013198
90.272242
96.414038
92.272319
102.046594
113.835298
121.883464
125.340072
86.314874
88.879102
74.285988
78.554614
87.884568
93.304223
105.018573
92.957122
93.326247
103.490796
115.723804
120.638793
108.974915
89.457380
100.080917
112.946777
111.440201
70.424163
80.299240
93.063365
101.222422
113.969213
100.198174
89.950260
99.590611
92.576214
102.102002
109.033785
96.945925
109.628145
119.093663
62.453898
74.753848
87.731379
89.243873
94.666548
103.602068
105.568783
111.502832
100.496178
108.947807
89.845399
101.236755
107.627865
115.267154
90.106464
89.644012
84.244778
86.821517
88.865020
92.175486
95.700631
95.761172
95.039303
102.721758
93.450056
99.847578
104.422298
108.377903
111.075014
109.242236
87.349780
89.667882
91.967061
94.050755
99.878863
79.740030
83.982990
88.520804
90.841604
93.379009
96.624024
92.593363
91.881470
94.883792
91.786579
89.789383
91.946894
92.903725
92.585791
95.574821
85.667344
87.296223
90.374959
72.672271
75.171217
76.912469
79.409874
80.098650
85.835740
88.688051

216.555252
194.975882
121.432727
119.765165
129.900838
127.680623
123.560948
111.619393
91.592603
100.035469
101.403426
110.210809
96.558845
101.659885
98.447757
110.320277
120.949696
115.719147
111.324235
120.757222
123.660105
123.437359
109.121003
114.518728
108.685034
75.964630
87.864528
98.585318
109.312070
114.653621
116.532133
124.106230
130.735708
103.623126
114.337862
100.997561
111.908789
112.747230
122.824083
116.394585
110.021848
95.033287
99.023674
107.570010
110.716825
96.199422
102.359139
100.194459
107.882994
77.238368
89.240676
79.944946
89.601755
95.532205
96.169105
97.885342
103.569947
112.215194
108.000064
107.397681
116.607288
120.372920
90.694275
92.948556
99.679516
87.502396
82.422991
92.952038
88.902380
100.429426
108.291654
118.899213
87.478294
93.001028
102.340097
113.026547
81.382137
92.104150
99.954792
107.922007
79.383779
90.500326
91.545207
99.056655
107.353287
102.578665
111.098449
122.187570
99.939217
87.548809
98.172886
90.413143
99.178786
106.563940
96.143343
106.078105
112.178392
105.423703
115.787618
101.656018
103.871616
100.702164
110.304989
114.557124
99.146588
104.484438
99.099983
100.293355
89.755389
95.938211
99.126718
94.199469
94.775283
101.806706
110.850716
99.432077
104.985488
111.232989
84.063028
91.200010
91.959884
86.369349
92.116331
101.207161
110.119990
113.769985
122.452500
124.810540
130.630591
126.176749
97.390335
106.018029
107.808165
98.983276
90.668523
91.903986
103.496734
70.801451
82.578696
92.059281
103.963906
66.062208
77.836085
83.732057
84.228902
79.682571
87.298715
89.469416
93.930285
100.417931
101.576377
109.797632
107.292694
116.228208
115.888573
117.832550
103.817978
110.697032
80.499297
88.224888
98.105208
109.698889
86.435680
96.688435
100.929091
105.845730
114.644147
118.436453
77.044281
82.582613
89.966236
97.369616
103.058182
102.113935
99.214409
108.626692
95.071716
100.395289
104.764801
109.524345
110.673663
93.840464
100.423334
97.089648
104.760230
107.758270
99.389010
108.924699
94.010962
98.541740
98.514545
100.276200
108.476345
100.261000
82.020252
88.209808
94.974390
97.742391
88.070579
87.836080
95.018535
103.467916
93.843426
93.117825
87.470836
95.298251
96.831365
101.757988
89.665714
93.168482
94.996219
97.058383
98.313073
94.183191
96.896773
100.829348
105.260013
98.224548
99.262764
94.950918
86.236811
86.878786
93.789970
98.225697
88.833116
90.846250
92.546872
91.182182
95.149993
91.435255
96.747173
94.132433
93.976092
96.708743
95.791547
94.867750
96.920530
96.130612
93.018403
88.900251
90.268450
89.074675
88.800227
84.400635
89.868990
77.347827
82.527821
80.991681
83.909797
86.737311
89.528776
90.916988
92.132770
85.315285
87.799897
89.882220

216.890808
177.997613
143.697246
140.666082
120.114756
132.088091
86.031679
97.239817
102.126876
112.784877
124.421921
110.461047
121.112085
130.844619
98.979092
101.121862
95.644795
107.770042
118.932523
120.770867
89.478767
101.371104
98.642048
110.061900
110.389934
107.322271
106.880784
109.973839
121.523201
101.442637
103.720264
99.807845
91.026884
100.280870
102.817124
107.470544
105.478665
107.675536
109.273695
105.728154
110.640014
120.307736
100.787803
113.496559
93.620107
106.562467
113.893863
116.316038
121.769897
134.687375
62.459480
75.554931
88.553193
100.792355
99.850488
106.864884
99.826839
96.276812
88.505404
90.784901
98.871671
110.929962
120.055563
90.850530
101.465158
97.397502
110.325580
122.562808
134.976510
75.924044
63.474099
75.965444
86.675683
86.669728
83.174896
94.518333
98.873176
101.681192
102.867681
105.659607
113.685751
112.169192
120.258798
126.378219
134.272863
107.225855
95.882215
88.506902
86.741743
92.342946
99.892962
103.334051
114.579287
111.950145
113.676967
111.295908
118.772478
130.770822
69.686380
77.005164
88.910598
100.699890
112.036082
95.915245
106.813540
98.411622
96.370393
102.151522
90.383017
94.024132
102.864187
77.004426
83.300914
89.692309
101.061626
111.170743
117.619854
128.678724
138.647165
93.305112
93.915486
80.576321
90.532783
101.045297
91.692720
92.456824
96.955716
97.145481
102.982118
96.058114
97.222101
96.322601
106.442982
113.355276
111.465910
121.238960
80.377332
92.003679
102.665845
110.145297
119.269175
75.054167
84.408933
83.630648
94.776874
104.824227
110.557844
115.793674
125.697931
108.680009
119.095805
93.122699
83.388194
94.912227
82.395399
85.055422
80.632079
90.381378
100.227358
101.667487
99.160697
99.464431
106.125928
113.055044
124.676656
125.997152
137.650324
148.249877
52.044215
64.365975
66.869927
78.226097
80.860353
90.996701
90.760253
97.584659
98.834239
98.363890
107.807770
117.588987
98.206006
105.503067
106.757157
107.408245
116.766064
82.634434
87.602056
88.288357
96.933791
105.688768
89.863278
95.185424
87.114227
96.006669
107.039272
90.612939
101.219907
100.089310
86.949982
91.466080
96.357743
87.993927
97.341212
101.834921
100.001467
101.081145
104.079995
109.375962
106.569440
111.152589
93.196111
96.604632
95.759438
87.353319
91.057165
90.146431
95.998298
99.231775
97.896277
99.405278
105.513736
93.588350
95.646708
87.161002
82.603627
87.821591
93.098884
92.646764
96.655340
102.848287
91.547069
96.181311
85.311997
89.686164
90.931319
93.392251
91.652172
94.917323
100.029762
87.578846
85.412442
86.109079
88.638730
88.604162
83.745498
85.522408
85.598449
81.981605
85.915952
87.673038
88.453441
89.851086
86.531624
90.155739
90.786006
92.505701

216.241143
155.049735
135.353813
142.766442
148.002499
155.505886
163.006633
170.510679
177.807104
185.345862
190.301403
91.228148
107.558590
122.655447
138.966955
79.868752
96.105772
48.908100
65.838221
82.473718
52.513982
69.115485
64.263776
77.243413
88.639703
102.285331
97.118491
102.753351
119.080342
106.944891
120.175916
125.823029
118.610603
135.011557
85.358957
97.037794
102.863999
111.903091
124.244480
86.498462
101.242972
84.185737
99.104299
94.329304
109.536930
113.674709
95.396069
89.140222
73.108855
84.671846
100.745802
94.225900
109.523769
99.683036
112.644389
122.131947
117.133246
96.961671
93.866476
106.454284
94.652075
97.150686
87.713395
86.572309
96.367712
102.620153
103.121003
92.623808
106.313840
97.757543
104.874388
120.174038
136.095403
83.248714
88.324169
102.173078
116.350915
131.918164
143.991357
157.947033
103.981799
119.958853
136.149015
68.037914
41.901097
57.959841
73.803949
86.860870
89.399750
85.500036
84.364060
96.100859
110.777070
105.308044
91.536061
98.308951
110.638677
105.205663
112.176754
118.945453
108.789040
104.883089
120.559387
62.684624
77.174661
88.610829
100.475375
94.862220
109.075783
116.095238
131.371128
108.741933
124.422023
109.943135
84.330400
65.984530
80.816722
78.527769
92.165262
91.987966
106.893327
120.253419
82.393056
97.266386
112.545392
124.113430
90.256737
87.868183
101.100033
79.898177
84.544075
100.103116
112.931432
96.192497
94.303226
104.210590
116.955173
130.954770
145.722629
153.046612
48.606601
63.979359
74.861891
88.281788
101.669781
95.119998
93.627341
105.888711
115.844968
126.811026
66.125646
79.370772
93.307906
102.513367
97.392883
109.812570
116.663847
99.440178
79.740258
91.812960
97.098422
111.208504
123.676307
81.176316
80.196432
92.492767
97.032311
96.545988
108.315388
115.309708
76.095552
88.917657
102.918858
93.494725
92.103630
104.020466
116.918336
128.963406
70.037447
82.838842
94.067748
100.754017
108.816965
119.429066
127.233454
140.673583
129.517977
35.057553
49.889348
64.250283
77.016944
89.125264
101.229251
99.771588
100.919106
110.846149
111.367109
112.967487
90.707093
98.535404
81.639222
89.903297
91.272626
93.663354
102.243129
112.140900
79.337026
84.132064
96.642171
107.202258
113.132591
110.833780
112.668652
123.531470
67.713344
74.689269
83.534323
83.693070
91.332769
97.445939
105.053855
115.722911
92.106443
80.689088
84.198432
90.419192
95.551417
101.548458
91.844073
98.862282
99.733133
94.497001
103.482687
107.276371
99.954736
101.357153
97.015532
88.694194
91.450353
84.144275
90.395260
88.351685
83.524196
87.703416
91.842602
92.455509
92.490030
92.436929
92.819655
90.418439
91.214657
90.649166
87.731928
81.175519
88.450962
90.832327

216.999952
186.960063
164.155360
132.432206
110.084399
102.523054
122.734959
119.078689
102.405838
120.513846
107.008109
104.232883
110.322483
96.970343
114.153689
110.137801
94.385916
112.027472
113.609804
120.917614
112.162212
105.755330
112.413138
123.227825
122.824315
111.785006
84.099392
92.704888
106.697282
105.729960
88.514777
92.292918
79.361944
91.347515
108.236928
110.144970
128.421164
116.060409
115.821562
134.751121
122.783078
137.465171
134.300180
95.029529
93.840447
113.609224
99.799777
105.794957
67.825555
82.282303
95.776411
108.489800
91.725950
102.941429
117.352676
125.227605
84.185502
100.751844
105.547440
110.929216
130.206026
110.015947
109.591913
114.337158
123.611008
81.685256
91.423472
91.091129
106.031437
100.780129
105.324655
110.178476
125.465946
144.911333
41.665375
61.773777
72.508412
75.296950
92.198383
88.548355
108.695003
103.281568
95.452109
114.968701
132.337079
73.245407
87.700257
103.845828
113.811233
95.282933
107.025249
65.534571
75.067686
90.836988
92.678560
104.095795
118.634521
126.382031
119.822764
127.028510
143.611116
95.022253
114.796743
107.181010
126.656210
91.559735
107.858078
125.706629
82.990522
58.405068
75.788029
88.328745
101.865048
96.596464
84.518387
101.922121
104.321587
122.002971
74.850575
93.654278
80.707125
98.515416
97.709579
113.158676
109.806857
102.522741
120.277553
97.065568
109.082920
115.163893
95.905624
84.801364
90.371959
96.602888
87.355906
97.630319
76.784076
93.866861
89.922525
108.875067
122.818242
114.234345
106.172443
104.545839
90.430613
88.284618
86.927556
99.733391
104.734758
98.671279
109.660058
97.917367
111.780815
62.229256
78.388174
93.062178
104.859901
106.667073
120.868602
135.697929
135.880225
139.751838
155.514799
161.184224
37.550321
48.236460
64.321960
81.057405
93.346679
83.306099
94.507675
109.639909
79.540859
93.870223
78.069229
73.963034
89.890339
103.144794
106.862514
115.382527
122.021557
111.906357
122.506375
121.142621
78.259359
95.414435
50.406289
61.266144
79.950734
77.082903
83.383292
95.805039
106.217784
113.349986
111.355065
115.384283
129.235741
119.405523
76.880880
89.646991
99.368771
81.778341
98.267989
105.681720
70.743494
84.882169
82.261214
87.708076
81.182835
93.193442
105.676866
93.435432
103.920412
102.416229
107.552008
119.793242
90.779781
105.007215
117.134520
125.645481
61.948210
72.587327
83.440247
88.320599
97.622642
94.252381
96.360095
101.285657
109.917652
84.637220
74.999961
83.877548
89.904246
97.446493
82.639234
87.324496
90.891340
96.040793
87.321077
84.624958
91.002611
90.556407
93.680370
99.386798
100.557200
99.016550
99.019194
84.429405
86.360268
83.315814
85.295681
85.896719
89.821602
93.884671
91.211042
90.023347

216.455930
161.934138
154.665737
123.702379
110.584784
116.878040
113.018777
96.160519
112.481196
124.688953
136.031708
122.718600
101.032531
114.048634
128.334616
84.345520
73.917637
86.298078
101.923193
120.339087
119.767875
120.258532
114.482304
101.507446
119.805397
97.447711
114.379291
119.433865
124.574677
81.117666
100.670262
116.190680
100.579431
99.932385
106.123368
123.254180
104.572568
106.790317
106.532823
124.851006
142.416728
84.768607
94.614593
110.512273
111.231405
95.769951
97.267241
115.051110
102.540463
97.142329
81.120247
99.959980
101.874818
112.264279
124.716495
112.469826
113.950933
120.235022
131.470642
78.516768
55.700587
68.649774
87.228974
102.182928
83.763725
79.720754
75.466014
91.274534
85.526799
88.948534
91.990131
104.896027
102.920139
117.484261
135.728231
144.225096
85.753422
104.864052
118.068634
108.591061
126.685346
91.721973
104.944617
122.483480
70.277499
90.178501
90.114593
99.647687
95.554694
113.393138
116.699043
88.721565
102.190607
111.486077
117.415098
102.645028
104.566102
80.237909
95.810181
111.430210
101.275951
110.724580
106.974828
96.910254
110.273531
69.361864
80.812675
97.803408
107.483183
101.798558
107.651788
123.469897
83.850902
101.543088
82.669343
96.636370
97.661530
89.751846
104.506114
95.733842
101.138308
120.907026
139.300974
152.781025
63.313916
78.807836
93.898874
105.673434
119.092498
107.126375
123.089334
105.637976
124.183290
54.349821
70.680442
86.142124
101.016003
113.670599
99.133224
79.013572
91.763855
103.376649
103.326810
111.299798
110.272313
121.820911
94.051632
90.308765
86.996189
84.597018
97.606495
103.866585
113.030927
94.558649
84.581071
95.286963
105.028178
105.490563
108.445338
116.060820
122.936462
92.807640
102.499572
78.241121
86.998974
95.997854
111.489275
115.217361
121.477559
134.650589
82.515161
73.390814
76.445960
76.653234
89.000096
103.136967
76.182404
88.801797
95.897707
111.068930
122.633789
114.265827
65.755879
80.645121
88.141484
97.306360
108.549165
109.206300
112.745545
124.398654
88.999965
102.774974
80.072511
82.826450
92.547386
91.441864
100.499090
83.748665
95.910730
98.682781
111.894262
114.162414
72.139255
83.099288
93.465586
102.370517
111.855044
114.246603
107.110985
76.463986
87.306946
89.830443
97.164199
95.481531
97.701375
94.370111
104.806346
106.894233
68.588058
76.388707
86.342024
94.657735
97.338330
102.672524
96.281178
103.929077
83.292856
86.790537
90.869374
97.571981
100.066548
100.309967
98.129344
99.813340
83.636173
87.646620
94.761636
85.261799
89.702529
89.969167
96.617717
100.039305
85.495030
86.312349
90.931250
96.539038
94.300090
92.547065
89.193324
90.739857
90.931144
91.092860
85.997606
86.522133
85.774023
87.267951

216.983891
144.462323
125.539604
134.377443
146.740446
131.052628
139.909058
152.401551
161.625523
69.624015
79.295510
91.758641
98.272814
100.390702
93.809734
106.410137
118.525086
131.550003
113.531721
104.021797
107.073632
105.855682
81.994539
95.673315
108.760209
87.371476
100.790253
92.884073
103.820260
110.533808
107.103293
119.546055
121.253725
132.270406
96.663927
107.867083
91.341815
98.353195
100.051357
96.481447
102.588808
115.802301
100.739774
112.122000
82.016823
92.353800
98.427180
102.505463
116.138723
127.532215
132.791527
144.334501
157.198751
126.764782
132.974892
145.940635
48.128173
60.799341
73.959757
86.349173
83.597478
96.962051
70.056566
80.867430
90.463575
101.615518
106.474062
103.676389
100.959503
109.066666
121.672464
127.478312
84.430962
90.715437
100.486072
85.018655
97.974298
108.209753
118.687608
76.104925
87.300638
99.585267
108.401983
119.827906
129.270849
97.274975
103.452968
115.023400
93.171084
106.560050
100.312697
85.550601
97.750904
69.795952
79.900415
88.969990
99.428378
105.507011
108.702295
111.495607
123.935530
110.542185
92.367622
95.989487
106.186129
98.138669
96.962095
106.292848
112.446076
90.296301
90.189523
101.202732
107.299159
83.477743
89.424796
93.908893
85.918916
89.350672
85.103856
93.080567
105.406862
109.135666
114.155675
126.821505
101.164249
113.905282
123.901403
118.569590
112.761575
125.219768
137.762996
150.085327
161.920479
174.155469
34.262613
46.615354
59.659265
67.621245
50.754368
60.286238
73.137940
80.827781
93.037502
105.679890
113.016756
84.888421
82.819449
91.669580
103.086815
111.584070
118.962858
109.008395
115.949175
95.453708
106.154786
113.344770
107.501901
77.210074
89.119738
100.413908
109.350330
118.435893
83.809699
94.583014
86.581249
89.556263
96.792941
104.394076
102.765452
86.056647
96.841051
83.574199
89.623104
92.914741
102.691409
112.492556
88.617775
91.711702
99.703370
99.911096
89.827026
85.818885
88.040500
96.338511
99.961108
104.202945
104.781258
114.413556
125.070144
78.585672
72.203458
78.840205
88.655364
83.890227
89.068864
93.788112
102.118172
110.500252
115.473380
119.113441
93.267998
103.350055
113.006459
123.014571
132.470369
141.501243
152.363189
160.501398
35.560011
39.428502
49.730319
59.169024
67.498293
74.850787
82.961435
88.751568
93.940373
91.259069
90.217594
93.709074
98.147881
97.539112
104.124777
100.729091
101.525399
102.422967
106.338587
89.112879
89.833004
95.634591
98.130999
97.759210
90.051241
94.343835
93.431812
96.876647
93.922785
88.832510
89.745784
92.074052
90.122598
91.886787
95.372948
90.967978
88.718052
89.257376
91.126955
92.158122
88.988818
88.270831
91.572912
92.453532
94.459714
90.509798
89.155990
90.154505

209.147434
170.195341
148.662107
113.443942
134.990129
129.708627
123.879300
131.024259
113.605494
136.743471
138.137868
85.793978
107.156398
69.844069
95.911304
120.933365
101.984966
123.061190
78.426877
95.825734
123.741471
149.800925
177.288197
181.840934
31.341389
41.713091
67.847002
75.913534
98.069535
119.691441
96.965552
104.260045
130.385500
155.188253
119.559159
123.644322
145.988226
80.702969
106.651495
104.250807
103.631292
112.781204
100.330820
105.590868
91.381962
114.217399
133.740538
75.293500
97.913470
118.415266
139.796395
161.600291
24.671826
47.716608
71.523501
93.533266
101.442266
103.604655
128.505301
137.208812
138.998004
69.582670
91.887800
119.558874
141.134085
167.825572
104.725597
118.660896
51.377915
62.048355
72.280454
82.628255
89.328411
88.148703
95.506117
109.124969
62.369235
83.515071
79.990664
98.891617
124.992320
129.801175
56.951240
81.489414
96.741948
115.686521
139.034099
118.148474
144.781336
96.785457
80.919415
97.003047
62.916669
86.263530
105.199649
71.819517
96.371276
108.394416
117.870415
132.410258
155.187982
178.423526
19.457168
43.196072
67.612870
60.106364
77.612695
94.918956
116.075354
123.789960
143.323778
169.088007
49.231041
72.989309
98.249325
77.473305
92.563041
111.752059
101.891252
122.355223
110.191591
135.134404
130.834079
147.653200
30.060712
56.640349
81.958846
91.093456
113.413468
132.147030
83.762470
93.443722
91.691166
112.679387
110.629907
130.369600
70.443739
72.998682
94.137654
117.483008
135.649880
91.667768
107.585991
116.755642
134.367130
74.367551
96.648135
121.593913
118.896237
108.620698
123.656944
149.314231
68.596189
94.201136
41.892182
64.232539
86.870342
89.142385
108.028615
132.718936
73.128279
88.788866
104.256571
111.074304
82.625615
98.315214
102.213092
82.010974
107.131657
125.197161
140.462365
160.729731
171.152327
192.968354
12.148064
19.723452
30.267563
38.245237
60.176869
82.973401
78.651739
98.481626
95.058343
93.715609
102.746395
115.697732
91.408782
96.490997
115.437632
133.898100
152.019894
166.759832
180.223982
185.719182
31.322370
19.209817
28.805024
38.440816
48.056517
67.004335
72.643782
93.043067
107.235574
124.937304
88.668409
94.130433
92.468761
107.073497
112.955745
117.765670
139.754890
155.650247
175.600629
38.346654
59.712470
40.595611
61.486210
80.748781
79.504457
100.377529
78.242264
84.830048
77.639694
92.581748
100.749587
88.487589
105.959156
104.245967
95.553293
102.016967
99.691970
87.330865
97.915001
95.672142
103.927567
110.542485
83.919281
95.386150
102.711035
111.250410
123.534573
46.633086
64.885263
79.233757
87.884605
86.430581
90.947389
92.166316
84.109238
83.143053
85.865756
80.574530
74.882417
63.292135
68.171458
73.648691

216.545489
192.282352
196.186529
77.026178
92.394102
103.314102
122.337968
135.929560
113.138096
100.833094
122.072931
125.036242
113.027639
116.547841
135.180178
115.998888
135.656213
152.396233
173.373614
39.485000
59.558091
77.095434
79.446891
99.180317
99.553987
106.086627
123.870471
114.539139
108.283260
115.117987
133.110594
154.434606
167.955264
175.222183
187.988471
5.398298
19.669401
40.118471
61.926445
80.417644
94.295151
111.956563
89.322193
101.345494
104.394151
105.145535
99.719904
120.723494
77.650138
90.297461
87.142328
108.002481
127.498809
133.665835
153.047642
173.083721
86.298540
106.508807
127.583760
24.018934
45.064591
65.460644
86.111151
79.802776
93.614579
104.862317
102.765381
113.845047
132.823114
153.282607
107.810689
64.474536
84.935726
99.606292
119.626278
53.461358
72.027249
92.716722
88.742742
102.793075
89.282607
98.372091
95.245581
101.982297
114.580083
88.482733
103.750398
95.574024
111.698066
122.119599
140.979054
157.167465
172.798435
192.861222
203.103123
189.078719
206.375572
23.537130
45.704574
33.011767
39.781499
46.540606
53.310339
60.061523
66.709293
72.817025
78.659091
82.816112
88.140795
95.102702
92.828245
106.753553
124.574780
88.338175
104.807992
113.021810
108.819005
104.959708
123.917529
112.955653
131.909803
60.827503
77.704613
83.292575
81.200369
88.680813
105.740221
123.464938
125.051498
83.617672
103.581547
123.332023
120.978020
137.372899
157.162988
132.665726
36.001347
56.909644
76.187271
91.295137
112.091479
61.535010
81.597761
96.877543
88.121417
91.718832
102.655539
102.954775
107.607251
123.523962
88.005093
92.300107
106.677362
125.514704
142.627268
163.104721
45.165171
33.597675
52.541323
73.865574
90.092003
107.376104
127.972576
136.406485
138.743841
160.248466
18.163896
38.004474
58.344124
61.036752
79.808094
94.880153
96.158860
96.642487
95.480309
107.094168
121.081203
81.063839
89.877853
99.610639
118.285449
110.782971
99.328541
93.581418
103.742783
103.513256
100.451125
119.427245
71.233956
90.467161
109.066079
115.142632
134.093220
147.835587
168.037764
61.031154
81.227445
100.628475
120.476979
138.072040
44.850108
57.611967
76.634368
67.758390
83.276174
90.877451
94.870561
108.912929
95.164970
96.138101
92.329933
96.581830
103.532873
97.834054
100.358854
101.790905
75.296658
90.017334
96.730719
109.002272
104.711756
106.317075
93.696803
104.972875
108.277946
108.606041
89.931423
98.350493
97.143506
108.180549
116.662945
53.426508
69.896641
80.607773
89.447333
85.238421
96.985501
97.464743
98.158889
102.416060
98.596554
98.271453
90.629751
92.733110
88.719452
81.548302
85.509349
90.486665
94.022798
86.734157
97.601876
79.034668
85.445529
92.447130
92.293660
92.395139

208.418535
190.791516
193.153841
196.730432
190.824576
121.198647
108.125826
67.557526
72.784347
70.231923
83.681594
97.389034
91.177459
92.841497
102.103356
107.130764
121.267563
132.379829
145.670005
159.939587
60.408716
74.735640
89.111744
103.586205
106.179240
80.230745
93.161302
106.714978
120.045925
132.410089
99.279102
111.879551
100.659303
95.698979
103.014634
106.816926
114.092223
108.265060
120.104088
67.967054
82.315780
96.238225
104.346569
105.800837
101.808197
114.971854
123.789164
120.507585
84.589373
98.275782
109.019895
122.448175
100.957151
92.911136
107.212278
113.728031
95.848846
105.427391
113.794581
90.941521
95.972147
104.954775
117.479034
82.594388
92.844182
89.897179
99.358949
93.940323
108.095253
90.179737
99.358488
109.332104
117.646648
132.275186
95.781437
108.737473
114.522354
69.266613
82.391214
92.970723
105.042070
116.230302
102.622520
114.251970
79.050889
83.054252
93.289616
96.004783
98.809398
93.763044
104.091280
116.517642
129.971671
114.042668
100.950056
105.233502
119.544322
89.709761
93.476084
94.694911
82.976622
96.258785
90.436556
95.346892
106.960389
119.662392
127.464815
80.554182
94.618401
96.407774
102.047628
112.626344
111.193521
78.980422
88.719116
90.546167
95.713387
93.497759
108.262585
101.325507
106.701081
118.788411
130.914342
123.506616
116.866638
128.298145
142.180203
54.537883
68.781925
81.759757
69.571730
83.090158
96.059661
106.800545
119.967118
127.452909
80.504910
89.391249
98.975392
95.356783
101.966444
84.125867
91.039121
96.432480
86.425262
97.787975
106.560618
114.862005
126.785669
136.113991
108.863807
76.595619
70.441055
78.146255
84.046969
95.582594
105.077906
93.213529
102.367776
109.157752
107.241463
118.309682
129.442195
58.020417
67.899349
75.010569
82.278526
91.127601
95.233344
106.756365
109.981373
119.386161
127.181420
108.105170
95.306586
102.340146
85.521614
97.232234
104.681435
110.475657
108.620676
117.893459
70.508271
78.854365
91.035711
98.379568
107.239094
108.114689
111.087649
85.567648
90.296754
94.460416
95.501383
107.422769
120.929510
66.931551
81.066515
91.231111
87.304462
99.112783
105.061251
97.430013
89.110055
92.805333
96.352452
86.851204
92.763490
88.587214
100.719757
107.345839
100.873071
113.700774
104.143742
114.362001
114.693101
122.916430
117.983263
125.003437
92.004890
100.875196
102.176192
109.279924
119.771418
128.588747
50.783305
56.130253
60.164589
64.686148
69.107957
72.316929
75.467991
81.183648
84.448385
88.712112
96.352725
99.556455
102.636236
106.131189
106.268916
99.068087
92.123118
87.073228
90.384903
93.183224
96.821575
85.816591
87.304133
91.903504
91.431147
90.290025
89.038121
90.010268
90.752576
83.066567
83.081900
89.035341

216.947375
168.824399
162.698464
157.612227
82.051669
104.311324
109.941746
124.679688
124.859936
129.825496
111.275615
113.151229
113.788277
119.634396
112.684938
90.585840
107.847842
107.262251
130.149663
97.081610
117.120392
105.091461
89.827361
108.357354
131.189725
142.642115
136.071834
165.861756
58.627870
68.351151
96.055726
68.076777
73.589785
79.007157
97.498940
79.107395
99.288744
125.671413
137.580831
96.865160
111.890605
117.761747
97.097085
121.122528
104.376015
125.964849
121.504175
149.354308
95.449129
119.530963
89.742561
85.611219
89.407063
84.715013
85.429601
104.246746
120.020275
83.486446
86.762916
95.950318
86.031313
87.609177
86.083997
96.271194
114.868698
123.719816
132.897050
80.895873
96.042321
118.929110
141.887550
120.305185
111.561897
127.945492
126.424184
67.740775
87.853892
98.355848
106.141870
123.019606
86.892206
115.154550
132.534334
142.320458
135.244449
157.756756
78.312946
102.348650
24.285255
30.670446
51.642532
75.464885
85.699798
109.655651
108.461448
112.324908
72.682605
71.903006
95.027115
82.445854
89.606927
75.625534
97.651253
106.856688
124.795330
129.849018
107.362343
99.901695
127.617183
148.520760
130.125912
46.027432
66.090462
90.204076
106.307127
122.109295
117.360757
115.187248
140.218635
33.101019
58.166044
82.696492
95.048247
101.681361
113.274035
102.845638
86.696812
105.794750
125.310244
149.630233
173.942723
182.152832
189.136920
17.278220
20.503592
40.241799
50.305329
72.640672
80.312173
105.689365
126.910927
149.562496
135.667820
55.681844
57.036988
85.560642
112.124212
125.250897
85.031467
100.211748
117.722437
120.845147
141.267679
158.531536
40.279434
59.686745
86.418101
109.057981
108.459761
131.715764
87.927133
74.199100
86.255666
91.779396
87.863864
104.232561
84.128763
101.133699
108.508770
114.878356
136.767270
152.326464
169.810812
29.447837
38.985297
50.026616
60.450123
78.809442
93.468382
105.635615
130.542482
155.098655
76.275588
76.328847
80.695522
88.732041
112.226137
131.356540
150.701796
100.176006
129.112945
155.521145
28.721281
57.053435
63.987190
87.217007
98.760449
103.626938
100.859976
91.152960
109.197632
114.125536
121.670782
131.292595
141.762922
156.229918
174.658560
22.733870
33.681429
44.325554
63.159982
75.005860
87.722550
99.582965
105.410206
104.000028
107.001024
114.964697
73.638585
90.162594
98.113768
105.371707
91.231042
75.206697
86.540530
90.150751
91.879442
102.600019
104.786378
74.745861
84.189095
85.566927
88.492275
92.016665
98.112531
95.016663
95.693958
92.666559
95.823868
85.324766
92.996430
98.048517
94.211288
96.344452
88.561541
89.357769
85.069170
91.433543
80.736916
89.254846
66.686343
72.316375
69.565904
79.094147
74.503092
82.783100

216.497449
182.043672
184.012780
187.654796
55.501913
77.850916
99.268096
110.254366
124.037595
118.549889
143.179690
154.141743
110.361456
84.751748
108.514861
88.630144
109.031557
71.555658
94.811683
100.520813
125.130731
113.682476
131.143386
94.548915
89.355187
99.787272
82.981043
104.256225
128.375615
106.636050
127.742225
147.509243
167.907007
46.237485
68.453296
92.091745
96.573759
96.756550
98.652262
123.588755
131.024478
130.711014
154.511531
58.738415
82.867459
102.100946
126.518570
70.987186
96.025962
48.900404
72.981556
96.912929
121.267754
113.223730
94.504999
118.620643
120.315642
119.739737
123.394685
100.049202
117.023497
92.435870
87.158302
110.797361
133.247027
77.817468
102.727981
119.610279
95.837654
80.349664
85.014003
92.104909
115.026132
138.188724
92.258590
99.990188
117.446349
100.587332
75.394218
99.013652
123.049169
147.397182
167.200035
115.912791
141.279368
54.285850
65.745198
78.466507
83.124756
95.165921
57.446585
59.954478
84.190446
96.498101
119.686367
78.078194
97.498449
117.839413
140.300382
119.690221
100.693156
125.234786
149.649473
38.277009
58.952558
78.966072
100.542900
113.943976
114.211503
121.351707
135.285828
63.510001
72.846967
91.080182
98.970243
123.504360
74.997184
98.526834
94.261562
112.724394
136.043861
61.164411
79.020326
101.211614
106.179408
112.333847
133.407944
146.678137
49.465883
70.554905
92.557272
112.930457
115.220666
136.974907
99.082206
58.714104
82.521077
96.914680
108.335047
74.861141
94.028881
84.105472
90.830676
110.692596
111.193498
91.282885
112.560095
107.818035
119.281162
123.938763
143.914711
39.990851
64.074400
76.733718
87.388693
105.691478
112.655295
136.445600
75.740385
93.110846
114.464380
89.459477
97.613061
73.464830
96.454223
110.411723
111.758480
103.081340
119.210489
93.078180
113.352075
123.869440
136.278426
147.986650
160.519451
172.483007
185.056524
5.235793
6.806515
26.955000
51.036988
73.951177
81.072478
98.870738
119.503175
87.396370
106.733959
128.598659
61.034417
63.179741
81.791647
91.053516
109.690564
99.801214
95.024105
102.595413
96.333770
92.086391
106.363810
119.026665
88.415379
96.575873
111.227708
103.811013
120.385063
96.757461
73.851786
87.326442
74.234016
92.270623
97.865707
112.739680
123.481646
135.577852
149.779721
76.590209
68.357773
78.437240
94.628834
52.571036
63.436478
76.893499
86.144579
101.069535
111.225526
102.322171
92.230437
85.567824
91.372451
96.336592
96.510246
106.515110
101.032844
105.154287
107.826136
111.141545
85.280326
89.182786
94.753600
87.669690
93.697155
93.269335
95.419821
97.887409
96.411826
87.434565
70.631481
77.635638
73.643473
84.841200
80.881401
84.721250
82.592703
87.260157
88.383708
86.148745

216.994238
164.778208
136.608716
135.361370
110.558330
108.734910
121.175936
114.898725
114.104098
111.343448
82.116668
98.756282
108.966592
125.417076
82.924683
100.424463
112.123796
128.492722
136.277155
148.766124
165.813905
129.411655
145.343935
82.367898
97.233027
71.554298
88.644475
103.863832
117.438989
109.120629
124.602353
69.597855
86.277046
97.231011
114.302970
106.411661
114.082377
104.247325
108.646439
105.123728
80.767303
97.973084
98.689414
109.935518
121.205111
128.760095
81.857648
89.691939
82.850561
90.870379
106.867657
122.964961
114.878367
108.658397
105.627623
93.494577
92.273647
101.005468
103.646440
113.165502
80.306502
97.621878
115.242147
111.530486
95.984019
113.732605
123.462706
114.652351
96.903661
110.207077
86.371047
80.897284
88.118423
94.149675
95.604099
95.172327
107.922577
122.859759
138.338734
146.423325
154.325628
60.504644
70.606409
70.654950
87.905237
104.468435
118.868299
136.444123
87.708470
102.599321
120.694387
96.427476
114.387966
47.085911
64.436948
81.960678
94.710255
109.846991
124.364715
102.935676
116.884706
101.568901
110.306394
114.068010
118.522945
136.259855
150.613885
65.674920
71.232177
60.396947
71.170541
88.290961
95.089153
96.752696
106.820796
87.743509
99.699236
114.535744
107.960604
85.044815
97.872885
106.627433
112.394779
114.762577
83.125032
98.283276
103.587249
113.121534
69.912073
79.613550
88.858337
94.807295
105.995369
116.215557
127.005780
80.151202
71.270398
81.172872
91.055126
107.681775
92.787500
108.573360
108.706340
109.269284
105.605420
122.745569
101.063410
118.019458
124.730306
131.924985
133.454768
151.725125
169.846381
181.852998
13.388030
29.982789
44.889848
48.495316
64.868886
76.124262
89.128843
98.656909
96.996244
111.643493
107.149221
115.903913
105.414415
93.828477
92.681166
56.431188
74.006476
87.820541
98.054941
110.529352
98.382327
112.694074
128.459969
85.483514
90.757328
104.838845
88.906613
76.917655
87.503308
91.560944
98.128318
104.396034
116.323982
103.081660
106.310271
122.831172
109.296746
123.242796
128.572219
143.541723
92.918576
107.503901
121.424139
138.429446
55.150569
59.543411
73.403162
59.478664
67.451818
81.546730
77.653125
82.940037
92.116731
101.063843
114.367196
102.246554
105.906577
113.803980
123.745094
95.215213
99.414145
98.853794
99.889140
95.408160
84.938791
94.686140
102.275673
112.419003
101.563317
98.226715
106.469490
112.774504
110.547246
104.400961
55.917173
71.457580
79.644096
84.372190
82.951135
90.851799
79.803789
82.640060
93.115304
97.479561
99.555422
98.481005
90.541115
88.981611
91.196945
94.007829
80.975423
85.619310
94.408352
89.098727
87.528610
88.091468
86.394655
87.446589
83.277179
81.738443
84.951922
86.271609

216.328140
149.774853
160.714578
137.677122
149.472314
161.146461
171.801609
183.808319
195.304260
45.326131
75.909489
79.426093
78.454079
109.257041
59.727659
88.423539
88.998712
107.421207
66.506310
92.136902
122.238696
145.910123
110.156888
131.641171
81.694392
107.281059
69.918263
100.534669
123.862164
149.304860
139.361418
164.455657
127.426771
26.553881
56.998316
77.827484
95.824080
120.807239
124.523770
123.427370
152.866969
78.123986
105.210587
109.593661
51.916856
77.220665
95.828253
98.988172
114.590465
122.418074
83.643190
94.175290
98.898941
111.322841
122.555512
135.066168
145.625686
158.059406
170.481868
183.046387
194.652102
203.654226
11.625448
16.656967
28.256485
40.681376
52.217985
64.405079
76.135693
84.547724
95.390968
105.810862
114.946236
102.163899
105.200608
113.317892
95.849963
103.213231
88.589749
109.539397
106.100446
121.774929
98.155682
111.749678
141.620925
89.046413
120.001593
64.380502
94.336656
122.667165
98.961819
67.720048
76.308079
97.003162
120.302581
58.537409
79.417329
104.248570
97.624140
88.457040
93.537309
121.100658
111.795455
120.351608
132.398876
142.402293
154.783548
167.355745
179.894302
192.453072
34.168908
22.419559
28.827753
33.882203
39.492515
45.605032
58.350320
87.084603
98.319437
103.449526
102.800907
103.151974
91.568278
120.084545
138.171370
61.370897
91.700575
84.426869
80.530485
91.389763
100.240213
101.438416
109.978300
120.258788
131.270566
142.485668
153.438458
166.028099
178.334161
190.843542
202.919977
7.230477
13.740898
23.405923
35.997298
48.414135
60.777233
72.678870
84.327856
86.543195
96.264184
91.290322
92.157950
97.580299
107.745721
132.634175
129.290218
132.314171
86.730331
88.638271
97.445104
85.219218
94.257005
82.031475
108.754895
100.704237
75.621663
96.587767
110.791608
116.332664
126.175285
145.298114
61.689191
84.456970
108.574824
71.791394
87.794380
104.133498
78.255454
101.708438
125.663403
147.051739
171.764966
36.686241
46.760044
71.862128
99.672503
116.082807
134.971318
162.665663
80.614808
100.593986
46.952600
74.580787
57.907301
82.717177
107.843136
104.693041
105.297723
125.015923
144.834521
155.844204
167.044738
176.608403
22.628392
45.491719
75.480915
105.371530
38.136581
43.605354
58.346085
77.130979
92.962555
103.053628
117.983666
138.854318
76.753463
81.524676
90.957684
111.941053
132.583721
69.534241
86.674238
93.925684
102.760818
92.887290
100.617824
83.394277
87.957781
94.543326
102.941961
68.176728
83.634490
93.234704
108.828318
89.332381
95.904753
92.735162
81.203256
88.226497
93.721055
98.077337
99.825748
108.250600
83.931172
91.724689
78.920859
87.492837
89.743347
82.803446
87.860766
88.331929
85.016320
86.695878
79.551441
83.071850

216.352134
143.628895
153.392632
155.960150
118.098132
133.178649
148.651258
158.718665
93.515370
86.379440
107.690611
93.832716
115.651773
139.711988
103.833117
125.798375
80.337380
88.953312
109.239975
117.459574
136.288038
151.802190
80.158336
89.880214
81.187687
102.697372
77.987776
103.041555
99.402654
114.310819
103.873198
120.092657
123.291082
70.234560
92.303004
109.748206
130.920598
155.608641
104.555881
83.235487
107.865499
131.256654
116.149527
82.101584
67.846818
91.602038
68.405601
91.277616
112.086319
97.324242
108.012708
126.063068
73.331946
98.087790
122.369351
108.707079
120.708121
85.326372
98.319326
119.667066
133.557763
89.964792
80.298208
93.062999
98.494788
96.838305
117.700264
95.522489
111.107313
82.121453
71.883871
92.597804
110.639614
135.357491
112.724739
123.892260
135.390873
102.115963
119.383287
26.452676
43.526871
63.742543
78.152755
99.284956
105.894579
125.999141
148.121268
155.237420
91.154452
115.462329
134.091376
40.671957
52.033940
63.288463
78.055042
102.487974
110.129627
129.213775
129.701159
143.324376
136.776843
84.356460
107.444234
61.447114
86.591647
109.959979
75.999489
97.794757
106.847223
112.139746
108.876295
119.643386
103.274119
125.723916
145.521262
168.097713
185.040561
50.241818
75.375084
39.637719
62.043504
65.488741
90.554580
87.393388
93.280156
104.379058
123.717012
129.401031
62.696726
70.916795
83.081388
103.615899
104.627794
125.421903
108.442862
112.047643
132.175989
66.707146
89.010420
108.105335
129.901391
91.865704
114.162630
62.522143
84.059201
83.527128
91.137118
108.276535
122.727693
119.431920
93.741313
115.340559
121.172335
122.662073
68.014746
83.940170
108.807859
85.147262
106.576046
124.335689
147.478522
52.803418
73.550796
78.148329
96.428516
110.314525
117.913587
139.739290
115.774949
57.629679
77.907117
72.034868
75.836025
89.680261
85.778816
102.635538
121.722097
125.712187
146.953394
50.910015
70.797706
88.400262
89.524030
104.659136
125.057273
144.512824
166.167361
110.056786
57.539854
63.412248
82.003630
98.286672
113.882335
112.274264
74.434850
93.345077
52.988707
67.780602
83.009709
88.224252
98.360589
110.743763
91.401303
109.848593
119.568176
134.175871
153.404894
105.940493
68.725663
87.081226
100.294823
116.867082
136.542725
101.355469
56.484635
74.330503
56.015470
67.712729
78.911715
87.471182
82.838156
94.739283
95.171433
95.252588
92.435903
95.878091
102.855633
91.001273
100.823900
103.177987
109.473907
120.630067
120.749486
125.354892
80.178333
96.021133
106.043072
58.023176
68.223393
71.468527
78.253874
85.177659
91.090593
94.026580
96.516604
85.524897
84.684940
98.072231
95.589553
99.795099
100.650575
87.766767
84.340139
89.696675
89.527334
81.025323

206.812381
173.156054
147.880313
156.121579
123.139728
118.715112
129.163030
126.518822
96.968465
74.297210
91.282938
94.542330
112.975866
124.368483
142.300199
154.722283
65.919825
84.255810
100.036219
72.923718
90.401603
99.230254
113.717557
119.806921
113.823366
102.867233
118.482641
129.655255
98.538049
117.243753
94.671957
95.391560
104.202153
83.189680
98.298018
115.497465
102.118894
118.264979
122.910594
107.204100
111.359671
110.743016
113.488126
88.767957
101.516362
120.346869
117.284203
89.699332
103.588949
117.172506
109.785368
128.824940
68.989805
86.921442
105.539998
124.146434
75.196058
93.156299
107.972906
96.640992
103.122341
106.659749
96.954859
112.725864
101.773315
120.625099
102.375490
103.778340
121.948880
111.994433
86.385687
86.091965
105.381043
101.846178
95.997498
71.004378
90.185794
108.662679
122.325778
74.395306
85.894207
81.257856
97.954338
103.768999
120.865007
87.211348
105.384370
122.262587
139.700905
97.837136
111.342526
118.308804
137.434422
77.678911
97.180497
115.933553
50.614107
59.649225
67.373488
82.401281
98.482627
101.025104
106.765154
115.201155
129.057001
125.261356
132.774577
121.249418
103.374545
94.584480
111.251227
124.587871
102.328076
68.961823
80.226119
75.040440
92.710949
86.665884
97.758574
107.968603
117.183649
134.240115
149.926399
110.895016
128.087299
67.365478
83.041010
101.087864
112.453946
104.990373
120.178316
43.984570
57.930532
73.332084
74.125122
88.275641
94.785074
106.471886
108.450835
112.229625
121.858014
124.445186
141.914431
158.341676
55.118833
70.063653
88.168456
105.131428
122.059770
88.928954
101.552516
119.248426
82.801996
94.152074
108.638626
84.057652
88.574588
93.703002
104.960845
110.785654
103.268838
96.716119
73.713636
87.768463
101.942908
109.899711
105.639346
90.306325
100.275360
117.298054
82.076260
96.076251
112.007151
77.919721
90.541050
76.205050
89.448786
88.711823
103.264820
105.368954
86.586874
97.198463
112.586169
105.459498
104.009415
85.780961
99.693538
82.029855
89.938114
97.095698
111.836500
110.414804
99.803890
99.347612
110.836637
109.220697
126.073765
138.598938
115.642000
134.000024
150.611124
160.302182
46.151518
64.721314
80.690656
25.079012
32.831659
40.222022
55.048758
64.335119
71.603902
79.295236
86.303020
91.149285
95.413290
96.097862
102.929622
106.688900
107.684216
113.112738
112.011880
113.746504
96.759253
95.902175
94.930758
96.408751
89.857583
96.547485
92.553646
98.893766
96.651038
96.955460
97.809261
92.432783
95.231964
95.595832
99.571781
101.686998
80.648203
84.506025
89.921884
94.936908
91.524500
94.545670
82.994608
86.698281
87.127954
87.235215
79.896426
85.711331
87.247137
86.456314
91.456811
82.024764
84.049627
87.716940

212.110102
175.552633
130.091591
120.594516
127.112714
125.574852
139.136621
122.625953
110.166053
106.053031
117.311252
130.429703
111.167241
126.444261
138.231462
130.123345
85.990935
99.063212
110.858286
104.203691
111.344749
125.624492
85.095736
92.771380
107.386212
118.930480
130.812941
82.830794
90.225461
89.484890
100.040021
115.889876
105.041405
105.252064
93.325249
105.995259
118.203392
127.317416
96.764166
93.823853
103.666383
108.340353
73.477595
87.586015
100.701481
114.059737
126.957051
101.629640
104.119711
114.088624
118.674096
109.229078
112.215597
90.474621
101.123517
93.412558
105.852813
114.137200
88.008034
101.353778
86.377701
94.987199
69.437359
79.189231
95.198969
106.909091
120.577365
132.484349
147.520130
96.556747
110.490519
126.089227
94.801681
108.559621
122.450987
123.380820
137.500744
51.616166
52.703437
64.401322
72.557712
86.716474
96.576832
102.782989
116.613031
105.967720
97.272977
109.757823
119.318854
128.030068
138.665362
76.419053
78.406411
93.975669
104.296676
98.313441
104.033600
118.756735
95.319285
99.093418
115.144327
117.130215
104.398740
116.129960
118.254268
133.891630
77.612755
79.640663
78.588690
65.585024
79.132500
95.122765
103.914423
79.817646
95.110209
68.533174
82.049105
88.149318
98.927998
102.336548
107.942790
108.151053
92.337990
94.731341
106.778965
119.580632
107.751883
99.416112
106.109944
120.279137
132.695309
106.979174
119.030417
132.935283
104.677143
75.259802
83.328877
83.985194
98.686415
111.611702
73.565156
68.009701
79.697476
92.993540
105.736426
118.169120
132.492103
142.016806
62.830942
77.176387
75.381091
88.084309
101.208764
91.267496
88.722109
95.764691
93.579327
107.403921
110.771167
110.624123
92.947845
92.410215
106.695024
109.588771
64.209381
78.805163
89.218729
90.673686
100.602195
109.994787
107.012708
121.567298
135.946065
148.534163
163.253699
177.785709
191.127680
81.631457
97.749668
27.561787
34.773004
47.554388
62.363308
66.960120
79.047799
83.253733
95.415341
100.897972
113.250918
92.357596
91.847794
96.945952
106.107307
114.705645
73.478244
84.681115
87.754646
101.133054
102.262775
95.640777
105.150963
87.486505
94.452323
95.470214
101.230729
94.690988
103.933660
112.029891
112.507665
93.599248
101.879729
100.860712
89.460136
96.802995
104.583033
98.148942
103.278767
111.985117
88.508741
60.136731
72.439059
86.260990
92.968554
98.760586
86.041506
96.254577
103.135214
99.848494
104.321164
108.761752
112.839952
120.847546
71.057123
62.380393
65.586595
76.477637
85.320851
90.528277
96.963790
104.621093
94.652760
98.592924
99.742829
91.898575
95.024157
99.626474
102.069730
96.251713
98.298339
89.879547
92.120311
82.209038
84.617622
88.429105
89.022966
91.305759

