Iter	 Iter_time	 Master	 Subprob	 Full_Test	 argmax	Iter_acc	 Master_acc	 Subprob_acc	 Full_Test_acc	 argmax_acc
1	 0.000655	 0.000457	 0.000107	 0.000000	 0.000067	0.000655	 0.000457	 0.000107	 0.000000	 0.000067
2	 0.003889	 0.003691	 0.000087	 0.000000	 0.000072	0.004544	 0.004148	 0.000194	 0.000000	 0.000139
3	 0.003515	 0.003431	 0.000040	 0.000000	 0.000016	0.008059	 0.007579	 0.000234	 0.000000	 0.000155
4	 0.003786	 0.003694	 0.000050	 0.000000	 0.000015	0.011845	 0.011273	 0.000284	 0.000000	 0.000170
5	 0.003747	 0.003577	 0.000086	 0.000000	 0.000046	0.015592	 0.014850	 0.000370	 0.000000	 0.000216
6	 0.003757	 0.003653	 0.000039	 0.000000	 0.000034	0.019349	 0.018503	 0.000409	 0.000000	 0.000250
7	 0.003572	 0.003399	 0.000101	 0.000000	 0.000033	0.022921	 0.021902	 0.000510	 0.000000	 0.000283
8	 0.004182	 0.004103	 0.000035	 0.000000	 0.000018	0.027103	 0.026005	 0.000545	 0.000000	 0.000301
9	 0.003924	 0.003773	 0.000083	 0.000000	 0.000034	0.031027	 0.029778	 0.000628	 0.000000	 0.000335
10	 0.003594	 0.003416	 0.000055	 0.000000	 0.000092	0.034621	 0.033194	 0.000683	 0.000000	 0.000427
11	 0.003543	 0.003398	 0.000080	 0.000000	 0.000037	0.038164	 0.036592	 0.000763	 0.000000	 0.000464
12	 0.003990	 0.003910	 0.000035	 0.000000	 0.000020	0.042154	 0.040502	 0.000798	 0.000000	 0.000484
13	 0.003611	 0.003471	 0.000075	 0.000000	 0.000037	0.045765	 0.043973	 0.000873	 0.000000	 0.000521
14	 0.003527	 0.003445	 0.000032	 0.000000	 0.000021	0.049292	 0.047418	 0.000905	 0.000000	 0.000542
15	 0.004313	 0.004136	 0.000095	 0.000000	 0.000042	0.053605	 0.051554	 0.001000	 0.000000	 0.000584
16	 0.004109	 0.004019	 0.000032	 0.000000	 0.000031	0.057714	 0.055573	 0.001032	 0.000000	 0.000615
17	 0.003523	 0.003369	 0.000079	 0.000000	 0.000044	0.061237	 0.058942	 0.001111	 0.000000	 0.000659
18	 0.003502	 0.003416	 0.000035	 0.000000	 0.000021	0.064739	 0.062358	 0.001146	 0.000000	 0.000680
19	 0.003257	 0.003162	 0.000046	 0.000000	 0.000021	0.067996	 0.065520	 0.001192	 0.000000	 0.000701
20	 0.003596	 0.003459	 0.000073	 0.000000	 0.000038	0.071592	 0.068979	 0.001265	 0.000000	 0.000739
21	 0.003995	 0.003916	 0.000032	 0.000000	 0.000021	0.075587	 0.072895	 0.001297	 0.000000	 0.000760
22	 0.003771	 0.003634	 0.000060	 0.000000	 0.000047	0.079358	 0.076529	 0.001357	 0.000000	 0.000807
23	 0.003879	 0.003770	 0.000058	 0.000000	 0.000025	0.083237	 0.080299	 0.001415	 0.000000	 0.000832
24	 0.003703	 0.003563	 0.000073	 0.000000	 0.000037	0.086940	 0.083862	 0.001488	 0.000000	 0.000869
25	 0.003847	 0.003754	 0.000045	 0.000000	 0.000021	0.090787	 0.087616	 0.001533	 0.000000	 0.000890
26	 0.003447	 0.003303	 0.000076	 0.000000	 0.000040	0.094234	 0.090919	 0.001609	 0.000000	 0.000930
27	 0.003666	 0.003586	 0.000034	 0.000000	 0.000022	0.097900	 0.094505	 0.001643	 0.000000	 0.000952
28	 0.003664	 0.003520	 0.000074	 0.000000	 0.000039	0.101564	 0.098025	 0.001717	 0.000000	 0.000991
29	 0.004037	 0.003936	 0.000042	 0.000000	 0.000027	0.105601	 0.101961	 0.001759	 0.000000	 0.001018
30	 0.003574	 0.003411	 0.000092	 0.000000	 0.000043	0.109175	 0.105372	 0.001851	 0.000000	 0.001061
31	 0.003827	 0.003743	 0.000034	 0.000000	 0.000023	0.113002	 0.109115	 0.001885	 0.000000	 0.001084
32	 0.004021	 0.003868	 0.000082	 0.000000	 0.000040	0.117023	 0.112983	 0.001967	 0.000000	 0.001124
33	 0.003789	 0.003692	 0.000047	 0.000000	 0.000023	0.120812	 0.116675	 0.002014	 0.000000	 0.001147
34	 0.004596	 0.004456	 0.000062	 0.000000	 0.000043	0.125408	 0.121131	 0.002076	 0.000000	 0.001190
35	 0.003753	 0.003662	 0.000035	 0.000000	 0.000026	0.129161	 0.124793	 0.002111	 0.000000	 0.001216
36	 0.004543	 0.004365	 0.000097	 0.000000	 0.000047	0.133704	 0.129158	 0.002208	 0.000000	 0.001263
37	 0.003031	 0.002931	 0.000052	 0.000000	 0.000023	0.136735	 0.132089	 0.002260	 0.000000	 0.001286
38	 0.003562	 0.003406	 0.000076	 0.000000	 0.000042	0.140297	 0.135495	 0.002336	 0.000000	 0.001328
39	 0.003897	 0.003800	 0.000050	 0.000000	 0.000023	0.144194	 0.139295	 0.002386	 0.000000	 0.001351
40	 0.003386	 0.003256	 0.000060	 0.000000	 0.000040	0.147580	 0.142551	 0.002446	 0.000000	 0.001391
41	 0.003583	 0.003481	 0.000051	 0.000000	 0.000023	0.151163	 0.146032	 0.002497	 0.000000	 0.001414
42	 0.004069	 0.003915	 0.000073	 0.000000	 0.000044	0.155232	 0.149947	 0.002570	 0.000000	 0.001458
43	 0.004254	 0.004148	 0.000047	 0.000000	 0.000035	0.159486	 0.154095	 0.002617	 0.000000	 0.001493
44	 0.003791	 0.003631	 0.000077	 0.000000	 0.000053	0.163277	 0.157726	 0.002694	 0.000000	 0.001546
45	 0.003806	 0.003711	 0.000046	 0.000000	 0.000024	0.167083	 0.161437	 0.002740	 0.000000	 0.001570
46	 0.003526	 0.003378	 0.000074	 0.000000	 0.000046	0.170609	 0.164815	 0.002814	 0.000000	 0.001616
47	 0.003621	 0.003517	 0.000047	 0.000000	 0.000025	0.174230	 0.168332	 0.002861	 0.000000	 0.001641
48	 0.003721	 0.003628	 0.000044	 0.000000	 0.000025	0.177951	 0.171960	 0.002905	 0.000000	 0.001666
49	 0.003732	 0.003587	 0.000070	 0.000000	 0.000046	0.181683	 0.175547	 0.002975	 0.000000	 0.001712
50	 0.003450	 0.003355	 0.000044	 0.000000	 0.000024	0.185133	 0.178902	 0.003019	 0.000000	 0.001736
51	 0.003566	 0.003417	 0.000071	 0.000000	 0.000047	0.188699	 0.182319	 0.003090	 0.000000	 0.001783
52	 0.004010	 0.003927	 0.000033	 0.000000	 0.000026	0.192709	 0.186246	 0.003123	 0.000000	 0.001809
53	 0.003724	 0.003593	 0.000056	 0.000000	 0.000045	0.196433	 0.189839	 0.003179	 0.000000	 0.001854
54	 0.003256	 0.003160	 0.000045	 0.000000	 0.000026	0.199689	 0.192999	 0.003224	 0.000000	 0.001880
55	 0.003633	 0.003475	 0.000080	 0.000000	 0.000048	0.203322	 0.196474	 0.003304	 0.000000	 0.001928
56	 0.003596	 0.003491	 0.000043	 0.000000	 0.000027	0.206918	 0.199965	 0.003347	 0.000000	 0.001955
57	 0.004058	 0.003891	 0.000073	 0.000000	 0.000055	0.210976	 0.203856	 0.003420	 0.000000	 0.002010
58	 0.003653	 0.003552	 0.000035	 0.000000	 0.000037	0.214629	 0.207408	 0.003455	 0.000000	 0.002047
59	 0.003743	 0.003596	 0.000061	 0.000000	 0.000057	0.218372	 0.211004	 0.003516	 0.000000	 0.002104
60	 0.004440	 0.004311	 0.000064	 0.000000	 0.000037	0.222812	 0.215315	 0.003580	 0.000000	 0.002141
61	 0.003831	 0.003650	 0.000088	 0.000000	 0.000063	0.226643	 0.218965	 0.003668	 0.000000	 0.002204
62	 0.003689	 0.003591	 0.000043	 0.000000	 0.000027	0.230332	 0.222556	 0.003711	 0.000000	 0.002231
63	 0.004021	 0.003877	 0.000062	 0.000000	 0.000048	0.234353	 0.226433	 0.003773	 0.000000	 0.002279
64	 0.003746	 0.003643	 0.000042	 0.000000	 0.000031	0.238099	 0.230076	 0.003815	 0.000000	 0.002310
65	 0.003752	 0.003615	 0.000060	 0.000000	 0.000049	0.241851	 0.233691	 0.003875	 0.000000	 0.002359
66	 0.004136	 0.004052	 0.000031	 0.000000	 0.000025	0.245987	 0.237743	 0.003906	 0.000000	 0.002384
67	 0.003565	 0.003391	 0.000094	 0.000000	 0.000053	0.249552	 0.241134	 0.004000	 0.000000	 0.002437
68	 0.003406	 0.003317	 0.000036	 0.000000	 0.000028	0.252958	 0.244451	 0.004036	 0.000000	 0.002465
69	 0.003781	 0.003616	 0.000076	 0.000000	 0.000050	0.256739	 0.248067	 0.004112	 0.000000	 0.002515
70	 0.003561	 0.003463	 0.000045	 0.000000	 0.000028	0.260300	 0.251530	 0.004157	 0.000000	 0.002543
71	 0.004032	 0.003895	 0.000058	 0.000000	 0.000049	0.264332	 0.255425	 0.004215	 0.000000	 0.002592
72	 0.004171	 0.004087	 0.000031	 0.000000	 0.000026	0.268503	 0.259512	 0.004246	 0.000000	 0.002618
73	 0.004383	 0.004224	 0.000077	 0.000000	 0.000052	0.272886	 0.263736	 0.004323	 0.000000	 0.002670
74	 0.003773	 0.003678	 0.000039	 0.000000	 0.000029	0.276659	 0.267414	 0.004362	 0.000000	 0.002699
75	 0.003444	 0.003278	 0.000082	 0.000000	 0.000052	0.280103	 0.270692	 0.004444	 0.000000	 0.002751
76	 0.003687	 0.003591	 0.000033	 0.000000	 0.000029	0.283790	 0.274283	 0.004477	 0.000000	 0.002780
77	 0.003374	 0.003272	 0.000047	 0.000000	 0.000028	0.287164	 0.277555	 0.004524	 0.000000	 0.002808
78	 0.003210	 0.003027	 0.000089	 0.000000	 0.000058	0.290374	 0.280582	 0.004613	 0.000000	 0.002866
79	 0.003921	 0.003819	 0.000037	 0.000000	 0.000027	0.294295	 0.284401	 0.004650	 0.000000	 0.002893
80	 0.004312	 0.004206	 0.000048	 0.000000	 0.000030	0.298607	 0.288607	 0.004698	 0.000000	 0.002923
81	 0.003783	 0.003619	 0.000077	 0.000000	 0.000054	0.302390	 0.292226	 0.004775	 0.000000	 0.002977
82	 0.003780	 0.003675	 0.000051	 0.000000	 0.000029	0.306170	 0.295901	 0.004826	 0.000000	 0.003006
83	 0.004156	 0.004002	 0.000074	 0.000000	 0.000052	0.310326	 0.299903	 0.004900	 0.000000	 0.003058
84	 0.003869	 0.003782	 0.000031	 0.000000	 0.000028	0.314195	 0.303685	 0.004931	 0.000000	 0.003086
85	 0.004087	 0.003926	 0.000076	 0.000000	 0.000055	0.318282	 0.307611	 0.005007	 0.000000	 0.003141
86	 0.003728	 0.003613	 0.000049	 0.000000	 0.000029	0.322010	 0.311224	 0.005056	 0.000000	 0.003170
87	 0.003546	 0.003447	 0.000042	 0.000000	 0.000029	0.325556	 0.314671	 0.005098	 0.000000	 0.003199
88	 0.003449	 0.003291	 0.000072	 0.000000	 0.000053	0.329005	 0.317962	 0.005170	 0.000000	 0.003252
89	 0.005082	 0.004971	 0.000047	 0.000000	 0.000040	0.334087	 0.322933	 0.005217	 0.000000	 0.003292
90	 0.003540	 0.003389	 0.000060	 0.000000	 0.000062	0.337627	 0.326322	 0.005277	 0.000000	 0.003354
91	 0.003341	 0.003252	 0.000033	 0.000000	 0.000029	0.340968	 0.329574	 0.005310	 0.000000	 0.003383
92	 0.003570	 0.003422	 0.000054	 0.000000	 0.000053	0.344538	 0.332996	 0.005364	 0.000000	 0.003436
93	 0.003530	 0.003423	 0.000032	 0.000000	 0.000037	0.348068	 0.336419	 0.005396	 0.000000	 0.003473
94	 0.004228	 0.004132	 0.000032	 0.000000	 0.000039	0.352296	 0.340551	 0.005428	 0.000000	 0.003512
95	 0.003787	 0.003616	 0.000076	 0.000000	 0.000065	0.356083	 0.344167	 0.005504	 0.000000	 0.003577
96	 0.004545	 0.004435	 0.000044	 0.000000	 0.000039	0.360628	 0.348602	 0.005548	 0.000000	 0.003616
97	 0.004190	 0.004044	 0.000061	 0.000000	 0.000057	0.364818	 0.352646	 0.005609	 0.000000	 0.003673
98	 0.003721	 0.003608	 0.000046	 0.000000	 0.000037	0.368539	 0.356254	 0.005655	 0.000000	 0.003710
99	 0.003852	 0.003638	 0.000098	 0.000000	 0.000081	0.372391	 0.359892	 0.005753	 0.000000	 0.003791
100	 0.003793	 0.003702	 0.000032	 0.000000	 0.000031	0.376184	 0.363594	 0.005785	 0.000000	 0.003822
101	 0.003983	 0.003812	 0.000083	 0.000000	 0.000057	0.380167	 0.367406	 0.005868	 0.000000	 0.003879
102	 0.004302	 0.004176	 0.000032	 0.000000	 0.000030	0.384469	 0.371582	 0.005900	 0.000000	 0.003909
103	 0.004363	 0.004191	 0.000083	 0.000000	 0.000058	0.388832	 0.375773	 0.005983	 0.000000	 0.003967
104	 0.003868	 0.003752	 0.000048	 0.000000	 0.000040	0.392700	 0.379525	 0.006031	 0.000000	 0.004007
105	 0.004788	 0.004605	 0.000073	 0.000000	 0.000068	0.397488	 0.384130	 0.006104	 0.000000	 0.004075
106	 0.004126	 0.004023	 0.000047	 0.000000	 0.000031	0.401614	 0.388153	 0.006151	 0.000000	 0.004106
107	 0.004285	 0.004118	 0.000078	 0.000000	 0.000059	0.405899	 0.392271	 0.006229	 0.000000	 0.004165
108	 0.004411	 0.004313	 0.000042	 0.000000	 0.000030	0.410310	 0.396584	 0.006271	 0.000000	 0.004195
109	 0.004144	 0.003982	 0.000071	 0.000000	 0.000057	0.414454	 0.400566	 0.006342	 0.000000	 0.004252
110	 0.003942	 0.003839	 0.000037	 0.000000	 0.000033	0.418396	 0.404405	 0.006379	 0.000000	 0.004285
111	 0.003968	 0.003774	 0.000067	 0.000000	 0.000082	0.422364	 0.408179	 0.006446	 0.000000	 0.004367
112	 0.003839	 0.003744	 0.000035	 0.000000	 0.000031	0.426203	 0.411923	 0.006481	 0.000000	 0.004398
113	 0.003763	 0.003582	 0.000091	 0.000000	 0.000060	0.429966	 0.415505	 0.006572	 0.000000	 0.004458
114	 0.003871	 0.003780	 0.000033	 0.000000	 0.000032	0.433837	 0.419285	 0.006605	 0.000000	 0.004490
115	 0.004210	 0.004052	 0.000057	 0.000000	 0.000059	0.438047	 0.423337	 0.006662	 0.000000	 0.004549
116	 0.003716	 0.003598	 0.000047	 0.000000	 0.000041	0.441763	 0.426935	 0.006709	 0.000000	 0.004590
117	 0.004264	 0.004094	 0.000062	 0.000000	 0.000069	0.446027	 0.431029	 0.006771	 0.000000	 0.004659
118	 0.004156	 0.004059	 0.000032	 0.000000	 0.000038	0.450183	 0.435088	 0.006803	 0.000000	 0.004697
119	 0.004283	 0.004126	 0.000058	 0.000000	 0.000069	0.454466	 0.439214	 0.006861	 0.000000	 0.004766
120	 0.004101	 0.004013	 0.000031	 0.000000	 0.000030	0.458567	 0.443227	 0.006892	 0.000000	 0.004796
121	 0.004386	 0.004232	 0.000060	 0.000000	 0.000062	0.462953	 0.447459	 0.006952	 0.000000	 0.004858
122	 0.003778	 0.003670	 0.000035	 0.000000	 0.000043	0.466731	 0.451129	 0.006987	 0.000000	 0.004901
123	 0.003976	 0.003816	 0.000058	 0.000000	 0.000069	0.470707	 0.454945	 0.007045	 0.000000	 0.004970
124	 0.003248	 0.003143	 0.000034	 0.000000	 0.000040	0.473955	 0.458088	 0.007079	 0.000000	 0.005010
125	 0.004261	 0.004076	 0.000065	 0.000000	 0.000075	0.478216	 0.462164	 0.007144	 0.000000	 0.005085
126	 0.004394	 0.004266	 0.000063	 0.000000	 0.000038	0.482610	 0.466430	 0.007207	 0.000000	 0.005123
127	 0.003733	 0.003555	 0.000074	 0.000000	 0.000072	0.486343	 0.469985	 0.007281	 0.000000	 0.005195
128	 0.003677	 0.003561	 0.000047	 0.000000	 0.000042	0.490020	 0.473546	 0.007328	 0.000000	 0.005237
129	 0.004617	 0.004441	 0.000072	 0.000000	 0.000071	0.494637	 0.477987	 0.007400	 0.000000	 0.005308
130	 0.004200	 0.004095	 0.000046	 0.000000	 0.000032	0.498837	 0.482082	 0.007446	 0.000000	 0.005340
131	 0.003836	 0.003674	 0.000073	 0.000000	 0.000062	0.502673	 0.485756	 0.007519	 0.000000	 0.005402
132	 0.003484	 0.003368	 0.000047	 0.000000	 0.000042	0.506157	 0.489124	 0.007566	 0.000000	 0.005444
133	 0.003642	 0.003479	 0.000060	 0.000000	 0.000072	0.509799	 0.492603	 0.007626	 0.000000	 0.005516
134	 0.004436	 0.004323	 0.000047	 0.000000	 0.000042	0.514235	 0.496926	 0.007673	 0.000000	 0.005558
135	 0.003460	 0.003269	 0.000076	 0.000000	 0.000073	0.517695	 0.500195	 0.007749	 0.000000	 0.005631
136	 0.003988	 0.003885	 0.000033	 0.000000	 0.000042	0.521683	 0.504080	 0.007782	 0.000000	 0.005673
137	 0.003924	 0.003741	 0.000077	 0.000000	 0.000074	0.525607	 0.507821	 0.007859	 0.000000	 0.005747
138	 0.003752	 0.003657	 0.000031	 0.000000	 0.000033	0.529359	 0.511478	 0.007890	 0.000000	 0.005780
139	 0.004210	 0.004040	 0.000076	 0.000000	 0.000062	0.533569	 0.515518	 0.007966	 0.000000	 0.005842
140	 0.003700	 0.003597	 0.000045	 0.000000	 0.000031	0.537269	 0.519115	 0.008011	 0.000000	 0.005873
141	 0.004111	 0.003955	 0.000061	 0.000000	 0.000066	0.541380	 0.523070	 0.008072	 0.000000	 0.005939
142	 0.004192	 0.004090	 0.000045	 0.000000	 0.000032	0.545572	 0.527160	 0.008117	 0.000000	 0.005971
143	 0.004556	 0.004374	 0.000075	 0.000000	 0.000068	0.550128	 0.531534	 0.008192	 0.000000	 0.006039
144	 0.004592	 0.004482	 0.000048	 0.000000	 0.000035	0.554720	 0.536016	 0.008240	 0.000000	 0.006074
145	 0.004295	 0.004121	 0.000073	 0.000000	 0.000068	0.559015	 0.540137	 0.008313	 0.000000	 0.006142
146	 0.003711	 0.003606	 0.000037	 0.000000	 0.000037	0.562726	 0.543743	 0.008350	 0.000000	 0.006179
147	 0.004049	 0.003866	 0.000083	 0.000000	 0.000066	0.566775	 0.547609	 0.008433	 0.000000	 0.006245
148	 0.004076	 0.003956	 0.000046	 0.000000	 0.000035	0.570851	 0.551565	 0.008479	 0.000000	 0.006280
149	 0.004430	 0.004332	 0.000035	 0.000000	 0.000034	0.575281	 0.555897	 0.008514	 0.000000	 0.006314
150	 0.003587	 0.003425	 0.000063	 0.000000	 0.000068	0.578868	 0.559322	 0.008577	 0.000000	 0.006382
151	 0.004032	 0.003900	 0.000061	 0.000000	 0.000040	0.582900	 0.563222	 0.008638	 0.000000	 0.006422
152	 0.003765	 0.003589	 0.000076	 0.000000	 0.000066	0.586665	 0.566811	 0.008714	 0.000000	 0.006488
153	 0.003676	 0.003565	 0.000048	 0.000000	 0.000036	0.590341	 0.570376	 0.008762	 0.000000	 0.006524
154	 0.003688	 0.003516	 0.000073	 0.000000	 0.000068	0.594029	 0.573892	 0.008835	 0.000000	 0.006592
155	 0.003629	 0.003535	 0.000031	 0.000000	 0.000035	0.597658	 0.577427	 0.008866	 0.000000	 0.006627
156	 0.004251	 0.004077	 0.000079	 0.000000	 0.000067	0.601909	 0.581504	 0.008945	 0.000000	 0.006694
157	 0.003965	 0.003857	 0.000047	 0.000000	 0.000034	0.605874	 0.585361	 0.008992	 0.000000	 0.006728
158	 0.004162	 0.004001	 0.000059	 0.000000	 0.000069	0.610036	 0.589362	 0.009051	 0.000000	 0.006797
159	 0.004191	 0.004061	 0.000060	 0.000000	 0.000039	0.614227	 0.593423	 0.009111	 0.000000	 0.006836
160	 0.004104	 0.003933	 0.000073	 0.000000	 0.000067	0.618331	 0.597356	 0.009184	 0.000000	 0.006903
161	 0.004256	 0.004126	 0.000048	 0.000000	 0.000036	0.622587	 0.601482	 0.009232	 0.000000	 0.006939
162	 0.004097	 0.003935	 0.000070	 0.000000	 0.000044	0.626684	 0.605417	 0.009302	 0.000000	 0.006983
163	 0.003676	 0.003418	 0.000121	 0.000000	 0.000085	0.630360	 0.608835	 0.009423	 0.000000	 0.007068
164	 0.004183	 0.003961	 0.000104	 0.000000	 0.000062	0.634543	 0.612796	 0.009527	 0.000000	 0.007130
165	 0.003911	 0.003679	 0.000103	 0.000000	 0.000083	0.638454	 0.616475	 0.009630	 0.000000	 0.007213
166	 0.004004	 0.003795	 0.000096	 0.000000	 0.000063	0.642458	 0.620270	 0.009726	 0.000000	 0.007276
167	 0.004746	 0.004071	 0.000309	 0.000000	 0.000285	0.647204	 0.624341	 0.010035	 0.000000	 0.007561
168	 0.003433	 0.003271	 0.000076	 0.000000	 0.000044	0.650637	 0.627612	 0.010111	 0.000000	 0.007605
169	 0.004232	 0.003886	 0.000157	 0.000000	 0.000110	0.654869	 0.631498	 0.010268	 0.000000	 0.007715
170	 0.003100	 0.002877	 0.000098	 0.000000	 0.000069	0.657969	 0.634375	 0.010366	 0.000000	 0.007784
171	 0.004499	 0.004147	 0.000156	 0.000000	 0.000126	0.662468	 0.638522	 0.010522	 0.000000	 0.007910
172	 0.004037	 0.003877	 0.000071	 0.000000	 0.000041	0.666505	 0.642399	 0.010593	 0.000000	 0.007951
173	 0.004518	 0.004249	 0.000108	 0.000000	 0.000112	0.671023	 0.646648	 0.010701	 0.000000	 0.008063
174	 0.003770	 0.003636	 0.000063	 0.000000	 0.000036	0.674793	 0.650284	 0.010764	 0.000000	 0.008099
175	 0.003356	 0.003142	 0.000094	 0.000000	 0.000077	0.678149	 0.653426	 0.010858	 0.000000	 0.008176
176	 0.004092	 0.003987	 0.000034	 0.000000	 0.000038	0.682241	 0.657413	 0.010892	 0.000000	 0.008214
177	 0.004562	 0.004356	 0.000072	 0.000000	 0.000083	0.686803	 0.661769	 0.010964	 0.000000	 0.008297
178	 0.004451	 0.004305	 0.000055	 0.000000	 0.000048	0.691254	 0.666074	 0.011019	 0.000000	 0.008345
179	 0.004649	 0.004486	 0.000058	 0.000000	 0.000072	0.695903	 0.670560	 0.011077	 0.000000	 0.008417
180	 0.003480	 0.003384	 0.000031	 0.000000	 0.000036	0.699383	 0.673944	 0.011108	 0.000000	 0.008453
181	 0.004880	 0.004665	 0.000094	 0.000000	 0.000072	0.704263	 0.678609	 0.011202	 0.000000	 0.008525
182	 0.004184	 0.004064	 0.000051	 0.000000	 0.000040	0.708447	 0.682673	 0.011253	 0.000000	 0.008565
183	 0.004061	 0.003900	 0.000059	 0.000000	 0.000070	0.712508	 0.686573	 0.011312	 0.000000	 0.008635
184	 0.004839	 0.004730	 0.000045	 0.000000	 0.000037	0.717347	 0.691303	 0.011357	 0.000000	 0.008672
185	 0.004328	 0.004147	 0.000075	 0.000000	 0.000072	0.721675	 0.695450	 0.011432	 0.000000	 0.008744
186	 0.004017	 0.003903	 0.000047	 0.000000	 0.000039	0.725692	 0.699353	 0.011479	 0.000000	 0.008783
187	 0.004484	 0.004295	 0.000074	 0.000000	 0.000072	0.730176	 0.703648	 0.011553	 0.000000	 0.008855
188	 0.004494	 0.004366	 0.000050	 0.000000	 0.000049	0.734670	 0.708014	 0.011603	 0.000000	 0.008904
189	 0.004262	 0.004070	 0.000074	 0.000000	 0.000085	0.738932	 0.712084	 0.011677	 0.000000	 0.008989
190	 0.004209	 0.004098	 0.000045	 0.000000	 0.000037	0.743141	 0.716182	 0.011722	 0.000000	 0.009026
191	 0.004503	 0.004319	 0.000072	 0.000000	 0.000075	0.747644	 0.720501	 0.011794	 0.000000	 0.009101
192	 0.003901	 0.003792	 0.000041	 0.000000	 0.000041	0.751545	 0.724293	 0.011835	 0.000000	 0.009142
193	 0.003805	 0.003644	 0.000057	 0.000000	 0.000072	0.755350	 0.727937	 0.011892	 0.000000	 0.009214
194	 0.004056	 0.003925	 0.000058	 0.000000	 0.000038	0.759406	 0.731862	 0.011950	 0.000000	 0.009252
195	 0.003999	 0.003791	 0.000089	 0.000000	 0.000080	0.763405	 0.735653	 0.012039	 0.000000	 0.009332
196	 0.003820	 0.003703	 0.000051	 0.000000	 0.000037	0.767225	 0.739356	 0.012090	 0.000000	 0.009369
197	 0.003915	 0.003731	 0.000073	 0.000000	 0.000079	0.771140	 0.743087	 0.012163	 0.000000	 0.009448
198	 0.003621	 0.003526	 0.000033	 0.000000	 0.000036	0.774761	 0.746613	 0.012196	 0.000000	 0.009484
199	 0.004191	 0.004027	 0.000056	 0.000000	 0.000076	0.778952	 0.750640	 0.012252	 0.000000	 0.009560
200	 0.004357	 0.004254	 0.000033	 0.000000	 0.000039	0.783309	 0.754894	 0.012285	 0.000000	 0.009599
201	 0.004218	 0.004032	 0.000075	 0.000000	 0.000077	0.787527	 0.758926	 0.012360	 0.000000	 0.009676
202	 0.003974	 0.003836	 0.000048	 0.000000	 0.000040	0.791501	 0.762762	 0.012408	 0.000000	 0.009716
203	 0.003597	 0.003425	 0.000062	 0.000000	 0.000079	0.795098	 0.766187	 0.012470	 0.000000	 0.009795
204	 0.003773	 0.003642	 0.000058	 0.000000	 0.000040	0.798871	 0.769829	 0.012528	 0.000000	 0.009835
205	 0.004396	 0.004222	 0.000065	 0.000000	 0.000079	0.803267	 0.774051	 0.012593	 0.000000	 0.009914
206	 0.004496	 0.004399	 0.000032	 0.000000	 0.000039	0.807763	 0.778450	 0.012625	 0.000000	 0.009953
207	 0.004414	 0.004225	 0.000076	 0.000000	 0.000079	0.812177	 0.782675	 0.012701	 0.000000	 0.010032
208	 0.005252	 0.005131	 0.000041	 0.000000	 0.000044	0.817429	 0.787806	 0.012742	 0.000000	 0.010076
209	 0.004233	 0.004065	 0.000057	 0.000000	 0.000079	0.821662	 0.791871	 0.012799	 0.000000	 0.010155
210	 0.003551	 0.003432	 0.000055	 0.000000	 0.000039	0.825213	 0.795303	 0.012854	 0.000000	 0.010194
211	 0.003918	 0.003732	 0.000071	 0.000000	 0.000079	0.829131	 0.799035	 0.012925	 0.000000	 0.010273
212	 0.003695	 0.003577	 0.000049	 0.000000	 0.000041	0.832826	 0.802612	 0.012974	 0.000000	 0.010314
213	 0.004303	 0.004114	 0.000076	 0.000000	 0.000080	0.837129	 0.806726	 0.013050	 0.000000	 0.010394
214	 0.004576	 0.004459	 0.000047	 0.000000	 0.000042	0.841705	 0.811185	 0.013097	 0.000000	 0.010436
215	 0.003810	 0.003595	 0.000090	 0.000000	 0.000090	0.845515	 0.814780	 0.013187	 0.000000	 0.010526
216	 0.003823	 0.003701	 0.000052	 0.000000	 0.000040	0.849338	 0.818481	 0.013239	 0.000000	 0.010566
217	 0.003525	 0.003358	 0.000063	 0.000000	 0.000079	0.852863	 0.821839	 0.013302	 0.000000	 0.010645
218	 0.004209	 0.004091	 0.000050	 0.000000	 0.000040	0.857072	 0.825930	 0.013352	 0.000000	 0.010685
219	 0.004307	 0.004112	 0.000080	 0.000000	 0.000081	0.861379	 0.830042	 0.013432	 0.000000	 0.010766
220	 0.003441	 0.003334	 0.000037	 0.000000	 0.000040	0.864820	 0.833376	 0.013469	 0.000000	 0.010806
221	 0.004374	 0.004189	 0.000065	 0.000000	 0.000084	0.869194	 0.837565	 0.013534	 0.000000	 0.010890
222	 0.003984	 0.003856	 0.000057	 0.000000	 0.000042	0.873178	 0.841421	 0.013591	 0.000000	 0.010932
223	 0.003520	 0.003333	 0.000074	 0.000000	 0.000084	0.876698	 0.844754	 0.013665	 0.000000	 0.011016
224	 0.003824	 0.003722	 0.000032	 0.000000	 0.000040	0.880522	 0.848476	 0.013697	 0.000000	 0.011056
225	 0.004357	 0.004188	 0.000055	 0.000000	 0.000081	0.884879	 0.852664	 0.013752	 0.000000	 0.011137
226	 0.004385	 0.004270	 0.000045	 0.000000	 0.000039	0.889264	 0.856934	 0.013797	 0.000000	 0.011176
227	 0.004073	 0.003877	 0.000082	 0.000000	 0.000083	0.893337	 0.860811	 0.013879	 0.000000	 0.011259
228	 0.003773	 0.003678	 0.000031	 0.000000	 0.000038	0.897110	 0.864489	 0.013910	 0.000000	 0.011297
229	 0.004152	 0.003982	 0.000057	 0.000000	 0.000082	0.901262	 0.868471	 0.013967	 0.000000	 0.011379
230	 0.004207	 0.004107	 0.000031	 0.000000	 0.000041	0.905469	 0.872578	 0.013998	 0.000000	 0.011420
231	 0.004516	 0.004327	 0.000076	 0.000000	 0.000078	0.909985	 0.876905	 0.014074	 0.000000	 0.011498
232	 0.004280	 0.004179	 0.000031	 0.000000	 0.000040	0.914265	 0.881084	 0.014105	 0.000000	 0.011538
233	 0.004290	 0.004121	 0.000057	 0.000000	 0.000081	0.918555	 0.885205	 0.014162	 0.000000	 0.011619
234	 0.003940	 0.003823	 0.000047	 0.000000	 0.000040	0.922495	 0.889028	 0.014209	 0.000000	 0.011659
235	 0.003938	 0.003766	 0.000058	 0.000000	 0.000084	0.926433	 0.892794	 0.014267	 0.000000	 0.011743
236	 0.003889	 0.003789	 0.000031	 0.000000	 0.000041	0.930322	 0.896583	 0.014298	 0.000000	 0.011784
237	 0.004019	 0.003848	 0.000055	 0.000000	 0.000082	0.934341	 0.900431	 0.014353	 0.000000	 0.011866
238	 0.003891	 0.003769	 0.000048	 0.000000	 0.000042	0.938232	 0.904200	 0.014401	 0.000000	 0.011908
239	 0.004331	 0.004120	 0.000087	 0.000000	 0.000084	0.942563	 0.908320	 0.014488	 0.000000	 0.011992
240	 0.004094	 0.003945	 0.000063	 0.000000	 0.000050	0.946657	 0.912265	 0.014551	 0.000000	 0.012042
241	 0.003859	 0.003660	 0.000079	 0.000000	 0.000086	0.950516	 0.915925	 0.014630	 0.000000	 0.012128
242	 0.003575	 0.003459	 0.000046	 0.000000	 0.000042	0.954091	 0.919384	 0.014676	 0.000000	 0.012170
243	 0.003900	 0.003730	 0.000060	 0.000000	 0.000081	0.957991	 0.923114	 0.014736	 0.000000	 0.012251
244	 0.004152	 0.004039	 0.000045	 0.000000	 0.000040	0.962143	 0.927153	 0.014781	 0.000000	 0.012291
245	 0.004835	 0.004645	 0.000071	 0.000000	 0.000084	0.966978	 0.931798	 0.014852	 0.000000	 0.012375
246	 0.003866	 0.003764	 0.000032	 0.000000	 0.000042	0.970844	 0.935562	 0.014884	 0.000000	 0.012417
247	 0.004924	 0.004752	 0.000056	 0.000000	 0.000086	0.975768	 0.940314	 0.014940	 0.000000	 0.012503
248	 0.003867	 0.003766	 0.000031	 0.000000	 0.000040	0.979635	 0.944080	 0.014971	 0.000000	 0.012543
249	 0.004831	 0.004635	 0.000079	 0.000000	 0.000085	0.984466	 0.948715	 0.015050	 0.000000	 0.012628
250	 0.003737	 0.003618	 0.000049	 0.000000	 0.000041	0.988203	 0.952333	 0.015099	 0.000000	 0.012669
251	 0.004680	 0.004468	 0.000086	 0.000000	 0.000091	0.992883	 0.956801	 0.015185	 0.000000	 0.012760
252	 0.004021	 0.003871	 0.000064	 0.000000	 0.000049	0.996904	 0.960672	 0.015249	 0.000000	 0.012809
253	 0.004404	 0.004199	 0.000086	 0.000000	 0.000086	1.001308	 0.964871	 0.015335	 0.000000	 0.012895
254	 0.004346	 0.004227	 0.000048	 0.000000	 0.000043	1.005654	 0.969098	 0.015383	 0.000000	 0.012938
255	 0.004649	 0.004456	 0.000072	 0.000000	 0.000087	1.010303	 0.973554	 0.015455	 0.000000	 0.013025
256	 0.004384	 0.004259	 0.000052	 0.000000	 0.000044	1.014687	 0.977813	 0.015507	 0.000000	 0.013069
257	 0.004313	 0.004113	 0.000078	 0.000000	 0.000089	1.019000	 0.981926	 0.015585	 0.000000	 0.013158
258	 0.004120	 0.003984	 0.000047	 0.000000	 0.000060	1.023120	 0.985910	 0.015632	 0.000000	 0.013218
259	 0.004615	 0.004414	 0.000062	 0.000000	 0.000108	1.027735	 0.990324	 0.015694	 0.000000	 0.013326
260	 0.004794	 0.004676	 0.000031	 0.000000	 0.000058	1.032529	 0.995000	 0.015725	 0.000000	 0.013384
261	 0.004445	 0.004248	 0.000059	 0.000000	 0.000105	1.036974	 0.999248	 0.015784	 0.000000	 0.013489
262	 0.004493	 0.004378	 0.000033	 0.000000	 0.000055	1.041467	 1.003626	 0.015817	 0.000000	 0.013544
263	 0.004577	 0.004381	 0.000056	 0.000000	 0.000105	1.046044	 1.008007	 0.015873	 0.000000	 0.013649
264	 0.004597	 0.004486	 0.000031	 0.000000	 0.000054	1.050641	 1.012493	 0.015904	 0.000000	 0.013703
265	 0.004074	 0.003886	 0.000056	 0.000000	 0.000102	1.054715	 1.016379	 0.015960	 0.000000	 0.013805
266	 0.004190	 0.004071	 0.000034	 0.000000	 0.000059	1.058905	 1.020450	 0.015994	 0.000000	 0.013864
267	 0.004540	 0.004345	 0.000059	 0.000000	 0.000106	1.063445	 1.024795	 0.016053	 0.000000	 0.013970
268	 0.004549	 0.003802	 0.000050	 0.000599	 0.000050	1.067994	 1.028597	 0.016103	 0.000599	 0.014020
269	 0.004748	 0.004258	 0.000042	 0.000334	 0.000058	1.072742	 1.032855	 0.016145	 0.000933	 0.014078
270	 0.005076	 0.004578	 0.000053	 0.000355	 0.000058	1.077818	 1.037433	 0.016198	 0.001288	 0.014136
271	 0.004751	 0.004169	 0.000068	 0.000359	 0.000115	1.082569	 1.041602	 0.016266	 0.001647	 0.014251
272	 0.005540	 0.004894	 0.000046	 0.000518	 0.000045	1.088109	 1.046496	 0.016312	 0.002165	 0.014296
273	 0.004562	 0.004068	 0.000063	 0.000297	 0.000097	1.092671	 1.050564	 0.016375	 0.002462	 0.014393
274	 0.004400	 0.004012	 0.000032	 0.000270	 0.000052	1.097071	 1.054576	 0.016407	 0.002732	 0.014445
275	 0.004200	 0.003670	 0.000089	 0.000303	 0.000098	1.101271	 1.058246	 0.016496	 0.003035	 0.014543
276	 0.004748	 0.004259	 0.000061	 0.000334	 0.000050	1.106019	 1.062505	 0.016557	 0.003369	 0.014593
277	 0.004350	 0.003829	 0.000077	 0.000298	 0.000099	1.110369	 1.066334	 0.016634	 0.003667	 0.014692
278	 0.004781	 0.004019	 0.000129	 0.000443	 0.000094	1.115150	 1.070353	 0.016763	 0.004110	 0.014786
279	 0.005904	 0.005218	 0.000132	 0.000363	 0.000116	1.121054	 1.075571	 0.016895	 0.004473	 0.014902
280	 0.004991	 0.004223	 0.000136	 0.000447	 0.000093	1.126045	 1.079794	 0.017031	 0.004920	 0.014995
281	 0.005073	 0.004234	 0.000193	 0.000353	 0.000194	1.131118	 1.084028	 0.017224	 0.005273	 0.015189
282	 0.005263	 0.004480	 0.000131	 0.000453	 0.000098	1.136381	 1.088508	 0.017355	 0.005726	 0.015287
283	 0.004749	 0.003986	 0.000130	 0.000448	 0.000120	1.141130	 1.092494	 0.017485	 0.006174	 0.015407
284	 0.004464	 0.004012	 0.000059	 0.000289	 0.000052	1.145594	 1.096506	 0.017544	 0.006463	 0.015459
285	 0.004584	 0.003935	 0.000106	 0.000376	 0.000109	1.150178	 1.100441	 0.017650	 0.006839	 0.015568
286	 0.004896	 0.004296	 0.000038	 0.000469	 0.000051	1.155074	 1.104737	 0.017688	 0.007308	 0.015619
287	 0.004300	 0.003689	 0.000069	 0.000387	 0.000107	1.159374	 1.108426	 0.017757	 0.007695	 0.015726
288	 0.004127	 0.003672	 0.000065	 0.000286	 0.000051	1.163501	 1.112098	 0.017822	 0.007981	 0.015777
289	 0.005273	 0.004643	 0.000084	 0.000392	 0.000101	1.168774	 1.116741	 0.017906	 0.008373	 0.015878
290	 0.004857	 0.004036	 0.000088	 0.000603	 0.000060	1.173631	 1.120777	 0.017994	 0.008976	 0.015938
291	 0.004726	 0.004013	 0.000112	 0.000432	 0.000118	1.178357	 1.124790	 0.018106	 0.009408	 0.016056
292	 0.004918	 0.004129	 0.000062	 0.000626	 0.000060	1.183275	 1.128919	 0.018168	 0.010034	 0.016116
293	 0.004524	 0.003816	 0.000095	 0.000426	 0.000133	1.187799	 1.132735	 0.018263	 0.010460	 0.016249
294	 0.004317	 0.003710	 0.000063	 0.000437	 0.000062	1.192116	 1.136445	 0.018326	 0.010897	 0.016311
295	 0.004055	 0.003492	 0.000092	 0.000315	 0.000106	1.196171	 1.139937	 0.018418	 0.011212	 0.016417
296	 0.004154	 0.003613	 0.000040	 0.000404	 0.000060	1.200325	 1.143550	 0.018458	 0.011616	 0.016477
297	 0.004363	 0.003724	 0.000090	 0.000404	 0.000107	1.204688	 1.147274	 0.018548	 0.012020	 0.016584
298	 0.003908	 0.003134	 0.000049	 0.000606	 0.000052	1.208596	 1.150408	 0.018597	 0.012626	 0.016636
299	 0.004449	 0.003851	 0.000064	 0.000414	 0.000065	1.213045	 1.154259	 0.018661	 0.013040	 0.016701
300	 0.004320	 0.003497	 0.000070	 0.000607	 0.000103	1.217365	 1.157756	 0.018731	 0.013647	 0.016804
301	 0.004510	 0.003928	 0.000077	 0.000402	 0.000058	1.221875	 1.161684	 0.018808	 0.014049	 0.016862
302	 0.005035	 0.003859	 0.000174	 0.000712	 0.000179	1.226910	 1.165543	 0.018982	 0.014761	 0.017041
303	 0.004238	 0.003743	 0.000047	 0.000331	 0.000064	1.231148	 1.169286	 0.019029	 0.015092	 0.017105
304	 0.004239	 0.003557	 0.000066	 0.000514	 0.000056	1.235387	 1.172843	 0.019095	 0.015606	 0.017161
305	 0.004288	 0.003617	 0.000097	 0.000422	 0.000105	1.239675	 1.176460	 0.019192	 0.016028	 0.017266
306	 0.004468	 0.003770	 0.000064	 0.000532	 0.000057	1.244143	 1.180230	 0.019256	 0.016560	 0.017323
307	 0.005135	 0.004478	 0.000073	 0.000430	 0.000102	1.249278	 1.184708	 0.019329	 0.016990	 0.017425
308	 0.004900	 0.004257	 0.000077	 0.000453	 0.000057	1.254178	 1.188965	 0.019406	 0.017443	 0.017482
309	 0.006543	 0.005082	 0.000126	 0.001153	 0.000114	1.260721	 1.194047	 0.019532	 0.018596	 0.017596
310	 0.005580	 0.003854	 0.000096	 0.001498	 0.000063	1.266301	 1.197901	 0.019628	 0.020094	 0.017659
311	 0.006345	 0.005298	 0.000141	 0.000697	 0.000121	1.272646	 1.203199	 0.019769	 0.020791	 0.017780
312	 0.007992	 0.007503	 0.000046	 0.000335	 0.000069	1.280638	 1.210702	 0.019815	 0.021126	 0.017849
313	 0.003961	 0.003720	 0.000099	 0.000335	 0.000111	1.284599	 1.214422	 0.019914	 0.021126	 0.017960
314	 0.004811	 0.004336	 0.000044	 0.000325	 0.000056	1.289410	 1.218758	 0.019958	 0.021451	 0.018016
315	 0.005024	 0.004386	 0.000080	 0.000374	 0.000121	1.294434	 1.223144	 0.020038	 0.021825	 0.018137
316	 0.004897	 0.004217	 0.000123	 0.000409	 0.000077	1.299331	 1.227361	 0.020161	 0.022234	 0.018214
317	 0.006067	 0.005435	 0.000092	 0.000380	 0.000110	1.305398	 1.232796	 0.020253	 0.022614	 0.018324
318	 0.005698	 0.005199	 0.000034	 0.000378	 0.000049	1.311096	 1.237995	 0.020287	 0.022992	 0.018373
319	 0.004807	 0.004067	 0.000173	 0.000374	 0.000128	1.315903	 1.242062	 0.020460	 0.023366	 0.018501
320	 0.004851	 0.004201	 0.000082	 0.000466	 0.000065	1.320754	 1.246263	 0.020542	 0.023832	 0.018566
321	 0.004587	 0.003985	 0.000064	 0.000382	 0.000117	1.325341	 1.250248	 0.020606	 0.024214	 0.018683
322	 0.004306	 0.003667	 0.000054	 0.000501	 0.000047	1.329647	 1.253915	 0.020660	 0.024715	 0.018730
323	 0.004117	 0.003554	 0.000079	 0.000332	 0.000100	1.333764	 1.257469	 0.020739	 0.025047	 0.018830
324	 0.004583	 0.003899	 0.000081	 0.000481	 0.000062	1.338347	 1.261368	 0.020820	 0.025528	 0.018892
325	 0.004434	 0.003710	 0.000125	 0.000414	 0.000119	1.342781	 1.265078	 0.020945	 0.025942	 0.019011
326	 0.004212	 0.003647	 0.000085	 0.000361	 0.000063	1.346993	 1.268725	 0.021030	 0.026303	 0.019074
327	 0.004090	 0.003425	 0.000106	 0.000378	 0.000125	1.351083	 1.272150	 0.021136	 0.026681	 0.019199
328	 0.004388	 0.003654	 0.000053	 0.000595	 0.000048	1.355471	 1.275804	 0.021189	 0.027276	 0.019247
329	 0.004893	 0.004116	 0.000100	 0.000515	 0.000109	1.360364	 1.279920	 0.021289	 0.027791	 0.019356
330	 0.004525	 0.003829	 0.000089	 0.000484	 0.000062	1.364889	 1.283749	 0.021378	 0.028275	 0.019418
331	 0.003823	 0.003139	 0.000125	 0.000383	 0.000117	1.368712	 1.286888	 0.021503	 0.028658	 0.019535
332	 0.004326	 0.003774	 0.000070	 0.000353	 0.000069	1.373038	 1.290662	 0.021573	 0.029011	 0.019604
333	 0.004576	 0.003817	 0.000114	 0.000424	 0.000127	1.377614	 1.294479	 0.021687	 0.029435	 0.019731
334	 0.004212	 0.003664	 0.000054	 0.000369	 0.000061	1.381826	 1.298143	 0.021741	 0.029804	 0.019792
335	 0.004641	 0.003874	 0.000094	 0.000531	 0.000106	1.386467	 1.302017	 0.021835	 0.030335	 0.019898
336	 0.004854	 0.004355	 0.000046	 0.000362	 0.000051	1.391321	 1.306372	 0.021881	 0.030697	 0.019949
337	 0.004979	 0.004115	 0.000056	 0.000673	 0.000099	1.396300	 1.310487	 0.021937	 0.031370	 0.020048
338	 0.004841	 0.004227	 0.000032	 0.000491	 0.000056	1.401141	 1.314714	 0.021969	 0.031861	 0.020104
339	 0.004781	 0.004021	 0.000070	 0.000556	 0.000096	1.405922	 1.318735	 0.022039	 0.032417	 0.020200
340	 0.004761	 0.004112	 0.000065	 0.000489	 0.000061	1.410683	 1.322847	 0.022104	 0.032906	 0.020261
341	 0.004667	 0.003913	 0.000067	 0.000551	 0.000100	1.415350	 1.326760	 0.022171	 0.033457	 0.020361
342	 0.005176	 0.004431	 0.000034	 0.000624	 0.000050	1.420526	 1.331191	 0.022205	 0.034081	 0.020411
343	 0.005188	 0.004325	 0.000084	 0.000633	 0.000103	1.425714	 1.335516	 0.022289	 0.034714	 0.020514
344	 0.004888	 0.004243	 0.000046	 0.000510	 0.000051	1.430602	 1.339759	 0.022335	 0.035224	 0.020565
345	 0.004591	 0.003981	 0.000064	 0.000393	 0.000111	1.435193	 1.343740	 0.022399	 0.035617	 0.020676
346	 0.005034	 0.004194	 0.000068	 0.000667	 0.000060	1.440227	 1.347934	 0.022467	 0.036284	 0.020736
347	 0.004663	 0.004048	 0.000080	 0.000386	 0.000105	1.444890	 1.351982	 0.022547	 0.036670	 0.020841
348	 0.004627	 0.003988	 0.000040	 0.000520	 0.000047	1.449517	 1.355970	 0.022587	 0.037190	 0.020888
349	 0.005240	 0.004354	 0.000079	 0.000652	 0.000105	1.454757	 1.360324	 0.022666	 0.037842	 0.020993
350	 0.004816	 0.004007	 0.000046	 0.000657	 0.000056	1.459573	 1.364331	 0.022712	 0.038499	 0.021049
351	 0.005479	 0.004865	 0.000059	 0.000399	 0.000114	1.465052	 1.369196	 0.022771	 0.038898	 0.021163
352	 0.005432	 0.004902	 0.000035	 0.000392	 0.000066	1.470484	 1.374098	 0.022806	 0.039290	 0.021229
353	 0.005424	 0.004810	 0.000070	 0.000386	 0.000116	1.475908	 1.378908	 0.022876	 0.039676	 0.021345
354	 0.004845	 0.004296	 0.000063	 0.000393	 0.000055	1.480753	 1.383204	 0.022939	 0.040069	 0.021400
355	 0.005137	 0.004261	 0.000081	 0.000655	 0.000102	1.485890	 1.387465	 0.023020	 0.040724	 0.021502
356	 0.004735	 0.003824	 0.000034	 0.000777	 0.000049	1.490625	 1.391289	 0.023054	 0.041501	 0.021551
357	 0.004717	 0.004161	 0.000054	 0.000400	 0.000056	1.495342	 1.395450	 0.023108	 0.041901	 0.021607
358	 0.004841	 0.003852	 0.000074	 0.000769	 0.000105	1.500183	 1.399302	 0.023182	 0.042670	 0.021712
359	 0.005079	 0.004403	 0.000051	 0.000529	 0.000056	1.505262	 1.403705	 0.023233	 0.043199	 0.021768
360	 0.005115	 0.004223	 0.000071	 0.000672	 0.000108	1.510377	 1.407928	 0.023304	 0.043871	 0.021876
361	 0.004802	 0.003996	 0.000055	 0.000664	 0.000052	1.515179	 1.411924	 0.023359	 0.044535	 0.021928
362	 0.005177	 0.004041	 0.000068	 0.000911	 0.000105	1.520356	 1.415965	 0.023427	 0.045446	 0.022033
363	 0.005606	 0.004648	 0.000049	 0.000793	 0.000062	1.525962	 1.420613	 0.023476	 0.046239	 0.022095
364	 0.004925	 0.004012	 0.000054	 0.000737	 0.000074	1.530887	 1.424625	 0.023530	 0.046976	 0.022169
365	 0.005296	 0.004618	 0.000064	 0.000455	 0.000124	1.536183	 1.429243	 0.023594	 0.047431	 0.022293
366	 0.005063	 0.004397	 0.000033	 0.000532	 0.000058	1.541246	 1.433640	 0.023627	 0.047963	 0.022351
367	 0.005048	 0.004372	 0.000061	 0.000457	 0.000116	1.546294	 1.438012	 0.023688	 0.048420	 0.022467
368	 0.004908	 0.004165	 0.000033	 0.000617	 0.000059	1.551202	 1.442177	 0.023721	 0.049037	 0.022526
369	 0.005132	 0.004324	 0.000055	 0.000608	 0.000110	1.556334	 1.446501	 0.023776	 0.049645	 0.022636
370	 0.004533	 0.003992	 0.000036	 0.000417	 0.000053	1.560867	 1.450493	 0.023812	 0.050062	 0.022689
371	 0.004624	 0.003905	 0.000095	 0.000456	 0.000111	1.565491	 1.454398	 0.023907	 0.050518	 0.022800
372	 0.004503	 0.003868	 0.000057	 0.000481	 0.000050	1.569994	 1.458266	 0.023964	 0.050999	 0.022850
373	 0.004945	 0.004268	 0.000034	 0.000558	 0.000051	1.574939	 1.462534	 0.023998	 0.051557	 0.022901
374	 0.004840	 0.004065	 0.000054	 0.000580	 0.000104	1.579779	 1.466599	 0.024052	 0.052137	 0.023005
375	 0.005313	 0.004246	 0.000033	 0.000947	 0.000053	1.585092	 1.470845	 0.024085	 0.053084	 0.023058
376	 0.004290	 0.003650	 0.000065	 0.000433	 0.000105	1.589382	 1.474495	 0.024150	 0.053517	 0.023163
377	 0.005071	 0.004505	 0.000033	 0.000439	 0.000062	1.594453	 1.479000	 0.024183	 0.053956	 0.023225
378	 0.004800	 0.004093	 0.000090	 0.000476	 0.000104	1.599253	 1.483093	 0.024273	 0.054432	 0.023329
379	 0.004599	 0.003997	 0.000047	 0.000447	 0.000056	1.603852	 1.487090	 0.024320	 0.054879	 0.023385
380	 0.005027	 0.004334	 0.000032	 0.000579	 0.000049	1.608879	 1.491424	 0.024352	 0.055458	 0.023434
381	 0.005489	 0.004292	 0.000058	 0.000993	 0.000104	1.614368	 1.495716	 0.024410	 0.056451	 0.023538
382	 0.004940	 0.004217	 0.000041	 0.000583	 0.000059	1.619308	 1.499933	 0.024451	 0.057034	 0.023597
383	 0.005657	 0.004782	 0.000081	 0.000650	 0.000107	1.624965	 1.504715	 0.024532	 0.057684	 0.023704
384	 0.004662	 0.003863	 0.000071	 0.000622	 0.000060	1.629627	 1.508578	 0.024603	 0.058306	 0.023764
385	 0.004696	 0.003902	 0.000063	 0.000592	 0.000105	1.634323	 1.512480	 0.024666	 0.058898	 0.023869
386	 0.005106	 0.004270	 0.000034	 0.000717	 0.000051	1.639429	 1.516750	 0.024700	 0.059615	 0.023920
387	 0.005322	 0.004507	 0.000057	 0.000616	 0.000103	1.644751	 1.521257	 0.024757	 0.060231	 0.024023
388	 0.005290	 0.004579	 0.000032	 0.000588	 0.000053	1.650041	 1.525836	 0.024789	 0.060819	 0.024076
389	 0.005509	 0.004622	 0.000081	 0.000658	 0.000109	1.655550	 1.530458	 0.024870	 0.061477	 0.024185
390	 0.004924	 0.004067	 0.000034	 0.000738	 0.000052	1.660474	 1.534525	 0.024904	 0.062215	 0.024237
391	 0.004308	 0.003583	 0.000108	 0.000459	 0.000113	1.664782	 1.538108	 0.025012	 0.062674	 0.024350
392	 0.005036	 0.004175	 0.000033	 0.000743	 0.000050	1.669818	 1.542283	 0.025045	 0.063417	 0.024400
393	 0.005152	 0.004467	 0.000062	 0.000460	 0.000121	1.674970	 1.546750	 0.025107	 0.063877	 0.024521
394	 0.004778	 0.003986	 0.000046	 0.000629	 0.000071	1.679748	 1.550736	 0.025153	 0.064506	 0.024592
395	 0.005601	 0.004480	 0.000089	 0.000886	 0.000110	1.685349	 1.555216	 0.025242	 0.065392	 0.024702
396	 0.005003	 0.004250	 0.000049	 0.000614	 0.000060	1.690352	 1.559466	 0.025291	 0.066006	 0.024762
397	 0.005170	 0.003356	 0.000072	 0.001593	 0.000113	1.695522	 1.562822	 0.025363	 0.067599	 0.024875
398	 0.005656	 0.004836	 0.000049	 0.000687	 0.000052	1.701178	 1.567658	 0.025412	 0.068286	 0.024927
399	 0.004618	 0.003923	 0.000071	 0.000473	 0.000107	1.705796	 1.571581	 0.025483	 0.068759	 0.025034
400	 0.004924	 0.003991	 0.000062	 0.000770	 0.000065	1.710720	 1.575572	 0.025545	 0.069529	 0.025099
401	 0.005515	 0.004389	 0.000064	 0.000912	 0.000114	1.716235	 1.579961	 0.025609	 0.070441	 0.025213
402	 0.005076	 0.004078	 0.000051	 0.000834	 0.000050	1.721311	 1.584039	 0.025660	 0.071275	 0.025263
403	 0.005364	 0.004169	 0.000089	 0.000933	 0.000121	1.726675	 1.588208	 0.025749	 0.072208	 0.025384
404	 0.006494	 0.005690	 0.000053	 0.000625	 0.000078	1.733169	 1.593898	 0.025802	 0.072833	 0.025462
405	 0.006577	 0.005571	 0.000065	 0.000777	 0.000120	1.739746	 1.599469	 0.025867	 0.073610	 0.025582
406	 0.005279	 0.004524	 0.000037	 0.000635	 0.000053	1.745025	 1.603993	 0.025904	 0.074245	 0.025635
407	 0.004688	 0.004000	 0.000059	 0.000470	 0.000120	1.749713	 1.607993	 0.025963	 0.074715	 0.025755
408	 0.004969	 0.004330	 0.000035	 0.000478	 0.000072	1.754682	 1.612323	 0.025998	 0.075193	 0.025827
409	 0.004719	 0.004065	 0.000076	 0.000487	 0.000059	1.759401	 1.616388	 0.026074	 0.075680	 0.025886
410	 0.004312	 0.003536	 0.000077	 0.000528	 0.000118	1.763713	 1.619924	 0.026151	 0.076208	 0.026004
411	 0.005289	 0.004669	 0.000036	 0.000475	 0.000073	1.769002	 1.624593	 0.026187	 0.076683	 0.026077
412	 0.005220	 0.004485	 0.000055	 0.000524	 0.000108	1.774222	 1.629078	 0.026242	 0.077207	 0.026185
413	 0.005588	 0.004907	 0.000037	 0.000547	 0.000058	1.779810	 1.633985	 0.026279	 0.077754	 0.026243
414	 0.005201	 0.004461	 0.000057	 0.000530	 0.000110	1.785011	 1.638446	 0.026336	 0.078284	 0.026353
415	 0.004958	 0.004280	 0.000051	 0.000545	 0.000052	1.789969	 1.642726	 0.026387	 0.078829	 0.026405
416	 0.004405	 0.003632	 0.000070	 0.000552	 0.000110	1.794374	 1.646358	 0.026457	 0.079381	 0.026515
417	 0.004401	 0.003700	 0.000055	 0.000559	 0.000053	1.798775	 1.650058	 0.026512	 0.079940	 0.026568
418	 0.005287	 0.004485	 0.000072	 0.000547	 0.000121	1.804062	 1.654543	 0.026584	 0.080487	 0.026689
419	 0.005160	 0.004455	 0.000061	 0.000557	 0.000053	1.809222	 1.658998	 0.026645	 0.081044	 0.026742
420	 0.006075	 0.005289	 0.000073	 0.000560	 0.000111	1.815297	 1.664287	 0.026718	 0.081604	 0.026853
421	 0.004264	 0.003582	 0.000053	 0.000532	 0.000060	1.819561	 1.667869	 0.026771	 0.082136	 0.026913
422	 0.003897	 0.003087	 0.000085	 0.000562	 0.000122	1.823458	 1.670956	 0.026856	 0.082698	 0.027035
423	 0.005171	 0.004328	 0.000049	 0.000696	 0.000066	1.828629	 1.675284	 0.026905	 0.083394	 0.027101
424	 0.006245	 0.005321	 0.000075	 0.000678	 0.000112	1.834874	 1.680605	 0.026980	 0.084072	 0.027213
425	 0.006042	 0.005321	 0.000045	 0.000586	 0.000054	1.840916	 1.685926	 0.027025	 0.084658	 0.027267
426	 0.005437	 0.004692	 0.000075	 0.000515	 0.000110	1.846353	 1.690618	 0.027100	 0.085173	 0.027377
427	 0.005142	 0.004177	 0.000074	 0.000777	 0.000063	1.851495	 1.694795	 0.027174	 0.085950	 0.027440
428	 0.004931	 0.004128	 0.000080	 0.000575	 0.000109	1.856426	 1.698923	 0.027254	 0.086525	 0.027549
429	 0.004298	 0.003584	 0.000052	 0.000572	 0.000059	1.860724	 1.702507	 0.027306	 0.087097	 0.027608
430	 0.005407	 0.004625	 0.000061	 0.000561	 0.000120	1.866131	 1.707132	 0.027367	 0.087658	 0.027728
431	 0.004715	 0.004014	 0.000045	 0.000572	 0.000052	1.870846	 1.711146	 0.027412	 0.088230	 0.027780
432	 0.004969	 0.004154	 0.000074	 0.000579	 0.000111	1.875815	 1.715300	 0.027486	 0.088809	 0.027891
433	 0.005077	 0.004373	 0.000033	 0.000578	 0.000064	1.880892	 1.719673	 0.027519	 0.089387	 0.027955
434	 0.004907	 0.004137	 0.000057	 0.000559	 0.000118	1.885799	 1.723810	 0.027576	 0.089946	 0.028073
435	 0.005310	 0.004599	 0.000034	 0.000577	 0.000066	1.891109	 1.728409	 0.027610	 0.090523	 0.028139
436	 0.005110	 0.004281	 0.000082	 0.000585	 0.000121	1.896219	 1.732690	 0.027692	 0.091108	 0.028260
437	 0.005373	 0.004496	 0.000034	 0.000753	 0.000053	1.901592	 1.737186	 0.027726	 0.091861	 0.028313
438	 0.005387	 0.004395	 0.000078	 0.000761	 0.000114	1.906979	 1.741581	 0.027804	 0.092622	 0.028427
439	 0.004675	 0.003931	 0.000051	 0.000599	 0.000063	1.911654	 1.745512	 0.027855	 0.093221	 0.028490
440	 0.005408	 0.004595	 0.000073	 0.000587	 0.000119	1.917062	 1.750107	 0.027928	 0.093808	 0.028609
441	 0.004833	 0.004122	 0.000031	 0.000591	 0.000054	1.921895	 1.754229	 0.027959	 0.094399	 0.028663
442	 0.004804	 0.003967	 0.000057	 0.000633	 0.000110	1.926699	 1.758196	 0.028016	 0.095032	 0.028773
443	 0.005125	 0.004148	 0.000041	 0.000833	 0.000060	1.931824	 1.762344	 0.028057	 0.095865	 0.028833
444	 0.005293	 0.004491	 0.000055	 0.000598	 0.000111	1.937117	 1.766835	 0.028112	 0.096463	 0.028944
445	 0.004913	 0.003990	 0.000054	 0.000781	 0.000054	1.942030	 1.770825	 0.028166	 0.097244	 0.028998
446	 0.004790	 0.003965	 0.000060	 0.000610	 0.000113	1.946820	 1.774790	 0.028226	 0.097854	 0.029111
447	 0.004786	 0.003874	 0.000067	 0.000749	 0.000058	1.951606	 1.778664	 0.028293	 0.098603	 0.029169
448	 0.004577	 0.003543	 0.000078	 0.000783	 0.000120	1.956183	 1.782207	 0.028371	 0.099386	 0.029289
449	 0.004565	 0.003657	 0.000034	 0.000781	 0.000053	1.960748	 1.785864	 0.028405	 0.100167	 0.029342
450	 0.005339	 0.004387	 0.000076	 0.000728	 0.000111	1.966087	 1.790251	 0.028481	 0.100895	 0.029453
451	 0.005190	 0.004454	 0.000047	 0.000603	 0.000053	1.971277	 1.794705	 0.028528	 0.101498	 0.029506
452	 0.005433	 0.004394	 0.000100	 0.000765	 0.000126	1.976710	 1.799099	 0.028628	 0.102263	 0.029632
453	 0.005576	 0.004524	 0.000048	 0.000896	 0.000056	1.982286	 1.803623	 0.028676	 0.103159	 0.029688
454	 0.005616	 0.004753	 0.000046	 0.000734	 0.000053	1.987902	 1.808376	 0.028722	 0.103893	 0.029741
455	 0.004834	 0.004011	 0.000059	 0.000610	 0.000113	1.992736	 1.812387	 0.028781	 0.104503	 0.029854
456	 0.005194	 0.004490	 0.000045	 0.000567	 0.000055	1.997930	 1.816877	 0.028826	 0.105070	 0.029909
457	 0.004982	 0.004096	 0.000093	 0.000619	 0.000121	2.002912	 1.820973	 0.028919	 0.105689	 0.030030
458	 0.005253	 0.004404	 0.000031	 0.000728	 0.000055	2.008165	 1.825377	 0.028950	 0.106417	 0.030085
459	 0.006095	 0.005246	 0.000079	 0.000617	 0.000115	2.014260	 1.830623	 0.029029	 0.107034	 0.030200
460	 0.004681	 0.003940	 0.000032	 0.000619	 0.000053	2.018941	 1.834563	 0.029061	 0.107653	 0.030253
461	 0.006028	 0.004778	 0.000134	 0.000948	 0.000122	2.024969	 1.839341	 0.029195	 0.108601	 0.030375
462	 0.005042	 0.004322	 0.000050	 0.000577	 0.000056	2.030011	 1.843663	 0.029245	 0.109178	 0.030431
463	 0.004548	 0.003708	 0.000057	 0.000636	 0.000110	2.034559	 1.847371	 0.029302	 0.109814	 0.030541
464	 0.004745	 0.003965	 0.000051	 0.000633	 0.000057	2.039304	 1.851336	 0.029353	 0.110447	 0.030598
465	 0.005739	 0.004913	 0.000074	 0.000589	 0.000115	2.045043	 1.856249	 0.029427	 0.111036	 0.030713
466	 0.006148	 0.005250	 0.000048	 0.000761	 0.000055	2.051191	 1.861499	 0.029475	 0.111797	 0.030768
467	 0.005879	 0.004460	 0.000061	 0.001202	 0.000115	2.057070	 1.865959	 0.029536	 0.112999	 0.030883
468	 0.004839	 0.003960	 0.000033	 0.000759	 0.000054	2.061909	 1.869919	 0.029569	 0.113758	 0.030937
469	 0.004847	 0.003997	 0.000059	 0.000635	 0.000117	2.066756	 1.873916	 0.029628	 0.114393	 0.031054
470	 0.004900	 0.004192	 0.000033	 0.000584	 0.000058	2.071656	 1.878108	 0.029661	 0.114977	 0.031112
471	 0.004255	 0.003450	 0.000057	 0.000578	 0.000115	2.075911	 1.881558	 0.029718	 0.115555	 0.031227
472	 0.005884	 0.005146	 0.000051	 0.000586	 0.000066	2.081795	 1.886704	 0.029769	 0.116141	 0.031293
473	 0.005895	 0.005021	 0.000074	 0.000638	 0.000123	2.087690	 1.891725	 0.029843	 0.116779	 0.031416
474	 0.004378	 0.003492	 0.000031	 0.000768	 0.000053	2.092068	 1.895217	 0.029874	 0.117547	 0.031469
475	 0.005109	 0.003899	 0.000081	 0.000970	 0.000122	2.097177	 1.899116	 0.029955	 0.118517	 0.031591
476	 0.006090	 0.005332	 0.000053	 0.000591	 0.000077	2.103267	 1.904448	 0.030008	 0.119108	 0.031668
477	 0.004831	 0.003948	 0.000062	 0.000652	 0.000125	2.108098	 1.908396	 0.030070	 0.119760	 0.031793
478	 0.004724	 0.003801	 0.000037	 0.000798	 0.000055	2.112822	 1.912197	 0.030107	 0.120558	 0.031848
479	 0.004780	 0.003953	 0.000056	 0.000602	 0.000113	2.117602	 1.916150	 0.030163	 0.121160	 0.031961
480	 0.004599	 0.003407	 0.000068	 0.001003	 0.000074	2.122201	 1.919557	 0.030231	 0.122163	 0.032035
481	 0.005206	 0.004310	 0.000078	 0.000648	 0.000127	2.127407	 1.923867	 0.030309	 0.122811	 0.032162
482	 0.005085	 0.004342	 0.000036	 0.000614	 0.000059	2.132492	 1.928209	 0.030345	 0.123425	 0.032221
483	 0.004594	 0.003786	 0.000053	 0.000606	 0.000115	2.137086	 1.931995	 0.030398	 0.124031	 0.032336
484	 0.004756	 0.004013	 0.000046	 0.000606	 0.000057	2.141842	 1.936008	 0.030444	 0.124637	 0.032393
485	 0.005478	 0.004395	 0.000071	 0.000860	 0.000115	2.147320	 1.940403	 0.030515	 0.125497	 0.032508
486	 0.004872	 0.004134	 0.000031	 0.000615	 0.000056	2.152192	 1.944537	 0.030546	 0.126112	 0.032564
487	 0.004925	 0.004047	 0.000059	 0.000663	 0.000116	2.157117	 1.948584	 0.030605	 0.126775	 0.032680
488	 0.005645	 0.004671	 0.000057	 0.000828	 0.000056	2.162762	 1.953255	 0.030662	 0.127603	 0.032736
489	 0.005155	 0.003961	 0.000073	 0.000964	 0.000117	2.167917	 1.957216	 0.030735	 0.128567	 0.032853
490	 0.005544	 0.004577	 0.000058	 0.000809	 0.000061	2.173461	 1.961793	 0.030793	 0.129376	 0.032914
491	 0.005159	 0.003849	 0.000072	 0.001087	 0.000114	2.178620	 1.965642	 0.030865	 0.130463	 0.033028
492	 0.005284	 0.004003	 0.000032	 0.001162	 0.000054	2.183904	 1.969645	 0.030897	 0.131625	 0.033082
493	 0.006094	 0.005173	 0.000076	 0.000689	 0.000118	2.189998	 1.974818	 0.030973	 0.132314	 0.033200
494	 0.005501	 0.004367	 0.000031	 0.001015	 0.000054	2.195499	 1.979185	 0.031004	 0.133329	 0.033254
495	 0.004791	 0.003448	 0.000088	 0.001097	 0.000116	2.200290	 1.982633	 0.031092	 0.134426	 0.033370
496	 0.004665	 0.003707	 0.000044	 0.000826	 0.000055	2.204955	 1.986340	 0.031136	 0.135252	 0.033425
497	 0.004440	 0.003576	 0.000067	 0.000644	 0.000113	2.209395	 1.989916	 0.031203	 0.135896	 0.033538
498	 0.005438	 0.003980	 0.000035	 0.001310	 0.000057	2.214833	 1.993896	 0.031238	 0.137206	 0.033595
499	 0.005666	 0.004680	 0.000062	 0.000829	 0.000059	2.220499	 1.998576	 0.031300	 0.138035	 0.033654
500	 0.005189	 0.004314	 0.000080	 0.000632	 0.000121	2.225688	 2.002890	 0.031380	 0.138667	 0.033775
501	 0.005242	 0.004278	 0.000033	 0.000836	 0.000058	2.230930	 2.007168	 0.031413	 0.139503	 0.033833
502	 0.005734	 0.004365	 0.000058	 0.001123	 0.000117	2.236664	 2.011533	 0.031471	 0.140626	 0.033950
503	 0.005056	 0.004081	 0.000035	 0.000845	 0.000059	2.241720	 2.015614	 0.031506	 0.141471	 0.034009
504	 0.005443	 0.004401	 0.000056	 0.000830	 0.000117	2.247163	 2.020015	 0.031562	 0.142301	 0.034126
505	 0.004980	 0.003779	 0.000051	 0.001043	 0.000058	2.252143	 2.023794	 0.031613	 0.143344	 0.034184
506	 0.005875	 0.004287	 0.000046	 0.001435	 0.000057	2.258018	 2.028081	 0.031659	 0.144779	 0.034241
507	 0.005173	 0.003987	 0.000045	 0.001052	 0.000056	2.263191	 2.032068	 0.031704	 0.145831	 0.034297
508	 0.005614	 0.004688	 0.000072	 0.000699	 0.000117	2.268805	 2.036756	 0.031776	 0.146530	 0.034414
509	 0.005587	 0.004757	 0.000034	 0.000706	 0.000056	2.274392	 2.041513	 0.031810	 0.147236	 0.034470
510	 0.004914	 0.003996	 0.000053	 0.000712	 0.000115	2.279306	 2.045509	 0.031863	 0.147948	 0.034585
511	 0.004960	 0.004118	 0.000033	 0.000720	 0.000056	2.284266	 2.049627	 0.031896	 0.148668	 0.034641
512	 0.005640	 0.004643	 0.000068	 0.000720	 0.000132	2.289906	 2.054270	 0.031964	 0.149388	 0.034773
513	 0.005441	 0.004302	 0.000051	 0.000971	 0.000063	2.295347	 2.058572	 0.032015	 0.150359	 0.034836
514	 0.005327	 0.004399	 0.000094	 0.000676	 0.000119	2.300674	 2.062971	 0.032109	 0.151035	 0.034955
515	 0.005557	 0.004762	 0.000042	 0.000668	 0.000056	2.306231	 2.067733	 0.032151	 0.151703	 0.035011
516	 0.005634	 0.004055	 0.000059	 0.001372	 0.000116	2.311865	 2.071788	 0.032210	 0.153075	 0.035127
517	 0.005907	 0.004781	 0.000034	 0.000997	 0.000056	2.317772	 2.076569	 0.032244	 0.154072	 0.035183
518	 0.005104	 0.004148	 0.000058	 0.000736	 0.000121	2.322876	 2.080717	 0.032302	 0.154808	 0.035304
519	 0.004934	 0.003945	 0.000031	 0.000868	 0.000055	2.327810	 2.084662	 0.032333	 0.155676	 0.035359
520	 0.006191	 0.004522	 0.000089	 0.001399	 0.000122	2.334001	 2.089184	 0.032422	 0.157075	 0.035481
521	 0.005778	 0.004376	 0.000067	 0.001225	 0.000062	2.339779	 2.093560	 0.032489	 0.158300	 0.035543
522	 0.004931	 0.003626	 0.000077	 0.001067	 0.000118	2.344710	 2.097186	 0.032566	 0.159367	 0.035661
523	 0.005604	 0.004300	 0.000033	 0.001176	 0.000058	2.350314	 2.101486	 0.032599	 0.160543	 0.035719
524	 0.005357	 0.004234	 0.000076	 0.000885	 0.000122	2.355671	 2.105720	 0.032675	 0.161428	 0.035841
525	 0.004897	 0.004078	 0.000048	 0.000678	 0.000058	2.360568	 2.109798	 0.032723	 0.162106	 0.035899
526	 0.005207	 0.004249	 0.000072	 0.000731	 0.000117	2.365775	 2.114047	 0.032795	 0.162837	 0.036016
527	 0.005329	 0.004520	 0.000044	 0.000677	 0.000055	2.371104	 2.118567	 0.032839	 0.163514	 0.036071
528	 0.005144	 0.004179	 0.000070	 0.000745	 0.000115	2.376248	 2.122746	 0.032909	 0.164259	 0.036186
529	 0.005029	 0.003986	 0.000049	 0.000902	 0.000059	2.381277	 2.126732	 0.032958	 0.165161	 0.036245
530	 0.005827	 0.004378	 0.000071	 0.001219	 0.000119	2.387104	 2.131110	 0.033029	 0.166380	 0.036364
531	 0.005470	 0.004120	 0.000035	 0.001222	 0.000056	2.392574	 2.135230	 0.033064	 0.167602	 0.036420
532	 0.005252	 0.003385	 0.000054	 0.001660	 0.000116	2.397826	 2.138615	 0.033118	 0.169262	 0.036536
533	 0.005850	 0.004721	 0.000048	 0.000986	 0.000060	2.403676	 2.143336	 0.033166	 0.170248	 0.036596
534	 0.005472	 0.004260	 0.000056	 0.000997	 0.000121	2.409148	 2.147596	 0.033222	 0.171245	 0.036717
535	 0.005951	 0.004271	 0.000030	 0.001559	 0.000055	2.415099	 2.151867	 0.033252	 0.172804	 0.036772
536	 0.005646	 0.004358	 0.000063	 0.001059	 0.000122	2.420745	 2.156225	 0.033315	 0.173863	 0.036894
537	 0.005089	 0.004234	 0.000055	 0.000708	 0.000059	2.425834	 2.160459	 0.033370	 0.174571	 0.036953
538	 0.005847	 0.003883	 0.000125	 0.001655	 0.000138	2.431681	 2.164342	 0.033495	 0.176226	 0.037091
539	 0.004845	 0.004006	 0.000036	 0.000714	 0.000057	2.436526	 2.168348	 0.033531	 0.176940	 0.037148
540	 0.005575	 0.004552	 0.000077	 0.000782	 0.000123	2.442101	 2.172900	 0.033608	 0.177722	 0.037271
541	 0.005924	 0.003840	 0.000048	 0.001942	 0.000060	2.448025	 2.176740	 0.033656	 0.179664	 0.037331
542	 0.005540	 0.004311	 0.000064	 0.001002	 0.000123	2.453565	 2.181051	 0.033720	 0.180666	 0.037454
543	 0.005244	 0.004370	 0.000050	 0.000731	 0.000056	2.458809	 2.185421	 0.033770	 0.181397	 0.037510
544	 0.006056	 0.004565	 0.000072	 0.001259	 0.000123	2.464865	 2.189986	 0.033842	 0.182656	 0.037633
545	 0.005199	 0.004212	 0.000058	 0.000835	 0.000057	2.470064	 2.194198	 0.033900	 0.183491	 0.037690
546	 0.005522	 0.004027	 0.000079	 0.001251	 0.000123	2.475586	 2.198225	 0.033979	 0.184742	 0.037813
547	 0.005491	 0.004103	 0.000046	 0.001218	 0.000074	2.481077	 2.202328	 0.034025	 0.185960	 0.037887
548	 0.006958	 0.005264	 0.000053	 0.001485	 0.000118	2.488035	 2.207592	 0.034078	 0.187445	 0.038005
549	 0.005753	 0.004402	 0.000037	 0.001209	 0.000065	2.493788	 2.211994	 0.034115	 0.188654	 0.038070
550	 0.006234	 0.004714	 0.000087	 0.001271	 0.000122	2.500022	 2.216708	 0.034202	 0.189925	 0.038192
551	 0.005566	 0.003654	 0.000050	 0.001736	 0.000070	2.505588	 2.220362	 0.034252	 0.191661	 0.038262
552	 0.005610	 0.004352	 0.000058	 0.001035	 0.000124	2.511198	 2.224714	 0.034310	 0.192696	 0.038386
553	 0.005934	 0.004136	 0.000060	 0.001645	 0.000060	2.517132	 2.228850	 0.034370	 0.194341	 0.038446
554	 0.007493	 0.004700	 0.000060	 0.002572	 0.000122	2.524625	 2.233550	 0.034430	 0.196913	 0.038568
555	 0.005287	 0.003959	 0.000032	 0.001209	 0.000056	2.529912	 2.237509	 0.034462	 0.198122	 0.038624
556	 0.005346	 0.003708	 0.000053	 0.001423	 0.000121	2.535258	 2.241217	 0.034515	 0.199545	 0.038745
557	 0.006183	 0.003505	 0.000033	 0.002548	 0.000061	2.541441	 2.244722	 0.034548	 0.202093	 0.038806
558	 0.005875	 0.003752	 0.000060	 0.001896	 0.000125	2.547316	 2.248474	 0.034608	 0.203989	 0.038931
559	 0.005300	 0.003963	 0.000033	 0.001202	 0.000061	2.552616	 2.252437	 0.034641	 0.205191	 0.038992
560	 0.005367	 0.003903	 0.000068	 0.001201	 0.000140	2.557983	 2.256340	 0.034709	 0.206392	 0.039132
561	 0.007455	 0.004474	 0.000037	 0.002834	 0.000063	2.565438	 2.260814	 0.034746	 0.209226	 0.039195
562	 0.005291	 0.003803	 0.000123	 0.001156	 0.000142	2.570729	 2.264617	 0.034869	 0.210382	 0.039337
563	 0.006498	 0.004053	 0.000149	 0.002078	 0.000122	2.577227	 2.268670	 0.035018	 0.212460	 0.039459
564	 0.008445	 0.004392	 0.000140	 0.003588	 0.000223	2.585672	 2.273062	 0.035158	 0.216048	 0.039682
565	 0.007647	 0.004708	 0.000080	 0.002631	 0.000133	2.593319	 2.277770	 0.035238	 0.218679	 0.039815
566	 0.009509	 0.004660	 0.000129	 0.004381	 0.000255	2.602828	 2.282430	 0.035367	 0.223060	 0.040070
567	 0.008811	 0.005071	 0.000070	 0.003508	 0.000094	2.611639	 2.287501	 0.035437	 0.226568	 0.040164
568	 0.009983	 0.004773	 0.000105	 0.004873	 0.000167	2.621622	 2.292274	 0.035542	 0.231441	 0.040331
569	 0.006929	 0.004597	 0.000042	 0.002163	 0.000075	2.628551	 2.296871	 0.035584	 0.233604	 0.040406
570	 0.006384	 0.004553	 0.000073	 0.001562	 0.000144	2.634935	 2.301424	 0.035657	 0.235166	 0.040550
571	 0.007927	 0.004603	 0.000067	 0.003151	 0.000071	2.642862	 2.306027	 0.035724	 0.238317	 0.040621
572	 0.009430	 0.004544	 0.000073	 0.004631	 0.000134	2.652292	 2.310571	 0.035797	 0.242948	 0.040755
573	 0.006451	 0.004337	 0.000049	 0.001953	 0.000072	2.658743	 2.314908	 0.035846	 0.244901	 0.040827
574	 0.006308	 0.004784	 0.000084	 0.001259	 0.000136	2.665051	 2.319692	 0.035930	 0.246160	 0.040963
575	 0.007688	 0.004613	 0.000050	 0.002914	 0.000070	2.672739	 2.324305	 0.035980	 0.249074	 0.041033
576	 0.009038	 0.004559	 0.000088	 0.004209	 0.000139	2.681777	 2.328864	 0.036068	 0.253283	 0.041172
577	 0.013514	 0.004837	 0.000050	 0.008519	 0.000069	2.695291	 2.333701	 0.036118	 0.261802	 0.041241
578	 0.005784	 0.004253	 0.000079	 0.001262	 0.000145	2.701075	 2.337954	 0.036197	 0.263064	 0.041386
579	 0.008704	 0.004587	 0.000058	 0.003956	 0.000071	2.709779	 2.342541	 0.036255	 0.267020	 0.041457
580	 0.013637	 0.004391	 0.000098	 0.008952	 0.000142	2.723416	 2.346932	 0.036353	 0.275972	 0.041599
581	 0.008525	 0.004704	 0.000049	 0.003667	 0.000069	2.731941	 2.351636	 0.036402	 0.279639	 0.041668
582	 0.011638	 0.004646	 0.000082	 0.006730	 0.000134	2.743579	 2.356282	 0.036484	 0.286369	 0.041802
583	 0.013183	 0.003990	 0.000071	 0.008963	 0.000096	2.756762	 2.360272	 0.036555	 0.295332	 0.041898
584	 0.014694	 0.004974	 0.000133	 0.009358	 0.000154	2.771456	 2.365246	 0.036688	 0.304690	 0.042052
585	 0.011860	 0.003980	 0.000107	 0.007596	 0.000096	2.783316	 2.369226	 0.036795	 0.312286	 0.042148
586	 0.016441	 0.004734	 0.000101	 0.011376	 0.000157	2.799757	 2.373960	 0.036896	 0.323662	 0.042305
