43.060388
217.000000

37.544903
217.000000

41.119275
216.999999

43.702109
216.999995

30.290728
217.000000

44.019283
217.000000

42.017658
217.000000

43.273173
217.000000

41.203868
217.000000

43.516215
216.999999

36.038861
216.999999

51.884909
217.000000

43.093845
216.999999

38.011748
217.000000

41.937618
217.000000

47.937493
217.000000

43.723791
217.000000

43.060388
217.000000

48.809236
217.000000

43.588845
216.999999

45.578385
216.999999

43.907008
217.000000

42.821557
216.999999

48.667861
217.000000

43.302581
216.999999

43.473331
216.999999

39.455204
217.000000

37.375496
216.999997

43.296555
217.000000

46.121735
217.000000

