Iter	 Iter_time	 Master	 Subprob	 Full_Test	 argmax	Iter_acc	 Master_acc	 Subprob_acc	 Full_Test_acc	 argmax_acc
1	 0.000493	 0.000338	 0.000107	 0.000000	 0.000026	0.000493	 0.000338	 0.000107	 0.000000	 0.000026
2	 0.003887	 0.003729	 0.000085	 0.000000	 0.000035	0.004380	 0.004067	 0.000192	 0.000000	 0.000061
3	 0.003699	 0.003614	 0.000039	 0.000000	 0.000015	0.008079	 0.007681	 0.000231	 0.000000	 0.000076
4	 0.003281	 0.003179	 0.000059	 0.000000	 0.000017	0.011360	 0.010860	 0.000290	 0.000000	 0.000093
5	 0.003901	 0.003750	 0.000078	 0.000000	 0.000042	0.015261	 0.014610	 0.000368	 0.000000	 0.000135
6	 0.003796	 0.003692	 0.000041	 0.000000	 0.000034	0.019057	 0.018302	 0.000409	 0.000000	 0.000169
7	 0.003976	 0.003803	 0.000103	 0.000000	 0.000034	0.023033	 0.022105	 0.000512	 0.000000	 0.000203
8	 0.003133	 0.003038	 0.000039	 0.000000	 0.000029	0.026166	 0.025143	 0.000551	 0.000000	 0.000232
9	 0.003942	 0.003792	 0.000084	 0.000000	 0.000033	0.030108	 0.028935	 0.000635	 0.000000	 0.000265
10	 0.003683	 0.003575	 0.000054	 0.000000	 0.000031	0.033791	 0.032510	 0.000689	 0.000000	 0.000296
11	 0.003965	 0.003773	 0.000081	 0.000000	 0.000076	0.037756	 0.036283	 0.000770	 0.000000	 0.000372
12	 0.003477	 0.003399	 0.000035	 0.000000	 0.000021	0.041233	 0.039682	 0.000805	 0.000000	 0.000393
13	 0.003697	 0.003557	 0.000077	 0.000000	 0.000036	0.044930	 0.043239	 0.000882	 0.000000	 0.000429
14	 0.003759	 0.003682	 0.000033	 0.000000	 0.000019	0.048689	 0.046921	 0.000915	 0.000000	 0.000448
15	 0.003476	 0.003331	 0.000075	 0.000000	 0.000035	0.052165	 0.050252	 0.000990	 0.000000	 0.000483
16	 0.003428	 0.003323	 0.000048	 0.000000	 0.000031	0.055593	 0.053575	 0.001038	 0.000000	 0.000514
17	 0.003325	 0.003187	 0.000061	 0.000000	 0.000046	0.058918	 0.056762	 0.001099	 0.000000	 0.000560
18	 0.003479	 0.003389	 0.000033	 0.000000	 0.000029	0.062397	 0.060151	 0.001132	 0.000000	 0.000589
19	 0.003805	 0.003646	 0.000079	 0.000000	 0.000045	0.066202	 0.063797	 0.001211	 0.000000	 0.000634
20	 0.003489	 0.003396	 0.000048	 0.000000	 0.000021	0.069691	 0.067193	 0.001259	 0.000000	 0.000655
21	 0.003338	 0.003213	 0.000059	 0.000000	 0.000037	0.073029	 0.070406	 0.001318	 0.000000	 0.000692
22	 0.004003	 0.003925	 0.000031	 0.000000	 0.000020	0.077032	 0.074331	 0.001349	 0.000000	 0.000712
23	 0.003895	 0.003753	 0.000078	 0.000000	 0.000038	0.080927	 0.078084	 0.001427	 0.000000	 0.000750
24	 0.003908	 0.003815	 0.000046	 0.000000	 0.000020	0.084835	 0.081899	 0.001473	 0.000000	 0.000770
25	 0.003785	 0.003646	 0.000072	 0.000000	 0.000038	0.088620	 0.085545	 0.001545	 0.000000	 0.000808
26	 0.004202	 0.004104	 0.000052	 0.000000	 0.000023	0.092822	 0.089649	 0.001597	 0.000000	 0.000831
27	 0.003444	 0.003303	 0.000072	 0.000000	 0.000038	0.096266	 0.092952	 0.001669	 0.000000	 0.000869
28	 0.003812	 0.003733	 0.000033	 0.000000	 0.000023	0.100078	 0.096685	 0.001702	 0.000000	 0.000892
29	 0.003790	 0.003666	 0.000056	 0.000000	 0.000039	0.103868	 0.100351	 0.001758	 0.000000	 0.000931
30	 0.003727	 0.003634	 0.000047	 0.000000	 0.000022	0.107595	 0.103985	 0.001805	 0.000000	 0.000953
31	 0.003804	 0.003665	 0.000071	 0.000000	 0.000038	0.111399	 0.107650	 0.001876	 0.000000	 0.000991
32	 0.003489	 0.003397	 0.000045	 0.000000	 0.000022	0.114888	 0.111047	 0.001921	 0.000000	 0.001013
33	 0.003744	 0.003592	 0.000073	 0.000000	 0.000041	0.118632	 0.114639	 0.001994	 0.000000	 0.001054
34	 0.003433	 0.003341	 0.000037	 0.000000	 0.000025	0.122065	 0.117980	 0.002031	 0.000000	 0.001079
35	 0.003799	 0.003654	 0.000064	 0.000000	 0.000045	0.125864	 0.121634	 0.002095	 0.000000	 0.001124
36	 0.003612	 0.003468	 0.000083	 0.000000	 0.000029	0.129476	 0.125102	 0.002178	 0.000000	 0.001153
37	 0.003423	 0.003271	 0.000081	 0.000000	 0.000041	0.132899	 0.128373	 0.002259	 0.000000	 0.001194
38	 0.003273	 0.003176	 0.000050	 0.000000	 0.000023	0.136172	 0.131549	 0.002309	 0.000000	 0.001217
39	 0.004197	 0.004056	 0.000070	 0.000000	 0.000042	0.140369	 0.135605	 0.002379	 0.000000	 0.001259
40	 0.003970	 0.003875	 0.000047	 0.000000	 0.000024	0.144339	 0.139480	 0.002426	 0.000000	 0.001283
41	 0.003758	 0.003597	 0.000085	 0.000000	 0.000047	0.148097	 0.143077	 0.002511	 0.000000	 0.001330
42	 0.003525	 0.003442	 0.000035	 0.000000	 0.000024	0.151622	 0.146519	 0.002546	 0.000000	 0.001354
43	 0.004026	 0.003876	 0.000079	 0.000000	 0.000044	0.155648	 0.150395	 0.002625	 0.000000	 0.001398
44	 0.003607	 0.003502	 0.000051	 0.000000	 0.000024	0.159255	 0.153897	 0.002676	 0.000000	 0.001422
45	 0.003998	 0.003827	 0.000090	 0.000000	 0.000049	0.163253	 0.157724	 0.002766	 0.000000	 0.001471
46	 0.003848	 0.003753	 0.000046	 0.000000	 0.000024	0.167101	 0.161477	 0.002812	 0.000000	 0.001495
47	 0.003799	 0.003653	 0.000072	 0.000000	 0.000045	0.170900	 0.165130	 0.002884	 0.000000	 0.001540
48	 0.003885	 0.003790	 0.000046	 0.000000	 0.000024	0.174785	 0.168920	 0.002930	 0.000000	 0.001564
49	 0.003841	 0.003694	 0.000070	 0.000000	 0.000045	0.178626	 0.172614	 0.003000	 0.000000	 0.001609
50	 0.003529	 0.003430	 0.000048	 0.000000	 0.000025	0.182155	 0.176044	 0.003048	 0.000000	 0.001634
51	 0.003923	 0.003774	 0.000074	 0.000000	 0.000044	0.186078	 0.179818	 0.003122	 0.000000	 0.001678
52	 0.003653	 0.003563	 0.000035	 0.000000	 0.000027	0.189731	 0.183381	 0.003157	 0.000000	 0.001705
53	 0.003296	 0.003165	 0.000055	 0.000000	 0.000045	0.193027	 0.186546	 0.003212	 0.000000	 0.001750
54	 0.003338	 0.003233	 0.000053	 0.000000	 0.000026	0.196365	 0.189779	 0.003265	 0.000000	 0.001776
55	 0.003606	 0.003459	 0.000073	 0.000000	 0.000047	0.199971	 0.193238	 0.003338	 0.000000	 0.001823
56	 0.003347	 0.003265	 0.000033	 0.000000	 0.000026	0.203318	 0.196503	 0.003371	 0.000000	 0.001849
57	 0.004047	 0.003915	 0.000057	 0.000000	 0.000048	0.207365	 0.200418	 0.003428	 0.000000	 0.001897
58	 0.003467	 0.003369	 0.000046	 0.000000	 0.000025	0.210832	 0.203787	 0.003474	 0.000000	 0.001922
59	 0.003933	 0.003787	 0.000070	 0.000000	 0.000046	0.214765	 0.207574	 0.003544	 0.000000	 0.001968
60	 0.003388	 0.003287	 0.000049	 0.000000	 0.000027	0.218153	 0.210861	 0.003593	 0.000000	 0.001995
61	 0.003778	 0.003622	 0.000076	 0.000000	 0.000048	0.221931	 0.214483	 0.003669	 0.000000	 0.002043
62	 0.004050	 0.003956	 0.000041	 0.000000	 0.000027	0.225981	 0.218439	 0.003710	 0.000000	 0.002070
63	 0.003645	 0.003508	 0.000058	 0.000000	 0.000048	0.229626	 0.221947	 0.003768	 0.000000	 0.002118
64	 0.004022	 0.003940	 0.000032	 0.000000	 0.000026	0.233648	 0.225887	 0.003800	 0.000000	 0.002144
65	 0.003948	 0.003800	 0.000057	 0.000000	 0.000049	0.237596	 0.229687	 0.003857	 0.000000	 0.002193
66	 0.003484	 0.003391	 0.000032	 0.000000	 0.000026	0.241080	 0.233078	 0.003889	 0.000000	 0.002219
67	 0.003402	 0.003132	 0.000109	 0.000000	 0.000097	0.244482	 0.236210	 0.003998	 0.000000	 0.002316
68	 0.003380	 0.003178	 0.000072	 0.000000	 0.000056	0.247862	 0.239388	 0.004070	 0.000000	 0.002372
69	 0.003193	 0.002953	 0.000091	 0.000000	 0.000065	0.251055	 0.242341	 0.004161	 0.000000	 0.002437
70	 0.003641	 0.003365	 0.000139	 0.000000	 0.000052	0.254696	 0.245706	 0.004300	 0.000000	 0.002489
71	 0.003735	 0.003435	 0.000128	 0.000000	 0.000095	0.258431	 0.249141	 0.004428	 0.000000	 0.002584
72	 0.004093	 0.003862	 0.000110	 0.000000	 0.000059	0.262524	 0.253003	 0.004538	 0.000000	 0.002643
73	 0.004460	 0.004147	 0.000141	 0.000000	 0.000095	0.266984	 0.257150	 0.004679	 0.000000	 0.002738
74	 0.003982	 0.003823	 0.000054	 0.000000	 0.000052	0.270966	 0.260973	 0.004733	 0.000000	 0.002790
75	 0.003155	 0.002890	 0.000141	 0.000000	 0.000074	0.274121	 0.263863	 0.004874	 0.000000	 0.002864
76	 0.003840	 0.003659	 0.000075	 0.000000	 0.000053	0.277961	 0.267522	 0.004949	 0.000000	 0.002917
77	 0.003422	 0.003187	 0.000121	 0.000000	 0.000064	0.281383	 0.270709	 0.005070	 0.000000	 0.002981
78	 0.003739	 0.003587	 0.000075	 0.000000	 0.000035	0.285122	 0.274296	 0.005145	 0.000000	 0.003016
79	 0.004387	 0.004199	 0.000082	 0.000000	 0.000060	0.289509	 0.278495	 0.005227	 0.000000	 0.003076
80	 0.003729	 0.003481	 0.000115	 0.000000	 0.000068	0.293238	 0.281976	 0.005342	 0.000000	 0.003144
81	 0.003409	 0.003277	 0.000054	 0.000000	 0.000031	0.296647	 0.285253	 0.005396	 0.000000	 0.003175
82	 0.004038	 0.003876	 0.000086	 0.000000	 0.000036	0.300685	 0.289129	 0.005482	 0.000000	 0.003211
83	 0.004400	 0.004208	 0.000088	 0.000000	 0.000056	0.305085	 0.293337	 0.005570	 0.000000	 0.003267
84	 0.004665	 0.004557	 0.000038	 0.000000	 0.000044	0.309750	 0.297894	 0.005608	 0.000000	 0.003311
85	 0.003904	 0.003744	 0.000063	 0.000000	 0.000063	0.313654	 0.301638	 0.005671	 0.000000	 0.003374
86	 0.004056	 0.003892	 0.000068	 0.000000	 0.000048	0.317710	 0.305530	 0.005739	 0.000000	 0.003422
87	 0.004028	 0.003654	 0.000170	 0.000000	 0.000139	0.321738	 0.309184	 0.005909	 0.000000	 0.003561
88	 0.003498	 0.003370	 0.000064	 0.000000	 0.000032	0.325236	 0.312554	 0.005973	 0.000000	 0.003593
89	 0.003774	 0.003609	 0.000077	 0.000000	 0.000055	0.329010	 0.316163	 0.006050	 0.000000	 0.003648
90	 0.003876	 0.003784	 0.000036	 0.000000	 0.000028	0.332886	 0.319947	 0.006086	 0.000000	 0.003676
91	 0.003542	 0.003400	 0.000057	 0.000000	 0.000055	0.336428	 0.323347	 0.006143	 0.000000	 0.003731
92	 0.003625	 0.003513	 0.000050	 0.000000	 0.000030	0.340053	 0.326860	 0.006193	 0.000000	 0.003761
93	 0.004048	 0.003742	 0.000156	 0.000000	 0.000101	0.344101	 0.330602	 0.006349	 0.000000	 0.003862
94	 0.004381	 0.004243	 0.000067	 0.000000	 0.000043	0.348482	 0.334845	 0.006416	 0.000000	 0.003905
95	 0.004061	 0.003901	 0.000064	 0.000000	 0.000066	0.352543	 0.338746	 0.006480	 0.000000	 0.003971
96	 0.003547	 0.003456	 0.000034	 0.000000	 0.000031	0.356090	 0.342202	 0.006514	 0.000000	 0.004002
97	 0.003709	 0.003551	 0.000060	 0.000000	 0.000056	0.359799	 0.345753	 0.006574	 0.000000	 0.004058
98	 0.004138	 0.004017	 0.000055	 0.000000	 0.000036	0.363937	 0.349770	 0.006629	 0.000000	 0.004094
99	 0.003858	 0.003619	 0.000103	 0.000000	 0.000089	0.367795	 0.353389	 0.006732	 0.000000	 0.004183
100	 0.004046	 0.003890	 0.000072	 0.000000	 0.000038	0.371841	 0.357279	 0.006804	 0.000000	 0.004221
101	 0.004065	 0.003958	 0.000046	 0.000000	 0.000032	0.375906	 0.361237	 0.006850	 0.000000	 0.004253
102	 0.003652	 0.003455	 0.000068	 0.000000	 0.000060	0.379558	 0.364692	 0.006918	 0.000000	 0.004313
103	 0.004089	 0.003995	 0.000036	 0.000000	 0.000031	0.383647	 0.368687	 0.006954	 0.000000	 0.004344
104	 0.003933	 0.003788	 0.000058	 0.000000	 0.000059	0.387580	 0.372475	 0.007012	 0.000000	 0.004403
105	 0.003815	 0.003690	 0.000054	 0.000000	 0.000032	0.391395	 0.376165	 0.007066	 0.000000	 0.004435
106	 0.004005	 0.003662	 0.000159	 0.000000	 0.000126	0.395400	 0.379827	 0.007225	 0.000000	 0.004561
107	 0.003468	 0.003365	 0.000040	 0.000000	 0.000032	0.398868	 0.383192	 0.007265	 0.000000	 0.004593
108	 0.003710	 0.003531	 0.000087	 0.000000	 0.000059	0.402578	 0.386723	 0.007352	 0.000000	 0.004652
109	 0.003344	 0.003220	 0.000053	 0.000000	 0.000034	0.405922	 0.389943	 0.007405	 0.000000	 0.004686
110	 0.003876	 0.003783	 0.000035	 0.000000	 0.000032	0.409798	 0.393726	 0.007440	 0.000000	 0.004718
111	 0.003448	 0.003275	 0.000081	 0.000000	 0.000060	0.413246	 0.397001	 0.007521	 0.000000	 0.004778
112	 0.004065	 0.003955	 0.000048	 0.000000	 0.000033	0.417311	 0.400956	 0.007569	 0.000000	 0.004811
113	 0.003910	 0.003631	 0.000149	 0.000000	 0.000085	0.421221	 0.404587	 0.007718	 0.000000	 0.004896
114	 0.004315	 0.004197	 0.000040	 0.000000	 0.000034	0.425536	 0.408784	 0.007758	 0.000000	 0.004930
115	 0.004415	 0.004305	 0.000034	 0.000000	 0.000032	0.429951	 0.413089	 0.007792	 0.000000	 0.004962
116	 0.004137	 0.004014	 0.000065	 0.000000	 0.000031	0.434088	 0.417103	 0.007857	 0.000000	 0.004993
117	 0.003508	 0.003340	 0.000079	 0.000000	 0.000061	0.437596	 0.420443	 0.007936	 0.000000	 0.005054
118	 0.003657	 0.003558	 0.000042	 0.000000	 0.000030	0.441253	 0.424001	 0.007978	 0.000000	 0.005084
119	 0.004165	 0.004009	 0.000062	 0.000000	 0.000058	0.445418	 0.428010	 0.008040	 0.000000	 0.005142
120	 0.004010	 0.003880	 0.000051	 0.000000	 0.000042	0.449428	 0.431890	 0.008091	 0.000000	 0.005184
121	 0.003789	 0.003636	 0.000059	 0.000000	 0.000062	0.453217	 0.435526	 0.008150	 0.000000	 0.005246
122	 0.003815	 0.003694	 0.000036	 0.000000	 0.000033	0.457032	 0.439220	 0.008186	 0.000000	 0.005279
123	 0.004328	 0.004226	 0.000039	 0.000000	 0.000033	0.461360	 0.443446	 0.008225	 0.000000	 0.005312
124	 0.003772	 0.003622	 0.000060	 0.000000	 0.000059	0.465132	 0.447068	 0.008285	 0.000000	 0.005371
125	 0.003864	 0.003767	 0.000034	 0.000000	 0.000034	0.468996	 0.450835	 0.008319	 0.000000	 0.005405
126	 0.003739	 0.003520	 0.000109	 0.000000	 0.000074	0.472735	 0.454355	 0.008428	 0.000000	 0.005479
127	 0.003908	 0.003770	 0.000064	 0.000000	 0.000038	0.476643	 0.458125	 0.008492	 0.000000	 0.005517
128	 0.004003	 0.003829	 0.000078	 0.000000	 0.000063	0.480646	 0.461954	 0.008570	 0.000000	 0.005580
129	 0.004380	 0.004259	 0.000057	 0.000000	 0.000035	0.485026	 0.466213	 0.008627	 0.000000	 0.005615
130	 0.004281	 0.004102	 0.000079	 0.000000	 0.000065	0.489307	 0.470315	 0.008706	 0.000000	 0.005680
131	 0.003463	 0.003339	 0.000053	 0.000000	 0.000042	0.492770	 0.473654	 0.008759	 0.000000	 0.005722
132	 0.004543	 0.004371	 0.000065	 0.000000	 0.000073	0.497313	 0.478025	 0.008824	 0.000000	 0.005795
133	 0.004079	 0.003947	 0.000050	 0.000000	 0.000043	0.501392	 0.481972	 0.008874	 0.000000	 0.005838
134	 0.003727	 0.003536	 0.000095	 0.000000	 0.000066	0.505119	 0.485508	 0.008969	 0.000000	 0.005904
135	 0.003792	 0.003680	 0.000050	 0.000000	 0.000033	0.508911	 0.489188	 0.009019	 0.000000	 0.005937
136	 0.003716	 0.003536	 0.000080	 0.000000	 0.000065	0.512627	 0.492724	 0.009099	 0.000000	 0.006002
137	 0.004212	 0.004099	 0.000048	 0.000000	 0.000035	0.516839	 0.496823	 0.009147	 0.000000	 0.006037
138	 0.003755	 0.003593	 0.000064	 0.000000	 0.000066	0.520594	 0.500416	 0.009211	 0.000000	 0.006103
139	 0.003913	 0.003752	 0.000074	 0.000000	 0.000053	0.524507	 0.504168	 0.009285	 0.000000	 0.006156
140	 0.004283	 0.004078	 0.000098	 0.000000	 0.000071	0.528790	 0.508246	 0.009383	 0.000000	 0.006227
141	 0.003632	 0.003530	 0.000037	 0.000000	 0.000035	0.532422	 0.511776	 0.009420	 0.000000	 0.006262
142	 0.003618	 0.003433	 0.000092	 0.000000	 0.000065	0.536040	 0.515209	 0.009512	 0.000000	 0.006327
143	 0.004011	 0.003903	 0.000047	 0.000000	 0.000034	0.540051	 0.519112	 0.009559	 0.000000	 0.006361
144	 0.004195	 0.004018	 0.000076	 0.000000	 0.000067	0.544246	 0.523130	 0.009635	 0.000000	 0.006428
145	 0.004129	 0.003985	 0.000063	 0.000000	 0.000039	0.548375	 0.527115	 0.009698	 0.000000	 0.006467
146	 0.004382	 0.004158	 0.000091	 0.000000	 0.000080	0.552757	 0.531273	 0.009789	 0.000000	 0.006547
147	 0.003663	 0.003529	 0.000066	 0.000000	 0.000036	0.556420	 0.534802	 0.009855	 0.000000	 0.006583
148	 0.003865	 0.003687	 0.000077	 0.000000	 0.000069	0.560285	 0.538489	 0.009932	 0.000000	 0.006652
149	 0.004163	 0.004065	 0.000032	 0.000000	 0.000035	0.564448	 0.542554	 0.009964	 0.000000	 0.006687
150	 0.004875	 0.004708	 0.000066	 0.000000	 0.000070	0.569323	 0.547262	 0.010030	 0.000000	 0.006757
151	 0.004469	 0.004347	 0.000052	 0.000000	 0.000035	0.573792	 0.551609	 0.010082	 0.000000	 0.006792
152	 0.003810	 0.003582	 0.000104	 0.000000	 0.000077	0.577602	 0.555191	 0.010186	 0.000000	 0.006869
153	 0.003722	 0.003536	 0.000074	 0.000000	 0.000044	0.581324	 0.558727	 0.010260	 0.000000	 0.006913
154	 0.003085	 0.002788	 0.000143	 0.000000	 0.000083	0.584409	 0.561515	 0.010403	 0.000000	 0.006996
155	 0.003768	 0.003622	 0.000055	 0.000000	 0.000046	0.588177	 0.565137	 0.010458	 0.000000	 0.007042
156	 0.003463	 0.003249	 0.000104	 0.000000	 0.000069	0.591640	 0.568386	 0.010562	 0.000000	 0.007111
157	 0.003385	 0.003223	 0.000070	 0.000000	 0.000040	0.595025	 0.571609	 0.010632	 0.000000	 0.007151
158	 0.003272	 0.002875	 0.000163	 0.000000	 0.000143	0.598297	 0.574484	 0.010795	 0.000000	 0.007294
159	 0.004188	 0.003919	 0.000112	 0.000000	 0.000094	0.602485	 0.578403	 0.010907	 0.000000	 0.007388
160	 0.004739	 0.004472	 0.000122	 0.000000	 0.000096	0.607224	 0.582875	 0.011029	 0.000000	 0.007484
161	 0.004566	 0.004323	 0.000104	 0.000000	 0.000079	0.611790	 0.587198	 0.011133	 0.000000	 0.007563
162	 0.003993	 0.003743	 0.000117	 0.000000	 0.000083	0.615783	 0.590941	 0.011250	 0.000000	 0.007646
163	 0.004362	 0.004204	 0.000051	 0.000000	 0.000059	0.620145	 0.595145	 0.011301	 0.000000	 0.007705
164	 0.004323	 0.004022	 0.000140	 0.000000	 0.000103	0.624468	 0.599167	 0.011441	 0.000000	 0.007808
165	 0.004139	 0.003908	 0.000119	 0.000000	 0.000052	0.628607	 0.603075	 0.011560	 0.000000	 0.007860
166	 0.004252	 0.004007	 0.000097	 0.000000	 0.000088	0.632859	 0.607082	 0.011657	 0.000000	 0.007948
167	 0.004165	 0.003947	 0.000105	 0.000000	 0.000060	0.637024	 0.611029	 0.011762	 0.000000	 0.008008
168	 0.003770	 0.003514	 0.000119	 0.000000	 0.000084	0.640794	 0.614543	 0.011881	 0.000000	 0.008092
169	 0.003727	 0.003473	 0.000105	 0.000000	 0.000089	0.644521	 0.618016	 0.011986	 0.000000	 0.008181
170	 0.004514	 0.004250	 0.000123	 0.000000	 0.000086	0.649035	 0.622266	 0.012109	 0.000000	 0.008267
171	 0.004222	 0.003935	 0.000126	 0.000000	 0.000077	0.653257	 0.626201	 0.012235	 0.000000	 0.008344
172	 0.004446	 0.004135	 0.000168	 0.000000	 0.000089	0.657703	 0.630336	 0.012403	 0.000000	 0.008433
173	 0.004271	 0.004147	 0.000053	 0.000000	 0.000037	0.661974	 0.634483	 0.012456	 0.000000	 0.008470
174	 0.003799	 0.003633	 0.000062	 0.000000	 0.000071	0.665773	 0.638116	 0.012518	 0.000000	 0.008541
175	 0.003946	 0.003828	 0.000036	 0.000000	 0.000049	0.669719	 0.641944	 0.012554	 0.000000	 0.008590
176	 0.004038	 0.003707	 0.000133	 0.000000	 0.000138	0.673757	 0.645651	 0.012687	 0.000000	 0.008728
177	 0.003996	 0.003882	 0.000037	 0.000000	 0.000045	0.677753	 0.649533	 0.012724	 0.000000	 0.008773
178	 0.003768	 0.003579	 0.000066	 0.000000	 0.000088	0.681521	 0.653112	 0.012790	 0.000000	 0.008861
179	 0.003648	 0.003492	 0.000046	 0.000000	 0.000064	0.685169	 0.656604	 0.012836	 0.000000	 0.008925
180	 0.003922	 0.003720	 0.000075	 0.000000	 0.000084	0.689091	 0.660324	 0.012911	 0.000000	 0.009009
181	 0.003639	 0.003533	 0.000037	 0.000000	 0.000038	0.692730	 0.663857	 0.012948	 0.000000	 0.009047
182	 0.003767	 0.003579	 0.000071	 0.000000	 0.000077	0.696497	 0.667436	 0.013019	 0.000000	 0.009124
183	 0.003692	 0.003453	 0.000083	 0.000000	 0.000087	0.700189	 0.670889	 0.013102	 0.000000	 0.009211
184	 0.003678	 0.003567	 0.000039	 0.000000	 0.000041	0.703867	 0.674456	 0.013141	 0.000000	 0.009252
185	 0.004106	 0.003908	 0.000095	 0.000000	 0.000073	0.707973	 0.678364	 0.013236	 0.000000	 0.009325
186	 0.006357	 0.006209	 0.000051	 0.000000	 0.000051	0.714330	 0.684573	 0.013287	 0.000000	 0.009376
187	 0.004276	 0.004150	 0.000048	 0.000000	 0.000051	0.718606	 0.688723	 0.013335	 0.000000	 0.009427
188	 0.003915	 0.003692	 0.000083	 0.000000	 0.000092	0.722521	 0.692415	 0.013418	 0.000000	 0.009519
189	 0.003720	 0.003498	 0.000075	 0.000000	 0.000088	0.726241	 0.695913	 0.013493	 0.000000	 0.009607
190	 0.004522	 0.004245	 0.000126	 0.000000	 0.000091	0.730763	 0.700158	 0.013619	 0.000000	 0.009698
191	 0.004372	 0.004195	 0.000084	 0.000000	 0.000051	0.735135	 0.704353	 0.013703	 0.000000	 0.009749
192	 0.003973	 0.003798	 0.000069	 0.000000	 0.000074	0.739108	 0.708151	 0.013772	 0.000000	 0.009823
193	 0.003544	 0.003449	 0.000034	 0.000000	 0.000035	0.742652	 0.711600	 0.013806	 0.000000	 0.009858
194	 0.004062	 0.003825	 0.000119	 0.000000	 0.000081	0.746714	 0.715425	 0.013925	 0.000000	 0.009939
195	 0.004276	 0.004107	 0.000080	 0.000000	 0.000050	0.750990	 0.719532	 0.014005	 0.000000	 0.009989
196	 0.003823	 0.003630	 0.000079	 0.000000	 0.000079	0.754813	 0.723162	 0.014084	 0.000000	 0.010068
197	 0.004123	 0.004014	 0.000037	 0.000000	 0.000041	0.758936	 0.727176	 0.014121	 0.000000	 0.010109
198	 0.004129	 0.003833	 0.000110	 0.000000	 0.000130	0.763065	 0.731009	 0.014231	 0.000000	 0.010239
199	 0.004644	 0.004488	 0.000053	 0.000000	 0.000064	0.767709	 0.735497	 0.014284	 0.000000	 0.010303
200	 0.003911	 0.003703	 0.000064	 0.000000	 0.000090	0.771620	 0.739200	 0.014348	 0.000000	 0.010393
201	 0.004403	 0.004210	 0.000093	 0.000000	 0.000055	0.776023	 0.743410	 0.014441	 0.000000	 0.010448
202	 0.004169	 0.003893	 0.000109	 0.000000	 0.000087	0.780192	 0.747303	 0.014550	 0.000000	 0.010535
203	 0.003980	 0.003869	 0.000038	 0.000000	 0.000041	0.784172	 0.751172	 0.014588	 0.000000	 0.010576
204	 0.004709	 0.004516	 0.000086	 0.000000	 0.000074	0.788881	 0.755688	 0.014674	 0.000000	 0.010650
205	 0.003746	 0.003647	 0.000032	 0.000000	 0.000038	0.792627	 0.759335	 0.014706	 0.000000	 0.010688
206	 0.003896	 0.003721	 0.000058	 0.000000	 0.000077	0.796523	 0.763056	 0.014764	 0.000000	 0.010765
207	 0.004135	 0.003988	 0.000063	 0.000000	 0.000046	0.800658	 0.767044	 0.014827	 0.000000	 0.010811
208	 0.004031	 0.003777	 0.000116	 0.000000	 0.000091	0.804689	 0.770821	 0.014943	 0.000000	 0.010902
209	 0.004614	 0.004464	 0.000062	 0.000000	 0.000046	0.809303	 0.775285	 0.015005	 0.000000	 0.010948
210	 0.003962	 0.003723	 0.000112	 0.000000	 0.000084	0.813265	 0.779008	 0.015117	 0.000000	 0.011032
211	 0.004003	 0.003884	 0.000046	 0.000000	 0.000041	0.817268	 0.782892	 0.015163	 0.000000	 0.011073
212	 0.004007	 0.003818	 0.000076	 0.000000	 0.000081	0.821275	 0.786710	 0.015239	 0.000000	 0.011154
213	 0.003323	 0.003187	 0.000051	 0.000000	 0.000041	0.824598	 0.789897	 0.015290	 0.000000	 0.011195
214	 0.004285	 0.004165	 0.000047	 0.000000	 0.000042	0.828883	 0.794062	 0.015337	 0.000000	 0.011237
215	 0.004294	 0.004110	 0.000072	 0.000000	 0.000080	0.833177	 0.798172	 0.015409	 0.000000	 0.011317
216	 0.004237	 0.004104	 0.000055	 0.000000	 0.000043	0.837414	 0.802276	 0.015464	 0.000000	 0.011360
217	 0.004483	 0.004222	 0.000121	 0.000000	 0.000095	0.841897	 0.806498	 0.015585	 0.000000	 0.011455
218	 0.004582	 0.004413	 0.000081	 0.000000	 0.000049	0.846479	 0.810911	 0.015666	 0.000000	 0.011504
219	 0.004346	 0.004129	 0.000081	 0.000000	 0.000081	0.850825	 0.815040	 0.015747	 0.000000	 0.011585
220	 0.004408	 0.004232	 0.000082	 0.000000	 0.000052	0.855233	 0.819272	 0.015829	 0.000000	 0.011637
221	 0.004009	 0.003823	 0.000070	 0.000000	 0.000083	0.859242	 0.823095	 0.015899	 0.000000	 0.011720
222	 0.004303	 0.004184	 0.000049	 0.000000	 0.000041	0.863545	 0.827279	 0.015948	 0.000000	 0.011761
223	 0.004415	 0.004225	 0.000076	 0.000000	 0.000084	0.867960	 0.831504	 0.016024	 0.000000	 0.011845
224	 0.003540	 0.003415	 0.000034	 0.000000	 0.000042	0.871500	 0.834919	 0.016058	 0.000000	 0.011887
225	 0.004602	 0.004496	 0.000034	 0.000000	 0.000042	0.876102	 0.839415	 0.016092	 0.000000	 0.011929
226	 0.004260	 0.003927	 0.000150	 0.000000	 0.000127	0.880362	 0.843342	 0.016242	 0.000000	 0.012056
227	 0.004368	 0.004218	 0.000053	 0.000000	 0.000049	0.884730	 0.847560	 0.016295	 0.000000	 0.012105
228	 0.004301	 0.004090	 0.000080	 0.000000	 0.000092	0.889031	 0.851650	 0.016375	 0.000000	 0.012197
229	 0.003687	 0.003577	 0.000035	 0.000000	 0.000044	0.892718	 0.855227	 0.016410	 0.000000	 0.012241
230	 0.004207	 0.004036	 0.000055	 0.000000	 0.000082	0.896925	 0.859263	 0.016465	 0.000000	 0.012323
231	 0.003750	 0.003617	 0.000068	 0.000000	 0.000040	0.900675	 0.862880	 0.016533	 0.000000	 0.012363
232	 0.003941	 0.003766	 0.000061	 0.000000	 0.000082	0.904616	 0.866646	 0.016594	 0.000000	 0.012445
233	 0.004149	 0.004047	 0.000035	 0.000000	 0.000041	0.908765	 0.870693	 0.016629	 0.000000	 0.012486
234	 0.003729	 0.003534	 0.000081	 0.000000	 0.000081	0.912494	 0.874227	 0.016710	 0.000000	 0.012567
235	 0.004002	 0.003901	 0.000034	 0.000000	 0.000042	0.916496	 0.878128	 0.016744	 0.000000	 0.012609
236	 0.004157	 0.003975	 0.000059	 0.000000	 0.000083	0.920653	 0.882103	 0.016803	 0.000000	 0.012692
237	 0.003418	 0.003246	 0.000053	 0.000000	 0.000064	0.924071	 0.885349	 0.016856	 0.000000	 0.012756
238	 0.003953	 0.003685	 0.000120	 0.000000	 0.000097	0.928024	 0.889034	 0.016976	 0.000000	 0.012853
239	 0.004386	 0.004228	 0.000072	 0.000000	 0.000049	0.932410	 0.893262	 0.017048	 0.000000	 0.012902
240	 0.003780	 0.003544	 0.000079	 0.000000	 0.000094	0.936190	 0.896806	 0.017127	 0.000000	 0.012996
241	 0.003620	 0.003414	 0.000082	 0.000000	 0.000067	0.939810	 0.900220	 0.017209	 0.000000	 0.013063
242	 0.004013	 0.003591	 0.000169	 0.000000	 0.000174	0.943823	 0.903811	 0.017378	 0.000000	 0.013237
243	 0.003593	 0.003488	 0.000034	 0.000000	 0.000041	0.947416	 0.907299	 0.017412	 0.000000	 0.013278
244	 0.003617	 0.003403	 0.000097	 0.000000	 0.000084	0.951033	 0.910702	 0.017509	 0.000000	 0.013362
245	 0.003903	 0.003781	 0.000048	 0.000000	 0.000045	0.954936	 0.914483	 0.017557	 0.000000	 0.013407
246	 0.003915	 0.003719	 0.000066	 0.000000	 0.000086	0.958851	 0.918202	 0.017623	 0.000000	 0.013493
247	 0.004320	 0.004145	 0.000078	 0.000000	 0.000054	0.963171	 0.922347	 0.017701	 0.000000	 0.013547
248	 0.004269	 0.004028	 0.000108	 0.000000	 0.000094	0.967440	 0.926375	 0.017809	 0.000000	 0.013641
249	 0.004204	 0.004034	 0.000074	 0.000000	 0.000053	0.971644	 0.930409	 0.017883	 0.000000	 0.013694
250	 0.003817	 0.003605	 0.000088	 0.000000	 0.000087	0.975461	 0.934014	 0.017971	 0.000000	 0.013781
251	 0.003728	 0.003584	 0.000057	 0.000000	 0.000047	0.979189	 0.937598	 0.018028	 0.000000	 0.013828
252	 0.004662	 0.004375	 0.000110	 0.000000	 0.000110	0.983851	 0.941973	 0.018138	 0.000000	 0.013938
253	 0.003342	 0.003224	 0.000049	 0.000000	 0.000040	0.987193	 0.945197	 0.018187	 0.000000	 0.013978
254	 0.004900	 0.004713	 0.000066	 0.000000	 0.000086	0.992093	 0.949910	 0.018253	 0.000000	 0.014064
255	 0.004244	 0.004060	 0.000079	 0.000000	 0.000054	0.996337	 0.953970	 0.018332	 0.000000	 0.014118
256	 0.004445	 0.004157	 0.000122	 0.000000	 0.000115	1.000782	 0.958127	 0.018454	 0.000000	 0.014233
257	 0.006267	 0.006062	 0.000074	 0.000000	 0.000065	1.007049	 0.964189	 0.018528	 0.000000	 0.014298
258	 0.003600	 0.003404	 0.000077	 0.000000	 0.000074	1.010649	 0.967593	 0.018605	 0.000000	 0.014372
259	 0.004062	 0.003576	 0.000071	 0.000250	 0.000116	1.014711	 0.971169	 0.018676	 0.000250	 0.014488
260	 0.004601	 0.004050	 0.000092	 0.000282	 0.000111	1.019312	 0.975219	 0.018768	 0.000532	 0.014599
261	 0.004849	 0.004313	 0.000104	 0.000281	 0.000103	1.024161	 0.979532	 0.018872	 0.000813	 0.014702
262	 0.004042	 0.003636	 0.000036	 0.000273	 0.000056	1.028203	 0.983168	 0.018908	 0.001086	 0.014758
263	 0.004402	 0.003912	 0.000065	 0.000286	 0.000099	1.032605	 0.987080	 0.018973	 0.001372	 0.014857
264	 0.004687	 0.004269	 0.000038	 0.000290	 0.000058	1.037292	 0.991349	 0.019011	 0.001662	 0.014915
265	 0.005042	 0.004552	 0.000059	 0.000278	 0.000101	1.042334	 0.995901	 0.019070	 0.001940	 0.015016
266	 0.004154	 0.003702	 0.000058	 0.000287	 0.000058	1.046488	 0.999603	 0.019128	 0.002227	 0.015074
267	 0.004834	 0.004355	 0.000065	 0.000264	 0.000106	1.051322	 1.003958	 0.019193	 0.002491	 0.015180
268	 0.004457	 0.003995	 0.000077	 0.000296	 0.000050	1.055779	 1.007953	 0.019270	 0.002787	 0.015230
269	 0.004313	 0.003660	 0.000075	 0.000437	 0.000096	1.060092	 1.011613	 0.019345	 0.003224	 0.015326
270	 0.004496	 0.004071	 0.000057	 0.000257	 0.000059	1.064588	 1.015684	 0.019402	 0.003481	 0.015385
271	 0.004286	 0.003568	 0.000150	 0.000338	 0.000155	1.068874	 1.019252	 0.019552	 0.003819	 0.015540
272	 0.004461	 0.003996	 0.000076	 0.000297	 0.000049	1.073335	 1.023248	 0.019628	 0.004116	 0.015589
273	 0.004925	 0.004401	 0.000086	 0.000297	 0.000100	1.078260	 1.027649	 0.019714	 0.004413	 0.015689
274	 0.004492	 0.004069	 0.000035	 0.000295	 0.000057	1.082752	 1.031718	 0.019749	 0.004708	 0.015746
275	 0.004906	 0.004272	 0.000098	 0.000400	 0.000095	1.087658	 1.035990	 0.019847	 0.005108	 0.015841
276	 0.005371	 0.004937	 0.000050	 0.000297	 0.000050	1.093029	 1.040927	 0.019897	 0.005405	 0.015891
277	 0.004166	 0.003627	 0.000095	 0.000305	 0.000100	1.097195	 1.044554	 0.019992	 0.005710	 0.015991
278	 0.004395	 0.003951	 0.000054	 0.000307	 0.000048	1.101590	 1.048505	 0.020046	 0.006017	 0.016039
279	 0.004865	 0.004331	 0.000089	 0.000307	 0.000101	1.106455	 1.052836	 0.020135	 0.006324	 0.016140
280	 0.004610	 0.004109	 0.000057	 0.000354	 0.000052	1.111065	 1.056945	 0.020192	 0.006678	 0.016192
281	 0.004510	 0.003974	 0.000086	 0.000307	 0.000100	1.115575	 1.060919	 0.020278	 0.006985	 0.016292
282	 0.004145	 0.003573	 0.000054	 0.000410	 0.000050	1.119720	 1.064492	 0.020332	 0.007395	 0.016342
283	 0.004198	 0.003745	 0.000051	 0.000314	 0.000049	1.123918	 1.068237	 0.020383	 0.007709	 0.016391
284	 0.003841	 0.003284	 0.000091	 0.000313	 0.000101	1.127759	 1.071521	 0.020474	 0.008022	 0.016492
285	 0.003796	 0.003344	 0.000055	 0.000317	 0.000047	1.131555	 1.074865	 0.020529	 0.008339	 0.016539
286	 0.004130	 0.003596	 0.000071	 0.000318	 0.000102	1.135685	 1.078461	 0.020600	 0.008657	 0.016641
287	 0.004527	 0.004049	 0.000055	 0.000335	 0.000050	1.140212	 1.082510	 0.020655	 0.008992	 0.016691
288	 0.004517	 0.003815	 0.000086	 0.000476	 0.000099	1.144729	 1.086325	 0.020741	 0.009468	 0.016790
289	 0.004287	 0.003814	 0.000060	 0.000330	 0.000049	1.149016	 1.090139	 0.020801	 0.009798	 0.016839
290	 0.004374	 0.003829	 0.000079	 0.000327	 0.000100	1.153390	 1.093968	 0.020880	 0.010125	 0.016939
291	 0.004441	 0.003970	 0.000058	 0.000332	 0.000048	1.157831	 1.097938	 0.020938	 0.010457	 0.016987
292	 0.004698	 0.004128	 0.000090	 0.000333	 0.000109	1.162529	 1.102066	 0.021028	 0.010790	 0.017096
293	 0.004131	 0.003655	 0.000041	 0.000343	 0.000051	1.166660	 1.105721	 0.021069	 0.011133	 0.017147
294	 0.004277	 0.003693	 0.000085	 0.000348	 0.000109	1.170937	 1.109414	 0.021154	 0.011481	 0.017256
295	 0.004621	 0.004190	 0.000040	 0.000301	 0.000052	1.175558	 1.113604	 0.021194	 0.011782	 0.017308
296	 0.004199	 0.003610	 0.000090	 0.000345	 0.000111	1.179757	 1.117214	 0.021284	 0.012127	 0.017419
297	 0.004419	 0.003975	 0.000057	 0.000302	 0.000050	1.184176	 1.121189	 0.021341	 0.012429	 0.017469
298	 0.004284	 0.003711	 0.000079	 0.000340	 0.000112	1.188460	 1.124900	 0.021420	 0.012769	 0.017581
299	 0.004328	 0.003882	 0.000040	 0.000307	 0.000053	1.192788	 1.128782	 0.021460	 0.013076	 0.017634
300	 0.004413	 0.003731	 0.000099	 0.000398	 0.000122	1.197201	 1.132513	 0.021559	 0.013474	 0.017756
301	 0.004294	 0.003789	 0.000080	 0.000313	 0.000058	1.201495	 1.136302	 0.021639	 0.013787	 0.017814
302	 0.004155	 0.003505	 0.000121	 0.000315	 0.000111	1.205650	 1.139807	 0.021760	 0.014102	 0.017925
303	 0.004343	 0.003768	 0.000055	 0.000411	 0.000057	1.209993	 1.143575	 0.021815	 0.014513	 0.017982
304	 0.004896	 0.004241	 0.000123	 0.000355	 0.000115	1.214889	 1.147816	 0.021938	 0.014868	 0.018097
305	 0.004545	 0.004012	 0.000085	 0.000319	 0.000063	1.219434	 1.151828	 0.022023	 0.015187	 0.018160
306	 0.004434	 0.003790	 0.000058	 0.000475	 0.000059	1.223868	 1.155618	 0.022081	 0.015662	 0.018219
307	 0.005958	 0.004998	 0.000085	 0.000711	 0.000101	1.229826	 1.160616	 0.022166	 0.016373	 0.018320
308	 0.004939	 0.004362	 0.000094	 0.000362	 0.000062	1.234765	 1.164978	 0.022260	 0.016735	 0.018382
309	 0.004055	 0.003383	 0.000117	 0.000364	 0.000115	1.238820	 1.168361	 0.022377	 0.017099	 0.018497
310	 0.004476	 0.003809	 0.000145	 0.000374	 0.000090	1.243296	 1.172170	 0.022522	 0.017473	 0.018587
311	 0.004741	 0.003835	 0.000119	 0.000584	 0.000128	1.248037	 1.176005	 0.022641	 0.018057	 0.018715
312	 0.004452	 0.003852	 0.000054	 0.000443	 0.000057	1.252489	 1.179857	 0.022695	 0.018500	 0.018772
313	 0.004617	 0.003961	 0.000121	 0.000376	 0.000111	1.257106	 1.183818	 0.022816	 0.018876	 0.018883
314	 0.004880	 0.004247	 0.000063	 0.000451	 0.000063	1.261986	 1.188065	 0.022879	 0.019327	 0.018946
315	 0.004514	 0.003840	 0.000090	 0.000380	 0.000113	1.266500	 1.191905	 0.022969	 0.019707	 0.019059
316	 0.004733	 0.004053	 0.000125	 0.000410	 0.000078	1.271233	 1.195958	 0.023094	 0.020117	 0.019137
317	 0.004759	 0.003994	 0.000161	 0.000388	 0.000137	1.275992	 1.199952	 0.023255	 0.020505	 0.019274
318	 0.003637	 0.003103	 0.000058	 0.000341	 0.000070	1.279629	 1.203055	 0.023313	 0.020846	 0.019344
319	 0.003758	 0.002573	 0.000169	 0.000764	 0.000175	1.283387	 1.205628	 0.023482	 0.021610	 0.019519
320	 0.003599	 0.002944	 0.000095	 0.000439	 0.000064	1.286986	 1.208572	 0.023577	 0.022049	 0.019583
321	 0.003919	 0.002826	 0.000135	 0.000683	 0.000193	1.290905	 1.211398	 0.023712	 0.022732	 0.019776
322	 0.004496	 0.003904	 0.000092	 0.000365	 0.000065	1.295401	 1.215302	 0.023804	 0.023097	 0.019841
323	 0.004834	 0.003752	 0.000178	 0.000709	 0.000127	1.300235	 1.219054	 0.023982	 0.023806	 0.019968
324	 0.004164	 0.003511	 0.000077	 0.000422	 0.000084	1.304399	 1.222565	 0.024059	 0.024228	 0.020052
325	 0.004924	 0.004040	 0.000066	 0.000671	 0.000102	1.309323	 1.226605	 0.024125	 0.024899	 0.020154
326	 0.004998	 0.004486	 0.000072	 0.000350	 0.000051	1.314321	 1.231091	 0.024197	 0.025249	 0.020205
327	 0.004101	 0.003404	 0.000085	 0.000462	 0.000108	1.318422	 1.234495	 0.024282	 0.025711	 0.020313
328	 0.004419	 0.003750	 0.000054	 0.000513	 0.000050	1.322841	 1.238245	 0.024336	 0.026224	 0.020363
329	 0.004301	 0.003814	 0.000050	 0.000352	 0.000050	1.327142	 1.242059	 0.024386	 0.026576	 0.020413
330	 0.004261	 0.003641	 0.000088	 0.000361	 0.000114	1.331403	 1.245700	 0.024474	 0.026937	 0.020527
331	 0.004258	 0.003637	 0.000061	 0.000476	 0.000048	1.335661	 1.249337	 0.024535	 0.027413	 0.020575
332	 0.004280	 0.003575	 0.000081	 0.000470	 0.000112	1.339941	 1.252912	 0.024616	 0.027883	 0.020687
333	 0.004201	 0.003710	 0.000034	 0.000366	 0.000051	1.344142	 1.256622	 0.024650	 0.028249	 0.020738
334	 0.006261	 0.005261	 0.000055	 0.000811	 0.000097	1.350403	 1.261883	 0.024705	 0.029060	 0.020835
335	 0.005283	 0.004743	 0.000055	 0.000386	 0.000052	1.355686	 1.266626	 0.024760	 0.029446	 0.020887
336	 0.005247	 0.004392	 0.000050	 0.000714	 0.000054	1.360933	 1.271018	 0.024810	 0.030160	 0.020941
337	 0.005181	 0.004553	 0.000090	 0.000366	 0.000126	1.366114	 1.275571	 0.024900	 0.030526	 0.021067
338	 0.004858	 0.004123	 0.000038	 0.000611	 0.000051	1.370972	 1.279694	 0.024938	 0.031137	 0.021118
339	 0.005201	 0.004592	 0.000086	 0.000373	 0.000113	1.376173	 1.284286	 0.025024	 0.031510	 0.021231
340	 0.004712	 0.004071	 0.000057	 0.000501	 0.000050	1.380885	 1.288357	 0.025081	 0.032011	 0.021281
341	 0.004147	 0.003538	 0.000079	 0.000378	 0.000111	1.385032	 1.291895	 0.025160	 0.032389	 0.021392
342	 0.004868	 0.004231	 0.000045	 0.000505	 0.000049	1.389900	 1.296126	 0.025205	 0.032894	 0.021441
343	 0.005290	 0.004558	 0.000089	 0.000504	 0.000104	1.395190	 1.300684	 0.025294	 0.033398	 0.021545
344	 0.005119	 0.004481	 0.000046	 0.000500	 0.000051	1.400309	 1.305165	 0.025340	 0.033898	 0.021596
345	 0.005384	 0.004444	 0.000054	 0.000750	 0.000099	1.405693	 1.309609	 0.025394	 0.034648	 0.021695
346	 0.005266	 0.004601	 0.000066	 0.000509	 0.000051	1.410959	 1.314210	 0.025460	 0.035157	 0.021746
347	 0.005378	 0.004443	 0.000094	 0.000690	 0.000112	1.416337	 1.318653	 0.025554	 0.035847	 0.021858
348	 0.004768	 0.004261	 0.000034	 0.000388	 0.000050	1.421105	 1.322914	 0.025588	 0.036235	 0.021908
349	 0.004856	 0.004240	 0.000082	 0.000381	 0.000114	1.425961	 1.327154	 0.025670	 0.036616	 0.022022
350	 0.004817	 0.004174	 0.000041	 0.000521	 0.000048	1.430778	 1.331328	 0.025711	 0.037137	 0.022070
351	 0.004929	 0.004025	 0.000072	 0.000661	 0.000107	1.435707	 1.335353	 0.025783	 0.037798	 0.022177
352	 0.005750	 0.004463	 0.000088	 0.001083	 0.000062	1.441457	 1.339816	 0.025871	 0.038881	 0.022239
353	 0.004713	 0.003947	 0.000086	 0.000534	 0.000102	1.446170	 1.343763	 0.025957	 0.039415	 0.022341
354	 0.004755	 0.004147	 0.000060	 0.000404	 0.000084	1.450925	 1.347910	 0.026017	 0.039819	 0.022425
355	 0.005539	 0.004765	 0.000074	 0.000523	 0.000122	1.456464	 1.352675	 0.026091	 0.040342	 0.022547
356	 0.006956	 0.006060	 0.000032	 0.000774	 0.000057	1.463420	 1.358735	 0.026123	 0.041116	 0.022604
357	 0.005186	 0.004284	 0.000095	 0.000654	 0.000112	1.468606	 1.363019	 0.026218	 0.041770	 0.022716
358	 0.005054	 0.004126	 0.000050	 0.000788	 0.000051	1.473660	 1.367145	 0.026268	 0.042558	 0.022767
359	 0.005513	 0.004544	 0.000060	 0.000768	 0.000104	1.479173	 1.371689	 0.026328	 0.043326	 0.022871
360	 0.004576	 0.004013	 0.000062	 0.000397	 0.000066	1.483749	 1.375702	 0.026390	 0.043723	 0.022937
361	 0.006945	 0.005563	 0.000071	 0.001161	 0.000112	1.490694	 1.381265	 0.026461	 0.044884	 0.023049
362	 0.004940	 0.004378	 0.000055	 0.000399	 0.000066	1.495634	 1.385643	 0.026516	 0.045283	 0.023115
363	 0.005881	 0.004739	 0.000075	 0.000921	 0.000112	1.501515	 1.390382	 0.026591	 0.046204	 0.023227
364	 0.005583	 0.004791	 0.000031	 0.000666	 0.000058	1.507098	 1.395173	 0.026622	 0.046870	 0.023285
365	 0.007773	 0.006875	 0.000054	 0.000686	 0.000107	1.514871	 1.402048	 0.026676	 0.047556	 0.023392
366	 0.005565	 0.004899	 0.000034	 0.000533	 0.000058	1.520436	 1.406947	 0.026710	 0.048089	 0.023450
367	 0.004683	 0.004040	 0.000062	 0.000411	 0.000119	1.525119	 1.410987	 0.026772	 0.048500	 0.023569
368	 0.004908	 0.004104	 0.000032	 0.000685	 0.000049	1.530027	 1.415091	 0.026804	 0.049185	 0.023618
369	 0.004187	 0.003451	 0.000095	 0.000464	 0.000119	1.534214	 1.418542	 0.026899	 0.049649	 0.023737
370	 0.004578	 0.003899	 0.000035	 0.000563	 0.000049	1.538792	 1.422441	 0.026934	 0.050212	 0.023786
371	 0.004579	 0.003863	 0.000107	 0.000458	 0.000105	1.543371	 1.426304	 0.027041	 0.050670	 0.023891
372	 0.004326	 0.003556	 0.000054	 0.000617	 0.000062	1.547697	 1.429860	 0.027095	 0.051287	 0.023953
373	 0.004467	 0.003647	 0.000061	 0.000612	 0.000106	1.552164	 1.433507	 0.027156	 0.051899	 0.024059
374	 0.004506	 0.003937	 0.000038	 0.000430	 0.000065	1.556670	 1.437444	 0.027194	 0.052329	 0.024124
375	 0.004252	 0.003409	 0.000075	 0.000625	 0.000105	1.560922	 1.440853	 0.027269	 0.052954	 0.024229
376	 0.005279	 0.004163	 0.000050	 0.000981	 0.000052	1.566201	 1.445016	 0.027319	 0.053935	 0.024281
377	 0.004413	 0.003756	 0.000066	 0.000435	 0.000115	1.570614	 1.448772	 0.027385	 0.054370	 0.024396
378	 0.004454	 0.003785	 0.000061	 0.000520	 0.000051	1.575068	 1.452557	 0.027446	 0.054890	 0.024447
379	 0.004483	 0.003749	 0.000085	 0.000499	 0.000105	1.579551	 1.456306	 0.027531	 0.055389	 0.024552
380	 0.004542	 0.003973	 0.000035	 0.000439	 0.000063	1.584093	 1.460279	 0.027566	 0.055828	 0.024615
381	 0.004437	 0.003792	 0.000059	 0.000436	 0.000105	1.588530	 1.464071	 0.027625	 0.056264	 0.024720
382	 0.004952	 0.003848	 0.000031	 0.000989	 0.000050	1.593482	 1.467919	 0.027656	 0.057253	 0.024770
383	 0.005279	 0.004321	 0.000085	 0.000725	 0.000108	1.598761	 1.472240	 0.027741	 0.057978	 0.024878
384	 0.004448	 0.003713	 0.000049	 0.000599	 0.000050	1.603209	 1.475953	 0.027790	 0.058577	 0.024928
385	 0.005207	 0.004511	 0.000065	 0.000481	 0.000114	1.608416	 1.480464	 0.027855	 0.059058	 0.025042
386	 0.004745	 0.003990	 0.000030	 0.000594	 0.000060	1.613161	 1.484454	 0.027885	 0.059652	 0.025102
387	 0.005685	 0.004620	 0.000064	 0.000864	 0.000104	1.618846	 1.489074	 0.027949	 0.060516	 0.025206
388	 0.004703	 0.004122	 0.000033	 0.000448	 0.000063	1.623549	 1.493196	 0.027982	 0.060964	 0.025269
389	 0.004945	 0.004120	 0.000082	 0.000595	 0.000107	1.628494	 1.497316	 0.028064	 0.061559	 0.025376
390	 0.005336	 0.004208	 0.000036	 0.001010	 0.000052	1.633830	 1.501524	 0.028100	 0.062569	 0.025428
391	 0.004504	 0.003671	 0.000081	 0.000604	 0.000106	1.638334	 1.505195	 0.028181	 0.063173	 0.025534
392	 0.005090	 0.004222	 0.000035	 0.000749	 0.000050	1.643424	 1.509417	 0.028216	 0.063922	 0.025584
393	 0.005439	 0.004737	 0.000082	 0.000461	 0.000119	1.648863	 1.514154	 0.028298	 0.064383	 0.025703
394	 0.005240	 0.004185	 0.000049	 0.000917	 0.000054	1.654103	 1.518339	 0.028347	 0.065300	 0.025757
395	 0.005810	 0.004271	 0.000078	 0.001311	 0.000109	1.659913	 1.522610	 0.028425	 0.066611	 0.025866
396	 0.006530	 0.004640	 0.000063	 0.001695	 0.000080	1.666443	 1.527250	 0.028488	 0.068306	 0.025946
397	 0.006672	 0.005192	 0.000110	 0.001188	 0.000126	1.673115	 1.532442	 0.028598	 0.069494	 0.026072
398	 0.005669	 0.004626	 0.000055	 0.000884	 0.000052	1.678784	 1.537068	 0.028653	 0.070378	 0.026124
399	 0.005780	 0.004266	 0.000083	 0.001292	 0.000071	1.684564	 1.541334	 0.028736	 0.071670	 0.026195
400	 0.006376	 0.004519	 0.000097	 0.001619	 0.000105	1.690940	 1.545853	 0.028833	 0.073289	 0.026300
401	 0.005418	 0.004667	 0.000035	 0.000624	 0.000062	1.696358	 1.550520	 0.028868	 0.073913	 0.026362
402	 0.006597	 0.005013	 0.000078	 0.001323	 0.000112	1.702955	 1.555533	 0.028946	 0.075236	 0.026474
403	 0.005255	 0.004427	 0.000034	 0.000697	 0.000057	1.708210	 1.559960	 0.028980	 0.075933	 0.026531
404	 0.006773	 0.004660	 0.000058	 0.001912	 0.000107	1.714983	 1.564620	 0.029038	 0.077845	 0.026638
405	 0.005728	 0.004759	 0.000035	 0.000832	 0.000052	1.720711	 1.569379	 0.029073	 0.078677	 0.026690
406	 0.007164	 0.005359	 0.000033	 0.001689	 0.000050	1.727875	 1.574738	 0.029106	 0.080366	 0.026740
407	 0.005411	 0.004159	 0.000055	 0.001053	 0.000106	1.733286	 1.578897	 0.029161	 0.081419	 0.026846
408	 0.006508	 0.004889	 0.000031	 0.001476	 0.000061	1.739794	 1.583786	 0.029192	 0.082895	 0.026907
409	 0.004206	 0.003374	 0.000057	 0.000649	 0.000094	1.744000	 1.587160	 0.029249	 0.083544	 0.027001
410	 0.005521	 0.004747	 0.000073	 0.000538	 0.000116	1.749521	 1.591907	 0.029322	 0.084082	 0.027117
411	 0.004712	 0.004027	 0.000038	 0.000539	 0.000068	1.754233	 1.595934	 0.029360	 0.084621	 0.027185
412	 0.004809	 0.004114	 0.000059	 0.000480	 0.000119	1.759042	 1.600048	 0.029419	 0.085101	 0.027304
413	 0.004851	 0.003930	 0.000034	 0.000797	 0.000054	1.763893	 1.603978	 0.029453	 0.085898	 0.027358
414	 0.005035	 0.004275	 0.000058	 0.000554	 0.000111	1.768928	 1.608253	 0.029511	 0.086452	 0.027469
415	 0.004906	 0.004226	 0.000053	 0.000523	 0.000053	1.773834	 1.612479	 0.029564	 0.086975	 0.027522
416	 0.005213	 0.004173	 0.000117	 0.000728	 0.000128	1.779047	 1.616652	 0.029681	 0.087703	 0.027650
417	 0.005197	 0.004137	 0.000112	 0.000786	 0.000097	1.784244	 1.620789	 0.029793	 0.088489	 0.027747
418	 0.005132	 0.004071	 0.000118	 0.000653	 0.000198	1.789376	 1.624860	 0.029911	 0.089142	 0.027945
419	 0.006393	 0.005229	 0.000104	 0.000890	 0.000097	1.795769	 1.630089	 0.030015	 0.090032	 0.028042
420	 0.006174	 0.004836	 0.000157	 0.000892	 0.000196	1.801943	 1.634925	 0.030172	 0.090924	 0.028238
421	 0.005995	 0.004553	 0.000119	 0.001129	 0.000106	1.807938	 1.639478	 0.030291	 0.092053	 0.028344
422	 0.005599	 0.004544	 0.000159	 0.000608	 0.000198	1.813537	 1.644022	 0.030450	 0.092661	 0.028542
423	 0.005689	 0.004393	 0.000117	 0.001001	 0.000101	1.819226	 1.648415	 0.030567	 0.093662	 0.028643
424	 0.006418	 0.005293	 0.000098	 0.000824	 0.000132	1.825644	 1.653708	 0.030665	 0.094486	 0.028775
425	 0.006189	 0.005261	 0.000075	 0.000739	 0.000064	1.831833	 1.658969	 0.030740	 0.095225	 0.028839
426	 0.006952	 0.006053	 0.000105	 0.000596	 0.000122	1.838785	 1.665022	 0.030845	 0.095821	 0.028961
427	 0.004990	 0.003893	 0.000100	 0.000814	 0.000101	1.843775	 1.668915	 0.030945	 0.096635	 0.029062
428	 0.005186	 0.003919	 0.000161	 0.000770	 0.000211	1.848961	 1.672834	 0.031106	 0.097405	 0.029273
429	 0.005221	 0.003988	 0.000124	 0.000927	 0.000110	1.854182	 1.676822	 0.031230	 0.098332	 0.029383
430	 0.005645	 0.004681	 0.000083	 0.000692	 0.000128	1.859827	 1.681503	 0.031313	 0.099024	 0.029511
431	 0.005455	 0.004762	 0.000068	 0.000518	 0.000060	1.865282	 1.686265	 0.031381	 0.099542	 0.029571
432	 0.005424	 0.004596	 0.000092	 0.000568	 0.000122	1.870706	 1.690861	 0.031473	 0.100110	 0.029693
433	 0.004403	 0.003695	 0.000039	 0.000568	 0.000059	1.875109	 1.694556	 0.031512	 0.100678	 0.029752
434	 0.004537	 0.003588	 0.000067	 0.000709	 0.000123	1.879646	 1.698144	 0.031579	 0.101387	 0.029875
435	 0.004967	 0.004090	 0.000058	 0.000703	 0.000066	1.884613	 1.702234	 0.031637	 0.102090	 0.029941
436	 0.006210	 0.005149	 0.000116	 0.000764	 0.000124	1.890823	 1.707383	 0.031753	 0.102854	 0.030065
437	 0.005222	 0.004193	 0.000062	 0.000829	 0.000078	1.896045	 1.711576	 0.031815	 0.103683	 0.030143
438	 0.005539	 0.003991	 0.000120	 0.001216	 0.000150	1.901584	 1.715567	 0.031935	 0.104899	 0.030293
439	 0.005569	 0.004463	 0.000071	 0.000920	 0.000071	1.907153	 1.720030	 0.032006	 0.105819	 0.030364
440	 0.005010	 0.004144	 0.000101	 0.000582	 0.000127	1.912163	 1.724174	 0.032107	 0.106401	 0.030491
441	 0.004393	 0.003717	 0.000038	 0.000531	 0.000062	1.916556	 1.727891	 0.032145	 0.106932	 0.030553
442	 0.003673	 0.002717	 0.000094	 0.000617	 0.000183	1.920229	 1.730608	 0.032239	 0.107549	 0.030736
443	 0.005267	 0.004416	 0.000063	 0.000658	 0.000068	1.925496	 1.735024	 0.032302	 0.108207	 0.030804
444	 0.004808	 0.003945	 0.000102	 0.000591	 0.000119	1.930304	 1.738969	 0.032404	 0.108798	 0.030923
445	 0.004939	 0.004243	 0.000046	 0.000550	 0.000053	1.935243	 1.743212	 0.032450	 0.109348	 0.030976
446	 0.005062	 0.004102	 0.000103	 0.000652	 0.000128	1.940305	 1.747314	 0.032553	 0.110000	 0.031104
447	 0.004764	 0.003878	 0.000073	 0.000724	 0.000055	1.945069	 1.751192	 0.032626	 0.110724	 0.031159
448	 0.005107	 0.004096	 0.000072	 0.000794	 0.000109	1.950176	 1.755288	 0.032698	 0.111518	 0.031268
449	 0.005528	 0.004349	 0.000033	 0.001053	 0.000053	1.955704	 1.759637	 0.032731	 0.112571	 0.031321
450	 0.005559	 0.004176	 0.000059	 0.001166	 0.000112	1.961263	 1.763813	 0.032790	 0.113737	 0.031433
451	 0.005024	 0.003626	 0.000127	 0.001096	 0.000103	1.966287	 1.767439	 0.032917	 0.114833	 0.031536
452	 0.005271	 0.004005	 0.000135	 0.000931	 0.000132	1.971558	 1.771444	 0.033052	 0.115764	 0.031668
453	 0.005279	 0.004185	 0.000075	 0.000919	 0.000057	1.976837	 1.775629	 0.033127	 0.116683	 0.031725
454	 0.004651	 0.003641	 0.000077	 0.000784	 0.000113	1.981488	 1.779270	 0.033204	 0.117467	 0.031838
455	 0.005425	 0.004389	 0.000046	 0.000899	 0.000055	1.986913	 1.783659	 0.033250	 0.118366	 0.031893
456	 0.004908	 0.003723	 0.000056	 0.000977	 0.000111	1.991821	 1.787382	 0.033306	 0.119343	 0.032004
457	 0.005682	 0.004170	 0.000051	 0.001369	 0.000056	1.997503	 1.791552	 0.033357	 0.120712	 0.032060
458	 0.004313	 0.003527	 0.000058	 0.000578	 0.000114	2.001816	 1.795079	 0.033415	 0.121290	 0.032174
459	 0.005034	 0.003490	 0.000074	 0.001354	 0.000074	2.006850	 1.798569	 0.033489	 0.122644	 0.032248
460	 0.005149	 0.003837	 0.000069	 0.001087	 0.000114	2.011999	 1.802406	 0.033558	 0.123731	 0.032362
461	 0.005444	 0.003884	 0.000053	 0.001424	 0.000053	2.017443	 1.806290	 0.033611	 0.125155	 0.032415
462	 0.005126	 0.003902	 0.000073	 0.001002	 0.000111	2.022569	 1.810192	 0.033684	 0.126157	 0.032526
463	 0.005254	 0.004206	 0.000034	 0.000927	 0.000053	2.027823	 1.814398	 0.033718	 0.127084	 0.032579
464	 0.005494	 0.004622	 0.000076	 0.000641	 0.000116	2.033317	 1.819020	 0.033794	 0.127725	 0.032695
465	 0.005099	 0.004383	 0.000046	 0.000588	 0.000053	2.038416	 1.823403	 0.033840	 0.128313	 0.032748
466	 0.004953	 0.003548	 0.000134	 0.001021	 0.000172	2.043369	 1.826951	 0.033974	 0.129334	 0.032920
467	 0.005639	 0.004396	 0.000089	 0.000942	 0.000125	2.049008	 1.831347	 0.034063	 0.130276	 0.033045
468	 0.005395	 0.003857	 0.000084	 0.001255	 0.000137	2.054403	 1.835204	 0.034147	 0.131531	 0.033182
469	 0.005812	 0.003508	 0.000076	 0.002066	 0.000079	2.060215	 1.838712	 0.034223	 0.133597	 0.033261
470	 0.004958	 0.003973	 0.000112	 0.000629	 0.000145	2.065173	 1.842685	 0.034335	 0.134226	 0.033406
471	 0.004682	 0.003568	 0.000085	 0.000841	 0.000084	2.069855	 1.846253	 0.034420	 0.135067	 0.033490
472	 0.005807	 0.003942	 0.000385	 0.001263	 0.000140	2.075662	 1.850195	 0.034805	 0.136330	 0.033630
473	 0.004366	 0.003268	 0.000046	 0.000963	 0.000053	2.080028	 1.853463	 0.034851	 0.137293	 0.033683
474	 0.005351	 0.004533	 0.000071	 0.000586	 0.000114	2.085379	 1.857996	 0.034922	 0.137879	 0.033797
475	 0.004830	 0.003744	 0.000054	 0.000947	 0.000055	2.090209	 1.861740	 0.034976	 0.138826	 0.033852
476	 0.005492	 0.004109	 0.000072	 0.001135	 0.000135	2.095701	 1.865849	 0.035048	 0.139961	 0.033987
477	 0.005266	 0.004349	 0.000036	 0.000789	 0.000056	2.100967	 1.870198	 0.035084	 0.140750	 0.034043
478	 0.005642	 0.004476	 0.000054	 0.000963	 0.000112	2.106609	 1.874674	 0.035138	 0.141713	 0.034155
479	 0.005210	 0.004314	 0.000037	 0.000770	 0.000056	2.111819	 1.878988	 0.035175	 0.142483	 0.034211
480	 0.006170	 0.004593	 0.000086	 0.001328	 0.000117	2.117989	 1.883581	 0.035261	 0.143811	 0.034328
481	 0.005738	 0.004254	 0.000120	 0.001164	 0.000111	2.123727	 1.887835	 0.035381	 0.144975	 0.034439
482	 0.008052	 0.005215	 0.000120	 0.002525	 0.000126	2.131779	 1.893050	 0.035501	 0.147500	 0.034565
483	 0.005470	 0.004711	 0.000052	 0.000618	 0.000056	2.137249	 1.897761	 0.035553	 0.148118	 0.034621
484	 0.006560	 0.005136	 0.000073	 0.001198	 0.000117	2.143809	 1.902897	 0.035626	 0.149316	 0.034738
485	 0.008159	 0.004995	 0.000046	 0.003029	 0.000054	2.151968	 1.907892	 0.035672	 0.152345	 0.034792
486	 0.007198	 0.004771	 0.000070	 0.002193	 0.000117	2.159166	 1.912663	 0.035742	 0.154538	 0.034909
487	 0.005810	 0.005066	 0.000034	 0.000617	 0.000057	2.164976	 1.917729	 0.035776	 0.155155	 0.034966
488	 0.006101	 0.004679	 0.000081	 0.001192	 0.000114	2.171077	 1.922408	 0.035857	 0.156347	 0.035080
489	 0.006551	 0.005391	 0.000053	 0.001015	 0.000061	2.177628	 1.927799	 0.035910	 0.157362	 0.035141
490	 0.006847	 0.004809	 0.000074	 0.001798	 0.000121	2.184475	 1.932608	 0.035984	 0.159160	 0.035262
491	 0.006924	 0.004816	 0.000078	 0.001907	 0.000068	2.191399	 1.937424	 0.036062	 0.161067	 0.035330
492	 0.010802	 0.005155	 0.000070	 0.005418	 0.000116	2.202201	 1.942579	 0.036132	 0.166485	 0.035446
493	 0.007648	 0.005522	 0.000055	 0.001976	 0.000059	2.209849	 1.948101	 0.036187	 0.168461	 0.035505
494	 0.007401	 0.005312	 0.000062	 0.001867	 0.000122	2.217250	 1.953413	 0.036249	 0.170328	 0.035627
495	 0.006953	 0.005908	 0.000051	 0.000900	 0.000060	2.224203	 1.959321	 0.036300	 0.171228	 0.035687
496	 0.009076	 0.004729	 0.000071	 0.004129	 0.000113	2.233279	 1.964050	 0.036371	 0.175357	 0.035800
497	 0.009856	 0.005037	 0.000049	 0.004679	 0.000056	2.243135	 1.969087	 0.036420	 0.180036	 0.035856
498	 0.007140	 0.005723	 0.000058	 0.001206	 0.000116	2.250275	 1.974810	 0.036478	 0.181242	 0.035972
499	 0.007068	 0.005660	 0.000049	 0.001258	 0.000069	2.257343	 1.980470	 0.036527	 0.182500	 0.036041
500	 0.008215	 0.005704	 0.000085	 0.002261	 0.000124	2.265558	 1.986174	 0.036612	 0.184761	 0.036165
501	 0.009003	 0.005741	 0.000034	 0.003123	 0.000072	2.274561	 1.991915	 0.036646	 0.187884	 0.036237
502	 0.008871	 0.006086	 0.000060	 0.002522	 0.000131	2.283432	 1.998001	 0.036706	 0.190406	 0.036368
503	 0.007011	 0.005822	 0.000034	 0.001049	 0.000071	2.290443	 2.003823	 0.036740	 0.191455	 0.036439
504	 0.011086	 0.006322	 0.000056	 0.004552	 0.000122	2.301529	 2.010145	 0.036796	 0.196007	 0.036561
505	 0.009550	 0.005655	 0.000048	 0.003747	 0.000065	2.311079	 2.015800	 0.036844	 0.199754	 0.036626
506	 0.007924	 0.005549	 0.000081	 0.002117	 0.000135	2.319003	 2.021349	 0.036925	 0.201871	 0.036761
507	 0.009395	 0.005565	 0.000097	 0.003594	 0.000085	2.328398	 2.026914	 0.037022	 0.205465	 0.036846
508	 0.016127	 0.006607	 0.000076	 0.009266	 0.000131	2.344525	 2.033521	 0.037098	 0.214731	 0.036977
509	 0.011779	 0.006137	 0.000033	 0.005513	 0.000065	2.356304	 2.039658	 0.037131	 0.220244	 0.037042
510	 0.009202	 0.005879	 0.000054	 0.003112	 0.000121	2.365506	 2.045537	 0.037185	 0.223356	 0.037163
511	 0.008008	 0.005736	 0.000034	 0.002131	 0.000075	2.373514	 2.051273	 0.037219	 0.225487	 0.037238
