Iter	 Iter_time	 Master	 Subprob	 Full_Test	 argmax	Iter_acc	 Master_acc	 Subprob_acc	 Full_Test_acc	 argmax_acc
1	 0.000540	 0.000368	 0.000116	 0.000000	 0.000027	0.000540	 0.000368	 0.000116	 0.000000	 0.000027
2	 0.003798	 0.003607	 0.000098	 0.000000	 0.000045	0.004338	 0.003975	 0.000214	 0.000000	 0.000072
3	 0.003574	 0.003468	 0.000047	 0.000000	 0.000023	0.007912	 0.007443	 0.000261	 0.000000	 0.000095
4	 0.004146	 0.004016	 0.000069	 0.000000	 0.000020	0.012058	 0.011459	 0.000330	 0.000000	 0.000115
5	 0.004579	 0.004307	 0.000158	 0.000000	 0.000059	0.016637	 0.015766	 0.000488	 0.000000	 0.000174
6	 0.004073	 0.003881	 0.000072	 0.000000	 0.000063	0.020710	 0.019647	 0.000560	 0.000000	 0.000237
7	 0.003979	 0.003847	 0.000074	 0.000000	 0.000024	0.024689	 0.023494	 0.000634	 0.000000	 0.000261
8	 0.003601	 0.003479	 0.000054	 0.000000	 0.000034	0.028290	 0.026973	 0.000688	 0.000000	 0.000295
9	 0.004024	 0.003747	 0.000156	 0.000000	 0.000070	0.032314	 0.030720	 0.000844	 0.000000	 0.000365
10	 0.003304	 0.003208	 0.000041	 0.000000	 0.000024	0.035618	 0.033928	 0.000885	 0.000000	 0.000389
11	 0.003773	 0.003549	 0.000104	 0.000000	 0.000059	0.039391	 0.037477	 0.000989	 0.000000	 0.000448
12	 0.003735	 0.003629	 0.000046	 0.000000	 0.000026	0.043126	 0.041106	 0.001035	 0.000000	 0.000474
13	 0.003623	 0.003445	 0.000101	 0.000000	 0.000041	0.046749	 0.044551	 0.001136	 0.000000	 0.000515
14	 0.004061	 0.003961	 0.000042	 0.000000	 0.000025	0.050810	 0.048512	 0.001178	 0.000000	 0.000540
15	 0.004118	 0.003886	 0.000126	 0.000000	 0.000045	0.054928	 0.052398	 0.001304	 0.000000	 0.000585
16	 0.004153	 0.003951	 0.000109	 0.000000	 0.000044	0.059081	 0.056349	 0.001413	 0.000000	 0.000629
17	 0.004550	 0.004374	 0.000086	 0.000000	 0.000047	0.063631	 0.060723	 0.001499	 0.000000	 0.000676
18	 0.004199	 0.004071	 0.000070	 0.000000	 0.000027	0.067830	 0.064794	 0.001569	 0.000000	 0.000703
19	 0.003561	 0.003389	 0.000091	 0.000000	 0.000043	0.071391	 0.068183	 0.001660	 0.000000	 0.000746
20	 0.004464	 0.004270	 0.000103	 0.000000	 0.000044	0.075855	 0.072453	 0.001763	 0.000000	 0.000790
21	 0.003829	 0.003663	 0.000089	 0.000000	 0.000041	0.079684	 0.076116	 0.001852	 0.000000	 0.000831
22	 0.003722	 0.003603	 0.000060	 0.000000	 0.000025	0.083406	 0.079719	 0.001912	 0.000000	 0.000856
23	 0.004434	 0.004264	 0.000091	 0.000000	 0.000043	0.087840	 0.083983	 0.002003	 0.000000	 0.000899
24	 0.004578	 0.004459	 0.000062	 0.000000	 0.000023	0.092418	 0.088442	 0.002065	 0.000000	 0.000922
25	 0.003773	 0.003590	 0.000098	 0.000000	 0.000045	0.096191	 0.092032	 0.002163	 0.000000	 0.000967
26	 0.004626	 0.004497	 0.000060	 0.000000	 0.000029	0.100817	 0.096529	 0.002223	 0.000000	 0.000996
27	 0.003861	 0.003704	 0.000073	 0.000000	 0.000044	0.104678	 0.100233	 0.002296	 0.000000	 0.001040
28	 0.004165	 0.004049	 0.000053	 0.000000	 0.000029	0.108843	 0.104282	 0.002349	 0.000000	 0.001069
29	 0.004464	 0.004313	 0.000069	 0.000000	 0.000045	0.113307	 0.108595	 0.002418	 0.000000	 0.001114
30	 0.003642	 0.003507	 0.000072	 0.000000	 0.000029	0.116949	 0.112102	 0.002490	 0.000000	 0.001143
31	 0.003924	 0.003732	 0.000104	 0.000000	 0.000048	0.120873	 0.115834	 0.002594	 0.000000	 0.001191
32	 0.004382	 0.004267	 0.000049	 0.000000	 0.000030	0.125255	 0.120101	 0.002643	 0.000000	 0.001221
33	 0.003810	 0.003623	 0.000102	 0.000000	 0.000047	0.129065	 0.123724	 0.002745	 0.000000	 0.001268
34	 0.003852	 0.003744	 0.000055	 0.000000	 0.000025	0.132917	 0.127468	 0.002800	 0.000000	 0.001293
35	 0.003841	 0.003704	 0.000065	 0.000000	 0.000045	0.136758	 0.131172	 0.002865	 0.000000	 0.001338
36	 0.003751	 0.003669	 0.000031	 0.000000	 0.000024	0.140509	 0.134841	 0.002896	 0.000000	 0.001362
37	 0.003549	 0.003414	 0.000056	 0.000000	 0.000042	0.144058	 0.138255	 0.002952	 0.000000	 0.001404
38	 0.003522	 0.003423	 0.000049	 0.000000	 0.000024	0.147580	 0.141678	 0.003001	 0.000000	 0.001428
39	 0.003602	 0.003447	 0.000082	 0.000000	 0.000045	0.151182	 0.145125	 0.003083	 0.000000	 0.001473
40	 0.003510	 0.003408	 0.000050	 0.000000	 0.000024	0.154692	 0.148533	 0.003133	 0.000000	 0.001497
41	 0.004032	 0.003875	 0.000081	 0.000000	 0.000046	0.158724	 0.152408	 0.003214	 0.000000	 0.001543
42	 0.003374	 0.003276	 0.000049	 0.000000	 0.000026	0.162098	 0.155684	 0.003263	 0.000000	 0.001569
43	 0.003534	 0.003377	 0.000081	 0.000000	 0.000045	0.165632	 0.159061	 0.003344	 0.000000	 0.001614
44	 0.003989	 0.003896	 0.000041	 0.000000	 0.000026	0.169621	 0.162957	 0.003385	 0.000000	 0.001640
45	 0.003590	 0.003433	 0.000078	 0.000000	 0.000048	0.173211	 0.166390	 0.003463	 0.000000	 0.001688
46	 0.003757	 0.003663	 0.000042	 0.000000	 0.000025	0.176968	 0.170053	 0.003505	 0.000000	 0.001713
47	 0.003856	 0.003707	 0.000072	 0.000000	 0.000048	0.180824	 0.173760	 0.003577	 0.000000	 0.001761
48	 0.003491	 0.003395	 0.000047	 0.000000	 0.000025	0.184315	 0.177155	 0.003624	 0.000000	 0.001786
49	 0.004742	 0.004582	 0.000074	 0.000000	 0.000048	0.189057	 0.181737	 0.003698	 0.000000	 0.001834
50	 0.003580	 0.003473	 0.000055	 0.000000	 0.000028	0.192637	 0.185210	 0.003753	 0.000000	 0.001862
51	 0.003403	 0.003250	 0.000079	 0.000000	 0.000049	0.196040	 0.188460	 0.003832	 0.000000	 0.001911
52	 0.003616	 0.003534	 0.000031	 0.000000	 0.000025	0.199656	 0.191994	 0.003863	 0.000000	 0.001936
53	 0.004112	 0.003979	 0.000056	 0.000000	 0.000046	0.203768	 0.195973	 0.003919	 0.000000	 0.001982
54	 0.003860	 0.003756	 0.000051	 0.000000	 0.000027	0.207628	 0.199729	 0.003970	 0.000000	 0.002009
55	 0.003591	 0.003436	 0.000076	 0.000000	 0.000048	0.211219	 0.203165	 0.004046	 0.000000	 0.002057
56	 0.003832	 0.003746	 0.000033	 0.000000	 0.000027	0.215051	 0.206911	 0.004079	 0.000000	 0.002084
57	 0.003991	 0.003836	 0.000075	 0.000000	 0.000051	0.219042	 0.210747	 0.004154	 0.000000	 0.002135
58	 0.003541	 0.003452	 0.000035	 0.000000	 0.000028	0.222583	 0.214199	 0.004189	 0.000000	 0.002163
59	 0.004000	 0.003840	 0.000077	 0.000000	 0.000047	0.226583	 0.218039	 0.004266	 0.000000	 0.002210
60	 0.003499	 0.003391	 0.000054	 0.000000	 0.000027	0.230082	 0.221430	 0.004320	 0.000000	 0.002237
61	 0.003766	 0.003611	 0.000077	 0.000000	 0.000049	0.233848	 0.225041	 0.004397	 0.000000	 0.002286
62	 0.004237	 0.004124	 0.000048	 0.000000	 0.000041	0.238085	 0.229165	 0.004445	 0.000000	 0.002327
63	 0.003910	 0.003758	 0.000061	 0.000000	 0.000060	0.241995	 0.232923	 0.004506	 0.000000	 0.002387
64	 0.003542	 0.003457	 0.000031	 0.000000	 0.000027	0.245537	 0.236380	 0.004537	 0.000000	 0.002414
65	 0.003584	 0.003447	 0.000056	 0.000000	 0.000051	0.249121	 0.239827	 0.004593	 0.000000	 0.002465
66	 0.003206	 0.003122	 0.000031	 0.000000	 0.000027	0.252327	 0.242949	 0.004624	 0.000000	 0.002492
67	 0.003448	 0.003311	 0.000057	 0.000000	 0.000050	0.255775	 0.246260	 0.004681	 0.000000	 0.002542
68	 0.003875	 0.003787	 0.000033	 0.000000	 0.000029	0.259650	 0.250047	 0.004714	 0.000000	 0.002571
69	 0.003597	 0.003463	 0.000056	 0.000000	 0.000053	0.263247	 0.253510	 0.004770	 0.000000	 0.002624
70	 0.003413	 0.003320	 0.000031	 0.000000	 0.000037	0.266660	 0.256830	 0.004801	 0.000000	 0.002661
71	 0.003344	 0.003189	 0.000058	 0.000000	 0.000062	0.270004	 0.260019	 0.004859	 0.000000	 0.002723
72	 0.003330	 0.003226	 0.000049	 0.000000	 0.000029	0.273334	 0.263245	 0.004908	 0.000000	 0.002752
73	 0.003796	 0.003602	 0.000080	 0.000000	 0.000083	0.277130	 0.266847	 0.004988	 0.000000	 0.002835
74	 0.003876	 0.003766	 0.000053	 0.000000	 0.000031	0.281006	 0.270613	 0.005041	 0.000000	 0.002866
75	 0.003349	 0.003184	 0.000076	 0.000000	 0.000059	0.284355	 0.273797	 0.005117	 0.000000	 0.002925
76	 0.004593	 0.004492	 0.000044	 0.000000	 0.000033	0.288948	 0.278289	 0.005161	 0.000000	 0.002958
77	 0.003446	 0.003285	 0.000072	 0.000000	 0.000058	0.292394	 0.281574	 0.005233	 0.000000	 0.003016
78	 0.003809	 0.003702	 0.000051	 0.000000	 0.000033	0.296203	 0.285276	 0.005284	 0.000000	 0.003049
79	 0.004509	 0.004340	 0.000079	 0.000000	 0.000061	0.300712	 0.289616	 0.005363	 0.000000	 0.003110
80	 0.003760	 0.003657	 0.000046	 0.000000	 0.000032	0.304472	 0.293273	 0.005409	 0.000000	 0.003142
81	 0.003848	 0.003685	 0.000073	 0.000000	 0.000059	0.308320	 0.296958	 0.005482	 0.000000	 0.003201
82	 0.003649	 0.003546	 0.000046	 0.000000	 0.000033	0.311969	 0.300504	 0.005528	 0.000000	 0.003234
83	 0.003296	 0.003153	 0.000059	 0.000000	 0.000055	0.315265	 0.303657	 0.005587	 0.000000	 0.003289
84	 0.003670	 0.003581	 0.000031	 0.000000	 0.000031	0.318935	 0.307238	 0.005618	 0.000000	 0.003320
85	 0.003381	 0.003237	 0.000056	 0.000000	 0.000058	0.322316	 0.310475	 0.005674	 0.000000	 0.003378
86	 0.003346	 0.003229	 0.000046	 0.000000	 0.000043	0.325662	 0.313704	 0.005720	 0.000000	 0.003421
87	 0.003547	 0.003373	 0.000074	 0.000000	 0.000070	0.329209	 0.317077	 0.005794	 0.000000	 0.003491
88	 0.004465	 0.004355	 0.000050	 0.000000	 0.000033	0.333674	 0.321432	 0.005844	 0.000000	 0.003524
89	 0.003865	 0.003686	 0.000078	 0.000000	 0.000062	0.337539	 0.325118	 0.005922	 0.000000	 0.003586
90	 0.003979	 0.003890	 0.000033	 0.000000	 0.000029	0.341518	 0.329008	 0.005955	 0.000000	 0.003615
91	 0.003758	 0.003608	 0.000058	 0.000000	 0.000062	0.345276	 0.332616	 0.006013	 0.000000	 0.003677
92	 0.004226	 0.004116	 0.000053	 0.000000	 0.000034	0.349502	 0.336732	 0.006066	 0.000000	 0.003711
93	 0.004112	 0.003964	 0.000060	 0.000000	 0.000059	0.353614	 0.340696	 0.006126	 0.000000	 0.003770
94	 0.003229	 0.003123	 0.000047	 0.000000	 0.000033	0.356843	 0.343819	 0.006173	 0.000000	 0.003803
95	 0.003632	 0.003482	 0.000058	 0.000000	 0.000062	0.360475	 0.347301	 0.006231	 0.000000	 0.003865
96	 0.003940	 0.003832	 0.000046	 0.000000	 0.000033	0.364415	 0.351133	 0.006277	 0.000000	 0.003898
97	 0.003700	 0.003535	 0.000072	 0.000000	 0.000062	0.368115	 0.354668	 0.006349	 0.000000	 0.003960
98	 0.003259	 0.003154	 0.000050	 0.000000	 0.000029	0.371374	 0.357822	 0.006399	 0.000000	 0.003989
99	 0.003745	 0.003578	 0.000075	 0.000000	 0.000062	0.375119	 0.361400	 0.006474	 0.000000	 0.004051
100	 0.004213	 0.004102	 0.000048	 0.000000	 0.000036	0.379332	 0.365502	 0.006522	 0.000000	 0.004087
101	 0.004108	 0.003956	 0.000060	 0.000000	 0.000063	0.383440	 0.369458	 0.006582	 0.000000	 0.004150
102	 0.003435	 0.003295	 0.000047	 0.000000	 0.000033	0.386875	 0.372753	 0.006629	 0.000000	 0.004183
103	 0.003807	 0.003650	 0.000060	 0.000000	 0.000065	0.390682	 0.376403	 0.006689	 0.000000	 0.004248
104	 0.003583	 0.003493	 0.000032	 0.000000	 0.000034	0.394265	 0.379896	 0.006721	 0.000000	 0.004282
105	 0.003592	 0.003418	 0.000079	 0.000000	 0.000065	0.397857	 0.383314	 0.006800	 0.000000	 0.004347
106	 0.003372	 0.003267	 0.000047	 0.000000	 0.000032	0.401229	 0.386581	 0.006847	 0.000000	 0.004379
107	 0.003673	 0.003519	 0.000059	 0.000000	 0.000064	0.404902	 0.390100	 0.006906	 0.000000	 0.004443
108	 0.003677	 0.003584	 0.000031	 0.000000	 0.000034	0.408579	 0.393684	 0.006937	 0.000000	 0.004477
109	 0.003760	 0.003609	 0.000057	 0.000000	 0.000066	0.412339	 0.397293	 0.006994	 0.000000	 0.004543
110	 0.003419	 0.003326	 0.000031	 0.000000	 0.000035	0.415758	 0.400619	 0.007025	 0.000000	 0.004578
111	 0.003556	 0.003383	 0.000077	 0.000000	 0.000068	0.419314	 0.404002	 0.007102	 0.000000	 0.004646
112	 0.003624	 0.003519	 0.000045	 0.000000	 0.000034	0.422938	 0.407521	 0.007147	 0.000000	 0.004680
113	 0.003263	 0.003098	 0.000072	 0.000000	 0.000063	0.426201	 0.410619	 0.007219	 0.000000	 0.004743
114	 0.003600	 0.003491	 0.000047	 0.000000	 0.000036	0.429801	 0.414110	 0.007266	 0.000000	 0.004779
115	 0.003910	 0.003736	 0.000076	 0.000000	 0.000067	0.433711	 0.417846	 0.007342	 0.000000	 0.004846
116	 0.003793	 0.003671	 0.000051	 0.000000	 0.000043	0.437504	 0.421517	 0.007393	 0.000000	 0.004889
117	 0.003777	 0.003597	 0.000073	 0.000000	 0.000074	0.441281	 0.425114	 0.007466	 0.000000	 0.004963
118	 0.003174	 0.003072	 0.000046	 0.000000	 0.000034	0.444455	 0.428186	 0.007512	 0.000000	 0.004997
119	 0.003388	 0.003240	 0.000058	 0.000000	 0.000061	0.447843	 0.431426	 0.007570	 0.000000	 0.005058
120	 0.003329	 0.003237	 0.000030	 0.000000	 0.000035	0.451172	 0.434663	 0.007600	 0.000000	 0.005093
121	 0.003748	 0.003594	 0.000058	 0.000000	 0.000068	0.454920	 0.438257	 0.007658	 0.000000	 0.005161
122	 0.003730	 0.003638	 0.000031	 0.000000	 0.000035	0.458650	 0.441895	 0.007689	 0.000000	 0.005196
123	 0.003747	 0.003592	 0.000056	 0.000000	 0.000067	0.462397	 0.445487	 0.007745	 0.000000	 0.005263
124	 0.003503	 0.003394	 0.000051	 0.000000	 0.000034	0.465900	 0.448881	 0.007796	 0.000000	 0.005297
125	 0.003944	 0.003774	 0.000071	 0.000000	 0.000067	0.469844	 0.452655	 0.007867	 0.000000	 0.005364
126	 0.003295	 0.003186	 0.000050	 0.000000	 0.000033	0.473139	 0.455841	 0.007917	 0.000000	 0.005397
127	 0.003423	 0.003249	 0.000074	 0.000000	 0.000072	0.476562	 0.459090	 0.007991	 0.000000	 0.005469
128	 0.003622	 0.003510	 0.000046	 0.000000	 0.000037	0.480184	 0.462600	 0.008037	 0.000000	 0.005506
129	 0.003436	 0.003261	 0.000077	 0.000000	 0.000069	0.483620	 0.465861	 0.008114	 0.000000	 0.005575
130	 0.003597	 0.003486	 0.000048	 0.000000	 0.000038	0.487217	 0.469347	 0.008162	 0.000000	 0.005613
131	 0.003761	 0.003587	 0.000076	 0.000000	 0.000067	0.490978	 0.472934	 0.008238	 0.000000	 0.005680
132	 0.003648	 0.003524	 0.000045	 0.000000	 0.000037	0.494626	 0.476458	 0.008283	 0.000000	 0.005717
133	 0.003179	 0.003070	 0.000044	 0.000000	 0.000037	0.497805	 0.479528	 0.008327	 0.000000	 0.005754
134	 0.003289	 0.003127	 0.000061	 0.000000	 0.000070	0.501094	 0.482655	 0.008388	 0.000000	 0.005824
135	 0.003403	 0.003310	 0.000031	 0.000000	 0.000036	0.504497	 0.485965	 0.008419	 0.000000	 0.005860
136	 0.003930	 0.003771	 0.000058	 0.000000	 0.000071	0.508427	 0.489736	 0.008477	 0.000000	 0.005931
137	 0.003580	 0.003456	 0.000049	 0.000000	 0.000049	0.512007	 0.493192	 0.008526	 0.000000	 0.005980
138	 0.003835	 0.003646	 0.000076	 0.000000	 0.000085	0.515842	 0.496838	 0.008602	 0.000000	 0.006065
139	 0.003484	 0.003365	 0.000051	 0.000000	 0.000046	0.519326	 0.500203	 0.008653	 0.000000	 0.006111
140	 0.003976	 0.003790	 0.000078	 0.000000	 0.000081	0.523302	 0.503993	 0.008731	 0.000000	 0.006192
141	 0.003354	 0.003245	 0.000033	 0.000000	 0.000047	0.526656	 0.507238	 0.008764	 0.000000	 0.006239
142	 0.003671	 0.003482	 0.000080	 0.000000	 0.000081	0.530327	 0.510720	 0.008844	 0.000000	 0.006320
143	 0.003640	 0.003533	 0.000033	 0.000000	 0.000048	0.533967	 0.514253	 0.008877	 0.000000	 0.006368
144	 0.003806	 0.003637	 0.000056	 0.000000	 0.000081	0.537773	 0.517890	 0.008933	 0.000000	 0.006449
145	 0.004048	 0.003928	 0.000048	 0.000000	 0.000046	0.541821	 0.521818	 0.008981	 0.000000	 0.006495
146	 0.004308	 0.004121	 0.000073	 0.000000	 0.000084	0.546129	 0.525939	 0.009054	 0.000000	 0.006579
147	 0.003357	 0.003234	 0.000049	 0.000000	 0.000047	0.549486	 0.529173	 0.009103	 0.000000	 0.006626
148	 0.004082	 0.003891	 0.000075	 0.000000	 0.000085	0.553568	 0.533064	 0.009178	 0.000000	 0.006711
149	 0.004047	 0.003924	 0.000045	 0.000000	 0.000048	0.557615	 0.536988	 0.009223	 0.000000	 0.006759
150	 0.003896	 0.003718	 0.000063	 0.000000	 0.000086	0.561511	 0.540706	 0.009286	 0.000000	 0.006845
151	 0.003825	 0.003694	 0.000053	 0.000000	 0.000049	0.565336	 0.544400	 0.009339	 0.000000	 0.006894
152	 0.004291	 0.004099	 0.000079	 0.000000	 0.000082	0.569627	 0.548499	 0.009418	 0.000000	 0.006976
153	 0.003426	 0.003299	 0.000053	 0.000000	 0.000049	0.573053	 0.551798	 0.009471	 0.000000	 0.007025
154	 0.003837	 0.003638	 0.000079	 0.000000	 0.000090	0.576890	 0.555436	 0.009550	 0.000000	 0.007115
155	 0.003758	 0.003639	 0.000033	 0.000000	 0.000049	0.580648	 0.559075	 0.009583	 0.000000	 0.007164
156	 0.003714	 0.003586	 0.000047	 0.000000	 0.000047	0.584362	 0.562661	 0.009630	 0.000000	 0.007211
157	 0.003947	 0.003821	 0.000043	 0.000000	 0.000046	0.588309	 0.566482	 0.009673	 0.000000	 0.007257
158	 0.003750	 0.003631	 0.000034	 0.000000	 0.000049	0.592059	 0.570113	 0.009707	 0.000000	 0.007306
159	 0.003797	 0.003665	 0.000053	 0.000000	 0.000041	0.595856	 0.573778	 0.009760	 0.000000	 0.007347
160	 0.003944	 0.003818	 0.000050	 0.000000	 0.000038	0.599800	 0.577596	 0.009810	 0.000000	 0.007385
161	 0.003711	 0.003593	 0.000049	 0.000000	 0.000042	0.603511	 0.581189	 0.009859	 0.000000	 0.007427
162	 0.003691	 0.003491	 0.000077	 0.000000	 0.000079	0.607202	 0.584680	 0.009936	 0.000000	 0.007506
163	 0.003581	 0.003470	 0.000032	 0.000000	 0.000040	0.610783	 0.588150	 0.009968	 0.000000	 0.007546
164	 0.003585	 0.003467	 0.000051	 0.000000	 0.000042	0.614368	 0.591617	 0.010019	 0.000000	 0.007588
165	 0.003851	 0.003665	 0.000077	 0.000000	 0.000079	0.618219	 0.595282	 0.010096	 0.000000	 0.007667
166	 0.003818	 0.003708	 0.000032	 0.000000	 0.000049	0.622037	 0.598990	 0.010128	 0.000000	 0.007716
167	 0.003407	 0.003209	 0.000082	 0.000000	 0.000089	0.625444	 0.602199	 0.010210	 0.000000	 0.007805
168	 0.003520	 0.003405	 0.000051	 0.000000	 0.000036	0.628964	 0.605604	 0.010261	 0.000000	 0.007841
169	 0.003595	 0.003413	 0.000070	 0.000000	 0.000082	0.632559	 0.609017	 0.010331	 0.000000	 0.007923
170	 0.003551	 0.003438	 0.000048	 0.000000	 0.000039	0.636110	 0.612455	 0.010379	 0.000000	 0.007962
171	 0.003949	 0.003782	 0.000056	 0.000000	 0.000078	0.640059	 0.616237	 0.010435	 0.000000	 0.008040
172	 0.004178	 0.004055	 0.000048	 0.000000	 0.000049	0.644237	 0.620292	 0.010483	 0.000000	 0.008089
173	 0.003606	 0.003424	 0.000062	 0.000000	 0.000091	0.647843	 0.623716	 0.010545	 0.000000	 0.008180
174	 0.004230	 0.004103	 0.000048	 0.000000	 0.000052	0.652073	 0.627819	 0.010593	 0.000000	 0.008232
175	 0.004226	 0.004032	 0.000073	 0.000000	 0.000091	0.656299	 0.631851	 0.010666	 0.000000	 0.008323
176	 0.003899	 0.003792	 0.000032	 0.000000	 0.000050	0.660198	 0.635643	 0.010698	 0.000000	 0.008373
177	 0.003856	 0.003682	 0.000057	 0.000000	 0.000085	0.664054	 0.639325	 0.010755	 0.000000	 0.008458
178	 0.004138	 0.004014	 0.000049	 0.000000	 0.000051	0.668192	 0.643339	 0.010804	 0.000000	 0.008509
179	 0.004337	 0.004157	 0.000061	 0.000000	 0.000090	0.672529	 0.647496	 0.010865	 0.000000	 0.008599
180	 0.003614	 0.003490	 0.000046	 0.000000	 0.000051	0.676143	 0.650986	 0.010911	 0.000000	 0.008650
181	 0.003857	 0.003657	 0.000074	 0.000000	 0.000094	0.680000	 0.654643	 0.010985	 0.000000	 0.008744
182	 0.003974	 0.003874	 0.000033	 0.000000	 0.000042	0.683974	 0.658517	 0.011018	 0.000000	 0.008786
183	 0.003918	 0.003753	 0.000056	 0.000000	 0.000080	0.687892	 0.662270	 0.011074	 0.000000	 0.008866
184	 0.004132	 0.004020	 0.000032	 0.000000	 0.000042	0.692024	 0.666290	 0.011106	 0.000000	 0.008908
185	 0.003606	 0.003474	 0.000047	 0.000000	 0.000044	0.695630	 0.669764	 0.011153	 0.000000	 0.008952
186	 0.003545	 0.003442	 0.000034	 0.000000	 0.000042	0.699175	 0.673206	 0.011187	 0.000000	 0.008994
187	 0.003806	 0.003608	 0.000081	 0.000000	 0.000085	0.702981	 0.676814	 0.011268	 0.000000	 0.009079
188	 0.003948	 0.003813	 0.000054	 0.000000	 0.000054	0.706929	 0.680627	 0.011322	 0.000000	 0.009133
189	 0.003707	 0.003523	 0.000062	 0.000000	 0.000094	0.710636	 0.684150	 0.011384	 0.000000	 0.009227
190	 0.004038	 0.003928	 0.000031	 0.000000	 0.000051	0.714674	 0.688078	 0.011415	 0.000000	 0.009278
191	 0.003660	 0.003476	 0.000058	 0.000000	 0.000094	0.718334	 0.691554	 0.011473	 0.000000	 0.009372
192	 0.003960	 0.003855	 0.000032	 0.000000	 0.000050	0.722294	 0.695409	 0.011505	 0.000000	 0.009422
193	 0.004347	 0.004173	 0.000056	 0.000000	 0.000089	0.726641	 0.699582	 0.011561	 0.000000	 0.009511
194	 0.004138	 0.004025	 0.000031	 0.000000	 0.000052	0.730779	 0.703607	 0.011592	 0.000000	 0.009563
195	 0.003483	 0.003280	 0.000061	 0.000000	 0.000097	0.734262	 0.706887	 0.011653	 0.000000	 0.009660
196	 0.004106	 0.003977	 0.000052	 0.000000	 0.000051	0.738368	 0.710864	 0.011705	 0.000000	 0.009711
197	 0.003845	 0.003635	 0.000082	 0.000000	 0.000098	0.742213	 0.714499	 0.011787	 0.000000	 0.009809
198	 0.003693	 0.003569	 0.000043	 0.000000	 0.000041	0.745906	 0.718068	 0.011830	 0.000000	 0.009850
199	 0.003701	 0.003595	 0.000035	 0.000000	 0.000046	0.749607	 0.721663	 0.011865	 0.000000	 0.009896
200	 0.003980	 0.003801	 0.000061	 0.000000	 0.000086	0.753587	 0.725464	 0.011926	 0.000000	 0.009982
201	 0.004529	 0.004398	 0.000047	 0.000000	 0.000043	0.758116	 0.729862	 0.011973	 0.000000	 0.010025
202	 0.003646	 0.003510	 0.000044	 0.000000	 0.000046	0.761762	 0.733372	 0.012017	 0.000000	 0.010071
203	 0.004235	 0.004054	 0.000062	 0.000000	 0.000088	0.765997	 0.737426	 0.012079	 0.000000	 0.010159
204	 0.003882	 0.003765	 0.000048	 0.000000	 0.000042	0.769879	 0.741191	 0.012127	 0.000000	 0.010201
205	 0.004002	 0.003807	 0.000078	 0.000000	 0.000088	0.773881	 0.744998	 0.012205	 0.000000	 0.010289
206	 0.003880	 0.003759	 0.000049	 0.000000	 0.000044	0.777761	 0.748757	 0.012254	 0.000000	 0.010333
207	 0.003598	 0.003405	 0.000072	 0.000000	 0.000091	0.781359	 0.752162	 0.012326	 0.000000	 0.010424
208	 0.003916	 0.003796	 0.000048	 0.000000	 0.000045	0.785275	 0.755958	 0.012374	 0.000000	 0.010469
209	 0.003804	 0.003610	 0.000074	 0.000000	 0.000091	0.789079	 0.759568	 0.012448	 0.000000	 0.010560
210	 0.003674	 0.003556	 0.000046	 0.000000	 0.000043	0.792753	 0.763124	 0.012494	 0.000000	 0.010603
211	 0.004125	 0.003934	 0.000071	 0.000000	 0.000090	0.796878	 0.767058	 0.012565	 0.000000	 0.010693
212	 0.003866	 0.003753	 0.000030	 0.000000	 0.000044	0.800744	 0.770811	 0.012595	 0.000000	 0.010737
213	 0.003842	 0.003705	 0.000051	 0.000000	 0.000047	0.804586	 0.774516	 0.012646	 0.000000	 0.010784
214	 0.003560	 0.003442	 0.000047	 0.000000	 0.000047	0.808146	 0.777958	 0.012693	 0.000000	 0.010831
215	 0.003562	 0.003382	 0.000059	 0.000000	 0.000090	0.811708	 0.781340	 0.012752	 0.000000	 0.010921
216	 0.003811	 0.003678	 0.000056	 0.000000	 0.000048	0.815519	 0.785018	 0.012808	 0.000000	 0.010969
217	 0.004050	 0.003860	 0.000072	 0.000000	 0.000089	0.819569	 0.788878	 0.012880	 0.000000	 0.011058
218	 0.004265	 0.004140	 0.000051	 0.000000	 0.000048	0.823834	 0.793018	 0.012931	 0.000000	 0.011106
219	 0.003544	 0.003347	 0.000074	 0.000000	 0.000095	0.827378	 0.796365	 0.013005	 0.000000	 0.011201
220	 0.003493	 0.003394	 0.000031	 0.000000	 0.000042	0.830871	 0.799759	 0.013036	 0.000000	 0.011243
221	 0.003756	 0.003577	 0.000055	 0.000000	 0.000092	0.834627	 0.803336	 0.013091	 0.000000	 0.011335
222	 0.003874	 0.003743	 0.000052	 0.000000	 0.000048	0.838501	 0.807079	 0.013143	 0.000000	 0.011383
223	 0.004632	 0.004429	 0.000078	 0.000000	 0.000094	0.843133	 0.811508	 0.013221	 0.000000	 0.011477
224	 0.004010	 0.003892	 0.000033	 0.000000	 0.000059	0.847143	 0.815400	 0.013254	 0.000000	 0.011536
225	 0.003654	 0.003453	 0.000060	 0.000000	 0.000103	0.850797	 0.818853	 0.013314	 0.000000	 0.011639
226	 0.004321	 0.004178	 0.000050	 0.000000	 0.000056	0.855118	 0.823031	 0.013364	 0.000000	 0.011695
227	 0.003622	 0.003431	 0.000062	 0.000000	 0.000096	0.858740	 0.826462	 0.013426	 0.000000	 0.011791
228	 0.004027	 0.003893	 0.000063	 0.000000	 0.000046	0.862767	 0.830355	 0.013489	 0.000000	 0.011837
229	 0.003455	 0.003267	 0.000060	 0.000000	 0.000094	0.866222	 0.833622	 0.013549	 0.000000	 0.011931
230	 0.003802	 0.003696	 0.000031	 0.000000	 0.000048	0.870024	 0.837318	 0.013580	 0.000000	 0.011979
231	 0.003913	 0.003716	 0.000077	 0.000000	 0.000090	0.873937	 0.841034	 0.013657	 0.000000	 0.012069
232	 0.003531	 0.003424	 0.000032	 0.000000	 0.000048	0.877468	 0.844458	 0.013689	 0.000000	 0.012117
233	 0.004031	 0.003817	 0.000077	 0.000000	 0.000093	0.881499	 0.848275	 0.013766	 0.000000	 0.012210
234	 0.003788	 0.003653	 0.000047	 0.000000	 0.000057	0.885287	 0.851928	 0.013813	 0.000000	 0.012267
235	 0.003629	 0.003419	 0.000062	 0.000000	 0.000105	0.888916	 0.855347	 0.013875	 0.000000	 0.012372
236	 0.004022	 0.003900	 0.000034	 0.000000	 0.000060	0.892938	 0.859247	 0.013909	 0.000000	 0.012432
237	 0.003946	 0.003753	 0.000057	 0.000000	 0.000105	0.896884	 0.863000	 0.013966	 0.000000	 0.012537
238	 0.003643	 0.003505	 0.000049	 0.000000	 0.000060	0.900527	 0.866505	 0.014015	 0.000000	 0.012597
239	 0.004139	 0.003933	 0.000075	 0.000000	 0.000103	0.904666	 0.870438	 0.014090	 0.000000	 0.012700
240	 0.003797	 0.003679	 0.000034	 0.000000	 0.000057	0.908463	 0.874117	 0.014124	 0.000000	 0.012757
241	 0.004058	 0.003840	 0.000082	 0.000000	 0.000102	0.912521	 0.877957	 0.014206	 0.000000	 0.012859
242	 0.003815	 0.003677	 0.000052	 0.000000	 0.000057	0.916336	 0.881634	 0.014258	 0.000000	 0.012916
243	 0.003708	 0.003517	 0.000060	 0.000000	 0.000100	0.920044	 0.885151	 0.014318	 0.000000	 0.013016
244	 0.003714	 0.003581	 0.000048	 0.000000	 0.000055	0.923758	 0.888732	 0.014366	 0.000000	 0.013071
245	 0.004158	 0.003943	 0.000074	 0.000000	 0.000109	0.927916	 0.892675	 0.014440	 0.000000	 0.013180
246	 0.003771	 0.003638	 0.000047	 0.000000	 0.000059	0.931687	 0.896313	 0.014487	 0.000000	 0.013239
247	 0.003931	 0.003710	 0.000080	 0.000000	 0.000109	0.935618	 0.900023	 0.014567	 0.000000	 0.013348
248	 0.003616	 0.003488	 0.000047	 0.000000	 0.000056	0.939234	 0.903511	 0.014614	 0.000000	 0.013404
249	 0.003851	 0.003632	 0.000078	 0.000000	 0.000108	0.943085	 0.907143	 0.014692	 0.000000	 0.013512
250	 0.004131	 0.003995	 0.000054	 0.000000	 0.000055	0.947216	 0.911138	 0.014746	 0.000000	 0.013567
251	 0.003648	 0.003448	 0.000060	 0.000000	 0.000107	0.950864	 0.914586	 0.014806	 0.000000	 0.013674
252	 0.003790	 0.003649	 0.000051	 0.000000	 0.000059	0.954654	 0.918235	 0.014857	 0.000000	 0.013733
253	 0.003879	 0.003666	 0.000080	 0.000000	 0.000105	0.958533	 0.921901	 0.014937	 0.000000	 0.013838
254	 0.003579	 0.003465	 0.000032	 0.000000	 0.000056	0.962112	 0.925366	 0.014969	 0.000000	 0.013894
255	 0.004237	 0.004018	 0.000077	 0.000000	 0.000111	0.966349	 0.929384	 0.015046	 0.000000	 0.014005
256	 0.003901	 0.003768	 0.000046	 0.000000	 0.000059	0.970250	 0.933152	 0.015092	 0.000000	 0.014064
257	 0.004258	 0.004033	 0.000081	 0.000000	 0.000112	0.974508	 0.937185	 0.015173	 0.000000	 0.014176
258	 0.003953	 0.003812	 0.000050	 0.000000	 0.000063	0.978461	 0.940997	 0.015223	 0.000000	 0.014239
259	 0.003677	 0.003448	 0.000076	 0.000000	 0.000120	0.982138	 0.944445	 0.015299	 0.000000	 0.014359
260	 0.003811	 0.003670	 0.000046	 0.000000	 0.000065	0.985949	 0.948115	 0.015345	 0.000000	 0.014424
261	 0.003710	 0.003488	 0.000073	 0.000000	 0.000118	0.989659	 0.951603	 0.015418	 0.000000	 0.014542
262	 0.003810	 0.003657	 0.000046	 0.000000	 0.000061	0.993469	 0.955260	 0.015464	 0.000000	 0.014603
263	 0.003672	 0.003539	 0.000042	 0.000000	 0.000063	0.997141	 0.958799	 0.015506	 0.000000	 0.014666
264	 0.004256	 0.004050	 0.000061	 0.000000	 0.000116	1.001397	 0.962849	 0.015567	 0.000000	 0.014782
