109.169289
167.294699

109.060821
166.852667

108.850542
172.414893

103.727268
180.214677

108.816632
160.511314

103.732795
169.475874

108.896908
172.086431

114.074557
162.164421

108.698409
172.824290

108.893896
172.125203

113.868490
156.979257

104.690434
176.118037

104.582133
175.408194

113.789269
149.719143

108.839264
170.748822

113.174572
172.410189

110.595820
179.655983

109.169289
167.294699

119.483518
167.912486

98.740762
178.608150

119.209935
171.067827

108.818763
177.136832

114.056380
176.306360

119.250285
167.139565

113.912737
163.307732

113.742654
171.320717

111.319711
168.022884

103.543211
168.205790

108.702761
163.315734

113.965955
175.604987

