Problem:                                baa99_m
First Stage Rows:                       1
First Stage Columns:                    2
First Stage Non-zeros:                  0
Number of replications:                 30
Status:                                 COMPROMISE SOLUTION
Total Objective Function Upper Bound:   -378.482,[-383.711483,-373.252828],half-width:5.229, stdev:2.668
Total Objective Function Lower Bound:   -383.209,[-387.212175,-379.204916],half-width:4.004, stdev:2.043

First Stage Solutions:
   No.   Row name   Activity      Lower bound   Upper bound   Dual          Dual STDEV
------ ------------ ------------- ------------- ------------- ------------- -------------
     0 obj          -3.784822e+02 

   No. Column name  Activity      Lower bound   Upper bound   Reduced Cost  RC STDEV
------ ------------ ------------- ------------- ------------- ------------- -------------
     1 x1            5.836604e+01  0.000000e+00  2.170000e+02  0.000000e+00  0.000000e+00 
     2 x2            2.170000e+02  0.000000e+00  2.170000e+02 -3.293135e-01  0.000000e+00 


Problem:                                baa99_m
First Stage Rows:                       1
First Stage Columns:                    2
First Stage Non-zeros:                  0
Number of replications:                 30
Status:                                 MEAN SOLUTION
Total Objective Function Upper Bound:   -378.481,[-383.711706,-373.249750],half-width:5.231, stdev:2.669
Total Objective Function Lower Bound:   -383.209,[-387.212175,-379.204916],half-width:4.004, stdev:2.043

First Stage Solutions:
   No.   Row name   Activity      Lower bound   Upper bound   Dual          Dual STDEV
------ ------------ ------------- ------------- ------------- ------------- -------------
     0 obj          -3.784807e+02 

   No. Column name  Activity      Lower bound   Upper bound   Reduced Cost  RC STDEV
------ ------------ ------------- ------------- ------------- ------------- -------------
     1 x1            5.844115e+01  0.000000e+00  2.170000e+02  0.000000e+00  0.000000e+00 
     2 x2            2.170000e+02  0.000000e+00  2.170000e+02 -3.267901e-01  6.291015e-02 


