Iter	 Iter_time	 Master	 Subprob	 Full_Test	 argmax	Iter_acc	 Master_acc	 Subprob_acc	 Full_Test_acc	 argmax_acc
1	 0.000738	 0.000482	 0.000185	 0.000000	 0.000027	0.000738	 0.000482	 0.000185	 0.000000	 0.000027
2	 0.003068	 0.002867	 0.000085	 0.000000	 0.000075	0.003806	 0.003349	 0.000270	 0.000000	 0.000102
3	 0.003346	 0.003246	 0.000046	 0.000000	 0.000025	0.007152	 0.006595	 0.000316	 0.000000	 0.000127
4	 0.003609	 0.003445	 0.000091	 0.000000	 0.000034	0.010761	 0.010040	 0.000407	 0.000000	 0.000161
5	 0.003493	 0.003387	 0.000054	 0.000000	 0.000021	0.014254	 0.013427	 0.000461	 0.000000	 0.000182
6	 0.004022	 0.003795	 0.000122	 0.000000	 0.000063	0.018276	 0.017222	 0.000583	 0.000000	 0.000245
7	 0.003879	 0.003769	 0.000053	 0.000000	 0.000022	0.022155	 0.020991	 0.000636	 0.000000	 0.000267
8	 0.003359	 0.003170	 0.000110	 0.000000	 0.000042	0.025514	 0.024161	 0.000746	 0.000000	 0.000309
9	 0.003315	 0.003215	 0.000053	 0.000000	 0.000021	0.028829	 0.027376	 0.000799	 0.000000	 0.000330
10	 0.003782	 0.003624	 0.000080	 0.000000	 0.000037	0.032611	 0.031000	 0.000879	 0.000000	 0.000367
11	 0.004266	 0.004166	 0.000052	 0.000000	 0.000021	0.036877	 0.035166	 0.000931	 0.000000	 0.000388
12	 0.004159	 0.003986	 0.000091	 0.000000	 0.000041	0.041036	 0.039152	 0.001022	 0.000000	 0.000429
13	 0.003987	 0.003834	 0.000079	 0.000000	 0.000034	0.045023	 0.042986	 0.001101	 0.000000	 0.000463
14	 0.003380	 0.003197	 0.000096	 0.000000	 0.000042	0.048403	 0.046183	 0.001197	 0.000000	 0.000505
15	 0.003882	 0.003788	 0.000045	 0.000000	 0.000021	0.052285	 0.049971	 0.001242	 0.000000	 0.000526
16	 0.003536	 0.003378	 0.000088	 0.000000	 0.000039	0.055821	 0.053349	 0.001330	 0.000000	 0.000565
17	 0.003426	 0.003338	 0.000043	 0.000000	 0.000021	0.059247	 0.056687	 0.001373	 0.000000	 0.000586
18	 0.003940	 0.003791	 0.000077	 0.000000	 0.000039	0.063187	 0.060478	 0.001450	 0.000000	 0.000625
19	 0.003471	 0.003381	 0.000043	 0.000000	 0.000022	0.066658	 0.063859	 0.001493	 0.000000	 0.000647
20	 0.004293	 0.004152	 0.000073	 0.000000	 0.000040	0.070951	 0.068011	 0.001566	 0.000000	 0.000687
21	 0.003554	 0.003472	 0.000033	 0.000000	 0.000021	0.074505	 0.071483	 0.001599	 0.000000	 0.000708
22	 0.003845	 0.003688	 0.000085	 0.000000	 0.000042	0.078350	 0.075171	 0.001684	 0.000000	 0.000750
23	 0.004063	 0.003959	 0.000044	 0.000000	 0.000023	0.082413	 0.079130	 0.001728	 0.000000	 0.000773
24	 0.003813	 0.003723	 0.000045	 0.000000	 0.000022	0.086226	 0.082853	 0.001773	 0.000000	 0.000795
25	 0.004312	 0.004150	 0.000081	 0.000000	 0.000040	0.090538	 0.087003	 0.001854	 0.000000	 0.000835
26	 0.003735	 0.003627	 0.000053	 0.000000	 0.000023	0.094273	 0.090630	 0.001907	 0.000000	 0.000858
27	 0.003608	 0.003394	 0.000108	 0.000000	 0.000051	0.097881	 0.094024	 0.002015	 0.000000	 0.000909
28	 0.003973	 0.003870	 0.000049	 0.000000	 0.000023	0.101854	 0.097894	 0.002064	 0.000000	 0.000932
29	 0.003945	 0.003787	 0.000076	 0.000000	 0.000042	0.105799	 0.101681	 0.002140	 0.000000	 0.000974
30	 0.003485	 0.003382	 0.000053	 0.000000	 0.000025	0.109284	 0.105063	 0.002193	 0.000000	 0.000999
31	 0.003426	 0.003276	 0.000079	 0.000000	 0.000044	0.112710	 0.108339	 0.002272	 0.000000	 0.001043
32	 0.003424	 0.003335	 0.000033	 0.000000	 0.000024	0.116134	 0.111674	 0.002305	 0.000000	 0.001067
33	 0.003778	 0.003507	 0.000099	 0.000000	 0.000068	0.119912	 0.115181	 0.002404	 0.000000	 0.001135
34	 0.003365	 0.003230	 0.000054	 0.000000	 0.000039	0.123277	 0.118411	 0.002458	 0.000000	 0.001174
35	 0.003693	 0.003486	 0.000087	 0.000000	 0.000065	0.126970	 0.121897	 0.002545	 0.000000	 0.001239
36	 0.004014	 0.003915	 0.000040	 0.000000	 0.000028	0.130984	 0.125812	 0.002585	 0.000000	 0.001267
37	 0.003916	 0.003743	 0.000099	 0.000000	 0.000044	0.134900	 0.129555	 0.002684	 0.000000	 0.001311
38	 0.003942	 0.003855	 0.000036	 0.000000	 0.000025	0.138842	 0.133410	 0.002720	 0.000000	 0.001336
39	 0.003980	 0.003828	 0.000077	 0.000000	 0.000046	0.142822	 0.137238	 0.002797	 0.000000	 0.001382
40	 0.003349	 0.003245	 0.000053	 0.000000	 0.000025	0.146171	 0.140483	 0.002850	 0.000000	 0.001407
41	 0.003270	 0.003115	 0.000079	 0.000000	 0.000046	0.149441	 0.143598	 0.002929	 0.000000	 0.001453
42	 0.003979	 0.003882	 0.000046	 0.000000	 0.000024	0.153420	 0.147480	 0.002975	 0.000000	 0.001477
43	 0.003886	 0.003736	 0.000077	 0.000000	 0.000045	0.157306	 0.151216	 0.003052	 0.000000	 0.001522
44	 0.004060	 0.003957	 0.000049	 0.000000	 0.000026	0.161366	 0.155173	 0.003101	 0.000000	 0.001548
45	 0.003409	 0.003253	 0.000079	 0.000000	 0.000048	0.164775	 0.158426	 0.003180	 0.000000	 0.001596
46	 0.003953	 0.003860	 0.000041	 0.000000	 0.000027	0.168728	 0.162286	 0.003221	 0.000000	 0.001623
47	 0.003931	 0.003777	 0.000076	 0.000000	 0.000048	0.172659	 0.166063	 0.003297	 0.000000	 0.001671
48	 0.004115	 0.004015	 0.000047	 0.000000	 0.000025	0.176774	 0.170078	 0.003344	 0.000000	 0.001696
49	 0.003655	 0.003497	 0.000075	 0.000000	 0.000049	0.180429	 0.173575	 0.003419	 0.000000	 0.001745
50	 0.003930	 0.003737	 0.000098	 0.000000	 0.000049	0.184359	 0.177312	 0.003517	 0.000000	 0.001794
51	 0.003983	 0.003785	 0.000103	 0.000000	 0.000056	0.188342	 0.181097	 0.003620	 0.000000	 0.001850
52	 0.003052	 0.002930	 0.000040	 0.000000	 0.000043	0.191394	 0.184027	 0.003660	 0.000000	 0.001893
53	 0.004054	 0.003731	 0.000123	 0.000000	 0.000114	0.195448	 0.187758	 0.003783	 0.000000	 0.002007
54	 0.003744	 0.003530	 0.000112	 0.000000	 0.000033	0.199192	 0.191288	 0.003895	 0.000000	 0.002040
55	 0.003697	 0.003382	 0.000163	 0.000000	 0.000098	0.202889	 0.194670	 0.004058	 0.000000	 0.002138
56	 0.003530	 0.003413	 0.000046	 0.000000	 0.000034	0.206419	 0.198083	 0.004104	 0.000000	 0.002172
57	 0.003506	 0.003324	 0.000072	 0.000000	 0.000069	0.209925	 0.201407	 0.004176	 0.000000	 0.002241
58	 0.003534	 0.003423	 0.000043	 0.000000	 0.000032	0.213459	 0.204830	 0.004219	 0.000000	 0.002273
59	 0.003861	 0.003624	 0.000100	 0.000000	 0.000089	0.217320	 0.208454	 0.004319	 0.000000	 0.002362
60	 0.004121	 0.003964	 0.000080	 0.000000	 0.000036	0.221441	 0.212418	 0.004399	 0.000000	 0.002398
61	 0.003703	 0.003489	 0.000111	 0.000000	 0.000062	0.225144	 0.215907	 0.004510	 0.000000	 0.002460
62	 0.003906	 0.003794	 0.000048	 0.000000	 0.000033	0.229050	 0.219701	 0.004558	 0.000000	 0.002493
63	 0.004201	 0.004055	 0.000061	 0.000000	 0.000054	0.233251	 0.223756	 0.004619	 0.000000	 0.002547
64	 0.003694	 0.003606	 0.000034	 0.000000	 0.000030	0.236945	 0.227362	 0.004653	 0.000000	 0.002577
65	 0.003385	 0.003216	 0.000085	 0.000000	 0.000053	0.240330	 0.230578	 0.004738	 0.000000	 0.002630
66	 0.003702	 0.003574	 0.000051	 0.000000	 0.000030	0.244032	 0.234152	 0.004789	 0.000000	 0.002660
67	 0.003952	 0.003830	 0.000048	 0.000000	 0.000039	0.247984	 0.237982	 0.004837	 0.000000	 0.002699
68	 0.004081	 0.003935	 0.000062	 0.000000	 0.000054	0.252065	 0.241917	 0.004899	 0.000000	 0.002753
69	 0.003836	 0.003720	 0.000061	 0.000000	 0.000028	0.255901	 0.245637	 0.004960	 0.000000	 0.002781
70	 0.003466	 0.003304	 0.000075	 0.000000	 0.000056	0.259367	 0.248941	 0.005035	 0.000000	 0.002837
71	 0.003442	 0.003344	 0.000033	 0.000000	 0.000039	0.262809	 0.252285	 0.005068	 0.000000	 0.002876
72	 0.003619	 0.003449	 0.000058	 0.000000	 0.000063	0.266428	 0.255734	 0.005126	 0.000000	 0.002939
73	 0.003720	 0.003575	 0.000066	 0.000000	 0.000046	0.270148	 0.259309	 0.005192	 0.000000	 0.002985
74	 0.003941	 0.003726	 0.000091	 0.000000	 0.000082	0.274089	 0.263035	 0.005283	 0.000000	 0.003067
75	 0.003821	 0.003693	 0.000068	 0.000000	 0.000030	0.277910	 0.266728	 0.005351	 0.000000	 0.003097
76	 0.004363	 0.004206	 0.000066	 0.000000	 0.000057	0.282273	 0.270934	 0.005417	 0.000000	 0.003154
77	 0.003947	 0.003858	 0.000032	 0.000000	 0.000030	0.286220	 0.274792	 0.005449	 0.000000	 0.003184
78	 0.003411	 0.003236	 0.000088	 0.000000	 0.000058	0.289631	 0.278028	 0.005537	 0.000000	 0.003242
79	 0.003742	 0.003636	 0.000047	 0.000000	 0.000032	0.293373	 0.281664	 0.005584	 0.000000	 0.003274
80	 0.003989	 0.003829	 0.000073	 0.000000	 0.000057	0.297362	 0.285493	 0.005657	 0.000000	 0.003331
81	 0.003420	 0.003310	 0.000050	 0.000000	 0.000033	0.300782	 0.288803	 0.005707	 0.000000	 0.003364
82	 0.003708	 0.003544	 0.000074	 0.000000	 0.000057	0.304490	 0.292347	 0.005781	 0.000000	 0.003421
83	 0.003834	 0.003747	 0.000033	 0.000000	 0.000029	0.308324	 0.296094	 0.005814	 0.000000	 0.003450
84	 0.003782	 0.003639	 0.000059	 0.000000	 0.000056	0.312106	 0.299733	 0.005873	 0.000000	 0.003506
85	 0.003593	 0.003490	 0.000047	 0.000000	 0.000030	0.315699	 0.303223	 0.005920	 0.000000	 0.003536
86	 0.003814	 0.003667	 0.000060	 0.000000	 0.000057	0.319513	 0.306890	 0.005980	 0.000000	 0.003593
87	 0.003683	 0.003577	 0.000046	 0.000000	 0.000031	0.323196	 0.310467	 0.006026	 0.000000	 0.003624
88	 0.003766	 0.003569	 0.000096	 0.000000	 0.000064	0.326962	 0.314036	 0.006122	 0.000000	 0.003688
89	 0.003700	 0.003580	 0.000055	 0.000000	 0.000033	0.330662	 0.317616	 0.006177	 0.000000	 0.003721
90	 0.003561	 0.003397	 0.000077	 0.000000	 0.000058	0.334223	 0.321013	 0.006254	 0.000000	 0.003779
91	 0.004173	 0.004064	 0.000048	 0.000000	 0.000031	0.338396	 0.325077	 0.006302	 0.000000	 0.003810
92	 0.003940	 0.003764	 0.000082	 0.000000	 0.000062	0.342336	 0.328841	 0.006384	 0.000000	 0.003872
93	 0.003509	 0.003395	 0.000047	 0.000000	 0.000028	0.345845	 0.332236	 0.006431	 0.000000	 0.003900
94	 0.003416	 0.003096	 0.000163	 0.000000	 0.000096	0.349261	 0.335332	 0.006594	 0.000000	 0.003996
95	 0.003569	 0.003450	 0.000053	 0.000000	 0.000034	0.352830	 0.338782	 0.006647	 0.000000	 0.004030
96	 0.003839	 0.003682	 0.000062	 0.000000	 0.000061	0.356669	 0.342464	 0.006709	 0.000000	 0.004091
97	 0.003766	 0.003673	 0.000032	 0.000000	 0.000032	0.360435	 0.346137	 0.006741	 0.000000	 0.004123
98	 0.003447	 0.003270	 0.000085	 0.000000	 0.000060	0.363882	 0.349407	 0.006826	 0.000000	 0.004183
99	 0.003401	 0.003291	 0.000051	 0.000000	 0.000032	0.367283	 0.352698	 0.006877	 0.000000	 0.004215
100	 0.003297	 0.003114	 0.000079	 0.000000	 0.000063	0.370580	 0.355812	 0.006956	 0.000000	 0.004278
101	 0.003194	 0.003060	 0.000047	 0.000000	 0.000058	0.373774	 0.358872	 0.007003	 0.000000	 0.004336
102	 0.003834	 0.003618	 0.000085	 0.000000	 0.000062	0.377608	 0.362490	 0.007088	 0.000000	 0.004398
103	 0.003418	 0.003307	 0.000049	 0.000000	 0.000033	0.381026	 0.365797	 0.007137	 0.000000	 0.004431
104	 0.003605	 0.003453	 0.000060	 0.000000	 0.000062	0.384631	 0.369250	 0.007197	 0.000000	 0.004493
105	 0.003457	 0.003336	 0.000048	 0.000000	 0.000046	0.388088	 0.372586	 0.007245	 0.000000	 0.004539
106	 0.003910	 0.003736	 0.000077	 0.000000	 0.000069	0.391998	 0.376322	 0.007322	 0.000000	 0.004608
107	 0.004036	 0.003945	 0.000032	 0.000000	 0.000032	0.396034	 0.380267	 0.007354	 0.000000	 0.004640
108	 0.003467	 0.003321	 0.000057	 0.000000	 0.000061	0.399501	 0.383588	 0.007411	 0.000000	 0.004701
109	 0.003721	 0.003618	 0.000032	 0.000000	 0.000042	0.403222	 0.387206	 0.007443	 0.000000	 0.004743
110	 0.003567	 0.003391	 0.000059	 0.000000	 0.000070	0.406789	 0.390597	 0.007502	 0.000000	 0.004813
111	 0.003679	 0.003566	 0.000052	 0.000000	 0.000035	0.410468	 0.394163	 0.007554	 0.000000	 0.004848
112	 0.003736	 0.003562	 0.000079	 0.000000	 0.000066	0.414204	 0.397725	 0.007633	 0.000000	 0.004914
113	 0.003636	 0.003517	 0.000051	 0.000000	 0.000042	0.417840	 0.401242	 0.007684	 0.000000	 0.004956
114	 0.004227	 0.004048	 0.000062	 0.000000	 0.000073	0.422067	 0.405290	 0.007746	 0.000000	 0.005029
115	 0.003742	 0.003605	 0.000052	 0.000000	 0.000035	0.425809	 0.408895	 0.007798	 0.000000	 0.005064
116	 0.003401	 0.003238	 0.000078	 0.000000	 0.000042	0.429210	 0.412133	 0.007876	 0.000000	 0.005106
117	 0.003385	 0.003184	 0.000090	 0.000000	 0.000069	0.432595	 0.415317	 0.007966	 0.000000	 0.005175
118	 0.003924	 0.003773	 0.000074	 0.000000	 0.000039	0.436519	 0.419090	 0.008040	 0.000000	 0.005214
119	 0.003733	 0.003571	 0.000069	 0.000000	 0.000061	0.440252	 0.422661	 0.008109	 0.000000	 0.005275
120	 0.002933	 0.002838	 0.000032	 0.000000	 0.000034	0.443185	 0.425499	 0.008141	 0.000000	 0.005309
121	 0.003663	 0.003506	 0.000058	 0.000000	 0.000064	0.446848	 0.429005	 0.008199	 0.000000	 0.005373
122	 0.003443	 0.003340	 0.000037	 0.000000	 0.000036	0.450291	 0.432345	 0.008236	 0.000000	 0.005409
123	 0.004178	 0.003921	 0.000134	 0.000000	 0.000077	0.454469	 0.436266	 0.008370	 0.000000	 0.005486
124	 0.003682	 0.003517	 0.000084	 0.000000	 0.000040	0.458151	 0.439783	 0.008454	 0.000000	 0.005526
125	 0.003419	 0.003226	 0.000090	 0.000000	 0.000070	0.461570	 0.443009	 0.008544	 0.000000	 0.005596
126	 0.003534	 0.003422	 0.000054	 0.000000	 0.000033	0.465104	 0.446431	 0.008598	 0.000000	 0.005629
127	 0.004672	 0.004512	 0.000061	 0.000000	 0.000066	0.469776	 0.450943	 0.008659	 0.000000	 0.005695
128	 0.003309	 0.003195	 0.000050	 0.000000	 0.000035	0.473085	 0.454138	 0.008709	 0.000000	 0.005730
129	 0.003324	 0.003147	 0.000079	 0.000000	 0.000067	0.476409	 0.457285	 0.008788	 0.000000	 0.005797
130	 0.003438	 0.003305	 0.000052	 0.000000	 0.000036	0.479847	 0.460590	 0.008840	 0.000000	 0.005833
131	 0.003345	 0.003236	 0.000047	 0.000000	 0.000033	0.483192	 0.463826	 0.008887	 0.000000	 0.005866
132	 0.003467	 0.003303	 0.000063	 0.000000	 0.000069	0.486659	 0.467129	 0.008950	 0.000000	 0.005935
133	 0.003689	 0.003579	 0.000048	 0.000000	 0.000034	0.490348	 0.470708	 0.008998	 0.000000	 0.005969
134	 0.003569	 0.003407	 0.000063	 0.000000	 0.000068	0.493917	 0.474115	 0.009061	 0.000000	 0.006037
135	 0.003612	 0.003517	 0.000033	 0.000000	 0.000035	0.497529	 0.477632	 0.009094	 0.000000	 0.006072
136	 0.003391	 0.003231	 0.000058	 0.000000	 0.000068	0.500920	 0.480863	 0.009152	 0.000000	 0.006140
137	 0.003415	 0.003321	 0.000033	 0.000000	 0.000036	0.504335	 0.484184	 0.009185	 0.000000	 0.006176
138	 0.003732	 0.003576	 0.000057	 0.000000	 0.000068	0.508067	 0.487760	 0.009242	 0.000000	 0.006244
139	 0.003729	 0.003621	 0.000050	 0.000000	 0.000033	0.511796	 0.491381	 0.009292	 0.000000	 0.006277
140	 0.003379	 0.003205	 0.000078	 0.000000	 0.000066	0.515175	 0.494586	 0.009370	 0.000000	 0.006343
141	 0.004142	 0.004033	 0.000047	 0.000000	 0.000035	0.519317	 0.498619	 0.009417	 0.000000	 0.006378
142	 0.003753	 0.003579	 0.000077	 0.000000	 0.000064	0.523070	 0.502198	 0.009494	 0.000000	 0.006442
143	 0.003417	 0.003304	 0.000051	 0.000000	 0.000036	0.526487	 0.505502	 0.009545	 0.000000	 0.006478
144	 0.003805	 0.003628	 0.000072	 0.000000	 0.000071	0.530292	 0.509130	 0.009617	 0.000000	 0.006549
145	 0.003944	 0.003792	 0.000080	 0.000000	 0.000041	0.534236	 0.512922	 0.009697	 0.000000	 0.006590
146	 0.003651	 0.003464	 0.000074	 0.000000	 0.000073	0.537887	 0.516386	 0.009771	 0.000000	 0.006663
147	 0.003868	 0.003726	 0.000069	 0.000000	 0.000040	0.541755	 0.520112	 0.009840	 0.000000	 0.006703
148	 0.003834	 0.003646	 0.000080	 0.000000	 0.000074	0.545589	 0.523758	 0.009920	 0.000000	 0.006777
149	 0.003785	 0.003684	 0.000035	 0.000000	 0.000037	0.549374	 0.527442	 0.009955	 0.000000	 0.006814
150	 0.003490	 0.003327	 0.000057	 0.000000	 0.000072	0.552864	 0.530769	 0.010012	 0.000000	 0.006886
151	 0.004424	 0.004268	 0.000066	 0.000000	 0.000048	0.557288	 0.535037	 0.010078	 0.000000	 0.006934
152	 0.003669	 0.003456	 0.000096	 0.000000	 0.000078	0.560957	 0.538493	 0.010174	 0.000000	 0.007012
153	 0.003913	 0.003787	 0.000057	 0.000000	 0.000038	0.564870	 0.542280	 0.010231	 0.000000	 0.007050
154	 0.003510	 0.003329	 0.000076	 0.000000	 0.000071	0.568380	 0.545609	 0.010307	 0.000000	 0.007121
155	 0.003677	 0.003565	 0.000047	 0.000000	 0.000037	0.572057	 0.549174	 0.010354	 0.000000	 0.007158
156	 0.003759	 0.003577	 0.000080	 0.000000	 0.000071	0.575816	 0.552751	 0.010434	 0.000000	 0.007229
157	 0.003657	 0.003538	 0.000056	 0.000000	 0.000035	0.579473	 0.556289	 0.010490	 0.000000	 0.007264
158	 0.003503	 0.003320	 0.000077	 0.000000	 0.000074	0.582976	 0.559609	 0.010567	 0.000000	 0.007338
159	 0.003916	 0.003798	 0.000053	 0.000000	 0.000038	0.586892	 0.563407	 0.010620	 0.000000	 0.007376
160	 0.003645	 0.003464	 0.000084	 0.000000	 0.000070	0.590537	 0.566871	 0.010704	 0.000000	 0.007446
161	 0.003850	 0.003724	 0.000050	 0.000000	 0.000049	0.594387	 0.570595	 0.010754	 0.000000	 0.007495
162	 0.003617	 0.003419	 0.000079	 0.000000	 0.000083	0.598004	 0.574014	 0.010833	 0.000000	 0.007578
163	 0.003986	 0.003864	 0.000048	 0.000000	 0.000047	0.601990	 0.577878	 0.010881	 0.000000	 0.007625
164	 0.003952	 0.003763	 0.000075	 0.000000	 0.000083	0.605942	 0.581641	 0.010956	 0.000000	 0.007708
165	 0.003936	 0.003812	 0.000047	 0.000000	 0.000047	0.609878	 0.585453	 0.011003	 0.000000	 0.007755
166	 0.003779	 0.003601	 0.000063	 0.000000	 0.000085	0.613657	 0.589054	 0.011066	 0.000000	 0.007840
167	 0.004217	 0.004096	 0.000051	 0.000000	 0.000045	0.617874	 0.593150	 0.011117	 0.000000	 0.007885
168	 0.003319	 0.003130	 0.000077	 0.000000	 0.000083	0.621193	 0.596280	 0.011194	 0.000000	 0.007968
169	 0.003537	 0.003409	 0.000052	 0.000000	 0.000048	0.624730	 0.599689	 0.011246	 0.000000	 0.008016
170	 0.003688	 0.003493	 0.000080	 0.000000	 0.000083	0.628418	 0.603182	 0.011326	 0.000000	 0.008099
171	 0.003857	 0.003751	 0.000033	 0.000000	 0.000047	0.632275	 0.606933	 0.011359	 0.000000	 0.008146
172	 0.004201	 0.004011	 0.000080	 0.000000	 0.000082	0.636476	 0.610944	 0.011439	 0.000000	 0.008228
173	 0.003902	 0.003777	 0.000048	 0.000000	 0.000049	0.640378	 0.614721	 0.011487	 0.000000	 0.008277
174	 0.003694	 0.003517	 0.000062	 0.000000	 0.000086	0.644072	 0.618238	 0.011549	 0.000000	 0.008363
175	 0.003872	 0.003766	 0.000032	 0.000000	 0.000046	0.647944	 0.622004	 0.011581	 0.000000	 0.008409
176	 0.003560	 0.003362	 0.000079	 0.000000	 0.000088	0.651504	 0.625366	 0.011660	 0.000000	 0.008497
177	 0.003523	 0.003400	 0.000049	 0.000000	 0.000047	0.655027	 0.628766	 0.011709	 0.000000	 0.008544
178	 0.004297	 0.004119	 0.000062	 0.000000	 0.000084	0.659324	 0.632885	 0.011771	 0.000000	 0.008628
179	 0.003843	 0.003718	 0.000049	 0.000000	 0.000048	0.663167	 0.636603	 0.011820	 0.000000	 0.008676
180	 0.003800	 0.003604	 0.000077	 0.000000	 0.000087	0.666967	 0.640207	 0.011897	 0.000000	 0.008763
181	 0.003927	 0.003817	 0.000033	 0.000000	 0.000048	0.670894	 0.644024	 0.011930	 0.000000	 0.008811
182	 0.003757	 0.003583	 0.000059	 0.000000	 0.000084	0.674651	 0.647607	 0.011989	 0.000000	 0.008895
183	 0.004012	 0.003890	 0.000048	 0.000000	 0.000048	0.678663	 0.651497	 0.012037	 0.000000	 0.008943
184	 0.003832	 0.003637	 0.000077	 0.000000	 0.000088	0.682495	 0.655134	 0.012114	 0.000000	 0.009031
185	 0.003760	 0.003636	 0.000047	 0.000000	 0.000048	0.686255	 0.658770	 0.012161	 0.000000	 0.009079
186	 0.003963	 0.003761	 0.000078	 0.000000	 0.000089	0.690218	 0.662531	 0.012239	 0.000000	 0.009168
187	 0.003981	 0.003858	 0.000048	 0.000000	 0.000050	0.694199	 0.666389	 0.012287	 0.000000	 0.009218
188	 0.004264	 0.004064	 0.000079	 0.000000	 0.000087	0.698463	 0.670453	 0.012366	 0.000000	 0.009305
189	 0.003844	 0.003718	 0.000048	 0.000000	 0.000050	0.702307	 0.674171	 0.012414	 0.000000	 0.009355
190	 0.003786	 0.003590	 0.000077	 0.000000	 0.000089	0.706093	 0.677761	 0.012491	 0.000000	 0.009444
191	 0.003805	 0.003678	 0.000047	 0.000000	 0.000051	0.709898	 0.681439	 0.012538	 0.000000	 0.009495
192	 0.003529	 0.003351	 0.000060	 0.000000	 0.000086	0.713427	 0.684790	 0.012598	 0.000000	 0.009581
193	 0.003686	 0.003583	 0.000031	 0.000000	 0.000046	0.717113	 0.688373	 0.012629	 0.000000	 0.009627
194	 0.003862	 0.003659	 0.000081	 0.000000	 0.000089	0.720975	 0.692032	 0.012710	 0.000000	 0.009716
195	 0.004063	 0.003935	 0.000049	 0.000000	 0.000050	0.725038	 0.695967	 0.012759	 0.000000	 0.009766
196	 0.003628	 0.003435	 0.000077	 0.000000	 0.000088	0.728666	 0.699402	 0.012836	 0.000000	 0.009854
197	 0.003863	 0.003733	 0.000050	 0.000000	 0.000049	0.732529	 0.703135	 0.012886	 0.000000	 0.009903
198	 0.003948	 0.003752	 0.000077	 0.000000	 0.000090	0.736477	 0.706887	 0.012963	 0.000000	 0.009993
199	 0.003725	 0.003598	 0.000047	 0.000000	 0.000051	0.740202	 0.710485	 0.013010	 0.000000	 0.010044
200	 0.003550	 0.003337	 0.000078	 0.000000	 0.000094	0.743752	 0.713822	 0.013088	 0.000000	 0.010138
201	 0.003689	 0.003544	 0.000064	 0.000000	 0.000052	0.747441	 0.717366	 0.013152	 0.000000	 0.010190
202	 0.003696	 0.003469	 0.000077	 0.000000	 0.000090	0.751137	 0.720835	 0.013229	 0.000000	 0.010280
203	 0.004056	 0.003940	 0.000034	 0.000000	 0.000052	0.755193	 0.724775	 0.013263	 0.000000	 0.010332
204	 0.003817	 0.003615	 0.000079	 0.000000	 0.000092	0.759010	 0.728390	 0.013342	 0.000000	 0.010424
205	 0.003844	 0.003714	 0.000050	 0.000000	 0.000050	0.762854	 0.732104	 0.013392	 0.000000	 0.010474
206	 0.003852	 0.003653	 0.000075	 0.000000	 0.000090	0.766706	 0.735757	 0.013467	 0.000000	 0.010564
207	 0.003785	 0.003675	 0.000033	 0.000000	 0.000049	0.770491	 0.739432	 0.013500	 0.000000	 0.010613
208	 0.003671	 0.003462	 0.000083	 0.000000	 0.000092	0.774162	 0.742894	 0.013583	 0.000000	 0.010705
209	 0.003486	 0.003361	 0.000048	 0.000000	 0.000051	0.777648	 0.746255	 0.013631	 0.000000	 0.010756
210	 0.003716	 0.003513	 0.000079	 0.000000	 0.000091	0.781364	 0.749768	 0.013710	 0.000000	 0.010847
211	 0.003956	 0.003822	 0.000052	 0.000000	 0.000052	0.785320	 0.753590	 0.013762	 0.000000	 0.010899
212	 0.003894	 0.003708	 0.000063	 0.000000	 0.000093	0.789214	 0.757298	 0.013825	 0.000000	 0.010992
213	 0.003912	 0.003788	 0.000048	 0.000000	 0.000051	0.793126	 0.761086	 0.013873	 0.000000	 0.011043
214	 0.004113	 0.003907	 0.000078	 0.000000	 0.000094	0.797239	 0.764993	 0.013951	 0.000000	 0.011137
215	 0.003527	 0.003359	 0.000067	 0.000000	 0.000062	0.800766	 0.768352	 0.014018	 0.000000	 0.011199
216	 0.003861	 0.003595	 0.000111	 0.000000	 0.000111	0.804627	 0.771947	 0.014129	 0.000000	 0.011310
217	 0.004156	 0.004026	 0.000040	 0.000000	 0.000058	0.808783	 0.775973	 0.014169	 0.000000	 0.011368
218	 0.004083	 0.003840	 0.000101	 0.000000	 0.000101	0.812866	 0.779813	 0.014270	 0.000000	 0.011469
219	 0.003555	 0.003438	 0.000034	 0.000000	 0.000053	0.816421	 0.783251	 0.014304	 0.000000	 0.011522
220	 0.003978	 0.003773	 0.000067	 0.000000	 0.000095	0.820399	 0.787024	 0.014371	 0.000000	 0.011617
221	 0.003927	 0.003740	 0.000065	 0.000000	 0.000076	0.824326	 0.790764	 0.014436	 0.000000	 0.011693
222	 0.004125	 0.003857	 0.000116	 0.000000	 0.000111	0.828451	 0.794621	 0.014552	 0.000000	 0.011804
223	 0.003461	 0.003318	 0.000055	 0.000000	 0.000055	0.831912	 0.797939	 0.014607	 0.000000	 0.011859
224	 0.003763	 0.003555	 0.000077	 0.000000	 0.000097	0.835675	 0.801494	 0.014684	 0.000000	 0.011956
225	 0.003578	 0.003447	 0.000049	 0.000000	 0.000055	0.839253	 0.804941	 0.014733	 0.000000	 0.012011
226	 0.003527	 0.003339	 0.000061	 0.000000	 0.000094	0.842780	 0.808280	 0.014794	 0.000000	 0.012105
227	 0.003448	 0.003335	 0.000032	 0.000000	 0.000054	0.846228	 0.811615	 0.014826	 0.000000	 0.012159
228	 0.003685	 0.003486	 0.000078	 0.000000	 0.000092	0.849913	 0.815101	 0.014904	 0.000000	 0.012251
229	 0.003816	 0.003688	 0.000048	 0.000000	 0.000052	0.853729	 0.818789	 0.014952	 0.000000	 0.012303
230	 0.003889	 0.003697	 0.000061	 0.000000	 0.000096	0.857618	 0.822486	 0.015013	 0.000000	 0.012399
231	 0.003626	 0.003495	 0.000053	 0.000000	 0.000053	0.861244	 0.825981	 0.015066	 0.000000	 0.012452
232	 0.003837	 0.003646	 0.000063	 0.000000	 0.000096	0.865081	 0.829627	 0.015129	 0.000000	 0.012548
233	 0.003758	 0.003630	 0.000049	 0.000000	 0.000052	0.868839	 0.833257	 0.015178	 0.000000	 0.012600
234	 0.003598	 0.003393	 0.000078	 0.000000	 0.000096	0.872437	 0.836650	 0.015256	 0.000000	 0.012696
235	 0.003696	 0.003569	 0.000033	 0.000000	 0.000045	0.876133	 0.840219	 0.015289	 0.000000	 0.012741
236	 0.004310	 0.004183	 0.000052	 0.000000	 0.000045	0.880443	 0.844402	 0.015341	 0.000000	 0.012786
237	 0.003336	 0.003140	 0.000073	 0.000000	 0.000089	0.883779	 0.847542	 0.015414	 0.000000	 0.012875
238	 0.003273	 0.003139	 0.000050	 0.000000	 0.000056	0.887052	 0.850681	 0.015464	 0.000000	 0.012931
239	 0.003502	 0.003315	 0.000063	 0.000000	 0.000095	0.890554	 0.853996	 0.015527	 0.000000	 0.013026
240	 0.003731	 0.003593	 0.000050	 0.000000	 0.000057	0.894285	 0.857589	 0.015577	 0.000000	 0.013083
241	 0.003862	 0.003653	 0.000079	 0.000000	 0.000097	0.898147	 0.861242	 0.015656	 0.000000	 0.013180
242	 0.003398	 0.003262	 0.000054	 0.000000	 0.000054	0.901545	 0.864504	 0.015710	 0.000000	 0.013234
243	 0.003827	 0.003645	 0.000061	 0.000000	 0.000091	0.905372	 0.868149	 0.015771	 0.000000	 0.013325
244	 0.003661	 0.003531	 0.000049	 0.000000	 0.000053	0.909033	 0.871680	 0.015820	 0.000000	 0.013378
245	 0.004420	 0.004227	 0.000062	 0.000000	 0.000099	0.913453	 0.875907	 0.015882	 0.000000	 0.013477
246	 0.004313	 0.004183	 0.000048	 0.000000	 0.000054	0.917766	 0.880090	 0.015930	 0.000000	 0.013531
247	 0.003978	 0.003771	 0.000078	 0.000000	 0.000100	0.921744	 0.883861	 0.016008	 0.000000	 0.013631
248	 0.004262	 0.004133	 0.000047	 0.000000	 0.000052	0.926006	 0.887994	 0.016055	 0.000000	 0.013683
249	 0.004272	 0.004039	 0.000092	 0.000000	 0.000105	0.930278	 0.892033	 0.016147	 0.000000	 0.013788
250	 0.003541	 0.003394	 0.000060	 0.000000	 0.000056	0.933819	 0.895427	 0.016207	 0.000000	 0.013844
251	 0.004030	 0.003816	 0.000078	 0.000000	 0.000104	0.937849	 0.899243	 0.016285	 0.000000	 0.013948
252	 0.004027	 0.003892	 0.000048	 0.000000	 0.000055	0.941876	 0.903135	 0.016333	 0.000000	 0.014003
253	 0.004084	 0.003874	 0.000078	 0.000000	 0.000097	0.945960	 0.907009	 0.016411	 0.000000	 0.014100
254	 0.003984	 0.003850	 0.000051	 0.000000	 0.000053	0.949944	 0.910859	 0.016462	 0.000000	 0.014153
255	 0.003790	 0.003558	 0.000079	 0.000000	 0.000110	0.953734	 0.914417	 0.016541	 0.000000	 0.014263
256	 0.003824	 0.003677	 0.000060	 0.000000	 0.000055	0.957558	 0.918094	 0.016601	 0.000000	 0.014318
257	 0.004056	 0.003839	 0.000079	 0.000000	 0.000101	0.961614	 0.921933	 0.016680	 0.000000	 0.014419
258	 0.003907	 0.003763	 0.000052	 0.000000	 0.000062	0.965521	 0.925696	 0.016732	 0.000000	 0.014481
259	 0.003712	 0.003495	 0.000075	 0.000000	 0.000107	0.969233	 0.929191	 0.016807	 0.000000	 0.014588
