35.395604
217.000000

28.052340
217.000000

28.101850
217.000000

31.223555
217.000000

24.252494
217.000000

19.116369
217.000000

30.360479
217.000000

28.265818
217.000000

29.777308
217.000000

30.360401
217.000000

27.090053
217.000000

35.453171
217.000000

28.042092
217.000000

24.266620
217.000000

27.965164
217.000000

35.577473
217.000000

32.168043
217.000000

35.395604
217.000000

33.445066
217.000000

30.326436
217.000000

31.996956
216.999999

31.820640
217.000000

32.287844
217.000000

37.908285
217.000000

28.038678
217.000000

36.046950
217.000000

32.178346
217.000000

28.095201
217.000000

29.886017
217.000000

37.505358
217.000000

