Iter	 Iter_time	 Master	 Subprob	 Full_Test	 argmax	Iter_acc	 Master_acc	 Subprob_acc	 Full_Test_acc	 argmax_acc
1	 0.000539	 0.000374	 0.000115	 0.000000	 0.000028	0.000539	 0.000374	 0.000115	 0.000000	 0.000028
2	 0.003723	 0.003552	 0.000091	 0.000000	 0.000035	0.004262	 0.003926	 0.000206	 0.000000	 0.000063
3	 0.003602	 0.003515	 0.000041	 0.000000	 0.000016	0.007864	 0.007441	 0.000247	 0.000000	 0.000079
4	 0.003355	 0.003263	 0.000052	 0.000000	 0.000016	0.011219	 0.010704	 0.000299	 0.000000	 0.000095
5	 0.003432	 0.003272	 0.000079	 0.000000	 0.000048	0.014651	 0.013976	 0.000378	 0.000000	 0.000143
6	 0.003454	 0.003330	 0.000048	 0.000000	 0.000039	0.018105	 0.017306	 0.000426	 0.000000	 0.000182
7	 0.003920	 0.003611	 0.000181	 0.000000	 0.000070	0.022025	 0.020917	 0.000607	 0.000000	 0.000252
8	 0.003714	 0.003585	 0.000067	 0.000000	 0.000026	0.025739	 0.024502	 0.000674	 0.000000	 0.000278
9	 0.003667	 0.003476	 0.000109	 0.000000	 0.000041	0.029406	 0.027978	 0.000783	 0.000000	 0.000319
10	 0.004009	 0.003884	 0.000062	 0.000000	 0.000026	0.033415	 0.031862	 0.000845	 0.000000	 0.000345
11	 0.004071	 0.003745	 0.000154	 0.000000	 0.000063	0.037486	 0.035607	 0.000999	 0.000000	 0.000408
12	 0.003559	 0.003416	 0.000071	 0.000000	 0.000030	0.041045	 0.039023	 0.001070	 0.000000	 0.000438
13	 0.003550	 0.003335	 0.000113	 0.000000	 0.000055	0.044595	 0.042358	 0.001183	 0.000000	 0.000493
14	 0.004137	 0.004011	 0.000055	 0.000000	 0.000030	0.048732	 0.046369	 0.001238	 0.000000	 0.000523
15	 0.003916	 0.003716	 0.000112	 0.000000	 0.000042	0.052648	 0.050085	 0.001350	 0.000000	 0.000565
16	 0.004132	 0.003974	 0.000089	 0.000000	 0.000031	0.056780	 0.054059	 0.001439	 0.000000	 0.000596
17	 0.003798	 0.003648	 0.000080	 0.000000	 0.000039	0.060578	 0.057707	 0.001519	 0.000000	 0.000635
18	 0.003633	 0.003546	 0.000035	 0.000000	 0.000021	0.064211	 0.061253	 0.001554	 0.000000	 0.000656
19	 0.003869	 0.003691	 0.000100	 0.000000	 0.000046	0.068080	 0.064944	 0.001654	 0.000000	 0.000702
20	 0.003321	 0.003227	 0.000047	 0.000000	 0.000021	0.071401	 0.068171	 0.001701	 0.000000	 0.000723
21	 0.004011	 0.003866	 0.000078	 0.000000	 0.000041	0.075412	 0.072037	 0.001779	 0.000000	 0.000764
22	 0.003818	 0.003738	 0.000032	 0.000000	 0.000022	0.079230	 0.075775	 0.001811	 0.000000	 0.000786
23	 0.003818	 0.003663	 0.000078	 0.000000	 0.000037	0.083048	 0.079438	 0.001889	 0.000000	 0.000823
24	 0.003890	 0.003792	 0.000047	 0.000000	 0.000020	0.086938	 0.083230	 0.001936	 0.000000	 0.000843
25	 0.003538	 0.003447	 0.000042	 0.000000	 0.000022	0.090476	 0.086677	 0.001978	 0.000000	 0.000865
26	 0.003783	 0.003638	 0.000077	 0.000000	 0.000038	0.094259	 0.090315	 0.002055	 0.000000	 0.000903
27	 0.004055	 0.003977	 0.000033	 0.000000	 0.000022	0.098314	 0.094292	 0.002088	 0.000000	 0.000925
28	 0.003744	 0.003596	 0.000075	 0.000000	 0.000041	0.102058	 0.097888	 0.002163	 0.000000	 0.000966
29	 0.003663	 0.003582	 0.000033	 0.000000	 0.000022	0.105721	 0.101470	 0.002196	 0.000000	 0.000988
30	 0.003564	 0.003438	 0.000058	 0.000000	 0.000038	0.109285	 0.104908	 0.002254	 0.000000	 0.001026
31	 0.003593	 0.003513	 0.000031	 0.000000	 0.000021	0.112878	 0.108421	 0.002285	 0.000000	 0.001047
32	 0.004086	 0.003937	 0.000080	 0.000000	 0.000041	0.116964	 0.112358	 0.002365	 0.000000	 0.001088
33	 0.003718	 0.003623	 0.000045	 0.000000	 0.000022	0.120682	 0.115981	 0.002410	 0.000000	 0.001110
34	 0.004033	 0.003898	 0.000059	 0.000000	 0.000039	0.124715	 0.119879	 0.002469	 0.000000	 0.001149
35	 0.003841	 0.003753	 0.000033	 0.000000	 0.000023	0.128556	 0.123632	 0.002502	 0.000000	 0.001172
36	 0.003793	 0.003629	 0.000087	 0.000000	 0.000044	0.132349	 0.127261	 0.002589	 0.000000	 0.001216
37	 0.004006	 0.003890	 0.000052	 0.000000	 0.000036	0.136355	 0.131151	 0.002641	 0.000000	 0.001252
38	 0.003938	 0.003780	 0.000076	 0.000000	 0.000052	0.140293	 0.134931	 0.002717	 0.000000	 0.001304
39	 0.004025	 0.003922	 0.000047	 0.000000	 0.000024	0.144318	 0.138853	 0.002764	 0.000000	 0.001328
40	 0.004190	 0.004094	 0.000044	 0.000000	 0.000025	0.148508	 0.142947	 0.002808	 0.000000	 0.001353
41	 0.003820	 0.003639	 0.000099	 0.000000	 0.000047	0.152328	 0.146586	 0.002907	 0.000000	 0.001400
42	 0.004063	 0.003962	 0.000050	 0.000000	 0.000027	0.156391	 0.150548	 0.002957	 0.000000	 0.001427
43	 0.003959	 0.003813	 0.000072	 0.000000	 0.000043	0.160350	 0.154361	 0.003029	 0.000000	 0.001470
44	 0.003630	 0.003530	 0.000049	 0.000000	 0.000026	0.163980	 0.157891	 0.003078	 0.000000	 0.001496
45	 0.003347	 0.003201	 0.000073	 0.000000	 0.000045	0.167327	 0.161092	 0.003151	 0.000000	 0.001541
46	 0.003623	 0.003527	 0.000045	 0.000000	 0.000023	0.170950	 0.164619	 0.003196	 0.000000	 0.001564
47	 0.003970	 0.003818	 0.000072	 0.000000	 0.000047	0.174920	 0.168437	 0.003268	 0.000000	 0.001611
48	 0.003638	 0.003524	 0.000055	 0.000000	 0.000027	0.178558	 0.171961	 0.003323	 0.000000	 0.001638
49	 0.003880	 0.003714	 0.000086	 0.000000	 0.000047	0.182438	 0.175675	 0.003409	 0.000000	 0.001685
50	 0.003708	 0.003599	 0.000054	 0.000000	 0.000027	0.186146	 0.179274	 0.003463	 0.000000	 0.001712
51	 0.003830	 0.003674	 0.000077	 0.000000	 0.000048	0.189976	 0.182948	 0.003540	 0.000000	 0.001760
52	 0.003602	 0.003518	 0.000032	 0.000000	 0.000024	0.193578	 0.186466	 0.003572	 0.000000	 0.001784
53	 0.003809	 0.003652	 0.000081	 0.000000	 0.000044	0.197387	 0.190118	 0.003653	 0.000000	 0.001828
54	 0.003767	 0.003675	 0.000042	 0.000000	 0.000026	0.201154	 0.193793	 0.003695	 0.000000	 0.001854
55	 0.004049	 0.003894	 0.000076	 0.000000	 0.000049	0.205203	 0.197687	 0.003771	 0.000000	 0.001903
56	 0.003289	 0.003193	 0.000042	 0.000000	 0.000027	0.208492	 0.200880	 0.003813	 0.000000	 0.001930
57	 0.003738	 0.003600	 0.000060	 0.000000	 0.000047	0.212230	 0.204480	 0.003873	 0.000000	 0.001977
58	 0.004024	 0.003941	 0.000033	 0.000000	 0.000026	0.216254	 0.208421	 0.003906	 0.000000	 0.002003
59	 0.003889	 0.003757	 0.000057	 0.000000	 0.000043	0.220143	 0.212178	 0.003963	 0.000000	 0.002046
60	 0.003950	 0.003848	 0.000049	 0.000000	 0.000028	0.224093	 0.216026	 0.004012	 0.000000	 0.002074
61	 0.003691	 0.003525	 0.000082	 0.000000	 0.000049	0.227784	 0.219551	 0.004094	 0.000000	 0.002123
62	 0.003325	 0.003215	 0.000039	 0.000000	 0.000031	0.231109	 0.222766	 0.004133	 0.000000	 0.002154
63	 0.003633	 0.003548	 0.000032	 0.000000	 0.000026	0.234742	 0.226314	 0.004165	 0.000000	 0.002180
64	 0.004025	 0.003892	 0.000057	 0.000000	 0.000048	0.238767	 0.230206	 0.004222	 0.000000	 0.002228
65	 0.004180	 0.004093	 0.000034	 0.000000	 0.000027	0.242947	 0.234299	 0.004256	 0.000000	 0.002255
66	 0.003553	 0.003420	 0.000055	 0.000000	 0.000047	0.246500	 0.237719	 0.004311	 0.000000	 0.002302
67	 0.003920	 0.003836	 0.000032	 0.000000	 0.000027	0.250420	 0.241555	 0.004343	 0.000000	 0.002329
68	 0.003917	 0.003779	 0.000058	 0.000000	 0.000051	0.254337	 0.245334	 0.004401	 0.000000	 0.002380
69	 0.004108	 0.004022	 0.000032	 0.000000	 0.000026	0.258445	 0.249356	 0.004433	 0.000000	 0.002406
70	 0.003706	 0.003558	 0.000057	 0.000000	 0.000052	0.262151	 0.252914	 0.004490	 0.000000	 0.002458
71	 0.003832	 0.003746	 0.000032	 0.000000	 0.000026	0.265983	 0.256660	 0.004522	 0.000000	 0.002484
72	 0.004046	 0.003910	 0.000058	 0.000000	 0.000051	0.270029	 0.260570	 0.004580	 0.000000	 0.002535
73	 0.004497	 0.004361	 0.000066	 0.000000	 0.000043	0.274526	 0.264931	 0.004646	 0.000000	 0.002578
74	 0.003789	 0.003606	 0.000084	 0.000000	 0.000064	0.278315	 0.268537	 0.004730	 0.000000	 0.002642
75	 0.003601	 0.003513	 0.000035	 0.000000	 0.000028	0.281916	 0.272050	 0.004765	 0.000000	 0.002670
76	 0.004135	 0.003998	 0.000056	 0.000000	 0.000050	0.286051	 0.276048	 0.004821	 0.000000	 0.002720
77	 0.004122	 0.004019	 0.000048	 0.000000	 0.000029	0.290173	 0.280067	 0.004869	 0.000000	 0.002749
78	 0.003645	 0.003484	 0.000077	 0.000000	 0.000052	0.293818	 0.283551	 0.004946	 0.000000	 0.002801
79	 0.004669	 0.004564	 0.000046	 0.000000	 0.000028	0.298487	 0.288115	 0.004992	 0.000000	 0.002829
80	 0.004580	 0.004315	 0.000127	 0.000000	 0.000077	0.303067	 0.292430	 0.005119	 0.000000	 0.002906
81	 0.003567	 0.003296	 0.000149	 0.000000	 0.000048	0.306634	 0.295726	 0.005268	 0.000000	 0.002954
82	 0.003484	 0.003127	 0.000156	 0.000000	 0.000139	0.310118	 0.298853	 0.005424	 0.000000	 0.003093
83	 0.003707	 0.003511	 0.000098	 0.000000	 0.000050	0.313825	 0.302364	 0.005522	 0.000000	 0.003143
84	 0.003693	 0.003508	 0.000080	 0.000000	 0.000064	0.317518	 0.305872	 0.005602	 0.000000	 0.003207
85	 0.003403	 0.003245	 0.000078	 0.000000	 0.000038	0.320921	 0.309117	 0.005680	 0.000000	 0.003245
86	 0.003707	 0.003506	 0.000104	 0.000000	 0.000062	0.324628	 0.312623	 0.005784	 0.000000	 0.003307
87	 0.003817	 0.003700	 0.000044	 0.000000	 0.000030	0.328445	 0.316323	 0.005828	 0.000000	 0.003337
88	 0.003198	 0.003056	 0.000058	 0.000000	 0.000035	0.331643	 0.319379	 0.005886	 0.000000	 0.003372
89	 0.004096	 0.003794	 0.000166	 0.000000	 0.000074	0.335739	 0.323173	 0.006052	 0.000000	 0.003446
90	 0.003570	 0.003457	 0.000047	 0.000000	 0.000033	0.339309	 0.326630	 0.006099	 0.000000	 0.003479
91	 0.004082	 0.003906	 0.000087	 0.000000	 0.000057	0.343391	 0.330536	 0.006186	 0.000000	 0.003536
92	 0.003969	 0.003858	 0.000044	 0.000000	 0.000030	0.347360	 0.334394	 0.006230	 0.000000	 0.003566
93	 0.003348	 0.003257	 0.000037	 0.000000	 0.000027	0.350708	 0.337651	 0.006267	 0.000000	 0.003593
94	 0.004293	 0.004149	 0.000058	 0.000000	 0.000056	0.355001	 0.341800	 0.006325	 0.000000	 0.003649
95	 0.003545	 0.003428	 0.000049	 0.000000	 0.000043	0.358546	 0.345228	 0.006374	 0.000000	 0.003692
96	 0.003753	 0.003581	 0.000074	 0.000000	 0.000067	0.362299	 0.348809	 0.006448	 0.000000	 0.003759
97	 0.003679	 0.003588	 0.000034	 0.000000	 0.000030	0.365978	 0.352397	 0.006482	 0.000000	 0.003789
98	 0.004259	 0.004079	 0.000088	 0.000000	 0.000060	0.370237	 0.356476	 0.006570	 0.000000	 0.003849
99	 0.003703	 0.003597	 0.000049	 0.000000	 0.000031	0.373940	 0.360073	 0.006619	 0.000000	 0.003880
100	 0.003796	 0.003647	 0.000060	 0.000000	 0.000056	0.377736	 0.363720	 0.006679	 0.000000	 0.003936
101	 0.003236	 0.003139	 0.000033	 0.000000	 0.000035	0.380972	 0.366859	 0.006712	 0.000000	 0.003971
102	 0.003871	 0.003640	 0.000096	 0.000000	 0.000064	0.384843	 0.370499	 0.006808	 0.000000	 0.004035
103	 0.003193	 0.003101	 0.000033	 0.000000	 0.000030	0.388036	 0.373600	 0.006841	 0.000000	 0.004065
104	 0.003799	 0.003634	 0.000079	 0.000000	 0.000060	0.391835	 0.377234	 0.006920	 0.000000	 0.004125
105	 0.003416	 0.003309	 0.000049	 0.000000	 0.000032	0.395251	 0.380543	 0.006969	 0.000000	 0.004157
106	 0.004027	 0.003867	 0.000072	 0.000000	 0.000057	0.399278	 0.384410	 0.007041	 0.000000	 0.004214
107	 0.003488	 0.003382	 0.000048	 0.000000	 0.000031	0.402766	 0.387792	 0.007089	 0.000000	 0.004245
108	 0.004006	 0.003854	 0.000059	 0.000000	 0.000059	0.406772	 0.391646	 0.007148	 0.000000	 0.004304
109	 0.004222	 0.004104	 0.000048	 0.000000	 0.000044	0.410994	 0.395750	 0.007196	 0.000000	 0.004348
110	 0.004216	 0.004037	 0.000075	 0.000000	 0.000072	0.415210	 0.399787	 0.007271	 0.000000	 0.004420
111	 0.004184	 0.004049	 0.000058	 0.000000	 0.000046	0.419394	 0.403836	 0.007329	 0.000000	 0.004466
112	 0.004238	 0.004064	 0.000062	 0.000000	 0.000070	0.423632	 0.407900	 0.007391	 0.000000	 0.004536
113	 0.003797	 0.003680	 0.000050	 0.000000	 0.000041	0.427429	 0.411580	 0.007441	 0.000000	 0.004577
114	 0.004326	 0.004160	 0.000063	 0.000000	 0.000070	0.431755	 0.415740	 0.007504	 0.000000	 0.004647
115	 0.004012	 0.003903	 0.000036	 0.000000	 0.000042	0.435767	 0.419643	 0.007540	 0.000000	 0.004689
116	 0.003880	 0.003676	 0.000093	 0.000000	 0.000073	0.439647	 0.423319	 0.007633	 0.000000	 0.004762
117	 0.003399	 0.003310	 0.000031	 0.000000	 0.000029	0.443046	 0.426629	 0.007664	 0.000000	 0.004791
118	 0.004038	 0.003896	 0.000057	 0.000000	 0.000058	0.447084	 0.430525	 0.007721	 0.000000	 0.004849
119	 0.004080	 0.003981	 0.000034	 0.000000	 0.000040	0.451164	 0.434506	 0.007755	 0.000000	 0.004889
120	 0.004089	 0.003921	 0.000058	 0.000000	 0.000069	0.455253	 0.438427	 0.007813	 0.000000	 0.004958
121	 0.003677	 0.003574	 0.000034	 0.000000	 0.000040	0.458930	 0.442001	 0.007847	 0.000000	 0.004998
122	 0.004179	 0.004006	 0.000059	 0.000000	 0.000072	0.463109	 0.446007	 0.007906	 0.000000	 0.005070
123	 0.003921	 0.003819	 0.000034	 0.000000	 0.000041	0.467030	 0.449826	 0.007940	 0.000000	 0.005111
124	 0.004195	 0.004036	 0.000059	 0.000000	 0.000069	0.471225	 0.453862	 0.007999	 0.000000	 0.005180
125	 0.004070	 0.003968	 0.000032	 0.000000	 0.000044	0.475295	 0.457830	 0.008031	 0.000000	 0.005224
126	 0.004039	 0.003855	 0.000084	 0.000000	 0.000070	0.479334	 0.461685	 0.008115	 0.000000	 0.005294
127	 0.003973	 0.003841	 0.000047	 0.000000	 0.000043	0.483307	 0.465526	 0.008162	 0.000000	 0.005337
128	 0.004069	 0.003957	 0.000044	 0.000000	 0.000041	0.487376	 0.469483	 0.008206	 0.000000	 0.005378
129	 0.004036	 0.003856	 0.000073	 0.000000	 0.000073	0.491412	 0.473339	 0.008279	 0.000000	 0.005451
130	 0.004004	 0.003891	 0.000046	 0.000000	 0.000042	0.495416	 0.477230	 0.008325	 0.000000	 0.005493
131	 0.003973	 0.003805	 0.000077	 0.000000	 0.000063	0.499389	 0.481035	 0.008402	 0.000000	 0.005556
132	 0.003454	 0.003353	 0.000033	 0.000000	 0.000043	0.502843	 0.484388	 0.008435	 0.000000	 0.005599
133	 0.004057	 0.003896	 0.000058	 0.000000	 0.000072	0.506900	 0.488284	 0.008493	 0.000000	 0.005671
134	 0.004668	 0.004556	 0.000047	 0.000000	 0.000034	0.511568	 0.492840	 0.008540	 0.000000	 0.005705
135	 0.004007	 0.003796	 0.000099	 0.000000	 0.000076	0.515575	 0.496636	 0.008639	 0.000000	 0.005781
136	 0.004039	 0.003923	 0.000052	 0.000000	 0.000037	0.519614	 0.500559	 0.008691	 0.000000	 0.005818
137	 0.003534	 0.003373	 0.000063	 0.000000	 0.000064	0.523148	 0.503932	 0.008754	 0.000000	 0.005882
138	 0.003816	 0.003724	 0.000031	 0.000000	 0.000032	0.526964	 0.507656	 0.008785	 0.000000	 0.005914
139	 0.003859	 0.003685	 0.000079	 0.000000	 0.000065	0.530823	 0.511341	 0.008864	 0.000000	 0.005979
140	 0.003437	 0.003320	 0.000048	 0.000000	 0.000044	0.534260	 0.514661	 0.008912	 0.000000	 0.006023
141	 0.003895	 0.003729	 0.000059	 0.000000	 0.000075	0.538155	 0.518390	 0.008971	 0.000000	 0.006098
142	 0.003469	 0.003365	 0.000045	 0.000000	 0.000031	0.541624	 0.521755	 0.009016	 0.000000	 0.006129
143	 0.003690	 0.003522	 0.000071	 0.000000	 0.000066	0.545314	 0.525277	 0.009087	 0.000000	 0.006195
144	 0.004259	 0.004151	 0.000046	 0.000000	 0.000033	0.549573	 0.529428	 0.009133	 0.000000	 0.006228
145	 0.003651	 0.003481	 0.000072	 0.000000	 0.000067	0.553224	 0.532909	 0.009205	 0.000000	 0.006295
146	 0.004329	 0.004232	 0.000033	 0.000000	 0.000035	0.557553	 0.537141	 0.009238	 0.000000	 0.006330
147	 0.004425	 0.004202	 0.000107	 0.000000	 0.000075	0.561978	 0.541343	 0.009345	 0.000000	 0.006405
148	 0.004659	 0.004548	 0.000048	 0.000000	 0.000035	0.566637	 0.545891	 0.009393	 0.000000	 0.006440
149	 0.004557	 0.004373	 0.000072	 0.000000	 0.000073	0.571194	 0.550264	 0.009465	 0.000000	 0.006513
150	 0.003495	 0.003397	 0.000035	 0.000000	 0.000035	0.574689	 0.553661	 0.009500	 0.000000	 0.006548
151	 0.003629	 0.003441	 0.000085	 0.000000	 0.000070	0.578318	 0.557102	 0.009585	 0.000000	 0.006618
152	 0.003530	 0.003424	 0.000047	 0.000000	 0.000033	0.581848	 0.560526	 0.009632	 0.000000	 0.006651
153	 0.003360	 0.003191	 0.000071	 0.000000	 0.000067	0.585208	 0.563717	 0.009703	 0.000000	 0.006718
154	 0.003728	 0.003617	 0.000046	 0.000000	 0.000036	0.588936	 0.567334	 0.009749	 0.000000	 0.006754
155	 0.003913	 0.003753	 0.000060	 0.000000	 0.000068	0.592849	 0.571087	 0.009809	 0.000000	 0.006822
156	 0.003728	 0.003638	 0.000032	 0.000000	 0.000033	0.596577	 0.574725	 0.009841	 0.000000	 0.006855
157	 0.003713	 0.003560	 0.000057	 0.000000	 0.000066	0.600290	 0.578285	 0.009898	 0.000000	 0.006921
158	 0.003852	 0.003757	 0.000032	 0.000000	 0.000036	0.604142	 0.582042	 0.009930	 0.000000	 0.006957
159	 0.003779	 0.003598	 0.000078	 0.000000	 0.000070	0.607921	 0.585640	 0.010008	 0.000000	 0.007027
160	 0.004016	 0.003897	 0.000055	 0.000000	 0.000036	0.611937	 0.589537	 0.010063	 0.000000	 0.007063
161	 0.004350	 0.004157	 0.000078	 0.000000	 0.000072	0.616287	 0.593694	 0.010141	 0.000000	 0.007135
162	 0.004225	 0.004110	 0.000048	 0.000000	 0.000038	0.620512	 0.597804	 0.010189	 0.000000	 0.007173
163	 0.004220	 0.004012	 0.000093	 0.000000	 0.000079	0.624732	 0.601816	 0.010282	 0.000000	 0.007252
164	 0.003580	 0.003471	 0.000042	 0.000000	 0.000035	0.628312	 0.605287	 0.010324	 0.000000	 0.007287
165	 0.003683	 0.003503	 0.000075	 0.000000	 0.000074	0.631995	 0.608790	 0.010399	 0.000000	 0.007361
166	 0.003757	 0.003647	 0.000047	 0.000000	 0.000038	0.635752	 0.612437	 0.010446	 0.000000	 0.007399
167	 0.003855	 0.003678	 0.000078	 0.000000	 0.000069	0.639607	 0.616115	 0.010524	 0.000000	 0.007468
168	 0.003887	 0.003779	 0.000046	 0.000000	 0.000035	0.643494	 0.619894	 0.010570	 0.000000	 0.007503
169	 0.004507	 0.004334	 0.000074	 0.000000	 0.000072	0.648001	 0.624228	 0.010644	 0.000000	 0.007575
170	 0.004127	 0.004021	 0.000046	 0.000000	 0.000035	0.652128	 0.628249	 0.010690	 0.000000	 0.007610
171	 0.004065	 0.003891	 0.000073	 0.000000	 0.000072	0.656193	 0.632140	 0.010763	 0.000000	 0.007682
172	 0.005193	 0.005084	 0.000047	 0.000000	 0.000034	0.661386	 0.637224	 0.010810	 0.000000	 0.007716
173	 0.004313	 0.004144	 0.000065	 0.000000	 0.000073	0.665699	 0.641368	 0.010875	 0.000000	 0.007789
174	 0.004317	 0.004206	 0.000049	 0.000000	 0.000038	0.670016	 0.645574	 0.010924	 0.000000	 0.007827
175	 0.003914	 0.003735	 0.000073	 0.000000	 0.000075	0.673930	 0.649309	 0.010997	 0.000000	 0.007902
176	 0.004324	 0.004225	 0.000033	 0.000000	 0.000037	0.678254	 0.653534	 0.011030	 0.000000	 0.007939
177	 0.004123	 0.003948	 0.000061	 0.000000	 0.000070	0.682377	 0.657482	 0.011091	 0.000000	 0.008009
178	 0.004112	 0.004015	 0.000034	 0.000000	 0.000038	0.686489	 0.661497	 0.011125	 0.000000	 0.008047
179	 0.004356	 0.004194	 0.000056	 0.000000	 0.000073	0.690845	 0.665691	 0.011181	 0.000000	 0.008120
180	 0.004311	 0.004215	 0.000033	 0.000000	 0.000036	0.695156	 0.669906	 0.011214	 0.000000	 0.008156
181	 0.004070	 0.003887	 0.000078	 0.000000	 0.000074	0.699226	 0.673793	 0.011292	 0.000000	 0.008230
182	 0.003669	 0.003552	 0.000047	 0.000000	 0.000038	0.702895	 0.677345	 0.011339	 0.000000	 0.008268
183	 0.003608	 0.003415	 0.000083	 0.000000	 0.000077	0.706503	 0.680760	 0.011422	 0.000000	 0.008345
184	 0.003746	 0.003609	 0.000060	 0.000000	 0.000043	0.710249	 0.684369	 0.011482	 0.000000	 0.008388
185	 0.004052	 0.003876	 0.000068	 0.000000	 0.000077	0.714301	 0.688245	 0.011550	 0.000000	 0.008465
186	 0.004083	 0.003988	 0.000033	 0.000000	 0.000039	0.718384	 0.692233	 0.011583	 0.000000	 0.008504
187	 0.004359	 0.004160	 0.000077	 0.000000	 0.000076	0.722743	 0.696393	 0.011660	 0.000000	 0.008580
188	 0.004040	 0.003922	 0.000052	 0.000000	 0.000039	0.726783	 0.700315	 0.011712	 0.000000	 0.008619
189	 0.004027	 0.003858	 0.000061	 0.000000	 0.000075	0.730810	 0.704173	 0.011773	 0.000000	 0.008694
190	 0.003867	 0.003769	 0.000032	 0.000000	 0.000038	0.734677	 0.707942	 0.011805	 0.000000	 0.008732
191	 0.003699	 0.003515	 0.000078	 0.000000	 0.000074	0.738376	 0.711457	 0.011883	 0.000000	 0.008806
192	 0.004132	 0.004038	 0.000031	 0.000000	 0.000036	0.742508	 0.715495	 0.011914	 0.000000	 0.008842
193	 0.004406	 0.004218	 0.000081	 0.000000	 0.000076	0.746914	 0.719713	 0.011995	 0.000000	 0.008918
194	 0.003591	 0.003481	 0.000042	 0.000000	 0.000039	0.750505	 0.723194	 0.012037	 0.000000	 0.008957
195	 0.003555	 0.003357	 0.000084	 0.000000	 0.000080	0.754060	 0.726551	 0.012121	 0.000000	 0.009037
196	 0.004109	 0.003996	 0.000048	 0.000000	 0.000037	0.758169	 0.730547	 0.012169	 0.000000	 0.009074
197	 0.004708	 0.004484	 0.000089	 0.000000	 0.000084	0.762877	 0.735031	 0.012258	 0.000000	 0.009158
198	 0.004009	 0.003911	 0.000035	 0.000000	 0.000038	0.766886	 0.738942	 0.012293	 0.000000	 0.009196
199	 0.004499	 0.004332	 0.000058	 0.000000	 0.000077	0.771385	 0.743274	 0.012351	 0.000000	 0.009273
200	 0.003606	 0.003505	 0.000034	 0.000000	 0.000039	0.774991	 0.746779	 0.012385	 0.000000	 0.009312
201	 0.003918	 0.003727	 0.000080	 0.000000	 0.000080	0.778909	 0.750506	 0.012465	 0.000000	 0.009392
202	 0.003524	 0.003390	 0.000045	 0.000000	 0.000038	0.782433	 0.753896	 0.012510	 0.000000	 0.009430
203	 0.004280	 0.004106	 0.000063	 0.000000	 0.000081	0.786713	 0.758002	 0.012573	 0.000000	 0.009511
204	 0.003864	 0.003751	 0.000048	 0.000000	 0.000037	0.790577	 0.761753	 0.012621	 0.000000	 0.009548
205	 0.005598	 0.005429	 0.000059	 0.000000	 0.000078	0.796175	 0.767182	 0.012680	 0.000000	 0.009626
206	 0.003847	 0.003729	 0.000051	 0.000000	 0.000041	0.800022	 0.770911	 0.012731	 0.000000	 0.009667
207	 0.003726	 0.003540	 0.000072	 0.000000	 0.000080	0.803748	 0.774451	 0.012803	 0.000000	 0.009747
208	 0.004162	 0.004052	 0.000033	 0.000000	 0.000050	0.807910	 0.778503	 0.012836	 0.000000	 0.009797
209	 0.004114	 0.003934	 0.000059	 0.000000	 0.000088	0.812024	 0.782437	 0.012895	 0.000000	 0.009885
210	 0.003819	 0.003708	 0.000048	 0.000000	 0.000037	0.815843	 0.786145	 0.012943	 0.000000	 0.009922
211	 0.003737	 0.003544	 0.000080	 0.000000	 0.000080	0.819580	 0.789689	 0.013023	 0.000000	 0.010002
212	 0.003495	 0.003384	 0.000041	 0.000000	 0.000042	0.823075	 0.793073	 0.013064	 0.000000	 0.010044
213	 0.003839	 0.003626	 0.000082	 0.000000	 0.000081	0.826914	 0.796699	 0.013146	 0.000000	 0.010125
214	 0.004813	 0.004664	 0.000050	 0.000000	 0.000052	0.831727	 0.801363	 0.013196	 0.000000	 0.010177
215	 0.004113	 0.003983	 0.000047	 0.000000	 0.000053	0.835840	 0.805346	 0.013243	 0.000000	 0.010230
216	 0.004500	 0.004296	 0.000081	 0.000000	 0.000093	0.840340	 0.809642	 0.013324	 0.000000	 0.010323
217	 0.004486	 0.004368	 0.000032	 0.000000	 0.000047	0.844826	 0.814010	 0.013356	 0.000000	 0.010370
218	 0.004504	 0.004381	 0.000052	 0.000000	 0.000042	0.849330	 0.818391	 0.013408	 0.000000	 0.010412
219	 0.004516	 0.004313	 0.000083	 0.000000	 0.000084	0.853846	 0.822704	 0.013491	 0.000000	 0.010496
220	 0.003799	 0.003696	 0.000032	 0.000000	 0.000039	0.857645	 0.826400	 0.013523	 0.000000	 0.010535
221	 0.004377	 0.004184	 0.000067	 0.000000	 0.000088	0.862022	 0.830584	 0.013590	 0.000000	 0.010623
222	 0.004124	 0.003984	 0.000057	 0.000000	 0.000043	0.866146	 0.834568	 0.013647	 0.000000	 0.010666
223	 0.004036	 0.003922	 0.000042	 0.000000	 0.000041	0.870182	 0.838490	 0.013689	 0.000000	 0.010707
224	 0.004377	 0.004197	 0.000062	 0.000000	 0.000084	0.874559	 0.842687	 0.013751	 0.000000	 0.010791
225	 0.004385	 0.004257	 0.000046	 0.000000	 0.000054	0.878944	 0.846944	 0.013797	 0.000000	 0.010845
226	 0.004182	 0.004000	 0.000061	 0.000000	 0.000089	0.883126	 0.850944	 0.013858	 0.000000	 0.010934
227	 0.003962	 0.003832	 0.000047	 0.000000	 0.000042	0.887088	 0.854776	 0.013905	 0.000000	 0.010976
228	 0.004122	 0.004023	 0.000035	 0.000000	 0.000039	0.891210	 0.858799	 0.013940	 0.000000	 0.011015
229	 0.004249	 0.004073	 0.000057	 0.000000	 0.000083	0.895459	 0.862872	 0.013997	 0.000000	 0.011098
230	 0.004300	 0.004188	 0.000036	 0.000000	 0.000044	0.899759	 0.867060	 0.014033	 0.000000	 0.011142
231	 0.004027	 0.003831	 0.000086	 0.000000	 0.000081	0.903786	 0.870891	 0.014119	 0.000000	 0.011223
232	 0.004126	 0.004013	 0.000031	 0.000000	 0.000041	0.907912	 0.874904	 0.014150	 0.000000	 0.011264
233	 0.004161	 0.004042	 0.000048	 0.000000	 0.000042	0.912073	 0.878946	 0.014198	 0.000000	 0.011306
234	 0.004089	 0.003897	 0.000069	 0.000000	 0.000085	0.916162	 0.882843	 0.014267	 0.000000	 0.011391
235	 0.003706	 0.003588	 0.000034	 0.000000	 0.000044	0.919868	 0.886431	 0.014301	 0.000000	 0.011435
236	 0.003817	 0.003713	 0.000032	 0.000000	 0.000043	0.923685	 0.890144	 0.014333	 0.000000	 0.011478
237	 0.004165	 0.003992	 0.000057	 0.000000	 0.000084	0.927850	 0.894136	 0.014390	 0.000000	 0.011562
238	 0.004482	 0.004343	 0.000056	 0.000000	 0.000043	0.932332	 0.898479	 0.014446	 0.000000	 0.011605
239	 0.003913	 0.003804	 0.000042	 0.000000	 0.000041	0.936245	 0.902283	 0.014488	 0.000000	 0.011646
240	 0.003821	 0.003624	 0.000076	 0.000000	 0.000089	0.940066	 0.905907	 0.014564	 0.000000	 0.011735
241	 0.003599	 0.003478	 0.000051	 0.000000	 0.000041	0.943665	 0.909385	 0.014615	 0.000000	 0.011776
242	 0.003987	 0.003781	 0.000084	 0.000000	 0.000088	0.947652	 0.913166	 0.014699	 0.000000	 0.011864
243	 0.003885	 0.003786	 0.000033	 0.000000	 0.000040	0.951537	 0.916952	 0.014732	 0.000000	 0.011904
244	 0.004284	 0.004089	 0.000079	 0.000000	 0.000084	0.955821	 0.921041	 0.014811	 0.000000	 0.011988
245	 0.003693	 0.003576	 0.000047	 0.000000	 0.000043	0.959514	 0.924617	 0.014858	 0.000000	 0.012031
246	 0.003992	 0.003799	 0.000062	 0.000000	 0.000087	0.963506	 0.928416	 0.014920	 0.000000	 0.012118
247	 0.003926	 0.003785	 0.000052	 0.000000	 0.000049	0.967432	 0.932201	 0.014972	 0.000000	 0.012167
248	 0.003870	 0.003696	 0.000059	 0.000000	 0.000083	0.971302	 0.935897	 0.015031	 0.000000	 0.012250
249	 0.003751	 0.003623	 0.000055	 0.000000	 0.000043	0.975053	 0.939520	 0.015086	 0.000000	 0.012293
250	 0.004109	 0.003912	 0.000080	 0.000000	 0.000087	0.979162	 0.943432	 0.015166	 0.000000	 0.012380
251	 0.003762	 0.003644	 0.000047	 0.000000	 0.000044	0.982924	 0.947076	 0.015213	 0.000000	 0.012424
252	 0.004311	 0.004120	 0.000074	 0.000000	 0.000087	0.987235	 0.951196	 0.015287	 0.000000	 0.012511
253	 0.003801	 0.003680	 0.000052	 0.000000	 0.000041	0.991036	 0.954876	 0.015339	 0.000000	 0.012552
254	 0.004110	 0.003919	 0.000076	 0.000000	 0.000084	0.995146	 0.958795	 0.015415	 0.000000	 0.012636
255	 0.004173	 0.004058	 0.000033	 0.000000	 0.000053	0.999319	 0.962853	 0.015448	 0.000000	 0.012689
256	 0.004796	 0.004584	 0.000080	 0.000000	 0.000098	1.004115	 0.967437	 0.015528	 0.000000	 0.012787
257	 0.004196	 0.004074	 0.000050	 0.000000	 0.000044	1.008311	 0.971511	 0.015578	 0.000000	 0.012831
258	 0.004665	 0.004462	 0.000072	 0.000000	 0.000096	1.012976	 0.975973	 0.015650	 0.000000	 0.012927
259	 0.003591	 0.003485	 0.000032	 0.000000	 0.000049	1.016567	 0.979458	 0.015682	 0.000000	 0.012976
260	 0.004280	 0.004080	 0.000056	 0.000000	 0.000094	1.020847	 0.983538	 0.015738	 0.000000	 0.013070
261	 0.003410	 0.003292	 0.000032	 0.000000	 0.000057	1.024257	 0.986830	 0.015770	 0.000000	 0.013127
262	 0.005321	 0.005127	 0.000058	 0.000000	 0.000103	1.029578	 0.991957	 0.015828	 0.000000	 0.013230
263	 0.004302	 0.004194	 0.000033	 0.000000	 0.000048	1.033880	 0.996151	 0.015861	 0.000000	 0.013278
264	 0.004593	 0.003878	 0.000079	 0.000503	 0.000094	1.038473	 1.000029	 0.015940	 0.000503	 0.013372
265	 0.004280	 0.003705	 0.000063	 0.000411	 0.000063	1.042753	 1.003734	 0.016003	 0.000914	 0.013435
266	 0.004799	 0.004218	 0.000073	 0.000351	 0.000108	1.047552	 1.007952	 0.016076	 0.001265	 0.013543
267	 0.004669	 0.003891	 0.000032	 0.000669	 0.000045	1.052221	 1.011843	 0.016108	 0.001934	 0.013588
268	 0.005777	 0.004739	 0.000082	 0.000831	 0.000087	1.057998	 1.016582	 0.016190	 0.002765	 0.013675
269	 0.004394	 0.003993	 0.000038	 0.000257	 0.000070	1.062392	 1.020575	 0.016228	 0.003022	 0.013745
270	 0.006157	 0.005326	 0.000078	 0.000602	 0.000099	1.068549	 1.025901	 0.016306	 0.003624	 0.013844
271	 0.004588	 0.004101	 0.000037	 0.000355	 0.000058	1.073137	 1.030002	 0.016343	 0.003979	 0.013902
272	 0.006129	 0.005319	 0.000060	 0.000603	 0.000100	1.079266	 1.035321	 0.016403	 0.004582	 0.014002
273	 0.004477	 0.004075	 0.000038	 0.000260	 0.000070	1.083743	 1.039396	 0.016441	 0.004842	 0.014072
274	 0.005260	 0.004543	 0.000071	 0.000482	 0.000113	1.089003	 1.043939	 0.016512	 0.005324	 0.014185
275	 0.004254	 0.003830	 0.000058	 0.000268	 0.000058	1.093257	 1.047769	 0.016570	 0.005592	 0.014243
276	 0.004868	 0.004170	 0.000089	 0.000447	 0.000104	1.098125	 1.051939	 0.016659	 0.006039	 0.014347
277	 0.007344	 0.006734	 0.000049	 0.000448	 0.000065	1.105469	 1.058673	 0.016708	 0.006487	 0.014412
278	 0.004344	 0.003913	 0.000054	 0.000277	 0.000063	1.109813	 1.062586	 0.016762	 0.006764	 0.014475
279	 0.004246	 0.003717	 0.000079	 0.000301	 0.000110	1.114059	 1.066303	 0.016841	 0.007065	 0.014585
280	 0.004195	 0.003762	 0.000061	 0.000275	 0.000062	1.118254	 1.070065	 0.016902	 0.007340	 0.014647
281	 0.004548	 0.003988	 0.000089	 0.000306	 0.000102	1.122802	 1.074053	 0.016991	 0.007646	 0.014749
282	 0.004045	 0.003521	 0.000059	 0.000354	 0.000058	1.126847	 1.077574	 0.017050	 0.008000	 0.014807
283	 0.004355	 0.003751	 0.000110	 0.000317	 0.000120	1.131202	 1.081325	 0.017160	 0.008317	 0.014927
284	 0.004233	 0.003787	 0.000063	 0.000292	 0.000052	1.135435	 1.085112	 0.017223	 0.008609	 0.014979
285	 0.004239	 0.003740	 0.000073	 0.000281	 0.000105	1.139674	 1.088852	 0.017296	 0.008890	 0.015084
286	 0.003939	 0.003455	 0.000061	 0.000327	 0.000054	1.143613	 1.092307	 0.017357	 0.009217	 0.015138
287	 0.004456	 0.003832	 0.000110	 0.000332	 0.000121	1.148069	 1.096139	 0.017467	 0.009549	 0.015259
288	 0.004222	 0.003673	 0.000079	 0.000336	 0.000064	1.152291	 1.099812	 0.017546	 0.009885	 0.015323
289	 0.004745	 0.004017	 0.000159	 0.000360	 0.000126	1.157036	 1.103829	 0.017705	 0.010245	 0.015449
290	 0.004409	 0.003780	 0.000115	 0.000344	 0.000069	1.161445	 1.107609	 0.017820	 0.010589	 0.015518
291	 0.004353	 0.003653	 0.000140	 0.000369	 0.000115	1.165798	 1.111262	 0.017960	 0.010958	 0.015633
292	 0.005644	 0.005124	 0.000079	 0.000310	 0.000080	1.171442	 1.116386	 0.018039	 0.011268	 0.015713
293	 0.004779	 0.004217	 0.000079	 0.000298	 0.000114	1.176221	 1.120603	 0.018118	 0.011566	 0.015827
294	 0.004605	 0.004151	 0.000061	 0.000299	 0.000061	1.180826	 1.124754	 0.018179	 0.011865	 0.015888
295	 0.004980	 0.004394	 0.000089	 0.000332	 0.000123	1.185806	 1.129148	 0.018268	 0.012197	 0.016011
296	 0.005883	 0.005415	 0.000036	 0.000343	 0.000051	1.191689	 1.134563	 0.018304	 0.012540	 0.016062
297	 0.004940	 0.004372	 0.000089	 0.000330	 0.000109	1.196629	 1.138935	 0.018393	 0.012870	 0.016171
298	 0.004544	 0.004065	 0.000053	 0.000338	 0.000051	1.201173	 1.143000	 0.018446	 0.013208	 0.016222
299	 0.004172	 0.003594	 0.000087	 0.000334	 0.000116	1.205345	 1.146594	 0.018533	 0.013542	 0.016338
300	 0.004938	 0.004398	 0.000044	 0.000414	 0.000049	1.210283	 1.150992	 0.018577	 0.013956	 0.016387
301	 0.004597	 0.004031	 0.000080	 0.000342	 0.000099	1.214880	 1.155023	 0.018657	 0.014298	 0.016486
302	 0.005377	 0.004819	 0.000051	 0.000379	 0.000050	1.220257	 1.159842	 0.018708	 0.014677	 0.016536
303	 0.004806	 0.004214	 0.000076	 0.000367	 0.000102	1.225063	 1.164056	 0.018784	 0.015044	 0.016638
304	 0.004803	 0.004273	 0.000071	 0.000354	 0.000055	1.229866	 1.168329	 0.018855	 0.015398	 0.016693
305	 0.005375	 0.004780	 0.000083	 0.000357	 0.000111	1.235241	 1.173109	 0.018938	 0.015755	 0.016804
306	 0.004377	 0.003888	 0.000036	 0.000357	 0.000054	1.239618	 1.176997	 0.018974	 0.016112	 0.016858
307	 0.004548	 0.003977	 0.000062	 0.000365	 0.000102	1.244166	 1.180974	 0.019036	 0.016477	 0.016960
308	 0.004713	 0.004139	 0.000049	 0.000427	 0.000060	1.248879	 1.185113	 0.019085	 0.016904	 0.017020
309	 0.004622	 0.003971	 0.000076	 0.000429	 0.000110	1.253501	 1.189084	 0.019161	 0.017333	 0.017130
310	 0.004191	 0.003719	 0.000051	 0.000326	 0.000053	1.257692	 1.192803	 0.019212	 0.017659	 0.017183
311	 0.004363	 0.003761	 0.000084	 0.000366	 0.000112	1.262055	 1.196564	 0.019296	 0.018025	 0.017295
312	 0.004448	 0.003960	 0.000036	 0.000366	 0.000050	1.266503	 1.200524	 0.019332	 0.018391	 0.017345
313	 0.004115	 0.003537	 0.000102	 0.000327	 0.000113	1.270618	 1.204061	 0.019434	 0.018718	 0.017458
314	 0.004902	 0.004338	 0.000034	 0.000440	 0.000053	1.275520	 1.208399	 0.019468	 0.019158	 0.017511
315	 0.005874	 0.005269	 0.000071	 0.000377	 0.000111	1.281394	 1.213668	 0.019539	 0.019535	 0.017622
316	 0.004642	 0.004126	 0.000064	 0.000366	 0.000052	1.286036	 1.217794	 0.019603	 0.019901	 0.017674
317	 0.005291	 0.004676	 0.000085	 0.000375	 0.000113	1.291327	 1.222470	 0.019688	 0.020276	 0.017787
318	 0.005048	 0.004541	 0.000045	 0.000376	 0.000051	1.296375	 1.227011	 0.019733	 0.020652	 0.017838
319	 0.004825	 0.004224	 0.000078	 0.000380	 0.000103	1.301200	 1.231235	 0.019811	 0.021032	 0.017941
320	 0.005227	 0.004710	 0.000052	 0.000372	 0.000052	1.306427	 1.235945	 0.019863	 0.021404	 0.017993
321	 0.004875	 0.004055	 0.000062	 0.000623	 0.000097	1.311302	 1.240000	 0.019925	 0.022027	 0.018090
322	 0.004248	 0.003765	 0.000055	 0.000334	 0.000055	1.315550	 1.243765	 0.019980	 0.022361	 0.018145
323	 0.004755	 0.004147	 0.000076	 0.000385	 0.000110	1.320305	 1.247912	 0.020056	 0.022746	 0.018255
324	 0.004989	 0.004051	 0.000060	 0.000791	 0.000052	1.325294	 1.251963	 0.020116	 0.023537	 0.018307
325	 0.005302	 0.004688	 0.000078	 0.000387	 0.000104	1.330596	 1.256651	 0.020194	 0.023924	 0.018411
326	 0.004983	 0.004464	 0.000048	 0.000387	 0.000050	1.335579	 1.261115	 0.020242	 0.024311	 0.018461
327	 0.004062	 0.003388	 0.000074	 0.000455	 0.000110	1.339641	 1.264503	 0.020316	 0.024766	 0.018571
328	 0.004717	 0.004232	 0.000048	 0.000353	 0.000050	1.344358	 1.268735	 0.020364	 0.025119	 0.018621
329	 0.004318	 0.003712	 0.000079	 0.000386	 0.000101	1.348676	 1.272447	 0.020443	 0.025505	 0.018722
330	 0.004116	 0.003621	 0.000052	 0.000357	 0.000051	1.352792	 1.276068	 0.020495	 0.025862	 0.018773
331	 0.005345	 0.004719	 0.000095	 0.000386	 0.000103	1.358137	 1.280787	 0.020590	 0.026248	 0.018876
332	 0.004782	 0.004256	 0.000058	 0.000365	 0.000061	1.362919	 1.285043	 0.020648	 0.026613	 0.018937
333	 0.004466	 0.003856	 0.000066	 0.000393	 0.000113	1.367385	 1.288899	 0.020714	 0.027006	 0.019050
334	 0.004580	 0.004052	 0.000063	 0.000360	 0.000060	1.371965	 1.292951	 0.020777	 0.027366	 0.019110
335	 0.004479	 0.003840	 0.000095	 0.000407	 0.000101	1.376444	 1.296791	 0.020872	 0.027773	 0.019211
336	 0.005057	 0.004570	 0.000049	 0.000346	 0.000053	1.381501	 1.301361	 0.020921	 0.028119	 0.019264
337	 0.005415	 0.004805	 0.000063	 0.000400	 0.000113	1.386916	 1.306166	 0.020984	 0.028519	 0.019377
338	 0.005294	 0.004574	 0.000031	 0.000609	 0.000049	1.392210	 1.310740	 0.021015	 0.029128	 0.019426
339	 0.005417	 0.004665	 0.000071	 0.000537	 0.000098	1.397627	 1.315405	 0.021086	 0.029665	 0.019524
340	 0.004593	 0.003843	 0.000050	 0.000614	 0.000052	1.402220	 1.319248	 0.021136	 0.030279	 0.019576
341	 0.005134	 0.004486	 0.000084	 0.000416	 0.000103	1.407354	 1.323734	 0.021220	 0.030695	 0.019679
342	 0.005684	 0.005030	 0.000044	 0.000502	 0.000057	1.413038	 1.328764	 0.021264	 0.031197	 0.019736
343	 0.006153	 0.005398	 0.000101	 0.000491	 0.000113	1.419191	 1.334162	 0.021365	 0.031688	 0.019849
344	 0.004877	 0.004233	 0.000038	 0.000512	 0.000055	1.424068	 1.338395	 0.021403	 0.032200	 0.019904
345	 0.005218	 0.003951	 0.000056	 0.001066	 0.000101	1.429286	 1.342346	 0.021459	 0.033266	 0.020005
346	 0.005090	 0.003989	 0.000088	 0.000889	 0.000066	1.434376	 1.346335	 0.021547	 0.034155	 0.020071
347	 0.004756	 0.003936	 0.000094	 0.000580	 0.000103	1.439132	 1.350271	 0.021641	 0.034735	 0.020174
348	 0.005110	 0.004462	 0.000044	 0.000518	 0.000050	1.444242	 1.354733	 0.021685	 0.035253	 0.020224
349	 0.006024	 0.005353	 0.000084	 0.000426	 0.000117	1.450266	 1.360086	 0.021769	 0.035679	 0.020341
350	 0.004832	 0.004300	 0.000042	 0.000396	 0.000056	1.455098	 1.364386	 0.021811	 0.036075	 0.020397
351	 0.005017	 0.004219	 0.000065	 0.000586	 0.000105	1.460115	 1.368605	 0.021876	 0.036661	 0.020502
352	 0.005623	 0.004199	 0.000036	 0.001292	 0.000055	1.465738	 1.372804	 0.021912	 0.037953	 0.020557
353	 0.005098	 0.004289	 0.000063	 0.000593	 0.000105	1.470836	 1.377093	 0.021975	 0.038546	 0.020662
354	 0.004741	 0.004166	 0.000071	 0.000401	 0.000065	1.475577	 1.381259	 0.022046	 0.038947	 0.020727
355	 0.005308	 0.004454	 0.000076	 0.000643	 0.000102	1.480885	 1.385713	 0.022122	 0.039590	 0.020829
356	 0.005303	 0.004392	 0.000045	 0.000780	 0.000050	1.486188	 1.390105	 0.022167	 0.040370	 0.020879
357	 0.005103	 0.004483	 0.000065	 0.000400	 0.000116	1.491291	 1.394588	 0.022232	 0.040770	 0.020995
358	 0.005757	 0.004708	 0.000037	 0.000918	 0.000056	1.497048	 1.399296	 0.022269	 0.041688	 0.021051
359	 0.004548	 0.003772	 0.000090	 0.000534	 0.000115	1.501596	 1.403068	 0.022359	 0.042222	 0.021166
360	 0.004212	 0.003452	 0.000031	 0.000647	 0.000048	1.505808	 1.406520	 0.022390	 0.042869	 0.021214
361	 0.005604	 0.004593	 0.000079	 0.000791	 0.000105	1.511412	 1.411113	 0.022469	 0.043660	 0.021319
362	 0.004832	 0.003906	 0.000044	 0.000787	 0.000060	1.516244	 1.415019	 0.022513	 0.044447	 0.021379
363	 0.005039	 0.004248	 0.000076	 0.000538	 0.000119	1.521283	 1.419267	 0.022589	 0.044985	 0.021498
364	 0.005147	 0.004465	 0.000035	 0.000554	 0.000060	1.526430	 1.423732	 0.022624	 0.045539	 0.021558
365	 0.005415	 0.004752	 0.000059	 0.000449	 0.000124	1.531845	 1.428484	 0.022683	 0.045988	 0.021682
366	 0.004896	 0.004294	 0.000033	 0.000464	 0.000068	1.536741	 1.432778	 0.022716	 0.046452	 0.021750
367	 0.006387	 0.005670	 0.000069	 0.000457	 0.000130	1.543128	 1.438448	 0.022785	 0.046909	 0.021880
368	 0.004614	 0.003955	 0.000045	 0.000488	 0.000059	1.547742	 1.442403	 0.022830	 0.047397	 0.021939
369	 0.005123	 0.004583	 0.000037	 0.000412	 0.000054	1.552865	 1.446986	 0.022867	 0.047809	 0.021993
370	 0.004654	 0.003983	 0.000059	 0.000458	 0.000115	1.557519	 1.450969	 0.022926	 0.048267	 0.022108
371	 0.004894	 0.004179	 0.000060	 0.000568	 0.000051	1.562413	 1.455148	 0.022986	 0.048835	 0.022159
372	 0.005190	 0.004496	 0.000080	 0.000457	 0.000119	1.567603	 1.459644	 0.023066	 0.049292	 0.022278
373	 0.004285	 0.003677	 0.000037	 0.000472	 0.000064	1.571888	 1.463321	 0.023103	 0.049764	 0.022342
374	 0.004246	 0.003619	 0.000066	 0.000416	 0.000107	1.576134	 1.466940	 0.023169	 0.050180	 0.022449
375	 0.005833	 0.005073	 0.000031	 0.000643	 0.000052	1.581967	 1.472013	 0.023200	 0.050823	 0.022501
376	 0.004714	 0.004006	 0.000073	 0.000472	 0.000117	1.586681	 1.476019	 0.023273	 0.051295	 0.022618
377	 0.004659	 0.004013	 0.000043	 0.000500	 0.000060	1.591340	 1.480032	 0.023316	 0.051795	 0.022678
378	 0.005081	 0.004358	 0.000104	 0.000476	 0.000104	1.596421	 1.484390	 0.023420	 0.052271	 0.022782
379	 0.004371	 0.003793	 0.000048	 0.000427	 0.000067	1.600792	 1.488183	 0.023468	 0.052698	 0.022849
380	 0.004713	 0.004008	 0.000068	 0.000470	 0.000114	1.605505	 1.492191	 0.023536	 0.053168	 0.022963
381	 0.004422	 0.003806	 0.000036	 0.000486	 0.000051	1.609927	 1.495997	 0.023572	 0.053654	 0.023014
382	 0.004789	 0.004123	 0.000061	 0.000445	 0.000118	1.614716	 1.500120	 0.023633	 0.054099	 0.023132
383	 0.005324	 0.004723	 0.000054	 0.000446	 0.000065	1.620040	 1.504843	 0.023687	 0.054545	 0.023197
384	 0.005980	 0.005288	 0.000079	 0.000456	 0.000118	1.626020	 1.510131	 0.023766	 0.055001	 0.023315
385	 0.005777	 0.005176	 0.000044	 0.000462	 0.000058	1.631797	 1.515307	 0.023810	 0.055463	 0.023373
386	 0.004437	 0.003727	 0.000068	 0.000493	 0.000104	1.636234	 1.519034	 0.023878	 0.055956	 0.023477
387	 0.004502	 0.003918	 0.000039	 0.000457	 0.000053	1.640736	 1.522952	 0.023917	 0.056413	 0.023530
388	 0.004187	 0.003485	 0.000065	 0.000487	 0.000106	1.644923	 1.526437	 0.023982	 0.056900	 0.023636
389	 0.005031	 0.004271	 0.000063	 0.000608	 0.000053	1.649954	 1.530708	 0.024045	 0.057508	 0.023689
390	 0.005607	 0.004937	 0.000062	 0.000459	 0.000117	1.655561	 1.535645	 0.024107	 0.057967	 0.023806
391	 0.005611	 0.004964	 0.000062	 0.000493	 0.000053	1.661172	 1.540609	 0.024169	 0.058460	 0.023859
392	 0.005280	 0.004468	 0.000061	 0.000606	 0.000106	1.666452	 1.545077	 0.024230	 0.059066	 0.023965
393	 0.004489	 0.003894	 0.000037	 0.000455	 0.000065	1.670941	 1.548971	 0.024267	 0.059521	 0.024030
394	 0.004720	 0.003963	 0.000055	 0.000555	 0.000108	1.675661	 1.552934	 0.024322	 0.060076	 0.024138
395	 0.004720	 0.004091	 0.000062	 0.000476	 0.000055	1.680381	 1.557025	 0.024384	 0.060552	 0.024193
396	 0.004853	 0.004126	 0.000086	 0.000500	 0.000106	1.685234	 1.561151	 0.024470	 0.061052	 0.024299
397	 0.004961	 0.004222	 0.000045	 0.000611	 0.000051	1.690195	 1.565373	 0.024515	 0.061663	 0.024350
398	 0.005062	 0.004011	 0.000071	 0.000840	 0.000105	1.695257	 1.569384	 0.024586	 0.062503	 0.024455
399	 0.005322	 0.004432	 0.000034	 0.000766	 0.000052	1.700579	 1.573816	 0.024620	 0.063269	 0.024507
400	 0.004844	 0.004138	 0.000084	 0.000469	 0.000114	1.705423	 1.577954	 0.024704	 0.063738	 0.024621
401	 0.004486	 0.003872	 0.000053	 0.000473	 0.000056	1.709909	 1.581826	 0.024757	 0.064211	 0.024677
402	 0.005217	 0.004450	 0.000079	 0.000506	 0.000107	1.715126	 1.586276	 0.024836	 0.064717	 0.024784
403	 0.004949	 0.004128	 0.000067	 0.000645	 0.000068	1.720075	 1.590404	 0.024903	 0.065362	 0.024852
404	 0.005828	 0.004592	 0.000060	 0.001038	 0.000105	1.725903	 1.594996	 0.024963	 0.066400	 0.024957
405	 0.005085	 0.004203	 0.000032	 0.000770	 0.000051	1.730988	 1.599199	 0.024995	 0.067170	 0.025008
406	 0.004409	 0.003717	 0.000063	 0.000473	 0.000118	1.735397	 1.602916	 0.025058	 0.067643	 0.025126
407	 0.004769	 0.003679	 0.000063	 0.000925	 0.000060	1.740166	 1.606595	 0.025121	 0.068568	 0.025186
408	 0.005302	 0.004587	 0.000087	 0.000482	 0.000111	1.745468	 1.611182	 0.025208	 0.069050	 0.025297
409	 0.005541	 0.004915	 0.000063	 0.000475	 0.000053	1.751009	 1.616097	 0.025271	 0.069525	 0.025350
410	 0.005742	 0.005020	 0.000085	 0.000486	 0.000110	1.756751	 1.621117	 0.025356	 0.070011	 0.025460
411	 0.004950	 0.004328	 0.000035	 0.000489	 0.000054	1.761701	 1.625445	 0.025391	 0.070500	 0.025514
412	 0.005712	 0.005003	 0.000071	 0.000484	 0.000110	1.767413	 1.630448	 0.025462	 0.070984	 0.025624
413	 0.004941	 0.003909	 0.000041	 0.000875	 0.000058	1.772354	 1.634357	 0.025503	 0.071859	 0.025682
414	 0.004588	 0.003810	 0.000034	 0.000649	 0.000058	1.776942	 1.638167	 0.025537	 0.072508	 0.025740
415	 0.004497	 0.003616	 0.000087	 0.000651	 0.000107	1.781439	 1.641783	 0.025624	 0.073159	 0.025847
416	 0.004801	 0.004098	 0.000052	 0.000549	 0.000060	1.786240	 1.645881	 0.025676	 0.073708	 0.025907
417	 0.006097	 0.004436	 0.000079	 0.001433	 0.000110	1.792337	 1.650317	 0.025755	 0.075141	 0.026017
418	 0.005497	 0.004721	 0.000031	 0.000659	 0.000054	1.797834	 1.655038	 0.025786	 0.075800	 0.026071
419	 0.004999	 0.003973	 0.000073	 0.000809	 0.000110	1.802833	 1.659011	 0.025859	 0.076609	 0.026181
420	 0.006817	 0.005247	 0.000052	 0.001396	 0.000068	1.809650	 1.664258	 0.025911	 0.078005	 0.026249
421	 0.008561	 0.007746	 0.000052	 0.000657	 0.000068	1.818211	 1.672004	 0.025963	 0.078662	 0.026317
422	 0.005845	 0.005021	 0.000091	 0.000562	 0.000125	1.824056	 1.677025	 0.026054	 0.079224	 0.026442
423	 0.005535	 0.004719	 0.000050	 0.000670	 0.000064	1.829591	 1.681744	 0.026104	 0.079894	 0.026506
424	 0.005576	 0.004683	 0.000097	 0.000610	 0.000126	1.835167	 1.686427	 0.026201	 0.080504	 0.026632
425	 0.005640	 0.004745	 0.000102	 0.000601	 0.000103	1.840807	 1.691172	 0.026303	 0.081105	 0.026735
426	 0.005177	 0.004067	 0.000128	 0.000702	 0.000191	1.845984	 1.695239	 0.026431	 0.081807	 0.026926
427	 0.004638	 0.003821	 0.000059	 0.000597	 0.000095	1.850622	 1.699060	 0.026490	 0.082404	 0.027021
428	 0.005504	 0.004443	 0.000143	 0.000652	 0.000191	1.856126	 1.703503	 0.026633	 0.083056	 0.027212
429	 0.007859	 0.006638	 0.000120	 0.000924	 0.000103	1.863985	 1.710141	 0.026753	 0.083980	 0.027315
430	 0.006044	 0.004682	 0.000128	 0.000932	 0.000205	1.870029	 1.714823	 0.026881	 0.084912	 0.027520
431	 0.006281	 0.004900	 0.000127	 0.001059	 0.000111	1.876310	 1.719723	 0.027008	 0.085971	 0.027631
432	 0.006118	 0.004985	 0.000125	 0.000819	 0.000129	1.882428	 1.724708	 0.027133	 0.086790	 0.027760
433	 0.005576	 0.004696	 0.000045	 0.000698	 0.000085	1.888004	 1.729404	 0.027178	 0.087488	 0.027845
434	 0.005926	 0.005078	 0.000098	 0.000527	 0.000164	1.893930	 1.734482	 0.027276	 0.088015	 0.028009
435	 0.005560	 0.004856	 0.000049	 0.000538	 0.000063	1.899490	 1.739338	 0.027325	 0.088553	 0.028072
436	 0.005691	 0.004758	 0.000130	 0.000576	 0.000169	1.905181	 1.744096	 0.027455	 0.089129	 0.028241
437	 0.004277	 0.003579	 0.000052	 0.000541	 0.000059	1.909458	 1.747675	 0.027507	 0.089670	 0.028300
438	 0.004458	 0.003623	 0.000091	 0.000587	 0.000115	1.913916	 1.751298	 0.027598	 0.090257	 0.028415
439	 0.004364	 0.003699	 0.000050	 0.000530	 0.000055	1.918280	 1.754997	 0.027648	 0.090787	 0.028470
440	 0.004763	 0.003958	 0.000073	 0.000584	 0.000112	1.923043	 1.758955	 0.027721	 0.091371	 0.028582
441	 0.004413	 0.003750	 0.000032	 0.000533	 0.000055	1.927456	 1.762705	 0.027753	 0.091904	 0.028637
442	 0.005402	 0.004611	 0.000054	 0.000595	 0.000109	1.932858	 1.767316	 0.027807	 0.092499	 0.028746
443	 0.005040	 0.004376	 0.000032	 0.000545	 0.000052	1.937898	 1.771692	 0.027839	 0.093044	 0.028798
444	 0.004910	 0.003920	 0.000059	 0.000776	 0.000114	1.942808	 1.775612	 0.027898	 0.093820	 0.028912
445	 0.004608	 0.003915	 0.000053	 0.000555	 0.000053	1.947416	 1.779527	 0.027951	 0.094375	 0.028965
446	 0.004796	 0.003978	 0.000064	 0.000598	 0.000115	1.952212	 1.783505	 0.028015	 0.094973	 0.029080
447	 0.005285	 0.004541	 0.000083	 0.000549	 0.000065	1.957497	 1.788046	 0.028098	 0.095522	 0.029145
448	 0.005461	 0.004449	 0.000107	 0.000739	 0.000120	1.962958	 1.792495	 0.028205	 0.096261	 0.029265
449	 0.005251	 0.004513	 0.000035	 0.000608	 0.000054	1.968209	 1.797008	 0.028240	 0.096869	 0.029319
450	 0.004348	 0.003557	 0.000079	 0.000561	 0.000112	1.972557	 1.800565	 0.028319	 0.097430	 0.029431
451	 0.004797	 0.003899	 0.000049	 0.000753	 0.000054	1.977354	 1.804464	 0.028368	 0.098183	 0.029485
452	 0.004561	 0.003776	 0.000074	 0.000556	 0.000114	1.981915	 1.808240	 0.028442	 0.098739	 0.029599
453	 0.005492	 0.004787	 0.000053	 0.000558	 0.000056	1.987407	 1.813027	 0.028495	 0.099297	 0.029655
454	 0.004628	 0.003685	 0.000075	 0.000721	 0.000113	1.992035	 1.816712	 0.028570	 0.100018	 0.029768
455	 0.004885	 0.004202	 0.000032	 0.000562	 0.000056	1.996920	 1.820914	 0.028602	 0.100580	 0.029824
456	 0.004855	 0.004055	 0.000075	 0.000572	 0.000117	2.001775	 1.824969	 0.028677	 0.101152	 0.029941
457	 0.005251	 0.004005	 0.000048	 0.001102	 0.000057	2.007026	 1.828974	 0.028725	 0.102254	 0.029998
458	 0.006195	 0.005239	 0.000062	 0.000744	 0.000115	2.013221	 1.834213	 0.028787	 0.102998	 0.030113
459	 0.005152	 0.004456	 0.000033	 0.000576	 0.000054	2.018373	 1.838669	 0.028820	 0.103574	 0.030167
460	 0.005156	 0.004307	 0.000077	 0.000623	 0.000112	2.023529	 1.842976	 0.028897	 0.104197	 0.030279
461	 0.004721	 0.004004	 0.000049	 0.000575	 0.000056	2.028250	 1.846980	 0.028946	 0.104772	 0.030335
462	 0.005678	 0.004025	 0.000109	 0.001313	 0.000160	2.033928	 1.851005	 0.029055	 0.106085	 0.030495
463	 0.005081	 0.003955	 0.000053	 0.000954	 0.000072	2.039009	 1.854960	 0.029108	 0.107039	 0.030567
464	 0.005098	 0.003990	 0.000102	 0.000830	 0.000126	2.044107	 1.858950	 0.029210	 0.107869	 0.030693
465	 0.004761	 0.004057	 0.000047	 0.000574	 0.000054	2.048868	 1.863007	 0.029257	 0.108443	 0.030747
466	 0.006189	 0.004568	 0.000071	 0.001402	 0.000113	2.055057	 1.867575	 0.029328	 0.109845	 0.030860
467	 0.004938	 0.004047	 0.000034	 0.000768	 0.000054	2.059995	 1.871622	 0.029362	 0.110613	 0.030914
468	 0.005167	 0.004334	 0.000053	 0.000636	 0.000109	2.065162	 1.875956	 0.029415	 0.111249	 0.031023
469	 0.004990	 0.003921	 0.000047	 0.000929	 0.000058	2.070152	 1.879877	 0.029462	 0.112178	 0.031081
470	 0.005252	 0.004141	 0.000108	 0.000775	 0.000174	2.075404	 1.884018	 0.029570	 0.112953	 0.031255
471	 0.004897	 0.003939	 0.000044	 0.000809	 0.000063	2.080301	 1.887957	 0.029614	 0.113762	 0.031318
472	 0.005671	 0.004156	 0.000079	 0.001282	 0.000115	2.085972	 1.892113	 0.029693	 0.115044	 0.031433
473	 0.004537	 0.003823	 0.000044	 0.000583	 0.000055	2.090509	 1.895936	 0.029737	 0.115627	 0.031488
474	 0.006047	 0.004903	 0.000055	 0.000939	 0.000111	2.096556	 1.900839	 0.029792	 0.116566	 0.031599
475	 0.005445	 0.004540	 0.000045	 0.000775	 0.000055	2.102001	 1.905379	 0.029837	 0.117341	 0.031654
476	 0.005138	 0.003975	 0.000069	 0.000944	 0.000114	2.107139	 1.909354	 0.029906	 0.118285	 0.031768
477	 0.007009	 0.005186	 0.000031	 0.001691	 0.000066	2.114148	 1.914540	 0.029937	 0.119976	 0.031834
478	 0.005151	 0.004312	 0.000064	 0.000608	 0.000127	2.119299	 1.918852	 0.030001	 0.120584	 0.031961
479	 0.006026	 0.004595	 0.000075	 0.001231	 0.000078	2.125325	 1.923447	 0.030076	 0.121815	 0.032039
480	 0.005498	 0.003923	 0.000080	 0.001326	 0.000128	2.130823	 1.927370	 0.030156	 0.123141	 0.032167
481	 0.005801	 0.004047	 0.000031	 0.001631	 0.000056	2.136624	 1.931417	 0.030187	 0.124772	 0.032223
482	 0.005024	 0.004209	 0.000054	 0.000607	 0.000115	2.141648	 1.935626	 0.030241	 0.125379	 0.032338
483	 0.005195	 0.004272	 0.000036	 0.000798	 0.000056	2.146843	 1.939898	 0.030277	 0.126177	 0.032394
484	 0.006266	 0.004123	 0.000059	 0.001929	 0.000116	2.153109	 1.944021	 0.030336	 0.128106	 0.032510
485	 0.005642	 0.004165	 0.000034	 0.001352	 0.000055	2.158751	 1.948186	 0.030370	 0.129458	 0.032565
486	 0.005936	 0.003994	 0.000061	 0.001722	 0.000118	2.164687	 1.952180	 0.030431	 0.131180	 0.032683
487	 0.005055	 0.004084	 0.000031	 0.000848	 0.000058	2.169742	 1.956264	 0.030462	 0.132028	 0.032741
488	 0.006717	 0.004558	 0.000055	 0.001957	 0.000113	2.176459	 1.960822	 0.030517	 0.133985	 0.032854
489	 0.005535	 0.004040	 0.000031	 0.001381	 0.000054	2.181994	 1.964862	 0.030548	 0.135366	 0.032908
490	 0.005297	 0.004072	 0.000087	 0.000983	 0.000117	2.187291	 1.968934	 0.030635	 0.136349	 0.033025
491	 0.007477	 0.004631	 0.000049	 0.002697	 0.000067	2.194768	 1.973565	 0.030684	 0.139046	 0.033092
492	 0.006553	 0.003929	 0.000089	 0.002321	 0.000146	2.201321	 1.977494	 0.030773	 0.141367	 0.033238
493	 0.005556	 0.004391	 0.000054	 0.001005	 0.000068	2.206877	 1.981885	 0.030827	 0.142372	 0.033306
494	 0.006037	 0.004609	 0.000057	 0.001192	 0.000122	2.212914	 1.986494	 0.030884	 0.143564	 0.033428
495	 0.005772	 0.004605	 0.000122	 0.000891	 0.000090	2.218686	 1.991099	 0.031006	 0.144455	 0.033518
496	 0.005643	 0.004105	 0.000043	 0.001402	 0.000055	2.224329	 1.995204	 0.031049	 0.145857	 0.033573
497	 0.005646	 0.004199	 0.000073	 0.001224	 0.000114	2.229975	 1.999403	 0.031122	 0.147081	 0.033687
498	 0.005185	 0.004147	 0.000035	 0.000909	 0.000060	2.235160	 2.003550	 0.031157	 0.147990	 0.033747
499	 0.005002	 0.003936	 0.000076	 0.000841	 0.000115	2.240162	 2.007486	 0.031233	 0.148831	 0.033862
500	 0.005062	 0.003707	 0.000062	 0.001166	 0.000065	2.245224	 2.011193	 0.031295	 0.149997	 0.033927
501	 0.005604	 0.004248	 0.000038	 0.001222	 0.000058	2.250828	 2.015441	 0.031333	 0.151219	 0.033985
502	 0.006406	 0.004141	 0.000057	 0.002015	 0.000117	2.257234	 2.019582	 0.031390	 0.153234	 0.034102
503	 0.005308	 0.004400	 0.000045	 0.000734	 0.000066	2.262542	 2.023982	 0.031435	 0.153968	 0.034168
504	 0.005587	 0.004169	 0.000039	 0.001285	 0.000057	2.268129	 2.028151	 0.031474	 0.155253	 0.034225
505	 0.007537	 0.004131	 0.000085	 0.003168	 0.000116	2.275666	 2.032282	 0.031559	 0.158421	 0.034341
506	 0.005466	 0.004294	 0.000048	 0.001034	 0.000056	2.281132	 2.036576	 0.031607	 0.159455	 0.034397
507	 0.005416	 0.004156	 0.000072	 0.001034	 0.000119	2.286548	 2.040732	 0.031679	 0.160489	 0.034516
508	 0.007564	 0.004596	 0.000071	 0.002781	 0.000065	2.294112	 2.045328	 0.031750	 0.163270	 0.034581
509	 0.005353	 0.004077	 0.000062	 0.001062	 0.000117	2.299465	 2.049405	 0.031812	 0.164332	 0.034698
510	 0.006191	 0.003836	 0.000031	 0.002233	 0.000056	2.305656	 2.053241	 0.031843	 0.166565	 0.034754
511	 0.006267	 0.003752	 0.000060	 0.002298	 0.000117	2.311923	 2.056993	 0.031903	 0.168863	 0.034871
512	 0.005531	 0.004141	 0.000031	 0.001257	 0.000068	2.317454	 2.061134	 0.031934	 0.170120	 0.034939
513	 0.004877	 0.003582	 0.000055	 0.001062	 0.000124	2.322331	 2.064716	 0.031989	 0.171182	 0.035063
514	 0.006465	 0.004212	 0.000054	 0.002085	 0.000057	2.328796	 2.068928	 0.032043	 0.173267	 0.035120
515	 0.007712	 0.003857	 0.000123	 0.003503	 0.000114	2.336508	 2.072785	 0.032166	 0.176770	 0.035234
516	 0.005299	 0.004221	 0.000057	 0.000905	 0.000067	2.341807	 2.077006	 0.032223	 0.177675	 0.035301
517	 0.004974	 0.004031	 0.000069	 0.000667	 0.000129	2.346781	 2.081037	 0.032292	 0.178342	 0.035430
518	 0.007316	 0.004624	 0.000073	 0.002449	 0.000095	2.354097	 2.085661	 0.032365	 0.180791	 0.035525
519	 0.005437	 0.004503	 0.000071	 0.000670	 0.000139	2.359534	 2.090164	 0.032436	 0.181461	 0.035664
520	 0.005976	 0.004242	 0.000071	 0.001532	 0.000077	2.365510	 2.094406	 0.032507	 0.182993	 0.035741
521	 0.007557	 0.005130	 0.000123	 0.002013	 0.000194	2.373067	 2.099536	 0.032630	 0.185006	 0.035935
522	 0.005906	 0.004276	 0.000065	 0.001397	 0.000103	2.378973	 2.103812	 0.032695	 0.186403	 0.036038
523	 0.005481	 0.003982	 0.000077	 0.001170	 0.000171	2.384454	 2.107794	 0.032772	 0.187573	 0.036209
524	 0.007693	 0.003872	 0.000042	 0.003627	 0.000077	2.392147	 2.111666	 0.032814	 0.191200	 0.036286
525	 0.005281	 0.004444	 0.000043	 0.000686	 0.000064	2.397428	 2.116110	 0.032857	 0.191886	 0.036350
526	 0.005196	 0.004154	 0.000099	 0.000765	 0.000130	2.402624	 2.120264	 0.032956	 0.192651	 0.036480
527	 0.004825	 0.003948	 0.000046	 0.000710	 0.000062	2.407449	 2.124212	 0.033002	 0.193361	 0.036542
528	 0.005148	 0.004006	 0.000138	 0.000799	 0.000145	2.412597	 2.128218	 0.033140	 0.194160	 0.036687
529	 0.005106	 0.004133	 0.000087	 0.000735	 0.000087	2.417703	 2.132351	 0.033227	 0.194895	 0.036774
530	 0.005542	 0.003858	 0.000104	 0.001392	 0.000137	2.423245	 2.136209	 0.033331	 0.196287	 0.036911
531	 0.005836	 0.004956	 0.000059	 0.000690	 0.000065	2.429081	 2.141165	 0.033390	 0.196977	 0.036976
532	 0.007072	 0.005963	 0.000056	 0.000936	 0.000067	2.436153	 2.147128	 0.033446	 0.197913	 0.037043
533	 0.006618	 0.005281	 0.000110	 0.001035	 0.000135	2.442771	 2.152409	 0.033556	 0.198948	 0.037178
534	 0.005718	 0.004554	 0.000059	 0.000962	 0.000073	2.448489	 2.156963	 0.033615	 0.199910	 0.037251
535	 0.005857	 0.004561	 0.000081	 0.001000	 0.000137	2.454346	 2.161524	 0.033696	 0.200910	 0.037388
536	 0.005748	 0.004795	 0.000066	 0.000739	 0.000077	2.460094	 2.166319	 0.033762	 0.201649	 0.037465
537	 0.005967	 0.004658	 0.000113	 0.000996	 0.000132	2.466061	 2.170977	 0.033875	 0.202645	 0.037597
538	 0.005851	 0.004718	 0.000073	 0.000947	 0.000070	2.471912	 2.175695	 0.033948	 0.203592	 0.037667
539	 0.007408	 0.006349	 0.000095	 0.000792	 0.000125	2.479320	 2.182044	 0.034043	 0.204384	 0.037792
540	 0.006620	 0.004816	 0.000080	 0.001588	 0.000079	2.485940	 2.186860	 0.034123	 0.205972	 0.037871
541	 0.005430	 0.004418	 0.000085	 0.000756	 0.000123	2.491370	 2.191278	 0.034208	 0.206728	 0.037994
542	 0.005322	 0.004243	 0.000034	 0.000946	 0.000060	2.496692	 2.195521	 0.034242	 0.207674	 0.038054
543	 0.006533	 0.005461	 0.000131	 0.000740	 0.000139	2.503225	 2.200982	 0.034373	 0.208414	 0.038193
544	 0.005817	 0.004760	 0.000033	 0.000934	 0.000057	2.509042	 2.205742	 0.034406	 0.209348	 0.038250
545	 0.005619	 0.004568	 0.000094	 0.000795	 0.000121	2.514661	 2.210310	 0.034500	 0.210143	 0.038371
546	 0.006113	 0.004727	 0.000062	 0.001218	 0.000061	2.520774	 2.215037	 0.034562	 0.211361	 0.038432
547	 0.006053	 0.005027	 0.000071	 0.000778	 0.000127	2.526827	 2.220064	 0.034633	 0.212139	 0.038559
548	 0.005941	 0.004614	 0.000034	 0.001195	 0.000062	2.532768	 2.224678	 0.034667	 0.213334	 0.038621
549	 0.007329	 0.005371	 0.000114	 0.001614	 0.000152	2.540097	 2.230049	 0.034781	 0.214948	 0.038773
550	 0.006562	 0.005313	 0.000093	 0.001015	 0.000077	2.546659	 2.235362	 0.034874	 0.215963	 0.038850
551	 0.007104	 0.005908	 0.000123	 0.000813	 0.000156	2.553763	 2.241270	 0.034997	 0.216776	 0.039006
552	 0.007892	 0.006314	 0.000095	 0.001332	 0.000087	2.561655	 2.247584	 0.035092	 0.218108	 0.039093
553	 0.006086	 0.004786	 0.000073	 0.001047	 0.000143	2.567741	 2.252370	 0.035165	 0.219155	 0.039236
554	 0.005553	 0.004456	 0.000035	 0.000968	 0.000060	2.573294	 2.256826	 0.035200	 0.220123	 0.039296
555	 0.005944	 0.004902	 0.000063	 0.000798	 0.000132	2.579238	 2.261728	 0.035263	 0.220921	 0.039428
556	 0.006201	 0.004397	 0.000040	 0.001654	 0.000064	2.585439	 2.266125	 0.035303	 0.222575	 0.039492
557	 0.005942	 0.004930	 0.000056	 0.000795	 0.000124	2.591381	 2.271055	 0.035359	 0.223370	 0.039616
558	 0.006373	 0.004712	 0.000046	 0.001500	 0.000068	2.597754	 2.275767	 0.035405	 0.224870	 0.039684
559	 0.005228	 0.004006	 0.000069	 0.000972	 0.000128	2.602982	 2.279773	 0.035474	 0.225842	 0.039812
560	 0.006598	 0.004278	 0.000034	 0.002185	 0.000061	2.609580	 2.284051	 0.035508	 0.228027	 0.039873
561	 0.005414	 0.004449	 0.000059	 0.000743	 0.000125	2.614994	 2.288500	 0.035567	 0.228770	 0.039998
562	 0.005482	 0.004330	 0.000065	 0.000992	 0.000060	2.620476	 2.292830	 0.035632	 0.229762	 0.040058
563	 0.006715	 0.005037	 0.000076	 0.001438	 0.000127	2.627191	 2.297867	 0.035708	 0.231200	 0.040185
564	 0.006283	 0.004692	 0.000032	 0.001465	 0.000060	2.633474	 2.302559	 0.035740	 0.232665	 0.040245
565	 0.007056	 0.004401	 0.000056	 0.002438	 0.000124	2.640530	 2.306960	 0.035796	 0.235103	 0.040369
566	 0.007877	 0.004606	 0.000049	 0.003126	 0.000060	2.648407	 2.311566	 0.035845	 0.238229	 0.040429
567	 0.005943	 0.004930	 0.000075	 0.000773	 0.000125	2.654350	 2.316496	 0.035920	 0.239002	 0.040554
568	 0.007179	 0.005372	 0.000034	 0.001682	 0.000061	2.661529	 2.321868	 0.035954	 0.240684	 0.040615
569	 0.006780	 0.004624	 0.000054	 0.001935	 0.000126	2.668309	 2.326492	 0.036008	 0.242619	 0.040741
570	 0.008469	 0.004657	 0.000080	 0.003589	 0.000070	2.676778	 2.331149	 0.036088	 0.246208	 0.040811
571	 0.007948	 0.004654	 0.000051	 0.003147	 0.000062	2.684726	 2.335803	 0.036139	 0.249355	 0.040873
572	 0.007815	 0.004292	 0.000074	 0.003280	 0.000128	2.692541	 2.340095	 0.036213	 0.252635	 0.041001
573	 0.005840	 0.004324	 0.000045	 0.001374	 0.000061	2.698381	 2.344419	 0.036258	 0.254009	 0.041062
574	 0.007298	 0.004597	 0.000079	 0.002436	 0.000125	2.705679	 2.349016	 0.036337	 0.256445	 0.041187
575	 0.007576	 0.004980	 0.000080	 0.002376	 0.000086	2.713255	 2.353996	 0.036417	 0.258821	 0.041273
576	 0.006529	 0.004184	 0.000085	 0.002078	 0.000147	2.719784	 2.358180	 0.036502	 0.260899	 0.041420
577	 0.007322	 0.004458	 0.000045	 0.002717	 0.000067	2.727106	 2.362638	 0.036547	 0.263616	 0.041487
578	 0.006731	 0.004055	 0.000061	 0.002440	 0.000135	2.733837	 2.366693	 0.036608	 0.266056	 0.041622
579	 0.006783	 0.004388	 0.000051	 0.002246	 0.000070	2.740620	 2.371081	 0.036659	 0.268302	 0.041692
580	 0.008268	 0.004588	 0.000081	 0.003415	 0.000138	2.748888	 2.375669	 0.036740	 0.271717	 0.041830
581	 0.007918	 0.004366	 0.000084	 0.003328	 0.000070	2.756806	 2.380035	 0.036824	 0.275045	 0.041900
582	 0.007974	 0.006553	 0.000043	 0.001262	 0.000060	2.764780	 2.386588	 0.036867	 0.276307	 0.041960
583	 0.006459	 0.005249	 0.000043	 0.001071	 0.000065	2.771239	 2.391837	 0.036910	 0.277378	 0.042025
584	 0.006363	 0.005101	 0.000055	 0.001045	 0.000124	2.777602	 2.396938	 0.036965	 0.278423	 0.042149
585	 0.007050	 0.005386	 0.000034	 0.001528	 0.000062	2.784652	 2.402324	 0.036999	 0.279951	 0.042211
586	 0.006247	 0.005103	 0.000121	 0.000807	 0.000147	2.790899	 2.407427	 0.037120	 0.280758	 0.042358
587	 0.006120	 0.005154	 0.000046	 0.000815	 0.000064	2.797019	 2.412581	 0.037166	 0.281573	 0.042422
588	 0.005638	 0.004545	 0.000056	 0.000871	 0.000129	2.802657	 2.417126	 0.037222	 0.282444	 0.042551
589	 0.006289	 0.004852	 0.000031	 0.001315	 0.000058	2.808946	 2.421978	 0.037253	 0.283759	 0.042609
590	 0.006773	 0.005674	 0.000059	 0.000873	 0.000126	2.815719	 2.427652	 0.037312	 0.284632	 0.042735
591	 0.006431	 0.005218	 0.000046	 0.001048	 0.000068	2.822150	 2.432870	 0.037358	 0.285680	 0.042803
592	 0.006752	 0.005107	 0.000056	 0.001425	 0.000127	2.828902	 2.437977	 0.037414	 0.287105	 0.042930
593	 0.005489	 0.004537	 0.000031	 0.000825	 0.000062	2.834391	 2.442514	 0.037445	 0.287930	 0.042992
594	 0.006556	 0.005454	 0.000057	 0.000882	 0.000127	2.840947	 2.447968	 0.037502	 0.288812	 0.043119
595	 0.006963	 0.005271	 0.000035	 0.001557	 0.000062	2.847910	 2.453239	 0.037537	 0.290369	 0.043181
596	 0.005803	 0.004622	 0.000100	 0.000910	 0.000129	2.853713	 2.457861	 0.037637	 0.291279	 0.043310
597	 0.006287	 0.005279	 0.000054	 0.000838	 0.000071	2.860000	 2.463140	 0.037691	 0.292117	 0.043381
598	 0.007183	 0.006053	 0.000071	 0.000894	 0.000129	2.867183	 2.469193	 0.037762	 0.293011	 0.043510
599	 0.006225	 0.004708	 0.000054	 0.001357	 0.000064	2.873408	 2.473901	 0.037816	 0.294368	 0.043574
600	 0.006267	 0.004779	 0.000076	 0.001241	 0.000129	2.879675	 2.478680	 0.037892	 0.295609	 0.043703
601	 0.006294	 0.005338	 0.000030	 0.000827	 0.000061	2.885969	 2.484018	 0.037922	 0.296436	 0.043764
602	 0.007006	 0.005267	 0.000058	 0.001469	 0.000132	2.892975	 2.489285	 0.037980	 0.297905	 0.043896
603	 0.006687	 0.005418	 0.000044	 0.001113	 0.000068	2.899662	 2.494703	 0.038024	 0.299018	 0.043964
604	 0.007056	 0.005085	 0.000058	 0.001742	 0.000130	2.906718	 2.499788	 0.038082	 0.300760	 0.044094
605	 0.006948	 0.004995	 0.000034	 0.001820	 0.000066	2.913666	 2.504783	 0.038116	 0.302580	 0.044160
606	 0.006260	 0.005064	 0.000101	 0.000928	 0.000128	2.919926	 2.509847	 0.038217	 0.303508	 0.044288
607	 0.007209	 0.004908	 0.000053	 0.002148	 0.000064	2.927135	 2.514755	 0.038270	 0.305656	 0.044352
608	 0.007123	 0.005675	 0.000076	 0.001205	 0.000129	2.934258	 2.520430	 0.038346	 0.306861	 0.044481
609	 0.007081	 0.005320	 0.000033	 0.001631	 0.000061	2.941339	 2.525750	 0.038379	 0.308492	 0.044542
610	 0.006870	 0.005370	 0.000057	 0.001275	 0.000128	2.948209	 2.531120	 0.038436	 0.309767	 0.044670
611	 0.007374	 0.005094	 0.000031	 0.002156	 0.000060	2.955583	 2.536214	 0.038467	 0.311923	 0.044730
612	 0.006983	 0.005247	 0.000081	 0.001489	 0.000129	2.962566	 2.541461	 0.038548	 0.313412	 0.044859
613	 0.006912	 0.005130	 0.000060	 0.001625	 0.000064	2.969478	 2.546591	 0.038608	 0.315037	 0.044923
614	 0.006681	 0.005030	 0.000088	 0.001369	 0.000142	2.976159	 2.551621	 0.038696	 0.316406	 0.045065
615	 0.006308	 0.004779	 0.000034	 0.001405	 0.000061	2.982467	 2.556400	 0.038730	 0.317811	 0.045126
616	 0.006693	 0.004966	 0.000056	 0.001504	 0.000127	2.989160	 2.561366	 0.038786	 0.319315	 0.045253
617	 0.005882	 0.004590	 0.000048	 0.001147	 0.000062	2.995042	 2.565956	 0.038834	 0.320462	 0.045315
618	 0.006289	 0.005173	 0.000075	 0.000867	 0.000131	3.001331	 2.571129	 0.038909	 0.321329	 0.045446
619	 0.007721	 0.004256	 0.000039	 0.003328	 0.000063	3.009052	 2.575385	 0.038948	 0.324657	 0.045509
620	 0.008107	 0.004600	 0.000105	 0.003209	 0.000138	3.017159	 2.579985	 0.039053	 0.327866	 0.045647
621	 0.006356	 0.004509	 0.000050	 0.001702	 0.000062	3.023515	 2.584494	 0.039103	 0.329568	 0.045709
622	 0.008154	 0.005939	 0.000063	 0.001982	 0.000129	3.031669	 2.590433	 0.039166	 0.331550	 0.045838
623	 0.007245	 0.004746	 0.000048	 0.002330	 0.000074	3.038914	 2.595179	 0.039214	 0.333880	 0.045912
624	 0.008145	 0.004849	 0.000061	 0.003061	 0.000132	3.047059	 2.600028	 0.039275	 0.336941	 0.046044
625	 0.009460	 0.004618	 0.000066	 0.004675	 0.000063	3.056519	 2.604646	 0.039341	 0.341616	 0.046107
626	 0.007159	 0.004377	 0.000066	 0.002544	 0.000131	3.063678	 2.609023	 0.039407	 0.344160	 0.046238
627	 0.010611	 0.004461	 0.000077	 0.005865	 0.000137	3.074289	 2.613484	 0.039484	 0.350025	 0.046375
628	 0.008305	 0.005547	 0.000059	 0.002527	 0.000132	3.082594	 2.619031	 0.039543	 0.352552	 0.046507
629	 0.006217	 0.004525	 0.000055	 0.001534	 0.000064	3.088811	 2.623556	 0.039598	 0.354086	 0.046571
630	 0.007986	 0.005455	 0.000076	 0.002280	 0.000132	3.096797	 2.629011	 0.039674	 0.356366	 0.046703
631	 0.010071	 0.005188	 0.000049	 0.004735	 0.000063	3.106868	 2.634199	 0.039723	 0.361101	 0.046766
632	 0.007390	 0.004748	 0.000077	 0.002382	 0.000139	3.114258	 2.638947	 0.039800	 0.363483	 0.046905
633	 0.007056	 0.004481	 0.000032	 0.002439	 0.000065	3.121314	 2.643428	 0.039832	 0.365922	 0.046970
634	 0.010856	 0.004962	 0.000058	 0.005666	 0.000131	3.132170	 2.648390	 0.039890	 0.371588	 0.047101
635	 0.006062	 0.004632	 0.000058	 0.001278	 0.000061	3.138232	 2.653022	 0.039948	 0.372866	 0.047162
636	 0.008956	 0.004593	 0.000094	 0.004086	 0.000134	3.147188	 2.657615	 0.040042	 0.376952	 0.047296
637	 0.006350	 0.004587	 0.000040	 0.001588	 0.000068	3.153538	 2.662202	 0.040082	 0.378540	 0.047364
638	 0.006315	 0.004718	 0.000055	 0.001445	 0.000063	3.159853	 2.666920	 0.040137	 0.379985	 0.047427
639	 0.005856	 0.004656	 0.000072	 0.000956	 0.000132	3.165709	 2.671576	 0.040209	 0.380941	 0.047559
640	 0.004706	 0.003567	 0.000048	 0.000972	 0.000064	3.170415	 2.675143	 0.040257	 0.381913	 0.047623
641	 0.005508	 0.004373	 0.000058	 0.000912	 0.000130	3.175923	 2.679516	 0.040315	 0.382825	 0.047753
642	 0.005115	 0.004002	 0.000030	 0.000985	 0.000063	3.181038	 2.683518	 0.040345	 0.383810	 0.047816
643	 0.005742	 0.004245	 0.000056	 0.001271	 0.000131	3.186780	 2.687763	 0.040401	 0.385081	 0.047947
644	 0.004925	 0.003767	 0.000034	 0.001025	 0.000062	3.191705	 2.691530	 0.040435	 0.386106	 0.048009
645	 0.005852	 0.004137	 0.000054	 0.001481	 0.000129	3.197557	 2.695667	 0.040489	 0.387587	 0.048138
646	 0.005201	 0.004153	 0.000049	 0.000904	 0.000062	3.202758	 2.699820	 0.040538	 0.388491	 0.048200
647	 0.005924	 0.004415	 0.000079	 0.001267	 0.000131	3.208682	 2.704235	 0.040617	 0.389758	 0.048331
648	 0.005842	 0.004785	 0.000046	 0.000916	 0.000064	3.214524	 2.709020	 0.040663	 0.390674	 0.048395
649	 0.006033	 0.004269	 0.000076	 0.001519	 0.000133	3.220557	 2.713289	 0.040739	 0.392193	 0.048528
650	 0.005410	 0.003948	 0.000059	 0.001299	 0.000066	3.225967	 2.717237	 0.040798	 0.393492	 0.048594
651	 0.005696	 0.004175	 0.000061	 0.001288	 0.000133	3.231663	 2.721412	 0.040859	 0.394780	 0.048727
652	 0.006046	 0.004116	 0.000033	 0.001794	 0.000063	3.237709	 2.725528	 0.040892	 0.396574	 0.048790
653	 0.005555	 0.003992	 0.000063	 0.001314	 0.000136	3.243264	 2.729520	 0.040955	 0.397888	 0.048926
654	 0.005649	 0.003984	 0.000057	 0.001512	 0.000062	3.248913	 2.733504	 0.041012	 0.399400	 0.048988
655	 0.005563	 0.004383	 0.000080	 0.000930	 0.000134	3.254476	 2.737887	 0.041092	 0.400330	 0.049122
656	 0.006356	 0.004398	 0.000053	 0.001807	 0.000063	3.260832	 2.742285	 0.041145	 0.402137	 0.049185
657	 0.006520	 0.005248	 0.000076	 0.001016	 0.000137	3.267352	 2.747533	 0.041221	 0.403153	 0.049322
658	 0.006023	 0.004358	 0.000045	 0.001509	 0.000068	3.273375	 2.751891	 0.041266	 0.404662	 0.049390
659	 0.005574	 0.004358	 0.000055	 0.000995	 0.000132	3.278949	 2.756249	 0.041321	 0.405657	 0.049522
660	 0.006239	 0.004557	 0.000063	 0.001524	 0.000065	3.285188	 2.760806	 0.041384	 0.407181	 0.049587
661	 0.006237	 0.004379	 0.000058	 0.001634	 0.000130	3.291425	 2.765185	 0.041442	 0.408815	 0.049717
662	 0.006066	 0.004942	 0.000048	 0.000974	 0.000063	3.297491	 2.770127	 0.041490	 0.409789	 0.049780
663	 0.006033	 0.004172	 0.000071	 0.001625	 0.000130	3.303524	 2.774299	 0.041561	 0.411414	 0.049910
664	 0.005767	 0.004395	 0.000043	 0.001228	 0.000062	3.309291	 2.778694	 0.041604	 0.412642	 0.049972
665	 0.006619	 0.004875	 0.000072	 0.001475	 0.000147	3.315910	 2.783569	 0.041676	 0.414117	 0.050119
666	 0.005927	 0.004185	 0.000066	 0.001562	 0.000068	3.321837	 2.787754	 0.041742	 0.415679	 0.050187
667	 0.006793	 0.004588	 0.000073	 0.001960	 0.000131	3.328630	 2.792342	 0.041815	 0.417639	 0.050318
668	 0.007389	 0.004798	 0.000049	 0.002445	 0.000064	3.336019	 2.797140	 0.041864	 0.420084	 0.050382
669	 0.005901	 0.004240	 0.000077	 0.001403	 0.000142	3.341920	 2.801380	 0.041941	 0.421487	 0.050524
670	 0.005935	 0.004270	 0.000032	 0.001537	 0.000065	3.347855	 2.805650	 0.041973	 0.423024	 0.050589
671	 0.006906	 0.004955	 0.000054	 0.001727	 0.000131	3.354761	 2.810605	 0.042027	 0.424751	 0.050720
672	 0.006400	 0.004384	 0.000050	 0.001867	 0.000064	3.361161	 2.814989	 0.042077	 0.426618	 0.050784
673	 0.007376	 0.004668	 0.000071	 0.002469	 0.000132	3.368537	 2.819657	 0.042148	 0.429087	 0.050916
674	 0.007230	 0.004324	 0.000033	 0.002775	 0.000064	3.375767	 2.823981	 0.042181	 0.431862	 0.050980
675	 0.006619	 0.004831	 0.000055	 0.001563	 0.000132	3.382386	 2.828812	 0.042236	 0.433425	 0.051112
676	 0.006654	 0.005535	 0.000046	 0.000977	 0.000063	3.389040	 2.834347	 0.042282	 0.434402	 0.051175
677	 0.007653	 0.004870	 0.000096	 0.002478	 0.000169	3.396693	 2.839217	 0.042378	 0.436880	 0.051344
678	 0.009475	 0.004890	 0.000043	 0.004422	 0.000069	3.406168	 2.844107	 0.042421	 0.441302	 0.051413
679	 0.006059	 0.004545	 0.000057	 0.001288	 0.000132	3.412227	 2.848652	 0.042478	 0.442590	 0.051545
680	 0.008875	 0.004964	 0.000062	 0.003742	 0.000065	3.421102	 2.853616	 0.042540	 0.446332	 0.051610
681	 0.006158	 0.003980	 0.000085	 0.001910	 0.000137	3.427260	 2.857596	 0.042625	 0.448242	 0.051747
682	 0.006626	 0.005095	 0.000049	 0.001378	 0.000066	3.433886	 2.862691	 0.042674	 0.449620	 0.051813
683	 0.007176	 0.004616	 0.000065	 0.002316	 0.000134	3.441062	 2.867307	 0.042739	 0.451936	 0.051947
684	 0.011918	 0.004967	 0.000046	 0.006781	 0.000073	3.452980	 2.872274	 0.042785	 0.458717	 0.052020
685	 0.006240	 0.004282	 0.000091	 0.001683	 0.000140	3.459220	 2.876556	 0.042876	 0.460400	 0.052160
686	 0.008366	 0.004736	 0.000049	 0.003478	 0.000065	3.467586	 2.881292	 0.042925	 0.463878	 0.052225
687	 0.008014	 0.004611	 0.000076	 0.003156	 0.000135	3.475600	 2.885903	 0.043001	 0.467034	 0.052360
688	 0.010761	 0.004886	 0.000040	 0.005715	 0.000078	3.486361	 2.890789	 0.043041	 0.472749	 0.052438
689	 0.005810	 0.003876	 0.000108	 0.001627	 0.000148	3.492171	 2.894665	 0.043149	 0.474376	 0.052586
690	 0.007507	 0.004216	 0.000035	 0.003142	 0.000076	3.499678	 2.898881	 0.043184	 0.477518	 0.052662
691	 0.007214	 0.003724	 0.000091	 0.003207	 0.000155	3.506892	 2.902605	 0.043275	 0.480725	 0.052817
692	 0.005928	 0.004146	 0.000049	 0.001627	 0.000074	3.512820	 2.906751	 0.043324	 0.482352	 0.052891
693	 0.008064	 0.004026	 0.000062	 0.003798	 0.000143	3.520884	 2.910777	 0.043386	 0.486150	 0.053034
694	 0.007982	 0.004664	 0.000032	 0.003182	 0.000072	3.528866	 2.915441	 0.043418	 0.489332	 0.053106
695	 0.007906	 0.003845	 0.000060	 0.003816	 0.000145	3.536772	 2.919286	 0.043478	 0.493148	 0.053251
696	 0.006897	 0.004126	 0.000055	 0.002597	 0.000083	3.543669	 2.923412	 0.043533	 0.495745	 0.053334
697	 0.010208	 0.004039	 0.000087	 0.005895	 0.000146	3.553877	 2.927451	 0.043620	 0.501640	 0.053480
698	 0.009073	 0.005025	 0.000044	 0.003883	 0.000081	3.562950	 2.932476	 0.043664	 0.505523	 0.053561
699	 0.015180	 0.003847	 0.000155	 0.010862	 0.000252	3.578130	 2.936323	 0.043819	 0.516385	 0.053813
700	 0.007016	 0.003673	 0.000034	 0.003199	 0.000074	3.585146	 2.939996	 0.043853	 0.519584	 0.053887
701	 0.012781	 0.004148	 0.000119	 0.008295	 0.000161	3.597927	 2.944144	 0.043972	 0.527879	 0.054048
702	 0.013292	 0.004180	 0.000047	 0.008924	 0.000073	3.611219	 2.948324	 0.044019	 0.536803	 0.054121
703	 0.009727	 0.004964	 0.000061	 0.004518	 0.000144	3.620946	 2.953288	 0.044080	 0.541321	 0.054265
704	 0.016909	 0.004186	 0.000063	 0.012518	 0.000088	3.637855	 2.957474	 0.044143	 0.553839	 0.054353
705	 0.012629	 0.004624	 0.000062	 0.007755	 0.000144	3.650484	 2.962098	 0.044205	 0.561594	 0.054497
706	 0.012576	 0.004300	 0.000109	 0.007972	 0.000135	3.663060	 2.966398	 0.044314	 0.569566	 0.054632
707	 0.015441	 0.004482	 0.000077	 0.010700	 0.000143	3.678501	 2.970880	 0.044391	 0.580266	 0.054775
