Here are the duals for batch0
-3.102157
-47.009941
-498.000000
-498.000000
-498.000000
-0.000000
0.000000
0.000001
48.451474
499.120071
476.249104
402.919356
500.000000
500.000000
500.000000
500.000000
500.000000
500.000000
0.000000
0.000000
0.000000
0.000000
0.000000
0.000000
0.000000
0.000000
0.000000
0.000000
0.000000
0.000000
0.000000
0.000000
0.000000
0.000000
0.000000
0.000000
0.000000
0.000000
0.000000
0.000000
0.000000
0.000000
0.000000
0.000000
0.000000
0.000000
0.000000
0.000000
0.000000
0.000000
1.000000
Here are the dual slacks for batch0
5.602189
0.000000
0.000000
49.127717
0.000000
500.120071
500.120071
403.919356
500.500000
477.249104
-0.000000
-0.000000
0.000000
0.000000
0.000000
0.000000
500.000000
-0.000000
-0.000000
-0.000000
-0.000000
-0.000000
0.000000
0.000000
0.000000
0.000000
0.000000
0.000000
0.000000
0.000000
